ClientError: Thu Jan 9 18:22:46 GMT+0300 2020 [CRITICAL] [salon] *Uncaught Error* ErrorId: 1009 ErrorName: TypeError ErrorMessage:Error #1009 ErrorStackTrace:TypeError: Error #1009
	at _-0eV::RoomMemberContainer/addAvatar()
	at _-PQ::BaseRoomScreen/addAvatar()
	at _-PQ::BaseRoomScreen/onRefreshAvatar()
	at flash.events::EventDispatcher/dispatchEvent()
	at _-2CM::BaseRoomNetManager/onRefreshAvatar()
	at flash.events::EventDispatcher/dispatchEvent()
	at ags::_-2t/_-2dI()
	at flash.events::EventDispatcher/dispatchEvent()
	at _-0en::_-0O8/_-1LF()
	at _-0en::_-0O8/execute()
	at ags::AGSClient/_-0i9()
	at ags::AGSClient/_-2ZF()
	at ags::AGSClient/_-2Ea()
Thu Jan 9 18:22:46 GMT+0300 2020 [INFO] Server said: 34: ["o.r.ra", {plr: {uid: "945", pf: {pf: {jntr: {tp: "jntr", l: 20, pgs: 0}, phtghr: {tp: "phtghr", l: 20, pgs: 0}, vsgst: {tp: "vsgst", l: 20, pgs: 0}, grdnr: {tp: "grdnr", l: 20, pgs: 0}}}, apprnc: {brc: 1, mt: 7, ec: 5, bt: 0, sc: 4, hc: 7, g: 1, rc: 1, pc: 1, shc: 1, sh: 0, ssc: 1, fac: 1, mc: 2, rg: 0, nct: 0, ht: 89, ss: 0, n: "Senya", pt: 0, bc: 1, et: 14, fft: 0, fat: 0, brt: 7}, usrinf: {rl: 0}, mbm: {sk: "blackMobileSkin", ac: null}, ci: {crt: 18, gdc: 0, eml: null, lgt: 0, trcd: 0, actrd: 0, sbrt: 0, ysct: 0, sbid: null, shousd: false, vexp: 1965298000, fak: null, exp: 85800, shcr: true, plcmt: {}, vip: true, vsact: true, gtrfrd: 0, vsexp: 1965298000, lvt: 1578582974, vret: 0, strfrd: 0, as: null, crst: 0, lrnt: 0, vfgc: 0, rtrtm: 0, pamns: {amn: []}, fexp: 0, ceid: 0, kyktid: null, skid: null, cmid: 0, actrt: 0, lwts: 0, ys: 0, hrt: 174, dr: true, compid: 0, bcld: 0, spp: 0, actrp: 0, skrt: 0, rpt: 0, trid: null, tts: null}, clths: {clths: [{tpid: "boyShirt14", clid: null}, {tpid: "boyShoes8", clid: null}, {tpid: "boyPants10", clid: null}]}, locinfo: {l: "salon_sn1_1", st: 0, shlc: true, d: 4, y: 1.5, s: "127.0.0.1", x: 15.5, pl: "", at: ""}}}]
Thu Jan 9 18:22:44 GMT+0300 2020 [INFO] Client said: 34: ["salon_sn1_1", "o.r.info", {rid: "sn1"}]
Thu Jan 9 18:22:44 GMT+0300 2020 [INFO] Server said: 34: ["o.gr", {rid: "salon_sn1_1"}]
Thu Jan 9 18:22:44 GMT+0300 2020 [INFO] Server said: 16: ["salon_sn1_1", "475"]
Thu Jan 9 18:22:44 GMT+0300 2020 [INFO] Server said: 34: ["o.r.jn", {plr: {uid: "475", pf: {pf: {jntr: {tp: "jntr", l: 20, pgs: 0}, phtghr: {tp: "phtghr", l: 20, pgs: 0}, vsgst: {tp: "vsgst", l: 20, pgs: 0}, grdnr: {tp: "grdnr", l: 20, pgs: 0}}}, apprnc: {brc: 5, mt: 1, ec: 2, bt: 0, sc: 3, hc: 7, g: 1, rc: 1, pc: 1, shc: 1, sh: 0, ssc: 1, fac: 1, mc: 3, rg: 0, nct: 0, ht: 82, ss: 0, n: "Дима", pt: 0, bc: 1, et: 1, fft: 0, fat: 0, brt: 4}, usrinf: {rl: 0}, mbm: {sk: "blackMobileSkin", ac: null}, ci: {crt: 613, gdc: 0, eml: null, lgt: 0, trcd: 0, actrd: 0, sbrt: 0, ysct: 0, sbid: null, shousd: false, vexp: 1965298000, fak: null, exp: 85800, shcr: true, plcmt: {}, vip: true, vsact: true, gtrfrd: 0, vsexp: 1965298000, lvt: 1578583349, vret: 0, strfrd: 0, as: null, crst: 0, lrnt: 0, vfgc: 0, rtrtm: 0, pamns: {amn: []}, fexp: 0, ceid: 0, kyktid: null, skid: null, cmid: 0, actrt: 0, lwts: 0, ys: 0, hrt: 174, dr: true, compid: 0, bcld: 0, spp: 0, actrp: 0, skrt: 0, rpt: 0, trid: null, tts: null}, clths: {clths: [{tpid: "boyPntsNY20Nght", clid: null}, {tpid: "boyShrtNY20Emr", clid: null}, {tpid: "boyBtsWnt19Yllw", clid: null}]}, locinfo: {l: "salon_sn1_1", st: 0, shlc: true, d: 4, y: -1, s: "127.0.0.1", x: -1, pl: "", at: ""}}}]
Thu Jan 9 18:22:36 GMT+0300 2020 [INFO] Server said: 34: ["o.r.u", {x: 15.5, st: 0, uid: "382", d: 4, y: 1.5}]
Thu Jan 9 18:22:29 GMT+0300 2020 [INFO] Client said: 34: [null, "o.gr", {gid: "sn1", lid: "salon"}]
Thu Jan 9 18:22:29 GMT+0300 2020 [INFO] Server said: 1: ["475", true, false, false]
Thu Jan 9 18:22:19 GMT+0300 2020 [INFO] Client said: 1: ["street", "475", "StqrKQdwUJbREZJSYsaG", {clvrn: "84.0.4", v: 2}]
Thu Jan 9 18:22:18 GMT+0300 2020 [INFO] Client said: 2: []
Thu Jan 9 18:22:18 GMT+0300 2020 [INFO] Loaded  LoadingItem(url: http://62.113.113.58:8080/files/swf/Salon_1fe14ef0cdf189794ef74d591993d3f5.swf, status: 2) 
Thu Jan 9 18:22:00 GMT+0300 2020 [INFO] Client said: 17: ["house_475_livingroom"]
Thu Jan 9 18:21:50 GMT+0300 2020 [INFO] Client said: 34: ["house_475_livingroom", "h.r.u", {uid: "475", st: 23, d: 0, y: 6.09, x: 11.5, at: ""}]
Thu Jan 9 18:21:45 GMT+0300 2020 [INFO] Client said: 34: ["house_475_livingroom", "h.r.m", {uid: "475", sx: 2.27, sy: 9.73, dx: 11.5, dy: 6.09}]
Thu Jan 9 18:21:45 GMT+0300 2020 [INFO] Client said: 34: ["house_475_livingroom", "h.r.m", {uid: "475", sx: 1.42, sy: 10.58, dx: 11.5, dy: 5.02}]
Thu Jan 9 18:21:44 GMT+0300 2020 [INFO] Client said: 34: ["house_475_livingroom", "h.r.m", {uid: "475", sx: 0.5, sy: 11.5, dx: 11.5, dy: 3.45}]
Thu Jan 9 18:21:44 GMT+0300 2020 [INFO] Server said: 34: ["h.r.ra", {plr: {uid: "475", pf: {pf: {jntr: {tp: "jntr", l: 20, pgs: 0}, phtghr: {tp: "phtghr", l: 20, pgs: 0}, vsgst: {tp: "vsgst", l: 20, pgs: 0}, grdnr: {tp: "grdnr", l: 20, pgs: 0}}}, apprnc: {brc: 5, mt: 1, ec: 2, bt: 0, sc: 3, hc: 7, g: 1, rc: 1, pc: 1, shc: 1, sh: 0, ssc: 1, fac: 1, mc: 3, rg: 0, nct: 0, ht: 82, ss: 0, n: "Дима", pt: 0, bc: 1, et: 1, fft: 0, fat: 0, brt: 4}, usrinf: {rl: 0}, mbm: {sk: "blackMobileSkin", ac: null}, ci: {crt: 613, gdc: 0, eml: null, lgt: 0, trcd: 0, actrd: 0, sbrt: 0, ysct: 0, sbid: null, shousd: false, vexp: 1965298000, fak: null, exp: 85800, shcr: true, plcmt: {}, vip: true, vsact: true, gtrfrd: 0, vsexp: 1965298000, lvt: 1578582673, vret: 0, strfrd: 0, as: null, crst: 0, lrnt: 0, vfgc: 0, rtrtm: 0, pamns: {amn: []}, fexp: 0, ceid: 0, kyktid: null, skid: null, cmid: 0, actrt: 0, lwts: 0, ys: 0, hrt: 174, dr: true, compid: 0, bcld: 0, spp: 0, actrp: 0, skrt: 0, rpt: 0, trid: null, tts: null}, clths: {clths: [{tpid: "boyPntsNY20Nght", clid: null}, {tpid: "boyShrtNY20Emr", clid: null}, {tpid: "boyBtsWnt19Yllw", clid: null}]}, locinfo: {l: "house_475_livingroom", st: 23, shlc: true, d: 4, y: 11.5, s: "127.0.0.1", x: 0.5, pl: "", at: ""}}}]
Thu Jan 9 18:21:42 GMT+0300 2020 [INFO] Client said: 34: ["house_475_livingroom", "h.r.ra", {}]
Thu Jan 9 18:21:42 GMT+0300 2020 [INFO] Server said: 34: ["a.clths.buy", {inv: {c: {lt: {it: [], id: "lt"}, frn: {it: [], id: "frn"}, act: {it: [], id: "act"}, cls: {it: [{c: 1, iid: "", tid: "boyUnderdress1"}, {c: 1, iid: "", tid: "boyShirt14"}, {c: 1, iid: "", tid: "boyShoes8"}, {c: 1, iid: "", tid: "boyPants10"}], id: "cls"}, gm: {it: [{c: 1, iid: "", tid: "blackMobileSkin"}], id: "gm"}}}, crt: 613, res: {enrg: 500, gld: 1498, slvr: 100, emd: 0}, clths: {clths: [{tpid: "boyPntsNY20Nght", clid: null}, {tpid: "boyShrtNY20Emr", clid: null}, {tpid: "boyBtsWnt19Yllw", clid: null}]}, ccltn: {ctp: "casual", cct: ["boyPntsNY20Nght", "boyShrtNY20Emr", "boyBtsWnt19Yllw"], cn: ""}}]
Thu Jan 9 18:21:38 GMT+0300 2020 [INFO] Client said: 34: [null, "a.clths.buy", {pind: 1, ctp: "casual", tpid: "boyPntsNY20Nght"}]
Thu Jan 9 18:21:23 GMT+0300 2020 [INFO] Server said: 34: ["h.r.ra", {plr: {uid: "475", pf: {pf: {jntr: {tp: "jntr", l: 20, pgs: 0}, phtghr: {tp: "phtghr", l: 20, pgs: 0}, vsgst: {tp: "vsgst", l: 20, pgs: 0}, grdnr: {tp: "grdnr", l: 20, pgs: 0}}}, apprnc: {brc: 5, mt: 1, ec: 2, bt: 0, sc: 3, hc: 7, g: 1, rc: 1, pc: 1, shc: 1, sh: 0, ssc: 1, fac: 1, mc: 3, rg: 0, nct: 0, ht: 82, ss: 0, n: "Дима", pt: 0, bc: 1, et: 1, fft: 0, fat: 0, brt: 4}, usrinf: {rl: 0}, mbm: {sk: "blackMobileSkin", ac: null}, ci: {crt: 373, gdc: 0, eml: null, lgt: 0, trcd: 0, actrd: 0, sbrt: 0, ysct: 0, sbid: null, shousd: false, vexp: 1965298000, fak: null, exp: 85800, shcr: true, plcmt: {}, vip: true, vsact: true, gtrfrd: 0, vsexp: 1965298000, lvt: 1578582673, vret: 0, strfrd: 0, as: null, crst: 0, lrnt: 0, vfgc: 0, rtrtm: 0, pamns: {amn: []}, fexp: 0, ceid: 0, kyktid: null, skid: null, cmid: 0, actrt: 0, lwts: 0, ys: 0, hrt: 174, dr: true, compid: 0, bcld: 0, spp: 0, actrp: 0, skrt: 0, rpt: 0, trid: null, tts: null}, clths: {clths: [{tpid: "boyShrtNY20Emr", clid: null}, {tpid: "boyPants10", clid: null}, {tpid: "boyBtsWnt19Yllw", clid: null}]}, locinfo: {l: "house_475_livingroom", st: 23, shlc: true, d: 4, y: 11.5, s: "127.0.0.1", x: 0.5, pl: "", at: ""}}}]
Thu Jan 9 18:21:20 GMT+0300 2020 [INFO] Client said: 34: ["house_475_livingroom", "h.r.ra", {}]
Thu Jan 9 18:21:20 GMT+0300 2020 [INFO] Server said: 34: ["a.clths.buy", {inv: {c: {lt: {it: [], id: "lt"}, frn: {it: [], id: "frn"}, act: {it: [], id: "act"}, cls: {it: [{c: 1, iid: "", tid: "boyUnderdress1"}, {c: 1, iid: "", tid: "boyShirt14"}, {c: 1, iid: "", tid: "boyShoes8"}], id: "cls"}, gm: {it: [{c: 1, iid: "", tid: "blackMobileSkin"}], id: "gm"}}}, crt: 373, res: {enrg: 500, gld: 1578, slvr: 100, emd: 0}, clths: {clths: [{tpid: "boyShrtNY20Emr", clid: null}, {tpid: "boyPants10", clid: null}, {tpid: "boyBtsWnt19Yllw", clid: null}]}, ccltn: {ctp: "casual", cct: ["boyShrtNY20Emr", "boyPants10", "boyBtsWnt19Yllw"], cn: ""}}]
Thu Jan 9 18:21:14 GMT+0300 2020 [INFO] Client said: 34: [null, "a.clths.buy", {pind: 1, ctp: "casual", tpid: "boyBtsWnt19Yllw"}]
Thu Jan 9 18:20:47 GMT+0300 2020 [INFO] Server said: 34: ["h.r.ra", {plr: {uid: "475", pf: {pf: {jntr: {tp: "jntr", l: 20, pgs: 0}, phtghr: {tp: "phtghr", l: 20, pgs: 0}, vsgst: {tp: "vsgst", l: 20, pgs: 0}, grdnr: {tp: "grdnr", l: 20, pgs: 0}}}, apprnc: {brc: 5, mt: 1, ec: 2, bt: 0, sc: 3, hc: 7, g: 1, rc: 1, pc: 1, shc: 1, sh: 0, ssc: 1, fac: 1, mc: 3, rg: 0, nct: 0, ht: 82, ss: 0, n: "Дима", pt: 0, bc: 1, et: 1, fft: 0, fat: 0, brt: 4}, usrinf: {rl: 0}, mbm: {sk: "blackMobileSkin", ac: null}, ci: {crt: 318, gdc: 0, eml: null, lgt: 0, trcd: 0, actrd: 0, sbrt: 0, ysct: 0, sbid: null, shousd: false, vexp: 1965298000, fak: null, exp: 85800, shcr: true, plcmt: {}, vip: true, vsact: true, gtrfrd: 0, vsexp: 1965298000, lvt: 1578582673, vret: 0, strfrd: 0, as: null, crst: 0, lrnt: 0, vfgc: 0, rtrtm: 0, pamns: {amn: []}, fexp: 0, ceid: 0, kyktid: null, skid: null, cmid: 0, actrt: 0, lwts: 0, ys: 0, hrt: 174, dr: true, compid: 0, bcld: 0, spp: 0, actrp: 0, skrt: 0, rpt: 0, trid: null, tts: null}, clths: {clths: [{tpid: "boyShrtNY20Emr", clid: null}, {tpid: "boyShoes8", clid: null}, {tpid: "boyPants10", clid: null}]}, locinfo: {l: "house_475_livingroom", st: 23, shlc: true, d: 4, y: 11.5, s: "127.0.0.1", x: 0.5, pl: "", at: ""}}}]
Thu Jan 9 18:20:45 GMT+0300 2020 [INFO] Client said: 34: ["house_475_livingroom", "h.r.ra", {}]
Thu Jan 9 18:20:45 GMT+0300 2020 [INFO] Server said: 34: ["a.clths.buy", {inv: {c: {lt: {it: [], id: "lt"}, frn: {it: [], id: "frn"}, act: {it: [], id: "act"}, cls: {it: [{c: 1, iid: "", tid: "boyUnderdress1"}, {c: 1, iid: "", tid: "boyShirt14"}], id: "cls"}, gm: {it: [{c: 1, iid: "", tid: "blackMobileSkin"}], id: "gm"}}}, crt: 318, res: {enrg: 500, gld: 1600, slvr: 100, emd: 0}, clths: {clths: [{tpid: "boyShrtNY20Emr", clid: null}, {tpid: "boyShoes8", clid: null}, {tpid: "boyPants10", clid: null}]}, ccltn: {ctp: "casual", cct: ["boyShrtNY20Emr", "boyShoes8", "boyPants10"], cn: ""}}]
Thu Jan 9 18:20:42 GMT+0300 2020 [INFO] Client said: 34: [null, "a.clths.buy", {pind: 2, ctp: "casual", tpid: "boyShrtNY20Emr"}]
Thu Jan 9 18:20:22 GMT+0300 2020 [INFO] Client said: 34: ["house_475_livingroom", "h.r.u", {uid: "475", st: 23, d: 5, y: 11.5, x: 0.5, at: ""}]
Thu Jan 9 18:20:17 GMT+0300 2020 [INFO] Client said: 34: ["house_475_livingroom", "h.r.m", {uid: "475", sx: 8.82, sy: 0.87, dx: 0.5, dy: 11.5}]
Thu Jan 9 18:20:14 GMT+0300 2020 [INFO] Client said: 34: ["house_475_livingroom", "h.r.m", {uid: "475", sx: 4.05, sy: 0.1, dx: 11.5, dy: 2.39}]
Thu Jan 9 18:19:57 GMT+0300 2020 [INFO] Server said: 34: ["b.ingld", {ingld: 1500}]
Thu Jan 9 18:19:56 GMT+0300 2020 [INFO] Server said: 34: ["ntf.res", {res: {enrg: 500, gld: 1600, slvr: 10000, emd: 0}}]
Thu Jan 9 18:19:56 GMT+0300 2020 [INFO] [YandexMetrics.reachGoal] Call reach goal 'click_buy_product' for counter 31321471
Thu Jan 9 18:19:56 GMT+0300 2020 [INFO] Client said: 34: [null, "b.chkprchs", {prid: "pack1500", qnt: 1, pmnt: null}]
Thu Jan 9 18:19:54 GMT+0300 2020 [INFO] [YandexMetrics.onCounterInit] Yandex metrics counter 31321471 inited
Thu Jan 9 18:19:54 GMT+0300 2020 [INFO] [YandexMetrics.reachGoal] Call reach goal 'show_payment_dialog' for counter 31321471
Thu Jan 9 18:19:52 GMT+0300 2020 [INFO] Server said: 34: ["spt.init", {a: false}]