ClientError: Thu Jan 9 17:56:24 GMT+0300 2020 [CRITICAL] [house] *Uncaught Error* ErrorId: 1009 ErrorName: TypeError ErrorMessage:Error #1009 ErrorStackTrace:TypeError: Error #1009
	at _-371::SupportNetManager/init()
	at _-4I::_-Ss/init()
	at _-Qp::_-1DK/onAddedToStage()
	at _-0qh::UIManager/_-1oS()
	at _-0qh::UIManager/showModal()
	at _-Qp::_-1DK/showModal()
	at _-19Y::TopPanel/_-3oC()
Thu Jan 9 17:56:22 GMT+0300 2020 [INFO] Server said: 34: ["b.inslv", {inslv: 5000}]
Thu Jan 9 17:56:21 GMT+0300 2020 [INFO] Server said: 34: ["ntf.res", {res: {gld: 5900, slvr: 30000, emd: 0, enrg: 500}}]
Thu Jan 9 17:56:21 GMT+0300 2020 [INFO] Client said: 34: [null, "b.bs", {gld: 50}]
Thu Jan 9 17:56:19 GMT+0300 2020 [INFO] Server said: 34: ["b.inslv", {inslv: 5000}]
Thu Jan 9 17:56:17 GMT+0300 2020 [INFO] Server said: 34: ["ntf.res", {res: {gld: 5950, slvr: 25000, emd: 0, enrg: 500}}]
Thu Jan 9 17:56:17 GMT+0300 2020 [INFO] Client said: 34: [null, "b.bs", {gld: 50}]
Thu Jan 9 17:56:14 GMT+0300 2020 [INFO] Server said: 34: ["b.inslv", {inslv: 5000}]
Thu Jan 9 17:56:14 GMT+0300 2020 [INFO] Server said: 34: ["ntf.res", {res: {gld: 6000, slvr: 20000, emd: 0, enrg: 500}}]
Thu Jan 9 17:56:14 GMT+0300 2020 [INFO] Client said: 34: [null, "b.bs", {gld: 50}]
Thu Jan 9 17:56:10 GMT+0300 2020 [INFO] Server said: 34: ["b.inslv", {inslv: 5000}]
Thu Jan 9 17:56:10 GMT+0300 2020 [INFO] Server said: 34: ["ntf.res", {res: {gld: 6050, slvr: 15000, emd: 0, enrg: 500}}]
Thu Jan 9 17:56:10 GMT+0300 2020 [INFO] Client said: 34: [null, "b.bs", {gld: 50}]
Thu Jan 9 17:55:54 GMT+0300 2020 [INFO] [YandexMetrics.onCounterInit] Yandex metrics counter 31321471 inited
Thu Jan 9 17:55:54 GMT+0300 2020 [INFO] [YandexMetrics.reachGoal] Call reach goal 'click_buy_product' for counter 31321471
Thu Jan 9 17:55:50 GMT+0300 2020 [INFO] Server said: 34: ["b.ingld", {ingld: 1500}]
Thu Jan 9 17:55:50 GMT+0300 2020 [INFO] Server said: 34: ["ntf.res", {res: {gld: 6100, slvr: 10000, emd: 0, enrg: 500}}]
Thu Jan 9 17:55:50 GMT+0300 2020 [INFO] [YandexMetrics.initCounter] Try to init Yandex metrics counter 31321471
Thu Jan 9 17:55:49 GMT+0300 2020 [INFO] Client said: 34: [null, "b.chkprchs", {pmnt: null, qnt: 1, prid: "pack1500"}]