ClientError: Thu Jan 9 18:16:15 GMT+0300 2020 [CRITICAL] [house] *Uncaught Error* ErrorId: 1010 ErrorName: TypeError ErrorMessage:Error #1010 ErrorStackTrace:TypeError: Error #1010
	at _-1u9::URL/parse()
	at _-1u9::URL()
	at _-18R::LoadingItem()
	at _-18R::SWFLoadingItem()
	at _-0bS::MassLoader/add()
	at _-0bS::MassLoader/_-2R5()
	at flash.events::EventDispatcher/dispatchEvent()
	at _-18R::LoadingItem/_-1Iu()
	at _-18R::LoadingItem/onError()
	at _-18R::SWFLoadingItem/onError()
	at flash.events::EventDispatcher/dispatchEvent()
	at flash.net::URLLoader/onComplete()
Thu Jan 9 18:15:41 GMT+0300 2020 [INFO] Client said: 34: ["house_647_livingroom", "h.r.u", {uid: "647", y: 3.02, at: "", st: 23, x: 4.64, d: 0}]
Thu Jan 9 18:15:41 GMT+0300 2020 [INFO] Client said: 34: ["house_647_livingroom", "h.r.m", {uid: "647", sx: 5.11, sy: 2.61, dy: 3.02, dx: 4.64}]
Thu Jan 9 18:15:40 GMT+0300 2020 [INFO] Client said: 34: ["house_647_livingroom", "h.r.u", {uid: "647", y: 2.61, at: "", st: 23, x: 5.11, d: 3}]
Thu Jan 9 18:15:39 GMT+0300 2020 [INFO] Client said: 34: ["house_647_livingroom", "h.r.m", {uid: "647", sx: 4.05, sy: 0.87, dy: 2.61, dx: 5.11}]
Thu Jan 9 18:15:38 GMT+0300 2020 [INFO] Client said: 34: ["house_647_livingroom", "h.r.m", {uid: "647", sx: 4.05, sy: 0.1, dy: 4.8, dx: 3.36}]
Thu Jan 9 18:15:36 GMT+0300 2020 [INFO] Client said: 34: ["house_647_livingroom", "h.r.u", {st: 0, uid: "647", x: 4.05, d: 4, y: 0.1}]
Thu Jan 9 18:15:36 GMT+0300 2020 [INFO] Server said: 34: ["lg.lst", {glst: []}]
Thu Jan 9 18:15:36 GMT+0300 2020 [INFO] Client said: 34: ["house_647_livingroom", "lg.lst", {}]
Thu Jan 9 18:15:36 GMT+0300 2020 [INFO] Server said: 34: ["h.r.info", {evn: null, rm: {lev: 1, id: "livingroom", f: [{lid: 1, d: 3, y: 0, z: 0, x: 0, tpid: "wall15"}, {lid: 4, d: 3, y: 0, z: 0, x: 3, tpid: "door4", rid: "outside"}, {lid: 2, d: 5, y: 0, z: 0, x: 13, tpid: "wall15"}, {lid: 3, d: 5, y: 0, z: 0, x: 0, tpid: "floor4"}], l: 13, w: 13, nm: "#livingRoom"}, rmmb: [{mbm: {ac: null, sk: "blackMobileSkin"}, uid: "647", clths: {clths: [{clid: null, tpid: "girlNY20VKGiftPllvDr"}, {clid: null, tpid: "girlPants9"}, {clid: null, tpid: "girlShoes14"}]}, usrinf: {rl: 0}, apprnc: {fac: 1, hc: 7, rc: 11, brc: 2, bt: 0, ssc: 1, et: 19, g: 2, ss: 0, rg: 1, ec: 20, ht: 124, shc: 1, mt: 31, fat: 0, n: "SOSKKA", brt: 31, fft: 9, sh: 0, nct: 0, mc: 9, pt: 0, sc: 1, bc: 1, pc: 1}, ci: {shcr: true, lgt: 0, exp: 85800, crt: 250, rpt: 0, hrt: 174, skrt: 0, sbid: null, skid: null, ys: 0, vip: true, spp: 0, lwts: 0, kyktid: null, lrnt: 0, sbrt: 0, plcmt: {}, actrt: 0, trid: null, shousd: false, pamns: {amn: []}, actrp: 0, fak: null, vexp: 1965298000, gdc: 0, crst: 0, cmid: 0, vfgc: 0, vsact: true, bcld: 0, tts: null, vret: 0, lvt: 1578582916, ceid: 0, vsexp: 1965298000, as: null, fexp: 0, strfrd: 0, actrd: 0, gtrfrd: 0, compid: 0, eml: null, ysct: 0, rtrtm: 0, dr: true, trcd: 0}, pf: {pf: {jntr: {pgs: 0, l: 20, tp: "jntr"}, phtghr: {pgs: 0, l: 20, tp: "phtghr"}, grdnr: {pgs: 0, l: 20, tp: "grdnr"}, vsgst: {pgs: 0, l: 20, tp: "vsgst"}}}, locinfo: {x: -1, s: "127.0.0.1", y: -1, l: "house_647_livingroom", at: "", st: 0, d: 4, pl: "", shlc: true}}]}]
Thu Jan 9 18:15:32 GMT+0300 2020 [INFO] Client said: 34: ["house_647_livingroom", "h.r.info", {uid: "647", rid: "livingroom"}]
Thu Jan 9 18:15:32 GMT+0300 2020 [INFO] Server said: 34: ["h.gr", {rid: "house_647_livingroom"}]
Thu Jan 9 18:15:32 GMT+0300 2020 [INFO] Server said: 16: ["house_647_livingroom", "647"]
Thu Jan 9 18:15:32 GMT+0300 2020 [INFO] Server said: 34: ["h.r.jn", {plr: {mbm: {ac: null, sk: "blackMobileSkin"}, uid: "647", clths: {clths: [{clid: null, tpid: "girlNY20VKGiftPllvDr"}, {clid: null, tpid: "girlPants9"}, {clid: null, tpid: "girlShoes14"}]}, usrinf: {rl: 0}, apprnc: {fac: 1, hc: 7, rc: 11, brc: 2, bt: 0, ssc: 1, et: 19, g: 2, ss: 0, rg: 1, ec: 20, ht: 124, shc: 1, mt: 31, fat: 0, n: "SOSKKA", brt: 31, fft: 9, sh: 0, nct: 0, mc: 9, pt: 0, sc: 1, bc: 1, pc: 1}, ci: {shcr: true, lgt: 0, exp: 85800, crt: 250, rpt: 0, hrt: 174, skrt: 0, sbid: null, skid: null, ys: 0, vip: true, spp: 0, lwts: 0, kyktid: null, lrnt: 0, sbrt: 0, plcmt: {}, actrt: 0, trid: null, shousd: false, pamns: {amn: []}, actrp: 0, fak: null, vexp: 1965298000, gdc: 0, crst: 0, cmid: 0, vfgc: 0, vsact: true, bcld: 0, tts: null, vret: 0, lvt: 1578582916, ceid: 0, vsexp: 1965298000, as: null, fexp: 0, strfrd: 0, actrd: 0, gtrfrd: 0, compid: 0, eml: null, ysct: 0, rtrtm: 0, dr: true, trcd: 0}, pf: {pf: {jntr: {pgs: 0, l: 20, tp: "jntr"}, phtghr: {pgs: 0, l: 20, tp: "phtghr"}, grdnr: {pgs: 0, l: 20, tp: "grdnr"}, vsgst: {pgs: 0, l: 20, tp: "vsgst"}}}, locinfo: {x: -1, s: "127.0.0.1", y: -1, l: "house_647_livingroom", at: "", st: 0, d: 4, pl: "", shlc: true}}}]
Thu Jan 9 18:15:30 GMT+0300 2020 [INFO] Server said: 34: ["srqst.gtrq", {rqlst: {lapt: {}, rsprlst: {}, shwdt: 0, rlst: {}}}]
Thu Jan 9 18:15:30 GMT+0300 2020 [INFO] Client said: 34: [null, "nws.getglbl", {}]
Thu Jan 9 18:15:30 GMT+0300 2020 [INFO] Server said: 34: ["nws.hasnews", {gnexst: true, gnunr: true}]
Thu Jan 9 18:15:30 GMT+0300 2020 [INFO] Server said: 34: ["cp.cht.gbl", {blcklst: {uids: []}}]
Thu Jan 9 18:15:29 GMT+0300 2020 [INFO] Server said: 34: ["cm.new", {campaigns: [{v: 1, st: 1, id: 643, cil: [{cid: 643, sc: 0, id: 8151, gl: 0, si: 0, tid: "clans"}, {cid: 643, sc: 0, id: 8152, gl: 0, si: 0, tid: "clanRating_off"}], ed: 2442905160000, iu: "", tp: 9}, {v: 1, st: 1, id: 316, cil: [{cid: 316, sc: 0, id: 2514, gl: 0, si: 0, tid: "mobile"}], ed: 1659222000000, iu: "", tp: 9}, {v: 1, st: 2, id: 299, cil: [{cid: 299, sc: 0, id: 2434, gl: 0, si: 0, tid: "fortune2"}], ed: 1919631600000, iu: "", tp: 9}, {v: 1, st: 1, id: 114, cil: [{cid: 114, sc: 0, id: 1110, gl: 0, si: 0, tid: "professions"}, {cid: 114, sc: 0, id: 1111, gl: 0, si: 0, tid: "grdnr"}, {cid: 114, sc: 0, id: 1112, gl: 0, si: 0, tid: "jntr"}, {cid: 114, sc: 0, id: 1577, gl: 0, si: 0, tid: "vsgst"}, {cid: 114, sc: 0, id: 1578, gl: 0, si: 0, tid: "phtghr"}], ed: 1440630000000, iu: "", tp: 9}]}]
Thu Jan 9 18:15:28 GMT+0300 2020 [INFO] Client said: 34: [null, "h.gr", {gid: "647", lid: "house", rid: "livingroom"}]
Thu Jan 9 18:15:28 GMT+0300 2020 [INFO] Client said: 34: [null, "srqst.gtrq", {}]
Thu Jan 9 18:15:28 GMT+0300 2020 [INFO] Server said: 34: ["h.minfo", {plr: {mbm: {ac: null, sk: "blackMobileSkin"}, pf: {pf: {jntr: {pgs: 0, l: 20, tp: "jntr"}, phtghr: {pgs: 0, l: 20, tp: "phtghr"}, grdnr: {pgs: 0, l: 20, tp: "grdnr"}, vsgst: {pgs: 0, l: 20, tp: "vsgst"}}}, usrinf: {rl: 0}, ci: {shcr: true, lgt: 0, exp: 85800, crt: 250, rpt: 0, hrt: 174, skrt: 0, sbid: null, skid: null, ys: 0, vip: true, spp: 0, lwts: 0, kyktid: null, lrnt: 0, sbrt: 0, plcmt: {}, actrt: 0, trid: null, shousd: false, pamns: {amn: []}, actrp: 0, fak: null, vexp: 1965298000, gdc: 0, crst: 0, cmid: 0, vfgc: 0, vsact: true, bcld: 0, tts: null, vret: 0, lvt: 1578582916, ceid: 0, vsexp: 1965298000, as: null, fexp: 0, strfrd: 0, actrd: 0, gtrfrd: 0, compid: 0, eml: null, ysct: 0, rtrtm: 0, dr: true, trcd: 0}, onl: true, hs: {lt: 0, r: [{lev: 2, id: "3", f: [{lid: 1, d: 3, y: 0, z: 0, x: 0, tpid: "wall15"}, {lid: 4, d: 3, y: 0, z: 0, x: 3, tpid: "door4", rid: "outside"}, {lid: 2, d: 5, y: 0, z: 0, x: 13, tpid: "wall15"}, {lid: 3, d: 5, y: 0, z: 0, x: 0, tpid: "floor4"}], l: 13, w: 13, nm: "Комната 3"}, {lev: 2, id: "5", f: [{lid: 1, d: 3, y: 0, z: 0, x: 0, tpid: "wall15"}, {lid: 4, d: 3, y: 0, z: 0, x: 3, tpid: "door4", rid: "outside"}, {lid: 2, d: 5, y: 0, z: 0, x: 13, tpid: "wall15"}, {lid: 3, d: 5, y: 0, z: 0, x: 0, tpid: "floor4"}], l: 13, w: 13, nm: "Комната 5"}, {lev: 2, id: "2", f: [{lid: 1, d: 3, y: 0, z: 0, x: 0, tpid: "wall15"}, {lid: 4, d: 3, y: 0, z: 0, x: 3, tpid: "door4", rid: "outside"}, {lid: 2, d: 5, y: 0, z: 0, x: 13, tpid: "wall15"}, {lid: 3, d: 5, y: 0, z: 0, x: 0, tpid: "floor4"}], l: 13, w: 13, nm: "Комната 2"}, {lev: 2, id: "1", f: [{lid: 1, d: 3, y: 0, z: 0, x: 0, tpid: "wall15"}, {lid: 4, d: 3, y: 0, z: 0, x: 3, tpid: "door4", rid: "outside"}, {lid: 2, d: 5, y: 0, z: 0, x: 13, tpid: "wall15"}, {lid: 3, d: 5, y: 0, z: 0, x: 0, tpid: "floor4"}], l: 13, w: 13, nm: "Комната 1"}, {lev: 1, id: "livingroom", f: [{lid: 1, d: 3, y: 0, z: 0, x: 0, tpid: "wall15"}, {lid: 4, d: 3, y: 0, z: 0, x: 3, tpid: "door4", rid: "outside"}, {lid: 2, d: 5, y: 0, z: 0, x: 13, tpid: "wall15"}, {lid: 3, d: 5, y: 0, z: 0, x: 0, tpid: "floor4"}], l: 13, w: 13, nm: "#livingRoom"}, {lev: 2, id: "4", f: [{lid: 1, d: 3, y: 0, z: 0, x: 0, tpid: "wall15"}, {lid: 4, d: 3, y: 0, z: 0, x: 3, tpid: "door4", rid: "outside"}, {lid: 2, d: 5, y: 0, z: 0, x: 13, tpid: "wall15"}, {lid: 3, d: 5, y: 0, z: 0, x: 0, tpid: "floor4"}], l: 13, w: 13, nm: "Комната 4"}]}, uid: "647", clths: {clths: [{clid: null, tpid: "girlNY20VKGiftPllvDr"}, {clid: null, tpid: "girlPants9"}, {clid: null, tpid: "girlShoes14"}]}, inv: {c: {act: {id: "act", it: []}, cls: {id: "cls", it: [{iid: "", c: 1, tid: "girlUnderdress1"}, {iid: "", c: 1, tid: "girlUnderdress2"}, {iid: "", c: 1, tid: "girlShirt12"}]}, lt: {id: "lt", it: []}, gm: {id: "gm", it: [{iid: "", c: 1, tid: "blackMobileSkin"}]}, frn: {id: "frn", it: []}}}, apprnc: {fac: 1, hc: 7, rc: 11, brc: 2, bt: 0, ssc: 1, et: 19, g: 2, ss: 0, rg: 1, ec: 20, ht: 124, shc: 1, mt: 31, fat: 0, n: "SOSKKA", brt: 31, fft: 9, sh: 0, nct: 0, mc: 9, pt: 0, sc: 1, bc: 1, pc: 1}, res: {emd: 0, enrg: 500, gld: 13040, slvr: 10000}, cs: {cc: "casual", ccltns: {casual: {cct: ["girlNY20VKGiftPllvDr", "girlPants9", "girlShoes14"], cn: "", ctp: "casual"}}}, locinfo: {x: 0, s: "127.0.0.1", y: 0, l: "", at: "", st: 0, d: 4, pl: "", shlc: true}, achc: {ac: {meerkatBear: {aId: "meerkatBear", p: 0, l: 3, nWct: 0}, generous: {aId: "generous", p: 0, l: 3, nWct: 0}, shopaholic: {aId: "shopaholic", p: 0, l: 3, nWct: 0}, carRaceChamp: {aId: "carRaceChamp", p: 0, l: 3, nWct: 0}, pilowChamp: {aId: "pilowChamp", p: 0, l: 3, nWct: 0}, crafter: {aId: "crafter", p: 0, l: 3, nWct: 0}, vip: {aId: "vip", p: 0, l: 3, nWct: 0}, beachRaceChamp: {aId: "beachRaceChamp", p: 0, l: 3, nWct: 0}, subscription: {aId: "subscription", p: 0, l: 3, nWct: 0}, snowboarder: {aId: "snowboarder", p: 0, l: 3, nWct: 0}, workaholic: {aId: "workaholic", p: 0, l: 3, nWct: 0}, magnate: {aId: "magnate", p: 0, l: 3, nWct: 0}, goodFriend: {aId: "goodFriend", p: 0, l: 3, nWct: 0}, activityWinner: {aId: "activityWinner", p: 0, l: 3, nWct: 0}}, tr: {freelanceExchange: {trrt: 0, trcd: 0, trid: "freelanceExchange"}, freelanceJournal: {trrt: 0, trcd: 0, trid: "freelanceJournal"}, stVal2018: {trrt: 0, trcd: 0, trid: "stVal2018"}, springDay2018: {trrt: 0, trcd: 0, trid: "springDay2018"}, halloween2017: {trrt: 0, trcd: 0, trid: "halloween2017"}, freelanceTwitterInstagram: {trrt: 0, trcd: 0, trid: "freelanceTwitterInstagram"}, firstApril16Place5: {trrt: 0, trcd: 0, trid: "firstApril16Place5"}, mittens2020: {trrt: 0, trcd: 0, trid: "mittens2020"}, autumnEvent2019: {trrt: 0, trcd: 0, trid: "autumnEvent2019"}, freelanceVideo: {trrt: 0, trcd: 0, trid: "freelanceVideo"}, yearAvatar: {trrt: 0, trcd: 0, trid: "yearAvatar"}, firstApril2018: {trrt: 0, trcd: 0, trid: "firstApril2018"}, activityPlace3: {trrt: 0, trcd: 0, trid: "activityPlace3"}, familyDay2016: {trrt: 0, trcd: 0, trid: "familyDay2016"}, halloween2016: {trrt: 0, trcd: 0, trid: "halloween2016"}, freelanceSupport: {trrt: 0, trcd: 0, trid: "freelanceSupport"}, freelanceModerator: {trrt: 0, trcd: 0, trid: "freelanceModerator"}, firstApril16Place3: {trrt: 0, trcd: 0, trid: "firstApril16Place3"}, firstApril16Place4: {trrt: 0, trcd: 0, trid: "firstApril16Place4"}, dzo2019: {trrt: 0, trcd: 0, trid: "dzo2019"}, avaBirthdayTrophy2016: {trrt: 0, trcd: 0, trid: "avaBirthdayTrophy2016"}, avatarBirthday: {trrt: 0, trcd: 0, trid: "avatarBirthday"}, firstApril16Place2: {trrt: 0, trcd: 0, trid: "firstApril16Place2"}, firstApril16Place1: {trrt: 0, trcd: 0, trid: "firstApril16Place1"}, newYear2019: {trrt: 0, trcd: 0, trid: "newYear2019"}, activityPlace2: {trrt: 0, trcd: 0, trid: "activityPlace2"}, snowboardPlace3: {trrt: 0, trcd: 0, trid: "snowboardPlace3"}, snowboardPlace2: {trrt: 0, trcd: 0, trid: "snowboardPlace2"}, springDay2017: {trrt: 0, trcd: 0, trid: "springDay2017"}, newYear2017: {trrt: 0, trcd: 0, trid: "newYear2017"}, weddingDay: {trrt: 0, trcd: 0, trid: "weddingDay"}, halloween2018: {trrt: 0, trcd: 0, trid: "halloween2018"}, activityPlace1: {trrt: 0, trcd: 0, trid: "activityPlace1"}, freelanceMicrophone: {trrt: 0, trcd: 0, trid: "freelanceMicrophone"}, newYear2020hero: {trrt: 0, trcd: 0, trid: "newYear2020hero"}, firstApril2019: {trrt: 0, trcd: 0, trid: "firstApril2019"}, snowboardPlace1: {trrt: 0, trcd: 0, trid: "snowboardPlace1"}, freelanceCup: {trrt: 0, trcd: 0, trid: "freelanceCup"}, newYear2018: {trrt: 0, trcd: 0, trid: "newYear2018"}}}}, tm: 1}]
Thu Jan 9 18:15:16 GMT+0300 2020 [INFO] Client said: 34: [null, "h.minfo", {onl: true, tm: 1578582916}]
Thu Jan 9 18:15:16 GMT+0300 2020 [INFO] Server said: 1: ["647", true, false, false]
Thu Jan 9 18:15:12 GMT+0300 2020 [INFO] Client said: 1: ["house", "647", "hRsmJoTKarUNuVoOVrHw", {gdr: 0, lng: null, sid: null, bd: null, ln: null, ctr: 0, nk: null, v: 2, rftp: null, rfid: null, cty: 0, lcl: null, clvrn: "84.0.4", fn: null, pht: null, rd: 0}]
Thu Jan 9 18:15:10 GMT+0300 2020 [INFO] Client said: 2: []
Thu Jan 9 18:15:10 GMT+0300 2020 [INFO] Client said: 17: ["salon_sn1_1"]
Thu Jan 9 18:15:06 GMT+0300 2020 [INFO] Server said: 34: ["b.ingld", {ingld: 1000}]
Thu Jan 9 18:15:06 GMT+0300 2020 [INFO] Server said: 34: ["ntf.res", {res: {emd: 0, enrg: 500, gld: 13040, slvr: 10000}}]
Thu Jan 9 18:15:05 GMT+0300 2020 [INFO] [YandexMetrics.reachGoal] Call reach goal 'click_buy_product' for counter 31321471
Thu Jan 9 18:15:05 GMT+0300 2020 [INFO] Client said: 34: [null, "b.chkprchs", {pmnt: null, prid: "pack1000", qnt: 1}]
Thu Jan 9 18:15:04 GMT+0300 2020 [INFO] [YandexMetrics.reachGoal] Call reach goal 'show_payment_dialog' for counter 31321471
Thu Jan 9 18:15:02 GMT+0300 2020 [INFO] Server said: 34: ["b.ingld", {ingld: 1500}]
Thu Jan 9 18:15:02 GMT+0300 2020 [INFO] Server said: 34: ["ntf.res", {res: {emd: 0, enrg: 500, gld: 12040, slvr: 10000}}]
Thu Jan 9 18:15:01 GMT+0300 2020 [INFO] [YandexMetrics.reachGoal] Call reach goal 'click_buy_product' for counter 31321471
Thu Jan 9 18:15:01 GMT+0300 2020 [INFO] Client said: 34: [null, "b.chkprchs", {pmnt: null, prid: "pack1500", qnt: 1}]
Thu Jan 9 18:15:00 GMT+0300 2020 [INFO] [YandexMetrics.reachGoal] Call reach goal 'show_payment_dialog' for counter 31321471
Thu Jan 9 18:14:58 GMT+0300 2020 [INFO] Server said: 34: ["b.ingld", {ingld: 1500}]
Thu Jan 9 18:14:58 GMT+0300 2020 [INFO] Server said: 34: ["ntf.res", {res: {emd: 0, enrg: 500, gld: 10540, slvr: 10000}}]