ClientError: Thu Jan 9 17:14:01 GMT+0200 2020 [CRITICAL] [house] *Uncaught Error* ErrorId: 1009 ErrorName: TypeError ErrorMessage:Error #1009 ErrorStackTrace:TypeError: Error #1009
	at MethodInfo-2()
	at flash.events::EventDispatcher/dispatchEvent()
	at _-jr::FurnitureLoader/_-2qc()
	at flash.events::EventDispatcher/dispatchEvent()
	at _-0bS::MassLoader/_-4Ql()
	at _-0bS::MassLoader/_-WZ()
	at flash.events::EventDispatcher/dispatchEvent()
	at _-18R::LoadingItem/onComplete()
	at _-18R::SWFLoadingItem/onComplete()
	at MethodInfo-7()
Thu Jan 9 17:14:01 GMT+0200 2020 [INFO] Loaded  LoadingItem(url: http://62.113.113.58:8080/files/swf/furniture/furniture/Dirol15Wardrobe.swf, status: 2) 
Thu Jan 9 17:13:58 GMT+0200 2020 [INFO] [YandexMetrics.reachGoal] Call reach goal 'show_payment_dialog' for counter 31321471
Thu Jan 9 17:13:15 GMT+0200 2020 [INFO] Server said: 34: ["h.r.ra", {plr: {mbm: {ac: null, sk: "blackMobileSkin"}, locinfo: {shlc: true, x: 4.05, at: "", pl: "", y: 0.1, l: "house_388_livingroom", s: "127.0.0.1", st: 0, d: 4}, apprnc: {fat: 0, ec: 5, pt: 0, hc: 7, brc: 1, sc: 1, et: 8, nct: 0, rc: 1, g: 2, ht: 127, rg: 0, fac: 1, bt: 0, pc: 1, ssc: 1, ss: 0, sh: 0, shc: 1, n: "_Caxapok_", bc: 1, brt: 4, mc: 1, mt: 4, fft: 0}, usrinf: {rl: 0}, ci: {sbid: null, actrp: 0, lrnt: 0, skrt: 0, ys: 0, shousd: false, vfgc: 0, vsact: true, sbrt: 0, cmid: 0, actrd: 0, hrt: 174, compid: 0, vsexp: 1965298000, spp: 0, bcld: 0, as: null, skid: null, vret: 0, shcr: true, rtrtm: 0, ysct: 0, rpt: 0, vexp: 1965298000, lgt: 0, trid: null, dr: true, vip: true, eml: null, gdc: 0, lvt: 1578582058, ceid: 0, fexp: 0, crt: 374, tts: null, lwts: 0, exp: 85800, actrt: 0, fak: null, trcd: 0, kyktid: null, strfrd: 0, crst: 0, pamns: {amn: []}, plcmt: {}, gtrfrd: 0}, pf: {pf: {vsgst: {pgs: 0, tp: "vsgst", l: 20}, phtghr: {pgs: 0, tp: "phtghr", l: 20}, jntr: {pgs: 0, tp: "jntr", l: 20}, grdnr: {pgs: 0, tp: "grdnr", l: 20}}}, clths: {clths: [{clid: null, tpid: "girlNY20VKGiftPllvDr"}, {clid: null, tpid: "girlPants9"}, {clid: null, tpid: "girlShoes14"}]}, uid: "388"}}]
Thu Jan 9 17:13:10 GMT+0200 2020 [INFO] Client said: 34: ["house_388_livingroom", "h.r.ra", {}]
Thu Jan 9 17:13:10 GMT+0200 2020 [INFO] Server said: 34: ["a.clths.buy", {inv: {c: {lt: {id: "lt", it: []}, frn: {id: "frn", it: []}, cls: {id: "cls", it: [{c: 1, iid: "", tid: "girlUnderdress1"}, {c: 1, iid: "", tid: "girlUnderdress2"}, {c: 1, iid: "", tid: "girlShirt12"}, {c: 1, iid: "", tid: "girlTShrtEstr19"}, {c: 1, iid: "", tid: "grlTShrtHlw17Csl2"}]}, act: {id: "act", it: []}, gm: {id: "gm", it: [{c: 1, iid: "", tid: "blackMobileSkin"}]}}}, res: {slvr: 3340, emd: 0, gld: 6017, enrg: 500}, crt: 374, ccltn: {cct: ["girlNY20VKGiftPllvDr", "girlPants9", "girlShoes14"], ctp: "casual", cn: ""}, clths: {clths: [{clid: null, tpid: "girlNY20VKGiftPllvDr"}, {clid: null, tpid: "girlPants9"}, {clid: null, tpid: "girlShoes14"}]}}]
Thu Jan 9 17:13:05 GMT+0200 2020 [INFO] Client said: 34: [null, "a.clths.buy", {ctp: "casual", tpid: "girlNY20VKGiftPllvDr", pind: 1}]
Thu Jan 9 17:12:55 GMT+0200 2020 [INFO] Server said: 34: ["h.r.ra", {plr: {mbm: {ac: null, sk: "blackMobileSkin"}, locinfo: {shlc: true, x: 4.05, at: "", pl: "", y: 0.1, l: "house_388_livingroom", s: "127.0.0.1", st: 0, d: 4}, apprnc: {fat: 0, ec: 5, pt: 0, hc: 7, brc: 1, sc: 1, et: 8, nct: 0, rc: 1, g: 2, ht: 127, rg: 0, fac: 1, bt: 0, pc: 1, ssc: 1, ss: 0, sh: 0, shc: 1, n: "_Caxapok_", bc: 1, brt: 4, mc: 1, mt: 4, fft: 0}, usrinf: {rl: 0}, ci: {sbid: null, actrp: 0, lrnt: 0, skrt: 0, ys: 0, shousd: false, vfgc: 0, vsact: true, sbrt: 0, cmid: 0, actrd: 0, hrt: 174, compid: 0, vsexp: 1965298000, spp: 0, bcld: 0, as: null, skid: null, vret: 0, shcr: true, rtrtm: 0, ysct: 0, rpt: 0, vexp: 1965298000, lgt: 0, trid: null, dr: true, vip: true, eml: null, gdc: 0, lvt: 1578582058, ceid: 0, fexp: 0, crt: 134, tts: null, lwts: 0, exp: 85800, actrt: 0, fak: null, trcd: 0, kyktid: null, strfrd: 0, crst: 0, pamns: {amn: []}, plcmt: {}, gtrfrd: 0}, pf: {pf: {vsgst: {pgs: 0, tp: "vsgst", l: 20}, phtghr: {pgs: 0, tp: "phtghr", l: 20}, jntr: {pgs: 0, tp: "jntr", l: 20}, grdnr: {pgs: 0, tp: "grdnr", l: 20}}}, clths: {clths: [{clid: null, tpid: "grlTShrtHlw17Csl2"}, {clid: null, tpid: "girlPants9"}, {clid: null, tpid: "girlShoes14"}]}, uid: "388"}}]
Thu Jan 9 17:12:52 GMT+0200 2020 [INFO] Client said: 34: ["house_388_livingroom", "h.r.ra", {}]
Thu Jan 9 17:12:52 GMT+0200 2020 [INFO] Server said: 34: ["a.clths.buy", {inv: {c: {lt: {id: "lt", it: []}, frn: {id: "frn", it: []}, cls: {id: "cls", it: [{c: 1, iid: "", tid: "girlUnderdress1"}, {c: 1, iid: "", tid: "girlUnderdress2"}, {c: 1, iid: "", tid: "girlShirt12"}, {c: 1, iid: "", tid: "girlTShrtEstr19"}]}, act: {id: "act", it: []}, gm: {id: "gm", it: [{c: 1, iid: "", tid: "blackMobileSkin"}]}}}, res: {slvr: 3340, emd: 0, gld: 6077, enrg: 500}, crt: 134, ccltn: {cct: ["grlTShrtHlw17Csl2", "girlPants9", "girlShoes14"], ctp: "casual", cn: ""}, clths: {clths: [{clid: null, tpid: "grlTShrtHlw17Csl2"}, {clid: null, tpid: "girlPants9"}, {clid: null, tpid: "girlShoes14"}]}}]
Thu Jan 9 17:12:44 GMT+0200 2020 [INFO] Server said: 34: ["h.r.ra", {plr: {mbm: {ac: null, sk: "blackMobileSkin"}, locinfo: {shlc: true, x: 4.05, at: "", pl: "", y: 0.1, l: "house_388_livingroom", s: "127.0.0.1", st: 0, d: 4}, apprnc: {fat: 0, ec: 5, pt: 0, hc: 7, brc: 1, sc: 1, et: 8, nct: 0, rc: 1, g: 2, ht: 127, rg: 0, fac: 1, bt: 0, pc: 1, ssc: 1, ss: 0, sh: 0, shc: 1, n: "_Caxapok_", bc: 1, brt: 4, mc: 1, mt: 4, fft: 0}, usrinf: {rl: 0}, ci: {sbid: null, actrp: 0, lrnt: 0, skrt: 0, ys: 0, shousd: false, vfgc: 0, vsact: true, sbrt: 0, cmid: 0, actrd: 0, hrt: 174, compid: 0, vsexp: 1965298000, spp: 0, bcld: 0, as: null, skid: null, vret: 0, shcr: true, rtrtm: 0, ysct: 0, rpt: 0, vexp: 1965298000, lgt: 0, trid: null, dr: true, vip: true, eml: null, gdc: 0, lvt: 1578582058, ceid: 0, fexp: 0, crt: 68, tts: null, lwts: 0, exp: 85800, actrt: 0, fak: null, trcd: 0, kyktid: null, strfrd: 0, crst: 0, pamns: {amn: []}, plcmt: {}, gtrfrd: 0}, pf: {pf: {vsgst: {pgs: 0, tp: "vsgst", l: 20}, phtghr: {pgs: 0, tp: "phtghr", l: 20}, jntr: {pgs: 0, tp: "jntr", l: 20}, grdnr: {pgs: 0, tp: "grdnr", l: 20}}}, clths: {clths: [{clid: null, tpid: "girlPants9"}, {clid: null, tpid: "girlTShrtEstr19"}, {clid: null, tpid: "girlShoes14"}]}, uid: "388"}}]
Thu Jan 9 17:12:44 GMT+0200 2020 [INFO] Client said: 34: [null, "a.clths.buy", {ctp: "casual", tpid: "grlTShrtHlw17Csl2", pind: 2}]
Thu Jan 9 17:12:41 GMT+0200 2020 [INFO] Client said: 34: ["house_388_livingroom", "h.r.ra", {}]
Thu Jan 9 17:12:41 GMT+0200 2020 [INFO] Server said: 34: ["a.clths.buy", {inv: {c: {lt: {id: "lt", it: []}, frn: {id: "frn", it: []}, cls: {id: "cls", it: [{c: 1, iid: "", tid: "girlUnderdress1"}, {c: 1, iid: "", tid: "girlUnderdress2"}, {c: 1, iid: "", tid: "girlShirt12"}]}, act: {id: "act", it: []}, gm: {id: "gm", it: [{c: 1, iid: "", tid: "blackMobileSkin"}]}}}, res: {slvr: 10000, emd: 0, gld: 6077, enrg: 500}, crt: 68, ccltn: {cct: ["girlPants9", "girlTShrtEstr19", "girlShoes14"], ctp: "casual", cn: ""}, clths: {clths: [{clid: null, tpid: "girlPants9"}, {clid: null, tpid: "girlTShrtEstr19"}, {clid: null, tpid: "girlShoes14"}]}}]
Thu Jan 9 17:12:37 GMT+0200 2020 [INFO] Client said: 34: [null, "a.clths.buy", {ctp: "casual", tpid: "girlTShrtEstr19", pind: 1}]
Thu Jan 9 17:11:41 GMT+0200 2020 [INFO] Server said: 34: ["b.ingld", {ingld: 1500}]
Thu Jan 9 17:11:41 GMT+0200 2020 [INFO] Server said: 34: ["ntf.res", {res: {slvr: 10000, emd: 0, gld: 6100, enrg: 500}}]
Thu Jan 9 17:11:41 GMT+0200 2020 [INFO] [YandexMetrics.reachGoal] Call reach goal 'click_buy_product' for counter 31321471
Thu Jan 9 17:11:41 GMT+0200 2020 [INFO] Client said: 34: [null, "b.chkprchs", {prid: "pack1500", qnt: 1, pmnt: null}]
Thu Jan 9 17:11:39 GMT+0200 2020 [INFO] [YandexMetrics.reachGoal] Call reach goal 'show_payment_dialog' for counter 31321471
Thu Jan 9 17:11:36 GMT+0200 2020 [INFO] Server said: 34: ["b.ingld", {ingld: 1500}]
Thu Jan 9 17:11:36 GMT+0200 2020 [INFO] Server said: 34: ["ntf.res", {res: {slvr: 10000, emd: 0, gld: 4600, enrg: 500}}]
Thu Jan 9 17:11:35 GMT+0200 2020 [INFO] [YandexMetrics.reachGoal] Call reach goal 'click_buy_product' for counter 31321471
Thu Jan 9 17:11:35 GMT+0200 2020 [INFO] Client said: 34: [null, "b.chkprchs", {prid: "pack1500", qnt: 1, pmnt: null}]
Thu Jan 9 17:11:33 GMT+0200 2020 [INFO] [YandexMetrics.reachGoal] Call reach goal 'show_payment_dialog' for counter 31321471
Thu Jan 9 17:11:30 GMT+0200 2020 [INFO] Server said: 34: ["b.ingld", {ingld: 1500}]
Thu Jan 9 17:11:30 GMT+0200 2020 [INFO] Server said: 34: ["ntf.res", {res: {slvr: 10000, emd: 0, gld: 3100, enrg: 500}}]
Thu Jan 9 17:11:30 GMT+0200 2020 [INFO] [YandexMetrics.reachGoal] Call reach goal 'click_buy_product' for counter 31321471
Thu Jan 9 17:11:30 GMT+0200 2020 [INFO] Client said: 34: [null, "b.chkprchs", {prid: "pack1500", qnt: 1, pmnt: null}]
Thu Jan 9 17:11:29 GMT+0200 2020 [INFO] [YandexMetrics.reachGoal] Call reach goal 'show_payment_dialog' for counter 31321471
Thu Jan 9 17:11:26 GMT+0200 2020 [INFO] Server said: 34: ["b.ingld", {ingld: 1500}]
Thu Jan 9 17:11:26 GMT+0200 2020 [INFO] Server said: 34: ["ntf.res", {res: {slvr: 10000, emd: 0, gld: 1600, enrg: 500}}]
Thu Jan 9 17:11:25 GMT+0200 2020 [INFO] [YandexMetrics.reachGoal] Call reach goal 'click_buy_product' for counter 31321471
Thu Jan 9 17:11:25 GMT+0200 2020 [INFO] Client said: 34: [null, "b.chkprchs", {prid: "pack1500", qnt: 1, pmnt: null}]
Thu Jan 9 17:11:25 GMT+0200 2020 [INFO] [YandexMetrics.onCounterInit] Yandex metrics counter 31321471 inited
Thu Jan 9 17:11:25 GMT+0200 2020 [INFO] [YandexMetrics.reachGoal] Call reach goal 'show_payment_dialog' for counter 31321471
Thu Jan 9 17:11:23 GMT+0200 2020 [INFO] Server said: 34: ["spt.init", {a: false}]
Thu Jan 9 17:11:23 GMT+0200 2020 [INFO] [YandexMetrics.initCounter] Try to init Yandex metrics counter 31321471
Thu Jan 9 17:11:23 GMT+0200 2020 [INFO] Client said: 34: [null, "spt.init", {}]