ClientError: Thu Jan 9 23:11:30 GMT+0800 2020 [CRITICAL] [salon] *Uncaught Error* ErrorId: 1010 ErrorName: TypeError ErrorMessage:Error #1010 ErrorStackTrace:TypeError: Error #1010
	at _-1u9::URL/parse()
	at _-1u9::URL()
	at _-18R::LoadingItem()
	at _-18R::SWFLoadingItem()
	at _-0bS::MassLoader/add()
	at _-0bS::MassLoader/_-2R5()
	at flash.events::EventDispatcher/dispatchEvent()
	at _-18R::LoadingItem/_-1Iu()
	at _-18R::LoadingItem/onError()
	at _-18R::SWFLoadingItem/onError()
	at flash.events::EventDispatcher/dispatchEvent()
	at flash.net::URLLoader/onComplete()
Thu Jan 9 23:11:17 GMT+0800 2020 [INFO] Client said: 17: ["house_338_livingroom"]
Thu Jan 9 23:10:31 GMT+0800 2020 [INFO] Server said: 34: ["b.ingld", {ingld: 1000}]
Thu Jan 9 23:10:31 GMT+0800 2020 [INFO] Server said: 34: ["ntf.res", {res: {gld: 10100, slvr: 10000, enrg: 500, emd: 0}}]
Thu Jan 9 23:10:31 GMT+0800 2020 [INFO] [YandexMetrics.reachGoal] Call reach goal 'click_buy_product' for counter 31321471
Thu Jan 9 23:10:31 GMT+0800 2020 [INFO] Client said: 34: [null, "b.chkprchs", {prid: "pack1000", pmnt: null, qnt: 1}]
Thu Jan 9 23:10:29 GMT+0800 2020 [INFO] [YandexMetrics.reachGoal] Call reach goal 'show_payment_dialog' for counter 31321471
Thu Jan 9 23:10:22 GMT+0800 2020 [INFO] Server said: 34: ["b.ingld", {ingld: 1500}]
Thu Jan 9 23:10:22 GMT+0800 2020 [INFO] Server said: 34: ["ntf.res", {res: {gld: 9100, slvr: 10000, enrg: 500, emd: 0}}]
Thu Jan 9 23:10:21 GMT+0800 2020 [INFO] [YandexMetrics.reachGoal] Call reach goal 'click_buy_product' for counter 31321471
Thu Jan 9 23:10:21 GMT+0800 2020 [INFO] Client said: 34: [null, "b.chkprchs", {prid: "pack1500", pmnt: null, qnt: 1}]
Thu Jan 9 23:10:18 GMT+0800 2020 [INFO] [YandexMetrics.reachGoal] Call reach goal 'show_payment_dialog' for counter 31321471
Thu Jan 9 23:10:16 GMT+0800 2020 [INFO] Server said: 34: ["b.ingld", {ingld: 1500}]
Thu Jan 9 23:10:15 GMT+0800 2020 [INFO] Server said: 34: ["ntf.res", {res: {gld: 7600, slvr: 10000, enrg: 500, emd: 0}}]
Thu Jan 9 23:10:15 GMT+0800 2020 [INFO] [YandexMetrics.reachGoal] Call reach goal 'click_buy_product' for counter 31321471
Thu Jan 9 23:10:15 GMT+0800 2020 [INFO] Client said: 34: [null, "b.chkprchs", {prid: "pack1500", pmnt: null, qnt: 1}]
Thu Jan 9 23:10:14 GMT+0800 2020 [INFO] [YandexMetrics.reachGoal] Call reach goal 'show_payment_dialog' for counter 31321471
Thu Jan 9 23:10:12 GMT+0800 2020 [INFO] Server said: 34: ["b.ingld", {ingld: 1500}]
Thu Jan 9 23:10:12 GMT+0800 2020 [INFO] Server said: 34: ["ntf.res", {res: {gld: 6100, slvr: 10000, enrg: 500, emd: 0}}]
Thu Jan 9 23:10:11 GMT+0800 2020 [INFO] [YandexMetrics.reachGoal] Call reach goal 'click_buy_product' for counter 31321471
Thu Jan 9 23:10:11 GMT+0800 2020 [INFO] Client said: 34: [null, "b.chkprchs", {prid: "pack1500", pmnt: null, qnt: 1}]
Thu Jan 9 23:10:09 GMT+0800 2020 [INFO] [YandexMetrics.reachGoal] Call reach goal 'show_payment_dialog' for counter 31321471
Thu Jan 9 23:10:06 GMT+0800 2020 [INFO] Server said: 34: ["b.ingld", {ingld: 1500}]
Thu Jan 9 23:10:06 GMT+0800 2020 [INFO] Server said: 34: ["ntf.res", {res: {gld: 4600, slvr: 10000, enrg: 500, emd: 0}}]
Thu Jan 9 23:10:06 GMT+0800 2020 [INFO] [YandexMetrics.reachGoal] Call reach goal 'click_buy_product' for counter 31321471
Thu Jan 9 23:10:06 GMT+0800 2020 [INFO] Client said: 34: [null, "b.chkprchs", {prid: "pack1500", pmnt: null, qnt: 1}]
Thu Jan 9 23:10:04 GMT+0800 2020 [INFO] [YandexMetrics.reachGoal] Call reach goal 'show_payment_dialog' for counter 31321471
Thu Jan 9 23:10:02 GMT+0800 2020 [INFO] Server said: 34: ["b.ingld", {ingld: 1500}]
Thu Jan 9 23:10:02 GMT+0800 2020 [INFO] Server said: 34: ["ntf.res", {res: {gld: 3100, slvr: 10000, enrg: 500, emd: 0}}]
Thu Jan 9 23:10:01 GMT+0800 2020 [INFO] [YandexMetrics.reachGoal] Call reach goal 'click_buy_product' for counter 31321471
Thu Jan 9 23:10:01 GMT+0800 2020 [INFO] Client said: 34: [null, "b.chkprchs", {prid: "pack1500", pmnt: null, qnt: 1}]
Thu Jan 9 23:10:01 GMT+0800 2020 [INFO] [YandexMetrics.reachGoal] Call reach goal 'show_payment_dialog' for counter 31321471
Thu Jan 9 23:09:59 GMT+0800 2020 [INFO] [YandexMetrics.onCounterInit] Yandex metrics counter 31321471 inited
Thu Jan 9 23:09:59 GMT+0800 2020 [INFO] [YandexMetrics.reachGoal] Call reach goal 'click_buy_product' for counter 31321471
Thu Jan 9 23:09:59 GMT+0800 2020 [INFO] [YandexMetrics.reachGoal] Call reach goal 'show_payment_dialog' for counter 31321471
Thu Jan 9 23:09:59 GMT+0800 2020 [INFO] Server said: 34: ["b.ingld", {ingld: 1500}]
Thu Jan 9 23:09:58 GMT+0800 2020 [INFO] Server said: 34: ["ntf.res", {res: {gld: 1600, slvr: 10000, enrg: 500, emd: 0}}]
Thu Jan 9 23:09:58 GMT+0800 2020 [INFO] Client said: 34: [null, "b.chkprchs", {prid: "pack1500", pmnt: null, qnt: 1}]
Thu Jan 9 23:09:57 GMT+0800 2020 [INFO] Server said: 34: ["spt.init", {a: false}]