ClientError: Thu Jan 9 23:31:21 GMT+0800 2020 [CRITICAL] [house] *Uncaught Error* ErrorId: 1009 ErrorName: TypeError ErrorMessage:Error #1009 ErrorStackTrace:TypeError: Error #1009
	at MethodInfo-2()
	at flash.events::EventDispatcher/dispatchEvent()
	at _-jr::FurnitureLoader/_-2qc()
	at flash.events::EventDispatcher/dispatchEvent()
	at _-0bS::MassLoader/_-4Ql()
	at _-0bS::MassLoader/_-WZ()
	at flash.events::EventDispatcher/dispatchEvent()
	at _-18R::LoadingItem/onComplete()
	at _-18R::SWFLoadingItem/onComplete()
	at MethodInfo-7()
Thu Jan 9 23:31:21 GMT+0800 2020 [INFO] Loaded  LoadingItem(url: http://62.113.113.58:8080/files/swf/furniture/furniture/CaseCountry.swf?2, status: 2) 
Thu Jan 9 23:31:21 GMT+0800 2020 [INFO] Loaded  LoadingItem(url: http://62.113.113.58:8080/files/swf/furniture/furniture/CaseCountry.swf?2, status: 2) 
Thu Jan 9 23:30:45 GMT+0800 2020 [INFO] Server said: 34: ["h.r.ra", {plr: {clths: {clths: [{clid: null, tpid: "boyBtsHp"}, {clid: null, tpid: "boyGlssHp"}, {clid: null, tpid: "boyTtHp"}, {clid: null, tpid: "boyErrHp"}, {clid: null, tpid: "boyPntsHp"}, {clid: null, tpid: "boyTShrtHp"}, {clid: null, tpid: "sphrAvmnOvrl"}]}, usrinf: {rl: 0}, locinfo: {at: "", st: 23, y: 9.14, l: "house_338_livingroom", x: 3.52, s: "127.0.0.1", pl: "", d: 4, shlc: true}, mbm: {sk: "blackMobileSkin", ac: null}, apprnc: {ssc: 1, rg: 0, rc: 1, sh: 0, brt: 1, g: 1, hc: 3, fft: 0, fat: 0, bt: 0, mc: 1, n: "KING", ht: 90, mt: 6, pt: 0, pc: 1, ec: 1, fac: 1, sc: 2, et: 1, ss: 0, bc: 1, shc: 1, brc: 1, nct: 0}, uid: "338", ci: {fexp: 0, skrt: 0, actrp: 0, trcd: 0, crt: 2894, vret: 0, trid: null, vsact: true, cmid: 0, ys: 0, lrnt: 0, kyktid: null, ysct: 0, sbid: null, rpt: 0, pamns: {amn: []}, vip: true, tts: null, shousd: false, shcr: true, actrd: 0, ceid: 0, eml: null, vexp: 1965298000, spp: 0, fak: null, rtrtm: 0, dr: true, lgt: 0, skid: null, gdc: 0, actrt: 0, compid: 0, crst: 0, lwts: 0, vsexp: 1965298000, bcld: 0, vfgc: 0, strfrd: 0, plcmt: {}, lvt: 1578583233, gtrfrd: 0, exp: 85800, sbrt: 0, hrt: 174, as: null}, pf: {pf: {grdnr: {tp: "grdnr", pgs: 0, l: 20}, phtghr: {tp: "phtghr", pgs: 0, l: 20}, jntr: {tp: "jntr", pgs: 0, l: 20}, vsgst: {tp: "vsgst", pgs: 0, l: 20}}}}}]
Thu Jan 9 23:30:44 GMT+0800 2020 [INFO] Server said: 34: ["h.r.ra", {plr: {clths: {clths: [{clid: null, tpid: "boyBtsHp"}, {clid: null, tpid: "boyGlssHp"}, {clid: null, tpid: "boyTtHp"}, {clid: null, tpid: "boyErrHp"}, {clid: null, tpid: "boyPntsHp"}, {clid: null, tpid: "boyTShrtHp"}, {clid: null, tpid: "sphrAvmnOvrl"}]}, usrinf: {rl: 0}, locinfo: {at: "", st: 23, y: 9.14, l: "house_338_livingroom", x: 3.52, s: "127.0.0.1", pl: "", d: 4, shlc: true}, mbm: {sk: "blackMobileSkin", ac: null}, apprnc: {ssc: 1, rg: 0, rc: 1, sh: 0, brt: 1, g: 1, hc: 3, fft: 0, fat: 0, bt: 0, mc: 1, n: "KING", ht: 90, mt: 6, pt: 0, pc: 1, ec: 1, fac: 1, sc: 2, et: 1, ss: 0, bc: 1, shc: 1, brc: 1, nct: 0}, uid: "338", ci: {fexp: 0, skrt: 0, actrp: 0, trcd: 0, crt: 2894, vret: 0, trid: null, vsact: true, cmid: 0, ys: 0, lrnt: 0, kyktid: null, ysct: 0, sbid: null, rpt: 0, pamns: {amn: []}, vip: true, tts: null, shousd: false, shcr: true, actrd: 0, ceid: 0, eml: null, vexp: 1965298000, spp: 0, fak: null, rtrtm: 0, dr: true, lgt: 0, skid: null, gdc: 0, actrt: 0, compid: 0, crst: 0, lwts: 0, vsexp: 1965298000, bcld: 0, vfgc: 0, strfrd: 0, plcmt: {}, lvt: 1578583233, gtrfrd: 0, exp: 85800, sbrt: 0, hrt: 174, as: null}, pf: {pf: {grdnr: {tp: "grdnr", pgs: 0, l: 20}, phtghr: {tp: "phtghr", pgs: 0, l: 20}, jntr: {tp: "jntr", pgs: 0, l: 20}, vsgst: {tp: "vsgst", pgs: 0, l: 20}}}}}]
Thu Jan 9 23:30:43 GMT+0800 2020 [INFO] Client said: 34: ["house_338_livingroom", "h.r.ra", {}]
Thu Jan 9 23:30:43 GMT+0800 2020 [INFO] Server said: 34: ["a.clths.buy", {clths: {clths: [{clid: null, tpid: "boyBtsHp"}, {clid: null, tpid: "boyGlssHp"}, {clid: null, tpid: "boyTtHp"}, {clid: null, tpid: "boyErrHp"}, {clid: null, tpid: "boyPntsHp"}, {clid: null, tpid: "boyTShrtHp"}, {clid: null, tpid: "sphrAvmnOvrl"}]}, inv: {c: {cls: {it: [{tid: "boyUnderdress1", c: 1, iid: ""}, {tid: "boyShirt14", c: 1, iid: ""}, {tid: "boyPants10", c: 1, iid: ""}, {tid: "boyShoes8", c: 1, iid: ""}, {tid: "boyTShrtFrog", c: 1, iid: ""}, {tid: "boyPntsFrog", c: 1, iid: ""}, {tid: "boyBtsFrog", c: 1, iid: ""}, {tid: "boyErrFrog", c: 1, iid: ""}], id: "cls"}, gm: {it: [{tid: "blackMobileSkin", c: 1, iid: ""}], id: "gm"}, frn: {it: [], id: "frn"}, act: {it: [], id: "act"}, lt: {it: [], id: "lt"}}}, res: {emd: 0, slvr: 0, enrg: 500, gld: 11962}, ccltn: {cn: "", cct: ["boyBtsHp", "boyGlssHp", "boyTtHp", "boyErrHp", "boyPntsHp", "boyTShrtHp", "sphrAvmnOvrl"], ctp: "casual"}, crt: 2894}]
Thu Jan 9 23:30:41 GMT+0800 2020 [INFO] Client said: 34: ["house_338_livingroom", "h.r.ra", {}]
Thu Jan 9 23:30:41 GMT+0800 2020 [INFO] Server said: 34: ["a.clths.buy", {clths: {clths: [{clid: null, tpid: "boyBtsHp"}, {clid: null, tpid: "boyGlssHp"}, {clid: null, tpid: "boyTtHp"}, {clid: null, tpid: "boyErrHp"}, {clid: null, tpid: "boyPntsHp"}, {clid: null, tpid: "boyTShrtHp"}, {clid: null, tpid: "sphrAvmnOvrl"}]}, inv: {c: {cls: {it: [{tid: "boyUnderdress1", c: 1, iid: ""}, {tid: "boyShirt14", c: 1, iid: ""}, {tid: "boyPants10", c: 1, iid: ""}, {tid: "boyShoes8", c: 1, iid: ""}, {tid: "boyTShrtFrog", c: 1, iid: ""}, {tid: "boyPntsFrog", c: 1, iid: ""}, {tid: "boyBtsFrog", c: 1, iid: ""}, {tid: "boyErrFrog", c: 1, iid: ""}], id: "cls"}, gm: {it: [{tid: "blackMobileSkin", c: 1, iid: ""}], id: "gm"}, frn: {it: [], id: "frn"}, act: {it: [], id: "act"}, lt: {it: [], id: "lt"}}}, res: {emd: 0, slvr: 0, enrg: 500, gld: 11962}, ccltn: {cn: "", cct: ["boyBtsHp", "boyGlssHp", "boyTtHp", "boyErrHp", "boyPntsHp", "boyTShrtHp", "sphrAvmnOvrl"], ctp: "casual"}, crt: 2894}]
Thu Jan 9 23:30:38 GMT+0800 2020 [INFO] Client said: 34: [null, "a.clths.bst", {tpid: "boyHypeSet", pind: 1, ctp: "casual"}]
Thu Jan 9 23:30:25 GMT+0800 2020 [INFO] Client said: 34: [null, "a.clths.bst", {tpid: "boyHypeSet", pind: 1, ctp: "casual"}]
Thu Jan 9 23:30:24 GMT+0800 2020 [INFO] Server said: 34: ["b.inslv", {inslv: 2700}]
Thu Jan 9 23:30:23 GMT+0800 2020 [INFO] Server said: 34: ["ntf.res", {res: {gld: 12061, slvr: 2700, enrg: 500, emd: 0}}]
Thu Jan 9 23:30:23 GMT+0800 2020 [INFO] Client said: 34: [null, "b.bs", {gld: 27}]
Thu Jan 9 23:30:18 GMT+0800 2020 [INFO] Server said: 34: ["h.r.ra", {plr: {clths: {clths: [{clid: null, tpid: "boyErrFrog"}, {clid: null, tpid: "boyTShrtFrog"}, {clid: null, tpid: "boyPntsFrog"}, {clid: null, tpid: "sphrAvmnOvrl"}, {clid: null, tpid: "boyBtsFrog"}]}, usrinf: {rl: 0}, locinfo: {at: "", st: 23, y: 9.14, l: "house_338_livingroom", x: 3.52, s: "127.0.0.1", pl: "", d: 4, shlc: true}, mbm: {sk: "blackMobileSkin", ac: null}, apprnc: {ssc: 1, rg: 0, rc: 1, sh: 0, brt: 1, g: 1, hc: 3, fft: 0, fat: 0, bt: 0, mc: 1, n: "KING", ht: 90, mt: 6, pt: 0, pc: 1, ec: 1, fac: 1, sc: 2, et: 1, ss: 0, bc: 1, shc: 1, brc: 1, nct: 0}, uid: "338", ci: {fexp: 0, skrt: 0, actrp: 0, trcd: 0, crt: 2618, vret: 0, trid: null, vsact: true, cmid: 0, ys: 0, lrnt: 0, kyktid: null, ysct: 0, sbid: null, rpt: 0, pamns: {amn: []}, vip: true, tts: null, shousd: false, shcr: true, actrd: 0, ceid: 0, eml: null, vexp: 1965298000, spp: 0, fak: null, rtrtm: 0, dr: true, lgt: 0, skid: null, gdc: 0, actrt: 0, compid: 0, crst: 0, lwts: 0, vsexp: 1965298000, bcld: 0, vfgc: 0, strfrd: 0, plcmt: {}, lvt: 1578583233, gtrfrd: 0, exp: 85800, sbrt: 0, hrt: 174, as: null}, pf: {pf: {grdnr: {tp: "grdnr", pgs: 0, l: 20}, phtghr: {tp: "phtghr", pgs: 0, l: 20}, jntr: {tp: "jntr", pgs: 0, l: 20}, vsgst: {tp: "vsgst", pgs: 0, l: 20}}}}}]
Thu Jan 9 23:30:18 GMT+0800 2020 [INFO] Client said: 34: ["house_338_livingroom", "h.r.ra", {}]
Thu Jan 9 23:30:18 GMT+0800 2020 [INFO] Server said: 34: ["a.clths.buy", {clths: {clths: [{clid: null, tpid: "boyErrFrog"}, {clid: null, tpid: "boyTShrtFrog"}, {clid: null, tpid: "boyPntsFrog"}, {clid: null, tpid: "sphrAvmnOvrl"}, {clid: null, tpid: "boyBtsFrog"}]}, inv: {c: {cls: {it: [{tid: "boyUnderdress1", c: 1, iid: ""}, {tid: "boyShirt14", c: 1, iid: ""}, {tid: "boyPants10", c: 1, iid: ""}, {tid: "boyShoes8", c: 1, iid: ""}], id: "cls"}, gm: {it: [{tid: "blackMobileSkin", c: 1, iid: ""}], id: "gm"}, frn: {it: [], id: "frn"}, act: {it: [], id: "act"}, lt: {it: [], id: "lt"}}}, res: {emd: 0, slvr: 0, enrg: 500, gld: 12088}, ccltn: {cn: "", cct: ["boyErrFrog", "boyTShrtFrog", "boyPntsFrog", "sphrAvmnOvrl", "boyBtsFrog"], ctp: "casual"}, crt: 2618}]
Thu Jan 9 23:30:15 GMT+0800 2020 [INFO] Client said: 34: [null, "a.clths.bst", {tpid: "sphrAvmn", pind: 1, ctp: "casual"}]
Thu Jan 9 23:30:12 GMT+0800 2020 [INFO] Server said: 34: ["h.r.ra", {plr: {clths: {clths: [{clid: null, tpid: "boyPntsFrog"}, {clid: null, tpid: "boyErrFrog"}, {clid: null, tpid: "boyBtsFrog"}, {clid: null, tpid: "boyTShrtFrog"}]}, usrinf: {rl: 0}, locinfo: {at: "", st: 23, y: 9.14, l: "house_338_livingroom", x: 3.52, s: "127.0.0.1", pl: "", d: 4, shlc: true}, mbm: {sk: "blackMobileSkin", ac: null}, apprnc: {ssc: 1, rg: 0, rc: 1, sh: 0, brt: 1, g: 1, hc: 3, fft: 0, fat: 0, bt: 0, mc: 1, n: "KING", ht: 90, mt: 6, pt: 0, pc: 1, ec: 1, fac: 1, sc: 2, et: 1, ss: 0, bc: 1, shc: 1, brc: 1, nct: 0}, uid: "338", ci: {fexp: 0, skrt: 0, actrp: 0, trcd: 0, crt: 618, vret: 0, trid: null, vsact: true, cmid: 0, ys: 0, lrnt: 0, kyktid: null, ysct: 0, sbid: null, rpt: 0, pamns: {amn: []}, vip: true, tts: null, shousd: false, shcr: true, actrd: 0, ceid: 0, eml: null, vexp: 1965298000, spp: 0, fak: null, rtrtm: 0, dr: true, lgt: 0, skid: null, gdc: 0, actrt: 0, compid: 0, crst: 0, lwts: 0, vsexp: 1965298000, bcld: 0, vfgc: 0, strfrd: 0, plcmt: {}, lvt: 1578583233, gtrfrd: 0, exp: 85800, sbrt: 0, hrt: 174, as: null}, pf: {pf: {grdnr: {tp: "grdnr", pgs: 0, l: 20}, phtghr: {tp: "phtghr", pgs: 0, l: 20}, jntr: {tp: "jntr", pgs: 0, l: 20}, vsgst: {tp: "vsgst", pgs: 0, l: 20}}}}}]
Thu Jan 9 23:30:11 GMT+0800 2020 [INFO] Client said: 34: ["house_338_livingroom", "h.r.ra", {}]
Thu Jan 9 23:30:11 GMT+0800 2020 [INFO] Server said: 34: ["a.clths.buy", {clths: {clths: [{clid: null, tpid: "boyPntsFrog"}, {clid: null, tpid: "boyErrFrog"}, {clid: null, tpid: "boyBtsFrog"}, {clid: null, tpid: "boyTShrtFrog"}]}, inv: {c: {cls: {it: [{tid: "boyUnderdress1", c: 1, iid: ""}, {tid: "boyShirt14", c: 1, iid: ""}, {tid: "boyPants10", c: 1, iid: ""}, {tid: "boyShoes8", c: 1, iid: ""}], id: "cls"}, gm: {it: [{tid: "blackMobileSkin", c: 1, iid: ""}], id: "gm"}, frn: {it: [], id: "frn"}, act: {it: [], id: "act"}, lt: {it: [], id: "lt"}}}, res: {emd: 0, slvr: 0, enrg: 500, gld: 12888}, ccltn: {cn: "", cct: ["boyPntsFrog", "boyErrFrog", "boyBtsFrog", "boyTShrtFrog"], ctp: "casual"}, crt: 618}]
Thu Jan 9 23:30:05 GMT+0800 2020 [INFO] Client said: 34: [null, "a.clths.bst", {tpid: "boyFrogSet", pind: 1, ctp: "casual"}]
Thu Jan 9 23:30:01 GMT+0800 2020 [INFO] Server said: 34: ["b.inslv", {inslv: 2000}]
Thu Jan 9 23:30:00 GMT+0800 2020 [INFO] Server said: 34: ["ntf.res", {res: {gld: 13080, slvr: 12000, enrg: 500, emd: 0}}]
Thu Jan 9 23:29:59 GMT+0800 2020 [INFO] Client said: 34: [null, "b.bs", {gld: 20}]
Thu Jan 9 23:29:46 GMT+0800 2020 [INFO] Client said: 34: ["house_338_livingroom", "h.r.u", {x: 3.52, st: 23, y: 9.14, d: 5, at: "", uid: "338"}]
Thu Jan 9 23:29:41 GMT+0800 2020 [INFO] Client said: 34: ["house_338_livingroom", "h.r.m", {sy: 0.1, sx: 6.28, dx: 3.52, dy: 9.14, uid: "338"}]
Thu Jan 9 23:29:40 GMT+0800 2020 [INFO] Client said: 34: ["house_338_livingroom", "h.r.m", {sy: 0.1, sx: 4.05, dx: 11.5, dy: 0.89, uid: "338"}]
Thu Jan 9 23:29:26 GMT+0800 2020 [INFO] Server said: 34: ["b.ingld", {ingld: 1500}]
Thu Jan 9 23:29:26 GMT+0800 2020 [INFO] Server said: 34: ["ntf.res", {res: {gld: 13100, slvr: 10000, enrg: 500, emd: 0}}]
Thu Jan 9 23:29:26 GMT+0800 2020 [INFO] [YandexMetrics.reachGoal] Call reach goal 'click_buy_product' for counter 31321471
Thu Jan 9 23:29:26 GMT+0800 2020 [INFO] Client said: 34: [null, "b.chkprchs", {prid: "pack1500", pmnt: null, qnt: 1}]
Thu Jan 9 23:29:24 GMT+0800 2020 [INFO] [YandexMetrics.reachGoal] Call reach goal 'show_payment_dialog' for counter 31321471
Thu Jan 9 23:29:17 GMT+0800 2020 [INFO] [YandexMetrics.onCounterInit] Yandex metrics counter 31321471 inited
Thu Jan 9 23:29:17 GMT+0800 2020 [INFO] [YandexMetrics.reachGoal] Call reach goal 'click_buy_product' for counter 31321471
Thu Jan 9 23:29:17 GMT+0800 2020 [INFO] [YandexMetrics.reachGoal] Call reach goal 'show_payment_dialog' for counter 31321471
Thu Jan 9 23:29:17 GMT+0800 2020 [INFO] Server said: 34: ["b.ingld", {ingld: 1500}]
Thu Jan 9 23:29:17 GMT+0800 2020 [INFO] Server said: 34: ["ntf.res", {res: {gld: 11600, slvr: 10000, enrg: 500, emd: 0}}]
Thu Jan 9 23:29:16 GMT+0800 2020 [INFO] Client said: 34: [null, "b.chkprchs", {prid: "pack1500", pmnt: null, qnt: 1}]