ClientError: Thu Jan 9 17:26:05 GMT+0200 2020 [CRITICAL] [house] *Uncaught Error* ErrorId: 1010 ErrorName: TypeError ErrorMessage:Error #1010 ErrorStackTrace:TypeError: Error #1010
	at _-1u9::URL/parse()
	at _-1u9::URL()
	at _-18R::LoadingItem()
	at _-18R::SWFLoadingItem()
	at _-0bS::MassLoader/add()
	at _-0bS::MassLoader/_-2R5()
	at flash.events::EventDispatcher/dispatchEvent()
	at _-18R::LoadingItem/_-1Iu()
	at _-18R::LoadingItem/onError()
	at _-18R::SWFLoadingItem/onError()
	at flash.events::EventDispatcher/dispatchEvent()
	at flash.net::URLLoader/onComplete()
Thu Jan 9 17:25:40 GMT+0200 2020 [INFO] Server said: 34: ["ntf.res", {res: {slvr: 2560, emd: 0, enrg: 500, gld: 10262}}]
Thu Jan 9 17:25:40 GMT+0200 2020 [INFO] Server said: 34: ["ntf.inv", {it: {iid: "", c: 2, tid: "pnRmCs"}}]
Thu Jan 9 17:25:39 GMT+0200 2020 [INFO] Server said: 34: ["ntf.res", {res: {slvr: 2560, emd: 0, enrg: 500, gld: 10292}}]
Thu Jan 9 17:25:39 GMT+0200 2020 [INFO] Server said: 34: ["ntf.inv", {it: {iid: "", c: 1, tid: "pnRmCs"}}]
Thu Jan 9 17:24:43 GMT+0200 2020 [INFO] Client said: 34: [null, "frn.buy", {pind: 1, tpid: "pnRmCs", cnt: 1}]
Thu Jan 9 17:24:23 GMT+0200 2020 [INFO] Client said: 34: [null, "frn.buy", {pind: 1, tpid: "pnRmCs", cnt: 1}]
Thu Jan 9 17:24:00 GMT+0200 2020 [INFO] Client said: 34: [null, "frn.buy", {pind: 1, tpid: "pnRmCs", cnt: 1}]
Thu Jan 9 17:23:58 GMT+0200 2020 [INFO] Loaded  LoadingItem(url: http://62.113.113.58:8080/files/swf/furniture/furniture/CasePianoRoom.swf, status: 2) 