ClientError: Thu Jan 9 17:31:10 GMT+0200 2020 [CRITICAL] [house] *Uncaught Error* ErrorId: 2109 ErrorName: ArgumentError ErrorMessage:Error #2109 ErrorStackTrace:ArgumentError: Error #2109
	at _-3p2::_-1ej/render()
	at _-3p2::LayoutObject/fromModel()
	at _-3p2::_-1ej/fromModel()
	at _-XG::HouseRoomScreen/renderItems()
	at _-PQ::BaseRoomScreen/onRefreshRoom()
	at _-XG::HouseRoomScreen/onRefreshRoom()
	at _-XG::SelfHouseRoomScreen/onRefreshRoom()
	at flash.events::EventDispatcher/dispatchEvent()
	at _-uU::HouseRoomManager/onRefreshRoom()
	at flash.events::EventDispatcher/dispatchEvent()
	at ags::_-2t/_-2dI()
	at flash.events::EventDispatcher/dispatchEvent()
	at _-0en::_-0O8/_-1LF()
	at _-0en::_-0O8/execute()
	at ags::AGSClient/_-0i9()
	at ags::AGSClient/_-2ZF()
	at ags::AGSClient/_-2Ea()
Thu Jan 9 17:31:10 GMT+0200 2020 [INFO] Server said: 34: ["h.r.rfr", {rm: {nm: "Комната 1", f: [{x: 8.890625, y: 3.140625, tpid: "colorBigCarpet", z: 0, d: 5, lid: 14929345}, {x: 0, y: 0, tpid: "floor4", z: 0, d: 5, lid: 67095880}, {x: 8, y: 0, tpid: "bdTrBth", z: 0, d: 5, lid: 72498151}, {x: 12, y: 4, tpid: "pnRmCs", z: 0, d: 5, lid: 77050677}, {x: 13, y: 0, tpid: "wallSantaHouse", z: 0, d: 5, lid: 75712875}, {x: 11.734375, y: 10.984375, tpid: "flvrMya", z: 0, d: 5, lid: 14332709}, {x: 11.484375, y: 8.546875, tpid: "treeMya", z: 0, d: 5, lid: 50601074}, {x: 0, y: 0, tpid: "wallSantaHouse", z: 0, d: 3, lid: 75712874}, {x: 7.859375, y: 0, tpid: "applianceTv4", z: 2, d: 3, lid: 66373945}, {x: 5.28125, y: 0, tpid: "ny19TngTr", z: 0, d: 5, lid: 81120368}, {x: 3, y: 0, tpid: "door4", z: 0, d: 3, rid: "outside", lid: 4}], lev: 2, l: 13, w: 13}}]
Thu Jan 9 17:31:07 GMT+0200 2020 [INFO] Client said: 34: ["house_200_1", "h.r.rfr", {}]
Thu Jan 9 17:31:07 GMT+0200 2020 [INFO] Server said: 34: ["frn.save", {inv: {c: {gm: {id: "gm", it: [{iid: "", c: 1, tid: "blackMobileSkin"}]}, cls: {id: "cls", it: [{iid: "", c: 1, tid: "boyTShrtSnbrdrNY18"}, {iid: "4", c: 1, tid: "boyBkSchool"}, {iid: "", c: 1, tid: "boyGlssWnt19Wht"}, {iid: "", c: 1, tid: "boyBtsWnt19Wht"}, {iid: "", c: 1, tid: "boyPllvrBlcWht"}, {iid: "", c: 1, tid: "boyJcktSnbrdrNY18"}, {iid: "", c: 1, tid: "boyPrtErr"}, {iid: "", c: 1, tid: "boyPntsEstr19"}, {iid: "", c: 1, tid: "boyMimPnt"}, {iid: "", c: 1, tid: "boyGlsStrpd"}, {iid: "", c: 1, tid: "boyShortsCsl"}, {iid: "", c: 1, tid: "boyShirt14"}, {iid: "", c: 1, tid: "boyPslnSh9"}, {iid: "", c: 1, tid: "csl15BBrvPts"}, {iid: "", c: 1, tid: "boyBtsNY20Gld"}, {iid: "4", c: 1, tid: "boyTShrtNYLmt"}, {iid: "", c: 1, tid: "boyPntsArths"}, {iid: "4", c: 1, tid: "boyCtrTokyoTSht"}, {iid: "", c: 1, tid: "boyGlsArths"}, {iid: "4", c: 1, tid: "boyPlvNYFre"}, {iid: "", c: 1, tid: "boyScrfArths"}, {iid: "", c: 1, tid: "boyPllvrArths"}, {iid: "4", c: 1, tid: "boyJcktSport"}, {iid: "", c: 1, tid: "boySckrfWnt19Wht"}, {iid: "", c: 1, tid: "boyCtlPts12"}, {iid: "", c: 1, tid: "boyPldPnts"}, {iid: "", c: 1, tid: "boySMR14Sh3"}, {iid: "", c: 1, tid: "boyPants10"}, {iid: "4", c: 1, tid: "boyOvrNYBttl"}, {iid: "11", c: 1, tid: "boyPlvNYVllg"}, {iid: "", c: 1, tid: "boyPntNY17"}, {iid: "", c: 1, tid: "boyBtsCsl"}, {iid: "4", c: 1, tid: "boyPntsOutsrc1"}, {iid: "", c: 1, tid: "boyNY20VKGiftScrfPngv"}, {iid: "", c: 1, tid: "boyGlsJpn3"}, {iid: "", c: 1, tid: "boyHdbndCt"}, {iid: "", c: 1, tid: "boyPntsWnt19Wht"}, {iid: "", c: 1, tid: "boyPldJckt"}, {iid: "", c: 1, tid: "boyRshJkt"}, {iid: "", c: 1, tid: "boyTShrtHsk"}, {iid: "", c: 1, tid: "boyKgrmCt"}, {iid: "", c: 1, tid: "boyTShrtZdcFsh"}, {iid: "", c: 1, tid: "boyPntsNY20Slv"}, {iid: "", c: 1, tid: "boyFA18Msk1"}, {iid: "", c: 1, tid: "boyPllwrWnt19Wht"}, {iid: "", c: 1, tid: "boyFA18Msk3"}, {iid: "", c: 1, tid: "boyBrclSh"}, {iid: "", c: 1, tid: "boyBgWnt19Wht"}, {iid: "", c: 1, tid: "boyPntsNY20Gld"}, {iid: "", c: 1, tid: "boyGrnsPnts"}, {iid: "", c: 1, tid: "boyUnderdress1"}, {iid: "", c: 1, tid: "boyGlssNY20Gld"}, {iid: "", c: 1, tid: "boyTrvlShs"}, {iid: "", c: 1, tid: "boyBtsJpn2"}, {iid: "", c: 1, tid: "boyTShrtCell"}, {iid: "", c: 1, tid: "hlwn2015BBts"}, {iid: "", c: 1, tid: "boyShoes8"}, {iid: "", c: 1, tid: "boyBtsArths"}, {iid: "", c: 1, tid: "boyScksWnt19Wht"}, {iid: "", c: 1, tid: "boyPntsWnt19Rckr"}]}, frn: {id: "frn", it: [{iid: "", c: 1, tid: "floor4"}, {iid: "", c: 1, tid: "kitchenUnitBase4"}, {iid: "", c: 1, tid: "kitchenUnitBase6"}, {iid: "", c: 1, tid: "kitchenUnitBase8"}, {iid: "", c: 1, tid: "tblCtr1"}, {iid: "", c: 1, tid: "toilet2"}, {iid: "", c: 1, tid: "kitchenUnitBase5"}, {iid: "", c: 2, tid: "wall15"}, {iid: "", c: 1, tid: "bowl4"}, {iid: "", c: 1, tid: "bath2"}, {iid: "", c: 1, tid: "kitchenUnitBase3"}, {iid: "", c: 1, tid: "kitchenUnitBase2"}, {iid: "", c: 1, tid: "door4"}, {iid: "", c: 1, tid: "tblSea"}, {iid: "", c: 2, tid: "chrSeaBlue"}, {iid: "", c: 1, tid: "refrigerator1"}, {iid: "", c: 1, tid: "kitchenUnitBase9"}, {iid: "", c: 4, tid: "pnRmCs"}, {iid: "", c: 1, tid: "gymFlr"}, {iid: "", c: 1, tid: "carLtsRd"}]}, lt: {id: "lt", it: []}, act: {id: "act", it: []}}}, hs: {nm: "house", lev: 2, id: "1", f: [{x: 8.890625, y: 3.140625, tpid: "colorBigCarpet", z: 0, d: 5, lid: 14929345}, {x: 0, y: 0, tpid: "floor4", z: 0, d: 5, lid: 67095880}, {x: 8, y: 0, tpid: "bdTrBth", z: 0, d: 5, lid: 72498151}, {x: 12, y: 4, tpid: "pnRmCs", z: 0, d: 5, lid: 77050677}, {x: 13, y: 0, tpid: "wallSantaHouse", z: 0, d: 5, lid: 75712875}, {x: 11.734375, y: 10.984375, tpid: "flvrMya", z: 0, d: 5, lid: 14332709}, {x: 11.484375, y: 8.546875, tpid: "treeMya", z: 0, d: 5, lid: 50601074}, {x: 0, y: 0, tpid: "wallSantaHouse", z: 0, d: 3, lid: 75712874}, {x: 7.859375, y: 0, tpid: "applianceTv4", z: 2, d: 3, lid: 66373945}, {x: 5.28125, y: 0, tpid: "ny19TngTr", z: 0, d: 5, lid: 81120368}, {x: 3, y: 0, tpid: "door4", z: 0, d: 3, rid: "outside", lid: 4}], l: 13, w: 13}, ci: {strfrd: 0, actrt: 0, lvt: 1578582770, cmid: 0, crt: 8992, as: null, gdc: 0, vfgc: 0, vsexp: 1965298000, crst: 0, bcld: 0, dr: true, gtrfrd: 0, vip: true, ysct: 0, fexp: 0, plcmt: {}, sbid: null, rtrtm: 0, skid: null, trcd: 0, skrt: 0, fak: null, trid: "halloween2016", spp: 0, hrt: 4167, shcr: true, lwts: 0, tts: null, vexp: 1965298000, ys: 0, actrd: 0, kyktid: null, sbrt: 0, actrp: 0, eml: null, vsact: true, pamns: {amn: []}, rpt: 0, shousd: false, vret: 0, lgt: 0, exp: 85800, lrnt: 0, compid: 0, ceid: 0}}]
Thu Jan 9 17:30:59 GMT+0200 2020 [INFO] Client said: 34: ["house_200_1", "frn.save", {f: []}]
Thu Jan 9 17:30:52 GMT+0200 2020 [INFO] Server said: 34: ["ntf.res", {res: {slvr: 2560, emd: 0, enrg: 500, gld: 9653}}]
Thu Jan 9 17:30:52 GMT+0200 2020 [INFO] Server said: 34: ["ntf.inv", {it: {iid: "", c: 1, tid: "carLtsRd"}}]
Thu Jan 9 17:30:51 GMT+0200 2020 [INFO] Client said: 34: [null, "frn.buy", {pind: 1, tpid: "carLtsRd", cnt: 1}]
Thu Jan 9 17:30:48 GMT+0200 2020 [INFO] Loaded  LoadingItem(url: http://62.113.113.58:8080/files/swf/furniture/decor/CarLotusRed.swf, status: 2) 