ClientError: Thu Jan 9 17:27:38 GMT+0200 2020 [CRITICAL] [house] *Uncaught Error* ErrorId: 1010 ErrorName: TypeError ErrorMessage:Error #1010 ErrorStackTrace:TypeError: Error #1010
	at _-1u9::URL/parse()
	at _-1u9::URL()
	at _-18R::LoadingItem()
	at _-18R::SWFLoadingItem()
	at _-0bS::MassLoader/add()
	at _-0bS::MassLoader/_-2R5()
	at flash.events::EventDispatcher/dispatchEvent()
	at _-18R::LoadingItem/_-1Iu()
	at _-18R::LoadingItem/onError()
	at _-18R::SWFLoadingItem/onError()
	at flash.events::EventDispatcher/dispatchEvent()
	at flash.net::URLLoader/onComplete()
Thu Jan 9 17:27:13 GMT+0200 2020 [INFO] Server said: 34: ["ntf.res", {res: {slvr: 2560, emd: 0, enrg: 500, gld: 10122}}]
Thu Jan 9 17:27:13 GMT+0200 2020 [INFO] Server said: 34: ["ntf.inv", {it: {iid: "", c: 1, tid: "ny19TngTr"}}]
Thu Jan 9 17:27:12 GMT+0200 2020 [INFO] Client said: 34: [null, "frn.buy", {pind: 1, tpid: "ny19TngTr", cnt: 1}]
Thu Jan 9 17:27:10 GMT+0200 2020 [INFO] Loaded  LoadingItem(url: http://62.113.113.58:8080/files/swf/furniture/decor/TangerineTree.swf, status: 2) 
Thu Jan 9 17:27:04 GMT+0200 2020 [INFO] Server said: 34: ["ntf.res", {res: {slvr: 2560, emd: 0, enrg: 500, gld: 10132}}]
Thu Jan 9 17:27:04 GMT+0200 2020 [INFO] Server said: 34: ["ntf.inv", {it: {iid: "", c: 1, tid: "colorBigCarpet"}}]
Thu Jan 9 17:26:40 GMT+0200 2020 [INFO] Server said: 34: ["ntf.res", {res: {slvr: 2560, emd: 0, enrg: 500, gld: 10172}}]
Thu Jan 9 17:26:39 GMT+0200 2020 [INFO] Server said: 34: ["ntf.inv", {it: {iid: "", c: 5, tid: "pnRmCs"}}]
Thu Jan 9 17:26:38 GMT+0200 2020 [INFO] Server said: 34: ["ntf.res", {res: {slvr: 2560, emd: 0, enrg: 500, gld: 10202}}]
Thu Jan 9 17:26:37 GMT+0200 2020 [INFO] Server said: 34: ["ntf.inv", {it: {iid: "", c: 4, tid: "pnRmCs"}}]
Thu Jan 9 17:26:36 GMT+0200 2020 [INFO] Server said: 34: ["ntf.res", {res: {slvr: 2560, emd: 0, enrg: 500, gld: 10232}}]
Thu Jan 9 17:26:36 GMT+0200 2020 [INFO] Server said: 34: ["ntf.inv", {it: {iid: "", c: 3, tid: "pnRmCs"}}]
Thu Jan 9 17:26:31 GMT+0200 2020 [INFO] Client said: 34: [null, "frn.buy", {pind: 1, tpid: "colorBigCarpet", cnt: 1}]
Thu Jan 9 17:26:30 GMT+0200 2020 [INFO] Loaded  LoadingItem(url: http://62.113.113.58:8080/files/swf/furniture/decor/ColorBigCarpet.swf, status: 2) 