ClientError: Thu Jan 9 17:20:25 GMT+0300 2020 [CRITICAL] [salon] *Uncaught Error* ErrorId: 1009 ErrorName: TypeError ErrorMessage:Error #1009 ErrorStackTrace:TypeError: Error #1009
	at _-0eV::RoomMemberContainer/addAvatar()
	at _-PQ::BaseRoomScreen/addAvatar()
	at _-PQ::BaseRoomScreen/onRefreshAvatar()
	at flash.events::EventDispatcher/dispatchEvent()
	at _-2CM::BaseRoomNetManager/onRefreshAvatar()
	at flash.events::EventDispatcher/dispatchEvent()
	at ags::_-2t/_-2dI()
	at flash.events::EventDispatcher/dispatchEvent()
	at _-0en::_-0O8/_-1LF()
	at _-0en::_-0O8/execute()
	at ags::AGSClient/_-0i9()
	at ags::AGSClient/_-2ZF()
	at ags::AGSClient/_-2Ea()
Thu Jan 9 17:20:25 GMT+0300 2020 [INFO] Server said: 34: ["o.r.ra", {plr: {uid: "260", ci: {shousd: false, strfrd: 0, ceid: 0, crt: 615, gtrfrd: 0, vsexp: 1965298000, as: null, spp: 0, fak: null, lrnt: 0, lgt: 0, vip: true, rpt: 0, hrt: 224, plcmt: {}, fexp: 0, skid: null, vret: 0, ysct: 0, gdc: 0, compid: 0, skrt: 0, trcd: 0, vexp: 1965298000, lvt: 1578579093, actrd: 0, tts: null, vfgc: 0, sbid: null, pamns: {amn: []}, ys: 0, vsact: true, actrp: 0, sbrt: 0, bcld: 0, rtrtm: 0, crst: 0, trid: "freelanceMicrophone", actrt: 0, shcr: true, cmid: 0, eml: null, exp: 85800, lwts: 0, kyktid: null, dr: true}, clths: {clths: [{clid: null, tpid: "girlErrHp"}, {clid: null, tpid: "girlJcktWnt19Brg"}, {clid: null, tpid: "girlGlssYllw"}, {clid: null, tpid: "girlStkNY20Slv"}, {clid: null, tpid: "girlTShrtWnt19Pnk"}, {clid: null, tpid: "girlShrtsLn"}, {clid: null, tpid: "wdn15GWtBts"}]}, apprnc: {shc: 1, fac: 1, brc: 2, pt: 0, et: 37, rc: 1, brt: 24, bt: 0, g: 2, rg: 0, sh: 20, fft: 7, fat: 0, hc: 15, ht: 123, n: "комфортная", mc: 9, mt: 31, sc: 1, ss: 3, ssc: 1, nct: 0, ec: 10, bc: 1, pc: 1}, pf: {pf: {phtghr: {l: 20, pgs: 0, tp: "phtghr"}, jntr: {l: 20, pgs: 0, tp: "jntr"}, vsgst: {l: 20, pgs: 0, tp: "vsgst"}, grdnr: {l: 20, pgs: 0, tp: "grdnr"}}}, locinfo: {at: "", s: "127.0.0.1", st: 0, x: 14.42, d: 4, shlc: true, y: 12.6, l: "salon_sn1_1", pl: ""}, usrinf: {rl: 0}, mbm: {ac: null, sk: "blackMobileSkin"}}}]
Thu Jan 9 17:20:25 GMT+0300 2020 [INFO] Server said: 16: ["salon_sn1_1", "283"]
Thu Jan 9 17:20:24 GMT+0300 2020 [INFO] Server said: 34: ["o.r.jn", {plr: {uid: "283", ci: {shousd: false, strfrd: 0, ceid: 0, crt: 10, gtrfrd: 0, vsexp: 1965298000, as: null, spp: 0, fak: null, lrnt: 0, lgt: 0, vip: true, rpt: 0, hrt: 174, plcmt: {}, fexp: 0, skid: null, vret: 0, ysct: 0, gdc: 0, compid: 0, skrt: 0, trcd: 0, vexp: 1965298000, lvt: 1578578547, actrd: 0, tts: null, vfgc: 0, sbid: null, pamns: {amn: []}, ys: 0, vsact: true, actrp: 0, sbrt: 0, bcld: 0, rtrtm: 0, crst: 0, trid: null, actrt: 0, shcr: true, cmid: 0, eml: null, exp: 85800, lwts: 0, kyktid: null, dr: true}, clths: {clths: [{clid: null, tpid: "girlShirt12"}, {clid: null, tpid: "girlShoes14"}, {clid: null, tpid: "girlPants9"}]}, apprnc: {shc: 1, fac: 1, brc: 5, pt: 0, et: 2, rc: 1, brt: 29, bt: 0, g: 2, rg: 0, sh: 0, fft: 0, fat: 0, hc: 4, ht: 123, n: "animebit13", mc: 2, mt: 4, sc: 1, ss: 0, ssc: 1, nct: 0, ec: 5, bc: 1, pc: 1}, pf: {pf: {phtghr: {l: 20, pgs: 0, tp: "phtghr"}, jntr: {l: 20, pgs: 0, tp: "jntr"}, vsgst: {l: 20, pgs: 0, tp: "vsgst"}, grdnr: {l: 20, pgs: 0, tp: "grdnr"}}}, locinfo: {at: "", s: "127.0.0.1", st: 0, x: -1, d: 4, shlc: true, y: -1, l: "salon_sn1_1", pl: ""}, usrinf: {rl: 0}, mbm: {ac: null, sk: "blackMobileSkin"}}}]
Thu Jan 9 17:20:24 GMT+0300 2020 [INFO] Server said: 34: ["o.r.m", {uid: "253", dy: 8.31, sy: 14.11, dx: 5.73, sx: 13.17}]
Thu Jan 9 17:20:23 GMT+0300 2020 [INFO] Server said: 16: ["salon_sn1_1", "126"]
Thu Jan 9 17:20:23 GMT+0300 2020 [INFO] Server said: 34: ["o.r.jn", {plr: {uid: "126", ci: {shousd: false, strfrd: 0, ceid: 0, crt: 20793, gtrfrd: 0, vsexp: 1965298000, as: null, spp: 0, fak: null, lrnt: 0, lgt: 0, vip: true, rpt: 0, hrt: 220, plcmt: {}, fexp: 0, skid: null, vret: 0, ysct: 0, gdc: 0, compid: 0, skrt: 0, trcd: 0, vexp: 1965298000, lvt: 1578579201, actrd: 0, tts: null, vfgc: 0, sbid: null, pamns: {amn: []}, ys: 0, vsact: true, actrp: 0, sbrt: 0, bcld: 0, rtrtm: 0, crst: 0, trid: null, actrt: 0, shcr: true, cmid: 0, eml: null, exp: 85800, lwts: 0, kyktid: null, dr: true}, clths: {clths: [{clid: null, tpid: "csl15GScnSkt"}, {clid: null, tpid: "girlJcktNY20Emr"}, {clid: null, tpid: "grlLmnBrcl"}, {clid: null, tpid: "csl15GScnTsht"}, {clid: null, tpid: "girlAcsCll"}, {clid: null, tpid: "girlNY20VKGiftHtPngv"}, {clid: null, tpid: "csl15GScnShs"}, {clid: null, tpid: "girlTghtWnt19Wrm"}]}, apprnc: {shc: 1, fac: 1, brc: 5, pt: 0, et: 8, rc: 1, brt: 29, bt: 0, g: 2, rg: 0, sh: 0, fft: 0, fat: 0, hc: 6, ht: 130, n: "ĐьЯßøŁиЏã™", mc: 4, mt: 4, sc: 2, ss: 0, ssc: 1, nct: 0, ec: 1, bc: 1, pc: 1}, pf: {pf: {phtghr: {l: 20, pgs: 0, tp: "phtghr"}, jntr: {l: 20, pgs: 0, tp: "jntr"}, vsgst: {l: 20, pgs: 0, tp: "vsgst"}, grdnr: {l: 20, pgs: 0, tp: "grdnr"}}}, locinfo: {at: "", s: "127.0.0.1", st: 0, x: -1, d: 4, shlc: true, y: -1, l: "salon_sn1_1", pl: ""}, usrinf: {rl: 0}, mbm: {ac: null, sk: "blackMobileSkin"}}}]
Thu Jan 9 17:20:22 GMT+0300 2020 [INFO] Server said: 34: ["o.r.u", {uid: "253", x: 13.17, y: 14.11, at: "", d: 6, st: 23}]