ClientError: Thu Jan 9 17:20:22 GMT+0300 2020 [CRITICAL] [salon] *Uncaught Error* ErrorId: 1009 ErrorName: TypeError ErrorMessage:Error #1009 ErrorStackTrace:TypeError: Error #1009
	at _-0eV::RoomMemberContainer/addAvatar()
	at _-PQ::BaseRoomScreen/addAvatar()
	at _-PQ::BaseRoomScreen/onRefreshAvatar()
	at flash.events::EventDispatcher/dispatchEvent()
	at _-2CM::BaseRoomNetManager/onRefreshAvatar()
	at flash.events::EventDispatcher/dispatchEvent()
	at ags::_-2t/_-2dI()
	at flash.events::EventDispatcher/dispatchEvent()
	at _-0en::_-0O8/_-1LF()
	at _-0en::_-0O8/execute()
	at ags::AGSClient/_-0i9()
	at ags::AGSClient/_-2ZF()
	at ags::AGSClient/_-2Ea()
Thu Jan 9 17:20:22 GMT+0300 2020 [INFO] Server said: 34: ["o.r.ra", {plr: {uid: "223", ci: {shousd: false, strfrd: 0, ceid: 0, crt: 910, gtrfrd: 0, vsexp: 1965298000, as: null, spp: 0, fak: null, lrnt: 0, lgt: 0, vip: true, rpt: 0, hrt: 374, plcmt: {}, fexp: 0, skid: null, vret: 0, ysct: 0, gdc: 0, compid: 0, skrt: 0, trcd: 0, vexp: 1965298000, lvt: 1578578875, actrd: 0, tts: null, vfgc: 0, sbid: null, pamns: {amn: []}, ys: 0, vsact: true, actrp: 0, sbrt: 0, bcld: 0, rtrtm: 0, crst: 0, trid: null, actrt: 0, shcr: true, cmid: 0, eml: null, exp: 85800, lwts: 0, kyktid: null, dr: true}, clths: {clths: [{clid: null, tpid: "girlPntsNY20Nght"}, {clid: "16", tpid: "girlJcktOutsrc2"}, {clid: null, tpid: "girlTShrtNY20Slv"}, {clid: null, tpid: "grlRfwrBg"}, {clid: null, tpid: "girlBtsNY20Slv"}]}, apprnc: {shc: 1, fac: 1, brc: 2, pt: 0, et: 37, rc: 1, brt: 28, bt: 0, g: 2, rg: 0, sh: 0, fft: 0, fat: 0, hc: 6, ht: 120, n: "CROZZZA", mc: 3, mt: 31, sc: 1, ss: 0, ssc: 1, nct: 0, ec: 5, bc: 1, pc: 1}, pf: {pf: {phtghr: {l: 20, pgs: 0, tp: "phtghr"}, jntr: {l: 20, pgs: 0, tp: "jntr"}, vsgst: {l: 20, pgs: 0, tp: "vsgst"}, grdnr: {l: 20, pgs: 0, tp: "grdnr"}}}, locinfo: {at: "", s: "127.0.0.1", st: 23, x: 9.23, d: 4, shlc: true, y: 5.17, l: "salon_sn1_1", pl: ""}, usrinf: {rl: 0}, mbm: {ac: null, sk: "blackMobileSkin"}}}]
Thu Jan 9 17:20:20 GMT+0300 2020 [INFO] Server said: 34: ["o.r.m", {uid: "253", dy: 14.11, sy: 13, dx: 13.17, sx: 14}]
Thu Jan 9 17:20:18 GMT+0300 2020 [INFO] Server said: 34: ["o.r.u", {uid: "260", x: 14.42, d: 1, st: 0, y: 12.6}]
Thu Jan 9 17:20:18 GMT+0300 2020 [INFO] Server said: 34: ["o.r.u", {uid: "253", x: 14.42, d: 1, st: 0, y: 12.6}]
Thu Jan 9 17:20:18 GMT+0300 2020 [INFO] Server said: 34: ["cp.cht.sm", {rid: "salon_sn1_1", msg: {smid: 3, sid: "276", cid: null, tp: "chatSmileMessage"}}]
Thu Jan 9 17:20:18 GMT+0300 2020 [INFO] Server said: 17: ["salon_sn1_1", "70"]
Thu Jan 9 17:20:18 GMT+0300 2020 [INFO] Server said: 34: ["o.r.lv", {uid: "70"}]
Thu Jan 9 17:20:17 GMT+0300 2020 [INFO] Server said: 34: ["o.r.u", {uid: "260", x: 14.42, st: 1, at: "salonActiveChairItem21", d: 1, y: 12.6}]
Thu Jan 9 17:20:17 GMT+0300 2020 [INFO] Server said: 34: ["o.r.u", {uid: "276", x: 5.73, y: 8.31, at: "sitItem13", d: 6, st: 1}]
Thu Jan 9 17:20:16 GMT+0300 2020 [INFO] Server said: 34: ["o.r.u", {uid: "276", x: 5.73, y: 8.31, at: "", d: 6, st: 23}]
Thu Jan 9 17:20:15 GMT+0300 2020 [INFO] Server said: 34: ["o.r.u", {uid: "260", x: 14.42, st: 23, at: "", d: 1, y: 12.6}]
Thu Jan 9 17:20:15 GMT+0300 2020 [INFO] Server said: 34: ["o.r.m", {uid: "276", dy: 8.31, sy: 6, dx: 5.73, sx: 14}]
Thu Jan 9 17:20:15 GMT+0300 2020 [INFO] Server said: 34: ["o.r.u", {uid: "253", x: 14.42, y: 12.6, at: "salonActiveChairItem21", d: 4, st: 1}]
Thu Jan 9 17:20:15 GMT+0300 2020 [INFO] Server said: 17: ["salon_sn1_1", "144"]
Thu Jan 9 17:20:15 GMT+0300 2020 [INFO] Server said: 34: ["o.r.lv", {uid: "144"}]
Thu Jan 9 17:20:14 GMT+0300 2020 [INFO] Server said: 34: ["o.r.m", {uid: "260", dy: 12.6, sy: 15.53, dx: 14.42, sx: 11.59}]