ClientError: Thu Jan 9 18:26:35 GMT+0300 2020 [CRITICAL] [house] *Uncaught Error* ErrorId: 1009 ErrorName: TypeError ErrorMessage:Error #1009 ErrorStackTrace:TypeError: Error #1009
	at _-JE::_-0Wu/get clotheId()
	at _-273::DirolDressHelper/_-2UP()
	at _-8l::AvatarSelfMenu()
	at _-1sv::LocationAvatar/getInteractiveMenu()
	at _-PQ::BaseRoomScreen/checkSelectedObject()
	at _-PQ::BaseRoomScreen/onViewMouseUp()
Thu Jan 9 18:26:34 GMT+0300 2020 [INFO] Client said: 34: ["house_212_livingroom", "h.r.m", {uid: "212", dy: 6.02, sy: 6.7, dx: 1.2, sx: 1.89}]
Thu Jan 9 18:26:33 GMT+0300 2020 [INFO] Client said: 34: ["house_212_livingroom", "h.r.u", {uid: "212", x: 1.89, y: 6.7, at: "", d: 7, st: 23}]
Thu Jan 9 18:26:31 GMT+0300 2020 [INFO] Client said: 34: ["house_212_livingroom", "h.r.m", {uid: "212", dy: 6.7, sy: 7.56, dx: 1.89, sx: 5.8}]
Thu Jan 9 18:26:30 GMT+0300 2020 [INFO] Client said: 34: ["house_212_livingroom", "h.r.m", {uid: "212", dy: 6.59, sy: 7.56, dx: 3.72, sx: 7.19}]
Thu Jan 9 18:26:29 GMT+0300 2020 [INFO] Server said: 34: ["cp.cht.sm", {rid: "house_212_livingroom", msg: {tp: "chatStickerMessage", sid: "212", cid: null, stkid: 1, stkpkid: "froggyStickerPack"}}]
Thu Jan 9 18:26:29 GMT+0300 2020 [INFO] Client said: 34: [null, "cp.cht.sm", {rid: "house_212_livingroom", msg: {stkpkid: "froggyStickerPack", sid: "212", cid: null, stkid: 1, tp: "chatStickerMessage"}}]
Thu Jan 9 18:26:21 GMT+0300 2020 [INFO] Server said: 34: ["cp.cht.sm", {rid: "house_212_livingroom", msg: {tp: "chatStickerMessage", sid: "212", cid: null, stkid: 1, stkpkid: "catStickerPack"}}]
Thu Jan 9 18:26:20 GMT+0300 2020 [INFO] Client said: 34: [null, "cp.cht.sm", {rid: "house_212_livingroom", msg: {stkpkid: "catStickerPack", sid: "212", cid: null, stkid: 1, tp: "chatStickerMessage"}}]
Thu Jan 9 18:26:04 GMT+0300 2020 [INFO] Server said: 34: ["ntf.res", {res: {slvr: 8810, emd: 0, enrg: 500, gld: 13869}}]
Thu Jan 9 18:26:03 GMT+0300 2020 [INFO] Server said: 34: ["ntf.inv", {it: {iid: "", c: 1, tid: "wllAq1"}}]
Thu Jan 9 18:26:01 GMT+0300 2020 [INFO] Client said: 34: [null, "frn.buy", {cnt: 1, tpid: "wllAq1", pind: 1}]
Thu Jan 9 18:25:41 GMT+0300 2020 [INFO] Client said: 34: ["house_212_livingroom", "h.r.u", {uid: "212", x: 7.19, y: 7.56, at: "", d: 2, st: 23}]
Thu Jan 9 18:25:40 GMT+0300 2020 [INFO] Client said: 34: ["house_212_livingroom", "h.r.m", {uid: "212", dy: 7.56, sy: 6.3, dx: 7.19, sx: 3.61}]
Thu Jan 9 18:25:29 GMT+0300 2020 [INFO] Client said: 34: ["house_212_livingroom", "h.r.u", {uid: "212", x: 3.61, y: 6.3, at: "", d: 3, st: 23}]
Thu Jan 9 18:25:23 GMT+0300 2020 [INFO] Client said: 34: ["house_212_livingroom", "h.r.u", {uid: "212", x: 3.61, y: 6.3, at: "blackMobileSkin", d: 3, st: 24}]
Thu Jan 9 18:25:23 GMT+0300 2020 [INFO] Server said: 34: ["pl.gos", {clid: "online", onl: {}}]
Thu Jan 9 18:25:23 GMT+0300 2020 [INFO] Client said: 34: [null, "pl.gos", {clid: "online", uids: []}]
Thu Jan 9 18:25:19 GMT+0300 2020 [INFO] Client said: 34: ["house_212_livingroom", "h.r.u", {uid: "212", x: 3.61, y: 6.3, at: "", d: 3, st: 23}]
Thu Jan 9 18:25:18 GMT+0300 2020 [INFO] Client said: 34: ["house_212_livingroom", "h.r.m", {uid: "212", dy: 6.3, sy: 5.77, dx: 3.61, sx: 1.83}]
Thu Jan 9 18:24:57 GMT+0300 2020 [INFO] Client said: 34: ["house_212_livingroom", "h.r.u", {uid: "212", x: 1.83, y: 5.77, at: "", d: 6, st: 23}]
Thu Jan 9 18:24:55 GMT+0300 2020 [INFO] Client said: 34: ["house_212_livingroom", "h.r.m", {uid: "212", dy: 5.77, sy: 6, dx: 1.83, sx: 5.46}]
Thu Jan 9 18:24:54 GMT+0300 2020 [INFO] Client said: 34: ["house_212_livingroom", "h.r.m", {uid: "212", dy: 6.7, sy: 3.31, dx: 4.27, sx: 7.34}]
Thu Jan 9 18:24:53 GMT+0300 2020 [INFO] Client said: 34: [null, "al.catcl", {cid: 18949646, lid: "canyon", gid: "pc1", layid: null}]
Thu Jan 9 18:24:51 GMT+0300 2020 [INFO] Client said: 34: ["house_212_livingroom", "h.r.u", {uid: "212", x: 7.06, y: 5.08, at: "18949646", d: 7, st: 19}]
Thu Jan 9 18:24:51 GMT+0300 2020 [INFO] Client said: 34: ["house_212_livingroom", "h.r.u", {uid: "212", x: 7.06, y: 5.08, at: "", d: 7, st: 23}]
Thu Jan 9 18:24:49 GMT+0300 2020 [INFO] Client said: 34: ["house_212_livingroom", "h.r.m", {uid: "212", dy: 5.08, sy: 6.06, dx: 7.06, sx: 9.81}]
Thu Jan 9 18:23:54 GMT+0300 2020 [INFO] Client said: 34: ["house_212_livingroom", "h.r.u", {uid: "212", x: 9.81, y: 6.06, at: "", d: 0, st: 23}]
Thu Jan 9 18:23:53 GMT+0300 2020 [INFO] Client said: 34: ["house_212_livingroom", "h.r.m", {uid: "212", dy: 6.06, sy: 7.83, dx: 9.81, sx: 9.95}]
Thu Jan 9 18:23:52 GMT+0300 2020 [INFO] Client said: 34: ["house_212_livingroom", "h.r.u", {uid: "212", x: 9.95, y: 7.83, at: "", d: 1, st: 23}]
Thu Jan 9 18:23:50 GMT+0300 2020 [INFO] Client said: 34: ["house_212_livingroom", "h.r.m", {uid: "212", dy: 7.83, sy: 8.91, dx: 9.95, sx: 6.1}]
Thu Jan 9 18:23:50 GMT+0300 2020 [INFO] Client said: 34: ["house_212_livingroom", "h.r.m", {uid: "212", dy: 9.73, sy: 7.5, dx: 6.86, sx: 4.72}]
Thu Jan 9 18:23:49 GMT+0300 2020 [INFO] Client said: 34: ["house_212_livingroom", "h.r.m", {uid: "212", dy: 6.41, sy: 8.58, dx: 7.91, sx: 3.64}]
Thu Jan 9 18:23:48 GMT+0300 2020 [INFO] Client said: 34: ["house_212_livingroom", "h.r.m", {uid: "212", dy: 8.25, sy: 9.58, dx: 2.88, sx: 3.64}]
Thu Jan 9 18:23:36 GMT+0300 2020 [INFO] Client said: 34: ["house_212_livingroom", "h.r.u", {uid: "212", x: 3.64, y: 9.58, at: "", d: 6, st: 23}]
Thu Jan 9 18:23:35 GMT+0300 2020 [INFO] Client said: 34: ["house_212_livingroom", "h.r.m", {uid: "212", dy: 9.58, sy: 8.3, dx: 3.64, sx: 6.95}]
Thu Jan 9 18:23:33 GMT+0300 2020 [INFO] Client said: 34: ["house_212_livingroom", "h.r.m", {uid: "212", dy: 7.36, sy: 9.07, dx: 9.73, sx: 3.18}]
Thu Jan 9 18:23:32 GMT+0300 2020 [INFO] Client said: 34: ["house_212_livingroom", "h.r.m", {uid: "212", dy: 6.95, sy: 10.22, dx: 1.52, sx: 4.18}]
Thu Jan 9 18:23:31 GMT+0300 2020 [INFO] Client said: 34: ["house_212_livingroom", "h.r.m", {uid: "212", dy: 8.73, sy: 11.33, dx: 3.92, sx: 4.2}]