ClientError: Thu Jan 9 17:17:57 GMT+0300 2020 [CRITICAL] [couturier] *Uncaught Error* ErrorId: 1009 ErrorName: TypeError ErrorMessage:Error #1009 ErrorStackTrace:TypeError: Error #1009
	at _-0eV::RoomMemberContainer/addAvatar()
	at _-PQ::BaseRoomScreen/addAvatar()
	at _-PQ::BaseRoomScreen/onRefreshAvatar()
	at flash.events::EventDispatcher/dispatchEvent()
	at _-2CM::BaseRoomNetManager/onRefreshAvatar()
	at flash.events::EventDispatcher/dispatchEvent()
	at ags::_-2t/_-2dI()
	at flash.events::EventDispatcher/dispatchEvent()
	at _-0en::_-0O8/_-1LF()
	at _-0en::_-0O8/execute()
	at ags::AGSClient/_-0i9()
	at ags::AGSClient/_-2ZF()
	at ags::AGSClient/_-2Ea()
Thu Jan 9 17:17:57 GMT+0300 2020 [INFO] Server said: 34: ["o.r.ra", {plr: {uid: "8", ci: {shousd: false, strfrd: 0, ceid: 0, crt: 33947, gtrfrd: 0, vsexp: 1965298000, as: null, spp: 0, fak: null, lrnt: 0, lgt: 0, vip: true, rpt: 0, hrt: 261, plcmt: {}, fexp: 0, skid: null, vret: 0, ysct: 0, gdc: 0, compid: 0, skrt: 0, trcd: 0, vexp: 1965298000, lvt: 1578578396, actrd: 0, tts: null, vfgc: 0, sbid: null, pamns: {amn: []}, ys: 0, vsact: true, actrp: 0, sbrt: 0, bcld: 0, rtrtm: 0, crst: 0, trid: "yearAvatar", actrt: 0, shcr: true, cmid: 0, eml: null, exp: 85800, lwts: 0, kyktid: null, dr: true}, clths: {clths: [{clid: null, tpid: "girlGlssYllw"}, {clid: "16", tpid: "girlPlvNYGrc"}, {clid: "16", tpid: "girlBtsSchool"}, {clid: "11", tpid: "girlSktRbbt"}, {clid: null, tpid: "girlNY20VKGiftHtPngv"}, {clid: "11", tpid: "girlBgRbbt"}, {clid: null, tpid: "girlTghtAlice"}]}, apprnc: {shc: 33, fac: 1, brc: 1, pt: 9, et: 31, rc: 1, brt: 25, bt: 0, g: 2, rg: 0, sh: 16, fft: 9, fat: 0, hc: 7, ht: 130, n: "ПиЗдЮчКа", mc: 2, mt: 2, sc: 2, ss: 0, ssc: 1, nct: 0, ec: 17, bc: 1, pc: 1}, pf: {pf: {phtghr: {l: 20, pgs: 0, tp: "phtghr"}, jntr: {l: 20, pgs: 0, tp: "jntr"}, vsgst: {l: 20, pgs: 0, tp: "vsgst"}, grdnr: {l: 20, pgs: 0, tp: "grdnr"}}}, locinfo: {at: "", s: "127.0.0.1", st: 0, x: 11.18, d: 4, shlc: true, y: 8.25, l: "couturier_ctr1_1", pl: ""}, usrinf: {rl: 0}, mbm: {ac: null, sk: "blackMobileSkin"}}}]
Thu Jan 9 17:17:57 GMT+0300 2020 [INFO] Client said: 34: ["couturier_ctr1_1", "o.r.info", {rid: "ctr1"}]
Thu Jan 9 17:17:57 GMT+0300 2020 [INFO] Server said: 34: ["o.gr", {rid: "couturier_ctr1_1"}]
Thu Jan 9 17:17:57 GMT+0300 2020 [INFO] Server said: 16: ["couturier_ctr1_1", "212"]
Thu Jan 9 17:17:56 GMT+0300 2020 [INFO] Server said: 34: ["o.r.jn", {plr: {uid: "212", ci: {shousd: false, strfrd: 0, ceid: 0, crt: 603, gtrfrd: 0, vsexp: 1965298000, as: null, spp: 0, fak: null, lrnt: 0, lgt: 0, vip: true, rpt: 0, hrt: 1474, plcmt: {}, fexp: 0, skid: null, vret: 0, ysct: 0, gdc: 0, compid: 0, skrt: 0, trcd: 0, vexp: 1965298000, lvt: 1578579468, actrd: 0, tts: null, vfgc: 0, sbid: null, pamns: {amn: []}, ys: 0, vsact: true, actrp: 0, sbrt: 0, bcld: 0, rtrtm: 0, crst: 0, trid: null, actrt: 0, shcr: true, cmid: 0, eml: null, exp: 85800, lwts: 0, kyktid: null, dr: true}, clths: {clths: [{clid: null, tpid: "girlKgrmUncrn"}, {clid: null, tpid: "grlPnkRsErr"}, {clid: null, tpid: "girlHdbndUncrn"}, {clid: null, tpid: "grlPnkRsShs"}]}, apprnc: {shc: 1, fac: 1, brc: 1, pt: 0, et: 8, rc: 1, brt: 28, bt: 0, g: 2, rg: 0, sh: 0, fft: 0, fat: 0, hc: 5, ht: 120, n: "Джейн", mc: 1, mt: 2, sc: 1, ss: 0, ssc: 1, nct: 0, ec: 1, bc: 1, pc: 1}, pf: {pf: {phtghr: {l: 20, pgs: 0, tp: "phtghr"}, jntr: {l: 20, pgs: 0, tp: "jntr"}, vsgst: {l: 20, pgs: 0, tp: "vsgst"}, grdnr: {l: 20, pgs: 0, tp: "grdnr"}}}, locinfo: {at: "", s: "127.0.0.1", st: 0, x: -1, d: 4, shlc: true, y: -1, l: "couturier_ctr1_1", pl: ""}, usrinf: {rl: 0}, mbm: {ac: null, sk: "blackMobileSkin"}}}]
Thu Jan 9 17:17:55 GMT+0300 2020 [INFO] Server said: 34: ["o.r.ra", {plr: {uid: "38", ci: {shousd: false, strfrd: 0, ceid: 0, crt: 13380, gtrfrd: 0, vsexp: 1965298000, as: null, spp: 0, fak: null, lrnt: 0, lgt: 0, vip: true, rpt: 0, hrt: 224, plcmt: {}, fexp: 0, skid: null, vret: 0, ysct: 0, gdc: 0, compid: 0, skrt: 0, trcd: 0, vexp: 1965298000, lvt: 1578578278, actrd: 0, tts: null, vfgc: 0, sbid: null, pamns: {amn: []}, ys: 0, vsact: true, actrp: 0, sbrt: 0, bcld: 0, rtrtm: 0, crst: 0, trid: null, actrt: 0, shcr: true, cmid: 0, eml: null, exp: 85800, lwts: 0, kyktid: null, dr: true}, clths: {clths: [{clid: "17", tpid: "boyBtsBnny"}, {clid: null, tpid: "boySP14Pts"}, {clid: "17", tpid: "boyTShrtNYLmt"}]}, apprnc: {shc: 1, fac: 1, brc: 29, pt: 0, et: 1, rc: 1, brt: 16, bt: 0, g: 1, rg: 0, sh: 0, fft: 3, fat: 0, hc: 25, ht: 60, n: "Макс", mc: 3, mt: 13, sc: 2, ss: 0, ssc: 1, nct: 0, ec: 1, bc: 1, pc: 1}, pf: {pf: {phtghr: {l: 20, pgs: 0, tp: "phtghr"}, jntr: {l: 20, pgs: 0, tp: "jntr"}, vsgst: {l: 20, pgs: 0, tp: "vsgst"}, grdnr: {l: 20, pgs: 0, tp: "grdnr"}}}, locinfo: {at: "sitItem6", s: "127.0.0.1", st: 1, x: 4.12, d: 4, shlc: true, y: 5.54, l: "couturier_ctr1_1", pl: ""}, usrinf: {rl: 0}, mbm: {ac: null, sk: "blackMobileSkin"}}}]
Thu Jan 9 17:17:52 GMT+0300 2020 [INFO] Server said: 34: ["o.r.u", {uid: "188", x: 7.84, y: 8.28, at: "", d: 5, st: 23}]
Thu Jan 9 17:17:51 GMT+0300 2020 [INFO] Server said: 34: ["o.r.m", {uid: "188", dy: 8.28, sy: 7.5, dx: 7.84, sx: 8.5}]
Thu Jan 9 17:17:50 GMT+0300 2020 [INFO] Server said: 34: ["o.r.u", {uid: "188", x: 8.5, d: 4, st: 0, y: 7.5}]
Thu Jan 9 17:17:49 GMT+0300 2020 [INFO] Server said: 34: ["o.r.u", {uid: "8", x: 11.18, d: 5, st: 0, y: 8.25}]
Thu Jan 9 17:17:48 GMT+0300 2020 [INFO] Client said: 34: [null, "o.gr", {lid: "couturier", gid: "ctr1"}]
Thu Jan 9 17:17:48 GMT+0300 2020 [INFO] Server said: 1: ["212", true, false, false]
Thu Jan 9 17:17:28 GMT+0300 2020 [INFO] Client said: 1: ["street", "212", "GOsuXPEBKcctDFaKoUtA", {clvrn: "84.0.4", v: 2}]
Thu Jan 9 17:17:27 GMT+0300 2020 [INFO] Client said: 2: []
Thu Jan 9 17:17:27 GMT+0300 2020 [INFO] Loaded  LoadingItem(url: http://62.113.113.58:8080/files/swf/Couturier_4e20b623ef65e53df4c6aebd774be260.swf, status: 2) 
Thu Jan 9 17:17:25 GMT+0300 2020 [INFO] Client said: 17: ["house_212_livingroom"]
Thu Jan 9 17:17:05 GMT+0300 2020 [INFO] Client said: 34: ["house_212_livingroom", "h.r.u", {uid: "212", x: 1.33, y: 9.7, at: "", d: 6, st: 23}]
Thu Jan 9 17:17:04 GMT+0300 2020 [INFO] Client said: 34: ["house_212_livingroom", "h.r.m", {uid: "212", dy: 9.7, sy: 8.3, dx: 1.33, sx: 2.17}]
Thu Jan 9 17:17:04 GMT+0300 2020 [INFO] Client said: 34: ["house_212_livingroom", "h.r.u", {uid: "212", x: 2.17, y: 8.3, at: "", d: 7, st: 23}]
Thu Jan 9 17:17:03 GMT+0300 2020 [INFO] Client said: 34: ["house_212_livingroom", "h.r.m", {uid: "212", dy: 8.3, sy: 9.86, dx: 2.17, sx: 4.73}]
Thu Jan 9 17:16:02 GMT+0300 2020 [INFO] Client said: 34: ["house_212_livingroom", "h.r.u", {uid: "212", x: 4.73, y: 9.86, at: "", d: 6, st: 23}]
Thu Jan 9 17:16:01 GMT+0300 2020 [INFO] Client said: 34: ["house_212_livingroom", "h.r.m", {uid: "212", dy: 9.86, sy: 8.45, dx: 4.73, sx: 6.7}]
Thu Jan 9 17:16:00 GMT+0300 2020 [INFO] Client said: 34: ["house_212_livingroom", "h.r.m", {uid: "212", dy: 7.5, sy: 10.29, dx: 6.56, sx: 6.83}]
Thu Jan 9 17:15:59 GMT+0300 2020 [INFO] Client said: 34: ["house_212_livingroom", "h.r.m", {uid: "212", dy: 10.47, sy: 10.25, dx: 7.66, sx: 4.63}]
Thu Jan 9 17:15:56 GMT+0300 2020 [INFO] Server said: 34: ["h.r.ra", {plr: {uid: "212", ci: {shousd: false, strfrd: 0, ceid: 0, crt: 603, gtrfrd: 0, vsexp: 1965298000, as: null, spp: 0, fak: null, lrnt: 0, lgt: 0, vip: true, rpt: 0, hrt: 1474, plcmt: {}, fexp: 0, skid: null, vret: 0, ysct: 0, gdc: 0, compid: 0, skrt: 0, trcd: 0, vexp: 1965298000, lvt: 1578579080, actrd: 0, tts: null, vfgc: 0, sbid: null, pamns: {amn: []}, ys: 0, vsact: true, actrp: 0, sbrt: 0, bcld: 0, rtrtm: 0, crst: 0, trid: null, actrt: 0, shcr: true, cmid: 0, eml: null, exp: 85800, lwts: 0, kyktid: null, dr: true}, clths: {clths: [{clid: null, tpid: "girlKgrmUncrn"}, {clid: null, tpid: "grlPnkRsErr"}, {clid: null, tpid: "girlHdbndUncrn"}, {clid: null, tpid: "grlPnkRsShs"}]}, apprnc: {shc: 1, fac: 1, brc: 1, pt: 0, et: 8, rc: 1, brt: 28, bt: 0, g: 2, rg: 0, sh: 0, fft: 0, fat: 0, hc: 5, ht: 120, n: "Джейн", mc: 1, mt: 2, sc: 1, ss: 0, ssc: 1, nct: 0, ec: 1, bc: 1, pc: 1}, pf: {pf: {phtghr: {l: 20, pgs: 0, tp: "phtghr"}, jntr: {l: 20, pgs: 0, tp: "jntr"}, vsgst: {l: 20, pgs: 0, tp: "vsgst"}, grdnr: {l: 20, pgs: 0, tp: "grdnr"}}}, locinfo: {at: "", s: "127.0.0.1", st: 23, x: 4.63, d: 4, shlc: true, y: 10.25, l: "house_212_livingroom", pl: ""}, usrinf: {rl: 0}, mbm: {ac: null, sk: "blackMobileSkin"}}}]
Thu Jan 9 17:15:54 GMT+0300 2020 [INFO] Server said: 34: ["h.r.ra", {plr: {uid: "212", ci: {shousd: false, strfrd: 0, ceid: 0, crt: 603, gtrfrd: 0, vsexp: 1965298000, as: null, spp: 0, fak: null, lrnt: 0, lgt: 0, vip: true, rpt: 0, hrt: 1474, plcmt: {}, fexp: 0, skid: null, vret: 0, ysct: 0, gdc: 0, compid: 0, skrt: 0, trcd: 0, vexp: 1965298000, lvt: 1578579080, actrd: 0, tts: null, vfgc: 0, sbid: null, pamns: {amn: []}, ys: 0, vsact: true, actrp: 0, sbrt: 0, bcld: 0, rtrtm: 0, crst: 0, trid: null, actrt: 0, shcr: true, cmid: 0, eml: null, exp: 85800, lwts: 0, kyktid: null, dr: true}, clths: {clths: [{clid: null, tpid: "girlKgrmUncrn"}, {clid: null, tpid: "grlPnkRsErr"}, {clid: null, tpid: "girlHdbndUncrn"}, {clid: null, tpid: "grlPnkRsShs"}]}, apprnc: {shc: 1, fac: 1, brc: 1, pt: 0, et: 8, rc: 1, brt: 28, bt: 0, g: 2, rg: 0, sh: 0, fft: 0, fat: 0, hc: 5, ht: 120, n: "Джейн", mc: 1, mt: 2, sc: 1, ss: 0, ssc: 1, nct: 0, ec: 1, bc: 1, pc: 1}, pf: {pf: {phtghr: {l: 20, pgs: 0, tp: "phtghr"}, jntr: {l: 20, pgs: 0, tp: "jntr"}, vsgst: {l: 20, pgs: 0, tp: "vsgst"}, grdnr: {l: 20, pgs: 0, tp: "grdnr"}}}, locinfo: {at: "", s: "127.0.0.1", st: 23, x: 5.75, d: 4, shlc: true, y: 10.25, l: "house_212_livingroom", pl: ""}, usrinf: {rl: 0}, mbm: {ac: null, sk: "blackMobileSkin"}}}]
Thu Jan 9 17:15:53 GMT+0300 2020 [INFO] Server said: 34: ["h.r.ra", {plr: {uid: "212", ci: {shousd: false, strfrd: 0, ceid: 0, crt: 603, gtrfrd: 0, vsexp: 1965298000, as: null, spp: 0, fak: null, lrnt: 0, lgt: 0, vip: true, rpt: 0, hrt: 1474, plcmt: {}, fexp: 0, skid: null, vret: 0, ysct: 0, gdc: 0, compid: 0, skrt: 0, trcd: 0, vexp: 1965298000, lvt: 1578579080, actrd: 0, tts: null, vfgc: 0, sbid: null, pamns: {amn: []}, ys: 0, vsact: true, actrp: 0, sbrt: 0, bcld: 0, rtrtm: 0, crst: 0, trid: null, actrt: 0, shcr: true, cmid: 0, eml: null, exp: 85800, lwts: 0, kyktid: null, dr: true}, clths: {clths: [{clid: null, tpid: "girlKgrmUncrn"}, {clid: null, tpid: "grlPnkRsErr"}, {clid: null, tpid: "girlHdbndUncrn"}, {clid: null, tpid: "grlPnkRsShs"}]}, apprnc: {shc: 1, fac: 1, brc: 1, pt: 0, et: 8, rc: 1, brt: 28, bt: 0, g: 2, rg: 0, sh: 0, fft: 0, fat: 0, hc: 5, ht: 120, n: "Джейн", mc: 1, mt: 2, sc: 1, ss: 0, ssc: 1, nct: 0, ec: 1, bc: 1, pc: 1}, pf: {pf: {phtghr: {l: 20, pgs: 0, tp: "phtghr"}, jntr: {l: 20, pgs: 0, tp: "jntr"}, vsgst: {l: 20, pgs: 0, tp: "vsgst"}, grdnr: {l: 20, pgs: 0, tp: "grdnr"}}}, locinfo: {at: "", s: "127.0.0.1", st: 23, x: 5.75, d: 4, shlc: true, y: 10.25, l: "house_212_livingroom", pl: ""}, usrinf: {rl: 0}, mbm: {ac: null, sk: "blackMobileSkin"}}}]
Thu Jan 9 17:15:52 GMT+0300 2020 [INFO] Client said: 34: ["house_212_livingroom", "h.r.ra", {}]
Thu Jan 9 17:15:52 GMT+0300 2020 [INFO] Server said: 34: ["a.clths.wear", {ctp: "casual", clths: {clths: [{clid: null, tpid: "girlKgrmUncrn"}, {clid: null, tpid: "grlPnkRsErr"}, {clid: null, tpid: "girlHdbndUncrn"}, {clid: null, tpid: "grlPnkRsShs"}]}, ccltn: {cct: ["girlKgrmUncrn", "grlPnkRsErr", "girlHdbndUncrn", "grlPnkRsShs"]}, cn: "", inv: {c: {frn: {it: [], id: "frn"}, cls: {it: [{iid: "", c: 1, tid: "girlShirt12"}, {iid: "", c: 1, tid: "girlUnderdress1"}, {iid: "", c: 1, tid: "girlPants9"}, {iid: "", c: 1, tid: "girlShoes14"}, {iid: "", c: 1, tid: "girlUnderdress2"}, {iid: "", c: 1, tid: "grlPnkRsTSht"}, {iid: "", c: 1, tid: "grlPnkRsJkt"}, {iid: "", c: 1, tid: "grlPnkRsPnts"}], id: "cls"}, gm: {it: [{iid: "", c: 1, tid: "blackMobileSkin"}], id: "gm"}, lt: {it: [], id: "lt"}, act: {it: [], id: "act"}}}}]
Thu Jan 9 17:15:46 GMT+0300 2020 [INFO] Client said: 34: ["house_212_livingroom", "h.r.u", {uid: "212", x: 4.63, y: 10.25, at: "", d: 6, st: 23}]
Thu Jan 9 17:15:45 GMT+0300 2020 [INFO] Client said: 34: ["house_212_livingroom", "h.r.m", {uid: "212", dy: 10.25, sy: 10.25, dx: 4.63, sx: 5.75}]
Thu Jan 9 17:15:45 GMT+0300 2020 [INFO] Server said: 34: ["h.r.ra", {plr: {uid: "212", ci: {shousd: false, strfrd: 0, ceid: 0, crt: 603, gtrfrd: 0, vsexp: 1965298000, as: null, spp: 0, fak: null, lrnt: 0, lgt: 0, vip: true, rpt: 0, hrt: 1474, plcmt: {}, fexp: 0, skid: null, vret: 0, ysct: 0, gdc: 0, compid: 0, skrt: 0, trcd: 0, vexp: 1965298000, lvt: 1578579080, actrd: 0, tts: null, vfgc: 0, sbid: null, pamns: {amn: []}, ys: 0, vsact: true, actrp: 0, sbrt: 0, bcld: 0, rtrtm: 0, crst: 0, trid: null, actrt: 0, shcr: true, cmid: 0, eml: null, exp: 85800, lwts: 0, kyktid: null, dr: true}, clths: {clths: [{clid: null, tpid: "girlKgrmUncrn"}, {clid: null, tpid: "grlPnkRsErr"}, {clid: null, tpid: "girlHdbndUncrn"}, {clid: null, tpid: "grlPnkRsShs"}]}, apprnc: {shc: 1, fac: 1, brc: 1, pt: 0, et: 8, rc: 1, brt: 28, bt: 0, g: 2, rg: 0, sh: 0, fft: 0, fat: 0, hc: 5, ht: 120, n: "Джейн", mc: 1, mt: 2, sc: 1, ss: 0, ssc: 1, nct: 0, ec: 1, bc: 1, pc: 1}, pf: {pf: {phtghr: {l: 20, pgs: 0, tp: "phtghr"}, jntr: {l: 20, pgs: 0, tp: "jntr"}, vsgst: {l: 20, pgs: 0, tp: "vsgst"}, grdnr: {l: 20, pgs: 0, tp: "grdnr"}}}, locinfo: {at: "", s: "127.0.0.1", st: 23, x: 5.75, d: 4, shlc: true, y: 10.25, l: "house_212_livingroom", pl: ""}, usrinf: {rl: 0}, mbm: {ac: null, sk: "blackMobileSkin"}}}]
Thu Jan 9 17:15:44 GMT+0300 2020 [INFO] Client said: 34: ["house_212_livingroom", "h.r.ra", {}]
Thu Jan 9 17:15:44 GMT+0300 2020 [INFO] Server said: 34: ["a.clths.wear", {ctp: "casual", clths: {clths: [{clid: null, tpid: "girlKgrmUncrn"}, {clid: null, tpid: "grlPnkRsErr"}, {clid: null, tpid: "girlHdbndUncrn"}, {clid: null, tpid: "grlPnkRsShs"}]}, ccltn: {cct: ["girlKgrmUncrn", "grlPnkRsErr", "girlHdbndUncrn", "grlPnkRsShs"]}, cn: "", inv: {c: {frn: {it: [], id: "frn"}, cls: {it: [{iid: "", c: 1, tid: "girlShirt12"}, {iid: "", c: 1, tid: "girlUnderdress1"}, {iid: "", c: 1, tid: "girlPants9"}, {iid: "", c: 1, tid: "girlShoes14"}, {iid: "", c: 1, tid: "girlUnderdress2"}, {iid: "", c: 1, tid: "grlPnkRsTSht"}, {iid: "", c: 1, tid: "grlPnkRsJkt"}, {iid: "", c: 1, tid: "grlPnkRsPnts"}], id: "cls"}, gm: {it: [{iid: "", c: 1, tid: "blackMobileSkin"}], id: "gm"}, lt: {it: [], id: "lt"}, act: {it: [], id: "act"}}}}]
Thu Jan 9 17:15:40 GMT+0300 2020 [INFO] Client said: 34: [null, "a.clths.wear", {clths: [{clid: null, tpid: "grlPnkRsErr"}, {clid: null, tpid: "grlPnkRsShs"}, {clid: null, tpid: "girlHdbndUncrn"}, {clid: "", tpid: "girlKgrmUncrn"}], ctp: "casual"}]
Thu Jan 9 17:15:37 GMT+0300 2020 [INFO] Client said: 34: [null, "a.clths.wear", {clths: [{clid: null, tpid: "grlPnkRsErr"}, {clid: null, tpid: "grlPnkRsShs"}, {clid: null, tpid: "girlHdbndUncrn"}, {clid: "", tpid: "girlKgrmUncrn"}], ctp: "casual"}]
Thu Jan 9 17:15:28 GMT+0300 2020 [INFO] Client said: 34: ["house_212_livingroom", "h.r.u", {uid: "212", x: 5.75, y: 10.25, at: "", d: 6, st: 23}]
Thu Jan 9 17:15:26 GMT+0300 2020 [INFO] Client said: 34: ["house_212_livingroom", "h.r.m", {uid: "212", dy: 10.25, sy: 9.25, dx: 5.75, sx: 10.69}]