ClientError: Thu Jan 9 17:27:48 GMT+0300 2020 [CRITICAL] [house] *Uncaught Error* ErrorId: 1009 ErrorName: TypeError ErrorMessage:Error #1009 ErrorStackTrace:TypeError: Error #1009
	at _-371::SupportNetManager/init()
	at _-4I::_-Ss/init()
	at _-Qp::_-1DK/onAddedToStage()
	at _-0qh::UIManager/_-1oS()
	at _-0qh::UIManager/showModal()
	at _-Qp::_-1DK/showModal()
	at _-19Y::TopPanel/_-3oC()
Thu Jan 9 17:27:47 GMT+0300 2020 [INFO] Server said: 34: ["ev.gse", {}]
Thu Jan 9 17:27:47 GMT+0300 2020 [INFO] Server said: 34: ["ev.get", {tg: "", c: -1, evlst: [{id: 14, unm: "мастурбация", ci: 0, ac: false, ft: 1578585457, fo: false, uid: "14", r: 8, ds: "тоже ищу, не важен пол :)", st: 1578578257, lg: 30, tt: "Пары :)", tp: 1, c: 0, l: "street_s1e", ml: 1}, {id: 102, unm: "Никита", ci: 0, ac: false, ft: 1578585845, fo: false, uid: "102", r: 8, ds: "ЫААЫАЫАЫ", st: 1578578645, lg: 30, tt: "КТО С БЕСЕДЫ СЮАД", tp: 1, c: 0, l: "club_cl1e", ml: 1}, {id: 70, unm: "я тупая", ci: 0, ac: false, ft: 1578585975, fo: false, uid: "70", r: 8, ds: ")", st: 1578578775, lg: 30, tt: "ищу др)", tp: 1, c: 0, l: "park_p1e", ml: 1}, {id: 150, unm: "Смерма течёт", ci: 0, ac: false, ft: 1578586651, fo: false, uid: "150", r: 8, ds: "ну или же лд лп", st: 1578579451, lg: 30, tt: "Спермотозой ищет друга, все ко мне", tp: 0, c: 0, l: "livingroom", ml: 1}, {id: 208, unm: "  ЭТОСАМОЕ", ci: 0, ac: false, ft: 1578581693, fo: false, uid: "208", r: 8, ds: "ПАРНЯ ИЩУ . ПРЕКОЛ АЗАЗАЗА", st: 1578579893, lg: 30, tt: "ИЩУ ПАРНЯ", tp: 0, c: 0, l: "livingroom", ml: 1}, {id: 224, unm: "/~Моня~\", ci: 0, ac: false, ft: 1578581771, fo: false, uid: "224", r: 8, ds: "пасибаааааааааааааааааааааааааааааааааааааааааааааааааааааааааааааааааааааааааааааааааааааааааааааааааааааа", st: 1578579971, lg: 30, tt: "сашаааааааа спасибо :З", tp: 1, c: 0, l: "club_v1e", ml: 1}]}]
Thu Jan 9 17:27:44 GMT+0300 2020 [INFO] Client said: 34: [null, "ev.gse", {}]
Thu Jan 9 17:27:44 GMT+0300 2020 [INFO] Client said: 34: [null, "ev.get", {tg: "", c: -1, fof: false}]
Thu Jan 9 17:27:28 GMT+0300 2020 [INFO] Client said: 34: ["house_403_livingroom", "h.r.u", {x: 4.21, st: 23, y: 5.92, d: 4, at: "", uid: "403"}]
Thu Jan 9 17:27:25 GMT+0300 2020 [INFO] Client said: 34: ["house_403_livingroom", "h.r.m", {sy: 0.1, dx: 4.21, uid: "403", dy: 5.92, sx: 4.05}]
Thu Jan 9 17:27:17 GMT+0300 2020 [INFO] Client said: 34: ["house_403_livingroom", "h.r.u", {x: 4.05, st: 0, y: 0.1, uid: "403", d: 4}]
Thu Jan 9 17:27:17 GMT+0300 2020 [INFO] Server said: 34: ["lg.lst", {glst: []}]
Thu Jan 9 17:27:17 GMT+0300 2020 [INFO] Client said: 34: ["house_403_livingroom", "lg.lst", {}]
Thu Jan 9 17:27:16 GMT+0300 2020 [INFO] Server said: 34: ["h.r.info", {rmmb: [{clths: {clths: [{tpid: "girlShirt12", clid: null}, {tpid: "girlShoes14", clid: null}, {tpid: "girlPants9", clid: null}]}, usrinf: {rl: 0}, pf: {pf: {phtghr: {tp: "phtghr", pgs: 0, l: 20}, jntr: {tp: "jntr", pgs: 0, l: 20}, vsgst: {tp: "vsgst", pgs: 0, l: 20}, grdnr: {tp: "grdnr", pgs: 0, l: 20}}}, ci: {vexp: 1965298000, gdc: 0, crst: 0, dr: true, crt: 10, shousd: false, lrnt: 0, lvt: 1578579782, as: null, ys: 0, vfgc: 0, actrp: 0, pamns: {amn: []}, bcld: 0, rtrtm: 0, vip: true, vsact: true, rpt: 0, lgt: 0, lwts: 0, skid: null, fexp: 0, tts: null, spp: 0, cmid: 0, vret: 0, actrt: 0, skrt: 0, ceid: 0, actrd: 0, trcd: 0, ysct: 0, eml: null, compid: 0, strfrd: 0, kyktid: null, sbid: null, sbrt: 0, trid: null, fak: null, gtrfrd: 0, exp: 85800, shcr: true, vsexp: 1965298000, plcmt: {}, hrt: 174}, mbm: {ac: null, sk: "blackMobileSkin"}, apprnc: {ssc: 1, rc: 1, bt: 0, sc: 4, g: 2, rg: 0, ht: 107, hc: 1, brc: 5, pc: 1, et: 1, brt: 7, ec: 5, ss: 0, mc: 1, n: "ииии.ии", nct: 0, fat: 0, fac: 1, pt: 0, sh: 0, mt: 3, fft: 0, bc: 1, shc: 1}, uid: "403", locinfo: {x: -1, st: 0, shlc: true, y: -1, l: "house_403_livingroom", at: "", s: "127.0.0.1", pl: "", d: 4}}], evn: null, rm: {id: "livingroom", l: 13, lev: 1, f: [{x: 0, tpid: "floor4", y: 0, lid: 3, z: 0, d: 5}, {x: 3, tpid: "door4", y: 0, lid: 4, z: 0, rid: "outside", d: 3}, {x: 13, tpid: "wall15", y: 0, lid: 2, z: 0, d: 5}, {x: 0, tpid: "wall15", y: 0, lid: 1, z: 0, d: 3}], nm: "#livingRoom", w: 13}}]
Thu Jan 9 17:27:04 GMT+0300 2020 [INFO] Client said: 34: ["house_403_livingroom", "h.r.info", {rid: "livingroom", uid: "403"}]
Thu Jan 9 17:27:03 GMT+0300 2020 [INFO] Server said: 34: ["h.gr", {rid: "house_403_livingroom"}]
Thu Jan 9 17:27:03 GMT+0300 2020 [INFO] Server said: 16: ["house_403_livingroom", "403"]
Thu Jan 9 17:27:03 GMT+0300 2020 [INFO] Server said: 34: ["h.r.jn", {plr: {clths: {clths: [{tpid: "girlShirt12", clid: null}, {tpid: "girlShoes14", clid: null}, {tpid: "girlPants9", clid: null}]}, usrinf: {rl: 0}, pf: {pf: {phtghr: {tp: "phtghr", pgs: 0, l: 20}, jntr: {tp: "jntr", pgs: 0, l: 20}, vsgst: {tp: "vsgst", pgs: 0, l: 20}, grdnr: {tp: "grdnr", pgs: 0, l: 20}}}, ci: {vexp: 1965298000, gdc: 0, crst: 0, dr: true, crt: 10, shousd: false, lrnt: 0, lvt: 1578579782, as: null, ys: 0, vfgc: 0, actrp: 0, pamns: {amn: []}, bcld: 0, rtrtm: 0, vip: true, vsact: true, rpt: 0, lgt: 0, lwts: 0, skid: null, fexp: 0, tts: null, spp: 0, cmid: 0, vret: 0, actrt: 0, skrt: 0, ceid: 0, actrd: 0, trcd: 0, ysct: 0, eml: null, compid: 0, strfrd: 0, kyktid: null, sbid: null, sbrt: 0, trid: null, fak: null, gtrfrd: 0, exp: 85800, shcr: true, vsexp: 1965298000, plcmt: {}, hrt: 174}, mbm: {ac: null, sk: "blackMobileSkin"}, apprnc: {ssc: 1, rc: 1, bt: 0, sc: 4, g: 2, rg: 0, ht: 107, hc: 1, brc: 5, pc: 1, et: 1, brt: 7, ec: 5, ss: 0, mc: 1, n: "ииии.ии", nct: 0, fat: 0, fac: 1, pt: 0, sh: 0, mt: 3, fft: 0, bc: 1, shc: 1}, uid: "403", locinfo: {x: -1, st: 0, shlc: true, y: -1, l: "house_403_livingroom", at: "", s: "127.0.0.1", pl: "", d: 4}}}]
Thu Jan 9 17:27:03 GMT+0300 2020 [INFO] Server said: 34: ["srqst.gtrq", {rqlst: {shwdt: 0, rlst: {}, lapt: {}, rsprlst: {}}}]
Thu Jan 9 17:27:02 GMT+0300 2020 [INFO] Client said: 34: [null, "nws.getglbl", {}]
Thu Jan 9 17:27:02 GMT+0300 2020 [INFO] Server said: 34: ["nws.hasnews", {gnexst: true, gnunr: true}]
Thu Jan 9 17:27:02 GMT+0300 2020 [INFO] Server said: 34: ["cp.cht.gbl", {blcklst: {uids: []}}]