ClientError: Thu Jan 9 17:27:02 GMT+0300 2020 [CRITICAL] [house] *Uncaught Error* ErrorId: 1009 ErrorName: TypeError ErrorMessage:Error #1009 ErrorStackTrace:TypeError: Error #1009
	at _-A7::_-2sK/_-40S()
	at _-A7::ClanRequestManager/_-40S()
	at _-2nU::ClanManager/_-3dD()
	at flash.events::EventDispatcher/dispatchEvent()
	at _-40q::CampaignManager/_-2sJ()
	at flash.events::EventDispatcher/dispatchEvent()
	at ags::_-2t/_-2dI()
	at flash.events::EventDispatcher/dispatchEvent()
	at _-0en::_-0O8/_-1LF()
	at _-0en::_-0O8/execute()
	at ags::AGSClient/_-0i9()
	at ags::AGSClient/_-2ZF()
	at ags::AGSClient/_-2Ea()
Thu Jan 9 17:27:02 GMT+0300 2020 [INFO] Server said: 34: ["cm.new", {campaigns: [{iu: "", st: 1, cil: [{id: 8151, sc: 0, cid: 643, tid: "clans", gl: 0, si: 0}, {id: 8152, sc: 0, cid: 643, tid: "clanRating_off", gl: 0, si: 0}], tp: 9, id: 643, v: 1, ed: 2442905160000}, {iu: "", st: 1, cil: [{id: 2514, sc: 0, cid: 316, tid: "mobile", gl: 0, si: 0}], tp: 9, id: 316, v: 1, ed: 1659222000000}, {iu: "", st: 2, cil: [{id: 2434, sc: 0, cid: 299, tid: "fortune2", gl: 0, si: 0}], tp: 9, id: 299, v: 1, ed: 1919631600000}, {iu: "", st: 1, cil: [{id: 1110, sc: 0, cid: 114, tid: "professions", gl: 0, si: 0}, {id: 1111, sc: 0, cid: 114, tid: "grdnr", gl: 0, si: 0}, {id: 1112, sc: 0, cid: 114, tid: "jntr", gl: 0, si: 0}, {id: 1577, sc: 0, cid: 114, tid: "vsgst", gl: 0, si: 0}, {id: 1578, sc: 0, cid: 114, tid: "phtghr", gl: 0, si: 0}], tp: 9, id: 114, v: 1, ed: 1440630000000}]}]
Thu Jan 9 17:27:02 GMT+0300 2020 [INFO] Client said: 34: [null, "h.gr", {rid: "livingroom", gid: "403", lid: "house"}]
Thu Jan 9 17:27:02 GMT+0300 2020 [INFO] Loaded  LoadingItem(url: http://62.113.113.58:8080/files/swf/furniture/house/WallPoppy.swf, status: 2) 
Thu Jan 9 17:27:02 GMT+0300 2020 [INFO] Loaded  LoadingItem(url: http://62.113.113.58:8080/files/swf/furniture/house/DoorWood.swf, status: 2) 
Thu Jan 9 17:27:02 GMT+0300 2020 [INFO] Loaded  LoadingItem(url: http://62.113.113.58:8080/files/swf/furniture/house/FloorCarpetGrass.swf, status: 2) 
Thu Jan 9 17:27:02 GMT+0300 2020 [INFO] Client said: 34: [null, "srqst.gtrq", {}]
Thu Jan 9 17:27:02 GMT+0300 2020 [INFO] Server said: 34: ["h.minfo", {tm: 1, plr: {mbm: {ac: null, sk: "blackMobileSkin"}, ci: {vexp: 1965298000, gdc: 0, crst: 0, dr: true, crt: 10, shousd: false, lrnt: 0, lvt: 1578579782, as: null, ys: 0, vfgc: 0, actrp: 0, pamns: {amn: []}, bcld: 0, rtrtm: 0, vip: true, vsact: true, rpt: 0, lgt: 0, lwts: 0, skid: null, fexp: 0, tts: null, spp: 0, cmid: 0, vret: 0, actrt: 0, skrt: 0, ceid: 0, actrd: 0, trcd: 0, ysct: 0, eml: null, compid: 0, strfrd: 0, kyktid: null, sbid: null, sbrt: 0, trid: null, fak: null, gtrfrd: 0, exp: 85800, shcr: true, vsexp: 1965298000, plcmt: {}, hrt: 174}, cs: {ccltns: {casual: {cct: ["girlShirt12", "girlShoes14", "girlPants9"], cn: "", ctp: "casual"}}, cc: "casual"}, apprnc: {ssc: 1, rc: 1, bt: 0, sc: 4, g: 2, rg: 0, ht: 107, hc: 1, brc: 5, pc: 1, et: 1, brt: 7, ec: 5, ss: 0, mc: 1, n: "ииии.ии", nct: 0, fat: 0, fac: 1, pt: 0, sh: 0, mt: 3, fft: 0, bc: 1, shc: 1}, achc: {ac: {snowboarder: {p: 0, aId: "snowboarder", l: 3, nWct: 0}, shopaholic: {p: 0, aId: "shopaholic", l: 3, nWct: 0}, carRaceChamp: {p: 0, aId: "carRaceChamp", l: 3, nWct: 0}, workaholic: {p: 0, aId: "workaholic", l: 3, nWct: 0}, activityWinner: {p: 0, aId: "activityWinner", l: 3, nWct: 0}, magnate: {p: 0, aId: "magnate", l: 3, nWct: 0}, crafter: {p: 0, aId: "crafter", l: 3, nWct: 0}, vip: {p: 0, aId: "vip", l: 3, nWct: 0}, beachRaceChamp: {p: 0, aId: "beachRaceChamp", l: 3, nWct: 0}, meerkatBear: {p: 0, aId: "meerkatBear", l: 3, nWct: 0}, generous: {p: 0, aId: "generous", l: 3, nWct: 0}, subscription: {p: 0, aId: "subscription", l: 3, nWct: 0}, pilowChamp: {p: 0, aId: "pilowChamp", l: 3, nWct: 0}, goodFriend: {p: 0, aId: "goodFriend", l: 3, nWct: 0}}, tr: {snowboardPlace1: {trrt: 0, trcd: 0, trid: "snowboardPlace1"}, snowboardPlace3: {trrt: 0, trcd: 0, trid: "snowboardPlace3"}, freelanceModerator: {trrt: 0, trcd: 0, trid: "freelanceModerator"}, activityPlace3: {trrt: 0, trcd: 0, trid: "activityPlace3"}, halloween2017: {trrt: 0, trcd: 0, trid: "halloween2017"}, familyDay2016: {trrt: 0, trcd: 0, trid: "familyDay2016"}, freelanceJournal: {trrt: 0, trcd: 0, trid: "freelanceJournal"}, springDay2018: {trrt: 0, trcd: 0, trid: "springDay2018"}, stVal2018: {trrt: 0, trcd: 0, trid: "stVal2018"}, newYear2020hero: {trrt: 0, trcd: 0, trid: "newYear2020hero"}, halloween2016: {trrt: 0, trcd: 0, trid: "halloween2016"}, firstApril16Place1: {trrt: 0, trcd: 0, trid: "firstApril16Place1"}, avatarBirthday: {trrt: 0, trcd: 0, trid: "avatarBirthday"}, freelanceCup: {trrt: 0, trcd: 0, trid: "freelanceCup"}, weddingDay: {trrt: 0, trcd: 0, trid: "weddingDay"}, firstApril2018: {trrt: 0, trcd: 0, trid: "firstApril2018"}, freelanceVideo: {trrt: 0, trcd: 0, trid: "freelanceVideo"}, yearAvatar: {trrt: 0, trcd: 0, trid: "yearAvatar"}, mittens2020: {trrt: 0, trcd: 0, trid: "mittens2020"}, snowboardPlace2: {trrt: 0, trcd: 0, trid: "snowboardPlace2"}, dzo2019: {trrt: 0, trcd: 0, trid: "dzo2019"}, halloween2018: {trrt: 0, trcd: 0, trid: "halloween2018"}, firstApril16Place2: {trrt: 0, trcd: 0, trid: "firstApril16Place2"}, freelanceSupport: {trrt: 0, trcd: 0, trid: "freelanceSupport"}, newYear2019: {trrt: 0, trcd: 0, trid: "newYear2019"}, freelanceMicrophone: {trrt: 0, trcd: 0, trid: "freelanceMicrophone"}, avaBirthdayTrophy2016: {trrt: 0, trcd: 0, trid: "avaBirthdayTrophy2016"}, newYear2018: {trrt: 0, trcd: 0, trid: "newYear2018"}, springDay2017: {trrt: 0, trcd: 0, trid: "springDay2017"}, activityPlace1: {trrt: 0, trcd: 0, trid: "activityPlace1"}, firstApril2019: {trrt: 0, trcd: 0, trid: "firstApril2019"}, firstApril16Place3: {trrt: 0, trcd: 0, trid: "firstApril16Place3"}, freelanceExchange: {trrt: 0, trcd: 0, trid: "freelanceExchange"}, activityPlace2: {trrt: 0, trcd: 0, trid: "activityPlace2"}, firstApril16Place4: {trrt: 0, trcd: 0, trid: "firstApril16Place4"}, autumnEvent2019: {trrt: 0, trcd: 0, trid: "autumnEvent2019"}, newYear2017: {trrt: 0, trcd: 0, trid: "newYear2017"}, firstApril16Place5: {trrt: 0, trcd: 0, trid: "firstApril16Place5"}, freelanceTwitterInstagram: {trrt: 0, trcd: 0, trid: "freelanceTwitterInstagram"}}}, pf: {pf: {phtghr: {tp: "phtghr", pgs: 0, l: 20}, jntr: {tp: "jntr", pgs: 0, l: 20}, vsgst: {tp: "vsgst", pgs: 0, l: 20}, grdnr: {tp: "grdnr", pgs: 0, l: 20}}}, onl: true, clths: {clths: [{tpid: "girlShirt12", clid: null}, {tpid: "girlShoes14", clid: null}, {tpid: "girlPants9", clid: null}]}, usrinf: {rl: 0}, locinfo: {x: 0, st: 0, shlc: true, y: 0, l: "", at: "", s: "127.0.0.1", pl: "", d: 4}, hs: {lt: 0, r: [{id: "1", l: 13, lev: 2, f: [{x: 0, tpid: "floor4", y: 0, lid: 3, z: 0, d: 5}, {x: 3, tpid: "door4", y: 0, lid: 4, z: 0, rid: "outside", d: 3}, {x: 13, tpid: "wall15", y: 0, lid: 2, z: 0, d: 5}, {x: 0, tpid: "wall15", y: 0, lid: 1, z: 0, d: 3}], nm: "Комната 1", w: 13}, {id: "5", l: 13, lev: 2, f: [{x: 0, tpid: "floor4", y: 0, lid: 3, z: 0, d: 5}, {x: 3, tpid: "door4", y: 0, lid: 4, z: 0, rid: "outside", d: 3}, {x: 13, tpid: "wall15", y: 0, lid: 2, z: 0, d: 5}, {x: 0, tpid: "wall15", y: 0, lid: 1, z: 0, d: 3}], nm: "Комната 5", w: 13}, {id: "livingroom", l: 13, lev: 1, f: [{x: 0, tpid: "floor4", y: 0, lid: 3, z: 0, d: 5}, {x: 3, tpid: "door4", y: 0, lid: 4, z: 0, rid: "outside", d: 3}, {x: 13, tpid: "wall15", y: 0, lid: 2, z: 0, d: 5}, {x: 0, tpid: "wall15", y: 0, lid: 1, z: 0, d: 3}], nm: "#livingRoom", w: 13}, {id: "4", l: 13, lev: 2, f: [{x: 0, tpid: "floor4", y: 0, lid: 3, z: 0, d: 5}, {x: 3, tpid: "door4", y: 0, lid: 4, z: 0, rid: "outside", d: 3}, {x: 13, tpid: "wall15", y: 0, lid: 2, z: 0, d: 5}, {x: 0, tpid: "wall15", y: 0, lid: 1, z: 0, d: 3}], nm: "Комната 4", w: 13}, {id: "3", l: 13, lev: 2, f: [{x: 0, tpid: "floor4", y: 0, lid: 3, z: 0, d: 5}, {x: 3, tpid: "door4", y: 0, lid: 4, z: 0, rid: "outside", d: 3}, {x: 13, tpid: "wall15", y: 0, lid: 2, z: 0, d: 5}, {x: 0, tpid: "wall15", y: 0, lid: 1, z: 0, d: 3}], nm: "Комната 3", w: 13}, {id: "2", l: 13, lev: 2, f: [{x: 0, tpid: "floor4", y: 0, lid: 3, z: 0, d: 5}, {x: 3, tpid: "door4", y: 0, lid: 4, z: 0, rid: "outside", d: 3}, {x: 13, tpid: "wall15", y: 0, lid: 2, z: 0, d: 5}, {x: 0, tpid: "wall15", y: 0, lid: 1, z: 0, d: 3}], nm: "Комната 2", w: 13}]}, res: {enrg: 500, emd: 0, gld: 100, slvr: 10000}, uid: "403", inv: {c: {lt: {id: "lt", it: []}, cls: {id: "cls", it: [{iid: "", c: 1, tid: "girlUnderdress1"}, {iid: "", c: 1, tid: "girlUnderdress2"}]}, frn: {id: "frn", it: []}, act: {id: "act", it: []}, gm: {id: "gm", it: [{iid: "", c: 1, tid: "blackMobileSkin"}]}}}}}]
Thu Jan 9 17:26:53 GMT+0300 2020 [INFO] Server said: 34: ["a.apprnc.save", {apprnc: {ssc: 1, rc: 1, bt: 0, sc: 4, g: 2, rg: 0, ht: 107, hc: 1, brc: 5, pc: 1, et: 1, brt: 7, ec: 5, ss: 0, mc: 1, n: "ииии.ии", nct: 0, fat: 0, fac: 1, pt: 0, sh: 0, mt: 3, fft: 0, bc: 1, shc: 1}}]
Thu Jan 9 17:26:52 GMT+0300 2020 [INFO] Client said: 34: [null, "h.minfo", {tm: 1578580013, onl: false}]
Thu Jan 9 17:26:52 GMT+0300 2020 [INFO] Server said: 34: ["a.apprnc.save", {apprnc: {ssc: 1, rc: 1, bt: 0, sc: 4, g: 2, rg: 0, ht: 107, hc: 1, brc: 5, pc: 1, et: 1, brt: 7, ec: 5, ss: 0, mc: 1, n: "ииии.ии", nct: 0, fat: 0, fac: 1, pt: 0, sh: 0, mt: 3, fft: 0, bc: 1, shc: 1}}]
Thu Jan 9 17:26:47 GMT+0300 2020 [INFO] Client said: 34: [null, "a.apprnc.save", {apprnc: {sc: 4, rc: 1, pc: 1, bt: 0, ssc: 1, g: 2, rg: 0, ht: 107, hc: 1, brc: 5, ss: 0, et: 1, brt: 7, ec: 5, fac: 1, mc: 1, n: "ииии.ии", nct: 0, fat: 0, pt: 0, sh: 0, mt: 3, fft: 0, bc: 1, shc: 1}}]
Thu Jan 9 17:26:40 GMT+0300 2020 [INFO] Client said: 34: [null, "a.apprnc.save", {apprnc: {sc: 4, rc: 1, pc: 1, bt: 0, ssc: 1, g: 2, rg: 0, ht: 107, hc: 1, brc: 5, ss: 0, et: 1, brt: 7, ec: 5, fac: 1, mc: 1, n: "ииии.ии", nct: 0, fat: 0, pt: 0, sh: 0, mt: 3, fft: 0, bc: 1, shc: 1}}]
Thu Jan 9 17:25:48 GMT+0300 2020 [INFO] Server said: 34: ["h.minfo", {has.avtr: false}]
Thu Jan 9 17:25:47 GMT+0300 2020 [INFO] Server said: 34: ["ctmr.get", {tu: {snowboardRating: []}}]
Thu Jan 9 17:25:47 GMT+0300 2020 [INFO] Server said: 34: ["ur.get", {bt: [{cr: 71509, uid: 39, hr: 600374}, {cr: 19240, uid: 14, hr: 413116}, {cr: 6295, uid: 70, hr: 251420}, {cr: 610, uid: 71, hr: 240220}, {cr: 12354, uid: 64, hr: 121044}, {cr: 1304, uid: 97, hr: 91173}, {cr: 9252, uid: 80, hr: 65707}, {cr: 1066, uid: 18, hr: 40174}, {cr: 1682, uid: 55, hr: 32583}, {cr: 73007, uid: 22, hr: 25373}]}]
Thu Jan 9 17:24:15 GMT+0300 2020 [INFO] Server said: 34: ["mail.gc", {in: [], out: []}]
Thu Jan 9 17:24:15 GMT+0300 2020 [INFO] Server said: 34: ["rl.get", {uid: "403", rlts: {}}]
Thu Jan 9 17:24:15 GMT+0300 2020 [INFO] Client said: 34: [null, "h.minfo", {tm: 1578579855, onl: false}]
Thu Jan 9 17:24:15 GMT+0300 2020 [INFO] Client said: 34: [null, "ctmr.get", {}]
Thu Jan 9 17:24:15 GMT+0300 2020 [INFO] Client said: 34: [null, "ur.get", {}]
Thu Jan 9 17:24:15 GMT+0300 2020 [INFO] Client said: 34: [null, "mail.gc", {}]
Thu Jan 9 17:24:15 GMT+0300 2020 [INFO] Client said: 34: [null, "rl.get", {}]
Thu Jan 9 17:24:15 GMT+0300 2020 [INFO] Server said: 1: ["403", true, false, false]
Thu Jan 9 17:24:13 GMT+0300 2020 [INFO] Client said: 1: ["house", "403", "ujsJtiFpTXzsfGBMchMx", {lng: "ru", rd: 0, gdr: 0, v: 2, rfid: null, bd: "", rftp: null, nk: "", clvrn: "84.0.4", sid: "403", ln: "", ctr: 0, cty: 0, pht: "http://vkontakte.ru/images/question_b.gif", lcl: "ru", fn: ""}]