ClientError: Thu Jan 9 17:23:50 GMT+0300 2020 [CRITICAL] [house] *Uncaught Error* ErrorId: 1009 ErrorName: TypeError ErrorMessage:Error #1009 ErrorStackTrace:TypeError: Error #1009
	at MethodInfo-2()
	at flash.events::EventDispatcher/dispatchEvent()
	at _-jr::FurnitureLoader/_-2qc()
	at flash.events::EventDispatcher/dispatchEvent()
	at _-0bS::MassLoader/_-4Ql()
	at _-0bS::MassLoader/_-WZ()
	at flash.events::EventDispatcher/dispatchEvent()
	at _-18R::LoadingItem/onComplete()
	at _-18R::SWFLoadingItem/onComplete()
	at MethodInfo-7()
	at MethodInfo-3593()
	at SetIntervalTimer/onTimer()
	at flash.utils::Timer/tick()
Thu Jan 9 17:23:50 GMT+0300 2020 [INFO] Loaded  LoadingItem(url: http://62.113.113.58:8080/files/swf/furniture/furniture/SofaPrincess.swf, status: 2) 
Thu Jan 9 17:23:24 GMT+0300 2020 [INFO] Client said: 34: ["house_237_livingroom", "frn.save", {f: []}]
Thu Jan 9 17:23:23 GMT+0300 2020 [INFO] Client said: 34: ["house_237_livingroom", "frn.save", {f: []}]
Thu Jan 9 17:23:20 GMT+0300 2020 [INFO] Client said: 34: ["house_237_livingroom", "h.r.u", {x: 4.58, at: "", y: 7.63, st: 23, d: 3, uid: "237"}]
Thu Jan 9 17:23:17 GMT+0300 2020 [INFO] Client said: 34: ["house_237_livingroom", "h.r.m", {dx: 4.58, sy: 0.1, dy: 7.63, sx: 4.05, uid: "237"}]
Thu Jan 9 17:23:10 GMT+0300 2020 [INFO] Server said: 34: ["lg.lst", {glst: []}]
Thu Jan 9 17:23:10 GMT+0300 2020 [INFO] Client said: 34: ["house_237_livingroom", "h.r.u", {st: 0, x: 4.05, d: 4, y: 0.1, uid: "237"}]
Thu Jan 9 17:23:10 GMT+0300 2020 [INFO] Client said: 34: ["house_237_livingroom", "lg.lst", {}]
Thu Jan 9 17:23:10 GMT+0300 2020 [INFO] Server said: 34: ["h.r.info", {rm: {lev: 1, f: [{x: 0, lid: 3, tpid: "floor4", z: 0, d: 5, y: 0}, {x: 3, lid: 4, tpid: "door4", z: 0, d: 3, y: 0, rid: "outside"}, {x: 13, lid: 2, tpid: "wall15", z: 0, d: 5, y: 0}, {x: 0, lid: 1, tpid: "wall15", z: 0, d: 3, y: 0}], nm: "#livingRoom", w: 13, l: 13, id: "livingroom"}, rmmb: [{apprnc: {ht: 130, mc: 2, shc: 1, nct: 0, rc: 1, ec: 21, g: 2, brt: 1, pt: 0, hc: 1, ss: 0, mt: 14, fft: 0, bt: 0, brc: 3, rg: 0, ssc: 1, fac: 1, n: "Екатеритзе20", fat: 0, et: 17, sc: 1, bc: 1, sh: 0, pc: 1}, ci: {trcd: 0, gtrfrd: 0, gdc: 0, ceid: 0, rpt: 0, sbid: null, crt: 393, lgt: 0, rtrtm: 0, lvt: 1578579779, vip: true, as: null, kyktid: null, sbrt: 0, cmid: 0, dr: true, lrnt: 0, plcmt: {}, crst: 0, spp: 0, lwts: 0, ys: 0, fexp: 0, vexp: 1965298000, compid: 0, fak: null, pamns: {amn: []}, actrt: 0, tts: null, skid: null, bcld: 0, vsexp: 1965298000, eml: null, skrt: 0, hrt: 174, vsact: true, actrd: 0, actrp: 0, shcr: true, vret: 0, ysct: 0, trid: null, vfgc: 0, exp: 85800, shousd: false, strfrd: 0}, mbm: {ac: null, sk: "blackMobileSkin"}, locinfo: {shlc: true, x: -1, pl: "", st: 0, y: -1, s: "127.0.0.1", l: "house_237_livingroom", d: 4, at: ""}, clths: {clths: [{tpid: "girlHdbndCt", clid: null}, {tpid: "girlKgrmCt", clid: null}, {tpid: "girlShoes14", clid: null}, {tpid: "girlPants9", clid: null}, {tpid: "girlShirt12", clid: null}]}, usrinf: {rl: 0}, pf: {pf: {jntr: {pgs: 0, tp: "jntr", l: 20}, vsgst: {pgs: 0, tp: "vsgst", l: 20}, phtghr: {pgs: 0, tp: "phtghr", l: 20}, grdnr: {pgs: 0, tp: "grdnr", l: 20}}}, uid: "237"}], evn: null}]
Thu Jan 9 17:23:07 GMT+0300 2020 [INFO] Client said: 34: ["house_237_livingroom", "h.r.info", {rid: "livingroom", uid: "237"}]
Thu Jan 9 17:23:07 GMT+0300 2020 [INFO] Server said: 34: ["h.gr", {rid: "house_237_livingroom"}]
Thu Jan 9 17:23:07 GMT+0300 2020 [INFO] Server said: 16: ["house_237_livingroom", "237"]
Thu Jan 9 17:23:07 GMT+0300 2020 [INFO] Server said: 34: ["h.r.jn", {plr: {apprnc: {ht: 130, mc: 2, shc: 1, nct: 0, rc: 1, ec: 21, g: 2, brt: 1, pt: 0, hc: 1, ss: 0, mt: 14, fft: 0, bt: 0, brc: 3, rg: 0, ssc: 1, fac: 1, n: "Екатеритзе20", fat: 0, et: 17, sc: 1, bc: 1, sh: 0, pc: 1}, ci: {trcd: 0, gtrfrd: 0, gdc: 0, ceid: 0, rpt: 0, sbid: null, crt: 393, lgt: 0, rtrtm: 0, lvt: 1578579779, vip: true, as: null, kyktid: null, sbrt: 0, cmid: 0, dr: true, lrnt: 0, plcmt: {}, crst: 0, spp: 0, lwts: 0, ys: 0, fexp: 0, vexp: 1965298000, compid: 0, fak: null, pamns: {amn: []}, actrt: 0, tts: null, skid: null, bcld: 0, vsexp: 1965298000, eml: null, skrt: 0, hrt: 174, vsact: true, actrd: 0, actrp: 0, shcr: true, vret: 0, ysct: 0, trid: null, vfgc: 0, exp: 85800, shousd: false, strfrd: 0}, mbm: {ac: null, sk: "blackMobileSkin"}, locinfo: {shlc: true, x: -1, pl: "", st: 0, y: -1, s: "127.0.0.1", l: "house_237_livingroom", d: 4, at: ""}, clths: {clths: [{tpid: "girlHdbndCt", clid: null}, {tpid: "girlKgrmCt", clid: null}, {tpid: "girlShoes14", clid: null}, {tpid: "girlPants9", clid: null}, {tpid: "girlShirt12", clid: null}]}, usrinf: {rl: 0}, pf: {pf: {jntr: {pgs: 0, tp: "jntr", l: 20}, vsgst: {pgs: 0, tp: "vsgst", l: 20}, phtghr: {pgs: 0, tp: "phtghr", l: 20}, grdnr: {pgs: 0, tp: "grdnr", l: 20}}}, uid: "237"}}]
Thu Jan 9 17:23:06 GMT+0300 2020 [INFO] Server said: 34: ["srqst.gtrq", {rqlst: {rsprlst: {}, shwdt: 0, rlst: {}, lapt: {}}}]
Thu Jan 9 17:23:06 GMT+0300 2020 [INFO] Client said: 34: [null, "nws.getglbl", {}]
Thu Jan 9 17:23:06 GMT+0300 2020 [INFO] Server said: 34: ["nws.hasnews", {gnexst: true, gnunr: true}]
Thu Jan 9 17:23:06 GMT+0300 2020 [INFO] Server said: 34: ["cp.cht.gbl", {blcklst: {uids: []}}]
Thu Jan 9 17:23:06 GMT+0300 2020 [INFO] Server said: 34: ["cm.new", {campaigns: [{iu: "", tp: 9, ed: 2442905160000, v: 1, cil: [{cid: 643, sc: 0, gl: 0, tid: "clans", id: 8151, si: 0}, {cid: 643, sc: 0, gl: 0, tid: "clanRating_off", id: 8152, si: 0}], st: 1, id: 643}, {iu: "", tp: 9, ed: 1659222000000, v: 1, cil: [{cid: 316, sc: 0, gl: 0, tid: "mobile", id: 2514, si: 0}], st: 1, id: 316}, {iu: "", tp: 9, ed: 1919631600000, v: 1, cil: [{cid: 299, sc: 0, gl: 0, tid: "fortune2", id: 2434, si: 0}], st: 2, id: 299}, {iu: "", tp: 9, ed: 1440630000000, v: 1, cil: [{cid: 114, sc: 0, gl: 0, tid: "professions", id: 1110, si: 0}, {cid: 114, sc: 0, gl: 0, tid: "grdnr", id: 1111, si: 0}, {cid: 114, sc: 0, gl: 0, tid: "jntr", id: 1112, si: 0}, {cid: 114, sc: 0, gl: 0, tid: "vsgst", id: 1577, si: 0}, {cid: 114, sc: 0, gl: 0, tid: "phtghr", id: 1578, si: 0}], st: 1, id: 114}]}]
Thu Jan 9 17:23:05 GMT+0300 2020 [INFO] Client said: 34: [null, "h.gr", {lid: "house", gid: "237", rid: "livingroom"}]
Thu Jan 9 17:23:05 GMT+0300 2020 [INFO] Client said: 34: [null, "srqst.gtrq", {}]
Thu Jan 9 17:23:05 GMT+0300 2020 [INFO] Server said: 34: ["h.minfo", {tm: 1, plr: {apprnc: {ht: 130, mc: 2, shc: 1, nct: 0, rc: 1, ec: 21, g: 2, brt: 1, pt: 0, hc: 1, ss: 0, mt: 14, fft: 0, bt: 0, brc: 3, rg: 0, ssc: 1, fac: 1, n: "Екатеритзе20", fat: 0, et: 17, sc: 1, bc: 1, sh: 0, pc: 1}, usrinf: {rl: 0}, mbm: {ac: null, sk: "blackMobileSkin"}, ci: {trcd: 0, gtrfrd: 0, gdc: 0, ceid: 0, rpt: 0, sbid: null, crt: 393, lgt: 0, rtrtm: 0, lvt: 1578579779, vip: true, as: null, kyktid: null, sbrt: 0, cmid: 0, dr: true, lrnt: 0, plcmt: {}, crst: 0, spp: 0, lwts: 0, ys: 0, fexp: 0, vexp: 1965298000, compid: 0, fak: null, pamns: {amn: []}, actrt: 0, tts: null, skid: null, bcld: 0, vsexp: 1965298000, eml: null, skrt: 0, hrt: 174, vsact: true, actrd: 0, actrp: 0, shcr: true, vret: 0, ysct: 0, trid: null, vfgc: 0, exp: 85800, shousd: false, strfrd: 0}, cs: {ccltns: {casual: {cn: "", cct: ["girlHdbndCt", "girlKgrmCt", "girlShoes14", "girlPants9", "girlShirt12"], ctp: "casual"}}, cc: "casual"}, res: {enrg: 500, emd: 0, gld: 4457, slvr: 10000}, uid: "237", locinfo: {shlc: true, x: 0, pl: "", st: 0, y: 0, s: "127.0.0.1", l: "", d: 4, at: ""}, onl: true, achc: {ac: {snowboarder: {p: 0, nWct: 0, l: 3, aId: "snowboarder"}, meerkatBear: {p: 0, nWct: 0, l: 3, aId: "meerkatBear"}, workaholic: {p: 0, nWct: 0, l: 3, aId: "workaholic"}, crafter: {p: 0, nWct: 0, l: 3, aId: "crafter"}, vip: {p: 0, nWct: 0, l: 3, aId: "vip"}, activityWinner: {p: 0, nWct: 0, l: 3, aId: "activityWinner"}, subscription: {p: 0, nWct: 0, l: 3, aId: "subscription"}, magnate: {p: 0, nWct: 0, l: 3, aId: "magnate"}, shopaholic: {p: 0, nWct: 0, l: 3, aId: "shopaholic"}, carRaceChamp: {p: 0, nWct: 0, l: 3, aId: "carRaceChamp"}, generous: {p: 0, nWct: 0, l: 3, aId: "generous"}, goodFriend: {p: 0, nWct: 0, l: 3, aId: "goodFriend"}, beachRaceChamp: {p: 0, nWct: 0, l: 3, aId: "beachRaceChamp"}, pilowChamp: {p: 0, nWct: 0, l: 3, aId: "pilowChamp"}}, tr: {firstApril16Place2: {trcd: 0, trrt: 0, trid: "firstApril16Place2"}, snowboardPlace1: {trcd: 0, trrt: 0, trid: "snowboardPlace1"}, avaBirthdayTrophy2016: {trcd: 0, trrt: 0, trid: "avaBirthdayTrophy2016"}, newYear2017: {trcd: 0, trrt: 0, trid: "newYear2017"}, springDay2017: {trcd: 0, trrt: 0, trid: "springDay2017"}, firstApril16Place5: {trcd: 0, trrt: 0, trid: "firstApril16Place5"}, activityPlace1: {trcd: 0, trrt: 0, trid: "activityPlace1"}, familyDay2016: {trcd: 0, trrt: 0, trid: "familyDay2016"}, springDay2018: {trcd: 0, trrt: 0, trid: "springDay2018"}, freelanceJournal: {trcd: 0, trrt: 0, trid: "freelanceJournal"}, activityPlace2: {trcd: 0, trrt: 0, trid: "activityPlace2"}, firstApril2018: {trcd: 0, trrt: 0, trid: "firstApril2018"}, firstApril2019: {trcd: 0, trrt: 0, trid: "firstApril2019"}, avatarBirthday: {trcd: 0, trrt: 0, trid: "avatarBirthday"}, firstApril16Place3: {trcd: 0, trrt: 0, trid: "firstApril16Place3"}, halloween2016: {trcd: 0, trrt: 0, trid: "halloween2016"}, newYear2019: {trcd: 0, trrt: 0, trid: "newYear2019"}, snowboardPlace2: {trcd: 0, trrt: 0, trid: "snowboardPlace2"}, autumnEvent2019: {trcd: 0, trrt: 0, trid: "autumnEvent2019"}, freelanceExchange: {trcd: 0, trrt: 0, trid: "freelanceExchange"}, snowboardPlace3: {trcd: 0, trrt: 0, trid: "snowboardPlace3"}, newYear2020hero: {trcd: 0, trrt: 0, trid: "newYear2020hero"}, firstApril16Place1: {trcd: 0, trrt: 0, trid: "firstApril16Place1"}, yearAvatar: {trcd: 0, trrt: 0, trid: "yearAvatar"}, freelanceMicrophone: {trcd: 0, trrt: 0, trid: "freelanceMicrophone"}, firstApril16Place4: {trcd: 0, trrt: 0, trid: "firstApril16Place4"}, mittens2020: {trcd: 0, trrt: 0, trid: "mittens2020"}, stVal2018: {trcd: 0, trrt: 0, trid: "stVal2018"}, freelanceVideo: {trcd: 0, trrt: 0, trid: "freelanceVideo"}, freelanceCup: {trcd: 0, trrt: 0, trid: "freelanceCup"}, halloween2017: {trcd: 0, trrt: 0, trid: "halloween2017"}, dzo2019: {trcd: 0, trrt: 0, trid: "dzo2019"}, freelanceSupport: {trcd: 0, trrt: 0, trid: "freelanceSupport"}, freelanceModerator: {trcd: 0, trrt: 0, trid: "freelanceModerator"}, weddingDay: {trcd: 0, trrt: 0, trid: "weddingDay"}, freelanceTwitterInstagram: {trcd: 0, trrt: 0, trid: "freelanceTwitterInstagram"}, activityPlace3: {trcd: 0, trrt: 0, trid: "activityPlace3"}, halloween2018: {trcd: 0, trrt: 0, trid: "halloween2018"}, newYear2018: {trcd: 0, trrt: 0, trid: "newYear2018"}}}, clths: {clths: [{tpid: "girlHdbndCt", clid: null}, {tpid: "girlKgrmCt", clid: null}, {tpid: "girlShoes14", clid: null}, {tpid: "girlPants9", clid: null}, {tpid: "girlShirt12", clid: null}]}, hs: {lt: 0, r: [{l: 13, f: [{x: 0, lid: 3, tpid: "floor4", z: 0, d: 5, y: 0}, {x: 3, lid: 4, tpid: "door4", z: 0, d: 3, y: 0, rid: "outside"}, {x: 13, lid: 2, tpid: "wall15", z: 0, d: 5, y: 0}, {x: 0, lid: 1, tpid: "wall15", z: 0, d: 3, y: 0}], nm: "Комната 1", w: 13, lev: 2, id: "1"}, {l: 13, f: [{x: 0, lid: 3, tpid: "floor4", z: 0, d: 5, y: 0}, {x: 3, lid: 4, tpid: "door4", z: 0, d: 3, y: 0, rid: "outside"}, {x: 13, lid: 2, tpid: "wall15", z: 0, d: 5, y: 0}, {x: 0, lid: 1, tpid: "wall15", z: 0, d: 3, y: 0}], nm: "Комната 5", w: 13, lev: 2, id: "5"}, {l: 13, f: [{x: 0, lid: 3, tpid: "floor4", z: 0, d: 5, y: 0}, {x: 3, lid: 4, tpid: "door4", z: 0, d: 3, y: 0, rid: "outside"}, {x: 13, lid: 2, tpid: "wall15", z: 0, d: 5, y: 0}, {x: 0, lid: 1, tpid: "wall15", z: 0, d: 3, y: 0}], nm: "#livingRoom", w: 13, lev: 1, id: "livingroom"}, {l: 13, f: [{x: 0, lid: 3, tpid: "floor4", z: 0, d: 5, y: 0}, {x: 3, lid: 4, tpid: "door4", z: 0, d: 3, y: 0, rid: "outside"}, {x: 13, lid: 2, tpid: "wall15", z: 0, d: 5, y: 0}, {x: 0, lid: 1, tpid: "wall15", z: 0, d: 3, y: 0}], nm: "Комната 4", w: 13, lev: 2, id: "4"}, {l: 13, f: [{x: 0, lid: 3, tpid: "floor4", z: 0, d: 5, y: 0}, {x: 3, lid: 4, tpid: "door4", z: 0, d: 3, y: 0, rid: "outside"}, {x: 13, lid: 2, tpid: "wall15", z: 0, d: 5, y: 0}, {x: 0, lid: 1, tpid: "wall15", z: 0, d: 3, y: 0}], nm: "Комната 3", w: 13, lev: 2, id: "3"}, {l: 13, f: [{x: 0, lid: 3, tpid: "floor4", z: 0, d: 5, y: 0}, {x: 3, lid: 4, tpid: "door4", z: 0, d: 3, y: 0, rid: "outside"}, {x: 13, lid: 2, tpid: "wall15", z: 0, d: 5, y: 0}, {x: 0, lid: 1, tpid: "wall15", z: 0, d: 3, y: 0}], nm: "Комната 2", w: 13, lev: 2, id: "2"}]}, inv: {c: {lt: {it: [], id: "lt"}, gm: {it: [{c: 1, iid: "", tid: "blackMobileSkin"}], id: "gm"}, act: {it: [], id: "act"}, cls: {it: [{c: 1, iid: "", tid: "girlUnderdress1"}, {c: 1, iid: "", tid: "girlUnderdress2"}], id: "cls"}, frn: {it: [], id: "frn"}}}, pf: {pf: {jntr: {pgs: 0, tp: "jntr", l: 20}, vsgst: {pgs: 0, tp: "vsgst", l: 20}, phtghr: {pgs: 0, tp: "phtghr", l: 20}, grdnr: {pgs: 0, tp: "grdnr", l: 20}}}}}]
Thu Jan 9 17:22:58 GMT+0300 2020 [INFO] Client said: 34: [null, "h.minfo", {tm: 1578579778, onl: true}]
Thu Jan 9 17:22:58 GMT+0300 2020 [INFO] Server said: 1: ["237", true, false, false]
Thu Jan 9 17:22:55 GMT+0300 2020 [INFO] Client said: 1: ["house", "237", "ihODIUDMWzxJKiETBMbX", {ln: null, gdr: 0, pht: null, lcl: null, rd: 0, clvrn: "84.0.4", rftp: null, lng: null, bd: null, sid: null, ctr: 0, rfid: null, cty: 0, fn: null, nk: null, v: 2}]
Thu Jan 9 17:22:53 GMT+0300 2020 [INFO] Server said: 34: ["o.r.u", {x: 10.52, st: 23, y: 8.02, d: 5, at: "", uid: "260"}]
Thu Jan 9 17:22:52 GMT+0300 2020 [INFO] Server said: 34: ["o.r.m", {dx: 10.52, sy: 6.77, dy: 8.02, sx: 12.27, uid: "260"}]
Thu Jan 9 17:22:51 GMT+0300 2020 [INFO] Server said: 34: ["o.r.u", {x: 12.27, st: 23, y: 6.77, d: 6, at: "", uid: "260"}]
Thu Jan 9 17:22:50 GMT+0300 2020 [INFO] Server said: 34: ["o.r.m", {dx: 12.27, sy: 6, dy: 6.77, sx: 14, uid: "260"}]
Thu Jan 9 17:22:49 GMT+0300 2020 [INFO] Server said: 34: ["o.r.u", {x: 12.05, at: "", y: 16.17, d: 3, st: 23, uid: "258"}]
Thu Jan 9 17:22:48 GMT+0300 2020 [INFO] Server said: 34: ["o.r.u", {d: 1, x: 14.42, st: 0, y: 5.6, uid: "260"}]
Thu Jan 9 17:22:47 GMT+0300 2020 [INFO] Server said: 34: ["o.r.m", {dx: 12.05, sy: 14.67, dy: 16.17, sx: 9.3, uid: "258"}]
Thu Jan 9 17:22:47 GMT+0300 2020 [INFO] Server said: 34: ["o.r.u", {x: 14.42, st: 1, y: 5.6, d: 0, at: "salonActiveChairItem22", uid: "260"}]
Thu Jan 9 17:22:46 GMT+0300 2020 [INFO] Server said: 34: ["o.r.u", {x: 14.42, st: 23, y: 5.6, d: 0, at: "", uid: "260"}]
Thu Jan 9 17:22:44 GMT+0300 2020 [INFO] Server said: 34: ["o.r.u", {d: 4, x: 15.5, st: 0, y: 1.5, uid: "39"}]
Thu Jan 9 17:22:44 GMT+0300 2020 [INFO] Server said: 34: ["o.r.u", {x: 9.3, at: "", y: 14.67, d: 3, st: 23, uid: "258"}]
Thu Jan 9 17:22:44 GMT+0300 2020 [INFO] Server said: 34: ["o.r.m", {dx: 14.42, sy: 6, dy: 5.6, sx: 14, uid: "260"}]
Thu Jan 9 17:22:43 GMT+0300 2020 [INFO] Server said: 34: ["o.r.m", {dx: 9.3, sy: 13.53, dy: 14.67, sx: 8.66, uid: "258"}]
Thu Jan 9 17:22:41 GMT+0300 2020 [INFO] Server said: 34: ["o.r.u", {x: 7.2, st: 23, y: 10.52, d: 4, at: "", uid: "208"}]