ClientError: Thu Jan 9 17:25:00 GMT+0300 2020 [CRITICAL] [house] *Uncaught Error* ErrorId: 1009 ErrorName: TypeError ErrorMessage:Error #1009 ErrorStackTrace:TypeError: Error #1009
	at MethodInfo-2()
	at flash.events::EventDispatcher/dispatchEvent()
	at _-jr::FurnitureLoader/_-2qc()
	at flash.events::EventDispatcher/dispatchEvent()
	at _-0bS::MassLoader/_-4Ql()
	at _-0bS::MassLoader/_-WZ()
	at flash.events::EventDispatcher/dispatchEvent()
	at _-18R::LoadingItem/onComplete()
	at _-18R::SWFLoadingItem/onComplete()
	at MethodInfo-7()
Thu Jan 9 17:25:00 GMT+0300 2020 [INFO] Loaded  LoadingItem(url: http://62.113.113.58:8080/files/swf/furniture/decor/ChestPrincess.swf, status: 2) 
Thu Jan 9 17:24:46 GMT+0300 2020 [INFO] Server said: 34: ["ntf.res", {res: {enrg: 500, gld: 3637, emd: 0, slvr: 10000}}]
Thu Jan 9 17:24:45 GMT+0300 2020 [INFO] Server said: 34: ["ntf.inv", {it: {c: 1, iid: "", tid: "floorPrns1"}}]
Thu Jan 9 17:24:43 GMT+0300 2020 [INFO] Client said: 34: [null, "frn.buy", {cnt: 1, pind: 1, tpid: "floorPrns1"}]
Thu Jan 9 17:24:38 GMT+0300 2020 [INFO] Server said: 34: ["ntf.res", {res: {enrg: 500, gld: 3653, emd: 0, slvr: 10000}}]
Thu Jan 9 17:24:37 GMT+0300 2020 [INFO] Server said: 34: ["ntf.inv", {it: {c: 1, iid: "", tid: "armPrncssBrwn"}}]
Thu Jan 9 17:24:35 GMT+0300 2020 [INFO] Client said: 34: [null, "frn.buy", {cnt: 1, pind: 1, tpid: "armPrncssBrwn"}]
Thu Jan 9 17:24:34 GMT+0300 2020 [INFO] Server said: 34: ["ntf.res", {res: {enrg: 500, gld: 3738, emd: 0, slvr: 10000}}]
Thu Jan 9 17:24:34 GMT+0300 2020 [INFO] Loaded  LoadingItem(url: http://62.113.113.58:8080/files/swf/furniture/furniture/ArmchairPrincessBrown.swf, status: 2) 
Thu Jan 9 17:24:31 GMT+0300 2020 [INFO] Server said: 34: ["ntf.inv", {it: {c: 1, iid: "", tid: "lmpPrns"}}]
Thu Jan 9 17:24:26 GMT+0300 2020 [INFO] Client said: 34: [null, "frn.buy", {cnt: 1, pind: 1, tpid: "lmpPrns"}]
Thu Jan 9 17:24:25 GMT+0300 2020 [INFO] Loaded  LoadingItem(url: http://62.113.113.58:8080/files/swf/furniture/decor/LampPrincess.swf, status: 2) 
Thu Jan 9 17:24:24 GMT+0300 2020 [INFO] Server said: 34: ["ntf.res", {res: {enrg: 500, gld: 3758, emd: 0, slvr: 10000}}]
Thu Jan 9 17:24:23 GMT+0300 2020 [INFO] Server said: 34: ["ntf.inv", {it: {c: 1, iid: "", tid: "cptPrns"}}]
Thu Jan 9 17:24:22 GMT+0300 2020 [INFO] Client said: 34: [null, "frn.buy", {cnt: 1, pind: 1, tpid: "cptPrns"}]
Thu Jan 9 17:24:21 GMT+0300 2020 [INFO] Loaded  LoadingItem(url: http://62.113.113.58:8080/files/swf/furniture/decor/CarpetPrincess.swf, status: 2) 
Thu Jan 9 17:24:20 GMT+0300 2020 [INFO] Server said: 34: ["ntf.res", {res: {enrg: 500, gld: 3818, emd: 0, slvr: 10000}}]
Thu Jan 9 17:24:20 GMT+0300 2020 [INFO] Server said: 34: ["ntf.inv", {it: {c: 1, iid: "", tid: "nsPrns"}}]
Thu Jan 9 17:24:19 GMT+0300 2020 [INFO] Client said: 34: [null, "frn.buy", {cnt: 1, pind: 1, tpid: "nsPrns"}]
Thu Jan 9 17:24:18 GMT+0300 2020 [INFO] Loaded  LoadingItem(url: http://62.113.113.58:8080/files/swf/furniture/furniture/NightstandPrincess.swf, status: 2) 
Thu Jan 9 17:24:16 GMT+0300 2020 [INFO] Server said: 34: ["ntf.res", {res: {enrg: 500, gld: 3866, emd: 0, slvr: 10000}}]
Thu Jan 9 17:24:16 GMT+0300 2020 [INFO] Server said: 34: ["ntf.inv", {it: {c: 1, iid: "", tid: "bdPrncss"}}]
Thu Jan 9 17:24:14 GMT+0300 2020 [INFO] Client said: 34: [null, "frn.buy", {cnt: 1, pind: 1, tpid: "bdPrncss"}]
Thu Jan 9 17:24:14 GMT+0300 2020 [INFO] Loaded  LoadingItem(url: http://62.113.113.58:8080/files/swf/furniture/furniture/BedPrincess.swf, status: 2) 
Thu Jan 9 17:24:13 GMT+0300 2020 [INFO] Server said: 34: ["ntf.res", {res: {enrg: 500, gld: 4165, emd: 0, slvr: 10000}}]
Thu Jan 9 17:24:13 GMT+0300 2020 [INFO] Server said: 34: ["ntf.inv", {it: {c: 1, iid: "", tid: "pctrPrns"}}]
Thu Jan 9 17:24:11 GMT+0300 2020 [INFO] Client said: 34: [null, "frn.buy", {cnt: 1, pind: 1, tpid: "pctrPrns"}]
Thu Jan 9 17:24:10 GMT+0300 2020 [INFO] Loaded  LoadingItem(url: http://62.113.113.58:8080/files/swf/furniture/decor/PicturePrincess.swf, status: 2) 
Thu Jan 9 17:24:09 GMT+0300 2020 [INFO] Server said: 34: ["ntf.res", {res: {enrg: 500, gld: 4200, emd: 0, slvr: 10000}}]
Thu Jan 9 17:24:09 GMT+0300 2020 [INFO] Server said: 34: ["ntf.inv", {it: {c: 1, iid: "", tid: "sfPrncss"}}]
Thu Jan 9 17:24:06 GMT+0300 2020 [INFO] Client said: 34: [null, "frn.buy", {cnt: 1, pind: 1, tpid: "sfPrncss"}]
Thu Jan 9 17:24:05 GMT+0300 2020 [INFO] Server said: 34: ["ntf.res", {res: {enrg: 500, gld: 4350, emd: 0, slvr: 10000}}]
Thu Jan 9 17:24:04 GMT+0300 2020 [INFO] Server said: 34: ["ntf.inv", {it: {c: 1, iid: "", tid: "armPrncssGrn"}}]
Thu Jan 9 17:24:03 GMT+0300 2020 [INFO] Client said: 34: [null, "frn.buy", {cnt: 1, pind: 1, tpid: "armPrncssGrn"}]
Thu Jan 9 17:24:02 GMT+0300 2020 [INFO] Loaded  LoadingItem(url: http://62.113.113.58:8080/files/swf/furniture/furniture/ArmchairPrincessGreen.swf, status: 2) 
Thu Jan 9 17:24:01 GMT+0300 2020 [INFO] Server said: 34: ["ntf.res", {res: {enrg: 500, gld: 4445, emd: 0, slvr: 10000}}]
Thu Jan 9 17:24:01 GMT+0300 2020 [INFO] Server said: 34: ["ntf.inv", {it: {c: 1, iid: "", tid: "wallPrns1"}}]
Thu Jan 9 17:24:00 GMT+0300 2020 [INFO] Client said: 34: [null, "frn.buy", {cnt: 1, pind: 1, tpid: "wallPrns1"}]