ClientError: Thu Jan 9 16:55:22 GMT+0300 2020 [CRITICAL] [couturier] *Uncaught Error* ErrorId: 1010 ErrorName: TypeError ErrorMessage:Error #1010 ErrorStackTrace:TypeError: Error #1010
	at _-1u9::URL/parse()
	at _-1u9::URL()
	at _-18R::LoadingItem()
	at _-18R::SWFLoadingItem()
	at _-0bS::MassLoader/add()
	at _-0bS::MassLoader/_-2R5()
	at flash.events::EventDispatcher/dispatchEvent()
	at _-18R::LoadingItem/_-1Iu()
	at _-18R::LoadingItem/onError()
	at _-18R::SWFLoadingItem/onError()
	at flash.events::EventDispatcher/dispatchEvent()
	at flash.net::URLLoader/onComplete()
Thu Jan 9 16:55:21 GMT+0300 2020 [INFO] Server said: 34: ["o.r.u", {uid: "28", x: 14.3, at: "", y: 8.55, st: 23, d: 2}]
Thu Jan 9 16:55:21 GMT+0300 2020 [INFO] Server said: 34: ["cp.cht.sm", {rid: "salon_sn1_1", msg: {msg: "типа сттр5елок", tp: "chatTextMessage", mid: null, sid: "105", tag: null, cid: null}}]
Thu Jan 9 16:55:19 GMT+0300 2020 [INFO] Server said: 34: ["cp.cht.sm", {rid: "salon_sn1_1", msg: {sid: "105", tp: "chatTypingMessage", cid: null}}]
Thu Jan 9 16:55:18 GMT+0300 2020 [INFO] Server said: 34: ["o.r.m", {uid: "28", dx: 14.3, dy: 8.55, sx: 13.65, sy: 5.35}]
Thu Jan 9 16:55:17 GMT+0300 2020 [INFO] Server said: 34: ["o.r.m", {uid: "28", dx: 13, dy: 8.5, sx: 15.5, sy: 1.5}]
Thu Jan 9 16:55:17 GMT+0300 2020 [INFO] Server said: 34: ["cp.cht.sm", {rid: "salon_sn1_1", msg: {msg: "ахеренныеъ тени", tp: "chatTextMessage", mid: null, sid: "105", tag: null, cid: null}}]
Thu Jan 9 16:55:17 GMT+0300 2020 [INFO] Server said: 34: ["cp.cht.sm", {rid: "salon_sn1_1", msg: {sid: "105", tp: "chatTypingMessage", cid: null}}]
Thu Jan 9 16:55:16 GMT+0300 2020 [INFO] Server said: 34: ["o.r.ra", {plr: {uid: "50", clths: {clths: [{clid: null, tpid: "girlGlssJrnl"}, {clid: null, tpid: "anmGAnmPll"}, {clid: null, tpid: "grlPnkRsShs"}, {clid: null, tpid: "girlNcklJpn3"}, {clid: null, tpid: "anmGSchLcs"}, {clid: null, tpid: "girlShirt12"}, {clid: null, tpid: "girlSV19VlntnWngs"}, {clid: null, tpid: "girlShrtsLn"}, {clid: null, tpid: "girlHpnLn"}]}, pf: {pf: {phtghr: {tp: "phtghr", pgs: 0, l: 20}, grdnr: {tp: "grdnr", pgs: 0, l: 20}, jntr: {tp: "jntr", pgs: 0, l: 20}, vsgst: {tp: "vsgst", pgs: 0, l: 20}}}, mbm: {sk: "blackMobileSkin", ac: null}, locinfo: {x: 7.17, at: "", y: 11.17, shlc: true, st: 23, s: "127.0.0.1", d: 4, l: "salon_sn1_1", pl: ""}, apprnc: {ht: 112, rc: 1, rg: 0, bt: 0, pt: 0, ss: 0, nct: 0, g: 2, sc: 1, fat: 0, sh: 23, pc: 1, ssc: 1, n: "-КАКТУС ЯНА-", hc: 27, et: 38, fac: 1, fft: 2, mt: 29, ec: 29, brt: 22, brc: 1, mc: 28, bc: 1, shc: 35}, usrinf: {rl: 0}, ci: {lrnt: 0, crst: 0, crt: 1389, cmid: 0, vsexp: 1965298000, vsact: true, rtrtm: 0, hrt: 174, strfrd: 0, shousd: false, dr: true, ceid: 0, pamns: {amn: []}, gdc: 0, compid: 0, rpt: 0, fak: null, sbid: null, spp: 0, lvt: 1578577629, trcd: 0, bcld: 0, lgt: 0, fexp: 0, tts: null, actrt: 0, actrd: 0, ys: 0, vret: 0, lwts: 0, vexp: 1965298000, ysct: 0, skrt: 0, as: null, skid: null, eml: null, kyktid: null, sbrt: 0, trid: null, gtrfrd: 0, exp: 85800, actrp: 0, vfgc: 0, vip: true, shcr: true, plcmt: {}}}}]
Thu Jan 9 16:55:14 GMT+0300 2020 [INFO] Server said: 34: ["cp.cht.sm", {rid: "salon_sn1_1", msg: {sid: "105", tp: "chatTypingMessage", cid: null}}]
Thu Jan 9 16:55:14 GMT+0300 2020 [INFO] Server said: 34: ["o.r.u", {uid: "28", x: 15.5, d: 4, y: 1.5, st: 0}]
Thu Jan 9 16:55:13 GMT+0300 2020 [INFO] Server said: 34: ["cp.cht.sm", {rid: "salon_sn1_1", msg: {msg: "мейк", tp: "chatTextMessage", mid: null, sid: "105", tag: null, cid: null}}]
Thu Jan 9 16:55:07 GMT+0300 2020 [INFO] Server said: 34: ["cp.cht.sm", {rid: "salon_sn1_1", msg: {msg: "ссделайте", tp: "chatTextMessage", mid: null, sid: "105", tag: null, cid: null}}]
Thu Jan 9 16:55:07 GMT+0300 2020 [INFO] Server said: 16: ["salon_sn1_1", "28"]
Thu Jan 9 16:55:07 GMT+0300 2020 [INFO] Server said: 34: ["o.r.jn", {plr: {uid: "28", clths: {clths: [{clid: null, tpid: "girlNcklFrog"}, {clid: null, tpid: "gSP14Gun"}, {clid: null, tpid: "girlTShrtFrog"}, {clid: null, tpid: "girlPntsFrog"}, {clid: null, tpid: "girlBtsFrog"}]}, pf: {pf: {phtghr: {tp: "phtghr", pgs: 0, l: 20}, grdnr: {tp: "grdnr", pgs: 0, l: 20}, jntr: {tp: "jntr", pgs: 0, l: 20}, vsgst: {tp: "vsgst", pgs: 0, l: 20}}}, mbm: {sk: "blackMobileSkin", ac: null}, locinfo: {x: -1, at: "", y: -1, shlc: true, st: 0, s: "127.0.0.1", d: 4, l: "salon_sn1_1", pl: ""}, apprnc: {ht: 127, rc: 1, rg: 0, bt: 0, pt: 0, ss: 0, nct: 0, g: 2, sc: 1, fat: 0, sh: 0, pc: 1, ssc: 1, n: "Лунтик ", hc: 1, et: 40, fac: 1, fft: 12, mt: 30, ec: 11, brt: 6, brc: 1, mc: 5, bc: 1, shc: 1}, usrinf: {rl: 0}, ci: {lrnt: 0, crst: 0, crt: 860, cmid: 0, vsexp: 1965298000, vsact: true, rtrtm: 0, hrt: 174, strfrd: 0, shousd: false, dr: true, ceid: 0, pamns: {amn: []}, gdc: 0, compid: 0, rpt: 0, fak: null, sbid: null, spp: 0, lvt: 1578578106, trcd: 0, bcld: 0, lgt: 0, fexp: 0, tts: null, actrt: 0, actrd: 0, ys: 0, vret: 0, lwts: 0, vexp: 1965298000, ysct: 0, skrt: 0, as: null, skid: null, eml: null, kyktid: null, sbrt: 0, trid: "freelanceMicrophone", gtrfrd: 0, exp: 85800, actrp: 0, vfgc: 0, vip: true, shcr: true, plcmt: {}}}}]
Thu Jan 9 16:55:05 GMT+0300 2020 [INFO] Server said: 34: ["cp.cht.sm", {rid: "salon_sn1_1", msg: {sid: "105", tp: "chatTypingMessage", cid: null}}]
Thu Jan 9 16:55:04 GMT+0300 2020 [INFO] Server said: 34: ["o.r.ra", {plr: {uid: "85", clths: {clths: [{clid: null, tpid: "gShsPsln11"}, {clid: null, tpid: "girlNY20VKGiftPllvDr"}, {clid: null, tpid: "girlPntsNY20Gld"}]}, pf: {pf: {phtghr: {tp: "phtghr", pgs: 0, l: 20}, grdnr: {tp: "grdnr", pgs: 0, l: 20}, jntr: {tp: "jntr", pgs: 0, l: 20}, vsgst: {tp: "vsgst", pgs: 0, l: 20}}}, mbm: {sk: "blackMobileSkin", ac: null}, locinfo: {x: 18.9, at: "sitItem14", y: 17.17, shlc: true, st: 1, s: "127.0.0.1", d: 4, l: "salon_sn1_1", pl: ""}, apprnc: {ht: 127, rc: 1, rg: 0, bt: 0, pt: 0, ss: 20, nct: 0, g: 2, sc: 2, fat: 0, sh: 11, pc: 1, ssc: 4, n: "BlAcK cAt", hc: 1, et: 33, fac: 1, fft: 0, mt: 4, ec: 1, brt: 29, brc: 2, mc: 3, bc: 1, shc: 24}, usrinf: {rl: 0}, ci: {lrnt: 0, crst: 0, crt: 405, cmid: 0, vsexp: 1965298000, vsact: true, rtrtm: 0, hrt: 174, strfrd: 0, shousd: false, dr: true, ceid: 0, pamns: {amn: []}, gdc: 0, compid: 0, rpt: 0, fak: null, sbid: null, spp: 0, lvt: 1578577450, trcd: 0, bcld: 0, lgt: 0, fexp: 0, tts: null, actrt: 0, actrd: 0, ys: 0, vret: 0, lwts: 0, vexp: 1965298000, ysct: 0, skrt: 0, as: null, skid: null, eml: null, kyktid: null, sbrt: 0, trid: "freelanceVideo", gtrfrd: 0, exp: 85800, actrp: 0, vfgc: 0, vip: true, shcr: true, plcmt: {}}}}]
Thu Jan 9 16:55:03 GMT+0300 2020 [INFO] Server said: 34: ["o.r.ra", {plr: {uid: "85", clths: {clths: [{clid: null, tpid: "gShsPsln11"}, {clid: null, tpid: "girlNY20VKGiftPllvDr"}, {clid: null, tpid: "girlPntsNY20Gld"}]}, pf: {pf: {phtghr: {tp: "phtghr", pgs: 0, l: 20}, grdnr: {tp: "grdnr", pgs: 0, l: 20}, jntr: {tp: "jntr", pgs: 0, l: 20}, vsgst: {tp: "vsgst", pgs: 0, l: 20}}}, mbm: {sk: "blackMobileSkin", ac: null}, locinfo: {x: 18.9, at: "sitItem14", y: 17.17, shlc: true, st: 1, s: "127.0.0.1", d: 4, l: "salon_sn1_1", pl: ""}, apprnc: {ht: 127, rc: 1, rg: 0, bt: 0, pt: 0, ss: 20, nct: 0, g: 2, sc: 2, fat: 0, sh: 11, pc: 1, ssc: 4, n: "BlAcK cAt", hc: 1, et: 33, fac: 1, fft: 0, mt: 4, ec: 1, brt: 29, brc: 2, mc: 3, bc: 1, shc: 24}, usrinf: {rl: 0}, ci: {lrnt: 0, crst: 0, crt: 405, cmid: 0, vsexp: 1965298000, vsact: true, rtrtm: 0, hrt: 174, strfrd: 0, shousd: false, dr: true, ceid: 0, pamns: {amn: []}, gdc: 0, compid: 0, rpt: 0, fak: null, sbid: null, spp: 0, lvt: 1578577450, trcd: 0, bcld: 0, lgt: 0, fexp: 0, tts: null, actrt: 0, actrd: 0, ys: 0, vret: 0, lwts: 0, vexp: 1965298000, ysct: 0, skrt: 0, as: null, skid: null, eml: null, kyktid: null, sbrt: 0, trid: "freelanceVideo", gtrfrd: 0, exp: 85800, actrp: 0, vfgc: 0, vip: true, shcr: true, plcmt: {}}}}]
Thu Jan 9 16:55:03 GMT+0300 2020 [INFO] Server said: 34: ["cp.cht.sm", {rid: "salon_sn1_1", msg: {msg: "деевочки", tp: "chatTextMessage", mid: null, sid: "105", tag: null, cid: null}}]
Thu Jan 9 16:55:03 GMT+0300 2020 [INFO] Server said: 17: ["salon_sn1_1", "23"]
Thu Jan 9 16:55:02 GMT+0300 2020 [INFO] Server said: 34: ["o.r.lv", {uid: "23"}]
Thu Jan 9 16:54:59 GMT+0300 2020 [INFO] Server said: 34: ["o.r.u", {uid: "105", x: 9.75, at: "", y: 6.44, st: 23, d: 5}]
Thu Jan 9 16:54:58 GMT+0300 2020 [INFO] Server said: 34: ["o.r.m", {uid: "105", dy: 6.44, sy: 5.89, dx: 9.75, sx: 10.3}]
Thu Jan 9 16:54:58 GMT+0300 2020 [INFO] Server said: 34: ["o.r.m", {uid: "105", dy: 6.44, sy: 5.5, dx: 9.75, sx: 10.69}]
Thu Jan 9 16:54:58 GMT+0300 2020 [INFO] Server said: 34: ["o.r.u", {uid: "38", x: 12.73, at: "sitItem12", y: 2.31, st: 1, d: 0}]
Thu Jan 9 16:54:58 GMT+0300 2020 [INFO] Server said: 34: ["o.r.u", {uid: "38", x: 12.73, at: "", y: 2.31, st: 23, d: 0}]
Thu Jan 9 16:54:58 GMT+0300 2020 [INFO] Server said: 34: ["o.r.ra", {plr: {uid: "105", clths: {clths: [{clid: null, tpid: "girlShirt12"}, {clid: null, tpid: "girlShoes14"}, {clid: null, tpid: "girlPants9"}]}, pf: {pf: {phtghr: {tp: "phtghr", pgs: 0, l: 20}, grdnr: {tp: "grdnr", pgs: 0, l: 20}, jntr: {tp: "jntr", pgs: 0, l: 20}, vsgst: {tp: "vsgst", pgs: 0, l: 20}}}, mbm: {sk: "blackMobileSkin", ac: null}, locinfo: {x: 10.69, at: "", y: 5.5, shlc: true, st: 23, s: "127.0.0.1", d: 4, l: "salon_sn1_1", pl: ""}, apprnc: {ht: 126, rc: 11, rg: 2, bt: 0, pt: 0, ss: 0, nct: 0, g: 2, sc: 1, fat: 0, sh: 0, pc: 1, ssc: 1, n: "Ѯӑҕӑβӈӑ®", hc: 2, et: 40, fac: 1, fft: 0, mt: 29, ec: 5, brt: 31, brc: 1, mc: 29, bc: 1, shc: 7}, usrinf: {rl: 0}, ci: {lrnt: 0, crst: 0, crt: 10, cmid: 0, vsexp: 1965298000, vsact: true, rtrtm: 0, hrt: 174, strfrd: 0, shousd: false, dr: true, ceid: 0, pamns: {amn: []}, gdc: 0, compid: 0, rpt: 0, fak: null, sbid: null, spp: 0, lvt: 1578577943, trcd: 0, bcld: 0, lgt: 0, fexp: 0, tts: null, actrt: 0, actrd: 0, ys: 0, vret: 0, lwts: 0, vexp: 1965298000, ysct: 0, skrt: 0, as: null, skid: null, eml: null, kyktid: null, sbrt: 0, trid: null, gtrfrd: 0, exp: 85800, actrp: 0, vfgc: 0, vip: true, shcr: true, plcmt: {}}}}]
Thu Jan 9 16:54:57 GMT+0300 2020 [INFO] Server said: 34: ["o.r.m", {uid: "38", dx: 12.73, sy: 3.5, dy: 2.31, sx: 12.88}]
Thu Jan 9 16:54:57 GMT+0300 2020 [INFO] Server said: 34: ["o.r.ra", {plr: {uid: "105", clths: {clths: [{clid: null, tpid: "girlShirt12"}, {clid: null, tpid: "girlShoes14"}, {clid: null, tpid: "girlPants9"}]}, pf: {pf: {phtghr: {tp: "phtghr", pgs: 0, l: 20}, grdnr: {tp: "grdnr", pgs: 0, l: 20}, jntr: {tp: "jntr", pgs: 0, l: 20}, vsgst: {tp: "vsgst", pgs: 0, l: 20}}}, mbm: {sk: "blackMobileSkin", ac: null}, locinfo: {x: 10.69, at: "", y: 5.5, shlc: true, st: 23, s: "127.0.0.1", d: 4, l: "salon_sn1_1", pl: ""}, apprnc: {ht: 126, rc: 11, rg: 2, bt: 0, pt: 0, ss: 0, nct: 0, g: 2, sc: 1, fat: 0, sh: 0, pc: 1, ssc: 1, n: "Ѯӑҕӑβӈӑ®", hc: 2, et: 40, fac: 1, fft: 0, mt: 29, ec: 5, brt: 31, brc: 1, mc: 29, bc: 1, shc: 7}, usrinf: {rl: 0}, ci: {lrnt: 0, crst: 0, crt: 10, cmid: 0, vsexp: 1965298000, vsact: true, rtrtm: 0, hrt: 174, strfrd: 0, shousd: false, dr: true, ceid: 0, pamns: {amn: []}, gdc: 0, compid: 0, rpt: 0, fak: null, sbid: null, spp: 0, lvt: 1578577943, trcd: 0, bcld: 0, lgt: 0, fexp: 0, tts: null, actrt: 0, actrd: 0, ys: 0, vret: 0, lwts: 0, vexp: 1965298000, ysct: 0, skrt: 0, as: null, skid: null, eml: null, kyktid: null, sbrt: 0, trid: null, gtrfrd: 0, exp: 85800, actrp: 0, vfgc: 0, vip: true, shcr: true, plcmt: {}}}}]
Thu Jan 9 16:54:56 GMT+0300 2020 [INFO] Server said: 34: ["o.r.u", {uid: "61", x: 11.78, at: "sitItem12", y: 2.36, st: 1, d: 7}]
Thu Jan 9 16:54:56 GMT+0300 2020 [INFO] Server said: 34: ["o.r.u", {uid: "61", x: 11.78, at: "", y: 2.36, st: 23, d: 7}]
Thu Jan 9 16:54:56 GMT+0300 2020 [INFO] Server said: 34: ["o.r.m", {uid: "38", dx: 9.48, sy: 1.5, dy: 5.83, sx: 15.5}]
Thu Jan 9 16:54:56 GMT+0300 2020 [INFO] Server said: 34: ["o.r.m", {dx: 11.78, dy: 2.36, sx: 12.3, uid: "61", sy: 5.42}]
Thu Jan 9 16:54:55 GMT+0300 2020 [INFO] Server said: 34: ["o.r.u", {uid: "38", x: 15.5, d: 4, y: 1.5, st: 0}]
Thu Jan 9 16:54:52 GMT+0300 2020 [INFO] Server said: 16: ["salon_sn1_1", "38"]
Thu Jan 9 16:54:52 GMT+0300 2020 [INFO] Server said: 34: ["o.r.jn", {plr: {uid: "38", clths: {clths: [{clid: null, tpid: "boyShirt14"}, {clid: null, tpid: "boyShoes8"}, {clid: null, tpid: "boyPants10"}]}, pf: {pf: {phtghr: {tp: "phtghr", pgs: 0, l: 20}, grdnr: {tp: "grdnr", pgs: 0, l: 20}, jntr: {tp: "jntr", pgs: 0, l: 20}, vsgst: {tp: "vsgst", pgs: 0, l: 20}}}, mbm: {sk: "blackMobileSkin", ac: null}, locinfo: {x: -1, at: "", y: -1, shlc: true, st: 0, s: "127.0.0.1", d: 4, l: "salon_sn1_1", pl: ""}, apprnc: {ht: 60, rc: 1, rg: 0, bt: 0, pt: 0, ss: 0, nct: 0, g: 1, sc: 2, fat: 0, sh: 0, pc: 1, ssc: 1, n: "Макс", hc: 25, et: 1, fac: 1, fft: 3, mt: 23, ec: 1, brt: 16, brc: 29, mc: 3, bc: 1, shc: 1}, usrinf: {rl: 0}, ci: {lrnt: 0, crst: 0, crt: 18, cmid: 0, vsexp: 1965298000, vsact: true, rtrtm: 0, hrt: 174, strfrd: 0, shousd: false, dr: true, ceid: 0, pamns: {amn: []}, gdc: 0, compid: 0, rpt: 0, fak: null, sbid: null, spp: 0, lvt: 1578578089, trcd: 0, bcld: 0, lgt: 0, fexp: 0, tts: null, actrt: 0, actrd: 0, ys: 0, vret: 0, lwts: 0, vexp: 1965298000, ysct: 0, skrt: 0, as: null, skid: null, eml: null, kyktid: null, sbrt: 0, trid: null, gtrfrd: 0, exp: 85800, actrp: 0, vfgc: 0, vip: true, shcr: true, plcmt: {}}}}]
Thu Jan 9 16:54:51 GMT+0300 2020 [INFO] Server said: 34: ["o.r.u", {uid: "61", x: 12.3, at: "", y: 5.42, st: 23, d: 4}]
Thu Jan 9 16:54:50 GMT+0300 2020 [INFO] Client said: 17: ["salon_sn1_1"]
Thu Jan 9 16:54:49 GMT+0300 2020 [INFO] Server said: 34: ["o.r.ra", {plr: {uid: "116", clths: {clths: [{clid: null, tpid: "girlFA18Msk2"}, {clid: null, tpid: "girlShirt12"}, {clid: null, tpid: "girlShoes14"}, {clid: null, tpid: "girlPants9"}]}, pf: {pf: {phtghr: {tp: "phtghr", pgs: 0, l: 20}, grdnr: {tp: "grdnr", pgs: 0, l: 20}, jntr: {tp: "jntr", pgs: 0, l: 20}, vsgst: {tp: "vsgst", pgs: 0, l: 20}}}, mbm: {sk: "blackMobileSkin", ac: null}, locinfo: {x: 14.42, at: "", y: 5.6, shlc: true, st: 0, s: "127.0.0.1", d: 4, l: "salon_sn1_1", pl: ""}, apprnc: {ht: 112, rc: 1, rg: 0, bt: 0, pt: 0, ss: 0, nct: 0, g: 2, sc: 2, fat: 0, sh: 0, pc: 1, ssc: 1, n: "ɢʀᴏᴢᴢᴀ", hc: 5, et: 34, fac: 1, fft: 10, mt: 6, ec: 5, brt: 23, brc: 7, mc: 5, bc: 1, shc: 1}, usrinf: {rl: 0}, ci: {lrnt: 0, crst: 0, crt: 1053, cmid: 0, vsexp: 1965298000, vsact: true, rtrtm: 0, hrt: 174, strfrd: 0, shousd: false, dr: true, ceid: 0, pamns: {amn: []}, gdc: 0, compid: 0, rpt: 0, fak: null, sbid: null, spp: 0, lvt: 1578577973, trcd: 0, bcld: 0, lgt: 0, fexp: 0, tts: null, actrt: 0, actrd: 0, ys: 0, vret: 0, lwts: 0, vexp: 1965298000, ysct: 0, skrt: 0, as: null, skid: null, eml: null, kyktid: null, sbrt: 0, trid: null, gtrfrd: 0, exp: 85800, actrp: 0, vfgc: 0, vip: true, shcr: true, plcmt: {}}}}]