ClientError: Thu Jan 9 23:30:47 GMT+0800 2020 [CRITICAL] [house] *Uncaught Error* ErrorId: 1010 ErrorName: TypeError ErrorMessage:Error #1010 ErrorStackTrace:TypeError: Error #1010
	at _-1u9::URL/parse()
	at _-1u9::URL()
	at _-18R::LoadingItem()
	at _-18R::SWFLoadingItem()
	at _-0bS::MassLoader/add()
	at _-0bS::MassLoader/_-2R5()
	at flash.events::EventDispatcher/dispatchEvent()
	at _-18R::LoadingItem/_-1Iu()
	at _-18R::LoadingItem/onError()
	at _-18R::SWFLoadingItem/onError()
	at flash.events::EventDispatcher/dispatchEvent()
	at flash.net::URLLoader/onComplete()
Thu Jan 9 23:30:17 GMT+0800 2020 [INFO] Server said: 34: ["ntf.res", {res: {gld: 4467, emd: 0, slvr: 50, enrg: 500}}]
Thu Jan 9 23:30:17 GMT+0800 2020 [INFO] Server said: 34: ["ntf.inv", {it: {tid: "sofaVip2", c: 2, iid: ""}}]
Thu Jan 9 23:30:16 GMT+0800 2020 [INFO] Client said: 34: [null, "frn.buy", {tpid: "sofaVip2", pind: 1, cnt: 2}]
Thu Jan 9 23:30:10 GMT+0800 2020 [INFO] Loaded  LoadingItem(url: http://62.113.113.58:8080/files/swf/furniture/furniture/SofaMenAuto.swf, status: 2) 
Thu Jan 9 23:29:58 GMT+0800 2020 [INFO] Server said: 34: ["ntf.res", {res: {gld: 4765, emd: 0, slvr: 50, enrg: 500}}]
Thu Jan 9 23:29:58 GMT+0800 2020 [INFO] Server said: 34: ["ntf.inv", {it: {tid: "sfCtr", c: 2, iid: ""}}]
Thu Jan 9 23:29:57 GMT+0800 2020 [INFO] Client said: 34: [null, "frn.buy", {tpid: "sfCtr", pind: 1, cnt: 2}]
Thu Jan 9 23:29:23 GMT+0800 2020 [INFO] Loaded  LoadingItem(url: http://62.113.113.58:8080/files/swf/furniture/house/WindowDarkPolar.swf, status: 2) 
Thu Jan 9 23:29:01 GMT+0800 2020 [INFO] Server said: 34: ["ntf.res", {res: {gld: 4855, emd: 0, slvr: 50, enrg: 500}}]
Thu Jan 9 23:29:01 GMT+0800 2020 [INFO] Server said: 34: ["ntf.inv", {it: {tid: "door2", c: 1, iid: ""}}]
Thu Jan 9 23:29:00 GMT+0800 2020 [INFO] Client said: 34: [null, "frn.buy", {tpid: "door2", pind: 1, cnt: 1}]
Thu Jan 9 23:28:32 GMT+0800 2020 [INFO] Loaded  LoadingItem(url: http://62.113.113.58:8080/files/swf/furniture/house/DoorLightPolar.swf, status: 2) 
Thu Jan 9 23:28:07 GMT+0800 2020 [INFO] Server said: 34: ["ntf.res", {res: {gld: 4872, emd: 0, slvr: 50, enrg: 500}}]
Thu Jan 9 23:28:07 GMT+0800 2020 [INFO] Server said: 34: ["ntf.inv", {it: {tid: "drNYRf", c: 1, iid: ""}}]
Thu Jan 9 23:28:06 GMT+0800 2020 [INFO] Client said: 34: [null, "frn.buy", {tpid: "drNYRf", pind: 1, cnt: 1}]
Thu Jan 9 23:28:04 GMT+0800 2020 [INFO] Loaded  LoadingItem(url: http://62.113.113.58:8080/files/swf/furniture/house/DoorNYRoof.swf, status: 2) 
Thu Jan 9 23:27:43 GMT+0800 2020 [INFO] Server said: 34: ["ntf.res", {res: {gld: 4922, emd: 0, slvr: 50, enrg: 500}}]
Thu Jan 9 23:27:42 GMT+0800 2020 [INFO] Server said: 34: ["ntf.inv", {it: {tid: "proPhtDr", c: 1, iid: ""}}]
Thu Jan 9 23:27:42 GMT+0800 2020 [INFO] Client said: 34: [null, "frn.buy", {tpid: "proPhtDr", pind: 1, cnt: 1}]
Thu Jan 9 23:27:38 GMT+0800 2020 [INFO] Loaded  LoadingItem(url: http://62.113.113.58:8080/files/swf/furniture/house/DoorPhotostudio.swf, status: 2) 
Thu Jan 9 23:27:06 GMT+0800 2020 [INFO] Server said: 34: ["h.r.ra", {plr: {locinfo: {at: "", x: 2.17, s: "127.0.0.1", shlc: true, y: 10.61, l: "house_352_livingroom", st: 23, d: 4, pl: ""}, mbm: {ac: null, sk: "blackMobileSkin"}, pf: {pf: {phtghr: {tp: "phtghr", l: 20, pgs: 0}, grdnr: {tp: "grdnr", l: 20, pgs: 0}, jntr: {tp: "jntr", l: 20, pgs: 0}, vsgst: {tp: "vsgst", l: 20, pgs: 0}}}, ci: {skrt: 0, rpt: 0, bcld: 0, gtrfrd: 0, skid: null, vexp: 1965298000, strfrd: 0, eml: null, vsexp: 1965298000, lwts: 0, vsact: true, kyktid: null, trid: null, vret: 0, actrt: 0, trcd: 0, vfgc: 0, sbid: null, ceid: 0, fexp: 0, compid: 0, plcmt: {}, rtrtm: 0, pamns: {amn: []}, crst: 0, ysct: 0, cmid: 0, actrp: 0, actrd: 0, exp: 85800, dr: true, shousd: false, gdc: 0, sbrt: 0, lgt: 0, spp: 0, as: null, lvt: 1578582610, fak: null, lrnt: 0, hrt: 1019, tts: null, shcr: true, crt: 1675, ys: 0, vip: true}, usrinf: {rl: 0}, apprnc: {ss: 0, ec: 5, brt: 28, g: 2, fat: 0, ht: 123, rg: 0, pt: 0, nct: 0, fft: 0, fac: 1, n: "мамка в хате", sh: 0, ssc: 1, brc: 1, et: 7, shc: 1, bc: 1, pc: 1, sc: 1, rc: 1, hc: 5, bt: 0, mt: 6, mc: 3}, uid: "352", clths: {clths: [{clid: null, tpid: "girlGlssHp"}, {clid: null, tpid: "girlCtHp"}, {clid: null, tpid: "girlHtHp"}, {clid: null, tpid: "girlBtsHp"}, {clid: null, tpid: "girlTShrtHp"}, {clid: null, tpid: "east15GChnPdt"}, {clid: null, tpid: "girlErrHp"}, {clid: null, tpid: "girlPntsHp"}]}}}]
Thu Jan 9 23:27:04 GMT+0800 2020 [INFO] Client said: 34: ["house_352_livingroom", "h.r.ra", {}]
Thu Jan 9 23:27:04 GMT+0800 2020 [INFO] Server said: 34: ["a.clths.buy", {ccltn: {cct: ["girlGlssHp", "girlCtHp", "girlHtHp", "girlBtsHp", "girlTShrtHp", "east15GChnPdt", "girlErrHp", "girlPntsHp"], ctp: "casual", cn: ""}, res: {gld: 4992, emd: 0, slvr: 50, enrg: 500}, crt: 1675, inv: {c: {act: {id: "act", it: []}, gm: {id: "gm", it: [{tid: "blackMobileSkin", c: 1, iid: ""}]}, cls: {id: "cls", it: [{tid: "girlUnderdress1", c: 1, iid: ""}, {tid: "girlShirt12", c: 1, iid: ""}, {tid: "girlPants9", c: 1, iid: ""}, {tid: "girlShoes14", c: 1, iid: ""}, {tid: "girlUnderdress2", c: 1, iid: ""}, {tid: "girlTShrtHttr", c: 1, iid: ""}, {tid: "girlLcsJrnl", c: 1, iid: ""}, {tid: "grlBtsPrfClr", c: 1, iid: ""}, {tid: "girlBtsFrog", c: 1, iid: ""}, {tid: "girlPntsFrog", c: 1, iid: ""}, {tid: "csl15GCGSkt", c: 1, iid: ""}, {tid: "girlTShrtFrog", c: 1, iid: ""}, {tid: "girlNcklFrog", c: 1, iid: ""}, {tid: "east15GChnDss", c: 1, iid: ""}, {tid: "east15GChnFr", c: 1, iid: ""}, {tid: "east15GChnBts", c: 1, iid: ""}, {tid: "east15GChnHr", c: 1, iid: ""}]}, frn: {id: "frn", it: [{tid: "wllGTch", c: 1, iid: ""}, {tid: "wallJpn1", c: 1, iid: ""}, {tid: "floorArtNv1", c: 1, iid: ""}, {tid: "floorCtr1", c: 1, iid: ""}, {tid: "wall15", c: 1, iid: ""}, {tid: "floor4", c: 1, iid: ""}]}, lt: {id: "lt", it: []}}}, clths: {clths: [{clid: null, tpid: "girlGlssHp"}, {clid: null, tpid: "girlCtHp"}, {clid: null, tpid: "girlHtHp"}, {clid: null, tpid: "girlBtsHp"}, {clid: null, tpid: "girlTShrtHp"}, {clid: null, tpid: "east15GChnPdt"}, {clid: null, tpid: "girlErrHp"}, {clid: null, tpid: "girlPntsHp"}]}}]
Thu Jan 9 23:26:56 GMT+0800 2020 [INFO] Client said: 34: [null, "a.clths.bst", {tpid: "girlHypeSet", pind: 1, ctp: "casual"}]
Thu Jan 9 23:26:53 GMT+0800 2020 [INFO] Server said: 34: ["b.inslv", {inslv: 5900}]
Thu Jan 9 23:26:53 GMT+0800 2020 [INFO] Server said: 34: ["ntf.res", {res: {gld: 5091, emd: 0, slvr: 5950, enrg: 500}}]
Thu Jan 9 23:26:53 GMT+0800 2020 [INFO] Client said: 34: [null, "b.bs", {gld: 59}]
Thu Jan 9 23:26:42 GMT+0800 2020 [INFO] Server said: 34: ["h.r.ra", {plr: {locinfo: {at: "", x: 2.17, s: "127.0.0.1", shlc: true, y: 10.61, l: "house_352_livingroom", st: 23, d: 4, pl: ""}, mbm: {ac: null, sk: "blackMobileSkin"}, pf: {pf: {phtghr: {tp: "phtghr", l: 20, pgs: 0}, grdnr: {tp: "grdnr", l: 20, pgs: 0}, jntr: {tp: "jntr", l: 20, pgs: 0}, vsgst: {tp: "vsgst", l: 20, pgs: 0}}}, ci: {skrt: 0, rpt: 0, bcld: 0, gtrfrd: 0, skid: null, vexp: 1965298000, strfrd: 0, eml: null, vsexp: 1965298000, lwts: 0, vsact: true, kyktid: null, trid: null, vret: 0, actrt: 0, trcd: 0, vfgc: 0, sbid: null, ceid: 0, fexp: 0, compid: 0, plcmt: {}, rtrtm: 0, pamns: {amn: []}, crst: 0, ysct: 0, cmid: 0, actrp: 0, actrd: 0, exp: 85800, dr: true, shousd: false, gdc: 0, sbrt: 0, lgt: 0, spp: 0, as: null, lvt: 1578582610, fak: null, lrnt: 0, hrt: 1019, tts: null, shcr: true, crt: 1366, ys: 0, vip: true}, usrinf: {rl: 0}, apprnc: {ss: 0, ec: 5, brt: 28, g: 2, fat: 0, ht: 123, rg: 0, pt: 0, nct: 0, fft: 0, fac: 1, n: "мамка в хате", sh: 0, ssc: 1, brc: 1, et: 7, shc: 1, bc: 1, pc: 1, sc: 1, rc: 1, hc: 5, bt: 0, mt: 6, mc: 3}, uid: "352", clths: {clths: [{clid: null, tpid: "east15GChnDss"}, {clid: null, tpid: "east15GChnPdt"}, {clid: null, tpid: "east15GChnFr"}, {clid: null, tpid: "east15GChnHr"}, {clid: null, tpid: "east15GChnBts"}]}}}]
Thu Jan 9 23:26:41 GMT+0800 2020 [INFO] Client said: 34: ["house_352_livingroom", "h.r.ra", {}]
Thu Jan 9 23:26:41 GMT+0800 2020 [INFO] Server said: 34: ["a.clths.buy", {ccltn: {cct: ["east15GChnDss", "east15GChnPdt", "east15GChnFr", "east15GChnHr", "east15GChnBts"], ctp: "casual", cn: ""}, res: {gld: 5150, emd: 0, slvr: 50, enrg: 500}, crt: 1366, inv: {c: {act: {id: "act", it: []}, gm: {id: "gm", it: [{tid: "blackMobileSkin", c: 1, iid: ""}]}, cls: {id: "cls", it: [{tid: "girlUnderdress1", c: 1, iid: ""}, {tid: "girlShirt12", c: 1, iid: ""}, {tid: "girlPants9", c: 1, iid: ""}, {tid: "girlShoes14", c: 1, iid: ""}, {tid: "girlUnderdress2", c: 1, iid: ""}, {tid: "girlTShrtHttr", c: 1, iid: ""}, {tid: "girlLcsJrnl", c: 1, iid: ""}, {tid: "grlBtsPrfClr", c: 1, iid: ""}, {tid: "girlBtsFrog", c: 1, iid: ""}, {tid: "girlPntsFrog", c: 1, iid: ""}, {tid: "csl15GCGSkt", c: 1, iid: ""}, {tid: "girlTShrtFrog", c: 1, iid: ""}, {tid: "girlNcklFrog", c: 1, iid: ""}]}, frn: {id: "frn", it: [{tid: "wllGTch", c: 1, iid: ""}, {tid: "wallJpn1", c: 1, iid: ""}, {tid: "floorArtNv1", c: 1, iid: ""}, {tid: "floorCtr1", c: 1, iid: ""}, {tid: "wall15", c: 1, iid: ""}, {tid: "floor4", c: 1, iid: ""}]}, lt: {id: "lt", it: []}}}, clths: {clths: [{clid: null, tpid: "east15GChnDss"}, {clid: null, tpid: "east15GChnPdt"}, {clid: null, tpid: "east15GChnFr"}, {clid: null, tpid: "east15GChnHr"}, {clid: null, tpid: "east15GChnBts"}]}}]
Thu Jan 9 23:26:35 GMT+0800 2020 [INFO] Client said: 34: [null, "a.clths.bst", {tpid: "east2015GirlSet1", pind: 1, ctp: "casual"}]
Thu Jan 9 23:26:32 GMT+0800 2020 [INFO] Server said: 34: ["b.inslv", {inslv: 3000}]
Thu Jan 9 23:26:32 GMT+0800 2020 [INFO] Server said: 34: ["ntf.res", {res: {gld: 5205, emd: 0, slvr: 3000, enrg: 500}}]
Thu Jan 9 23:26:31 GMT+0800 2020 [INFO] Client said: 34: [null, "b.bs", {gld: 30}]
Thu Jan 9 23:26:20 GMT+0800 2020 [INFO] Server said: 34: ["h.r.ra", {plr: {locinfo: {at: "", x: 2.17, s: "127.0.0.1", shlc: true, y: 10.61, l: "house_352_livingroom", st: 23, d: 4, pl: ""}, mbm: {ac: null, sk: "blackMobileSkin"}, pf: {pf: {phtghr: {tp: "phtghr", l: 20, pgs: 0}, grdnr: {tp: "grdnr", l: 20, pgs: 0}, jntr: {tp: "jntr", l: 20, pgs: 0}, vsgst: {tp: "vsgst", l: 20, pgs: 0}}}, ci: {skrt: 0, rpt: 0, bcld: 0, gtrfrd: 0, skid: null, vexp: 1965298000, strfrd: 0, eml: null, vsexp: 1965298000, lwts: 0, vsact: true, kyktid: null, trid: null, vret: 0, actrt: 0, trcd: 0, vfgc: 0, sbid: null, ceid: 0, fexp: 0, compid: 0, plcmt: {}, rtrtm: 0, pamns: {amn: []}, crst: 0, ysct: 0, cmid: 0, actrp: 0, actrd: 0, exp: 85800, dr: true, shousd: false, gdc: 0, sbrt: 0, lgt: 0, spp: 0, as: null, lvt: 1578582610, fak: null, lrnt: 0, hrt: 1019, tts: null, shcr: true, crt: 1198, ys: 0, vip: true}, usrinf: {rl: 0}, apprnc: {ss: 0, ec: 5, brt: 28, g: 2, fat: 0, ht: 123, rg: 0, pt: 0, nct: 0, fft: 0, fac: 1, n: "мамка в хате", sh: 0, ssc: 1, brc: 1, et: 7, shc: 1, bc: 1, pc: 1, sc: 1, rc: 1, hc: 5, bt: 0, mt: 6, mc: 3}, uid: "352", clths: {clths: [{clid: null, tpid: "girlBtsFrog"}, {clid: null, tpid: "girlPntsFrog"}, {clid: null, tpid: "csl15GCGSkt"}, {clid: null, tpid: "girlNcklFrog"}, {clid: null, tpid: "girlTShrtFrog"}]}}}]
Thu Jan 9 23:26:19 GMT+0800 2020 [INFO] Client said: 34: ["house_352_livingroom", "h.r.ra", {}]
Thu Jan 9 23:26:19 GMT+0800 2020 [INFO] Server said: 34: ["a.clths.buy", {ccltn: {cct: ["girlBtsFrog", "girlPntsFrog", "csl15GCGSkt", "girlNcklFrog", "girlTShrtFrog"], ctp: "casual", cn: ""}, res: {gld: 5235, emd: 0, slvr: 0, enrg: 500}, crt: 1198, inv: {c: {act: {id: "act", it: []}, gm: {id: "gm", it: [{tid: "blackMobileSkin", c: 1, iid: ""}]}, cls: {id: "cls", it: [{tid: "girlUnderdress1", c: 1, iid: ""}, {tid: "girlShirt12", c: 1, iid: ""}, {tid: "girlPants9", c: 1, iid: ""}, {tid: "girlShoes14", c: 1, iid: ""}, {tid: "girlUnderdress2", c: 1, iid: ""}, {tid: "girlTShrtHttr", c: 1, iid: ""}, {tid: "girlLcsJrnl", c: 1, iid: ""}, {tid: "grlBtsPrfClr", c: 1, iid: ""}]}, frn: {id: "frn", it: [{tid: "wllGTch", c: 1, iid: ""}, {tid: "wallJpn1", c: 1, iid: ""}, {tid: "floorArtNv1", c: 1, iid: ""}, {tid: "floorCtr1", c: 1, iid: ""}, {tid: "wall15", c: 1, iid: ""}, {tid: "floor4", c: 1, iid: ""}]}, lt: {id: "lt", it: []}}}, clths: {clths: [{clid: null, tpid: "girlBtsFrog"}, {clid: null, tpid: "girlPntsFrog"}, {clid: null, tpid: "csl15GCGSkt"}, {clid: null, tpid: "girlNcklFrog"}, {clid: null, tpid: "girlTShrtFrog"}]}}]
Thu Jan 9 23:26:15 GMT+0800 2020 [INFO] Client said: 34: [null, "a.clths.bst", {tpid: "girlFrogSet", pind: 1, ctp: "casual"}]