ClientError: Thu Jan 9 23:23:45 GMT+0800 2020 [CRITICAL] [house] *Uncaught Error* ErrorId: 1010 ErrorName: TypeError ErrorMessage:Error #1010 ErrorStackTrace:TypeError: Error #1010
	at _-1u9::URL/parse()
	at _-1u9::URL()
	at _-18R::LoadingItem()
	at _-18R::SWFLoadingItem()
	at _-0bS::MassLoader/add()
	at _-0bS::MassLoader/_-2R5()
	at flash.events::EventDispatcher/dispatchEvent()
	at _-18R::LoadingItem/_-1Iu()
	at _-18R::LoadingItem/onError()
	at _-18R::SWFLoadingItem/onError()
	at flash.events::EventDispatcher/dispatchEvent()
	at flash.net::URLLoader/onComplete()
Thu Jan 9 23:22:33 GMT+0800 2020 [INFO] Client said: 34: ["house_352_livingroom", "h.r.u", {at: "", x: 2.17, st: 23, y: 10.61, d: 4, uid: "352"}]
Thu Jan 9 23:22:30 GMT+0800 2020 [INFO] Client said: 34: ["house_352_livingroom", "h.r.m", {dx: 2.17, sx: 7.5, dy: 10.61, sy: 4.5, uid: "352"}]
Thu Jan 9 23:22:29 GMT+0800 2020 [INFO] Client said: 34: ["house_352_livingroom", "h.r.u", {at: "", x: 7.5, st: 23, y: 4.5, d: 0, uid: "352"}]
Thu Jan 9 23:22:27 GMT+0800 2020 [INFO] Server said: 34: ["b.ingld", {ingld: 1500}]
Thu Jan 9 23:22:27 GMT+0800 2020 [INFO] Client said: 34: ["house_352_livingroom", "h.r.m", {dx: 7.5, sx: 4.05, dy: 4.5, sy: 0.1, uid: "352"}]
Thu Jan 9 23:22:26 GMT+0800 2020 [INFO] Server said: 34: ["ntf.res", {res: {gld: 5492, emd: 0, slvr: 5500, enrg: 500}}]
Thu Jan 9 23:22:26 GMT+0800 2020 [INFO] Server said: 34: ["spt.init", {a: false}]
Thu Jan 9 23:22:20 GMT+0800 2020 [INFO] [YandexMetrics.onCounterInit] Yandex metrics counter 31321471 inited
Thu Jan 9 23:22:20 GMT+0800 2020 [INFO] [YandexMetrics.reachGoal] Call reach goal 'click_buy_product' for counter 31321471
Thu Jan 9 23:22:20 GMT+0800 2020 [INFO] [YandexMetrics.reachGoal] Call reach goal 'show_payment_dialog' for counter 31321471
Thu Jan 9 23:22:19 GMT+0800 2020 [INFO] Client said: 34: [null, "b.chkprchs", {pmnt: null, prid: "pack1500", qnt: 1}]
Thu Jan 9 23:22:17 GMT+0800 2020 [INFO] [YandexMetrics.initCounter] Try to init Yandex metrics counter 31321471
Thu Jan 9 23:22:17 GMT+0800 2020 [INFO] Client said: 34: [null, "spt.init", {}]