ClientError: Thu Jan 9 23:19:06 GMT+0800 2020 [CRITICAL] [house] *Uncaught Error* ErrorId: 1010 ErrorName: TypeError ErrorMessage:Error #1010 ErrorStackTrace:TypeError: Error #1010
	at _-1u9::URL/parse()
	at _-1u9::URL()
	at _-18R::LoadingItem()
	at _-18R::SWFLoadingItem()
	at _-0bS::MassLoader/add()
	at _-0bS::MassLoader/_-2R5()
	at flash.events::EventDispatcher/dispatchEvent()
	at _-18R::LoadingItem/_-1Iu()
	at _-18R::LoadingItem/onError()
	at _-18R::SWFLoadingItem/onError()
	at flash.events::EventDispatcher/dispatchEvent()
	at flash.net::URLLoader/onComplete()
Thu Jan 9 23:18:00 GMT+0800 2020 [INFO] Server said: 34: ["ntf.res", {res: {gld: 3992, emd: 0, slvr: 5500, enrg: 500}}]
Thu Jan 9 23:18:00 GMT+0800 2020 [INFO] Server said: 34: ["ntf.inv", {it: {tid: "floorCtr1", c: 1, iid: ""}}]
Thu Jan 9 23:17:58 GMT+0800 2020 [INFO] Client said: 34: [null, "frn.buy", {tpid: "floorCtr1", pind: 1, cnt: 1}]
Thu Jan 9 23:17:47 GMT+0800 2020 [INFO] Server said: 34: ["ntf.res", {res: {gld: 4027, emd: 0, slvr: 5500, enrg: 500}}]
Thu Jan 9 23:17:46 GMT+0800 2020 [INFO] Server said: 34: ["ntf.inv", {it: {tid: "floorArtNv1", c: 1, iid: ""}}]
Thu Jan 9 23:17:44 GMT+0800 2020 [INFO] Client said: 34: [null, "frn.buy", {tpid: "floorArtNv1", pind: 1, cnt: 1}]
Thu Jan 9 23:17:00 GMT+0800 2020 [INFO] Server said: 34: ["ntf.res", {res: {gld: 4102, emd: 0, slvr: 5500, enrg: 500}}]
Thu Jan 9 23:16:59 GMT+0800 2020 [INFO] Server said: 34: ["ntf.inv", {it: {tid: "NY20Flr", c: 1, iid: ""}}]
Thu Jan 9 23:16:58 GMT+0800 2020 [INFO] Client said: 34: [null, "frn.buy", {tpid: "NY20Flr", pind: 2, cnt: 1}]
Thu Jan 9 23:16:46 GMT+0800 2020 [INFO] Server said: 34: ["ntf.res", {res: {gld: 4102, emd: 0, slvr: 10000, enrg: 500}}]
Thu Jan 9 23:16:46 GMT+0800 2020 [INFO] Server said: 34: ["ntf.inv", {it: {tid: "wallJpn1", c: 1, iid: ""}}]
Thu Jan 9 23:16:44 GMT+0800 2020 [INFO] Client said: 34: [null, "frn.buy", {tpid: "wallJpn1", pind: 1, cnt: 1}]
Thu Jan 9 23:16:03 GMT+0800 2020 [INFO] Server said: 34: ["ntf.res", {res: {gld: 4137, emd: 0, slvr: 10000, enrg: 500}}]
Thu Jan 9 23:16:03 GMT+0800 2020 [INFO] Server said: 34: ["ntf.inv", {it: {tid: "wllGTch", c: 1, iid: ""}}]
Thu Jan 9 23:16:01 GMT+0800 2020 [INFO] Client said: 34: [null, "frn.buy", {tpid: "wllGTch", pind: 1, cnt: 1}]
Thu Jan 9 23:15:46 GMT+0800 2020 [INFO] Server said: 34: ["ntf.res", {res: {gld: 4247, emd: 0, slvr: 10000, enrg: 500}}]
Thu Jan 9 23:15:45 GMT+0800 2020 [INFO] Server said: 34: ["ntf.inv", {it: {tid: "NY20Wllppr", c: 1, iid: ""}}]
Thu Jan 9 23:15:43 GMT+0800 2020 [INFO] Client said: 34: [null, "frn.buy", {tpid: "NY20Wllppr", pind: 1, cnt: 1}]
Thu Jan 9 23:14:55 GMT+0800 2020 [INFO] Client said: 34: ["house_352_livingroom", "h.r.u", {x: 4.05, d: 4, st: 0, y: 0.1, uid: "352"}]
Thu Jan 9 23:14:55 GMT+0800 2020 [INFO] Server said: 34: ["lg.lst", {glst: []}]
Thu Jan 9 23:14:54 GMT+0800 2020 [INFO] Client said: 34: ["house_352_livingroom", "lg.lst", {}]
Thu Jan 9 23:14:51 GMT+0800 2020 [INFO] Server said: 34: ["h.r.info", {evn: null, rm: {nm: "#livingRoom", w: 13, lev: 1, f: [{x: 0, y: 0, z: 0, lid: 3, d: 5, tpid: "floor4"}, {x: 13, y: 0, z: 0, lid: 2, d: 5, tpid: "wall15"}, {x: 12, y: 1, z: 0, lid: 554100, d: 5, tpid: "csCtr"}, {x: 0, y: 0, z: 0, lid: 1, d: 3, tpid: "wall15"}, {x: 12, y: 7, z: 0, lid: 46396949, d: 5, tpid: "csCtr"}, {x: 3, y: 0, z: 0, lid: 4, d: 3, tpid: "door4", rid: "outside"}], l: 13, id: "livingroom"}, rmmb: [{locinfo: {at: "", x: -1, s: "127.0.0.1", shlc: true, y: -1, l: "house_352_livingroom", st: 0, d: 4, pl: ""}, mbm: {ac: null, sk: "blackMobileSkin"}, pf: {pf: {phtghr: {tp: "phtghr", l: 20, pgs: 0}, grdnr: {tp: "grdnr", l: 20, pgs: 0}, jntr: {tp: "jntr", l: 20, pgs: 0}, vsgst: {tp: "vsgst", l: 20, pgs: 0}}}, ci: {skrt: 0, rpt: 0, bcld: 0, gtrfrd: 0, skid: null, vexp: 1965298000, strfrd: 0, eml: null, vsexp: 1965298000, lwts: 0, vsact: true, kyktid: null, trid: null, vret: 0, actrt: 0, trcd: 0, vfgc: 0, sbid: null, ceid: 0, fexp: 0, compid: 0, plcmt: {}, rtrtm: 0, pamns: {amn: []}, crst: 0, ysct: 0, cmid: 0, actrp: 0, actrd: 0, exp: 85800, dr: true, shousd: false, gdc: 0, sbrt: 0, lgt: 0, spp: 0, as: null, lvt: 1578582610, fak: null, lrnt: 0, hrt: 574, tts: null, shcr: true, crt: 598, ys: 0, vip: true}, usrinf: {rl: 0}, apprnc: {ss: 0, ec: 5, brt: 28, g: 2, fat: 0, ht: 123, rg: 0, pt: 0, nct: 0, fft: 0, fac: 1, n: "мамка в хате", sh: 0, ssc: 1, brc: 1, et: 7, shc: 1, bc: 1, pc: 1, sc: 1, rc: 1, hc: 5, bt: 0, mt: 6, mc: 3}, uid: "352", clths: {clths: [{clid: null, tpid: "girlLcsJrnl"}, {clid: null, tpid: "csl15GCGSkt"}, {clid: null, tpid: "grlBtsPrfClr"}, {clid: null, tpid: "girlTShrtHttr"}]}}]}]
Thu Jan 9 23:14:39 GMT+0800 2020 [INFO] Client said: 34: ["house_352_livingroom", "h.r.info", {rid: "livingroom", uid: "352"}]
Thu Jan 9 23:14:39 GMT+0800 2020 [INFO] Server said: 34: ["h.gr", {rid: "house_352_livingroom"}]
Thu Jan 9 23:14:39 GMT+0800 2020 [INFO] Server said: 16: ["house_352_livingroom", "352"]
Thu Jan 9 23:14:39 GMT+0800 2020 [INFO] Server said: 34: ["h.r.jn", {plr: {locinfo: {at: "", x: -1, s: "127.0.0.1", shlc: true, y: -1, l: "house_352_livingroom", st: 0, d: 4, pl: ""}, mbm: {ac: null, sk: "blackMobileSkin"}, pf: {pf: {phtghr: {tp: "phtghr", l: 20, pgs: 0}, grdnr: {tp: "grdnr", l: 20, pgs: 0}, jntr: {tp: "jntr", l: 20, pgs: 0}, vsgst: {tp: "vsgst", l: 20, pgs: 0}}}, ci: {skrt: 0, rpt: 0, bcld: 0, gtrfrd: 0, skid: null, vexp: 1965298000, strfrd: 0, eml: null, vsexp: 1965298000, lwts: 0, vsact: true, kyktid: null, trid: null, vret: 0, actrt: 0, trcd: 0, vfgc: 0, sbid: null, ceid: 0, fexp: 0, compid: 0, plcmt: {}, rtrtm: 0, pamns: {amn: []}, crst: 0, ysct: 0, cmid: 0, actrp: 0, actrd: 0, exp: 85800, dr: true, shousd: false, gdc: 0, sbrt: 0, lgt: 0, spp: 0, as: null, lvt: 1578582610, fak: null, lrnt: 0, hrt: 574, tts: null, shcr: true, crt: 598, ys: 0, vip: true}, usrinf: {rl: 0}, apprnc: {ss: 0, ec: 5, brt: 28, g: 2, fat: 0, ht: 123, rg: 0, pt: 0, nct: 0, fft: 0, fac: 1, n: "мамка в хате", sh: 0, ssc: 1, brc: 1, et: 7, shc: 1, bc: 1, pc: 1, sc: 1, rc: 1, hc: 5, bt: 0, mt: 6, mc: 3}, uid: "352", clths: {clths: [{clid: null, tpid: "girlLcsJrnl"}, {clid: null, tpid: "csl15GCGSkt"}, {clid: null, tpid: "grlBtsPrfClr"}, {clid: null, tpid: "girlTShrtHttr"}]}}}]
Thu Jan 9 23:14:37 GMT+0800 2020 [INFO] Server said: 34: ["srqst.gtrq", {rqlst: {rsprlst: {}, lapt: {}, shwdt: 0, rlst: {}}}]
Thu Jan 9 23:14:37 GMT+0800 2020 [INFO] Client said: 34: [null, "nws.getglbl", {}]
Thu Jan 9 23:14:37 GMT+0800 2020 [INFO] Server said: 34: ["nws.hasnews", {gnexst: true, gnunr: true}]
Thu Jan 9 23:14:37 GMT+0800 2020 [INFO] Server said: 34: ["cp.cht.gbl", {blcklst: {uids: []}}]
Thu Jan 9 23:14:37 GMT+0800 2020 [INFO] Client said: 34: [null, "crq.lrui", {uid: 352}]
Thu Jan 9 23:14:37 GMT+0800 2020 [INFO] Server said: 34: ["cm.new", {campaigns: [{cil: [{tid: "clans", gl: 0, sc: 0, si: 0, cid: 643, id: 8151}, {tid: "clanRating_off", gl: 0, sc: 0, si: 0, cid: 643, id: 8152}], tp: 9, iu: "", st: 1, v: 1, ed: 2442905160000, id: 643}, {cil: [{tid: "mobile", gl: 0, sc: 0, si: 0, cid: 316, id: 2514}], tp: 9, iu: "", st: 1, v: 1, ed: 1659222000000, id: 316}, {cil: [{tid: "fortune2", gl: 0, sc: 0, si: 0, cid: 299, id: 2434}], tp: 9, iu: "", st: 2, v: 1, ed: 1919631600000, id: 299}, {cil: [{tid: "professions", gl: 0, sc: 0, si: 0, cid: 114, id: 1110}, {tid: "grdnr", gl: 0, sc: 0, si: 0, cid: 114, id: 1111}, {tid: "jntr", gl: 0, sc: 0, si: 0, cid: 114, id: 1112}, {tid: "vsgst", gl: 0, sc: 0, si: 0, cid: 114, id: 1577}, {tid: "phtghr", gl: 0, sc: 0, si: 0, cid: 114, id: 1578}], tp: 9, iu: "", st: 1, v: 1, ed: 1440630000000, id: 114}]}]
Thu Jan 9 23:14:36 GMT+0800 2020 [INFO] Client said: 34: [null, "h.gr", {lid: "house", rid: "livingroom", gid: "352"}]
Thu Jan 9 23:14:36 GMT+0800 2020 [INFO] Loaded  LoadingItem(url: http://62.113.113.58:8080/files/swf/furniture/house/FloorCarpetGrass.swf, status: 2) 
Thu Jan 9 23:14:36 GMT+0800 2020 [INFO] Loaded  LoadingItem(url: http://62.113.113.58:8080/files/swf/furniture/house/WallPoppy.swf, status: 2) 
Thu Jan 9 23:14:36 GMT+0800 2020 [INFO] Loaded  LoadingItem(url: http://62.113.113.58:8080/files/swf/furniture/furniture/CaseCountry.swf?2, status: 2) 
Thu Jan 9 23:14:36 GMT+0800 2020 [INFO] Loaded  LoadingItem(url: http://62.113.113.58:8080/files/swf/furniture/house/DoorWood.swf, status: 2) 
Thu Jan 9 23:14:36 GMT+0800 2020 [INFO] Client said: 34: [null, "srqst.gtrq", {}]