ClientError: Thu Jan 9 21:12:35 GMT+0700 2020 [CRITICAL] [salon] *Uncaught Error* ErrorId: 1009 ErrorName: TypeError ErrorMessage:Error #1009 ErrorStackTrace:TypeError: Error #1009
	at _-0eV::RoomMemberContainer/addAvatar()
	at _-PQ::BaseRoomScreen/addAvatar()
	at _-PQ::BaseRoomScreen/onRefreshAvatar()
	at flash.events::EventDispatcher/dispatchEvent()
	at _-2CM::BaseRoomNetManager/onRefreshAvatar()
	at flash.events::EventDispatcher/dispatchEvent()
	at ags::_-2t/_-2dI()
	at flash.events::EventDispatcher/dispatchEvent()
	at _-0en::_-0O8/_-1LF()
	at _-0en::_-0O8/execute()
	at ags::AGSClient/_-0i9()
	at ags::AGSClient/_-2ZF()
	at ags::AGSClient/_-2Ea()
Thu Jan 9 21:12:35 GMT+0700 2020 [INFO] Server said: 34: ["o.r.ra", {plr: {uid: "123", clths: {clths: [{clid: null, tpid: "girlShirt12"}, {clid: null, tpid: "girlShoes14"}, {clid: null, tpid: "girlPants9"}]}, ci: {sbrt: 0, trid: "freelanceMicrophone", actrt: 0, rpt: 0, eml: null, crt: 10, sbid: null, lrnt: 0, crst: 0, lwts: 0, actrd: 0, gdc: 0, skid: null, vip: true, ysct: 0, lgt: 0, actrp: 0, fak: null, compid: 0, shcr: true, pamns: {amn: []}, skrt: 0, bcld: 0, gtrfrd: 0, strfrd: 0, vexp: 1965298000, vsexp: 1965298000, tts: null, vsact: true, shousd: false, ys: 0, vret: 0, rtrtm: 0, vfgc: 0, trcd: 0, plcmt: {}, kyktid: null, ceid: 0, fexp: 0, cmid: 0, as: null, exp: 85800, dr: true, lvt: 1578578381, hrt: 174, spp: 0}, usrinf: {rl: 0}, locinfo: {x: 6.33, s: "127.0.0.1", l: "salon_sn1_1", y: 12.25, shlc: true, at: "", d: 4, st: 23, pl: ""}, pf: {pf: {jntr: {l: 20, pgs: 0, tp: "jntr"}, phtghr: {l: 20, pgs: 0, tp: "phtghr"}, grdnr: {l: 20, pgs: 0, tp: "grdnr"}, vsgst: {l: 20, pgs: 0, tp: "vsgst"}}}, apprnc: {brc: 3, fac: 1, bc: 1, pt: 0, fft: 2, rc: 1, rg: 0, bt: 0, g: 2, ss: 0, sc: 1, hc: 8, sh: 24, pc: 1, ht: 125, ssc: 1, n: "Pariska", fat: 0, shc: 12, mc: 14, nct: 0, ec: 16, brt: 5, mt: 19, et: 38}, mbm: {sk: "blackMobileSkin", ac: null}}}]
Thu Jan 9 21:12:33 GMT+0700 2020 [INFO] Server said: 16: ["salon_sn1_1", "17"]
Thu Jan 9 21:12:33 GMT+0700 2020 [INFO] Server said: 34: ["o.r.jn", {plr: {uid: "17", clths: {clths: [{clid: "16", tpid: "boyJcktNYRckr"}, {clid: null, tpid: "boyTShtPrfGdn"}, {clid: "4", tpid: "boyPntsSport"}, {clid: "17", tpid: "boyGlssClnGlmr"}, {clid: null, tpid: "boyMskNY20Emr"}, {clid: "4", tpid: "boyBtsBnny"}, {clid: null, tpid: "boyNY20VKGiftScrfSnw"}, {clid: "16", tpid: "boyErrOutsrc2"}]}, ci: {sbrt: 0, trid: "freelanceMicrophone", actrt: 0, rpt: 0, eml: null, crt: 23728, sbid: null, lrnt: 0, crst: 0, lwts: 0, actrd: 0, gdc: 0, skid: null, vip: true, ysct: 0, lgt: 0, actrp: 0, fak: null, compid: 0, shcr: true, pamns: {amn: []}, skrt: 0, bcld: 0, gtrfrd: 0, strfrd: 0, vexp: 1965298000, vsexp: 1965298000, tts: null, vsact: true, shousd: false, ys: 0, vret: 0, rtrtm: 0, vfgc: 0, trcd: 0, plcmt: {}, kyktid: null, ceid: 0, fexp: 0, cmid: 0, as: null, exp: 85800, dr: true, lvt: 1578578932, hrt: 11208, spp: 0}, usrinf: {rl: 0}, locinfo: {x: -1, s: "127.0.0.1", l: "salon_sn1_1", y: -1, shlc: true, at: "", d: 4, st: 0, pl: ""}, pf: {pf: {jntr: {l: 20, pgs: 0, tp: "jntr"}, phtghr: {l: 20, pgs: 0, tp: "phtghr"}, grdnr: {l: 20, pgs: 0, tp: "grdnr"}, vsgst: {l: 20, pgs: 0, tp: "vsgst"}}}, apprnc: {brc: 3, fac: 1, bc: 1, pt: 0, fft: 7, rc: 1, rg: 0, bt: 0, g: 1, ss: 0, sc: 1, hc: 1, sh: 0, pc: 1, ht: 75, ssc: 1, n: "Куколка", fat: 0, shc: 1, mc: 1, nct: 0, ec: 24, brt: 3, mt: 25, et: 23}, mbm: {sk: "blackMobileSkin", ac: null}}}]
Thu Jan 9 21:12:31 GMT+0700 2020 [INFO] Client said: 34: ["salon_sn1_1", "o.r.info", {rid: "sn1"}]
Thu Jan 9 21:12:30 GMT+0700 2020 [INFO] Server said: 34: ["o.gr", {rid: "salon_sn1_1"}]
Thu Jan 9 21:12:30 GMT+0700 2020 [INFO] Server said: 16: ["salon_sn1_1", "207"]
Thu Jan 9 21:12:30 GMT+0700 2020 [INFO] Server said: 34: ["o.r.jn", {plr: {uid: "207", clths: {clths: [{clid: null, tpid: "girlShirt12"}, {clid: null, tpid: "girlShoes14"}, {clid: null, tpid: "girlPants9"}]}, ci: {sbrt: 0, trid: null, actrt: 0, rpt: 0, eml: null, crt: 10, sbid: null, lrnt: 0, crst: 0, lwts: 0, actrd: 0, gdc: 0, skid: null, vip: true, ysct: 0, lgt: 0, actrp: 0, fak: null, compid: 0, shcr: true, pamns: {amn: []}, skrt: 0, bcld: 0, gtrfrd: 0, strfrd: 0, vexp: 1965298000, vsexp: 1965298000, tts: null, vsact: true, shousd: false, ys: 0, vret: 0, rtrtm: 0, vfgc: 0, trcd: 0, plcmt: {}, kyktid: null, ceid: 0, fexp: 0, cmid: 0, as: null, exp: 85800, dr: true, lvt: 1578578999, hrt: 174, spp: 0}, usrinf: {rl: 0}, locinfo: {x: -1, s: "127.0.0.1", l: "salon_sn1_1", y: -1, shlc: true, at: "", d: 4, st: 0, pl: ""}, pf: {pf: {jntr: {l: 20, pgs: 0, tp: "jntr"}, phtghr: {l: 20, pgs: 0, tp: "phtghr"}, grdnr: {l: 20, pgs: 0, tp: "grdnr"}, vsgst: {l: 20, pgs: 0, tp: "vsgst"}}}, apprnc: {brc: 1, fac: 1, bc: 1, pt: 0, fft: 0, rc: 1, rg: 0, bt: 0, g: 2, ss: 0, sc: 5, hc: 7, sh: 0, pc: 1, ht: 128, ssc: 1, n: "Цаца", fat: 0, shc: 1, mc: 3, nct: 0, ec: 3, brt: 6, mt: 1, et: 36}, mbm: {sk: "blackMobileSkin", ac: null}}}]
Thu Jan 9 21:12:29 GMT+0700 2020 [INFO] Server said: 34: ["o.r.u", {uid: "25", x: 7.95, y: 9.52, at: "", d: 6, st: 23}]
Thu Jan 9 21:12:27 GMT+0700 2020 [INFO] Server said: 34: ["o.r.ra", {plr: {uid: "85", clths: {clths: [{clid: null, tpid: "gShsPsln11"}, {clid: null, tpid: "girlNY20VKGiftPllvDr"}, {clid: null, tpid: "girlPntsNY20Gld"}]}, ci: {sbrt: 0, trid: "freelanceMicrophone", actrt: 0, rpt: 0, eml: null, crt: 456, sbid: null, lrnt: 0, crst: 0, lwts: 0, actrd: 0, gdc: 0, skid: null, vip: true, ysct: 0, lgt: 0, actrp: 0, fak: null, compid: 0, shcr: true, pamns: {amn: []}, skrt: 0, bcld: 0, gtrfrd: 0, strfrd: 0, vexp: 1965298000, vsexp: 1965298000, tts: null, vsact: true, shousd: false, ys: 0, vret: 0, rtrtm: 0, vfgc: 0, trcd: 0, plcmt: {}, kyktid: null, ceid: 0, fexp: 0, cmid: 0, as: null, exp: 85800, dr: true, lvt: 1578578693, hrt: 233, spp: 0}, usrinf: {rl: 0}, locinfo: {x: 10.72, s: "127.0.0.1", l: "salon_sn1_1", y: 16.03, shlc: true, at: "", d: 4, st: 23, pl: ""}, pf: {pf: {jntr: {l: 20, pgs: 0, tp: "jntr"}, phtghr: {l: 20, pgs: 0, tp: "phtghr"}, grdnr: {l: 20, pgs: 0, tp: "grdnr"}, vsgst: {l: 20, pgs: 0, tp: "vsgst"}}}, apprnc: {brc: 2, fac: 1, bc: 1, pt: 0, fft: 7, rc: 1, rg: 0, bt: 0, g: 2, ss: 20, sc: 2, hc: 15, sh: 11, pc: 1, ht: 132, ssc: 4, n: "BlAcK cAt", fat: 0, shc: 24, mc: 17, nct: 0, ec: 5, brt: 29, mt: 19, et: 33}, mbm: {sk: "blackMobileSkin", ac: null}}}]
Thu Jan 9 21:12:26 GMT+0700 2020 [INFO] Server said: 34: ["o.r.m", {uid: "25", sx: 9.69, dy: 9.52, dx: 7.95, sy: 9.94}]
Thu Jan 9 21:12:25 GMT+0700 2020 [INFO] Server said: 16: ["salon_sn1_1", "40"]
Thu Jan 9 21:12:25 GMT+0700 2020 [INFO] Server said: 34: ["o.r.jn", {plr: {uid: "40", clths: {clths: [{clid: null, tpid: "girlPlvWnt19Wrm"}, {clid: null, tpid: "grlPnkRsPnts"}, {clid: null, tpid: "girlBtsWnt19Pnk"}]}, ci: {sbrt: 0, trid: "freelanceTwitterInstagram", actrt: 0, rpt: 0, eml: null, crt: 4070, sbid: null, lrnt: 0, crst: 0, lwts: 0, actrd: 0, gdc: 0, skid: null, vip: true, ysct: 0, lgt: 0, actrp: 0, fak: null, compid: 0, shcr: true, pamns: {amn: []}, skrt: 0, bcld: 0, gtrfrd: 0, strfrd: 0, vexp: 1965298000, vsexp: 1965298000, tts: null, vsact: true, shousd: false, ys: 0, vret: 0, rtrtm: 0, vfgc: 0, trcd: 0, plcmt: {}, kyktid: null, ceid: 0, fexp: 0, cmid: 0, as: null, exp: 85800, dr: true, lvt: 1578578479, hrt: 261, spp: 0}, usrinf: {rl: 0}, locinfo: {x: -1, s: "127.0.0.1", l: "salon_sn1_1", y: -1, shlc: true, at: "", d: 4, st: 0, pl: ""}, pf: {pf: {jntr: {l: 20, pgs: 0, tp: "jntr"}, phtghr: {l: 20, pgs: 0, tp: "phtghr"}, grdnr: {l: 20, pgs: 0, tp: "grdnr"}, vsgst: {l: 20, pgs: 0, tp: "vsgst"}}}, apprnc: {brc: 4, fac: 1, bc: 1, pt: 0, fft: 0, rc: 1, rg: 0, bt: 0, g: 2, ss: 0, sc: 2, hc: 5, sh: 0, pc: 1, ht: 130, ssc: 1, n: "Кира", fat: 0, shc: 1, mc: 3, nct: 0, ec: 1, brt: 7, mt: 4, et: 8}, mbm: {sk: "blackMobileSkin", ac: null}}}]
Thu Jan 9 21:12:24 GMT+0700 2020 [INFO] Server said: 34: ["o.r.ra", {plr: {uid: "230", clths: {clths: [{clid: null, tpid: "girlUnderdress1"}]}, ci: {sbrt: 0, trid: "freelanceModerator", actrt: 0, rpt: 0, eml: null, crt: 950, sbid: null, lrnt: 0, crst: 0, lwts: 0, actrd: 0, gdc: 0, skid: null, vip: true, ysct: 0, lgt: 0, actrp: 0, fak: null, compid: 0, shcr: true, pamns: {amn: []}, skrt: 0, bcld: 0, gtrfrd: 0, strfrd: 0, vexp: 1965298000, vsexp: 1965298000, tts: null, vsact: true, shousd: false, ys: 0, vret: 0, rtrtm: 0, vfgc: 0, trcd: 0, plcmt: {}, kyktid: null, ceid: 0, fexp: 0, cmid: 0, as: null, exp: 85800, dr: true, lvt: 1578578548, hrt: 174, spp: 0}, usrinf: {rl: 0}, locinfo: {x: 8.69, s: "127.0.0.1", l: "salon_sn1_1", y: 9.06, shlc: true, at: "", d: 4, st: 23, pl: ""}, pf: {pf: {jntr: {l: 20, pgs: 0, tp: "jntr"}, phtghr: {l: 20, pgs: 0, tp: "phtghr"}, grdnr: {l: 20, pgs: 0, tp: "grdnr"}, vsgst: {l: 20, pgs: 0, tp: "vsgst"}}}, apprnc: {brc: 2, fac: 1, bc: 1, pt: 0, fft: 7, rc: 1, rg: 0, bt: 0, g: 2, ss: 0, sc: 2, hc: 6, sh: 25, pc: 1, ht: 125, ssc: 1, n: "Жру Камень", fat: 0, shc: 15, mc: 29, nct: 0, ec: 31, brt: 32, mt: 31, et: 38}, mbm: {sk: "blackMobileSkin", ac: null}}}]
Thu Jan 9 21:12:24 GMT+0700 2020 [INFO] Server said: 34: ["o.r.u", {uid: "25", x: 9.69, y: 9.94, at: "", d: 4, st: 23}]
Thu Jan 9 21:12:22 GMT+0700 2020 [INFO] Server said: 34: ["o.r.ra", {plr: {uid: "123", clths: {clths: [{clid: null, tpid: "girlShirt12"}, {clid: null, tpid: "girlShoes14"}, {clid: null, tpid: "girlPants9"}]}, ci: {sbrt: 0, trid: "freelanceMicrophone", actrt: 0, rpt: 0, eml: null, crt: 10, sbid: null, lrnt: 0, crst: 0, lwts: 0, actrd: 0, gdc: 0, skid: null, vip: true, ysct: 0, lgt: 0, actrp: 0, fak: null, compid: 0, shcr: true, pamns: {amn: []}, skrt: 0, bcld: 0, gtrfrd: 0, strfrd: 0, vexp: 1965298000, vsexp: 1965298000, tts: null, vsact: true, shousd: false, ys: 0, vret: 0, rtrtm: 0, vfgc: 0, trcd: 0, plcmt: {}, kyktid: null, ceid: 0, fexp: 0, cmid: 0, as: null, exp: 85800, dr: true, lvt: 1578578381, hrt: 174, spp: 0}, usrinf: {rl: 0}, locinfo: {x: 6.33, s: "127.0.0.1", l: "salon_sn1_1", y: 12.25, shlc: true, at: "", d: 4, st: 23, pl: ""}, pf: {pf: {jntr: {l: 20, pgs: 0, tp: "jntr"}, phtghr: {l: 20, pgs: 0, tp: "phtghr"}, grdnr: {l: 20, pgs: 0, tp: "grdnr"}, vsgst: {l: 20, pgs: 0, tp: "vsgst"}}}, apprnc: {brc: 3, fac: 1, bc: 1, pt: 0, fft: 2, rc: 1, rg: 0, bt: 0, g: 2, ss: 0, sc: 1, hc: 8, sh: 24, pc: 1, ht: 125, ssc: 1, n: "Pariska", fat: 0, shc: 12, mc: 14, nct: 0, ec: 16, brt: 5, mt: 19, et: 38}, mbm: {sk: "blackMobileSkin", ac: null}}}]
Thu Jan 9 21:12:20 GMT+0700 2020 [INFO] Server said: 34: ["o.r.m", {uid: "25", sx: 9.55, dy: 9.94, dx: 9.69, sy: 8.11}]
Thu Jan 9 21:12:19 GMT+0700 2020 [INFO] Server said: 17: ["salon_sn1_1", "296"]
Thu Jan 9 21:12:19 GMT+0700 2020 [INFO] Server said: 34: ["o.r.lv", {uid: "296"}]
Thu Jan 9 21:12:18 GMT+0700 2020 [INFO] Server said: 34: ["o.r.u", {uid: "25", x: 9.55, y: 8.11, at: "", d: 0, st: 23}]
Thu Jan 9 21:10:07 GMT+0700 2020 [INFO] Client said: 34: [null, "o.gr", {lid: "salon", gid: "sn1"}]
Thu Jan 9 21:10:07 GMT+0700 2020 [INFO] Server said: 1: ["207", true, false, false]
Thu Jan 9 21:09:57 GMT+0700 2020 [INFO] Client said: 1: ["street", "207", "XHEGmNIEbwvhsjQmNnQJ", {clvrn: "84.0.4", v: 2}]
Thu Jan 9 21:09:54 GMT+0700 2020 [INFO] Client said: 2: []
Thu Jan 9 21:09:54 GMT+0700 2020 [INFO] Loaded  LoadingItem(url: http://62.113.113.58:8080/files/swf/Salon_1fe14ef0cdf189794ef74d591993d3f5.swf, status: 2) 
Thu Jan 9 21:09:53 GMT+0700 2020 [INFO] Client said: 17: ["house_207_livingroom"]
Thu Jan 9 21:09:44 GMT+0700 2020 [INFO] Server said: 34: ["b.ingld", {ingld: 1500}]
Thu Jan 9 21:09:44 GMT+0700 2020 [INFO] Server said: 34: ["ntf.res", {res: {emd: 0, gld: 1600, slvr: 10000, enrg: 500}}]
Thu Jan 9 21:09:44 GMT+0700 2020 [INFO] [YandexMetrics.onCounterInit] Yandex metrics counter 31321471 inited
Thu Jan 9 21:09:44 GMT+0700 2020 [INFO] [YandexMetrics.reachGoal] Call reach goal 'click_buy_product' for counter 31321471
Thu Jan 9 21:09:44 GMT+0700 2020 [INFO] [YandexMetrics.reachGoal] Call reach goal 'show_payment_dialog' for counter 31321471
Thu Jan 9 21:09:43 GMT+0700 2020 [INFO] Client said: 34: [null, "b.chkprchs", {pmnt: null, prid: "pack1500", qnt: 1}]
Thu Jan 9 21:09:41 GMT+0700 2020 [INFO] Server said: 34: ["spt.init", {a: false}]
Thu Jan 9 21:09:40 GMT+0700 2020 [INFO] [YandexMetrics.initCounter] Try to init Yandex metrics counter 31321471
Thu Jan 9 21:09:40 GMT+0700 2020 [INFO] Client said: 34: [null, "spt.init", {}]
Thu Jan 9 21:09:35 GMT+0700 2020 [INFO] Client said: 34: ["house_207_livingroom", "h.r.u", {uid: "207", x: 5.22, y: 3.41, at: "", d: 3, st: 23}]
Thu Jan 9 21:09:33 GMT+0700 2020 [INFO] Client said: 34: ["house_207_livingroom", "h.r.m", {uid: "207", sx: 4.05, sy: 0.1, dx: 5.22, dy: 3.41}]
Thu Jan 9 21:09:31 GMT+0700 2020 [INFO] Client said: 34: ["house_207_livingroom", "h.r.u", {uid: "207", x: 4.05, y: 0.1, d: 4, st: 0}]
Thu Jan 9 21:09:31 GMT+0700 2020 [INFO] Server said: 34: ["lg.lst", {glst: []}]