ClientError: Thu Jan 9 16:34:18 GMT+0200 2020 [CRITICAL] [house] *Uncaught Error* ErrorId: 1009 ErrorName: TypeError ErrorMessage:Error #1009 ErrorStackTrace:TypeError: Error #1009
	at _-3p2::_-0E8/_-0DT()
	at _-fY::LayoutEditor/set selectedObject()
	at _-fY::LayoutEditor/onViewMouseDown()
Thu Jan 9 16:34:16 GMT+0200 2020 [INFO] Server said: 34: ["h.r.rfr", {rm: {lev: 1, nm: "#livingRoom", w: 13, l: 13, f: [{x: 6, lid: 24630633, y: 6, tpid: "sd15BirdCage", z: 0, d: 5}, {x: 0, lid: 1, y: 0, tpid: "wall15", z: 0, d: 3}, {x: 13, lid: 2, y: 0, tpid: "wall15", z: 0, d: 5}, {x: 3, lid: 4, y: 0, tpid: "door4", rid: "outside", z: 0, d: 3}, {x: 0, lid: 3, y: 0, tpid: "floor4", z: 0, d: 5}]}}]
Thu Jan 9 16:34:16 GMT+0200 2020 [INFO] Loaded  LoadingItem(url: http://62.113.113.58:8080/files/swf/furniture/house/DoorBase.swf, status: 2) 
Thu Jan 9 16:34:13 GMT+0200 2020 [INFO] Server said: 34: ["frn.save", {hs: {lev: 1, nm: "house", l: 13, f: [{x: 6, lid: 24630633, y: 6, tpid: "sd15BirdCage", z: 0, d: 5}, {x: 0, lid: 1, y: 0, tpid: "wall15", z: 0, d: 3}, {x: 13, lid: 2, y: 0, tpid: "wall15", z: 0, d: 5}, {x: 3, lid: 4, y: 0, tpid: "door4", rid: "outside", z: 0, d: 3}, {x: 0, lid: 3, y: 0, tpid: "floor4", z: 0, d: 5}], w: 13, id: "livingroom"}, inv: {c: {lt: {id: "lt", it: []}, cls: {id: "cls", it: [{c: 1, iid: "", tid: "girlUnderdress1"}, {c: 1, iid: "", tid: "girlUnderdress2"}]}, gm: {id: "gm", it: [{c: 1, iid: "", tid: "blackMobileSkin"}]}, act: {id: "act", it: []}, frn: {id: "frn", it: [{c: 1, iid: "", tid: "sd15BirdCage"}]}}}, ci: {pamns: {amn: []}, fexp: 0, lwts: 0, ysct: 0, crst: 0, crt: 160, vsexp: 1965298000, tts: null, skrt: 0, vsact: true, eml: null, compid: 0, hrt: 7674, shcr: true, bcld: 0, fak: null, actrd: 0, vret: 0, shousd: false, trid: null, actrp: 0, gtrfrd: 0, ys: 0, skid: null, strfrd: 0, trcd: 0, vfgc: 0, vip: true, as: null, sbid: null, gdc: 0, cmid: 0, lvt: 1578579746, ceid: 0, lgt: 0, kyktid: null, sbrt: 0, rtrtm: 0, dr: true, lrnt: 0, plcmt: {}, actrt: 0, rpt: 0, exp: 85800, vexp: 1965298000, spp: 0}}]
Thu Jan 9 16:34:05 GMT+0200 2020 [INFO] Client said: 34: ["house_507_livingroom", "h.r.rfr", {}]
Thu Jan 9 16:34:05 GMT+0200 2020 [INFO] Server said: 34: ["frn.save", {hs: {lev: 1, nm: "house", l: 13, f: [{x: 6, lid: 24630633, y: 6, tpid: "sd15BirdCage", z: 0, d: 5}, {x: 0, lid: 1, y: 0, tpid: "wall15", z: 0, d: 3}, {x: 13, lid: 2, y: 0, tpid: "wall15", z: 0, d: 5}, {x: 3, lid: 4, y: 0, tpid: "door4", rid: "outside", z: 0, d: 3}, {x: 0, lid: 3, y: 0, tpid: "floor4", z: 0, d: 5}], w: 13, id: "livingroom"}, inv: {c: {lt: {id: "lt", it: []}, cls: {id: "cls", it: [{c: 1, iid: "", tid: "girlUnderdress1"}, {c: 1, iid: "", tid: "girlUnderdress2"}]}, gm: {id: "gm", it: [{c: 1, iid: "", tid: "blackMobileSkin"}]}, act: {id: "act", it: []}, frn: {id: "frn", it: [{c: 1, iid: "", tid: "sd15BirdCage"}]}}}, ci: {pamns: {amn: []}, fexp: 0, lwts: 0, ysct: 0, crst: 0, crt: 160, vsexp: 1965298000, tts: null, skrt: 0, vsact: true, eml: null, compid: 0, hrt: 7674, shcr: true, bcld: 0, fak: null, actrd: 0, vret: 0, shousd: false, trid: null, actrp: 0, gtrfrd: 0, ys: 0, skid: null, strfrd: 0, trcd: 0, vfgc: 0, vip: true, as: null, sbid: null, gdc: 0, cmid: 0, lvt: 1578579746, ceid: 0, lgt: 0, kyktid: null, sbrt: 0, rtrtm: 0, dr: true, lrnt: 0, plcmt: {}, actrt: 0, rpt: 0, exp: 85800, vexp: 1965298000, spp: 0}}]
Thu Jan 9 16:34:04 GMT+0200 2020 [INFO] Client said: 34: ["house_507_livingroom", "frn.save", {f: []}]
Thu Jan 9 16:33:57 GMT+0200 2020 [INFO] Client said: 34: ["house_507_livingroom", "frn.save", {f: []}]
Thu Jan 9 16:33:54 GMT+0200 2020 [INFO] Server said: 34: ["h.r.rfr", {rm: {lev: 1, nm: "#livingRoom", w: 13, l: 13, f: [{x: 6, lid: 24630633, y: 6, tpid: "sd15BirdCage", z: 0, d: 5}, {x: 0, lid: 1, y: 0, tpid: "wall15", z: 0, d: 3}, {x: 13, lid: 2, y: 0, tpid: "wall15", z: 0, d: 5}, {x: 3, lid: 4, y: 0, tpid: "door4", rid: "outside", z: 0, d: 3}, {x: 0, lid: 3, y: 0, tpid: "floor4", z: 0, d: 5}]}}]
Thu Jan 9 16:33:51 GMT+0200 2020 [INFO] Client said: 34: ["house_507_livingroom", "h.r.rfr", {}]
Thu Jan 9 16:33:51 GMT+0200 2020 [INFO] Server said: 34: ["frn.save", {hs: {nm: "house", l: 13, f: [{x: 6, lid: 24630633, y: 6, tpid: "sd15BirdCage", z: 0, d: 5}, {x: 0, lid: 1, y: 0, tpid: "wall15", z: 0, d: 3}, {x: 13, lid: 2, y: 0, tpid: "wall15", z: 0, d: 5}, {x: 3, lid: 4, y: 0, tpid: "door4", rid: "outside", z: 0, d: 3}, {x: 0, lid: 3, y: 0, tpid: "floor4", z: 0, d: 5}], lev: 1, w: 13, id: "livingroom"}, inv: {c: {lt: {id: "lt", it: []}, cls: {id: "cls", it: [{c: 1, iid: "", tid: "girlUnderdress1"}, {c: 1, iid: "", tid: "girlUnderdress2"}]}, gm: {id: "gm", it: [{c: 1, iid: "", tid: "blackMobileSkin"}]}, act: {id: "act", it: []}, frn: {id: "frn", it: [{c: 1, iid: "", tid: "sd15BirdCage"}]}}}, ci: {pamns: {amn: []}, fexp: 0, lwts: 0, ysct: 0, crst: 0, crt: 160, vsexp: 1965298000, tts: null, skrt: 0, vsact: true, eml: null, compid: 0, hrt: 7674, shcr: true, bcld: 0, fak: null, actrd: 0, vret: 0, shousd: false, trid: null, actrp: 0, gtrfrd: 0, ys: 0, skid: null, strfrd: 0, trcd: 0, vfgc: 0, vip: true, as: null, sbid: null, gdc: 0, cmid: 0, lvt: 1578579746, ceid: 0, lgt: 0, kyktid: null, sbrt: 0, rtrtm: 0, dr: true, lrnt: 0, plcmt: {}, actrt: 0, rpt: 0, exp: 85800, vexp: 1965298000, spp: 0}}]
Thu Jan 9 16:33:46 GMT+0200 2020 [INFO] Server said: 34: ["h.oinfo", {ath: false, plr: {apprnc: {pt: 0, bt: 0, pc: 1, fat: 0, g: 2, fft: 0, ec: 3, et: 5, sh: 0, hc: 7, nct: 0, mc: 3, fac: 1, ht: 127, ss: 0, rc: 1, brc: 1, shc: 1, brt: 4, n: "mistake.", ssc: 1, rg: 0, bc: 1, mt: 7, sc: 1}, uid: "507", usrinf: {rl: 0}, clths: {clths: [{tpid: "girlShirt12", clid: null}, {tpid: "girlShoes14", clid: null}, {tpid: "girlJcktNY20Gld", clid: null}, {tpid: "girlPants9", clid: null}]}, mbm: {sk: "blackMobileSkin", ac: null}, ci: {pamns: {amn: []}, fexp: 0, lwts: 0, ysct: 0, crst: 0, crt: 160, vsexp: 1965298000, tts: null, skrt: 0, vsact: true, eml: null, compid: 0, hrt: 174, shcr: true, bcld: 0, fak: null, actrd: 0, vret: 0, shousd: false, trid: null, actrp: 0, gtrfrd: 0, ys: 0, skid: null, strfrd: 0, trcd: 0, vfgc: 0, vip: true, as: null, sbid: null, gdc: 0, cmid: 0, lvt: 1578579746, ceid: 0, lgt: 0, kyktid: null, sbrt: 0, rtrtm: 0, dr: true, lrnt: 0, plcmt: {}, actrt: 0, rpt: 0, exp: 85800, vexp: 1965298000, spp: 0}, pf: {pf: {jntr: {pgs: 0, tp: "jntr", l: 20}, vsgst: {pgs: 0, tp: "vsgst", l: 20}, phtghr: {pgs: 0, tp: "phtghr", l: 20}, grdnr: {pgs: 0, tp: "grdnr", l: 20}}}}, hs: {lt: 0, r: [{nm: "Комната 1", l: 13, f: [{x: 0, lid: 3, y: 0, tpid: "floor4", z: 0, d: 5}, {x: 3, lid: 4, y: 0, tpid: "door4", rid: "outside", z: 0, d: 3}, {x: 13, lid: 2, y: 0, tpid: "wall15", z: 0, d: 5}, {x: 0, lid: 1, y: 0, tpid: "wall15", z: 0, d: 3}], lev: 2, w: 13, id: "1"}, {nm: "Комната 5", l: 13, f: [{x: 0, lid: 3, y: 0, tpid: "floor4", z: 0, d: 5}, {x: 3, lid: 4, y: 0, tpid: "door4", rid: "outside", z: 0, d: 3}, {x: 13, lid: 2, y: 0, tpid: "wall15", z: 0, d: 5}, {x: 0, lid: 1, y: 0, tpid: "wall15", z: 0, d: 3}], lev: 2, w: 13, id: "5"}, {nm: "#livingRoom", l: 13, f: [{x: 0, lid: 3, y: 0, tpid: "floor4", z: 0, d: 5}, {x: 3, lid: 4, y: 0, tpid: "door4", rid: "outside", z: 0, d: 3}, {x: 13, lid: 2, y: 0, tpid: "wall15", z: 0, d: 5}, {x: 0, lid: 1, y: 0, tpid: "wall15", z: 0, d: 3}], lev: 1, w: 13, id: "livingroom"}, {nm: "Комната 4", l: 13, f: [{x: 0, lid: 3, y: 0, tpid: "floor4", z: 0, d: 5}, {x: 3, lid: 4, y: 0, tpid: "door4", rid: "outside", z: 0, d: 3}, {x: 13, lid: 2, y: 0, tpid: "wall15", z: 0, d: 5}, {x: 0, lid: 1, y: 0, tpid: "wall15", z: 0, d: 3}], lev: 2, w: 13, id: "4"}, {nm: "Комната 3", l: 13, f: [{x: 0, lid: 3, y: 0, tpid: "floor4", z: 0, d: 5}, {x: 3, lid: 4, y: 0, tpid: "door4", rid: "outside", z: 0, d: 3}, {x: 13, lid: 2, y: 0, tpid: "wall15", z: 0, d: 5}, {x: 0, lid: 1, y: 0, tpid: "wall15", z: 0, d: 3}], lev: 2, w: 13, id: "3"}, {nm: "Комната 2", l: 13, f: [{x: 0, lid: 3, y: 0, tpid: "floor4", z: 0, d: 5}, {x: 3, lid: 4, y: 0, tpid: "door4", rid: "outside", z: 0, d: 3}, {x: 13, lid: 2, y: 0, tpid: "wall15", z: 0, d: 5}, {x: 0, lid: 1, y: 0, tpid: "wall15", z: 0, d: 3}], lev: 2, w: 13, id: "2"}]}}]
Thu Jan 9 16:33:44 GMT+0200 2020 [INFO] Client said: 34: ["house_507_livingroom", "frn.save", {f: [{x: 6, d: 5, y: 6, tpid: "sd15BirdCage", z: 0, t: 1, oid: 24630633, tm: 1578580417658}]}]
Thu Jan 9 16:33:31 GMT+0200 2020 [INFO] Client said: 34: [null, "h.oinfo", {uid: "507"}]
Thu Jan 9 16:33:26 GMT+0200 2020 [INFO] Server said: 34: ["ntf.res", {res: {gld: 1623, enrg: 500, emd: 0, slvr: 10000000}}]
Thu Jan 9 16:33:25 GMT+0200 2020 [INFO] Server said: 34: ["ntf.inv", {it: {c: 2, iid: "", tid: "sd15BirdCage"}}]
Thu Jan 9 16:33:24 GMT+0200 2020 [INFO] Client said: 34: [null, "frn.buy", {tpid: "sd15BirdCage", cnt: 2, pind: 1}]
Thu Jan 9 16:33:21 GMT+0200 2020 [INFO] Server said: 34: ["b.ingld", {ingld: 9999}]
Thu Jan 9 16:33:21 GMT+0200 2020 [INFO] Server said: 34: ["ntf.res", {res: {gld: 201621, enrg: 500, emd: 0, slvr: 10000000}}]
Thu Jan 9 16:33:21 GMT+0200 2020 [INFO] [YandexMetrics.reachGoal] Call reach goal 'click_buy_product' for counter 31321471
Thu Jan 9 16:33:21 GMT+0200 2020 [INFO] Client said: 34: [null, "b.chkprchs", {prid: "pack9999", pmnt: {ct2: null, srv: 3, ct3: null, tpid: "sd15BirdCage", ctx: {dialogSource: "furnitureShopDialog"}, ct1: null}, qnt: 1}]
Thu Jan 9 16:33:20 GMT+0200 2020 [INFO] [YandexMetrics.reachGoal] Call reach goal 'show_payment_dialog' for counter 31321471
Thu Jan 9 16:33:17 GMT+0200 2020 [INFO] Server said: 34: ["b.ingld", {ingld: 9999}]
Thu Jan 9 16:33:17 GMT+0200 2020 [INFO] Server said: 34: ["ntf.res", {res: {gld: 191622, enrg: 500, emd: 0, slvr: 10000000}}]
Thu Jan 9 16:33:16 GMT+0200 2020 [INFO] [YandexMetrics.reachGoal] Call reach goal 'click_buy_product' for counter 31321471
Thu Jan 9 16:33:16 GMT+0200 2020 [INFO] Client said: 34: [null, "b.chkprchs", {prid: "pack9999", pmnt: {ct2: null, srv: 3, ct3: null, tpid: "sd15BirdCage", ctx: {dialogSource: "furnitureShopDialog"}, ct1: null}, qnt: 1}]
Thu Jan 9 16:33:15 GMT+0200 2020 [INFO] [YandexMetrics.reachGoal] Call reach goal 'show_payment_dialog' for counter 31321471
Thu Jan 9 16:33:13 GMT+0200 2020 [INFO] Server said: 34: ["b.ingld", {ingld: 9999}]
Thu Jan 9 16:33:13 GMT+0200 2020 [INFO] Server said: 34: ["ntf.res", {res: {gld: 181623, enrg: 500, emd: 0, slvr: 10000000}}]
Thu Jan 9 16:33:12 GMT+0200 2020 [INFO] [YandexMetrics.reachGoal] Call reach goal 'click_buy_product' for counter 31321471
Thu Jan 9 16:33:12 GMT+0200 2020 [INFO] Client said: 34: [null, "b.chkprchs", {prid: "pack9999", pmnt: {ct2: null, srv: 3, ct3: null, tpid: "sd15BirdCage", ctx: {dialogSource: "furnitureShopDialog"}, ct1: null}, qnt: 1}]
Thu Jan 9 16:33:11 GMT+0200 2020 [INFO] [YandexMetrics.reachGoal] Call reach goal 'show_payment_dialog' for counter 31321471
Thu Jan 9 16:33:09 GMT+0200 2020 [INFO] Server said: 34: ["b.ingld", {ingld: 9999}]
Thu Jan 9 16:33:09 GMT+0200 2020 [INFO] Server said: 34: ["ntf.res", {res: {gld: 171624, enrg: 500, emd: 0, slvr: 10000000}}]
Thu Jan 9 16:33:07 GMT+0200 2020 [INFO] [YandexMetrics.reachGoal] Call reach goal 'click_buy_product' for counter 31321471
Thu Jan 9 16:33:07 GMT+0200 2020 [INFO] Client said: 34: [null, "b.chkprchs", {prid: "pack9999", pmnt: {ct2: null, srv: 3, ct3: null, tpid: "sd15BirdCage", ctx: {dialogSource: "furnitureShopDialog"}, ct1: null}, qnt: 1}]
Thu Jan 9 16:33:07 GMT+0200 2020 [INFO] [YandexMetrics.reachGoal] Call reach goal 'show_payment_dialog' for counter 31321471
Thu Jan 9 16:33:05 GMT+0200 2020 [INFO] Server said: 34: ["b.ingld", {ingld: 9999}]
Thu Jan 9 16:33:04 GMT+0200 2020 [INFO] Server said: 34: ["ntf.res", {res: {gld: 161625, enrg: 500, emd: 0, slvr: 10000000}}]