ClientError: Thu Jan 9 17:23:10 GMT+0300 2020 [CRITICAL] [salon] *Uncaught Error* ErrorId: 1009 ErrorName: TypeError ErrorMessage:Error #1009 ErrorStackTrace:TypeError: Error #1009
	at _-0eV::RoomMemberContainer/addAvatar()
	at _-PQ::BaseRoomScreen/addAvatar()
	at _-PQ::BaseRoomScreen/onRefreshAvatar()
	at flash.events::EventDispatcher/dispatchEvent()
	at _-2CM::BaseRoomNetManager/onRefreshAvatar()
	at flash.events::EventDispatcher/dispatchEvent()
	at ags::_-2t/_-2dI()
	at flash.events::EventDispatcher/dispatchEvent()
	at _-0en::_-0O8/_-1LF()
	at _-0en::_-0O8/execute()
	at ags::AGSClient/_-0i9()
	at ags::AGSClient/_-2ZF()
	at ags::AGSClient/_-2Ea()
Thu Jan 9 17:23:10 GMT+0300 2020 [INFO] Server said: 34: ["o.r.ra", {plr: {uid: "293", apprnc: {et: 23, mt: 9, pt: 0, rc: 1, bt: 0, g: 1, pc: 1, nct: 0, ss: 0, ht: 87, sh: 0, rg: 0, ssc: 1, mc: 24, n: "●●ßǻŧ®ůwkǻ●", ec: 27, fft: 1, brc: 2, shc: 1, sc: 1, fat: 0, brt: 14, bc: 1, fac: 1, hc: 25}, pf: {pf: {vsgst: {tp: "vsgst", l: 20, pgs: 0}, jntr: {tp: "jntr", l: 20, pgs: 0}, phtghr: {tp: "phtghr", l: 20, pgs: 0}, grdnr: {tp: "grdnr", l: 20, pgs: 0}}}, usrinf: {rl: 0}, ci: {sbrt: 0, strfrd: 0, skrt: 0, plcmt: {}, rtrtm: 0, crt: 653, kyktid: null, vret: 0, actrt: 0, vip: true, fexp: 0, compid: 0, trid: null, pamns: {amn: []}, bcld: 0, crst: 0, actrd: 0, vfgc: 0, shousd: false, ceid: 0, cmid: 0, hrt: 174, actrp: 0, dr: true, rpt: 0, spp: 0, as: null, tts: null, gdc: 0, lvt: 1578579261, sbid: null, lgt: 0, trcd: 0, eml: null, ys: 0, vexp: 1965298000, lwts: 0, skid: null, ysct: 0, lrnt: 0, vsexp: 1965298000, fak: null, vsact: true, exp: 85800, shcr: true, gtrfrd: 0}, locinfo: {at: "", x: 9.92, s: "127.0.0.1", st: 23, shlc: true, y: 1.48, d: 4, l: "salon_sn1_1", pl: ""}, clths: {clths: [{tpid: "boyPntsFrog", clid: null}, {tpid: "boyNY20VKGiftPllvCnd", clid: null}, {tpid: "boyShoes8", clid: null}]}, mbm: {ac: null, sk: "blackMobileSkin"}}}]
Thu Jan 9 17:23:10 GMT+0300 2020 [INFO] Server said: 34: ["o.r.m", {sy: 13.73, uid: "260", dy: 14.92, dx: 12.61, sx: 13.48}]
Thu Jan 9 17:23:09 GMT+0300 2020 [INFO] Server said: 16: ["salon_sn1_1", "221"]
Thu Jan 9 17:23:09 GMT+0300 2020 [INFO] Server said: 34: ["o.r.jn", {plr: {uid: "221", apprnc: {et: 5, mt: 3, pt: 0, rc: 1, bt: 0, g: 2, pc: 1, nct: 0, ss: 0, ht: 132, sh: 0, rg: 0, ssc: 1, mc: 4, n: "Ты афца", ec: 1, fft: 0, brc: 2, shc: 1, sc: 1, fat: 0, brt: 4, bc: 1, fac: 1, hc: 6}, pf: {pf: {vsgst: {tp: "vsgst", l: 20, pgs: 0}, jntr: {tp: "jntr", l: 20, pgs: 0}, phtghr: {tp: "phtghr", l: 20, pgs: 0}, grdnr: {tp: "grdnr", l: 20, pgs: 0}}}, usrinf: {rl: 0}, ci: {sbrt: 0, strfrd: 0, skrt: 0, plcmt: {}, rtrtm: 0, crt: 2494, kyktid: null, vret: 0, actrt: 0, vip: true, fexp: 0, compid: 0, trid: "freelanceVideo", pamns: {amn: []}, bcld: 0, crst: 0, actrd: 0, vfgc: 0, shousd: false, ceid: 0, cmid: 0, hrt: 966, actrp: 0, dr: true, rpt: 0, spp: 0, as: null, tts: null, gdc: 0, lvt: 1578579281, sbid: null, lgt: 0, trcd: 0, eml: null, ys: 0, vexp: 1965298000, lwts: 0, skid: null, ysct: 0, lrnt: 0, vsexp: 1965298000, fak: null, vsact: true, exp: 85800, shcr: true, gtrfrd: 0}, locinfo: {at: "", x: -1, s: "127.0.0.1", st: 0, shlc: true, y: -1, d: 4, l: "salon_sn1_1", pl: ""}, clths: {clths: [{tpid: "girlDcrClnGlmr", clid: "4"}, {tpid: "girlBatClnPstpc", clid: "17"}, {tpid: "girlSktRbbt", clid: "11"}, {tpid: "girlBtsCtrOutsrc2", clid: "17"}, {tpid: "girlPntsClnPstpc", clid: "16"}, {tpid: "girlTShrtSchool", clid: "16"}]}, mbm: {ac: null, sk: "blackMobileSkin"}}}]
Thu Jan 9 17:23:08 GMT+0300 2020 [INFO] Server said: 34: ["o.r.m", {uid: "215", sy: 1.5, sx: 15.5, dx: 8.23, dy: 2.3}]
Thu Jan 9 17:23:08 GMT+0300 2020 [INFO] Client said: 34: ["salon_sn1_1", "o.r.info", {rid: "sn1"}]
Thu Jan 9 17:23:08 GMT+0300 2020 [INFO] Server said: 34: ["o.gr", {rid: "salon_sn1_1"}]
Thu Jan 9 17:23:08 GMT+0300 2020 [INFO] Server said: 16: ["salon_sn1_1", "198"]
Thu Jan 9 17:23:08 GMT+0300 2020 [INFO] Server said: 34: ["o.r.jn", {plr: {uid: "198", apprnc: {et: 1, mt: 6, pt: 0, rc: 1, bt: 0, g: 1, pc: 1, nct: 0, ss: 0, ht: 1, sh: 0, rg: 0, ssc: 1, mc: 1, n: "◊ПаFFoS◊", ec: 1, fft: 0, brc: 1, shc: 1, sc: 2, fat: 0, brt: 1, bc: 1, fac: 1, hc: 1}, pf: {pf: {vsgst: {tp: "vsgst", l: 20, pgs: 0}, jntr: {tp: "jntr", l: 20, pgs: 0}, phtghr: {tp: "phtghr", l: 20, pgs: 0}, grdnr: {tp: "grdnr", l: 20, pgs: 0}}}, usrinf: {rl: 0}, ci: {sbrt: 0, strfrd: 0, skrt: 0, plcmt: {}, rtrtm: 0, crt: 18, kyktid: null, vret: 0, actrt: 0, vip: true, fexp: 0, compid: 0, trid: null, pamns: {amn: []}, bcld: 0, crst: 0, actrd: 0, vfgc: 0, shousd: false, ceid: 0, cmid: 0, hrt: 174, actrp: 0, dr: true, rpt: 0, spp: 0, as: null, tts: null, gdc: 0, lvt: 1578579766, sbid: null, lgt: 0, trcd: 0, eml: null, ys: 0, vexp: 1965298000, lwts: 0, skid: null, ysct: 0, lrnt: 0, vsexp: 1965298000, fak: null, vsact: true, exp: 85800, shcr: true, gtrfrd: 0}, locinfo: {at: "", x: -1, s: "127.0.0.1", st: 0, shlc: true, y: -1, d: 4, l: "salon_sn1_1", pl: ""}, clths: {clths: [{tpid: "boyShirt14", clid: null}, {tpid: "boyShoes8", clid: null}, {tpid: "boyPants10", clid: null}]}, mbm: {ac: null, sk: "blackMobileSkin"}}}]
Thu Jan 9 17:23:07 GMT+0300 2020 [INFO] Server said: 34: ["o.r.u", {uid: "260", x: 13.48, st: 23, at: "", y: 13.73, d: 6}]
Thu Jan 9 17:23:05 GMT+0300 2020 [INFO] Server said: 34: ["o.r.m", {sy: 13, uid: "260", dy: 13.73, dx: 13.48, sx: 14}]
Thu Jan 9 17:23:05 GMT+0300 2020 [INFO] Server said: 34: ["o.r.ra", {plr: {uid: "293", apprnc: {et: 23, mt: 9, pt: 0, rc: 1, bt: 0, g: 1, pc: 1, nct: 0, ss: 0, ht: 87, sh: 0, rg: 0, ssc: 1, mc: 24, n: "●●ßǻŧ®ůwkǻ●", ec: 27, fft: 1, brc: 2, shc: 1, sc: 1, fat: 0, brt: 14, bc: 1, fac: 1, hc: 25}, pf: {pf: {vsgst: {tp: "vsgst", l: 20, pgs: 0}, jntr: {tp: "jntr", l: 20, pgs: 0}, phtghr: {tp: "phtghr", l: 20, pgs: 0}, grdnr: {tp: "grdnr", l: 20, pgs: 0}}}, usrinf: {rl: 0}, ci: {sbrt: 0, strfrd: 0, skrt: 0, plcmt: {}, rtrtm: 0, crt: 653, kyktid: null, vret: 0, actrt: 0, vip: true, fexp: 0, compid: 0, trid: null, pamns: {amn: []}, bcld: 0, crst: 0, actrd: 0, vfgc: 0, shousd: false, ceid: 0, cmid: 0, hrt: 174, actrp: 0, dr: true, rpt: 0, spp: 0, as: null, tts: null, gdc: 0, lvt: 1578579261, sbid: null, lgt: 0, trcd: 0, eml: null, ys: 0, vexp: 1965298000, lwts: 0, skid: null, ysct: 0, lrnt: 0, vsexp: 1965298000, fak: null, vsact: true, exp: 85800, shcr: true, gtrfrd: 0}, locinfo: {at: "", x: 9.92, s: "127.0.0.1", st: 23, shlc: true, y: 1.48, d: 4, l: "salon_sn1_1", pl: ""}, clths: {clths: [{tpid: "boyPntsFrog", clid: null}, {tpid: "boyNY20VKGiftPllvCnd", clid: null}, {tpid: "boyShoes8", clid: null}]}, mbm: {ac: null, sk: "blackMobileSkin"}}}]
Thu Jan 9 17:23:05 GMT+0300 2020 [INFO] Server said: 34: ["o.r.u", {uid: "260", x: 14.42, st: 0, y: 12.6, d: 1}]
Thu Jan 9 17:23:05 GMT+0300 2020 [INFO] Server said: 34: ["o.r.u", {uid: "215", x: 15.5, y: 1.5, d: 4, st: 0}]
Thu Jan 9 17:23:03 GMT+0300 2020 [INFO] Server said: 34: ["o.r.u", {uid: "260", x: 14.42, st: 1, at: "salonActiveChairItem21", y: 12.6, d: 0}]
Thu Jan 9 17:23:03 GMT+0300 2020 [INFO] Server said: 34: ["o.r.u", {uid: "260", x: 14.42, st: 23, at: "", y: 12.6, d: 0}]
Thu Jan 9 17:23:02 GMT+0300 2020 [INFO] Server said: 34: ["o.r.m", {sy: 9.44, uid: "260", dy: 12.6, dx: 14.42, sx: 9.19}]
Thu Jan 9 17:22:50 GMT+0300 2020 [INFO] Client said: 34: [null, "o.gr", {lid: "salon", gid: "sn1"}]
Thu Jan 9 17:22:50 GMT+0300 2020 [INFO] Server said: 1: ["198", true, false, false]
Thu Jan 9 17:22:46 GMT+0300 2020 [INFO] Client said: 1: ["street", "198", "ESkioHGevSZNcFAGBokk", {clvrn: "84.0.4", v: 2}]
Thu Jan 9 17:22:44 GMT+0300 2020 [INFO] Client said: 2: []
Thu Jan 9 17:22:44 GMT+0300 2020 [INFO] Loaded  LoadingItem(url: http://62.113.113.58:8080/files/swf/Salon_1fe14ef0cdf189794ef74d591993d3f5.swf, status: 2) 
Thu Jan 9 17:22:43 GMT+0300 2020 [INFO] Client said: 17: ["house_198_livingroom"]
Thu Jan 9 17:22:32 GMT+0300 2020 [INFO] Server said: 34: ["lg.lst", {glst: []}]
Thu Jan 9 17:22:32 GMT+0300 2020 [INFO] Client said: 34: ["house_198_livingroom", "h.r.u", {uid: "198", x: 4.05, y: 0.1, d: 4, st: 0}]
Thu Jan 9 17:22:32 GMT+0300 2020 [INFO] Client said: 34: ["house_198_livingroom", "lg.lst", {}]
Thu Jan 9 17:22:30 GMT+0300 2020 [INFO] Server said: 34: ["h.r.info", {rm: {nm: "#livingRoom", lev: 1, id: "livingroom", f: [{x: 0, y: 0, z: 0, tpid: "floor4", lid: 3, d: 5}, {x: 3, rid: "outside", y: 0, z: 0, tpid: "door4", lid: 4, d: 3}, {x: 13, y: 0, z: 0, tpid: "wall15", lid: 2, d: 5}, {x: 0, y: 0, z: 0, tpid: "wall15", lid: 1, d: 3}], l: 13, w: 13}, rmmb: [{uid: "198", apprnc: {et: 1, mt: 6, pt: 0, rc: 1, bt: 0, g: 1, pc: 1, nct: 0, ss: 0, ht: 1, sh: 0, rg: 0, ssc: 1, mc: 1, n: "◊ПаFFoS◊", ec: 1, fft: 0, brc: 1, shc: 1, sc: 2, fat: 0, brt: 1, bc: 1, fac: 1, hc: 1}, pf: {pf: {vsgst: {tp: "vsgst", l: 20, pgs: 0}, jntr: {tp: "jntr", l: 20, pgs: 0}, phtghr: {tp: "phtghr", l: 20, pgs: 0}, grdnr: {tp: "grdnr", l: 20, pgs: 0}}}, usrinf: {rl: 0}, ci: {sbrt: 0, strfrd: 0, skrt: 0, plcmt: {}, rtrtm: 0, crt: 18, kyktid: null, vret: 0, actrt: 0, vip: true, fexp: 0, compid: 0, trid: null, pamns: {amn: []}, bcld: 0, crst: 0, actrd: 0, vfgc: 0, shousd: false, ceid: 0, cmid: 0, hrt: 174, actrp: 0, dr: true, rpt: 0, spp: 0, as: null, tts: null, gdc: 0, lvt: 1578579672, sbid: null, lgt: 0, trcd: 0, eml: null, ys: 0, vexp: 1965298000, lwts: 0, skid: null, ysct: 0, lrnt: 0, vsexp: 1965298000, fak: null, vsact: true, exp: 85800, shcr: true, gtrfrd: 0}, locinfo: {at: "", x: -1, s: "127.0.0.1", st: 0, shlc: true, y: -1, d: 4, l: "house_198_livingroom", pl: ""}, clths: {clths: [{tpid: "boyShirt14", clid: null}, {tpid: "boyShoes8", clid: null}, {tpid: "boyPants10", clid: null}]}, mbm: {ac: null, sk: "blackMobileSkin"}}], evn: null}]
Thu Jan 9 17:22:28 GMT+0300 2020 [INFO] Client said: 34: ["house_198_livingroom", "h.r.info", {uid: "198", rid: "livingroom"}]
Thu Jan 9 17:22:28 GMT+0300 2020 [INFO] Server said: 34: ["h.gr", {rid: "house_198_livingroom"}]
Thu Jan 9 17:22:27 GMT+0300 2020 [INFO] Server said: 16: ["house_198_livingroom", "198"]
Thu Jan 9 17:22:27 GMT+0300 2020 [INFO] Server said: 34: ["h.r.jn", {plr: {uid: "198", apprnc: {et: 1, mt: 6, pt: 0, rc: 1, bt: 0, g: 1, pc: 1, nct: 0, ss: 0, ht: 1, sh: 0, rg: 0, ssc: 1, mc: 1, n: "◊ПаFFoS◊", ec: 1, fft: 0, brc: 1, shc: 1, sc: 2, fat: 0, brt: 1, bc: 1, fac: 1, hc: 1}, pf: {pf: {vsgst: {tp: "vsgst", l: 20, pgs: 0}, jntr: {tp: "jntr", l: 20, pgs: 0}, phtghr: {tp: "phtghr", l: 20, pgs: 0}, grdnr: {tp: "grdnr", l: 20, pgs: 0}}}, usrinf: {rl: 0}, ci: {sbrt: 0, strfrd: 0, skrt: 0, plcmt: {}, rtrtm: 0, crt: 18, kyktid: null, vret: 0, actrt: 0, vip: true, fexp: 0, compid: 0, trid: null, pamns: {amn: []}, bcld: 0, crst: 0, actrd: 0, vfgc: 0, shousd: false, ceid: 0, cmid: 0, hrt: 174, actrp: 0, dr: true, rpt: 0, spp: 0, as: null, tts: null, gdc: 0, lvt: 1578579672, sbid: null, lgt: 0, trcd: 0, eml: null, ys: 0, vexp: 1965298000, lwts: 0, skid: null, ysct: 0, lrnt: 0, vsexp: 1965298000, fak: null, vsact: true, exp: 85800, shcr: true, gtrfrd: 0}, locinfo: {at: "", x: -1, s: "127.0.0.1", st: 0, shlc: true, y: -1, d: 4, l: "house_198_livingroom", pl: ""}, clths: {clths: [{tpid: "boyShirt14", clid: null}, {tpid: "boyShoes8", clid: null}, {tpid: "boyPants10", clid: null}]}, mbm: {ac: null, sk: "blackMobileSkin"}}}]
Thu Jan 9 17:22:25 GMT+0300 2020 [INFO] Client said: 34: [null, "h.gr", {lid: "house", rid: "livingroom", gid: "198"}]
Thu Jan 9 17:22:25 GMT+0300 2020 [INFO] Loaded  LoadingItem(url: http://62.113.113.58:8080/files/swf/furniture/house/WallPoppy.swf, status: 2) 
Thu Jan 9 17:22:25 GMT+0300 2020 [INFO] Loaded  LoadingItem(url: http://62.113.113.58:8080/files/swf/furniture/house/FloorCarpetGrass.swf, status: 2) 
Thu Jan 9 17:22:25 GMT+0300 2020 [INFO] Server said: 34: ["srqst.gtrq", {rqlst: {lapt: {}, shwdt: 0, rsprlst: {}, rlst: {}}}]
Thu Jan 9 17:22:25 GMT+0300 2020 [INFO] Loaded  LoadingItem(url: http://62.113.113.58:8080/files/swf/furniture/house/DoorWood.swf, status: 2) 
Thu Jan 9 17:22:24 GMT+0300 2020 [INFO] Client said: 34: [null, "nws.getglbl", {}]
Thu Jan 9 17:22:24 GMT+0300 2020 [INFO] Server said: 34: ["nws.hasnews", {gnexst: true, gnunr: true}]