ClientError: Thu Jan 9 18:00:36 GMT+0300 2020 [CRITICAL] [house] *Uncaught Error* ErrorId: 1009 ErrorName: TypeError ErrorMessage:Error #1009 ErrorStackTrace:TypeError: Error #1009
	at MethodInfo-2()
	at flash.events::EventDispatcher/dispatchEvent()
	at _-jr::FurnitureLoader/_-2qc()
	at flash.events::EventDispatcher/dispatchEvent()
	at _-0bS::MassLoader/_-4Ql()
	at _-0bS::MassLoader/_-WZ()
	at flash.events::EventDispatcher/dispatchEvent()
	at _-18R::LoadingItem/onComplete()
	at _-18R::SWFLoadingItem/onComplete()
	at MethodInfo-7()
Thu Jan 9 18:00:36 GMT+0300 2020 [INFO] Loaded  LoadingItem(url: http://62.113.113.58:8080/files/swf/furniture/furniture/Dirol15Wardrobe.swf, status: 2) 
Thu Jan 9 18:00:36 GMT+0300 2020 [INFO] Loaded  LoadingItem(url: http://62.113.113.58:8080/files/swf/furniture/furniture/WardrobeForget.swf, status: 2) 
Thu Jan 9 17:59:43 GMT+0300 2020 [INFO] Server said: 34: ["h.r.ra", {plr: {clths: {clths: [{tpid: "grlDrssRcc", clid: null}, {tpid: "girlShoes14", clid: null}]}, apprnc: {fat: 0, ss: 0, fac: 1, nct: 0, hc: 1, mt: 6, ht: 131, rg: 0, fft: 0, et: 2, pc: 1, n: "фернандо.", bc: 1, sc: 3, ssc: 1, g: 2, ec: 5, shc: 1, pt: 0, sh: 0, rc: 1, bt: 0, mc: 3, brt: 7, brc: 4}, ci: {skid: null, hrt: 174, lwts: 0, fexp: 0, vfgc: 0, bcld: 0, actrt: 0, trid: null, compid: 0, skrt: 0, ceid: 0, actrp: 0, cmid: 0, ys: 0, actrd: 0, dr: true, trcd: 0, rtrtm: 0, spp: 0, sbid: null, sbrt: 0, shousd: false, tts: null, rpt: 0, vip: true, eml: null, pamns: {amn: []}, gdc: 0, crst: 0, plcmt: {}, lgt: 0, as: null, ysct: 0, vexp: 1965298000, fak: null, lvt: 1578581868, vsexp: 1965298000, shcr: true, exp: 85800, vsact: true, kyktid: null, crt: 985, gtrfrd: 0, vret: 0, strfrd: 0, lrnt: 0}, mbm: {ac: null, sk: "blackMobileSkin"}, locinfo: {x: 4.05, s: "127.0.0.1", y: 0.1, at: "", st: 0, d: 4, shlc: true, l: "house_443_livingroom", pl: ""}, uid: "443", pf: {pf: {vsgst: {pgs: 0, tp: "vsgst", l: 20}, phtghr: {pgs: 0, tp: "phtghr", l: 20}, jntr: {pgs: 0, tp: "jntr", l: 20}, grdnr: {pgs: 0, tp: "grdnr", l: 20}}}, usrinf: {rl: 0}}}]
Thu Jan 9 17:59:42 GMT+0300 2020 [INFO] Client said: 34: ["house_443_livingroom", "h.r.ra", {}]
Thu Jan 9 17:59:42 GMT+0300 2020 [INFO] Server said: 34: ["a.clths.buy", {inv: {c: {act: {id: "act", it: []}, gm: {id: "gm", it: [{tid: "blackMobileSkin", c: 1, iid: ""}]}, cls: {id: "cls", it: [{tid: "girlUnderdress1", c: 1, iid: ""}, {tid: "girlUnderdress2", c: 1, iid: ""}, {tid: "girlShirt12", c: 1, iid: ""}, {tid: "grlPrtTSht", c: 1, iid: ""}, {tid: "girlPants9", c: 1, iid: ""}, {tid: "gSMR15Skrt", c: 1, iid: ""}]}, frn: {id: "frn", it: []}, lt: {id: "lt", it: []}}}, clths: {clths: [{tpid: "grlDrssRcc", clid: null}, {tpid: "girlShoes14", clid: null}]}, ccltn: {cn: "", ctp: "casual", cct: ["grlDrssRcc", "girlShoes14"]}, crt: 985, res: {enrg: 500, gld: 39732, emd: 0, slvr: 10000}}]
Thu Jan 9 17:59:41 GMT+0300 2020 [INFO] Client said: 34: [null, "a.clths.buy", {pind: 1, tpid: "grlDrssRcc", ctp: "casual"}]
Thu Jan 9 17:59:16 GMT+0300 2020 [INFO] Server said: 34: ["h.r.ra", {plr: {clths: {clths: [{tpid: "grlPrtTSht", clid: null}, {tpid: "girlPants9", clid: null}, {tpid: "gSMR15Skrt", clid: null}, {tpid: "girlShoes14", clid: null}]}, apprnc: {fat: 0, ss: 0, fac: 1, nct: 0, hc: 1, mt: 6, ht: 131, rg: 0, fft: 0, et: 2, pc: 1, n: "фернандо.", bc: 1, sc: 3, ssc: 1, g: 2, ec: 5, shc: 1, pt: 0, sh: 0, rc: 1, bt: 0, mc: 3, brt: 7, brc: 4}, ci: {skid: null, hrt: 174, lwts: 0, fexp: 0, vfgc: 0, bcld: 0, actrt: 0, trid: null, compid: 0, skrt: 0, ceid: 0, actrp: 0, cmid: 0, ys: 0, actrd: 0, dr: true, trcd: 0, rtrtm: 0, spp: 0, sbid: null, sbrt: 0, shousd: false, tts: null, rpt: 0, vip: true, eml: null, pamns: {amn: []}, gdc: 0, crst: 0, plcmt: {}, lgt: 0, as: null, ysct: 0, vexp: 1965298000, fak: null, lvt: 1578581868, vsexp: 1965298000, shcr: true, exp: 85800, vsact: true, kyktid: null, crt: 335, gtrfrd: 0, vret: 0, strfrd: 0, lrnt: 0}, mbm: {ac: null, sk: "blackMobileSkin"}, locinfo: {x: 4.05, s: "127.0.0.1", y: 0.1, at: "", st: 0, d: 4, shlc: true, l: "house_443_livingroom", pl: ""}, uid: "443", pf: {pf: {vsgst: {pgs: 0, tp: "vsgst", l: 20}, phtghr: {pgs: 0, tp: "phtghr", l: 20}, jntr: {pgs: 0, tp: "jntr", l: 20}, grdnr: {pgs: 0, tp: "grdnr", l: 20}}}, usrinf: {rl: 0}}}]
Thu Jan 9 17:59:15 GMT+0300 2020 [INFO] Client said: 34: ["house_443_livingroom", "h.r.ra", {}]
Thu Jan 9 17:59:15 GMT+0300 2020 [INFO] Server said: 34: ["a.clths.buy", {inv: {c: {act: {id: "act", it: []}, gm: {id: "gm", it: [{tid: "blackMobileSkin", c: 1, iid: ""}]}, cls: {id: "cls", it: [{tid: "girlUnderdress1", c: 1, iid: ""}, {tid: "girlUnderdress2", c: 1, iid: ""}, {tid: "girlShirt12", c: 1, iid: ""}]}, frn: {id: "frn", it: []}, lt: {id: "lt", it: []}}}, clths: {clths: [{tpid: "grlPrtTSht", clid: null}, {tpid: "girlPants9", clid: null}, {tpid: "gSMR15Skrt", clid: null}, {tpid: "girlShoes14", clid: null}]}, ccltn: {cn: "", ctp: "casual", cct: ["grlPrtTSht", "girlPants9", "gSMR15Skrt", "girlShoes14"]}, crt: 335, res: {enrg: 500, gld: 39948, emd: 0, slvr: 10000}}]
Thu Jan 9 17:59:15 GMT+0300 2020 [INFO] Client said: 34: [null, "a.clths.buy", {pind: 1, tpid: "gSMR15Skrt", ctp: "casual"}]
Thu Jan 9 17:59:05 GMT+0300 2020 [INFO] Server said: 34: ["h.r.ra", {plr: {clths: {clths: [{tpid: "grlPrtTSht", clid: null}, {tpid: "girlPants9", clid: null}, {tpid: "girlShoes14", clid: null}]}, apprnc: {fat: 0, ss: 0, fac: 1, nct: 0, hc: 1, mt: 6, ht: 131, rg: 0, fft: 0, et: 2, pc: 1, n: "фернандо.", bc: 1, sc: 3, ssc: 1, g: 2, ec: 5, shc: 1, pt: 0, sh: 0, rc: 1, bt: 0, mc: 3, brt: 7, brc: 4}, ci: {skid: null, hrt: 174, lwts: 0, fexp: 0, vfgc: 0, bcld: 0, actrt: 0, trid: null, compid: 0, skrt: 0, ceid: 0, actrp: 0, cmid: 0, ys: 0, actrd: 0, dr: true, trcd: 0, rtrtm: 0, spp: 0, sbid: null, sbrt: 0, shousd: false, tts: null, rpt: 0, vip: true, eml: null, pamns: {amn: []}, gdc: 0, crst: 0, plcmt: {}, lgt: 0, as: null, ysct: 0, vexp: 1965298000, fak: null, lvt: 1578581868, vsexp: 1965298000, shcr: true, exp: 85800, vsact: true, kyktid: null, crt: 165, gtrfrd: 0, vret: 0, strfrd: 0, lrnt: 0}, mbm: {ac: null, sk: "blackMobileSkin"}, locinfo: {x: 4.05, s: "127.0.0.1", y: 0.1, at: "", st: 0, d: 4, shlc: true, l: "house_443_livingroom", pl: ""}, uid: "443", pf: {pf: {vsgst: {pgs: 0, tp: "vsgst", l: 20}, phtghr: {pgs: 0, tp: "phtghr", l: 20}, jntr: {pgs: 0, tp: "jntr", l: 20}, grdnr: {pgs: 0, tp: "grdnr", l: 20}}}, usrinf: {rl: 0}}}]
Thu Jan 9 17:59:04 GMT+0300 2020 [INFO] Client said: 34: ["house_443_livingroom", "h.r.ra", {}]
Thu Jan 9 17:59:04 GMT+0300 2020 [INFO] Server said: 34: ["a.clths.buy", {inv: {c: {act: {id: "act", it: []}, gm: {id: "gm", it: [{tid: "blackMobileSkin", c: 1, iid: ""}]}, cls: {id: "cls", it: [{tid: "girlUnderdress1", c: 1, iid: ""}, {tid: "girlUnderdress2", c: 1, iid: ""}, {tid: "girlShirt12", c: 1, iid: ""}]}, frn: {id: "frn", it: []}, lt: {id: "lt", it: []}}}, clths: {clths: [{tpid: "grlPrtTSht", clid: null}, {tpid: "girlPants9", clid: null}, {tpid: "girlShoes14", clid: null}]}, ccltn: {cn: "", ctp: "casual", cct: ["grlPrtTSht", "girlPants9", "girlShoes14"]}, crt: 165, res: {enrg: 500, gld: 40016, emd: 0, slvr: 10000}}]
Thu Jan 9 17:59:04 GMT+0300 2020 [INFO] Client said: 34: [null, "a.clths.buy", {pind: 1, tpid: "grlPrtTSht", ctp: "casual"}]
Thu Jan 9 17:58:57 GMT+0300 2020 [INFO] Server said: 34: ["b.ingld", {ingld: 9999}]
Thu Jan 9 17:58:57 GMT+0300 2020 [INFO] Server said: 34: ["ntf.res", {res: {enrg: 500, gld: 40096, emd: 0, slvr: 10000}}]
Thu Jan 9 17:58:57 GMT+0300 2020 [INFO] [YandexMetrics.reachGoal] Call reach goal 'click_buy_product' for counter 31321471
Thu Jan 9 17:58:57 GMT+0300 2020 [INFO] Client said: 34: [null, "b.chkprchs", {qnt: 1, prid: "pack9999", pmnt: {ct3: null, tpid: "grlTShtPrfGdn", ct2: null, ctx: {dialogSource: "clothesShopDialog"}, srv: 1, ct1: null}}]