ClientError: Thu Jan 9 17:58:11 GMT+0300 2020 [CRITICAL] [house] *Uncaught Error* ErrorId: 1009 ErrorName: TypeError ErrorMessage:Error #1009 ErrorStackTrace:TypeError: Error #1009
	at _-371::SupportNetManager/init()
	at _-4I::_-Ss/init()
	at _-4I::NotEnoughGoldProductDialog/init()
	at _-Qp::_-1DK/onAddedToStage()
	at _-0qh::UIManager/_-1oS()
	at _-0qh::UIManager/showModal()
	at _-Qp::_-1DK/showModal()
	at _-1Dw::PaymentService/checkGold()
	at _-1Dw::PaymentService/checkPrice()
	at _-06H::BuyFurnitureDialog/onGoldBuyClick()
Thu Jan 9 17:57:48 GMT+0300 2020 [INFO] Server said: 34: ["lg.lst", {glst: []}]
Thu Jan 9 17:57:48 GMT+0300 2020 [INFO] Client said: 34: ["house_443_livingroom", "h.r.u", {x: 4.05, uid: "443", d: 4, y: 0.1, st: 0}]
Thu Jan 9 17:57:48 GMT+0300 2020 [INFO] Client said: 34: ["house_443_livingroom", "lg.lst", {}]
Thu Jan 9 17:57:46 GMT+0300 2020 [INFO] Server said: 34: ["h.r.info", {rm: {lev: 1, id: "livingroom", l: 13, f: [{x: 0, tpid: "wall15", y: 0, z: 0, d: 3, lid: 1}, {x: 3, tpid: "door4", y: 0, z: 0, d: 3, lid: 4, rid: "outside"}, {x: 13, tpid: "wall15", y: 0, z: 0, d: 5, lid: 2}, {x: 0, tpid: "floor4", y: 0, z: 0, d: 5, lid: 3}], nm: "#livingRoom", w: 13}, rmmb: [{clths: {clths: [{tpid: "girlShirt12", clid: null}, {tpid: "girlShoes14", clid: null}, {tpid: "girlPants9", clid: null}]}, apprnc: {fat: 0, ss: 0, fac: 1, nct: 0, hc: 1, mt: 6, ht: 131, rg: 0, fft: 0, et: 2, pc: 1, n: "фернандо.", bc: 1, sc: 3, ssc: 1, g: 2, ec: 5, shc: 1, pt: 0, sh: 0, rc: 1, bt: 0, mc: 3, brt: 7, brc: 4}, ci: {skid: null, hrt: 174, lwts: 0, fexp: 0, vfgc: 0, bcld: 0, actrt: 0, trid: null, compid: 0, skrt: 0, ceid: 0, actrp: 0, cmid: 0, ys: 0, actrd: 0, dr: true, trcd: 0, rtrtm: 0, spp: 0, sbid: null, sbrt: 0, shousd: false, tts: null, rpt: 0, vip: true, eml: null, pamns: {amn: []}, gdc: 0, crst: 0, plcmt: {}, lgt: 0, as: null, ysct: 0, vexp: 1965298000, fak: null, lvt: 1578581868, vsexp: 1965298000, shcr: true, exp: 85800, vsact: true, kyktid: null, crt: 10, gtrfrd: 0, vret: 0, strfrd: 0, lrnt: 0}, mbm: {ac: null, sk: "blackMobileSkin"}, locinfo: {x: -1, s: "127.0.0.1", y: -1, at: "", st: 0, d: 4, shlc: true, l: "house_443_livingroom", pl: ""}, uid: "443", pf: {pf: {vsgst: {pgs: 0, tp: "vsgst", l: 20}, phtghr: {pgs: 0, tp: "phtghr", l: 20}, jntr: {pgs: 0, tp: "jntr", l: 20}, grdnr: {pgs: 0, tp: "grdnr", l: 20}}}, usrinf: {rl: 0}}], evn: null}]
Thu Jan 9 17:57:46 GMT+0300 2020 [INFO] Client said: 34: ["house_443_livingroom", "h.r.info", {uid: "443", rid: "livingroom"}]
Thu Jan 9 17:57:46 GMT+0300 2020 [INFO] Server said: 34: ["h.gr", {rid: "house_443_livingroom"}]
Thu Jan 9 17:57:46 GMT+0300 2020 [INFO] Server said: 16: ["house_443_livingroom", "443"]
Thu Jan 9 17:57:46 GMT+0300 2020 [INFO] Server said: 34: ["h.r.jn", {plr: {clths: {clths: [{tpid: "girlShirt12", clid: null}, {tpid: "girlShoes14", clid: null}, {tpid: "girlPants9", clid: null}]}, apprnc: {fat: 0, ss: 0, fac: 1, nct: 0, hc: 1, mt: 6, ht: 131, rg: 0, fft: 0, et: 2, pc: 1, n: "фернандо.", bc: 1, sc: 3, ssc: 1, g: 2, ec: 5, shc: 1, pt: 0, sh: 0, rc: 1, bt: 0, mc: 3, brt: 7, brc: 4}, ci: {skid: null, hrt: 174, lwts: 0, fexp: 0, vfgc: 0, bcld: 0, actrt: 0, trid: null, compid: 0, skrt: 0, ceid: 0, actrp: 0, cmid: 0, ys: 0, actrd: 0, dr: true, trcd: 0, rtrtm: 0, spp: 0, sbid: null, sbrt: 0, shousd: false, tts: null, rpt: 0, vip: true, eml: null, pamns: {amn: []}, gdc: 0, crst: 0, plcmt: {}, lgt: 0, as: null, ysct: 0, vexp: 1965298000, fak: null, lvt: 1578581868, vsexp: 1965298000, shcr: true, exp: 85800, vsact: true, kyktid: null, crt: 10, gtrfrd: 0, vret: 0, strfrd: 0, lrnt: 0}, mbm: {ac: null, sk: "blackMobileSkin"}, locinfo: {x: -1, s: "127.0.0.1", y: -1, at: "", st: 0, d: 4, shlc: true, l: "house_443_livingroom", pl: ""}, uid: "443", pf: {pf: {vsgst: {pgs: 0, tp: "vsgst", l: 20}, phtghr: {pgs: 0, tp: "phtghr", l: 20}, jntr: {pgs: 0, tp: "jntr", l: 20}, grdnr: {pgs: 0, tp: "grdnr", l: 20}}}, usrinf: {rl: 0}}}]
Thu Jan 9 17:57:46 GMT+0300 2020 [INFO] Client said: 34: [null, "h.gr", {lid: "house", gid: "443", rid: "livingroom"}]
Thu Jan 9 17:57:46 GMT+0300 2020 [INFO] Loaded  LoadingItem(url: http://62.113.113.58:8080/files/swf/furniture/house/FloorCarpetGrass.swf, status: 2) 
Thu Jan 9 17:57:46 GMT+0300 2020 [INFO] Loaded  LoadingItem(url: http://62.113.113.58:8080/files/swf/furniture/house/WallPoppy.swf, status: 2) 
Thu Jan 9 17:57:45 GMT+0300 2020 [INFO] Loaded  LoadingItem(url: http://62.113.113.58:8080/files/swf/furniture/house/DoorWood.swf, status: 2) 
Thu Jan 9 17:57:45 GMT+0300 2020 [INFO] Server said: 34: ["srqst.gtrq", {rqlst: {rsprlst: {}, rlst: {}, shwdt: 0, lapt: {}}}]
Thu Jan 9 17:57:45 GMT+0300 2020 [INFO] Client said: 34: [null, "nws.getglbl", {}]
Thu Jan 9 17:57:45 GMT+0300 2020 [INFO] Server said: 34: ["nws.hasnews", {gnunr: true, gnexst: true}]
Thu Jan 9 17:57:45 GMT+0300 2020 [INFO] Server said: 34: ["cp.cht.gbl", {blcklst: {uids: []}}]