ClientError: Thu Jan 9 20:19:04 GMT+0500 2020 [CRITICAL] [salon] *Uncaught Error* ErrorId: 1009 ErrorName: TypeError ErrorMessage:Error #1009 ErrorStackTrace:TypeError: Error #1009
	at _-0eV::RoomMemberContainer/addAvatar()
	at _-PQ::BaseRoomScreen/addAvatar()
	at _-PQ::BaseRoomScreen/onRefreshAvatar()
	at flash.events::EventDispatcher/dispatchEvent()
	at _-2CM::BaseRoomNetManager/onRefreshAvatar()
	at flash.events::EventDispatcher/dispatchEvent()
	at ags::_-2t/_-2dI()
	at flash.events::EventDispatcher/dispatchEvent()
	at _-0en::_-0O8/_-1LF()
	at _-0en::_-0O8/execute()
	at ags::AGSClient/_-0i9()
	at ags::AGSClient/_-2ZF()
	at ags::AGSClient/_-2Ea()
Thu Jan 9 20:19:04 GMT+0500 2020 [INFO] Server said: 34: ["o.r.ra", {plr: {clths: {clths: [{tpid: "gNY16BArt", clid: null}, {tpid: "gDrssCoc1", clid: null}, {tpid: "gShsCoc1", clid: null}, {tpid: "gNcklCoc3", clid: null}]}, uid: "498", locinfo: {x: 11.3, s: "127.0.0.1", y: 4.92, shlc: true, d: 4, at: "", pl: "", l: "salon_sn1_1", st: 23}, pf: {pf: {phtghr: {pgs: 0, tp: "phtghr", l: 20}, grdnr: {pgs: 0, tp: "grdnr", l: 20}, jntr: {pgs: 0, tp: "jntr", l: 20}, vsgst: {pgs: 0, tp: "vsgst", l: 20}}}, usrinf: {rl: 0}, ci: {skid: null, trcd: 0, ceid: 0, pamns: {amn: []}, lrnt: 0, trid: null, ys: 0, sbrt: 0, strfrd: 0, lgt: 0, plcmt: {}, vsact: true, fak: null, actrp: 0, crst: 0, ysct: 0, eml: null, compid: 0, fexp: 0, kyktid: null, vret: 0, cmid: 0, exp: 85800, hrt: 174, vexp: 1965298000, vip: true, lvt: 1578582879, gdc: 0, vfgc: 0, skrt: 0, lwts: 0, gtrfrd: 0, vsexp: 1965298000, crt: 466, rpt: 0, sbid: null, actrd: 0, spp: 0, shcr: true, dr: true, actrt: 0, as: null, tts: null, rtrtm: 0, shousd: false, bcld: 0}, mbm: {ac: null, sk: "blackMobileSkin"}, apprnc: {brt: 23, sc: 2, rg: 0, g: 2, et: 31, fac: 1, ssc: 1, hc: 4, mt: 14, bc: 1, fat: 0, n: "ilomilo", ss: 4, nct: 0, pt: 0, pc: 1, ht: 111, rc: 1, ec: 6, shc: 6, bt: 0, sh: 1, brc: 1, fft: 9, mc: 17}}}]
Thu Jan 9 20:19:01 GMT+0500 2020 [INFO] Server said: 16: ["salon_sn1_1", "328"]
Thu Jan 9 20:19:00 GMT+0500 2020 [INFO] Server said: 34: ["o.r.jn", {plr: {clths: {clths: [{tpid: "girlShirt12", clid: null}, {tpid: "girlShoes14", clid: null}, {tpid: "girlPants9", clid: null}]}, uid: "328", locinfo: {x: -1, s: "127.0.0.1", y: -1, shlc: true, d: 4, at: "", pl: "", l: "salon_sn1_1", st: 0}, pf: {pf: {phtghr: {pgs: 0, tp: "phtghr", l: 20}, grdnr: {pgs: 0, tp: "grdnr", l: 20}, jntr: {pgs: 0, tp: "jntr", l: 20}, vsgst: {pgs: 0, tp: "vsgst", l: 20}}}, usrinf: {rl: 0}, ci: {skid: null, trcd: 0, ceid: 0, pamns: {amn: []}, lrnt: 0, trid: null, ys: 0, sbrt: 0, strfrd: 0, lgt: 0, plcmt: {}, vsact: true, fak: null, actrp: 0, crst: 0, ysct: 0, eml: null, compid: 0, fexp: 0, kyktid: null, vret: 0, cmid: 0, exp: 85800, hrt: 374, vexp: 1965298000, vip: true, lvt: 1578583127, gdc: 0, vfgc: 0, skrt: 0, lwts: 0, gtrfrd: 0, vsexp: 1965298000, crt: 1134, rpt: 0, sbid: null, actrd: 0, spp: 0, shcr: true, dr: true, actrt: 0, as: null, tts: null, rtrtm: 0, shousd: false, bcld: 0}, mbm: {ac: null, sk: "blackMobileSkin"}, apprnc: {brt: 28, sc: 2, rg: 0, g: 2, et: 8, fac: 1, ssc: 1, hc: 7, mt: 6, bc: 1, fat: 0, n: "ДОХЛАЯ", ss: 0, nct: 0, pt: 0, pc: 1, ht: 119, rc: 1, ec: 1, shc: 1, bt: 0, sh: 0, brc: 1, fft: 7, mc: 2}}}]
Thu Jan 9 20:18:56 GMT+0500 2020 [INFO] Client said: 34: ["salon_sn1_1", "o.r.info", {rid: "sn1"}]
Thu Jan 9 20:18:56 GMT+0500 2020 [INFO] Server said: 34: ["o.gr", {rid: "salon_sn1_1"}]
Thu Jan 9 20:18:56 GMT+0500 2020 [INFO] Server said: 16: ["salon_sn1_1", "867"]
Thu Jan 9 20:18:56 GMT+0500 2020 [INFO] Server said: 34: ["o.r.jn", {plr: {clths: {clths: [{tpid: "girlTShrtPnk23Feb19", clid: null}, {tpid: "girlFbrdBts", clid: null}, {tpid: "girlPntsWnt19Pnk", clid: null}]}, uid: "867", locinfo: {x: -1, s: "127.0.0.1", y: -1, shlc: true, d: 4, at: "", pl: "", l: "salon_sn1_1", st: 0}, pf: {pf: {phtghr: {pgs: 0, tp: "phtghr", l: 20}, grdnr: {pgs: 0, tp: "grdnr", l: 20}, jntr: {pgs: 0, tp: "jntr", l: 20}, vsgst: {pgs: 0, tp: "vsgst", l: 20}}}, usrinf: {rl: 0}, ci: {skid: null, trcd: 0, ceid: 0, pamns: {amn: []}, lrnt: 0, trid: null, ys: 0, sbrt: 0, strfrd: 0, lgt: 0, plcmt: {}, vsact: true, fak: null, actrp: 0, crst: 0, ysct: 0, eml: null, compid: 0, fexp: 0, kyktid: null, vret: 0, cmid: 0, exp: 85800, hrt: 174, vexp: 1965298000, vip: true, lvt: 1578583122, gdc: 0, vfgc: 0, skrt: 0, lwts: 0, gtrfrd: 0, vsexp: 1965298000, crt: 219, rpt: 0, sbid: null, actrd: 0, spp: 0, shcr: true, dr: true, actrt: 0, as: null, tts: null, rtrtm: 0, shousd: false, bcld: 0}, mbm: {ac: null, sk: "blackMobileSkin"}, apprnc: {brt: 7, sc: 3, rg: 0, g: 2, et: 3, fac: 1, ssc: 1, hc: 5, mt: 5, bc: 1, fat: 0, n: "красотка", ss: 0, nct: 0, pt: 0, pc: 1, ht: 107, rc: 1, ec: 2, shc: 1, bt: 0, sh: 0, brc: 4, fft: 0, mc: 1}}}]
Thu Jan 9 20:18:40 GMT+0500 2020 [INFO] Client said: 34: [null, "o.gr", {gid: "sn1", lid: "salon"}]
Thu Jan 9 20:18:40 GMT+0500 2020 [INFO] Server said: 1: ["867", true, false, false]
Thu Jan 9 20:18:29 GMT+0500 2020 [INFO] Client said: 1: ["street", "867", "VuCIHvuDMXqeytlZieEw", {clvrn: "84.0.4", v: 2}]
Thu Jan 9 20:18:28 GMT+0500 2020 [INFO] Client said: 2: []
Thu Jan 9 20:18:28 GMT+0500 2020 [INFO] Loaded  LoadingItem(url: http://62.113.113.58:8080/files/swf/Salon_1fe14ef0cdf189794ef74d591993d3f5.swf, status: 2) 
Thu Jan 9 20:18:18 GMT+0500 2020 [INFO] Client said: 17: ["house_867_livingroom"]
Thu Jan 9 20:17:53 GMT+0500 2020 [INFO] Server said: 34: ["h.r.ra", {plr: {clths: {clths: [{tpid: "girlTShrtPnk23Feb19", clid: null}, {tpid: "girlFbrdBts", clid: null}, {tpid: "girlPntsWnt19Pnk", clid: null}]}, uid: "867", locinfo: {x: 3.38, s: "127.0.0.1", y: 7.19, shlc: true, d: 4, at: "", pl: "", l: "house_867_livingroom", st: 23}, pf: {pf: {phtghr: {pgs: 0, tp: "phtghr", l: 20}, grdnr: {pgs: 0, tp: "grdnr", l: 20}, jntr: {pgs: 0, tp: "jntr", l: 20}, vsgst: {pgs: 0, tp: "vsgst", l: 20}}}, usrinf: {rl: 0}, ci: {skid: null, trcd: 0, ceid: 0, pamns: {amn: []}, lrnt: 0, trid: null, ys: 0, sbrt: 0, strfrd: 0, lgt: 0, plcmt: {}, vsact: true, fak: null, actrp: 0, crst: 0, ysct: 0, eml: null, compid: 0, fexp: 0, kyktid: null, vret: 0, cmid: 0, exp: 85800, hrt: 174, vexp: 1965298000, vip: true, lvt: 1578582648, gdc: 0, vfgc: 0, skrt: 0, lwts: 0, gtrfrd: 0, vsexp: 1965298000, crt: 219, rpt: 0, sbid: null, actrd: 0, spp: 0, shcr: true, dr: true, actrt: 0, as: null, tts: null, rtrtm: 0, shousd: false, bcld: 0}, mbm: {ac: null, sk: "blackMobileSkin"}, apprnc: {brt: 7, sc: 3, rg: 0, g: 2, et: 3, fac: 1, ssc: 1, hc: 5, mt: 5, bc: 1, fat: 0, n: "красотка", ss: 0, nct: 0, pt: 0, pc: 1, ht: 107, rc: 1, ec: 2, shc: 1, bt: 0, sh: 0, brc: 4, fft: 0, mc: 1}}}]
Thu Jan 9 20:17:48 GMT+0500 2020 [INFO] Client said: 34: ["house_867_livingroom", "h.r.ra", {}]
Thu Jan 9 20:17:48 GMT+0500 2020 [INFO] Server said: 34: ["a.clths.buy", {inv: {c: {gm: {id: "gm", it: [{c: 1, iid: "", tid: "blackMobileSkin"}]}, act: {id: "act", it: []}, frn: {id: "frn", it: []}, cls: {id: "cls", it: [{c: 1, iid: "", tid: "girlUnderdress1"}, {c: 1, iid: "", tid: "girlUnderdress2"}, {c: 1, iid: "", tid: "girlShirt12"}, {c: 1, iid: "", tid: "girlPants9"}, {c: 1, iid: "", tid: "girlShoes14"}]}, lt: {id: "lt", it: []}}}, res: {enrg: 500, emd: 0, gld: 1517, slvr: 10000}, clths: {clths: [{tpid: "girlTShrtPnk23Feb19", clid: null}, {tpid: "girlFbrdBts", clid: null}, {tpid: "girlPntsWnt19Pnk", clid: null}]}, ccltn: {cct: ["girlTShrtPnk23Feb19", "girlFbrdBts", "girlPntsWnt19Pnk"], cn: "", ctp: "casual"}, crt: 219}]
Thu Jan 9 20:17:44 GMT+0500 2020 [INFO] Client said: 34: [null, "a.clths.buy", {tpid: "girlFbrdBts", pind: 1, ctp: "casual"}]
Thu Jan 9 20:17:21 GMT+0500 2020 [INFO] Server said: 34: ["h.r.ra", {plr: {clths: {clths: [{tpid: "girlTShrtPnk23Feb19", clid: null}, {tpid: "girlPntsWnt19Pnk", clid: null}, {tpid: "girlShoes14", clid: null}]}, uid: "867", locinfo: {x: 3.38, s: "127.0.0.1", y: 7.19, shlc: true, d: 4, at: "", pl: "", l: "house_867_livingroom", st: 23}, pf: {pf: {phtghr: {pgs: 0, tp: "phtghr", l: 20}, grdnr: {pgs: 0, tp: "grdnr", l: 20}, jntr: {pgs: 0, tp: "jntr", l: 20}, vsgst: {pgs: 0, tp: "vsgst", l: 20}}}, usrinf: {rl: 0}, ci: {skid: null, trcd: 0, ceid: 0, pamns: {amn: []}, lrnt: 0, trid: null, ys: 0, sbrt: 0, strfrd: 0, lgt: 0, plcmt: {}, vsact: true, fak: null, actrp: 0, crst: 0, ysct: 0, eml: null, compid: 0, fexp: 0, kyktid: null, vret: 0, cmid: 0, exp: 85800, hrt: 174, vexp: 1965298000, vip: true, lvt: 1578582648, gdc: 0, vfgc: 0, skrt: 0, lwts: 0, gtrfrd: 0, vsexp: 1965298000, crt: 151, rpt: 0, sbid: null, actrd: 0, spp: 0, shcr: true, dr: true, actrt: 0, as: null, tts: null, rtrtm: 0, shousd: false, bcld: 0}, mbm: {ac: null, sk: "blackMobileSkin"}, apprnc: {brt: 7, sc: 3, rg: 0, g: 2, et: 3, fac: 1, ssc: 1, hc: 5, mt: 5, bc: 1, fat: 0, n: "красотка", ss: 0, nct: 0, pt: 0, pc: 1, ht: 107, rc: 1, ec: 2, shc: 1, bt: 0, sh: 0, brc: 4, fft: 0, mc: 1}}}]
Thu Jan 9 20:17:18 GMT+0500 2020 [INFO] Client said: 34: ["house_867_livingroom", "h.r.ra", {}]
Thu Jan 9 20:17:18 GMT+0500 2020 [INFO] Server said: 34: ["a.clths.buy", {inv: {c: {gm: {id: "gm", it: [{c: 1, iid: "", tid: "blackMobileSkin"}]}, act: {id: "act", it: []}, frn: {id: "frn", it: []}, cls: {id: "cls", it: [{c: 1, iid: "", tid: "girlUnderdress1"}, {c: 1, iid: "", tid: "girlUnderdress2"}, {c: 1, iid: "", tid: "girlShirt12"}, {c: 1, iid: "", tid: "girlPants9"}]}, lt: {id: "lt", it: []}}}, res: {enrg: 500, emd: 0, gld: 1544, slvr: 10000}, clths: {clths: [{tpid: "girlTShrtPnk23Feb19", clid: null}, {tpid: "girlPntsWnt19Pnk", clid: null}, {tpid: "girlShoes14", clid: null}]}, ccltn: {cct: ["girlTShrtPnk23Feb19", "girlPntsWnt19Pnk", "girlShoes14"], cn: "", ctp: "casual"}, crt: 151}]
Thu Jan 9 20:17:14 GMT+0500 2020 [INFO] Client said: 34: [null, "a.clths.buy", {tpid: "girlPntsWnt19Pnk", pind: 1, ctp: "casual"}]
Thu Jan 9 20:17:01 GMT+0500 2020 [INFO] Server said: 34: ["h.r.ra", {plr: {clths: {clths: [{tpid: "girlTShrtPnk23Feb19", clid: null}, {tpid: "girlShoes14", clid: null}, {tpid: "girlPants9", clid: null}]}, uid: "867", locinfo: {x: 3.38, s: "127.0.0.1", y: 7.19, shlc: true, d: 4, at: "", pl: "", l: "house_867_livingroom", st: 23}, pf: {pf: {phtghr: {pgs: 0, tp: "phtghr", l: 20}, grdnr: {pgs: 0, tp: "grdnr", l: 20}, jntr: {pgs: 0, tp: "jntr", l: 20}, vsgst: {pgs: 0, tp: "vsgst", l: 20}}}, usrinf: {rl: 0}, ci: {skid: null, trcd: 0, ceid: 0, pamns: {amn: []}, lrnt: 0, trid: null, ys: 0, sbrt: 0, strfrd: 0, lgt: 0, plcmt: {}, vsact: true, fak: null, actrp: 0, crst: 0, ysct: 0, eml: null, compid: 0, fexp: 0, kyktid: null, vret: 0, cmid: 0, exp: 85800, hrt: 174, vexp: 1965298000, vip: true, lvt: 1578582648, gdc: 0, vfgc: 0, skrt: 0, lwts: 0, gtrfrd: 0, vsexp: 1965298000, crt: 73, rpt: 0, sbid: null, actrd: 0, spp: 0, shcr: true, dr: true, actrt: 0, as: null, tts: null, rtrtm: 0, shousd: false, bcld: 0}, mbm: {ac: null, sk: "blackMobileSkin"}, apprnc: {brt: 7, sc: 3, rg: 0, g: 2, et: 3, fac: 1, ssc: 1, hc: 5, mt: 5, bc: 1, fat: 0, n: "красотка", ss: 0, nct: 0, pt: 0, pc: 1, ht: 107, rc: 1, ec: 2, shc: 1, bt: 0, sh: 0, brc: 4, fft: 0, mc: 1}}}]
Thu Jan 9 20:16:58 GMT+0500 2020 [INFO] Client said: 34: ["house_867_livingroom", "h.r.ra", {}]
Thu Jan 9 20:16:58 GMT+0500 2020 [INFO] Server said: 34: ["a.clths.buy", {inv: {c: {gm: {id: "gm", it: [{c: 1, iid: "", tid: "blackMobileSkin"}]}, act: {id: "act", it: []}, frn: {id: "frn", it: []}, cls: {id: "cls", it: [{c: 1, iid: "", tid: "girlUnderdress1"}, {c: 1, iid: "", tid: "girlUnderdress2"}, {c: 1, iid: "", tid: "girlShirt12"}]}, lt: {id: "lt", it: []}}}, res: {enrg: 500, emd: 0, gld: 1575, slvr: 10000}, clths: {clths: [{tpid: "girlTShrtPnk23Feb19", clid: null}, {tpid: "girlShoes14", clid: null}, {tpid: "girlPants9", clid: null}]}, ccltn: {cct: ["girlTShrtPnk23Feb19", "girlShoes14", "girlPants9"], cn: "", ctp: "casual"}, crt: 73}]
Thu Jan 9 20:16:53 GMT+0500 2020 [INFO] Client said: 34: [null, "a.clths.buy", {tpid: "girlTShrtPnk23Feb19", pind: 1, ctp: "casual"}]
Thu Jan 9 20:16:28 GMT+0500 2020 [INFO] [YandexMetrics.onCounterInit] Yandex metrics counter 31321471 inited
Thu Jan 9 20:16:28 GMT+0500 2020 [INFO] [YandexMetrics.reachGoal] Call reach goal 'click_buy_product' for counter 31321471
Thu Jan 9 20:16:28 GMT+0500 2020 [INFO] Server said: 34: ["b.ingld", {ingld: 1500}]
Thu Jan 9 20:16:28 GMT+0500 2020 [INFO] Server said: 34: ["ntf.res", {res: {enrg: 500, gld: 1600, emd: 0, slvr: 10000}}]
Thu Jan 9 20:16:26 GMT+0500 2020 [INFO] [YandexMetrics.initCounter] Try to init Yandex metrics counter 31321471
Thu Jan 9 20:16:26 GMT+0500 2020 [INFO] Client said: 34: [null, "b.chkprchs", {pmnt: null, qnt: 1, prid: "pack1500"}]