ClientError: Thu Jan 9 20:16:25 GMT+0500 2020 [CRITICAL] [house] *Uncaught Error* ErrorId: 1009 ErrorName: TypeError ErrorMessage:Error #1009 ErrorStackTrace:TypeError: Error #1009
	at _-371::SupportNetManager/init()
	at _-4I::_-Ss/init()
	at _-Qp::_-1DK/onAddedToStage()
	at _-0qh::UIManager/_-1oS()
	at _-0qh::UIManager/showModal()
	at _-Qp::_-1DK/showModal()
	at _-19Y::TopPanel/_-3oC()
Thu Jan 9 20:16:24 GMT+0500 2020 [INFO] Client said: 34: ["house_867_livingroom", "h.r.u", {x: 3.38, uid: "867", y: 7.19, at: "", d: 5, st: 23}]
Thu Jan 9 20:16:23 GMT+0500 2020 [INFO] Client said: 34: ["house_867_livingroom", "h.r.m", {dx: 3.38, uid: "867", sx: 5, sy: 5.02, dy: 7.19}]
Thu Jan 9 20:16:23 GMT+0500 2020 [INFO] Client said: 34: ["house_867_livingroom", "h.r.m", {dx: 11.5, uid: "867", sx: 3.85, sy: 6.17, dy: 1.39}]
Thu Jan 9 20:16:20 GMT+0500 2020 [INFO] Client said: 34: ["house_867_livingroom", "h.r.m", {dx: 2.94, uid: "867", sx: 4.05, sy: 0.1, dy: 6.5}]
Thu Jan 9 20:16:19 GMT+0500 2020 [INFO] Server said: 34: ["lg.lst", {glst: []}]
Thu Jan 9 20:16:18 GMT+0500 2020 [INFO] Client said: 34: ["house_867_livingroom", "h.r.u", {st: 0, x: 4.05, uid: "867", y: 0.1, d: 4}]
Thu Jan 9 20:16:18 GMT+0500 2020 [INFO] Client said: 34: ["house_867_livingroom", "lg.lst", {}]
Thu Jan 9 20:16:18 GMT+0500 2020 [INFO] Server said: 34: ["h.r.info", {rm: {lev: 1, nm: "#livingRoom", id: "livingroom", f: [{tpid: "wall15", y: 0, d: 3, z: 0, x: 0, lid: 1}, {tpid: "door4", y: 0, d: 3, z: 0, x: 3, rid: "outside", lid: 4}, {tpid: "wall15", y: 0, d: 5, z: 0, x: 13, lid: 2}, {tpid: "floor4", y: 0, d: 5, z: 0, x: 0, lid: 3}], l: 13, w: 13}, rmmb: [{clths: {clths: [{tpid: "girlShirt12", clid: null}, {tpid: "girlShoes14", clid: null}, {tpid: "girlPants9", clid: null}]}, uid: "867", locinfo: {x: -1, s: "127.0.0.1", y: -1, shlc: true, d: 4, at: "", pl: "", l: "house_867_livingroom", st: 0}, pf: {pf: {phtghr: {pgs: 0, tp: "phtghr", l: 20}, grdnr: {pgs: 0, tp: "grdnr", l: 20}, jntr: {pgs: 0, tp: "jntr", l: 20}, vsgst: {pgs: 0, tp: "vsgst", l: 20}}}, usrinf: {rl: 0}, ci: {skid: null, trcd: 0, ceid: 0, pamns: {amn: []}, lrnt: 0, trid: null, ys: 0, sbrt: 0, strfrd: 0, lgt: 0, plcmt: {}, vsact: true, fak: null, actrp: 0, crst: 0, ysct: 0, eml: null, compid: 0, fexp: 0, kyktid: null, vret: 0, cmid: 0, exp: 85800, hrt: 174, vexp: 1965298000, vip: true, lvt: 1578582648, gdc: 0, vfgc: 0, skrt: 0, lwts: 0, gtrfrd: 0, vsexp: 1965298000, crt: 10, rpt: 0, sbid: null, actrd: 0, spp: 0, shcr: true, dr: true, actrt: 0, as: null, tts: null, rtrtm: 0, shousd: false, bcld: 0}, mbm: {ac: null, sk: "blackMobileSkin"}, apprnc: {brt: 7, sc: 3, rg: 0, g: 2, et: 3, fac: 1, ssc: 1, hc: 5, mt: 5, bc: 1, fat: 0, n: "красотка", ss: 0, nct: 0, pt: 0, pc: 1, ht: 107, rc: 1, ec: 2, shc: 1, bt: 0, sh: 0, brc: 4, fft: 0, mc: 1}}], evn: null}]
Thu Jan 9 20:16:12 GMT+0500 2020 [INFO] Client said: 34: ["house_867_livingroom", "h.r.info", {uid: "867", rid: "livingroom"}]
Thu Jan 9 20:16:12 GMT+0500 2020 [INFO] Server said: 34: ["h.gr", {rid: "house_867_livingroom"}]
Thu Jan 9 20:16:12 GMT+0500 2020 [INFO] Server said: 16: ["house_867_livingroom", "867"]
Thu Jan 9 20:16:12 GMT+0500 2020 [INFO] Server said: 34: ["h.r.jn", {plr: {clths: {clths: [{tpid: "girlShirt12", clid: null}, {tpid: "girlShoes14", clid: null}, {tpid: "girlPants9", clid: null}]}, uid: "867", locinfo: {x: -1, s: "127.0.0.1", y: -1, shlc: true, d: 4, at: "", pl: "", l: "house_867_livingroom", st: 0}, pf: {pf: {phtghr: {pgs: 0, tp: "phtghr", l: 20}, grdnr: {pgs: 0, tp: "grdnr", l: 20}, jntr: {pgs: 0, tp: "jntr", l: 20}, vsgst: {pgs: 0, tp: "vsgst", l: 20}}}, usrinf: {rl: 0}, ci: {skid: null, trcd: 0, ceid: 0, pamns: {amn: []}, lrnt: 0, trid: null, ys: 0, sbrt: 0, strfrd: 0, lgt: 0, plcmt: {}, vsact: true, fak: null, actrp: 0, crst: 0, ysct: 0, eml: null, compid: 0, fexp: 0, kyktid: null, vret: 0, cmid: 0, exp: 85800, hrt: 174, vexp: 1965298000, vip: true, lvt: 1578582648, gdc: 0, vfgc: 0, skrt: 0, lwts: 0, gtrfrd: 0, vsexp: 1965298000, crt: 10, rpt: 0, sbid: null, actrd: 0, spp: 0, shcr: true, dr: true, actrt: 0, as: null, tts: null, rtrtm: 0, shousd: false, bcld: 0}, mbm: {ac: null, sk: "blackMobileSkin"}, apprnc: {brt: 7, sc: 3, rg: 0, g: 2, et: 3, fac: 1, ssc: 1, hc: 5, mt: 5, bc: 1, fat: 0, n: "красотка", ss: 0, nct: 0, pt: 0, pc: 1, ht: 107, rc: 1, ec: 2, shc: 1, bt: 0, sh: 0, brc: 4, fft: 0, mc: 1}}}]
Thu Jan 9 20:16:09 GMT+0500 2020 [INFO] Server said: 34: ["srqst.gtrq", {rqlst: {rsprlst: {}, lapt: {}, rlst: {}, shwdt: 0}}]
Thu Jan 9 20:16:09 GMT+0500 2020 [INFO] Client said: 34: [null, "nws.getglbl", {}]
Thu Jan 9 20:16:09 GMT+0500 2020 [INFO] Server said: 34: ["nws.hasnews", {gnexst: true, gnunr: true}]
Thu Jan 9 20:16:09 GMT+0500 2020 [INFO] Server said: 34: ["cp.cht.gbl", {blcklst: {uids: []}}]