ClientError: Thu Jan 9 16:55:34 GMT+0300 2020 [ERROR] Invalid linkage: BoyBootsCraftSnowboardB@boyAvatarClothes
Thu Jan 9 16:55:34 GMT+0300 2020 [INFO] Server said: 34: ["a.clths.buy", {ccltn: {ctp: "casual", cct: ["boyBtsPrfClr", "boyKgrmBr", "boyFA18Msk1", "boyTalDvl16", "boyHrnDvl16", "boyGlssSh"], cn: ""}, inv: {c: {lt: {id: "lt", it: []}, act: {id: "act", it: []}, cls: {id: "cls", it: [{c: 1, tid: "boyUnderdress1", iid: ""}, {c: 1, tid: "boyShirt14", iid: ""}, {c: 1, tid: "boyPants10", iid: ""}, {c: 1, tid: "boyShoes8", iid: ""}, {c: 1, tid: "boyHdbndBr", iid: ""}, {c: 1, tid: "boyHdbndCt", iid: ""}, {c: 1, tid: "boyKgrmCt", iid: ""}, {c: 1, tid: "boyTShrtFrog", iid: ""}, {c: 1, tid: "boyPntsFrog", iid: ""}, {c: 1, tid: "boyBtsFrog", iid: ""}, {c: 1, tid: "boyPllwrWnt19Stl", iid: ""}, {c: 1, tid: "boyJcktWnt19Stl", iid: ""}, {c: 1, tid: "boyPntsWnt19Stl", iid: ""}, {c: 1, tid: "boyBtsWnt19Stl", iid: ""}, {c: 1, tid: "boyHdbndDr", iid: ""}, {c: 1, tid: "boyPllwrWnt19Rckr", iid: ""}, {c: 1, tid: "boyPntsWnt19Rckr", iid: ""}, {c: 1, tid: "boyBtsWnt19Rckr", iid: ""}, {c: 1, tid: "boyHatWnt19Rckr", iid: ""}, {c: 1, tid: "boyGlssWnt19Stl", iid: ""}, {c: 1, tid: "boyJcktWnt19Rckr", iid: ""}, {c: 1, tid: "boyFA18TShrt", iid: ""}, {c: 1, tid: "boyFA18Shorts", iid: ""}, {c: 1, tid: "boyFA18Bts", iid: ""}, {c: 1, tid: "boyFA18Wig", iid: ""}, {c: 1, tid: "boyBtsStrpd", iid: ""}, {c: 1, tid: "boyJcktStrpd", iid: ""}, {c: 1, tid: "boyPntsStrpd", iid: ""}, {c: 1, tid: "boyTShrtStrpd", iid: ""}, {c: 1, tid: "boyGlsStrpd", iid: ""}, {c: 1, tid: "boySV18Jckt", iid: ""}, {c: 1, tid: "boyKgrmDr", iid: ""}, {c: 1, tid: "boySV18Bts", iid: ""}, {c: 1, tid: "rcrBRtrShs", iid: ""}, {c: 1, tid: "rcrBRtrJck", iid: ""}, {c: 1, tid: "boySV18Pnts", iid: ""}, {c: 1, tid: "boySV18Shrt", iid: ""}, {c: 1, tid: "boyFA18Bag", iid: ""}, {c: 1, tid: "rcrBRtrHlm", iid: ""}, {c: 1, tid: "boyHlwnVmpShs", iid: ""}, {c: 1, tid: "boyGlvsWnt19Stl", iid: ""}, {c: 1, tid: "boyHlwnVmpJkt", iid: ""}, {c: 1, tid: "boyHlwnVmpWng", iid: ""}, {c: 1, tid: "boyHlwnVmpHat", iid: ""}, {c: 1, tid: "boyHlwnVmpPnt", iid: ""}, {c: 1, tid: "boyHlwnVmpScf", iid: ""}, {c: 1, tid: "east15NjKtn", iid: ""}, {c: 1, tid: "east15NjMsk", iid: ""}, {c: 1, tid: "rcrBRtrOvr", iid: ""}, {c: 1, tid: "east15NjShr", iid: ""}, {c: 1, tid: "boyRbnMsk", iid: ""}, {c: 1, tid: "boyRbnOvrl", iid: ""}, {c: 1, tid: "boyNNnjOvrl", iid: ""}, {c: 1, tid: "boyNNnjMsk", iid: ""}, {c: 1, tid: "east15NjJck", iid: ""}, {c: 1, tid: "east15NjPts", iid: ""}, {c: 1, tid: "east15NjBts", iid: ""}, {c: 1, tid: "boyRbnNck", iid: ""}, {c: 1, tid: "boyHlwnVmpTSht", iid: ""}, {c: 1, tid: "boyScksRcc", iid: ""}, {c: 1, tid: "boyRdsHdpns", iid: ""}, {c: 1, tid: "boyTShtRcc", iid: ""}, {c: 1, tid: "boyPtsRcc", iid: ""}, {c: 1, tid: "boyShsRcc", iid: ""}, {c: 1, tid: "boyRdsBts", iid: ""}, {c: 1, tid: "boyRdsBag", iid: ""}, {c: 1, tid: "boyHrRcc", iid: ""}, {c: 1, tid: "boyJcktRcc", iid: ""}, {c: 1, tid: "boyRdsPnts", iid: ""}, {c: 1, tid: "boyRdsPlv", iid: ""}, {c: 1, tid: "gstrBBssHt", iid: ""}, {c: 1, tid: "gstrBBssJck", iid: ""}, {c: 1, tid: "gstrBBssPts", iid: ""}, {c: 1, tid: "gstrBBssTsht", iid: ""}, {c: 1, tid: "gstrBBssBts", iid: ""}, {c: 1, tid: "boyRshShs", iid: ""}, {c: 1, tid: "boyRshHat", iid: ""}, {c: 1, tid: "sphrAvmnOvrl", iid: ""}, {c: 1, tid: "gstrBBssGn", iid: ""}, {c: 1, tid: "boyAprPixStc", iid: ""}, {c: 1, tid: "boyAprPixOvr", iid: ""}, {c: 1, tid: "boyAprPixRim", iid: ""}, {c: 1, tid: "rcrBEvgOvr", iid: ""}, {c: 1, tid: "boyDrlBlrnDcr", iid: ""}, {c: 1, tid: "rcrBEvgGss", iid: ""}, {c: 1, tid: "boyDrlBlrnOvr", iid: ""}, {c: 1, tid: "sphrRbmnHlmt", iid: ""}, {c: 1, tid: "boyAprPixWng", iid: ""}, {c: 1, tid: "sphrRbmnOvrl", iid: ""}, {c: 1, tid: "boyAprPixShs", iid: ""}, {c: 1, tid: "sphrDmnSmrHlmt", iid: ""}, {c: 1, tid: "east15NjGlv", iid: ""}, {c: 1, tid: "boyRshPnt", iid: ""}, {c: 1, tid: "boyRshTSht", iid: ""}, {c: 1, tid: "sphrDmnSmrLnc", iid: ""}, {c: 1, tid: "boySP14Gss", iid: ""}, {c: 1, tid: "sphrDmnSmrOvrl", iid: ""}, {c: 1, tid: "boyPslnHlm2", iid: ""}, {c: 1, tid: "bSP14Gun", iid: ""}, {c: 1, tid: "boyPslnSuit3", iid: ""}, {c: 1, tid: "boyRshJkt", iid: ""}, {c: 1, tid: "boySP14Pts", iid: ""}, {c: 1, tid: "boyDrlCookPlngr", iid: ""}, {c: 1, tid: "boySP14Tsht", iid: ""}, {c: 1, tid: "boySP14Bts", iid: ""}, {c: 1, tid: "boyDrlCookHat", iid: ""}, {c: 1, tid: "boyDrlCookOvr", iid: ""}, {c: 1, tid: "boySMR14Hdpns", iid: ""}, {c: 1, tid: "boySMR14Sh4", iid: ""}, {c: 1, tid: "boySMR14TShirt3", iid: ""}, {c: 1, tid: "boySP14Glv", iid: ""}, {c: 1, tid: "boySMR14Pants2", iid: ""}, {c: 1, tid: "east15NjScf", iid: ""}, {c: 1, tid: "boySMR14Gls2", iid: ""}, {c: 1, tid: "boyErrFrog", iid: ""}, {c: 1, tid: "boySMR14Jckt2", iid: ""}, {c: 1, tid: "gstrBBssPdt", iid: ""}, {c: 1, tid: "boySbBtsCrft", iid: ""}]}, gm: {id: "gm", it: [{c: 1, tid: "blackMobileSkin", iid: ""}]}, frn: {id: "frn", it: []}}}, crt: 36719, clths: {clths: [{clid: null, tpid: "boyBtsPrfClr"}, {clid: null, tpid: "boyKgrmBr"}, {clid: null, tpid: "boyFA18Msk1"}, {clid: null, tpid: "boyTalDvl16"}, {clid: null, tpid: "boyHrnDvl16"}, {clid: null, tpid: "boyGlssSh"}]}, res: {slvr: 0, enrg: 500, emd: 0, gld: 2861}}]
Thu Jan 9 16:55:34 GMT+0300 2020 [INFO] Client said: 34: [null, "a.clths.buy", {ctp: "casual", tpid: "boyBtsPrfClr", pind: 1}]
Thu Jan 9 16:55:32 GMT+0300 2020 [INFO] Server said: 34: ["b.ingld", {ingld: 5000}]
Thu Jan 9 16:55:32 GMT+0300 2020 [INFO] Server said: 34: ["ntf.res", {res: {slvr: 0, enrg: 500, gld: 102860, emd: 0}}]
Thu Jan 9 16:55:32 GMT+0300 2020 [INFO] [YandexMetrics.reachGoal] Call reach goal 'click_buy_product' for counter 31321471
Thu Jan 9 16:55:32 GMT+0300 2020 [INFO] Client said: 34: [null, "b.chkprchs", {qnt: 1, pmnt: {tpid: "boyBtsPrfClr", ct3: null, ctx: {dialogSource: "clothesShopDialog"}, ct1: null, srv: 1, ct2: null}, prid: "pack5000"}]
Thu Jan 9 16:55:31 GMT+0300 2020 [INFO] [YandexMetrics.reachGoal] Call reach goal 'show_payment_dialog' for counter 31321471
Thu Jan 9 16:55:29 GMT+0300 2020 [INFO] Server said: 34: ["b.ingld", {ingld: 9999}]
Thu Jan 9 16:55:28 GMT+0300 2020 [INFO] Server said: 34: ["ntf.res", {res: {slvr: 0, enrg: 500, gld: 97860, emd: 0}}]
Thu Jan 9 16:55:28 GMT+0300 2020 [INFO] [YandexMetrics.reachGoal] Call reach goal 'click_buy_product' for counter 31321471
Thu Jan 9 16:55:28 GMT+0300 2020 [INFO] Client said: 34: [null, "b.chkprchs", {qnt: 1, pmnt: {tpid: "boyBtsPrfClr", ct3: null, ctx: {dialogSource: "clothesShopDialog"}, ct1: null, srv: 1, ct2: null}, prid: "pack9999"}]
Thu Jan 9 16:55:27 GMT+0300 2020 [INFO] [YandexMetrics.reachGoal] Call reach goal 'show_payment_dialog' for counter 31321471
Thu Jan 9 16:55:24 GMT+0300 2020 [INFO] Server said: 34: ["b.ingld", {ingld: 9999}]
Thu Jan 9 16:55:24 GMT+0300 2020 [INFO] Server said: 34: ["ntf.res", {res: {slvr: 0, enrg: 500, gld: 87861, emd: 0}}]
Thu Jan 9 16:55:24 GMT+0300 2020 [INFO] [YandexMetrics.reachGoal] Call reach goal 'click_buy_product' for counter 31321471
Thu Jan 9 16:55:24 GMT+0300 2020 [INFO] Client said: 34: [null, "b.chkprchs", {qnt: 1, pmnt: {tpid: "boyBtsPrfClr", ct3: null, ctx: {dialogSource: "clothesShopDialog"}, ct1: null, srv: 1, ct2: null}, prid: "pack9999"}]
Thu Jan 9 16:55:23 GMT+0300 2020 [INFO] [YandexMetrics.reachGoal] Call reach goal 'show_payment_dialog' for counter 31321471
Thu Jan 9 16:55:21 GMT+0300 2020 [INFO] Server said: 34: ["b.ingld", {ingld: 9999}]
Thu Jan 9 16:55:20 GMT+0300 2020 [INFO] Server said: 34: ["ntf.res", {res: {slvr: 0, enrg: 500, gld: 77862, emd: 0}}]
Thu Jan 9 16:55:20 GMT+0300 2020 [INFO] [YandexMetrics.reachGoal] Call reach goal 'click_buy_product' for counter 31321471
Thu Jan 9 16:55:20 GMT+0300 2020 [INFO] Client said: 34: [null, "b.chkprchs", {qnt: 1, pmnt: {tpid: "boyBtsPrfClr", ct3: null, ctx: {dialogSource: "clothesShopDialog"}, ct1: null, srv: 1, ct2: null}, prid: "pack9999"}]
Thu Jan 9 16:55:19 GMT+0300 2020 [INFO] [YandexMetrics.reachGoal] Call reach goal 'show_payment_dialog' for counter 31321471
Thu Jan 9 16:55:17 GMT+0300 2020 [INFO] Server said: 34: ["b.ingld", {ingld: 9999}]
Thu Jan 9 16:55:16 GMT+0300 2020 [INFO] Server said: 34: ["ntf.res", {res: {slvr: 0, enrg: 500, gld: 67863, emd: 0}}]
Thu Jan 9 16:55:16 GMT+0300 2020 [INFO] [YandexMetrics.reachGoal] Call reach goal 'click_buy_product' for counter 31321471
Thu Jan 9 16:55:16 GMT+0300 2020 [INFO] Client said: 34: [null, "b.chkprchs", {qnt: 1, pmnt: {tpid: "boyBtsPrfClr", ct3: null, ctx: {dialogSource: "clothesShopDialog"}, ct1: null, srv: 1, ct2: null}, prid: "pack9999"}]
Thu Jan 9 16:55:15 GMT+0300 2020 [INFO] [YandexMetrics.reachGoal] Call reach goal 'show_payment_dialog' for counter 31321471
Thu Jan 9 16:55:13 GMT+0300 2020 [INFO] Server said: 34: ["b.ingld", {ingld: 9999}]
Thu Jan 9 16:55:13 GMT+0300 2020 [INFO] Server said: 34: ["ntf.res", {res: {slvr: 0, enrg: 500, gld: 57864, emd: 0}}]
Thu Jan 9 16:55:13 GMT+0300 2020 [INFO] [YandexMetrics.reachGoal] Call reach goal 'click_buy_product' for counter 31321471
Thu Jan 9 16:55:13 GMT+0300 2020 [INFO] Client said: 34: [null, "b.chkprchs", {qnt: 1, pmnt: {tpid: "boyBtsPrfClr", ct3: null, ctx: {dialogSource: "clothesShopDialog"}, ct1: null, srv: 1, ct2: null}, prid: "pack9999"}]
Thu Jan 9 16:55:12 GMT+0300 2020 [INFO] [YandexMetrics.reachGoal] Call reach goal 'show_payment_dialog' for counter 31321471
Thu Jan 9 16:55:10 GMT+0300 2020 [INFO] Server said: 34: ["b.ingld", {ingld: 5000}]
Thu Jan 9 16:55:10 GMT+0300 2020 [INFO] Server said: 34: ["ntf.res", {res: {slvr: 0, enrg: 500, gld: 47865, emd: 0}}]
Thu Jan 9 16:55:09 GMT+0300 2020 [INFO] [YandexMetrics.reachGoal] Call reach goal 'click_buy_product' for counter 31321471
Thu Jan 9 16:55:09 GMT+0300 2020 [INFO] Client said: 34: [null, "b.chkprchs", {qnt: 1, pmnt: {tpid: "boyBtsPrfClr", ct3: null, ctx: {dialogSource: "clothesShopDialog"}, ct1: null, srv: 1, ct2: null}, prid: "pack5000"}]
Thu Jan 9 16:55:09 GMT+0300 2020 [INFO] [YandexMetrics.reachGoal] Call reach goal 'show_payment_dialog' for counter 31321471
Thu Jan 9 16:55:04 GMT+0300 2020 [INFO] Server said: 34: ["b.ingld", {ingld: 9999}]