ClientError: Thu Jan 9 16:54:34 GMT+0300 2020 [ERROR] Invalid linkage: BoyBootsCraftSnowboardB@boyAvatarClothes
Thu Jan 9 16:54:34 GMT+0300 2020 [INFO] Server said: 34: ["h.r.ra", {plr: {locinfo: {shlc: true, at: "", pl: "", y: 0.5, st: 23, s: "127.0.0.1", x: 11.5, l: "house_26_livingroom", d: 4}, usrinf: {rl: 0}, uid: "26", pf: {pf: {grdnr: {l: 20, pgs: 0, tp: "grdnr"}, jntr: {l: 20, pgs: 0, tp: "jntr"}, vsgst: {l: 20, pgs: 0, tp: "vsgst"}, phtghr: {l: 20, pgs: 0, tp: "phtghr"}}}, apprnc: {ht: 85, brc: 5, g: 1, sc: 1, rc: 1, shc: 1, pt: 0, mt: 21, fft: 0, rg: 0, pc: 1, bt: 0, et: 19, ss: 0, ssc: 1, mc: 4, ec: 5, fat: 0, n: "Ṧªτªη", nct: 0, fac: 1, brt: 3, sh: 0, hc: 1, bc: 1}, mbm: {sk: "blackMobileSkin", ac: null}, clths: {clths: [{clid: null, tpid: "boySbBtsCrft"}, {clid: null, tpid: "boyKgrmBr"}, {clid: null, tpid: "boyFA18Msk1"}, {clid: null, tpid: "boyHrnDvl16"}, {clid: null, tpid: "boyTalDvl16"}, {clid: null, tpid: "boyGlssSh"}]}, ci: {shousd: false, spp: 0, trcd: 0, skid: null, plcmt: {}, vexp: 1965298000, tts: null, fexp: 0, vsexp: 1965298000, trid: null, rpt: 0, strfrd: 0, eml: null, bcld: 0, rtrtm: 0, vsact: true, hrt: 374, ys: 0, sbid: null, as: null, kyktid: null, lvt: 1578577062, sbrt: 0, vret: 0, actrt: 0, vfgc: 0, ysct: 0, vip: true, fak: null, crst: 0, lrnt: 0, gdc: 0, lwts: 0, pamns: {amn: []}, crt: 36479, ceid: 0, actrp: 0, exp: 85800, shcr: true, compid: 0, lgt: 0, dr: true, gtrfrd: 0, cmid: 0, actrd: 0, skrt: 0}}}]
Thu Jan 9 16:54:33 GMT+0300 2020 [INFO] Client said: 34: ["house_26_livingroom", "h.r.ra", {}]
Thu Jan 9 16:54:33 GMT+0300 2020 [INFO] Server said: 34: ["a.clths.buy", {ccltn: {ctp: "casual", cct: ["boySbBtsCrft", "boyKgrmBr", "boyFA18Msk1", "boyHrnDvl16", "boyTalDvl16", "boyGlssSh"], cn: ""}, inv: {c: {lt: {id: "lt", it: []}, act: {id: "act", it: []}, cls: {id: "cls", it: [{c: 1, tid: "boyUnderdress1", iid: ""}, {c: 1, tid: "boyShirt14", iid: ""}, {c: 1, tid: "boyPants10", iid: ""}, {c: 1, tid: "boyShoes8", iid: ""}, {c: 1, tid: "boyHdbndBr", iid: ""}, {c: 1, tid: "boyHdbndCt", iid: ""}, {c: 1, tid: "boyKgrmCt", iid: ""}, {c: 1, tid: "boyTShrtFrog", iid: ""}, {c: 1, tid: "boyPntsFrog", iid: ""}, {c: 1, tid: "boyBtsFrog", iid: ""}, {c: 1, tid: "boyPllwrWnt19Stl", iid: ""}, {c: 1, tid: "boyJcktWnt19Stl", iid: ""}, {c: 1, tid: "boyPntsWnt19Stl", iid: ""}, {c: 1, tid: "boyBtsWnt19Stl", iid: ""}, {c: 1, tid: "boyHdbndDr", iid: ""}, {c: 1, tid: "boyPllwrWnt19Rckr", iid: ""}, {c: 1, tid: "boyPntsWnt19Rckr", iid: ""}, {c: 1, tid: "boyBtsWnt19Rckr", iid: ""}, {c: 1, tid: "boyHatWnt19Rckr", iid: ""}, {c: 1, tid: "boyGlssWnt19Stl", iid: ""}, {c: 1, tid: "boyJcktWnt19Rckr", iid: ""}, {c: 1, tid: "boyFA18TShrt", iid: ""}, {c: 1, tid: "boyFA18Shorts", iid: ""}, {c: 1, tid: "boyFA18Bts", iid: ""}, {c: 1, tid: "boyFA18Wig", iid: ""}, {c: 1, tid: "boyBtsStrpd", iid: ""}, {c: 1, tid: "boyJcktStrpd", iid: ""}, {c: 1, tid: "boyPntsStrpd", iid: ""}, {c: 1, tid: "boyTShrtStrpd", iid: ""}, {c: 1, tid: "boyGlsStrpd", iid: ""}, {c: 1, tid: "boySV18Jckt", iid: ""}, {c: 1, tid: "boyKgrmDr", iid: ""}, {c: 1, tid: "boySV18Bts", iid: ""}, {c: 1, tid: "rcrBRtrShs", iid: ""}, {c: 1, tid: "rcrBRtrJck", iid: ""}, {c: 1, tid: "boySV18Pnts", iid: ""}, {c: 1, tid: "boySV18Shrt", iid: ""}, {c: 1, tid: "boyFA18Bag", iid: ""}, {c: 1, tid: "rcrBRtrHlm", iid: ""}, {c: 1, tid: "boyHlwnVmpShs", iid: ""}, {c: 1, tid: "boyGlvsWnt19Stl", iid: ""}, {c: 1, tid: "boyHlwnVmpJkt", iid: ""}, {c: 1, tid: "boyHlwnVmpWng", iid: ""}, {c: 1, tid: "boyHlwnVmpHat", iid: ""}, {c: 1, tid: "boyHlwnVmpPnt", iid: ""}, {c: 1, tid: "boyHlwnVmpScf", iid: ""}, {c: 1, tid: "east15NjKtn", iid: ""}, {c: 1, tid: "east15NjMsk", iid: ""}, {c: 1, tid: "rcrBRtrOvr", iid: ""}, {c: 1, tid: "east15NjShr", iid: ""}, {c: 1, tid: "boyRbnMsk", iid: ""}, {c: 1, tid: "boyRbnOvrl", iid: ""}, {c: 1, tid: "boyNNnjOvrl", iid: ""}, {c: 1, tid: "boyNNnjMsk", iid: ""}, {c: 1, tid: "east15NjJck", iid: ""}, {c: 1, tid: "east15NjPts", iid: ""}, {c: 1, tid: "east15NjBts", iid: ""}, {c: 1, tid: "boyRbnNck", iid: ""}, {c: 1, tid: "boyHlwnVmpTSht", iid: ""}, {c: 1, tid: "boyScksRcc", iid: ""}, {c: 1, tid: "boyRdsHdpns", iid: ""}, {c: 1, tid: "boyTShtRcc", iid: ""}, {c: 1, tid: "boyPtsRcc", iid: ""}, {c: 1, tid: "boyShsRcc", iid: ""}, {c: 1, tid: "boyRdsBts", iid: ""}, {c: 1, tid: "boyRdsBag", iid: ""}, {c: 1, tid: "boyHrRcc", iid: ""}, {c: 1, tid: "boyJcktRcc", iid: ""}, {c: 1, tid: "boyRdsPnts", iid: ""}, {c: 1, tid: "boyRdsPlv", iid: ""}, {c: 1, tid: "gstrBBssHt", iid: ""}, {c: 1, tid: "gstrBBssJck", iid: ""}, {c: 1, tid: "gstrBBssPts", iid: ""}, {c: 1, tid: "gstrBBssTsht", iid: ""}, {c: 1, tid: "gstrBBssBts", iid: ""}, {c: 1, tid: "boyRshShs", iid: ""}, {c: 1, tid: "boyRshHat", iid: ""}, {c: 1, tid: "sphrAvmnOvrl", iid: ""}, {c: 1, tid: "gstrBBssGn", iid: ""}, {c: 1, tid: "boyAprPixStc", iid: ""}, {c: 1, tid: "boyAprPixOvr", iid: ""}, {c: 1, tid: "boyAprPixRim", iid: ""}, {c: 1, tid: "rcrBEvgOvr", iid: ""}, {c: 1, tid: "boyDrlBlrnDcr", iid: ""}, {c: 1, tid: "rcrBEvgGss", iid: ""}, {c: 1, tid: "boyDrlBlrnOvr", iid: ""}, {c: 1, tid: "sphrRbmnHlmt", iid: ""}, {c: 1, tid: "boyAprPixWng", iid: ""}, {c: 1, tid: "sphrRbmnOvrl", iid: ""}, {c: 1, tid: "boyAprPixShs", iid: ""}, {c: 1, tid: "sphrDmnSmrHlmt", iid: ""}, {c: 1, tid: "east15NjGlv", iid: ""}, {c: 1, tid: "boyRshPnt", iid: ""}, {c: 1, tid: "boyRshTSht", iid: ""}, {c: 1, tid: "sphrDmnSmrLnc", iid: ""}, {c: 1, tid: "boySP14Gss", iid: ""}, {c: 1, tid: "sphrDmnSmrOvrl", iid: ""}, {c: 1, tid: "boyPslnHlm2", iid: ""}, {c: 1, tid: "bSP14Gun", iid: ""}, {c: 1, tid: "boyPslnSuit3", iid: ""}, {c: 1, tid: "boyRshJkt", iid: ""}, {c: 1, tid: "boySP14Pts", iid: ""}, {c: 1, tid: "boyDrlCookPlngr", iid: ""}, {c: 1, tid: "boySP14Tsht", iid: ""}, {c: 1, tid: "boySP14Bts", iid: ""}, {c: 1, tid: "boyDrlCookHat", iid: ""}, {c: 1, tid: "boyDrlCookOvr", iid: ""}, {c: 1, tid: "boySMR14Hdpns", iid: ""}, {c: 1, tid: "boySMR14Sh4", iid: ""}, {c: 1, tid: "boySMR14TShirt3", iid: ""}, {c: 1, tid: "boySP14Glv", iid: ""}, {c: 1, tid: "boySMR14Pants2", iid: ""}, {c: 1, tid: "east15NjScf", iid: ""}, {c: 1, tid: "boySMR14Gls2", iid: ""}, {c: 1, tid: "boyErrFrog", iid: ""}, {c: 1, tid: "boySMR14Jckt2", iid: ""}, {c: 1, tid: "gstrBBssPdt", iid: ""}]}, gm: {id: "gm", it: [{c: 1, tid: "blackMobileSkin", iid: ""}]}, frn: {id: "frn", it: []}}}, crt: 36479, clths: {clths: [{clid: null, tpid: "boySbBtsCrft"}, {clid: null, tpid: "boyKgrmBr"}, {clid: null, tpid: "boyFA18Msk1"}, {clid: null, tpid: "boyHrnDvl16"}, {clid: null, tpid: "boyTalDvl16"}, {clid: null, tpid: "boyGlssSh"}]}, res: {slvr: 0, enrg: 500, emd: 0, gld: 2869}}]
Thu Jan 9 16:54:32 GMT+0300 2020 [INFO] Client said: 34: [null, "a.clths.buy", {ctp: null, tpid: "boySbBtsCrft", pind: 1}]
Thu Jan 9 16:54:28 GMT+0300 2020 [INFO] Server said: 34: ["b.ingld", {ingld: 9999}]
Thu Jan 9 16:54:28 GMT+0300 2020 [INFO] Server said: 34: ["ntf.res", {res: {slvr: 0, enrg: 500, gld: 102868, emd: 0}}]
Thu Jan 9 16:54:27 GMT+0300 2020 [INFO] [YandexMetrics.reachGoal] Call reach goal 'click_buy_product' for counter 31321471
Thu Jan 9 16:54:27 GMT+0300 2020 [INFO] Client said: 34: [null, "b.chkprchs", {qnt: 1, pmnt: {tpid: "boySbBtsCrft", ct3: null, ctx: {dialogSource: "clothesShopDialog"}, ct1: null, srv: 1, ct2: null}, prid: "pack9999"}]
Thu Jan 9 16:54:27 GMT+0300 2020 [INFO] [YandexMetrics.reachGoal] Call reach goal 'show_payment_dialog' for counter 31321471
Thu Jan 9 16:54:24 GMT+0300 2020 [INFO] Server said: 34: ["b.ingld", {ingld: 9999}]
Thu Jan 9 16:54:24 GMT+0300 2020 [INFO] Server said: 34: ["ntf.res", {res: {slvr: 0, enrg: 500, gld: 92869, emd: 0}}]
Thu Jan 9 16:54:24 GMT+0300 2020 [INFO] [YandexMetrics.reachGoal] Call reach goal 'click_buy_product' for counter 31321471
Thu Jan 9 16:54:24 GMT+0300 2020 [INFO] Client said: 34: [null, "b.chkprchs", {qnt: 1, pmnt: {tpid: "boySbBtsCrft", ct3: null, ctx: {dialogSource: "clothesShopDialog"}, ct1: null, srv: 1, ct2: null}, prid: "pack9999"}]
Thu Jan 9 16:54:23 GMT+0300 2020 [INFO] [YandexMetrics.reachGoal] Call reach goal 'show_payment_dialog' for counter 31321471
Thu Jan 9 16:54:21 GMT+0300 2020 [INFO] Server said: 34: ["b.ingld", {ingld: 9999}]
Thu Jan 9 16:54:21 GMT+0300 2020 [INFO] Server said: 34: ["ntf.res", {res: {slvr: 0, enrg: 500, gld: 82870, emd: 0}}]
Thu Jan 9 16:54:21 GMT+0300 2020 [INFO] [YandexMetrics.reachGoal] Call reach goal 'click_buy_product' for counter 31321471
Thu Jan 9 16:54:21 GMT+0300 2020 [INFO] Client said: 34: [null, "b.chkprchs", {qnt: 1, pmnt: {tpid: "boySbBtsCrft", ct3: null, ctx: {dialogSource: "clothesShopDialog"}, ct1: null, srv: 1, ct2: null}, prid: "pack9999"}]
Thu Jan 9 16:54:20 GMT+0300 2020 [INFO] [YandexMetrics.reachGoal] Call reach goal 'show_payment_dialog' for counter 31321471
Thu Jan 9 16:54:17 GMT+0300 2020 [INFO] Server said: 34: ["b.ingld", {ingld: 9999}]
Thu Jan 9 16:54:17 GMT+0300 2020 [INFO] Server said: 34: ["ntf.res", {res: {slvr: 0, enrg: 500, gld: 72871, emd: 0}}]
Thu Jan 9 16:54:17 GMT+0300 2020 [INFO] [YandexMetrics.reachGoal] Call reach goal 'click_buy_product' for counter 31321471
Thu Jan 9 16:54:17 GMT+0300 2020 [INFO] Client said: 34: [null, "b.chkprchs", {qnt: 1, pmnt: {tpid: "boySbBtsCrft", ct3: null, ctx: {dialogSource: "clothesShopDialog"}, ct1: null, srv: 1, ct2: null}, prid: "pack9999"}]
Thu Jan 9 16:54:16 GMT+0300 2020 [INFO] [YandexMetrics.reachGoal] Call reach goal 'show_payment_dialog' for counter 31321471
Thu Jan 9 16:54:14 GMT+0300 2020 [INFO] Server said: 34: ["b.ingld", {ingld: 9999}]
Thu Jan 9 16:54:13 GMT+0300 2020 [INFO] Server said: 34: ["ntf.res", {res: {slvr: 0, enrg: 500, gld: 62872, emd: 0}}]
Thu Jan 9 16:54:13 GMT+0300 2020 [INFO] [YandexMetrics.reachGoal] Call reach goal 'click_buy_product' for counter 31321471
Thu Jan 9 16:54:13 GMT+0300 2020 [INFO] Client said: 34: [null, "b.chkprchs", {qnt: 1, pmnt: {tpid: "boySbBtsCrft", ct3: null, ctx: {dialogSource: "clothesShopDialog"}, ct1: null, srv: 1, ct2: null}, prid: "pack9999"}]
Thu Jan 9 16:54:13 GMT+0300 2020 [INFO] [YandexMetrics.reachGoal] Call reach goal 'show_payment_dialog' for counter 31321471
Thu Jan 9 16:54:10 GMT+0300 2020 [INFO] Server said: 34: ["b.ingld", {ingld: 9999}]
Thu Jan 9 16:54:10 GMT+0300 2020 [INFO] Server said: 34: ["ntf.res", {res: {slvr: 0, enrg: 500, gld: 52873, emd: 0}}]
Thu Jan 9 16:54:10 GMT+0300 2020 [INFO] [YandexMetrics.reachGoal] Call reach goal 'click_buy_product' for counter 31321471
Thu Jan 9 16:54:10 GMT+0300 2020 [INFO] Client said: 34: [null, "b.chkprchs", {qnt: 1, pmnt: {tpid: "boySbBtsCrft", ct3: null, ctx: {dialogSource: "clothesShopDialog"}, ct1: null, srv: 1, ct2: null}, prid: "pack9999"}]
Thu Jan 9 16:54:09 GMT+0300 2020 [INFO] [YandexMetrics.reachGoal] Call reach goal 'show_payment_dialog' for counter 31321471
Thu Jan 9 16:54:06 GMT+0300 2020 [INFO] Server said: 34: ["b.ingld", {ingld: 9999}]
Thu Jan 9 16:54:06 GMT+0300 2020 [INFO] Server said: 34: ["ntf.res", {res: {slvr: 0, enrg: 500, gld: 42874, emd: 0}}]
Thu Jan 9 16:54:06 GMT+0300 2020 [INFO] [YandexMetrics.reachGoal] Call reach goal 'click_buy_product' for counter 31321471
Thu Jan 9 16:54:06 GMT+0300 2020 [INFO] Client said: 34: [null, "b.chkprchs", {qnt: 1, pmnt: {tpid: "boySbBtsCrft", ct3: null, ctx: {dialogSource: "clothesShopDialog"}, ct1: null, srv: 1, ct2: null}, prid: "pack9999"}]