ClientError: Thu Jan 9 18:34:30 GMT+0300 2020 [CRITICAL] [salon] *Uncaught Error* ErrorId: 1009 ErrorName: TypeError ErrorMessage:Error #1009 ErrorStackTrace:TypeError: Error #1009
	at _-JE::_-0Wu/get clotheId()
	at _-273::DirolDressHelper/_-2UP()
	at _-8l::AvatarSelfMenu()
	at _-1sv::LocationAvatar/getInteractiveMenu()
	at _-PQ::BaseRoomScreen/checkSelectedObject()
	at _-2Mw::OutsideRoomScreen/checkSelectedObject()
	at _-PQ::BaseRoomScreen/onViewMouseUp()
Thu Jan 9 18:34:28 GMT+0300 2020 [INFO] Server said: 34: ["o.r.m", {uid: "688", sy: 1.5, dx: 9.88, dy: 7.44, sx: 15.5}]
Thu Jan 9 18:34:25 GMT+0300 2020 [INFO] Server said: 34: ["o.r.u", {uid: "324", x: 4.78, y: 8.36, st: 1, d: 6, at: "sitItem13"}]
Thu Jan 9 18:34:24 GMT+0300 2020 [INFO] Server said: 34: ["o.r.u", {uid: "324", x: 4.78, y: 8.36, st: 23, d: 6, at: ""}]
Thu Jan 9 18:34:23 GMT+0300 2020 [INFO] Server said: 34: ["o.r.u", {uid: "895", x: 15.5, d: 4, y: 1.5, st: 0}]
Thu Jan 9 18:34:22 GMT+0300 2020 [INFO] Server said: 34: ["o.r.m", {uid: "324", dx: 4.78, sy: 7.23, dy: 8.36, sx: 8.11}]
Thu Jan 9 18:34:17 GMT+0300 2020 [INFO] Server said: 34: ["rl.new", {uid: "324", rlt: {p: 0, ut: 1578584057, s: 20, t: null, st: 1578584057}}]
Thu Jan 9 18:34:16 GMT+0300 2020 [INFO] Client said: 34: [null, "rl.crt", {uid: "324", s: 20, cnf: "assoc"}]
Thu Jan 9 18:34:16 GMT+0300 2020 [INFO] Server said: 34: ["cf.uca", {uid: "324", at: "assoc"}]
Thu Jan 9 18:34:14 GMT+0300 2020 [INFO] Client said: 34: [null, "cf.uc", {uid: "324", at: "assoc"}]
Thu Jan 9 18:34:05 GMT+0300 2020 [INFO] Server said: 34: ["cp.cht.sm", {msg: {tp: "chatTextMessage", cid: "258_324", sid: "258", tag: null, msg: "ну го", mid: null}, rid: "salon_sn1_1"}]
Thu Jan 9 18:34:05 GMT+0300 2020 [INFO] Client said: 34: [null, "cp.cht.sm", {msg: {tp: "chatTextMessage", cid: "258_324", sid: "258", tag: null, msg: "ну го", mid: null}, rid: "salon_sn1_1"}]
Thu Jan 9 18:34:03 GMT+0300 2020 [INFO] Server said: 34: ["o.r.u", {uid: "346", x: 15.5, d: 4, y: 1.5, st: 0}]
Thu Jan 9 18:34:00 GMT+0300 2020 [INFO] Server said: 34: ["cp.cht.sm", {msg: {cid: null, tp: "chatStickerMessage", sid: "631", stkpkid: "catStickerPack", stkid: 3}, rid: "salon_sn1_1"}]
Thu Jan 9 18:34:00 GMT+0300 2020 [INFO] Server said: 16: ["salon_sn1_1", "268"]
Thu Jan 9 18:33:59 GMT+0300 2020 [INFO] Server said: 34: ["o.r.jn", {plr: {uid: "268", usrinf: {rl: 0}, ci: {bcld: 0, eml: null, vip: true, gdc: 0, vret: 0, crt: 1745, lwts: 0, rpt: 0, as: null, vsact: true, vfgc: 0, strfrd: 0, actrt: 0, cmid: 0, dr: true, skrt: 0, actrd: 0, sbid: null, gtrfrd: 0, shousd: false, spp: 0, plcmt: {}, sbrt: 0, lgt: 0, tts: null, actrp: 0, lrnt: 0, crst: 0, kyktid: null, shcr: true, rtrtm: 0, vsexp: 1965298000, ceid: 0, fak: null, ysct: 0, skid: null, ys: 0, pamns: {amn: []}, trcd: 0, compid: 0, lvt: 1578583620, fexp: 0, exp: 85800, hrt: 220, vexp: 1965298000, trid: "freelanceMicrophone"}, clths: {clths: [{tpid: "grlCtrVntgDrs", clid: "6"}, {tpid: "grlBtsCtr6", clid: "6"}]}, locinfo: {pl: "", x: -1, s: "127.0.0.1", shlc: true, y: -1, at: "", d: 4, l: "salon_sn1_1", st: 0}, apprnc: {rg: 0, nct: 0, brc: 4, rc: 1, bt: 0, g: 2, et: 2, sh: 0, shc: 1, fft: 0, ht: 127, hc: 3, fat: 0, ssc: 1, pt: 0, ss: 0, n: "~Жена Юнги~", brt: 29, sc: 2, mc: 3, pc: 1, fac: 1, ec: 1, mt: 7, bc: 1}, pf: {pf: {grdnr: {tp: "grdnr", pgs: 0, l: 20}, jntr: {tp: "jntr", pgs: 0, l: 20}, vsgst: {tp: "vsgst", pgs: 0, l: 20}, phtghr: {tp: "phtghr", pgs: 0, l: 20}}}, mbm: {ac: null, sk: "blackMobileSkin"}}}]
Thu Jan 9 18:33:58 GMT+0300 2020 [INFO] Server said: 34: ["o.r.u", {uid: "631", x: 5.73, y: 8.31, st: 1, d: 5, at: "sitItem13"}]
Thu Jan 9 18:33:58 GMT+0300 2020 [INFO] Server said: 16: ["salon_sn1_1", "407"]
Thu Jan 9 18:33:58 GMT+0300 2020 [INFO] Server said: 34: ["o.r.jn", {plr: {uid: "407", usrinf: {rl: 0}, ci: {bcld: 0, eml: null, vip: true, gdc: 0, vret: 0, crt: 10, lwts: 0, rpt: 0, as: null, vsact: true, vfgc: 0, strfrd: 0, actrt: 0, cmid: 0, dr: true, skrt: 0, actrd: 0, sbid: null, gtrfrd: 0, shousd: false, spp: 0, plcmt: {}, sbrt: 0, lgt: 0, tts: null, actrp: 0, lrnt: 0, crst: 0, kyktid: null, shcr: true, rtrtm: 0, vsexp: 1965298000, ceid: 0, fak: null, ysct: 0, skid: null, ys: 0, pamns: {amn: []}, trcd: 0, compid: 0, lvt: 1578584027, fexp: 0, exp: 85800, hrt: 174, vexp: 1965298000, trid: null}, clths: {clths: [{tpid: "girlShirt12", clid: null}, {tpid: "girlShoes14", clid: null}, {tpid: "girlPants9", clid: null}]}, locinfo: {pl: "", x: -1, s: "127.0.0.1", shlc: true, y: -1, at: "", d: 4, l: "salon_sn1_1", st: 0}, apprnc: {rg: 0, nct: 0, brc: 5, rc: 1, bt: 0, g: 2, et: 1, sh: 0, shc: 1, fft: 0, ht: 132, hc: 6, fat: 0, ssc: 1, pt: 0, ss: 0, n: "лошара", brt: 4, sc: 1, mc: 3, pc: 1, fac: 1, ec: 1, mt: 5, bc: 1}, pf: {pf: {grdnr: {tp: "grdnr", pgs: 0, l: 20}, jntr: {tp: "jntr", pgs: 0, l: 20}, vsgst: {tp: "vsgst", pgs: 0, l: 20}, phtghr: {tp: "phtghr", pgs: 0, l: 20}}}, mbm: {ac: null, sk: "blackMobileSkin"}}}]
Thu Jan 9 18:33:57 GMT+0300 2020 [INFO] Server said: 34: ["o.r.u", {uid: "631", x: 5.73, y: 8.31, st: 23, d: 5, at: ""}]
Thu Jan 9 18:33:55 GMT+0300 2020 [INFO] Server said: 34: ["o.r.m", {uid: "631", dx: 5.73, sy: 11.59, sx: 8.78, dy: 8.31}]
Thu Jan 9 18:33:54 GMT+0300 2020 [INFO] Server said: 17: ["salon_sn1_1", "328"]
Thu Jan 9 18:33:54 GMT+0300 2020 [INFO] Server said: 34: ["o.r.lv", {uid: "328"}]
Thu Jan 9 18:33:54 GMT+0300 2020 [INFO] Server said: 34: ["o.r.u", {uid: "631", x: 8.78, y: 11.59, st: 23, d: 4, at: ""}]
Thu Jan 9 18:33:51 GMT+0300 2020 [INFO] Server said: 34: ["o.r.m", {uid: "631", dx: 8.78, sy: 9.03, sx: 9.09, dy: 11.59}]
Thu Jan 9 18:33:51 GMT+0300 2020 [INFO] Server said: 34: ["cp.cht.sm", {msg: {tp: "chatTextMessage", cid: "258_324", sid: "324", tag: null, msg: "го просто дружить тогда?", mid: null}, rid: "salon_sn1_1"}]
Thu Jan 9 18:33:48 GMT+0300 2020 [INFO] Server said: 34: ["o.r.u", {uid: "631", x: 9.09, y: 9.03, st: 23, d: 5, at: ""}]
Thu Jan 9 18:33:48 GMT+0300 2020 [INFO] Server said: 16: ["salon_sn1_1", "895"]
Thu Jan 9 18:33:48 GMT+0300 2020 [INFO] Server said: 34: ["o.r.jn", {plr: {uid: "895", usrinf: {rl: 0}, ci: {bcld: 0, eml: null, vip: true, gdc: 0, vret: 0, crt: 10, lwts: 0, rpt: 0, as: null, vsact: true, vfgc: 0, strfrd: 0, actrt: 0, cmid: 0, dr: true, skrt: 0, actrd: 0, sbid: null, gtrfrd: 0, shousd: false, spp: 0, plcmt: {}, sbrt: 0, lgt: 0, tts: null, actrp: 0, lrnt: 0, crst: 0, kyktid: null, shcr: true, rtrtm: 0, vsexp: 1965298000, ceid: 0, fak: null, ysct: 0, skid: null, ys: 0, pamns: {amn: []}, trcd: 0, compid: 0, lvt: 1578583911, fexp: 0, exp: 85800, hrt: 174, vexp: 1965298000, trid: "stVal2018"}, clths: {clths: [{tpid: "girlShirt12", clid: null}, {tpid: "girlShoes14", clid: null}, {tpid: "girlPants9", clid: null}]}, locinfo: {pl: "", x: -1, s: "127.0.0.1", shlc: true, y: -1, at: "", d: 4, l: "salon_sn1_1", st: 0}, apprnc: {rg: 0, nct: 0, brc: 2, rc: 1, bt: 0, g: 2, et: 2, sh: 0, shc: 1, fft: 0, ht: 119, hc: 1, fat: 0, ssc: 1, pt: 0, ss: 0, n: "Эля Пончик", brt: 29, sc: 1, mc: 2, pc: 1, fac: 1, ec: 3, mt: 7, bc: 1}, pf: {pf: {grdnr: {tp: "grdnr", pgs: 0, l: 20}, jntr: {tp: "jntr", pgs: 0, l: 20}, vsgst: {tp: "vsgst", pgs: 0, l: 20}, phtghr: {tp: "phtghr", pgs: 0, l: 20}}}, mbm: {ac: null, sk: "blackMobileSkin"}}}]
Thu Jan 9 18:33:47 GMT+0300 2020 [INFO] Server said: 34: ["o.r.m", {uid: "631", dx: 9.09, sy: 7, sx: 10.94, dy: 9.03}]
Thu Jan 9 18:33:43 GMT+0300 2020 [INFO] Server said: 17: ["salon_sn1_1", "350"]
Thu Jan 9 18:33:43 GMT+0300 2020 [INFO] Server said: 34: ["o.r.lv", {uid: "350"}]
Thu Jan 9 18:33:41 GMT+0300 2020 [INFO] Server said: 34: ["cp.cht.sm", {msg: {tp: "chatSmileMessage", cid: "258_324", sid: "258", smid: 10}, rid: "salon_sn1_1"}]
Thu Jan 9 18:33:41 GMT+0300 2020 [INFO] Client said: 34: [null, "cp.cht.sm", {msg: {tp: "chatSmileMessage", cid: "258_324", sid: "258", smid: 10}, rid: "salon_sn1_1"}]
Thu Jan 9 18:33:37 GMT+0300 2020 [INFO] Server said: 34: ["cp.cht.sm", {msg: {tp: "chatTextMessage", cid: "258_324", sid: "258", tag: null, msg: "но это не точно", mid: null}, rid: "salon_sn1_1"}]
Thu Jan 9 18:33:37 GMT+0300 2020 [INFO] Client said: 34: [null, "cp.cht.sm", {msg: {tp: "chatTextMessage", cid: "258_324", sid: "258", tag: null, msg: "но это не точно", mid: null}, rid: "salon_sn1_1"}]
Thu Jan 9 18:33:36 GMT+0300 2020 [INFO] Server said: 34: ["o.r.ra", {plr: {uid: "631", usrinf: {rl: 0}, ci: {bcld: 0, eml: null, vip: true, gdc: 0, vret: 0, crt: 445, lwts: 0, rpt: 0, as: null, vsact: true, vfgc: 0, strfrd: 0, actrt: 0, cmid: 0, dr: true, skrt: 0, actrd: 0, sbid: null, gtrfrd: 0, shousd: false, spp: 0, plcmt: {}, sbrt: 0, lgt: 0, tts: null, actrp: 0, lrnt: 0, crst: 0, kyktid: null, shcr: true, rtrtm: 0, vsexp: 1965298000, ceid: 0, fak: null, ysct: 0, skid: null, ys: 0, pamns: {amn: []}, trcd: 0, compid: 0, lvt: 1578583748, fexp: 0, exp: 85800, hrt: 174, vexp: 1965298000, trid: "freelanceMicrophone"}, clths: {clths: [{tpid: "girlTShrtYllw", clid: null}, {tpid: "girlGlssYllw", clid: null}, {tpid: "girlBtsYllw", clid: null}, {tpid: "girlPntsYllw", clid: null}, {tpid: "girlBgYllw", clid: null}, {tpid: "girlJcktYllw", clid: null}]}, locinfo: {pl: "", x: 10.94, s: "127.0.0.1", shlc: true, y: 7, at: "", d: 4, l: "salon_sn1_1", st: 23}, apprnc: {rg: 0, nct: 0, brc: 2, rc: 1, bt: 0, g: 2, et: 34, sh: 1, shc: 3, fft: 7, ht: 130, hc: 15, fat: 0, ssc: 1, pt: 0, ss: 0, n: "-ПРИВИТ-", brt: 22, sc: 2, mc: 2, pc: 1, fac: 1, ec: 2, mt: 31, bc: 1}, pf: {pf: {grdnr: {tp: "grdnr", pgs: 0, l: 20}, jntr: {tp: "jntr", pgs: 0, l: 20}, vsgst: {tp: "vsgst", pgs: 0, l: 20}, phtghr: {tp: "phtghr", pgs: 0, l: 20}}}, mbm: {ac: null, sk: "blackMobileSkin"}}}]
Thu Jan 9 18:33:34 GMT+0300 2020 [INFO] Server said: 34: ["cp.cht.sm", {msg: {tp: "chatTextMessage", cid: "258_324", sid: "258", tag: null, msg: "нет", mid: null}, rid: "salon_sn1_1"}]
Thu Jan 9 18:33:33 GMT+0300 2020 [INFO] Client said: 34: [null, "cp.cht.sm", {msg: {tp: "chatTextMessage", cid: "258_324", sid: "258", tag: null, msg: "нет", mid: null}, rid: "salon_sn1_1"}]