ClientError: Thu Jan 9 17:32:12 GMT+0200 2020 [CRITICAL] [house] *Uncaught Error* ErrorId: 1009 ErrorName: TypeError ErrorMessage:Error #1009 ErrorStackTrace:TypeError: Error #1009
	at _-3t9::UserRatingBaseTopPanel/_-wZ()
	at _-3t9::UserRatingBaseTopPanel/update()
	at _-3t9::UserRatingBaseTopPanel/set dataProvider()
	at _-4Jz::_-2U7/_-20p()
	at MethodInfo-8()
	at _-1El::PlayersManager/_-3Q-()
	at flash.events::EventDispatcher/dispatchEvent()
	at _-37q::_-G5/_-1Ef()
	at flash.events::EventDispatcher/dispatchEvent()
	at ags::_-2t/_-2dI()
	at flash.events::EventDispatcher/dispatchEvent()
	at _-0en::_-0O8/_-1LF()
	at _-0en::_-0O8/execute()
	at ags::AGSClient/_-0i9()
	at ags::AGSClient/_-2ZF()
	at ags::AGSClient/_-2Ea()
Thu Jan 9 17:32:12 GMT+0200 2020 [INFO] Server said: 34: ["pl.get", {clid: "userTop", plrs: [{uid: "39", mbm: {sk: "blackMobileSkin", ac: null}, pf: {pf: {phtghr: {tp: "phtghr", pgs: 0, l: 20}, vsgst: {tp: "vsgst", pgs: 0, l: 20}, jntr: {tp: "jntr", pgs: 0, l: 20}, grdnr: {tp: "grdnr", pgs: 0, l: 20}}}, clths: {clths: [{clid: null, tpid: "grlRsErr"}, {clid: "16", tpid: "girlPlvNYFr"}, {clid: "16", tpid: "girlBtsSchool"}, {clid: "1", tpid: "girlDcrClnGlmr"}, {clid: "16", tpid: "girlMskClnPstpc"}, {clid: "4", tpid: "grlCtrVntgDrs"}, {clid: null, tpid: "grlRsBg"}, {clid: "16", tpid: "grlGlvCtr1"}, {clid: "4", tpid: "girlGlssClnPstpc"}]}, ci: {ys: 0, crst: 0, vfgc: 0, rtrtm: 0, fexp: 0, ceid: 0, kyktid: null, plcmt: {}, skid: null, cmid: 0, actrt: 0, hrt: 600374, dr: true, compid: 0, crt: 76611, spp: 0, actrp: 0, vip: true, rpt: 0, trid: null, tts: null, actrd: 0, bcld: 0, gdc: 0, eml: null, shousd: false, lgt: 0, trcd: 0, sbrt: 0, ysct: 0, exp: 85800, sbid: null, vexp: 1965298000, fak: null, lvt: 1578581610, vsexp: 1965298000, shcr: true, lrnt: 0, skrt: 0, vsact: true, gtrfrd: 0, lwts: 0, pamns: {amn: []}, as: null, vret: 0, strfrd: 0}, usrinf: {rl: 0}, apprnc: {brc: 6, ss: 0, sc: 1, g: 2, rg: 0, mc: 31, pc: 1, ht: 83, hc: 7, mt: 7, rc: 1, fat: 0, brt: 9, nct: 0, et: 34, shc: 1, bc: 1, bt: 0, pt: 0, n: "овца", ec: 6, fac: 1, fft: 9, sh: 25, ssc: 1}}, {uid: "14", mbm: {sk: "blackMobileSkin", ac: null}, pf: {pf: {phtghr: {tp: "phtghr", pgs: 0, l: 20}, vsgst: {tp: "vsgst", pgs: 0, l: 20}, jntr: {tp: "jntr", pgs: 0, l: 20}, grdnr: {tp: "grdnr", pgs: 0, l: 20}}}, clths: {clths: [{clid: "18", tpid: "girlBtsRbbt"}, {clid: "18", tpid: "girlPntsNYElgnc"}, {clid: null, tpid: "girlErrWnt19Pnk"}, {clid: "18", tpid: "girlJcktNYElgnc"}, {clid: "18", tpid: "girlTShrtNYElgnc"}, {clid: null, tpid: "gFRY14Rim2"}]}, ci: {ys: 0, crst: 0, vfgc: 0, rtrtm: 0, fexp: 0, ceid: 0, kyktid: null, plcmt: {}, skid: null, cmid: 0, actrt: 0, hrt: 413116, dr: true, compid: 0, crt: 20930, spp: 0, actrp: 0, vip: true, rpt: 0, trid: null, tts: null, actrd: 0, bcld: 0, gdc: 0, eml: null, shousd: false, lgt: 0, trcd: 0, sbrt: 0, ysct: 0, exp: 85800, sbid: null, vexp: 1965298000, fak: null, lvt: 1578578349, vsexp: 1965298000, shcr: true, lrnt: 0, skrt: 0, vsact: true, gtrfrd: 0, lwts: 0, pamns: {amn: []}, as: null, vret: 0, strfrd: 0}, usrinf: {rl: 0}, apprnc: {brc: 7, ss: 0, sc: 1, g: 2, rg: 0, mc: 15, pc: 1, ht: 123, hc: 1, mt: 31, rc: 1, fat: 0, brt: 23, nct: 0, et: 37, shc: 13, bc: 1, bt: 0, pt: 0, n: "мастурбация", ec: 23, fac: 1, fft: 7, sh: 20, ssc: 1}}, {uid: "70", mbm: {sk: "blackMobileSkin", ac: null}, pf: {pf: {phtghr: {tp: "phtghr", pgs: 0, l: 20}, vsgst: {tp: "vsgst", pgs: 0, l: 20}, jntr: {tp: "jntr", pgs: 0, l: 20}, grdnr: {tp: "grdnr", pgs: 0, l: 20}}}, clths: {clths: [{clid: null, tpid: "grlAprChrMst"}, {clid: null, tpid: "grlAprChrHat"}, {clid: null, tpid: "girlPntsFrog"}, {clid: null, tpid: "grlAprChrStc"}, {clid: null, tpid: "grlIvyHlm"}, {clid: null, tpid: "grlAprChrOvr"}, {clid: null, tpid: "grlAprChrShs"}, {clid: null, tpid: "girlNcklFrog"}, {clid: null, tpid: "girlTShrtFrog"}]}, ci: {ys: 0, crst: 0, vfgc: 0, rtrtm: 0, fexp: 0, ceid: 0, kyktid: null, plcmt: {}, skid: null, cmid: 0, actrt: 0, hrt: 251420, dr: true, compid: 0, crt: 6295, spp: 0, actrp: 0, vip: true, rpt: 0, trid: "freelanceSupport", tts: null, actrd: 0, bcld: 0, gdc: 0, eml: null, shousd: false, lgt: 0, trcd: 0, sbrt: 0, ysct: 0, exp: 85800, sbid: null, vexp: 1965298000, fak: null, lvt: 1578578815, vsexp: 1965298000, shcr: true, lrnt: 0, skrt: 0, vsact: true, gtrfrd: 0, lwts: 0, pamns: {amn: []}, as: null, vret: 0, strfrd: 0}, usrinf: {rl: 0}, apprnc: {brc: 5, ss: 0, sc: 4, g: 2, rg: 0, mc: 2, pc: 1, ht: 125, hc: 3, mt: 5, rc: 1, fat: 0, brt: 4, nct: 0, et: 2, shc: 1, bc: 1, bt: 0, pt: 0, n: "я тупая", ec: 5, fac: 1, fft: 0, sh: 0, ssc: 1}}, {uid: "71", mbm: {sk: "blackMobileSkin", ac: null}, pf: {pf: {phtghr: {tp: "phtghr", pgs: 0, l: 20}, vsgst: {tp: "vsgst", pgs: 0, l: 20}, jntr: {tp: "jntr", pgs: 0, l: 20}, grdnr: {tp: "grdnr", pgs: 0, l: 20}}}, clths: {clths: [{clid: null, tpid: "girlNY15Pdt"}, {clid: null, tpid: "girlGlssHp"}, {clid: null, tpid: "girlCtHp"}, {clid: null, tpid: "girlSktIris"}, {clid: null, tpid: "girlBtsIris"}, {clid: null, tpid: "grlNY15Errngs"}, {clid: null, tpid: "girlNY20VKGiftPllvDr"}, {clid: null, tpid: "girlHtHp"}, {clid: null, tpid: "girlPntsHp"}]}, ci: {ys: 0, crst: 0, vfgc: 0, rtrtm: 0, fexp: 0, ceid: 0, kyktid: null, plcmt: {}, skid: null, cmid: 0, actrt: 0, hrt: 240220, dr: true, compid: 0, crt: 1609, spp: 0, actrp: 0, vip: true, rpt: 0, trid: null, tts: null, actrd: 0, bcld: 0, gdc: 0, eml: null, shousd: false, lgt: 0, trcd: 0, sbrt: 0, ysct: 0, exp: 85800, sbid: null, vexp: 1965298000, fak: null, lvt: 1578581619, vsexp: 1965298000, shcr: true, lrnt: 0, skrt: 0, vsact: true, gtrfrd: 0, lwts: 0, pamns: {amn: []}, as: null, vret: 0, strfrd: 0}, usrinf: {rl: 0}, apprnc: {brc: 1, ss: 0, sc: 1, g: 2, rg: 0, mc: 5, pc: 1, ht: 18, hc: 7, mt: 14, rc: 1, fat: 0, brt: 13, nct: 0, et: 19, shc: 1, bc: 1, bt: 0, pt: 0, n: "фууууу,стрём", ec: 6, fac: 1, fft: 0, sh: 22, ssc: 1}}, {uid: "68", mbm: {sk: "blackMobileSkin", ac: null}, pf: {pf: {phtghr: {tp: "phtghr", pgs: 0, l: 20}, vsgst: {tp: "vsgst", pgs: 0, l: 20}, jntr: {tp: "jntr", pgs: 0, l: 20}, grdnr: {tp: "grdnr", pgs: 0, l: 20}}}, clths: {clths: [{clid: null, tpid: "csl15GScnTsht"}, {clid: null, tpid: "girlHdbndBr"}, {clid: null, tpid: "girlPntsWnt19Pnk"}, {clid: null, tpid: "girlBtsWnt19Pnk"}]}, ci: {ys: 0, crst: 0, vfgc: 0, rtrtm: 0, fexp: 0, ceid: 0, kyktid: null, plcmt: {}, skid: null, cmid: 0, actrt: 0, hrt: 192469, dr: true, compid: 0, crt: 29541, spp: 0, actrp: 0, vip: true, rpt: 0, trid: "freelanceMicrophone", tts: null, actrd: 0, bcld: 0, gdc: 0, eml: null, shousd: false, lgt: 0, trcd: 0, sbrt: 0, ysct: 0, exp: 85800, sbid: null, vexp: 1965298000, fak: null, lvt: 1578583075, vsexp: 1965298000, shcr: true, lrnt: 0, skrt: 0, vsact: true, gtrfrd: 0, lwts: 0, pamns: {amn: []}, as: null, vret: 0, strfrd: 0}, usrinf: {rl: 0}, apprnc: {brc: 3, ss: 0, sc: 3, g: 2, rg: 0, mc: 3, pc: 1, ht: 122, hc: 5, mt: 2, rc: 1, fat: 0, brt: 4, nct: 0, et: 2, shc: 1, bc: 1, bt: 0, pt: 0, n: "LOVE", ec: 1, fac: 1, fft: 0, sh: 0, ssc: 1}}, {uid: "64", mbm: {sk: "blackMobileSkin", ac: null}, pf: {pf: {phtghr: {tp: "phtghr", pgs: 0, l: 20}, vsgst: {tp: "vsgst", pgs: 0, l: 20}, jntr: {tp: "jntr", pgs: 0, l: 20}, grdnr: {tp: "grdnr", pgs: 0, l: 20}}}, clths: {clths: []}, ci: {ys: 0, crst: 0, vfgc: 0, rtrtm: 0, fexp: 0, ceid: 0, kyktid: null, plcmt: {}, skid: null, cmid: 0, actrt: 0, hrt: 121044, dr: true, compid: 0, crt: 23433, spp: 0, actrp: 0, vip: true, rpt: 0, trid: "freelanceModerator", tts: null, actrd: 0, bcld: 0, gdc: 0, eml: null, shousd: false, lgt: 0, trcd: 0, sbrt: 0, ysct: 0, exp: 85800, sbid: null, vexp: 1965298000, fak: null, lvt: 1578580961, vsexp: 1965298000, shcr: true, lrnt: 0, skrt: 0, vsact: true, gtrfrd: 0, lwts: 0, pamns: {amn: []}, as: null, vret: 0, strfrd: 0}, usrinf: {rl: 0}, apprnc: {brc: 3, ss: 0, sc: 4, g: 2, rg: 0, mc: 29, pc: 1, ht: 132, hc: 5, mt: 14, rc: 1, fat: 0, brt: 29, nct: 0, et: 17, shc: 1, bc: 1, bt: 0, pt: 0, n: "Goner 88", ec: 5, fac: 1, fft: 7, sh: 0, ssc: 1}}, {uid: "97", mbm: {sk: "blackMobileSkin", ac: null}, pf: {pf: {phtghr: {tp: "phtghr", pgs: 0, l: 20}, vsgst: {tp: "vsgst", pgs: 0, l: 20}, jntr: {tp: "jntr", pgs: 0, l: 20}, grdnr: {tp: "grdnr", pgs: 0, l: 20}}}, clths: {clths: [{clid: "4", tpid: "boyTShrtOutsrc1"}, {clid: null, tpid: "boyNY15Hat"}, {clid: null, tpid: "bNY16FCt"}, {clid: "6", tpid: "boyGlssCtr1"}, {clid: null, tpid: "boySMR14Pants2"}, {clid: null, tpid: "bSP14Gun"}, {clid: null, tpid: "boySMR14Sh3"}]}, ci: {ys: 0, crst: 0, vfgc: 0, rtrtm: 0, fexp: 0, ceid: 0, kyktid: null, plcmt: {}, skid: null, cmid: 0, actrt: 0, hrt: 93928, dr: true, compid: 0, crt: 2664, spp: 0, actrp: 0, vip: true, rpt: 0, trid: "freelanceModerator", tts: null, actrd: 0, bcld: 0, gdc: 0, eml: null, shousd: false, lgt: 0, trcd: 0, sbrt: 0, ysct: 0, exp: 85800, sbid: null, vexp: 1965298000, fak: null, lvt: 1578581040, vsexp: 1965298000, shcr: true, lrnt: 0, skrt: 0, vsact: true, gtrfrd: 0, lwts: 0, pamns: {amn: []}, as: null, vret: 0, strfrd: 0}, usrinf: {rl: 0}, apprnc: {brc: 2, ss: 0, sc: 1, g: 1, rg: 0, mc: 2, pc: 1, ht: 23, hc: 12, mt: 1, rc: 1, fat: 0, brt: 6, nct: 0, et: 7, shc: 1, bc: 1, bt: 0, pt: 0, n: "Лунтик", ec: 2, fac: 1, fft: 0, sh: 0, ssc: 1}}, {uid: "80", mbm: {sk: "blackMobileSkin", ac: null}, pf: {pf: {phtghr: {tp: "phtghr", pgs: 0, l: 20}, vsgst: {tp: "vsgst", pgs: 0, l: 20}, jntr: {tp: "jntr", pgs: 0, l: 20}, grdnr: {tp: "grdnr", pgs: 0, l: 20}}}, clths: {clths: [{clid: null, tpid: "girlBtsEstr19"}, {clid: null, tpid: "girlDrsHlwnCll"}]}, ci: {ys: 0, crst: 0, vfgc: 0, rtrtm: 0, fexp: 0, ceid: 0, kyktid: null, plcmt: {}, skid: null, cmid: 0, actrt: 0, hrt: 65707, dr: true, compid: 0, crt: 9252, spp: 0, actrp: 0, vip: true, rpt: 0, trid: "freelanceVideo", tts: null, actrd: 0, bcld: 0, gdc: 0, eml: null, shousd: false, lgt: 0, trcd: 0, sbrt: 0, ysct: 0, exp: 85800, sbid: null, vexp: 1965298000, fak: null, lvt: 1578581052, vsexp: 1965298000, shcr: true, lrnt: 0, skrt: 0, vsact: true, gtrfrd: 0, lwts: 0, pamns: {amn: []}, as: null, vret: 0, strfrd: 0}, usrinf: {rl: 0}, apprnc: {brc: 1, ss: 0, sc: 1, g: 2, rg: 0, mc: 2, pc: 1, ht: 125, hc: 7, mt: 7, rc: 1, fat: 0, brt: 29, nct: 0, et: 36, shc: 1, bc: 1, bt: 0, pt: 0, n: "СЕМИЦВЕТИК", ec: 2, fac: 1, fft: 0, sh: 0, ssc: 1}}, {uid: "18", mbm: {sk: "blackMobileSkin", ac: null}, pf: {pf: {phtghr: {tp: "phtghr", pgs: 0, l: 20}, vsgst: {tp: "vsgst", pgs: 0, l: 20}, jntr: {tp: "jntr", pgs: 0, l: 20}, grdnr: {tp: "grdnr", pgs: 0, l: 20}}}, clths: {clths: [{clid: null, tpid: "boyBgBts"}, {clid: null, tpid: "boyErrFrog"}, {clid: null, tpid: "boyBgBag"}, {clid: null, tpid: "boyBgPnts"}, {clid: null, tpid: "boyBgPlv"}, {clid: null, tpid: "boyBgGlss"}]}, ci: {ys: 0, crst: 0, vfgc: 0, rtrtm: 0, fexp: 0, ceid: 0, kyktid:...
Thu Jan 9 17:32:09 GMT+0200 2020 [INFO] [YandexMetrics.reachGoal] Call reach goal 'click_buy_product' for counter 31321471
Thu Jan 9 17:32:09 GMT+0200 2020 [INFO] Client said: 34: [null, "b.chkprchs", {pmnt: null, prid: "pack1500", qnt: 1}]
Thu Jan 9 17:32:08 GMT+0200 2020 [INFO] [YandexMetrics.reachGoal] Call reach goal 'show_payment_dialog' for counter 31321471
Thu Jan 9 17:31:49 GMT+0200 2020 [INFO] Client said: 34: [null, "pl.gid", {uids: ["39", "14", "70", "71", "68", "64", "97", "80", "18", "55"], clid: "userTop"}]
Thu Jan 9 17:31:21 GMT+0200 2020 [INFO] Client said: 34: ["house_945_livingroom", "h.r.u", {uid: "945", x: 9.02, d: 6, y: 1.81, at: "", st: 23}]
Thu Jan 9 17:31:21 GMT+0200 2020 [INFO] Client said: 34: ["house_945_livingroom", "h.r.m", {uid: "945", dx: 9.02, sy: 1.49, dy: 1.81, sx: 10.3}]
Thu Jan 9 17:31:08 GMT+0200 2020 [INFO] Client said: 34: [null, "a.clths.buy", {tpid: "boyNY20VKGiftPllvCnd", ctp: "casual", pind: 1}]
Thu Jan 9 17:30:23 GMT+0200 2020 [INFO] Client said: 34: [null, "a.clths.bst", {tpid: "boyArthsSet", ctp: "casual", pind: 1}]
Thu Jan 9 17:30:07 GMT+0200 2020 [INFO] Client said: 34: [null, "a.clths.bst", {tpid: "boyArthsSet", ctp: "casual", pind: 1}]
Thu Jan 9 17:28:38 GMT+0200 2020 [INFO] Client said: 34: [null, "frn.buy", {cnt: 1, tpid: "intFlr2", pind: 1}]
Thu Jan 9 17:28:02 GMT+0200 2020 [INFO] Client said: 34: [null, "frn.buy", {cnt: 1, tpid: "wllGTch", pind: 1}]
Thu Jan 9 17:26:33 GMT+0200 2020 [INFO] Server said: 34: ["b.inslv", {inslv: 5000}]
Thu Jan 9 17:26:32 GMT+0200 2020 [INFO] Server said: 34: ["ntf.res", {res: {gld: 10550, enrg: 500, emd: 0, slvr: 15000}}]
Thu Jan 9 17:26:32 GMT+0200 2020 [INFO] Client said: 34: [null, "b.bs", {gld: 50}]
Thu Jan 9 17:26:29 GMT+0200 2020 [INFO] Server said: 34: ["b.ingld", {ingld: 1500}]
Thu Jan 9 17:26:29 GMT+0200 2020 [INFO] Server said: 34: ["ntf.res", {res: {gld: 10600, enrg: 500, emd: 0, slvr: 10000}}]
Thu Jan 9 17:26:29 GMT+0200 2020 [INFO] [YandexMetrics.reachGoal] Call reach goal 'click_buy_product' for counter 31321471
Thu Jan 9 17:26:29 GMT+0200 2020 [INFO] Client said: 34: [null, "b.chkprchs", {pmnt: null, prid: "pack1500", qnt: 1}]
Thu Jan 9 17:26:28 GMT+0200 2020 [INFO] [YandexMetrics.reachGoal] Call reach goal 'show_payment_dialog' for counter 31321471
Thu Jan 9 17:26:26 GMT+0200 2020 [INFO] Server said: 34: ["b.ingld", {ingld: 1500}]
Thu Jan 9 17:26:26 GMT+0200 2020 [INFO] Server said: 34: ["ntf.res", {res: {gld: 9100, enrg: 500, emd: 0, slvr: 10000}}]
Thu Jan 9 17:26:25 GMT+0200 2020 [INFO] [YandexMetrics.reachGoal] Call reach goal 'click_buy_product' for counter 31321471
Thu Jan 9 17:26:25 GMT+0200 2020 [INFO] Client said: 34: [null, "b.chkprchs", {pmnt: null, prid: "pack1500", qnt: 1}]
Thu Jan 9 17:26:25 GMT+0200 2020 [INFO] [YandexMetrics.reachGoal] Call reach goal 'show_payment_dialog' for counter 31321471
Thu Jan 9 17:26:23 GMT+0200 2020 [INFO] Server said: 34: ["b.ingld", {ingld: 1500}]
Thu Jan 9 17:26:23 GMT+0200 2020 [INFO] Server said: 34: ["ntf.res", {res: {gld: 7600, enrg: 500, emd: 0, slvr: 10000}}]
Thu Jan 9 17:26:23 GMT+0200 2020 [INFO] [YandexMetrics.reachGoal] Call reach goal 'click_buy_product' for counter 31321471
Thu Jan 9 17:26:23 GMT+0200 2020 [INFO] Client said: 34: [null, "b.chkprchs", {pmnt: null, prid: "pack1500", qnt: 1}]
Thu Jan 9 17:26:22 GMT+0200 2020 [INFO] [YandexMetrics.reachGoal] Call reach goal 'show_payment_dialog' for counter 31321471
Thu Jan 9 17:26:20 GMT+0200 2020 [INFO] Server said: 34: ["b.ingld", {ingld: 1500}]
Thu Jan 9 17:26:20 GMT+0200 2020 [INFO] Server said: 34: ["ntf.res", {res: {gld: 6100, enrg: 500, emd: 0, slvr: 10000}}]
Thu Jan 9 17:26:20 GMT+0200 2020 [INFO] [YandexMetrics.reachGoal] Call reach goal 'click_buy_product' for counter 31321471
Thu Jan 9 17:26:20 GMT+0200 2020 [INFO] Client said: 34: [null, "b.chkprchs", {pmnt: null, prid: "pack1500", qnt: 1}]
Thu Jan 9 17:26:18 GMT+0200 2020 [INFO] [YandexMetrics.reachGoal] Call reach goal 'show_payment_dialog' for counter 31321471
Thu Jan 9 17:26:17 GMT+0200 2020 [INFO] Server said: 34: ["b.ingld", {ingld: 1500}]
Thu Jan 9 17:26:16 GMT+0200 2020 [INFO] Server said: 34: ["ntf.res", {res: {gld: 4600, enrg: 500, emd: 0, slvr: 10000}}]
Thu Jan 9 17:26:16 GMT+0200 2020 [INFO] [YandexMetrics.reachGoal] Call reach goal 'click_buy_product' for counter 31321471