ClientError: Thu Jan 9 17:26:44 GMT+0300 2020 [CRITICAL] [house] *Uncaught Error* ErrorId: 1009 ErrorName: TypeError ErrorMessage:Error #1009 ErrorStackTrace:TypeError: Error #1009
	at _-3t9::UserRatingBaseTopPanel/_-wZ()
	at _-3t9::UserRatingBaseTopPanel/update()
	at _-3t9::UserRatingBaseTopPanel/set dataProvider()
	at _-4Jz::_-2U7/_-20p()
	at MethodInfo-8()
	at _-1El::PlayersManager/_-3Q-()
	at flash.events::EventDispatcher/dispatchEvent()
	at _-37q::_-G5/_-1Ef()
	at flash.events::EventDispatcher/dispatchEvent()
	at ags::_-2t/_-2dI()
	at flash.events::EventDispatcher/dispatchEvent()
	at _-0en::_-0O8/_-1LF()
	at _-0en::_-0O8/execute()
	at ags::AGSClient/_-0i9()
	at ags::AGSClient/_-2ZF()
	at ags::AGSClient/_-2Ea()
Thu Jan 9 17:26:44 GMT+0300 2020 [INFO] Server said: 34: ["pl.get", {plrs: [{uid: "39", usrinf: {rl: 0}, apprnc: {nct: 0, sc: 1, brc: 6, hc: 7, pt: 0, rc: 1, rg: 0, fft: 9, bt: 0, g: 2, fac: 1, bc: 1, shc: 1, ss: 0, ht: 83, pc: 1, mc: 31, n: "овца", et: 34, mt: 7, fat: 0, brt: 9, ssc: 1, sh: 25, ec: 6}, mbm: {sk: "blackMobileSkin", ac: null}, ci: {gtrfrd: 0, exp: 85800, strfrd: 0, vsexp: 1965298000, skid: null, crt: 71509, skrt: 0, rtrtm: 0, vsact: true, rpt: 0, vret: 0, hrt: 600374, kyktid: null, vfgc: 0, vip: true, bcld: 0, sbid: null, ceid: 0, sbrt: 0, cmid: 0, gdc: 0, actrt: 0, dr: true, pamns: {amn: []}, spp: 0, compid: 0, fexp: 0, lgt: 0, actrp: 0, actrd: 0, trid: null, shousd: false, ys: 0, trcd: 0, tts: null, as: null, eml: null, vexp: 1965298000, lvt: 1578579626, crst: 0, plcmt: {}, ysct: 0, lrnt: 0, fak: null, shcr: true, lwts: 0}, clths: {clths: [{clid: null, tpid: "grlGlsPrfClr"}, {clid: null, tpid: "girlBtsAlice"}, {clid: null, tpid: "girlJcktNY20Emr"}, {clid: null, tpid: "gPslnTop1"}, {clid: null, tpid: "girlNY1"}, {clid: null, tpid: "grlAprChrStc"}, {clid: null, tpid: "girlSktDmn"}]}, pf: {pf: {vsgst: {tp: "vsgst", l: 20, pgs: 0}, jntr: {tp: "jntr", l: 20, pgs: 0}, phtghr: {tp: "phtghr", l: 20, pgs: 0}, grdnr: {tp: "grdnr", l: 20, pgs: 0}}}}, {uid: "14", usrinf: {rl: 0}, apprnc: {nct: 0, sc: 1, brc: 7, hc: 1, pt: 0, rc: 1, rg: 0, fft: 7, bt: 0, g: 2, fac: 1, bc: 1, shc: 13, ss: 0, ht: 123, pc: 1, mc: 15, n: "мастурбация", et: 37, mt: 31, fat: 0, brt: 23, ssc: 1, sh: 20, ec: 23}, mbm: {sk: "blackMobileSkin", ac: null}, ci: {gtrfrd: 0, exp: 85800, strfrd: 0, vsexp: 1965298000, skid: null, crt: 20930, skrt: 0, rtrtm: 0, vsact: true, rpt: 0, vret: 0, hrt: 413116, kyktid: null, vfgc: 0, vip: true, bcld: 0, sbid: null, ceid: 0, sbrt: 0, cmid: 0, gdc: 0, actrt: 0, dr: true, pamns: {amn: []}, spp: 0, compid: 0, fexp: 0, lgt: 0, actrp: 0, actrd: 0, trid: null, shousd: false, ys: 0, trcd: 0, tts: null, as: null, eml: null, vexp: 1965298000, lvt: 1578578349, crst: 0, plcmt: {}, ysct: 0, lrnt: 0, fak: null, shcr: true, lwts: 0}, clths: {clths: [{clid: null, tpid: "girlErrWnt19Pnk"}, {clid: "18", tpid: "girlJcktNYElgnc"}, {clid: null, tpid: "gFRY14Rim2"}, {clid: "18", tpid: "girlBtsRbbt"}, {clid: "18", tpid: "girlTShrtNYElgnc"}, {clid: "18", tpid: "girlPntsNYElgnc"}]}, pf: {pf: {vsgst: {tp: "vsgst", l: 20, pgs: 0}, jntr: {tp: "jntr", l: 20, pgs: 0}, phtghr: {tp: "phtghr", l: 20, pgs: 0}, grdnr: {tp: "grdnr", l: 20, pgs: 0}}}}, {uid: "70", usrinf: {rl: 0}, apprnc: {nct: 0, sc: 4, brc: 5, hc: 3, pt: 0, rc: 1, rg: 0, fft: 0, bt: 0, g: 2, fac: 1, bc: 1, shc: 1, ss: 0, ht: 125, pc: 1, mc: 2, n: "я тупая", et: 2, mt: 5, fat: 0, brt: 4, ssc: 1, sh: 0, ec: 5}, mbm: {sk: "blackMobileSkin", ac: null}, ci: {gtrfrd: 0, exp: 85800, strfrd: 0, vsexp: 1965298000, skid: null, crt: 6295, skrt: 0, rtrtm: 0, vsact: true, rpt: 0, vret: 0, hrt: 251420, kyktid: null, vfgc: 0, vip: true, bcld: 0, sbid: null, ceid: 0, sbrt: 0, cmid: 0, gdc: 0, actrt: 0, dr: true, pamns: {amn: []}, spp: 0, compid: 0, fexp: 0, lgt: 0, actrp: 0, actrd: 0, trid: "freelanceSupport", shousd: false, ys: 0, trcd: 0, tts: null, as: null, eml: null, vexp: 1965298000, lvt: 1578578815, crst: 0, plcmt: {}, ysct: 0, lrnt: 0, fak: null, shcr: true, lwts: 0}, clths: {clths: [{clid: null, tpid: "girlNcklFrog"}, {clid: null, tpid: "grlAprChrMst"}, {clid: null, tpid: "grlIvyHlm"}, {clid: null, tpid: "girlTShrtFrog"}, {clid: null, tpid: "grlAprChrShs"}, {clid: null, tpid: "grlAprChrOvr"}, {clid: null, tpid: "girlPntsFrog"}, {clid: null, tpid: "grlAprChrHat"}, {clid: null, tpid: "grlAprChrStc"}]}, pf: {pf: {vsgst: {tp: "vsgst", l: 20, pgs: 0}, jntr: {tp: "jntr", l: 20, pgs: 0}, phtghr: {tp: "phtghr", l: 20, pgs: 0}, grdnr: {tp: "grdnr", l: 20, pgs: 0}}}}, {uid: "71", usrinf: {rl: 0}, apprnc: {nct: 0, sc: 1, brc: 1, hc: 7, pt: 0, rc: 1, rg: 0, fft: 0, bt: 0, g: 2, fac: 1, bc: 1, shc: 1, ss: 0, ht: 18, pc: 1, mc: 5, n: "фууууу,стрём", et: 19, mt: 14, fat: 0, brt: 13, ssc: 1, sh: 22, ec: 6}, mbm: {sk: "blackMobileSkin", ac: null}, ci: {gtrfrd: 0, exp: 85800, strfrd: 0, vsexp: 1965298000, skid: null, crt: 610, skrt: 0, rtrtm: 0, vsact: true, rpt: 0, vret: 0, hrt: 240220, kyktid: null, vfgc: 0, vip: true, bcld: 0, sbid: null, ceid: 0, sbrt: 0, cmid: 0, gdc: 0, actrt: 0, dr: true, pamns: {amn: []}, spp: 0, compid: 0, fexp: 0, lgt: 0, actrp: 0, actrd: 0, trid: null, shousd: false, ys: 0, trcd: 0, tts: null, as: null, eml: null, vexp: 1965298000, lvt: 1578579733, crst: 0, plcmt: {}, ysct: 0, lrnt: 0, fak: null, shcr: true, lwts: 0}, clths: {clths: [{clid: null, tpid: "girlNcklFrog"}, {clid: null, tpid: "girlTShrtFrog"}, {clid: null, tpid: "girlBtsFrog"}, {clid: null, tpid: "girlPntsFrog"}]}, pf: {pf: {vsgst: {tp: "vsgst", l: 20, pgs: 0}, jntr: {tp: "jntr", l: 20, pgs: 0}, phtghr: {tp: "phtghr", l: 20, pgs: 0}, grdnr: {tp: "grdnr", l: 20, pgs: 0}}}}, {uid: "64", usrinf: {rl: 0}, apprnc: {nct: 0, sc: 4, brc: 3, hc: 5, pt: 0, rc: 1, rg: 0, fft: 7, bt: 0, g: 2, fac: 1, bc: 1, shc: 1, ss: 0, ht: 132, pc: 1, mc: 29, n: "Goner 88", et: 17, mt: 14, fat: 0, brt: 29, ssc: 1, sh: 0, ec: 5}, mbm: {sk: "blackMobileSkin", ac: null}, ci: {gtrfrd: 0, exp: 85800, strfrd: 0, vsexp: 1965298000, skid: null, crt: 14203, skrt: 0, rtrtm: 0, vsact: true, rpt: 0, vret: 0, hrt: 121044, kyktid: null, vfgc: 0, vip: true, bcld: 0, sbid: null, ceid: 0, sbrt: 0, cmid: 0, gdc: 0, actrt: 0, dr: true, pamns: {amn: []}, spp: 0, compid: 0, fexp: 0, lgt: 0, actrp: 0, actrd: 0, trid: "freelanceModerator", shousd: false, ys: 0, trcd: 0, tts: null, as: null, eml: null, vexp: 1965298000, lvt: 1578578779, crst: 0, plcmt: {}, ysct: 0, lrnt: 0, fak: null, shcr: true, lwts: 0}, clths: {clths: [{clid: null, tpid: "grlIvyOvr"}, {clid: null, tpid: "anmGAnmErr"}, {clid: null, tpid: "grlHlwnVmpNckl"}, {clid: null, tpid: "grlIvyHlm"}, {clid: null, tpid: "grlHrlBts"}, {clid: null, tpid: "grlHlwnVmpGlv"}, {clid: null, tpid: "grlHrlHt"}, {clid: null, tpid: "grlHrlBat"}, {clid: null, tpid: "grlPrtBrcl"}, {clid: null, tpid: "grlHrlTSht"}, {clid: null, tpid: "grlHrlJkt"}, {clid: null, tpid: "grlHrlPnts"}]}, pf: {pf: {vsgst: {tp: "vsgst", l: 20, pgs: 0}, jntr: {tp: "jntr", l: 20, pgs: 0}, phtghr: {tp: "phtghr", l: 20, pgs: 0}, grdnr: {tp: "grdnr", l: 20, pgs: 0}}}}, {uid: "97", usrinf: {rl: 0}, apprnc: {nct: 0, sc: 1, brc: 2, hc: 12, pt: 0, rc: 1, rg: 0, fft: 0, bt: 0, g: 1, fac: 1, bc: 1, shc: 1, ss: 0, ht: 23, pc: 1, mc: 2, n: "Лунтик", et: 7, mt: 1, fat: 0, brt: 6, ssc: 1, sh: 0, ec: 2}, mbm: {sk: "blackMobileSkin", ac: null}, ci: {gtrfrd: 0, exp: 85800, strfrd: 0, vsexp: 1965298000, skid: null, crt: 1304, skrt: 0, rtrtm: 0, vsact: true, rpt: 0, vret: 0, hrt: 91173, kyktid: null, vfgc: 0, vip: true, bcld: 0, sbid: null, ceid: 0, sbrt: 0, cmid: 0, gdc: 0, actrt: 0, dr: true, pamns: {amn: []}, spp: 0, compid: 0, fexp: 0, lgt: 0, actrp: 0, actrd: 0, trid: "freelanceModerator", shousd: false, ys: 0, trcd: 0, tts: null, as: null, eml: null, vexp: 1965298000, lvt: 1578579778, crst: 0, plcmt: {}, ysct: 0, lrnt: 0, fak: null, shcr: true, lwts: 0}, clths: {clths: [{clid: null, tpid: "boyTrvlGls"}, {clid: null, tpid: "bNY16FCt"}, {clid: null, tpid: "boyShirt14"}, {clid: null, tpid: "boyNY15Hat"}, {clid: null, tpid: "boySMR14Sh3"}, {clid: null, tpid: "bSP14Gun"}, {clid: null, tpid: "boySMR14Pants2"}]}, pf: {pf: {vsgst: {tp: "vsgst", l: 20, pgs: 0}, jntr: {tp: "jntr", l: 20, pgs: 0}, phtghr: {tp: "phtghr", l: 20, pgs: 0}, grdnr: {tp: "grdnr", l: 20, pgs: 0}}}}, {uid: "80", usrinf: {rl: 0}, apprnc: {nct: 0, sc: 1, brc: 1, hc: 7, pt: 0, rc: 1, rg: 0, fft: 0, bt: 0, g: 2, fac: 1, bc: 1, shc: 1, ss: 0, ht: 125, pc: 1, mc: 2, n: "СЕМИЦВЕТИК", et: 36, mt: 7, fat: 0, brt: 29, ssc: 1, sh: 0, ec: 2}, mbm: {sk: "blackMobileSkin", ac: null}, ci: {gtrfrd: 0, exp: 85800, strfrd: 0, vsexp: 1965298000, skid: null, crt: 9252, skrt: 0, rtrtm: 0, vsact: true, rpt: 0, vret: 0, hrt: 65707, kyktid: null, vfgc: 0, vip: true, bcld: 0, sbid: null, ceid: 0, sbrt: 0, cmid: 0, gdc: 0, actrt: 0, dr: true, pamns: {amn: []}, spp: 0, compid: 0, fexp: 0, lgt: 0, actrp: 0, actrd: 0, trid: "freelanceVideo", shousd: false, ys: 0, trcd: 0, tts: null, as: null, eml: null, vexp: 1965298000, lvt: 1578579763, crst: 0, plcmt: {}, ysct: 0, lrnt: 0, fak: null, shcr: true, lwts: 0}, clths: {clths: [{clid: null, tpid: "girlBtsEstr19"}, {clid: null, tpid: "girlDrsHlwnCll"}]}, pf: {pf: {vsgst: {tp: "vsgst", l: 20, pgs: 0}, jntr: {tp: "jntr", l: 20, pgs: 0}, phtghr: {tp: "phtghr", l: 20, pgs: 0}, grdnr: {tp: "grdnr", l: 20, pgs: 0}}}}, {uid: "18", usrinf: {rl: 0}, apprnc: {nct: 0, sc: 1, brc: 2, hc: 7, pt: 0, rc: 1, rg: 0, fft: 0, bt: 0, g: 1, fac: 1, bc: 1, shc: 1, ss: 0, ht: 85, pc: 1, mc: 2, n: "ЧИТЕР 1 ЫЕ", et: 5, mt: 20, fat: 0, brt: 6, ssc: 1, sh: 0, ec: 3}, mbm: {sk: "blackMobileSkin", ac: null}, ci: {gtrfrd: 0, exp: 85800, strfrd: 0, vsexp: 1965298000, skid: null, crt: 1066, skrt: 0, rtrtm: 0, vsact: true, rpt: 0, vret: 0, hrt: 40174, kyktid: null, vfgc: 0, vip: true, bcld: 0, sbid: null, ceid: 0, sbrt: 0, cmid: 0, gdc: 0, actrt: 0, dr: true, pamns: {amn: []}, spp: 0, compid: 0, fexp: 0, lgt: 0, actrp: 0, actrd: 0, trid: "freelanceSupport", shousd: false, ys: 0, trcd: 0, tts: null, as: null, eml: null, vexp: 1965298000, lvt: 1578579325, crst: 0, plcmt: {}, ysct: 0, lrnt: 0, fak: null, shcr: true, lwts: 0}, clths: {clths: [{clid: null, tpid: "boyBgGlss"}, {clid: null, tpid: "boyBgPlv"}, {clid: null, tpid: "boyBgBag"}, {clid: null, tpid: "boyErrFrog"}, {clid: null, tpid: "boyBgBts"}, {clid: null, tpid: "boyBgPnts"}]}, pf: {pf: {vsgst: {tp: "vsgst", l: 20, pgs: 0}, jntr: {tp: "jntr", l: 20, pgs: 0}, phtghr: {tp: "phtghr", l: 20, pgs: 0}, grdnr: {tp: "grdnr", l: 20, pgs: 0}}}}, {uid: "55", usrinf: {rl: 0}, apprnc: {nct: 0, sc: 1, brc: 10, hc: 16, pt: 0, rc: 1, rg: 0, fft: 9, bt: 0, g: 2, fac: 1, bc: 1, shc: 1, ss: 0, ht: 33, pc: 1, mc: 29, n: "Морин очка", et: 31, mt: 31, fat: 0, brt: 30, ssc: 1, sh: 0, ec: 2}, mbm: {sk: "blackMobileSkin", ac: null}, ci: {gtrfrd: 0, exp: 85800,...
Thu Jan 9 17:26:38 GMT+0300 2020 [INFO] Client said: 34: [null, "a.clths.buy", {tpid: "girlNY20VKGiftPllvCnd", ctp: "casual", pind: 1}]
Thu Jan 9 17:26:26 GMT+0300 2020 [INFO] Client said: 34: [null, "pl.gid", {uids: ["39", "14", "70", "71", "64", "97", "80", "18", "55", "22"], clid: "userTop"}]
Thu Jan 9 17:26:23 GMT+0300 2020 [INFO] Server said: 34: ["b.ingld", {ingld: 1500}]
Thu Jan 9 17:26:23 GMT+0300 2020 [INFO] Server said: 34: ["ntf.res", {res: {gld: 15050, emd: 0, slvr: 15000, enrg: 500}}]
Thu Jan 9 17:26:22 GMT+0300 2020 [INFO] [YandexMetrics.reachGoal] Call reach goal 'click_buy_product' for counter 31321471
Thu Jan 9 17:26:22 GMT+0300 2020 [INFO] Client said: 34: [null, "b.chkprchs", {prid: "pack1500", qnt: 1, pmnt: null}]
Thu Jan 9 17:26:20 GMT+0300 2020 [INFO] [YandexMetrics.reachGoal] Call reach goal 'show_payment_dialog' for counter 31321471
Thu Jan 9 17:26:18 GMT+0300 2020 [INFO] Server said: 34: ["b.inslv", {inslv: 5000}]
Thu Jan 9 17:26:17 GMT+0300 2020 [INFO] Server said: 34: ["ntf.res", {res: {gld: 13550, emd: 0, slvr: 15000, enrg: 500}}]
Thu Jan 9 17:26:16 GMT+0300 2020 [INFO] Client said: 34: [null, "b.bs", {gld: 50}]
Thu Jan 9 17:26:12 GMT+0300 2020 [INFO] Server said: 34: ["b.ingld", {ingld: 1500}]
Thu Jan 9 17:26:11 GMT+0300 2020 [INFO] Server said: 34: ["ntf.res", {res: {gld: 13600, emd: 0, slvr: 10000, enrg: 500}}]
Thu Jan 9 17:26:11 GMT+0300 2020 [INFO] [YandexMetrics.reachGoal] Call reach goal 'click_buy_product' for counter 31321471
Thu Jan 9 17:26:11 GMT+0300 2020 [INFO] Client said: 34: [null, "b.chkprchs", {prid: "pack1500", qnt: 1, pmnt: null}]
Thu Jan 9 17:26:10 GMT+0300 2020 [INFO] [YandexMetrics.reachGoal] Call reach goal 'show_payment_dialog' for counter 31321471
Thu Jan 9 17:26:07 GMT+0300 2020 [INFO] Server said: 34: ["b.ingld", {ingld: 1500}]
Thu Jan 9 17:26:07 GMT+0300 2020 [INFO] Server said: 34: ["ntf.res", {res: {gld: 12100, emd: 0, slvr: 10000, enrg: 500}}]
Thu Jan 9 17:26:07 GMT+0300 2020 [INFO] Client said: 34: ["house_461_livingroom", "h.r.u", {uid: "461", x: 11.5, st: 23, y: 0.5, at: "", d: 0}]
Thu Jan 9 17:26:06 GMT+0300 2020 [INFO] [YandexMetrics.reachGoal] Call reach goal 'click_buy_product' for counter 31321471
Thu Jan 9 17:26:06 GMT+0300 2020 [INFO] Client said: 34: [null, "b.chkprchs", {prid: "pack1500", qnt: 1, pmnt: null}]
Thu Jan 9 17:26:05 GMT+0300 2020 [INFO] [YandexMetrics.reachGoal] Call reach goal 'show_payment_dialog' for counter 31321471
Thu Jan 9 17:26:04 GMT+0300 2020 [INFO] Client said: 34: ["house_461_livingroom", "h.r.m", {uid: "461", sx: 8.38, dx: 11.5, dy: 0.5, sy: 6.13}]
Thu Jan 9 17:25:54 GMT+0300 2020 [INFO] Server said: 34: ["b.ingld", {ingld: 1500}]
Thu Jan 9 17:25:54 GMT+0300 2020 [INFO] Server said: 34: ["ntf.res", {res: {gld: 10600, emd: 0, slvr: 10000, enrg: 500}}]
Thu Jan 9 17:25:54 GMT+0300 2020 [INFO] [YandexMetrics.reachGoal] Call reach goal 'click_buy_product' for counter 31321471
Thu Jan 9 17:25:54 GMT+0300 2020 [INFO] Client said: 34: [null, "b.chkprchs", {prid: "pack1500", qnt: 1, pmnt: null}]
Thu Jan 9 17:25:53 GMT+0300 2020 [INFO] [YandexMetrics.reachGoal] Call reach goal 'show_payment_dialog' for counter 31321471
Thu Jan 9 17:25:46 GMT+0300 2020 [INFO] Server said: 34: ["b.ingld", {ingld: 1500}]
Thu Jan 9 17:25:46 GMT+0300 2020 [INFO] Server said: 34: ["ntf.res", {res: {gld: 9100, emd: 0, slvr: 10000, enrg: 500}}]
Thu Jan 9 17:25:45 GMT+0300 2020 [INFO] [YandexMetrics.reachGoal] Call reach goal 'click_buy_product' for counter 31321471
Thu Jan 9 17:25:45 GMT+0300 2020 [INFO] Client said: 34: [null, "b.chkprchs", {prid: "pack1500", qnt: 1, pmnt: null}]
Thu Jan 9 17:25:43 GMT+0300 2020 [INFO] [YandexMetrics.reachGoal] Call reach goal 'show_payment_dialog' for counter 31321471
Thu Jan 9 17:25:41 GMT+0300 2020 [INFO] Server said: 34: ["b.ingld", {ingld: 1500}]
Thu Jan 9 17:25:41 GMT+0300 2020 [INFO] Server said: 34: ["ntf.res", {res: {gld: 7600, emd: 0, slvr: 10000, enrg: 500}}]
Thu Jan 9 17:25:40 GMT+0300 2020 [INFO] [YandexMetrics.reachGoal] Call reach goal 'click_buy_product' for counter 31321471
Thu Jan 9 17:25:40 GMT+0300 2020 [INFO] Client said: 34: [null, "b.chkprchs", {prid: "pack1500", qnt: 1, pmnt: null}]
Thu Jan 9 17:25:39 GMT+0300 2020 [INFO] [YandexMetrics.reachGoal] Call reach goal 'show_payment_dialog' for counter 31321471