ClientError: Thu Jan 9 20:17:20 GMT+0500 2020 [CRITICAL] *Uncaught Error* ErrorId: 1010 ErrorName: TypeError ErrorMessage:Error #1010 ErrorStackTrace:TypeError: Error #1010
	at _-1u9::URL/parse()
	at _-1u9::URL()
	at _-18R::LoadingItem()
	at _-18R::SWFLoadingItem()
	at _-0bS::MassLoader/add()
	at _-0bS::MassLoader/_-2R5()
	at flash.events::EventDispatcher/dispatchEvent()
	at _-18R::LoadingItem/_-1Iu()
	at _-18R::LoadingItem/onError()
	at _-18R::SWFLoadingItem/onError()
	at flash.events::EventDispatcher/dispatchEvent()
	at flash.net::URLLoader/onComplete()
Thu Jan 9 20:16:52 GMT+0500 2020 [INFO] Client said: 17: ["house_111_3"]
Thu Jan 9 20:16:42 GMT+0500 2020 [INFO] Server said: 34: ["b.ingld", {ingld: 1500}]
Thu Jan 9 20:16:42 GMT+0500 2020 [INFO] Server said: 34: ["ntf.res", {res: {gld: 19425, emd: 0, slvr: 5410, enrg: 500}}]
Thu Jan 9 20:16:41 GMT+0500 2020 [INFO] [YandexMetrics.reachGoal] Call reach goal 'click_buy_product' for counter 31321471
Thu Jan 9 20:16:41 GMT+0500 2020 [INFO] Client said: 34: [null, "b.chkprchs", {qnt: 1, pmnt: null, prid: "pack1500"}]
Thu Jan 9 20:16:39 GMT+0500 2020 [INFO] [YandexMetrics.reachGoal] Call reach goal 'show_payment_dialog' for counter 31321471
Thu Jan 9 20:16:36 GMT+0500 2020 [INFO] Server said: 34: ["b.ingld", {ingld: 1500}]
Thu Jan 9 20:16:36 GMT+0500 2020 [INFO] Server said: 34: ["ntf.res", {res: {gld: 17925, emd: 0, slvr: 5410, enrg: 500}}]
Thu Jan 9 20:16:35 GMT+0500 2020 [INFO] [YandexMetrics.reachGoal] Call reach goal 'click_buy_product' for counter 31321471
Thu Jan 9 20:16:35 GMT+0500 2020 [INFO] Client said: 34: [null, "b.chkprchs", {qnt: 1, pmnt: null, prid: "pack1500"}]
Thu Jan 9 20:16:33 GMT+0500 2020 [INFO] [YandexMetrics.reachGoal] Call reach goal 'show_payment_dialog' for counter 31321471
Thu Jan 9 20:16:31 GMT+0500 2020 [INFO] Client said: 34: ["house_111_3", "h.r.u", {x: 5.73, st: 23, y: 9.98, d: 4, uid: "111", at: ""}]
Thu Jan 9 20:16:30 GMT+0500 2020 [INFO] Client said: 34: ["house_111_3", "h.r.m", {dx: 5.73, sy: 9.44, sx: 5.42, uid: "111", dy: 9.98}]
Thu Jan 9 20:16:29 GMT+0500 2020 [INFO] Client said: 34: ["house_111_3", "h.r.m", {dx: 7.08, sy: 9.44, sx: 3.19, uid: "111", dy: 9.39}]
Thu Jan 9 20:16:26 GMT+0500 2020 [INFO] Server said: 34: ["b.ingld", {ingld: 1500}]
Thu Jan 9 20:16:26 GMT+0500 2020 [INFO] Server said: 34: ["ntf.res", {res: {gld: 16425, emd: 0, slvr: 5410, enrg: 500}}]
Thu Jan 9 20:16:26 GMT+0500 2020 [INFO] [YandexMetrics.reachGoal] Call reach goal 'click_buy_product' for counter 31321471
Thu Jan 9 20:16:26 GMT+0500 2020 [INFO] Client said: 34: [null, "b.chkprchs", {qnt: 1, pmnt: null, prid: "pack1500"}]
Thu Jan 9 20:16:24 GMT+0500 2020 [INFO] [YandexMetrics.reachGoal] Call reach goal 'show_payment_dialog' for counter 31321471
Thu Jan 9 20:16:20 GMT+0500 2020 [INFO] Server said: 34: ["b.ingld", {ingld: 1500}]
Thu Jan 9 20:16:20 GMT+0500 2020 [INFO] Server said: 34: ["ntf.res", {res: {gld: 14925, emd: 0, slvr: 5410, enrg: 500}}]
Thu Jan 9 20:16:20 GMT+0500 2020 [INFO] [YandexMetrics.reachGoal] Call reach goal 'click_buy_product' for counter 31321471
Thu Jan 9 20:16:20 GMT+0500 2020 [INFO] Client said: 34: [null, "b.chkprchs", {qnt: 1, pmnt: null, prid: "pack1500"}]
Thu Jan 9 20:16:18 GMT+0500 2020 [INFO] [YandexMetrics.reachGoal] Call reach goal 'show_payment_dialog' for counter 31321471
Thu Jan 9 20:16:15 GMT+0500 2020 [INFO] Server said: 34: ["b.ingld", {ingld: 1500}]
Thu Jan 9 20:16:15 GMT+0500 2020 [INFO] Server said: 34: ["ntf.res", {res: {gld: 13425, emd: 0, slvr: 5410, enrg: 500}}]
Thu Jan 9 20:16:15 GMT+0500 2020 [INFO] [YandexMetrics.reachGoal] Call reach goal 'click_buy_product' for counter 31321471
Thu Jan 9 20:16:15 GMT+0500 2020 [INFO] Client said: 34: [null, "b.chkprchs", {qnt: 1, pmnt: null, prid: "pack1500"}]
Thu Jan 9 20:16:13 GMT+0500 2020 [INFO] [YandexMetrics.reachGoal] Call reach goal 'show_payment_dialog' for counter 31321471
Thu Jan 9 20:16:09 GMT+0500 2020 [INFO] Server said: 34: ["b.ingld", {ingld: 1500}]
Thu Jan 9 20:16:08 GMT+0500 2020 [INFO] Server said: 34: ["ntf.res", {res: {gld: 11925, emd: 0, slvr: 5410, enrg: 500}}]
Thu Jan 9 20:16:08 GMT+0500 2020 [INFO] [YandexMetrics.reachGoal] Call reach goal 'click_buy_product' for counter 31321471
Thu Jan 9 20:16:08 GMT+0500 2020 [INFO] Client said: 34: [null, "b.chkprchs", {qnt: 1, pmnt: null, prid: "pack1500"}]
Thu Jan 9 20:16:05 GMT+0500 2020 [INFO] [YandexMetrics.reachGoal] Call reach goal 'show_payment_dialog' for counter 31321471
Thu Jan 9 20:15:57 GMT+0500 2020 [INFO] Client said: 34: ["house_111_3", "h.r.u", {x: 3.19, st: 23, y: 9.44, d: 6, uid: "111", at: ""}]
Thu Jan 9 20:15:53 GMT+0500 2020 [INFO] Client said: 34: ["house_111_3", "h.r.m", {dx: 3.19, sy: 8.02, sx: 9.77, uid: "111", dy: 9.44}]
Thu Jan 9 20:15:52 GMT+0500 2020 [INFO] Server said: 34: ["b.inslv", {inslv: 5000}]
Thu Jan 9 20:15:51 GMT+0500 2020 [INFO] Server said: 34: ["ntf.res", {res: {gld: 10425, emd: 0, slvr: 5410, enrg: 500}}]