ClientError: Thu Jan 9 16:07:43 GMT+0200 2020 [CRITICAL] [salon] *Uncaught Error* ErrorId: 1009 ErrorName: TypeError ErrorMessage:Error #1009 ErrorStackTrace:TypeError: Error #1009
	at _-0eV::RoomMemberContainer/addAvatar()
	at _-PQ::BaseRoomScreen/addAvatar()
	at _-PQ::BaseRoomScreen/onRefreshAvatar()
	at flash.events::EventDispatcher/dispatchEvent()
	at _-2CM::BaseRoomNetManager/onRefreshAvatar()
	at flash.events::EventDispatcher/dispatchEvent()
	at ags::_-2t/_-2dI()
	at flash.events::EventDispatcher/dispatchEvent()
	at _-0en::_-0O8/_-1LF()
	at _-0en::_-0O8/execute()
	at ags::AGSClient/_-0i9()
	at ags::AGSClient/_-2ZF()
	at ags::AGSClient/_-2Ea()
Thu Jan 9 16:07:43 GMT+0200 2020 [INFO] Server said: 34: ["o.r.ra", {plr: {pf: {pf: {vsgst: {pgs: 0, tp: "vsgst", l: 20}, jntr: {pgs: 0, tp: "jntr", l: 20}, phtghr: {pgs: 0, tp: "phtghr", l: 20}, grdnr: {pgs: 0, tp: "grdnr", l: 20}}}, usrinf: {rl: 0}, uid: "175", clths: {clths: [{clid: null, tpid: "girlBtsWnt19Brg"}, {clid: null, tpid: "girlJcktWnt19Brg"}, {clid: null, tpid: "girlGlssWnt19Brg"}, {clid: null, tpid: "girlDrssWnt19Brg"}, {clid: null, tpid: "girlBgWnt19Brg"}]}, locinfo: {l: "salon_sn1_1", at: "", pl: "", y: 2.45, st: 23, s: "127.0.0.1", x: 9.83, shlc: true, d: 4}, ci: {lvt: 1578578607, vfgc: 0, fak: null, crst: 0, gdc: 0, ceid: 0, pamns: {amn: []}, compid: 0, skid: null, shcr: true, lwts: 0, lgt: 0, cmid: 0, gtrfrd: 0, plcmt: {}, dr: true, rpt: 0, actrp: 0, actrd: 0, bcld: 0, strfrd: 0, ys: 0, shousd: false, spp: 0, rtrtm: 0, fexp: 0, vexp: 1965298000, tts: null, skrt: 0, vsexp: 1965298000, trcd: 0, kyktid: null, trid: "avaBirthdayTrophy2016", as: null, eml: null, actrt: 0, crt: 649, hrt: 224, vsact: true, exp: 85800, vret: 0, sbrt: 0, vip: true, sbid: null, lrnt: 0, ysct: 0}, mbm: {ac: null, sk: "blackMobileSkin"}, apprnc: {nct: 0, mc: 12, pc: 1, ss: 4, pt: 0, mt: 26, sc: 1, brt: 13, rc: 1, brc: 11, et: 7, ht: 104, g: 2, fac: 1, bt: 0, ec: 12, hc: 6, shc: 8, n: "Сериалы <3", fft: 0, rg: 0, bc: 1, ssc: 1, fat: 0, sh: 7}}}]
Thu Jan 9 16:07:43 GMT+0200 2020 [INFO] Client said: 34: ["salon_sn1_1", "o.r.info", {rid: "sn1"}]
Thu Jan 9 16:07:43 GMT+0200 2020 [INFO] Server said: 34: ["o.gr", {rid: "salon_sn1_1"}]
Thu Jan 9 16:07:43 GMT+0200 2020 [INFO] Server said: 16: ["salon_sn1_1", "295"]
Thu Jan 9 16:07:43 GMT+0200 2020 [INFO] Server said: 17: ["salon_sn1_1", "96"]
Thu Jan 9 16:07:43 GMT+0200 2020 [INFO] Server said: 34: ["o.r.lv", {uid: "96"}]
Thu Jan 9 16:07:43 GMT+0200 2020 [INFO] Server said: 34: ["o.r.jn", {plr: {pf: {pf: {vsgst: {pgs: 0, tp: "vsgst", l: 20}, jntr: {pgs: 0, tp: "jntr", l: 20}, phtghr: {pgs: 0, tp: "phtghr", l: 20}, grdnr: {pgs: 0, tp: "grdnr", l: 20}}}, usrinf: {rl: 0}, uid: "295", clths: {clths: [{clid: null, tpid: "boyShirt14"}, {clid: null, tpid: "boyScrfArths"}, {clid: null, tpid: "boyGlsArths"}, {clid: null, tpid: "boyPllvrArths"}, {clid: null, tpid: "boyPntsArths"}, {clid: null, tpid: "boyBtsArths"}]}, locinfo: {l: "salon_sn1_1", at: "", pl: "", y: -1, st: 0, s: "127.0.0.1", x: -1, shlc: true, d: 4}, ci: {lvt: 1578578815, vfgc: 0, fak: null, crst: 0, gdc: 0, ceid: 0, pamns: {amn: []}, compid: 0, skid: null, shcr: true, lwts: 0, lgt: 0, cmid: 0, gtrfrd: 0, plcmt: {}, dr: true, rpt: 0, actrp: 0, actrd: 0, bcld: 0, strfrd: 0, ys: 0, shousd: false, spp: 0, rtrtm: 0, fexp: 0, vexp: 1965298000, tts: null, skrt: 0, vsexp: 1965298000, trcd: 0, kyktid: null, trid: null, as: null, eml: null, actrt: 0, crt: 342, hrt: 174, vsact: true, exp: 85800, vret: 0, sbrt: 0, vip: true, sbid: null, lrnt: 0, ysct: 0}, mbm: {ac: null, sk: "blackMobileSkin"}, apprnc: {nct: 0, mc: 1, pc: 1, ss: 0, pt: 0, mt: 6, sc: 3, brt: 3, rc: 1, brc: 3, et: 19, ht: 2, g: 1, fac: 1, bt: 0, ec: 2, hc: 4, shc: 1, n: "я просто", fft: 0, rg: 0, bc: 1, ssc: 1, fat: 0, sh: 0}}}]
Thu Jan 9 16:07:41 GMT+0200 2020 [INFO] Server said: 34: ["o.r.ra", {plr: {pf: {pf: {vsgst: {pgs: 0, tp: "vsgst", l: 20}, jntr: {pgs: 0, tp: "jntr", l: 20}, phtghr: {pgs: 0, tp: "phtghr", l: 20}, grdnr: {pgs: 0, tp: "grdnr", l: 20}}}, usrinf: {rl: 0}, uid: "25", clths: {clths: [{clid: null, tpid: "boyBgWnt19Wht"}, {clid: null, tpid: "boyBtsSV19"}, {clid: null, tpid: "boyTShrtSV19"}, {clid: null, tpid: "boyPslnGloves1"}, {clid: null, tpid: "boyStrtBrcl"}, {clid: null, tpid: "boyPntsWnt19Yllw"}, {clid: null, tpid: "csl15BBrvErr"}, {clid: null, tpid: "boyFb23Hat"}, {clid: null, tpid: "csl15BBrvPdt"}, {clid: null, tpid: "boyGlsStrpd"}, {clid: null, tpid: "boyJcktSV19"}]}, locinfo: {l: "salon_sn1_1", at: "", pl: "", y: 12.2, st: 23, s: "127.0.0.1", x: 10.33, shlc: true, d: 4}, ci: {lvt: 1578578155, vfgc: 0, fak: null, crst: 0, gdc: 0, ceid: 0, pamns: {amn: []}, compid: 0, skid: null, shcr: true, lwts: 0, lgt: 0, cmid: 0, gtrfrd: 0, plcmt: {}, dr: true, rpt: 0, actrp: 0, actrd: 0, bcld: 0, strfrd: 0, ys: 0, shousd: false, spp: 0, rtrtm: 0, fexp: 0, vexp: 1965298000, tts: null, skrt: 0, vsexp: 1965298000, trcd: 0, kyktid: null, trid: null, as: null, eml: null, actrt: 0, crt: 5024, hrt: 916, vsact: true, exp: 85800, vret: 0, sbrt: 0, vip: true, sbid: null, lrnt: 0, ysct: 0}, mbm: {ac: null, sk: "blackMobileSkin"}, apprnc: {nct: 0, mc: 2, pc: 1, ss: 0, pt: 0, mt: 7, sc: 2, brt: 17, rc: 1, brc: 1, et: 7, ht: 55, g: 1, fac: 1, bt: 15, ec: 5, hc: 25, shc: 1, n: "Трусы", fft: 2, rg: 0, bc: 25, ssc: 1, fat: 0, sh: 0}}}]
Thu Jan 9 16:07:37 GMT+0200 2020 [INFO] Server said: 34: ["o.r.ra", {plr: {pf: {pf: {vsgst: {pgs: 0, tp: "vsgst", l: 20}, jntr: {pgs: 0, tp: "jntr", l: 20}, phtghr: {pgs: 0, tp: "phtghr", l: 20}, grdnr: {pgs: 0, tp: "grdnr", l: 20}}}, usrinf: {rl: 0}, uid: "175", clths: {clths: [{clid: null, tpid: "girlBtsWnt19Brg"}, {clid: null, tpid: "girlJcktWnt19Brg"}, {clid: null, tpid: "girlGlssWnt19Brg"}, {clid: null, tpid: "girlDrssWnt19Brg"}, {clid: null, tpid: "girlBgWnt19Brg"}]}, locinfo: {l: "salon_sn1_1", at: "", pl: "", y: 2.45, st: 23, s: "127.0.0.1", x: 9.83, shlc: true, d: 4}, ci: {lvt: 1578578607, vfgc: 0, fak: null, crst: 0, gdc: 0, ceid: 0, pamns: {amn: []}, compid: 0, skid: null, shcr: true, lwts: 0, lgt: 0, cmid: 0, gtrfrd: 0, plcmt: {}, dr: true, rpt: 0, actrp: 0, actrd: 0, bcld: 0, strfrd: 0, ys: 0, shousd: false, spp: 0, rtrtm: 0, fexp: 0, vexp: 1965298000, tts: null, skrt: 0, vsexp: 1965298000, trcd: 0, kyktid: null, trid: "avaBirthdayTrophy2016", as: null, eml: null, actrt: 0, crt: 649, hrt: 224, vsact: true, exp: 85800, vret: 0, sbrt: 0, vip: true, sbid: null, lrnt: 0, ysct: 0}, mbm: {ac: null, sk: "blackMobileSkin"}, apprnc: {nct: 0, mc: 12, pc: 1, ss: 4, pt: 0, mt: 26, sc: 1, brt: 13, rc: 1, brc: 11, et: 7, ht: 104, g: 2, fac: 1, bt: 0, ec: 12, hc: 6, shc: 8, n: "Сериалы <3", fft: 0, rg: 0, bc: 1, ssc: 1, fat: 0, sh: 7}}}]
Thu Jan 9 16:06:59 GMT+0200 2020 [INFO] Client said: 34: [null, "o.gr", {gid: "sn1", lid: "salon"}]
Thu Jan 9 16:06:59 GMT+0200 2020 [INFO] Server said: 1: ["295", true, false, false]
Thu Jan 9 16:06:40 GMT+0200 2020 [INFO] Client said: 1: ["street", "295", "qwNvMeErMSKUgIYCieZw", {clvrn: "84.0.4", v: 2}]
Thu Jan 9 16:06:38 GMT+0200 2020 [INFO] Client said: 2: []
Thu Jan 9 16:06:38 GMT+0200 2020 [INFO] Loaded  LoadingItem(url: http://62.113.113.58:8080/files/swf/Salon_1fe14ef0cdf189794ef74d591993d3f5.swf, status: 2) 
Thu Jan 9 16:06:37 GMT+0200 2020 [INFO] Client said: 17: ["house_295_livingroom"]
Thu Jan 9 16:06:34 GMT+0200 2020 [INFO] Server said: 34: ["ev.gse", {}]
Thu Jan 9 16:06:33 GMT+0200 2020 [INFO] Server said: 34: ["ev.get", {c: -1, evlst: [{c: 0, ci: 0, r: 8, l: "livingroom", ac: false, ft: 1578579314, tt: "УБУБУБУБ ВСЕМ КУ", lg: 30, fo: false, uid: "25", st: 1578577514, id: 25, tp: 0, ml: 1, ds: "УРА", unm: "Трусы"}, {c: 0, ci: 0, r: 8, l: "street_s1e", ac: false, ft: 1578585457, tt: "Пары :)", lg: 30, fo: false, uid: "14", st: 1578578257, id: 14, tp: 1, ml: 1, ds: "тоже ищу, не важен пол :)", unm: "мастурбация"}, {c: 0, ci: 0, r: 8, l: "club_cl1e", ac: false, ft: 1578585845, tt: "КТО С БЕСЕДЫ СЮАД", lg: 30, fo: false, uid: "102", st: 1578578645, id: 102, tp: 1, ml: 1, ds: "ЫААЫАЫАЫ", unm: "Никита"}, {c: 0, ci: 0, r: 8, l: "park_p1e", ac: false, ft: 1578585975, tt: "ищу др)", lg: 30, fo: false, uid: "70", st: 1578578775, id: 70, tp: 1, ml: 1, ds: ")", unm: "я тупая"}], tg: ""}]
Thu Jan 9 16:06:32 GMT+0200 2020 [INFO] Client said: 34: [null, "ev.gse", {}]
Thu Jan 9 16:06:32 GMT+0200 2020 [INFO] Client said: 34: [null, "ev.get", {c: -1, fof: false, tg: ""}]
Thu Jan 9 16:06:30 GMT+0200 2020 [INFO] Client said: 34: ["house_295_livingroom", "h.r.u", {x: 4.42, uid: "295", y: 6.42, st: 23, at: "", d: 3}]
Thu Jan 9 16:06:29 GMT+0200 2020 [INFO] Client said: 34: ["house_295_livingroom", "h.r.m", {dy: 6.42, uid: "295", sx: 3.69, sy: 5.44, dx: 4.42}]
Thu Jan 9 16:06:28 GMT+0200 2020 [INFO] Server said: 34: ["h.r.ra", {plr: {pf: {pf: {vsgst: {pgs: 0, tp: "vsgst", l: 20}, jntr: {pgs: 0, tp: "jntr", l: 20}, phtghr: {pgs: 0, tp: "phtghr", l: 20}, grdnr: {pgs: 0, tp: "grdnr", l: 20}}}, usrinf: {rl: 0}, uid: "295", clths: {clths: [{clid: null, tpid: "boyShirt14"}, {clid: null, tpid: "boyScrfArths"}, {clid: null, tpid: "boyGlsArths"}, {clid: null, tpid: "boyPllvrArths"}, {clid: null, tpid: "boyPntsArths"}, {clid: null, tpid: "boyBtsArths"}]}, locinfo: {l: "house_295_livingroom", at: "", pl: "", y: 5.44, st: 23, s: "127.0.0.1", x: 3.69, shlc: true, d: 4}, ci: {lvt: 1578578540, vfgc: 0, fak: null, crst: 0, gdc: 0, ceid: 0, pamns: {amn: []}, compid: 0, skid: null, shcr: true, lwts: 0, lgt: 0, cmid: 0, gtrfrd: 0, plcmt: {}, dr: true, rpt: 0, actrp: 0, actrd: 0, bcld: 0, strfrd: 0, ys: 0, shousd: false, spp: 0, rtrtm: 0, fexp: 0, vexp: 1965298000, tts: null, skrt: 0, vsexp: 1965298000, trcd: 0, kyktid: null, trid: null, as: null, eml: null, actrt: 0, crt: 342, hrt: 174, vsact: true, exp: 85800, vret: 0, sbrt: 0, vip: true, sbid: null, lrnt: 0, ysct: 0}, mbm: {ac: null, sk: "blackMobileSkin"}, apprnc: {nct: 0, mc: 1, pc: 1, ss: 0, pt: 0, mt: 6, sc: 3, brt: 3, rc: 1, brc: 3, et: 19, ht: 2, g: 1, fac: 1, bt: 0, ec: 2, hc: 4, shc: 1, n: "я просто", fft: 0, rg: 0, bc: 1, ssc: 1, fat: 0, sh: 0}}}]
Thu Jan 9 16:06:27 GMT+0200 2020 [INFO] Client said: 34: ["house_295_livingroom", "h.r.ra", {}]
Thu Jan 9 16:06:27 GMT+0200 2020 [INFO] Server said: 34: ["a.clths.buy", {inv: {c: {act: {id: "act", it: []}, frn: {id: "frn", it: []}, lt: {id: "lt", it: []}, gm: {id: "gm", it: [{c: 1, iid: "", tid: "blackMobileSkin"}]}, cls: {id: "cls", it: [{c: 1, iid: "", tid: "boyUnderdress1"}, {c: 1, iid: "", tid: "boyShoes8"}, {c: 1, iid: "", tid: "boyPants10"}]}}}, res: {enrg: 500, slvr: 10000, emd: 0, gld: 1471}, ccltn: {cn: "", ctp: "casual", cct: ["boyShirt14", "boyScrfArths", "boyGlsArths", "boyPllvrArths", "boyPntsArths", "boyBtsArths"]}, crt: 342, clths: {clths: [{clid: null, tpid: "boyShirt14"}, {clid: null, tpid: "boyScrfArths"}, {clid: null, tpid: "boyGlsArths"}, {clid: null, tpid: "boyPllvrArths"}, {clid: null, tpid: "boyPntsArths"}, {clid: null, tpid: "boyBtsArths"}]}}]
Thu Jan 9 16:06:18 GMT+0200 2020 [INFO] Client said: 34: [null, "a.clths.bst", {ctp: "casual", pind: 1, tpid: "boyArthsSet"}]
Thu Jan 9 16:05:57 GMT+0200 2020 [INFO] Server said: 34: ["pl.gos", {clid: "online", onl: {}}]
Thu Jan 9 16:05:57 GMT+0200 2020 [INFO] Client said: 34: [null, "pl.gos", {clid: "online", uids: []}]
Thu Jan 9 16:05:54 GMT+0200 2020 [INFO] Server said: 34: ["b.ingld", {ingld: 1500}]
Thu Jan 9 16:05:54 GMT+0200 2020 [INFO] [YandexMetrics.onCounterInit] Yandex metrics counter 31321471 inited
Thu Jan 9 16:05:54 GMT+0200 2020 [INFO] [YandexMetrics.reachGoal] Call reach goal 'click_buy_product' for counter 31321471
Thu Jan 9 16:05:54 GMT+0200 2020 [INFO] [YandexMetrics.reachGoal] Call reach goal 'show_payment_dialog' for counter 31321471
Thu Jan 9 16:05:54 GMT+0200 2020 [INFO] Server said: 34: ["ntf.res", {res: {enrg: 500, slvr: 10000, emd: 0, gld: 1600}}]
Thu Jan 9 16:05:53 GMT+0200 2020 [INFO] Client said: 34: [null, "b.chkprchs", {qnt: 1, prid: "pack1500", pmnt: null}]
Thu Jan 9 16:05:52 GMT+0200 2020 [INFO] Server said: 34: ["spt.init", {a: false}]
Thu Jan 9 16:05:52 GMT+0200 2020 [INFO] [YandexMetrics.initCounter] Try to init Yandex metrics counter 31321471
Thu Jan 9 16:05:52 GMT+0200 2020 [INFO] Client said: 34: [null, "spt.init", {}]
Thu Jan 9 16:05:51 GMT+0200 2020 [INFO] Client said: 34: ["house_295_livingroom", "h.r.u", {x: 3.69, uid: "295", y: 5.44, st: 23, at: "", d: 5}]
Thu Jan 9 16:05:50 GMT+0200 2020 [INFO] Client said: 34: ["house_295_livingroom", "h.r.m", {dy: 5.44, uid: "295", sx: 5.81, sy: 3.33, dx: 3.69}]