ClientError: Thu Jan 9 17:34:42 GMT+0300 2020 [CRITICAL] [house] *Uncaught Error* ErrorId: 1009 ErrorName: TypeError ErrorMessage:Error #1009 ErrorStackTrace:TypeError: Error #1009
	at MethodInfo-2()
	at flash.events::EventDispatcher/dispatchEvent()
	at _-jr::FurnitureLoader/_-2qc()
	at flash.events::EventDispatcher/dispatchEvent()
	at _-0bS::MassLoader/_-4Ql()
	at _-0bS::MassLoader/_-WZ()
	at flash.events::EventDispatcher/dispatchEvent()
	at _-18R::LoadingItem/onComplete()
	at _-18R::SWFLoadingItem/onComplete()
	at MethodInfo-7()
	at MethodInfo-3593()
	at SetIntervalTimer/onTimer()
	at flash.utils::Timer/tick()
Thu Jan 9 17:34:42 GMT+0300 2020 [INFO] Loaded  LoadingItem(url: http://62.113.113.58:8080/files/swf/furniture/house/WindowTropicalBedroom.swf, status: 2) 
Thu Jan 9 17:34:00 GMT+0300 2020 [INFO] Server said: 34: ["ntf.res", {res: {slvr: 0, enrg: 500, gld: 7507, emd: 0}}]
Thu Jan 9 17:34:00 GMT+0300 2020 [INFO] Server said: 34: ["ntf.inv", {it: {tid: "prtrFlr", c: 1, iid: ""}}]
Thu Jan 9 17:33:56 GMT+0300 2020 [INFO] Client said: 34: [null, "frn.buy", {tpid: "prtrFlr", pind: 1, cnt: 1}]
Thu Jan 9 17:33:45 GMT+0300 2020 [INFO] Server said: 34: ["ntf.res", {res: {slvr: 0, enrg: 500, gld: 7549, emd: 0}}]
Thu Jan 9 17:33:45 GMT+0300 2020 [INFO] Server said: 34: ["ntf.inv", {it: {tid: "NY20Wllppr", c: 1, iid: ""}}]
Thu Jan 9 17:33:43 GMT+0300 2020 [INFO] Client said: 34: [null, "frn.buy", {tpid: "NY20Wllppr", pind: 1, cnt: 1}]
Thu Jan 9 17:32:39 GMT+0300 2020 [INFO] Server said: 34: ["b.ingld", {ingld: 1500}]
Thu Jan 9 17:32:39 GMT+0300 2020 [INFO] Server said: 34: ["ntf.res", {res: {slvr: 0, enrg: 500, gld: 7604, emd: 0}}]
Thu Jan 9 17:32:38 GMT+0300 2020 [INFO] [YandexMetrics.reachGoal] Call reach goal 'click_buy_product' for counter 31321471
Thu Jan 9 17:32:38 GMT+0300 2020 [INFO] Client said: 34: [null, "b.chkprchs", {prid: "pack1500", pmnt: null, qnt: 1}]
Thu Jan 9 17:32:36 GMT+0300 2020 [INFO] [YandexMetrics.reachGoal] Call reach goal 'show_payment_dialog' for counter 31321471
Thu Jan 9 17:32:33 GMT+0300 2020 [INFO] Server said: 34: ["b.ingld", {ingld: 1500}]
Thu Jan 9 17:32:33 GMT+0300 2020 [INFO] Server said: 34: ["ntf.res", {res: {slvr: 0, enrg: 500, gld: 6104, emd: 0}}]
Thu Jan 9 17:32:26 GMT+0300 2020 [INFO] [YandexMetrics.reachGoal] Call reach goal 'click_buy_product' for counter 31321471
Thu Jan 9 17:32:26 GMT+0300 2020 [INFO] Client said: 34: [null, "b.chkprchs", {prid: "pack1500", pmnt: null, qnt: 1}]
Thu Jan 9 17:32:24 GMT+0300 2020 [INFO] [YandexMetrics.reachGoal] Call reach goal 'show_payment_dialog' for counter 31321471
Thu Jan 9 17:32:21 GMT+0300 2020 [INFO] Server said: 34: ["b.ingld", {ingld: 1500}]
Thu Jan 9 17:32:21 GMT+0300 2020 [INFO] Server said: 34: ["ntf.res", {res: {slvr: 0, enrg: 500, gld: 4604, emd: 0}}]
Thu Jan 9 17:32:20 GMT+0300 2020 [INFO] [YandexMetrics.reachGoal] Call reach goal 'click_buy_product' for counter 31321471
Thu Jan 9 17:32:20 GMT+0300 2020 [INFO] Client said: 34: [null, "b.chkprchs", {prid: "pack1500", pmnt: null, qnt: 1}]
Thu Jan 9 17:32:18 GMT+0300 2020 [INFO] [YandexMetrics.reachGoal] Call reach goal 'show_payment_dialog' for counter 31321471
Thu Jan 9 17:32:16 GMT+0300 2020 [INFO] Server said: 34: ["b.ingld", {ingld: 1500}]
Thu Jan 9 17:32:16 GMT+0300 2020 [INFO] Server said: 34: ["ntf.res", {res: {slvr: 0, enrg: 500, gld: 3104, emd: 0}}]
Thu Jan 9 17:32:15 GMT+0300 2020 [INFO] [YandexMetrics.reachGoal] Call reach goal 'click_buy_product' for counter 31321471
Thu Jan 9 17:32:15 GMT+0300 2020 [INFO] Client said: 34: [null, "b.chkprchs", {prid: "pack1500", pmnt: null, qnt: 1}]
Thu Jan 9 17:32:13 GMT+0300 2020 [INFO] [YandexMetrics.reachGoal] Call reach goal 'show_payment_dialog' for counter 31321471
Thu Jan 9 17:31:55 GMT+0300 2020 [INFO] Server said: 34: ["h.r.ra", {plr: {pf: {pf: {vsgst: {tp: "vsgst", pgs: 0, l: 20}, grdnr: {tp: "grdnr", pgs: 0, l: 20}, jntr: {tp: "jntr", pgs: 0, l: 20}, phtghr: {tp: "phtghr", pgs: 0, l: 20}}}, ci: {ceid: 0, lvt: 1578578643, actrt: 0, trid: null, crt: 4280, plcmt: {}, lrnt: 0, actrd: 0, actrp: 0, ys: 0, rtrtm: 0, skid: null, fexp: 0, crst: 0, sbrt: 0, cmid: 0, vsexp: 1965298000, shousd: false, hrt: 374, shcr: true, vret: 0, kyktid: null, vexp: 1965298000, as: null, gtrfrd: 0, sbid: null, vsact: true, bcld: 0, lgt: 0, vfgc: 0, pamns: {amn: []}, trcd: 0, tts: null, compid: 0, fak: null, ysct: 0, lwts: 0, rpt: 0, gdc: 0, strfrd: 0, exp: 85800, eml: null, vip: true, skrt: 0, spp: 0, dr: true}, usrinf: {rl: 0}, clths: {clths: [{tpid: "boyBgWnt19Wht", clid: null}, {tpid: "boyKgrmDr", clid: null}, {tpid: "boyTShrtWnt19Yllw", clid: null}, {tpid: "boyBtsHsk", clid: null}, {tpid: "boyPntsNY20Gld", clid: null}, {tpid: "boyHdbndDr", clid: null}, {tpid: "boyGlsStrpd", clid: null}, {tpid: "boyJcktStrpd", clid: null}]}, apprnc: {fft: 0, pc: 1, hc: 7, sc: 1, ec: 3, ht: 89, ssc: 1, g: 1, fac: 1, shc: 1, brt: 4, bc: 1, n: "BRAZZERS", et: 3, mc: 1, pt: 0, mt: 21, rc: 1, brc: 1, ss: 0, bt: 0, sh: 0, fat: 0, rg: 0, nct: 0}, mbm: {sk: "blackMobileSkin", ac: null}, uid: "210", locinfo: {x: 4.47, s: "127.0.0.1", at: "", y: 7.16, pl: "", st: 23, d: 4, l: "house_210_livingroom", shlc: true}}}]
Thu Jan 9 17:31:52 GMT+0300 2020 [INFO] Client said: 34: ["house_210_livingroom", "h.r.ra", {}]
Thu Jan 9 17:31:52 GMT+0300 2020 [INFO] Server said: 34: ["a.clths.buy", {ccltn: {ctp: "casual", cct: ["boyBgWnt19Wht", "boyKgrmDr", "boyTShrtWnt19Yllw", "boyBtsHsk", "boyPntsNY20Gld", "boyHdbndDr", "boyGlsStrpd", "boyJcktStrpd"], cn: ""}, inv: {c: {act: {id: "act", it: []}, frn: {id: "frn", it: []}, gm: {id: "gm", it: [{tid: "blackMobileSkin", c: 1, iid: ""}]}, lt: {id: "lt", it: []}, cls: {id: "cls", it: [{tid: "boyUnderdress1", c: 1, iid: ""}, {tid: "boyShirt14", c: 1, iid: ""}, {tid: "boyPants10", c: 1, iid: ""}, {tid: "boyShoes8", c: 1, iid: ""}, {tid: "boyHdbndUncrn", c: 1, iid: ""}, {tid: "boyKgrmUncrn", c: 1, iid: ""}, {tid: "boyTShrtStrpd", c: 1, iid: ""}, {tid: "boyPntsStrpd", c: 1, iid: ""}, {tid: "boyPntsFrog", c: 1, iid: ""}, {tid: "boyBtsStrpd", c: 1, iid: ""}, {tid: "boySP14Bts", c: 1, iid: ""}, {tid: "boyBtsHp", c: 1, iid: ""}, {tid: "bSP14Gun", c: 1, iid: ""}, {tid: "boyDcrDmnHnt", c: 1, iid: ""}]}}}, clths: {clths: [{tpid: "boyBgWnt19Wht", clid: null}, {tpid: "boyKgrmDr", clid: null}, {tpid: "boyTShrtWnt19Yllw", clid: null}, {tpid: "boyBtsHsk", clid: null}, {tpid: "boyPntsNY20Gld", clid: null}, {tpid: "boyHdbndDr", clid: null}, {tpid: "boyGlsStrpd", clid: null}, {tpid: "boyJcktStrpd", clid: null}]}, res: {slvr: 0, enrg: 500, gld: 1604, emd: 0}, crt: 4280}]
Thu Jan 9 17:31:44 GMT+0300 2020 [INFO] Client said: 34: [null, "a.clths.buy", {ctp: "casual", tpid: "boyBgWnt19Wht", pind: 1}]
Thu Jan 9 17:31:28 GMT+0300 2020 [INFO] Server said: 34: ["h.r.ra", {plr: {pf: {pf: {vsgst: {tp: "vsgst", pgs: 0, l: 20}, grdnr: {tp: "grdnr", pgs: 0, l: 20}, jntr: {tp: "jntr", pgs: 0, l: 20}, phtghr: {tp: "phtghr", pgs: 0, l: 20}}}, ci: {ceid: 0, lvt: 1578578643, actrt: 0, trid: null, crt: 4232, plcmt: {}, lrnt: 0, actrd: 0, actrp: 0, ys: 0, rtrtm: 0, skid: null, fexp: 0, crst: 0, sbrt: 0, cmid: 0, vsexp: 1965298000, shousd: false, hrt: 374, shcr: true, vret: 0, kyktid: null, vexp: 1965298000, as: null, gtrfrd: 0, sbid: null, vsact: true, bcld: 0, lgt: 0, vfgc: 0, pamns: {amn: []}, trcd: 0, tts: null, compid: 0, fak: null, ysct: 0, lwts: 0, rpt: 0, gdc: 0, strfrd: 0, exp: 85800, eml: null, vip: true, skrt: 0, spp: 0, dr: true}, usrinf: {rl: 0}, clths: {clths: [{tpid: "boyKgrmDr", clid: null}, {tpid: "boyTShrtWnt19Yllw", clid: null}, {tpid: "boyBtsHsk", clid: null}, {tpid: "boyDcrDmnHnt", clid: null}, {tpid: "boyPntsNY20Gld", clid: null}, {tpid: "boyHdbndDr", clid: null}, {tpid: "boyGlsStrpd", clid: null}, {tpid: "boyJcktStrpd", clid: null}]}, apprnc: {fft: 0, pc: 1, hc: 7, sc: 1, ec: 3, ht: 89, ssc: 1, g: 1, fac: 1, shc: 1, brt: 4, bc: 1, n: "BRAZZERS", et: 3, mc: 1, pt: 0, mt: 21, rc: 1, brc: 1, ss: 0, bt: 0, sh: 0, fat: 0, rg: 0, nct: 0}, mbm: {sk: "blackMobileSkin", ac: null}, uid: "210", locinfo: {x: 4.47, s: "127.0.0.1", at: "", y: 7.16, pl: "", st: 23, d: 4, l: "house_210_livingroom", shlc: true}}}]
Thu Jan 9 17:31:24 GMT+0300 2020 [INFO] Client said: 34: ["house_210_livingroom", "h.r.ra", {}]
Thu Jan 9 17:31:24 GMT+0300 2020 [INFO] Server said: 34: ["a.clths.buy", {ccltn: {ctp: "casual", cct: ["boyKgrmDr", "boyTShrtWnt19Yllw", "boyBtsHsk", "boyDcrDmnHnt", "boyPntsNY20Gld", "boyHdbndDr", "boyGlsStrpd", "boyJcktStrpd"], cn: ""}, inv: {c: {act: {id: "act", it: []}, frn: {id: "frn", it: []}, gm: {id: "gm", it: [{tid: "blackMobileSkin", c: 1, iid: ""}]}, lt: {id: "lt", it: []}, cls: {id: "cls", it: [{tid: "boyUnderdress1", c: 1, iid: ""}, {tid: "boyShirt14", c: 1, iid: ""}, {tid: "boyPants10", c: 1, iid: ""}, {tid: "boyShoes8", c: 1, iid: ""}, {tid: "boyHdbndUncrn", c: 1, iid: ""}, {tid: "boyKgrmUncrn", c: 1, iid: ""}, {tid: "boyTShrtStrpd", c: 1, iid: ""}, {tid: "boyPntsStrpd", c: 1, iid: ""}, {tid: "boyPntsFrog", c: 1, iid: ""}, {tid: "boyBtsStrpd", c: 1, iid: ""}, {tid: "boySP14Bts", c: 1, iid: ""}, {tid: "boyBtsHp", c: 1, iid: ""}, {tid: "bSP14Gun", c: 1, iid: ""}]}}}, clths: {clths: [{tpid: "boyKgrmDr", clid: null}, {tpid: "boyTShrtWnt19Yllw", clid: null}, {tpid: "boyBtsHsk", clid: null}, {tpid: "boyDcrDmnHnt", clid: null}, {tpid: "boyPntsNY20Gld", clid: null}, {tpid: "boyHdbndDr", clid: null}, {tpid: "boyGlsStrpd", clid: null}, {tpid: "boyJcktStrpd", clid: null}]}, res: {slvr: 0, enrg: 500, gld: 1623, emd: 0}, crt: 4232}]
Thu Jan 9 17:31:18 GMT+0300 2020 [INFO] Client said: 34: [null, "a.clths.buy", {ctp: "casual", tpid: "boyDcrDmnHnt", pind: 1}]
Thu Jan 9 17:31:05 GMT+0300 2020 [INFO] Server said: 34: ["h.r.ra", {plr: {pf: {pf: {vsgst: {tp: "vsgst", pgs: 0, l: 20}, grdnr: {tp: "grdnr", pgs: 0, l: 20}, jntr: {tp: "jntr", pgs: 0, l: 20}, phtghr: {tp: "phtghr", pgs: 0, l: 20}}}, ci: {ceid: 0, lvt: 1578578643, actrt: 0, trid: null, crt: 3992, plcmt: {}, lrnt: 0, actrd: 0, actrp: 0, ys: 0, rtrtm: 0, skid: null, fexp: 0, crst: 0, sbrt: 0, cmid: 0, vsexp: 1965298000, shousd: false, hrt: 374, shcr: true, vret: 0, kyktid: null, vexp: 1965298000, as: null, gtrfrd: 0, sbid: null, vsact: true, bcld: 0, lgt: 0, vfgc: 0, pamns: {amn: []}, trcd: 0, tts: null, compid: 0, fak: null, ysct: 0, lwts: 0, rpt: 0, gdc: 0, strfrd: 0, exp: 85800, eml: null, vip: true, skrt: 0, spp: 0, dr: true}, usrinf: {rl: 0}, clths: {clths: [{tpid: "boyKgrmDr", clid: null}, {tpid: "boyTShrtWnt19Yllw", clid: null}, {tpid: "boyBtsHsk", clid: null}, {tpid: "boyPntsNY20Gld", clid: null}, {tpid: "boyHdbndDr", clid: null}, {tpid: "bSP14Gun", clid: null}, {tpid: "boyGlsStrpd", clid: null}, {tpid: "boyJcktStrpd", clid: null}]}, apprnc: {fft: 0, pc: 1, hc: 7, sc: 1, ec: 3, ht: 89, ssc: 1, g: 1, fac: 1, shc: 1, brt: 4, bc: 1, n: "BRAZZERS", et: 3, mc: 1, pt: 0, mt: 21, rc: 1, brc: 1, ss: 0, bt: 0, sh: 0, fat: 0, rg: 0, nct: 0}, mbm: {sk: "blackMobileSkin", ac: null}, uid: "210", locinfo: {x: 4.47, s: "127.0.0.1", at: "", y: 7.16, pl: "", st: 23, d: 4, l: "house_210_livingroom", shlc: true}}}]
Thu Jan 9 17:31:03 GMT+0300 2020 [INFO] Client said: 34: ["house_210_livingroom", "h.r.ra", {}]
Thu Jan 9 17:31:02 GMT+0300 2020 [INFO] Server said: 34: ["a.clths.buy", {ccltn: {ctp: "casual", cct: ["boyKgrmDr", "boyTShrtWnt19Yllw", "boyBtsHsk", "boyPntsNY20Gld", "boyHdbndDr", "bSP14Gun", "boyGlsStrpd", "boyJcktStrpd"], cn: ""}, inv: {c: {act: {id: "act", it: []}, frn: {id: "frn", it: []}, gm: {id: "gm", it: [{tid: "blackMobileSkin", c: 1, iid: ""}]}, lt: {id: "lt", it: []}, cls: {id: "cls", it: [{tid: "boyUnderdress1", c: 1, iid: ""}, {tid: "boyShirt14", c: 1, iid: ""}, {tid: "boyPants10", c: 1, iid: ""}, {tid: "boyShoes8", c: 1, iid: ""}, {tid: "boyHdbndUncrn", c: 1, iid: ""}, {tid: "boyKgrmUncrn", c: 1, iid: ""}, {tid: "boyTShrtStrpd", c: 1, iid: ""}, {tid: "boyPntsStrpd", c: 1, iid: ""}, {tid: "boyPntsFrog", c: 1, iid: ""}, {tid: "boyBtsStrpd", c: 1, iid: ""}, {tid: "boySP14Bts", c: 1, iid: ""}, {tid: "boyBtsHp", c: 1, iid: ""}]}}}, clths: {clths: [{tpid: "boyKgrmDr", clid: null}, {tpid: "boyTShrtWnt19Yllw", clid: null}, {tpid: "boyBtsHsk", clid: null}, {tpid: "boyPntsNY20Gld", clid: null}, {tpid: "boyHdbndDr", clid: null}, {tpid: "bSP14Gun", clid: null}, {tpid: "boyGlsStrpd", clid: null}, {tpid: "boyJcktStrpd", clid: null}]}, res: {slvr: 0, enrg: 500, gld: 1703, emd: 0}, crt: 3992}]