ClientError: Thu Jan 9 18:25:30 GMT+0300 2020 [CRITICAL] [house] *Uncaught Error* ErrorId: 1009 ErrorName: TypeError ErrorMessage:Error #1009 ErrorStackTrace:TypeError: Error #1009
	at MethodInfo-2()
	at flash.events::EventDispatcher/dispatchEvent()
	at _-jr::FurnitureLoader/_-2qc()
	at flash.events::EventDispatcher/dispatchEvent()
	at _-0bS::MassLoader/_-4Ql()
	at _-0bS::MassLoader/_-WZ()
	at flash.events::EventDispatcher/dispatchEvent()
	at _-18R::LoadingItem/onComplete()
	at _-18R::SWFLoadingItem/onComplete()
	at MethodInfo-7()
Thu Jan 9 18:25:30 GMT+0300 2020 [INFO] Loaded  LoadingItem(url: http://62.113.113.58:8080/files/swf/furniture/decor/NY20Scene.swf, status: 2) 
Thu Jan 9 18:25:18 GMT+0300 2020 [INFO] Server said: 34: ["h.r.rfr", {rm: {nm: "#livingRoom", w: 13, l: 13, lev: 1, f: [{x: 0, lid: 96106291, y: 0, z: 0, d: 5, tpid: "flrSV14"}, {x: 13, lid: 98887653, y: 0, z: 0, d: 5, tpid: "wllSV14"}, {x: 7.03125, lid: 65946064, y: 6.15625, z: 2, d: 5, tpid: "lmpPrns"}, {x: 6.8125, lid: 36147138, y: 5.5, z: 2, d: 5, tpid: "vaseRose"}, {x: 12.8, lid: 18393125, y: 4.71875, z: 1.4, d: 5, tpid: "pctrJpn1"}, {x: 11, lid: 83973148, y: 5, z: 0, d: 5, tpid: "sfGrdnrGft"}, {x: 6.46875, lid: 77447769, y: 0.03125, z: 0, d: 3, tpid: "carpet5"}, {x: 5, lid: 76299584, y: 4, z: 0, d: 3, tpid: "chrAln1"}, {x: 12.9, lid: 92146775, y: 2.3125, z: 3, d: 5, tpid: "grdFrmBtrfl1"}, {x: 7, lid: 44710792, y: 7, z: 0, d: 5, tpid: "chrAln1"}, {x: 12.9, lid: 18674704, y: 3.40625, z: 3, d: 5, tpid: "grdFrmBtrfl2"}, {x: 12, lid: 61050484, y: 0.03125, z: 0, d: 5, tpid: "treeMya"}, {x: 11, lid: 84542710, y: 8, z: 0, d: 5, tpid: "sfGrdnrGft"}, {x: 12, lid: 83525613, y: 11, z: 0, d: 5, tpid: "csCtr"}, {x: 6, lid: 51773276, y: 5, z: 0, d: 5, tpid: "tblBch1"}, {x: 7.5625, lid: 32675898, y: 0, z: 0, d: 3, tpid: "jntrFrplc"}, {x: 0, lid: 98887652, y: 0, z: 0, d: 3, tpid: "wllSV14"}, {x: 3, lid: 4, y: 0, z: 0, rid: "outside", d: 3, tpid: "drGrdGft"}]}}]
Thu Jan 9 18:25:15 GMT+0300 2020 [INFO] Server said: 34: ["frn.save", {ci: {fexp: 0, skrt: 0, crt: 2065, kyktid: null, bcld: 0, rtrtm: 0, hrt: 8759, trid: "familyDay2016", pamns: {amn: []}, spp: 0, compid: 0, trcd: 0, ys: 0, actrt: 0, tts: null, actrp: 0, sbid: null, eml: null, gdc: 0, sbrt: 0, crst: 0, plcmt: {}, lgt: 0, vret: 0, actrd: 0, ysct: 0, vfgc: 0, shousd: false, rpt: 0, vexp: 1965298000, ceid: 0, vip: true, fak: null, vsexp: 1965298000, cmid: 0, as: null, shcr: true, vsact: true, dr: true, lvt: 1578582532, gtrfrd: 0, lwts: 0, exp: 85800, lrnt: 0, strfrd: 0, skid: null}, inv: {c: {lt: {it: [], id: "lt"}, frn: {it: [{c: 1, iid: "", tid: "wall15"}, {c: 1, iid: "", tid: "floor4"}, {c: 3, iid: "", tid: "carpet5"}, {c: 1, iid: "", tid: "door4"}], id: "frn"}, gm: {it: [{c: 1, iid: "", tid: "blackMobileSkin"}], id: "gm"}, cls: {it: [{c: 1, iid: "", tid: "girlPants9"}, {c: 1, iid: "", tid: "girlShoes14"}, {c: 1, iid: "", tid: "girlUnderdress2"}, {c: 1, iid: "4", tid: "girlPntsNYElgnc"}, {c: 1, iid: "4", tid: "girlBtsCtrOutsrc2"}, {c: 1, iid: "4", tid: "girlGlssNYElgnc"}, {c: 1, iid: "", tid: "girlShirt12"}, {c: 1, iid: "16", tid: "girlAcsClnSciFi"}, {c: 1, iid: "", tid: "girlUnderdress1"}, {c: 1, iid: "5", tid: "girlPlvNYFre"}], id: "cls"}, act: {it: [], id: "act"}}}, hs: {w: 13, nm: "house", f: [{x: 0, lid: 96106291, y: 0, z: 0, d: 5, tpid: "flrSV14"}, {x: 13, lid: 98887653, y: 0, z: 0, d: 5, tpid: "wllSV14"}, {x: 7.03125, lid: 65946064, y: 6.15625, z: 2, d: 5, tpid: "lmpPrns"}, {x: 6.8125, lid: 36147138, y: 5.5, z: 2, d: 5, tpid: "vaseRose"}, {x: 12.8, lid: 18393125, y: 4.71875, z: 1.4, d: 5, tpid: "pctrJpn1"}, {x: 11, lid: 83973148, y: 5, z: 0, d: 5, tpid: "sfGrdnrGft"}, {x: 6.46875, lid: 77447769, y: 0.03125, z: 0, d: 3, tpid: "carpet5"}, {x: 5, lid: 76299584, y: 4, z: 0, d: 3, tpid: "chrAln1"}, {x: 12.9, lid: 92146775, y: 2.3125, z: 3, d: 5, tpid: "grdFrmBtrfl1"}, {x: 7, lid: 44710792, y: 7, z: 0, d: 5, tpid: "chrAln1"}, {x: 12.9, lid: 18674704, y: 3.40625, z: 3, d: 5, tpid: "grdFrmBtrfl2"}, {x: 12, lid: 61050484, y: 0.03125, z: 0, d: 5, tpid: "treeMya"}, {x: 11, lid: 84542710, y: 8, z: 0, d: 5, tpid: "sfGrdnrGft"}, {x: 12, lid: 83525613, y: 11, z: 0, d: 5, tpid: "csCtr"}, {x: 6, lid: 51773276, y: 5, z: 0, d: 5, tpid: "tblBch1"}, {x: 7.5625, lid: 32675898, y: 0, z: 0, d: 3, tpid: "jntrFrplc"}, {x: 0, lid: 98887652, y: 0, z: 0, d: 3, tpid: "wllSV14"}, {x: 3, lid: 4, y: 0, z: 0, rid: "outside", d: 3, tpid: "drGrdGft"}], lev: 1, l: 13, id: "livingroom"}}]
Thu Jan 9 18:25:04 GMT+0300 2020 [INFO] Client said: 34: ["house_504_livingroom", "h.r.rfr", {}]
Thu Jan 9 18:25:04 GMT+0300 2020 [INFO] Server said: 34: ["frn.save", {ci: {fexp: 0, skrt: 0, crt: 2065, kyktid: null, bcld: 0, rtrtm: 0, hrt: 8759, trid: "familyDay2016", pamns: {amn: []}, spp: 0, compid: 0, trcd: 0, ys: 0, actrt: 0, tts: null, actrp: 0, sbid: null, eml: null, gdc: 0, sbrt: 0, crst: 0, plcmt: {}, lgt: 0, vret: 0, actrd: 0, ysct: 0, vfgc: 0, shousd: false, rpt: 0, vexp: 1965298000, ceid: 0, vip: true, fak: null, vsexp: 1965298000, cmid: 0, as: null, shcr: true, vsact: true, dr: true, lvt: 1578582532, gtrfrd: 0, lwts: 0, exp: 85800, lrnt: 0, strfrd: 0, skid: null}, inv: {c: {lt: {it: [], id: "lt"}, frn: {it: [{c: 1, iid: "", tid: "wall15"}, {c: 1, iid: "", tid: "floor4"}, {c: 3, iid: "", tid: "carpet5"}, {c: 1, iid: "", tid: "door4"}], id: "frn"}, gm: {it: [{c: 1, iid: "", tid: "blackMobileSkin"}], id: "gm"}, cls: {it: [{c: 1, iid: "", tid: "girlPants9"}, {c: 1, iid: "", tid: "girlShoes14"}, {c: 1, iid: "", tid: "girlUnderdress2"}, {c: 1, iid: "4", tid: "girlPntsNYElgnc"}, {c: 1, iid: "4", tid: "girlBtsCtrOutsrc2"}, {c: 1, iid: "4", tid: "girlGlssNYElgnc"}, {c: 1, iid: "", tid: "girlShirt12"}, {c: 1, iid: "16", tid: "girlAcsClnSciFi"}, {c: 1, iid: "", tid: "girlUnderdress1"}, {c: 1, iid: "5", tid: "girlPlvNYFre"}], id: "cls"}, act: {it: [], id: "act"}}}, hs: {w: 13, nm: "house", f: [{x: 0, lid: 96106291, y: 0, z: 0, d: 5, tpid: "flrSV14"}, {x: 7.03125, lid: 65946064, y: 6.15625, z: 2, d: 5, tpid: "lmpPrns"}, {x: 13, lid: 98887653, y: 0, z: 0, d: 5, tpid: "wllSV14"}, {x: 12.8, lid: 18393125, y: 4.71875, z: 1.4, d: 5, tpid: "pctrJpn1"}, {x: 6.8125, lid: 36147138, y: 5.5, z: 2, d: 5, tpid: "vaseRose"}, {x: 11, lid: 83973148, y: 5, z: 0, d: 5, tpid: "sfGrdnrGft"}, {x: 6.46875, lid: 77447769, y: 0.03125, z: 0, d: 3, tpid: "carpet5"}, {x: 5, lid: 76299584, y: 4, z: 0, d: 3, tpid: "chrAln1"}, {x: 12.9, lid: 92146775, y: 2.3125, z: 3, d: 5, tpid: "grdFrmBtrfl1"}, {x: 12.9, lid: 18674704, y: 3.40625, z: 3, d: 5, tpid: "grdFrmBtrfl2"}, {x: 7, lid: 44710792, y: 7, z: 0, d: 5, tpid: "chrAln1"}, {x: 12, lid: 61050484, y: 0.03125, z: 0, d: 5, tpid: "treeMya"}, {x: 11, lid: 84542710, y: 8, z: 0, d: 5, tpid: "sfGrdnrGft"}, {x: 12, lid: 83525613, y: 11, z: 0, d: 5, tpid: "csCtr"}, {x: 6, lid: 51773276, y: 5, z: 0, d: 5, tpid: "tblBch1"}, {x: 7.5625, lid: 32675898, y: 0, z: 0, d: 3, tpid: "jntrFrplc"}, {x: 0, lid: 98887652, y: 0, z: 0, d: 3, tpid: "wllSV14"}, {x: 3, lid: 4, y: 0, z: 0, rid: "outside", d: 3, tpid: "drGrdGft"}], lev: 1, l: 13, id: "livingroom"}}]
Thu Jan 9 18:25:02 GMT+0300 2020 [INFO] Client said: 34: ["house_504_livingroom", "frn.save", {f: [{x: 7, d: 5, tm: 1578583488473, tpid: "chrAln1", z: 0, t: 1, y: 7, oid: 44710792}, {x: 12, d: 5, tm: 1578583494701, tpid: "csCtr", z: 0, t: 1, y: 11, oid: 83525613}, {x: 11, d: 5, tm: 1578583491219, tpid: "sfGrdnrGft", z: 0, t: 1, y: 8, oid: 84542710}]}]
Thu Jan 9 18:24:56 GMT+0300 2020 [INFO] Client said: 34: ["house_504_livingroom", "frn.save", {f: [{x: 7, d: 5, tm: 1578583488473, tpid: "chrAln1", z: 0, t: 1, y: 7, oid: 44710792}, {x: 12, d: 5, tm: 1578583494701, tpid: "csCtr", z: 0, t: 1, y: 11, oid: 83525613}, {x: 11, d: 5, tm: 1578583491219, tpid: "sfGrdnrGft", z: 0, t: 1, y: 8, oid: 84542710}]}]
Thu Jan 9 18:24:35 GMT+0300 2020 [INFO] Server said: 34: ["b.ingld", {ingld: 1500}]
Thu Jan 9 18:24:35 GMT+0300 2020 [INFO] Server said: 34: ["ntf.res", {res: {enrg: 500, slvr: 82200, gld: 36914, emd: 0}}]
Thu Jan 9 18:24:34 GMT+0300 2020 [INFO] [YandexMetrics.reachGoal] Call reach goal 'click_buy_product' for counter 31321471
Thu Jan 9 18:24:34 GMT+0300 2020 [INFO] Client said: 34: [null, "b.chkprchs", {qnt: 1, prid: "pack1500", pmnt: null}]
Thu Jan 9 18:24:34 GMT+0300 2020 [INFO] [YandexMetrics.reachGoal] Call reach goal 'show_payment_dialog' for counter 31321471
Thu Jan 9 18:24:32 GMT+0300 2020 [INFO] Server said: 34: ["b.ingld", {ingld: 1500}]
Thu Jan 9 18:24:32 GMT+0300 2020 [INFO] Server said: 34: ["ntf.res", {res: {enrg: 500, slvr: 82200, gld: 35414, emd: 0}}]
Thu Jan 9 18:24:30 GMT+0300 2020 [INFO] [YandexMetrics.reachGoal] Call reach goal 'click_buy_product' for counter 31321471
Thu Jan 9 18:24:30 GMT+0300 2020 [INFO] Client said: 34: [null, "b.chkprchs", {qnt: 1, prid: "pack1500", pmnt: null}]
Thu Jan 9 18:24:30 GMT+0300 2020 [INFO] [YandexMetrics.reachGoal] Call reach goal 'show_payment_dialog' for counter 31321471
Thu Jan 9 18:24:27 GMT+0300 2020 [INFO] Server said: 34: ["b.ingld", {ingld: 1500}]
Thu Jan 9 18:24:27 GMT+0300 2020 [INFO] Server said: 34: ["ntf.res", {res: {enrg: 500, slvr: 82200, gld: 33914, emd: 0}}]
Thu Jan 9 18:24:26 GMT+0300 2020 [INFO] [YandexMetrics.reachGoal] Call reach goal 'click_buy_product' for counter 31321471
Thu Jan 9 18:24:26 GMT+0300 2020 [INFO] Client said: 34: [null, "b.chkprchs", {qnt: 1, prid: "pack1500", pmnt: null}]
Thu Jan 9 18:24:26 GMT+0300 2020 [INFO] [YandexMetrics.reachGoal] Call reach goal 'show_payment_dialog' for counter 31321471
Thu Jan 9 18:24:23 GMT+0300 2020 [INFO] Server said: 34: ["b.ingld", {ingld: 1500}]
Thu Jan 9 18:24:23 GMT+0300 2020 [INFO] Server said: 34: ["ntf.res", {res: {enrg: 500, slvr: 82200, gld: 32414, emd: 0}}]
Thu Jan 9 18:24:22 GMT+0300 2020 [INFO] [YandexMetrics.reachGoal] Call reach goal 'click_buy_product' for counter 31321471
Thu Jan 9 18:24:22 GMT+0300 2020 [INFO] Client said: 34: [null, "b.chkprchs", {qnt: 1, prid: "pack1500", pmnt: null}]
Thu Jan 9 18:24:21 GMT+0300 2020 [INFO] [YandexMetrics.reachGoal] Call reach goal 'show_payment_dialog' for counter 31321471
Thu Jan 9 18:24:19 GMT+0300 2020 [INFO] Server said: 34: ["b.ingld", {ingld: 1500}]
Thu Jan 9 18:24:19 GMT+0300 2020 [INFO] Server said: 34: ["ntf.res", {res: {enrg: 500, slvr: 82200, gld: 30914, emd: 0}}]
Thu Jan 9 18:24:18 GMT+0300 2020 [INFO] [YandexMetrics.reachGoal] Call reach goal 'click_buy_product' for counter 31321471
Thu Jan 9 18:24:18 GMT+0300 2020 [INFO] Client said: 34: [null, "b.chkprchs", {qnt: 1, prid: "pack1500", pmnt: null}]
Thu Jan 9 18:24:16 GMT+0300 2020 [INFO] [YandexMetrics.reachGoal] Call reach goal 'show_payment_dialog' for counter 31321471
Thu Jan 9 18:24:14 GMT+0300 2020 [INFO] Server said: 34: ["b.ingld", {ingld: 1500}]
Thu Jan 9 18:24:13 GMT+0300 2020 [INFO] Server said: 34: ["ntf.res", {res: {enrg: 500, slvr: 82200, gld: 29414, emd: 0}}]
Thu Jan 9 18:24:12 GMT+0300 2020 [INFO] [YandexMetrics.reachGoal] Call reach goal 'click_buy_product' for counter 31321471
Thu Jan 9 18:24:12 GMT+0300 2020 [INFO] Client said: 34: [null, "b.chkprchs", {qnt: 1, prid: "pack1500", pmnt: null}]
Thu Jan 9 18:24:12 GMT+0300 2020 [INFO] [YandexMetrics.reachGoal] Call reach goal 'show_payment_dialog' for counter 31321471
Thu Jan 9 18:24:10 GMT+0300 2020 [INFO] Server said: 34: ["b.ingld", {ingld: 1500}]