ClientError: Thu Jan 9 18:30:11 GMT+0300 2020 [CRITICAL] [house] *Uncaught Error* ErrorId: 1009 ErrorName: TypeError ErrorMessage:Error #1009 ErrorStackTrace:TypeError: Error #1009
	at MethodInfo-2()
	at flash.events::EventDispatcher/dispatchEvent()
	at _-jr::FurnitureLoader/_-2qc()
	at flash.events::EventDispatcher/dispatchEvent()
	at _-0bS::MassLoader/_-4Ql()
	at _-0bS::MassLoader/_-WZ()
	at flash.events::EventDispatcher/dispatchEvent()
	at _-18R::LoadingItem/onComplete()
	at _-18R::SWFLoadingItem/onComplete()
	at MethodInfo-7()
	at MethodInfo-3593()
	at SetIntervalTimer/onTimer()
	at flash.utils::Timer/tick()
Thu Jan 9 18:30:11 GMT+0300 2020 [INFO] Loaded  LoadingItem(url: http://62.113.113.58:8080/files/swf/furniture/kitchen/UnitTopBoxGirl.swf, status: 2) 
Thu Jan 9 18:29:57 GMT+0300 2020 [INFO] Server said: 34: ["ntf.res", {res: {enrg: 500, slvr: 82200, gld: 36764, emd: 0}}]
Thu Jan 9 18:29:57 GMT+0300 2020 [INFO] Server said: 34: ["ntf.inv", {it: {c: 1, iid: "", tid: "floorBch1"}}]
Thu Jan 9 18:29:56 GMT+0300 2020 [INFO] Client said: 34: [null, "frn.buy", {tpid: "floorBch1", pind: 1, cnt: 1}]
Thu Jan 9 18:29:46 GMT+0300 2020 [INFO] Server said: 34: ["ntf.res", {res: {enrg: 500, slvr: 82200, gld: 36788, emd: 0}}]
Thu Jan 9 18:29:46 GMT+0300 2020 [INFO] Server said: 34: ["ntf.inv", {it: {c: 1, iid: "", tid: "wallPrns1"}}]
Thu Jan 9 18:29:44 GMT+0300 2020 [INFO] Client said: 34: [null, "frn.buy", {tpid: "wallPrns1", pind: 1, cnt: 1}]