ClientError: Thu Jan 9 17:31:27 GMT+0300 2020 [CRITICAL] [couturier] *Uncaught Error* ErrorId: 1009 ErrorName: TypeError ErrorMessage:Error #1009 ErrorStackTrace:TypeError: Error #1009
	at _-0eV::RoomMemberContainer/addAvatar()
	at _-PQ::BaseRoomScreen/addAvatar()
	at _-PQ::BaseRoomScreen/onRefreshAvatar()
	at flash.events::EventDispatcher/dispatchEvent()
	at _-2CM::BaseRoomNetManager/onRefreshAvatar()
	at flash.events::EventDispatcher/dispatchEvent()
	at ags::_-2t/_-2dI()
	at flash.events::EventDispatcher/dispatchEvent()
	at _-0en::_-0O8/_-1LF()
	at _-0en::_-0O8/execute()
	at ags::AGSClient/_-0i9()
	at ags::AGSClient/_-2ZF()
	at ags::AGSClient/_-2Ea()
Thu Jan 9 17:31:27 GMT+0300 2020 [INFO] Server said: 34: ["o.r.ra", {plr: {uid: "167", mbm: {ac: null, sk: "blackMobileSkin"}, usrinf: {rl: 0}, apprnc: {ec: 1, pt: 0, pc: 1, et: 1, g: 1, mc: 2, brc: 2, nct: 0, fat: 0, ssc: 1, rc: 1, ss: 0, hc: 7, bt: 0, fac: 1, fft: 0, n: "АӍŰ®", mt: 21, sc: 1, ht: 84, rg: 0, bc: 1, sh: 0, shc: 1, brt: 4}, locinfo: {shlc: true, x: 8.5, at: "", d: 4, y: 7.5, s: "127.0.0.1", pl: "", l: "couturier_ctr1_1", st: 0}, ci: {trid: "halloween2017", skrt: 0, vexp: 1965298000, lvt: 1578579963, strfrd: 0, pamns: {amn: []}, vsexp: 1965298000, rtrtm: 0, crst: 0, vsact: true, kyktid: null, vret: 0, actrt: 0, ys: 0, vfgc: 0, tts: null, compid: 0, lwts: 0, fexp: 0, ceid: 0, eml: null, actrp: 0, skid: null, cmid: 0, actrd: 0, rpt: 0, hrt: 351, vip: true, ysct: 0, lrnt: 0, bcld: 0, spp: 0, fak: null, shousd: false, dr: true, sbid: null, trcd: 0, gdc: 0, sbrt: 0, as: null, lgt: 0, plcmt: {}, shcr: true, exp: 85800, crt: 4249, gtrfrd: 0}, clths: {clths: [{clid: null, tpid: "boyDrlBlrnDcr"}, {clid: null, tpid: "boyHlwn28"}, {clid: null, tpid: "boyFA18Msk1"}, {clid: null, tpid: "boySMR14Sh3"}, {clid: null, tpid: "boySV18Rose"}, {clid: null, tpid: "boySMR14TShirt1"}, {clid: null, tpid: "boySMR14Pants2"}]}, pf: {pf: {phtghr: {tp: "phtghr", pgs: 0, l: 20}, grdnr: {tp: "grdnr", pgs: 0, l: 20}, vsgst: {tp: "vsgst", pgs: 0, l: 20}, jntr: {tp: "jntr", pgs: 0, l: 20}}}}}]
Thu Jan 9 17:31:25 GMT+0300 2020 [INFO] Client said: 34: ["couturier_ctr1_1", "o.r.info", {rid: "ctr1"}]
Thu Jan 9 17:31:25 GMT+0300 2020 [INFO] Server said: 34: ["o.gr", {rid: "couturier_ctr1_1"}]
Thu Jan 9 17:31:25 GMT+0300 2020 [INFO] Server said: 16: ["couturier_ctr1_1", "504"]
Thu Jan 9 17:31:25 GMT+0300 2020 [INFO] Server said: 34: ["o.r.jn", {plr: {uid: "504", mbm: {ac: null, sk: "blackMobileSkin"}, usrinf: {rl: 0}, apprnc: {ec: 5, pt: 0, pc: 1, et: 7, g: 2, mc: 2, brc: 1, nct: 0, fat: 0, ssc: 1, rc: 1, ss: 0, hc: 7, bt: 0, fac: 1, fft: 0, n: "БАБАЙКА.", mt: 7, sc: 1, ht: 124, rg: 0, bc: 1, sh: 0, shc: 1, brt: 28}, locinfo: {shlc: true, x: -1, at: "", d: 4, y: -1, s: "127.0.0.1", pl: "", l: "couturier_ctr1_1", st: 0}, ci: {trid: "familyDay2016", skrt: 0, vexp: 1965298000, lvt: 1578580316, strfrd: 0, pamns: {amn: []}, vsexp: 1965298000, rtrtm: 0, crst: 0, vsact: true, kyktid: null, vret: 0, actrt: 0, ys: 0, vfgc: 0, tts: null, compid: 0, lwts: 0, fexp: 0, ceid: 0, eml: null, actrp: 0, skid: null, cmid: 0, actrd: 0, rpt: 0, hrt: 174, vip: true, ysct: 0, lrnt: 0, bcld: 0, spp: 0, fak: null, shousd: false, dr: true, sbid: null, trcd: 0, gdc: 0, sbrt: 0, as: null, lgt: 0, plcmt: {}, shcr: true, exp: 85800, crt: 10, gtrfrd: 0}, clths: {clths: [{clid: null, tpid: "girlShirt12"}, {clid: null, tpid: "girlShoes14"}, {clid: null, tpid: "girlPants9"}]}, pf: {pf: {phtghr: {tp: "phtghr", pgs: 0, l: 20}, grdnr: {tp: "grdnr", pgs: 0, l: 20}, vsgst: {tp: "vsgst", pgs: 0, l: 20}, jntr: {tp: "jntr", pgs: 0, l: 20}}}}}]
Thu Jan 9 17:31:21 GMT+0300 2020 [INFO] Server said: 34: ["o.r.ra", {plr: {uid: "38", mbm: {ac: null, sk: "blackMobileSkin"}, usrinf: {rl: 0}, apprnc: {ec: 1, pt: 0, pc: 1, et: 1, g: 1, mc: 3, brc: 29, nct: 0, fat: 0, ssc: 1, rc: 1, ss: 0, hc: 25, bt: 0, fac: 1, fft: 3, n: "Макс", mt: 13, sc: 2, ht: 60, rg: 0, bc: 1, sh: 0, shc: 1, brt: 16}, locinfo: {shlc: true, x: 4.12, at: "sitItem6", d: 4, y: 5.54, s: "127.0.0.1", pl: "", l: "couturier_ctr1_1", st: 1}, ci: {trid: null, skrt: 0, vexp: 1965298000, lvt: 1578578278, strfrd: 0, pamns: {amn: []}, vsexp: 1965298000, rtrtm: 0, crst: 0, vsact: true, kyktid: null, vret: 0, actrt: 0, ys: 0, vfgc: 0, tts: null, compid: 0, lwts: 0, fexp: 0, ceid: 0, eml: null, actrp: 0, skid: null, cmid: 0, actrd: 0, rpt: 0, hrt: 224, vip: true, ysct: 0, lrnt: 0, bcld: 0, spp: 0, fak: null, shousd: false, dr: true, sbid: null, trcd: 0, gdc: 0, sbrt: 0, as: null, lgt: 0, plcmt: {}, shcr: true, exp: 85800, crt: 14475, gtrfrd: 0}, clths: {clths: [{clid: "17", tpid: "boyTShrtOutsrc2"}, {clid: "4", tpid: "boyPntsNYFtnss"}, {clid: "4", tpid: "boyJcktNYFtnss"}, {clid: "4", tpid: "boyBtsBnny"}]}, pf: {pf: {phtghr: {tp: "phtghr", pgs: 0, l: 20}, grdnr: {tp: "grdnr", pgs: 0, l: 20}, vsgst: {tp: "vsgst", pgs: 0, l: 20}, jntr: {tp: "jntr", pgs: 0, l: 20}}}}}]
Thu Jan 9 17:31:12 GMT+0300 2020 [INFO] Client said: 34: [null, "o.gr", {gid: "ctr1", lid: "couturier"}]
Thu Jan 9 17:31:12 GMT+0300 2020 [INFO] Server said: 1: ["504", true, false, false]
Thu Jan 9 17:29:32 GMT+0300 2020 [INFO] Client said: 1: ["street", "504", "vEAmJXDAvFDsuTIcEqqB", {clvrn: "84.0.4", v: 2}]