ClientError: Thu Jan 9 18:18:21 GMT+0300 2020 [CRITICAL] [house] *Uncaught Error* ErrorId: 1009 ErrorName: TypeError ErrorMessage:Error #1009 ErrorStackTrace:TypeError: Error #1009
	at MethodInfo-2()
	at flash.events::EventDispatcher/dispatchEvent()
	at _-jr::FurnitureLoader/_-2qc()
	at flash.events::EventDispatcher/dispatchEvent()
	at _-0bS::MassLoader/_-4Ql()
	at _-0bS::MassLoader/_-WZ()
	at flash.events::EventDispatcher/dispatchEvent()
	at _-18R::LoadingItem/onComplete()
	at _-18R::SWFLoadingItem/onComplete()
	at MethodInfo-7()
	at MethodInfo-3593()
	at SetIntervalTimer/onTimer()
	at flash.utils::Timer/tick()
Thu Jan 9 18:18:21 GMT+0300 2020 [INFO] Loaded  LoadingItem(url: http://62.113.113.58:8080/files/swf/furniture/furniture/CaseCountry.swf?2, status: 2) 
Thu Jan 9 18:17:33 GMT+0300 2020 [INFO] Server said: 34: ["ntf.res", {res: {enrg: 500, slvr: 82200, gld: 22566, emd: 0}}]
Thu Jan 9 18:17:32 GMT+0300 2020 [INFO] Server said: 34: ["ntf.inv", {it: {c: 2, iid: "", tid: "chrAln1"}}]
Thu Jan 9 18:17:30 GMT+0300 2020 [INFO] Client said: 34: [null, "frn.buy", {tpid: "chrAln1", pind: 1, cnt: 2}]
Thu Jan 9 18:17:29 GMT+0300 2020 [INFO] Loaded  LoadingItem(url: http://62.113.113.58:8080/files/swf/furniture/furniture/ChairAlienBlack.swf, status: 2) 
Thu Jan 9 18:17:08 GMT+0300 2020 [INFO] Server said: 34: ["ntf.res", {res: {enrg: 500, slvr: 82200, gld: 22640, emd: 0}}]
Thu Jan 9 18:17:07 GMT+0300 2020 [INFO] Server said: 34: ["ntf.inv", {it: {c: 1, iid: "", tid: "sfGrdnrGft"}}]
Thu Jan 9 18:17:06 GMT+0300 2020 [INFO] Client said: 34: [null, "frn.buy", {tpid: "sfGrdnrGft", pind: 1, cnt: 1}]
Thu Jan 9 18:17:04 GMT+0300 2020 [INFO] Loaded  LoadingItem(url: http://62.113.113.58:8080/files/swf/furniture/furniture/SofaGardenerGift.swf, status: 2) 