ClientError: Thu Jan 9 17:25:48 GMT+0300 2020 [CRITICAL] [house] *Uncaught Error* ErrorId: 1009 ErrorName: TypeError ErrorMessage:Error #1009 ErrorStackTrace:TypeError: Error #1009
	at _-3t9::UserRatingBaseTopPanel/_-wZ()
	at _-3t9::UserRatingBaseTopPanel/update()
	at _-3t9::UserRatingBaseTopPanel/set dataProvider()
	at _-4Jz::_-2U7/_-20p()
	at MethodInfo-8()
	at _-1El::PlayersManager/_-3Q-()
	at flash.events::EventDispatcher/dispatchEvent()
	at _-37q::_-G5/_-1Ef()
	at flash.events::EventDispatcher/dispatchEvent()
	at ags::_-2t/_-2dI()
	at flash.events::EventDispatcher/dispatchEvent()
	at _-0en::_-0O8/_-1LF()
	at _-0en::_-0O8/execute()
	at ags::AGSClient/_-0i9()
	at ags::AGSClient/_-2ZF()
	at ags::AGSClient/_-2Ea()
Thu Jan 9 17:25:48 GMT+0300 2020 [INFO] Server said: 34: ["pl.get", {clid: "userTop", plrs: [{uid: "39", mbm: {ac: null, sk: "blackMobileSkin"}, usrinf: {rl: 0}, apprnc: {ec: 6, pt: 0, pc: 1, et: 34, g: 2, mc: 31, brc: 6, nct: 0, fat: 0, ssc: 1, rc: 1, ss: 0, hc: 7, bt: 0, fac: 1, fft: 9, n: "овца", mt: 7, sc: 1, ht: 83, rg: 0, bc: 1, sh: 25, shc: 1, brt: 9}, ci: {trid: null, skrt: 0, vexp: 1965298000, lvt: 1578579626, strfrd: 0, pamns: {amn: []}, vsexp: 1965298000, rtrtm: 0, crst: 0, vsact: true, kyktid: null, vret: 0, actrt: 0, ys: 0, vfgc: 0, tts: null, compid: 0, lwts: 0, fexp: 0, ceid: 0, eml: null, actrp: 0, skid: null, cmid: 0, actrd: 0, rpt: 0, hrt: 600374, vip: true, ysct: 0, lrnt: 0, bcld: 0, spp: 0, fak: null, shousd: false, dr: true, sbid: null, trcd: 0, gdc: 0, sbrt: 0, as: null, lgt: 0, plcmt: {}, shcr: true, exp: 85800, crt: 71509, gtrfrd: 0}, clths: {clths: [{clid: null, tpid: "grlGlsPrfClr"}, {clid: null, tpid: "girlBtsAlice"}, {clid: null, tpid: "girlJcktNY20Emr"}, {clid: null, tpid: "gPslnTop1"}, {clid: null, tpid: "girlNY1"}, {clid: null, tpid: "grlAprChrStc"}, {clid: null, tpid: "girlSktDmn"}]}, pf: {pf: {phtghr: {tp: "phtghr", pgs: 0, l: 20}, grdnr: {tp: "grdnr", pgs: 0, l: 20}, vsgst: {tp: "vsgst", pgs: 0, l: 20}, jntr: {tp: "jntr", pgs: 0, l: 20}}}}, {uid: "14", mbm: {ac: null, sk: "blackMobileSkin"}, usrinf: {rl: 0}, apprnc: {ec: 23, pt: 0, pc: 1, et: 37, g: 2, mc: 15, brc: 7, nct: 0, fat: 0, ssc: 1, rc: 1, ss: 0, hc: 1, bt: 0, fac: 1, fft: 7, n: "мастурбация", mt: 31, sc: 1, ht: 123, rg: 0, bc: 1, sh: 20, shc: 13, brt: 23}, ci: {trid: null, skrt: 0, vexp: 1965298000, lvt: 1578578349, strfrd: 0, pamns: {amn: []}, vsexp: 1965298000, rtrtm: 0, crst: 0, vsact: true, kyktid: null, vret: 0, actrt: 0, ys: 0, vfgc: 0, tts: null, compid: 0, lwts: 0, fexp: 0, ceid: 0, eml: null, actrp: 0, skid: null, cmid: 0, actrd: 0, rpt: 0, hrt: 413116, vip: true, ysct: 0, lrnt: 0, bcld: 0, spp: 0, fak: null, shousd: false, dr: true, sbid: null, trcd: 0, gdc: 0, sbrt: 0, as: null, lgt: 0, plcmt: {}, shcr: true, exp: 85800, crt: 20930, gtrfrd: 0}, clths: {clths: [{clid: null, tpid: "girlErrWnt19Pnk"}, {clid: "18", tpid: "girlJcktNYElgnc"}, {clid: null, tpid: "gFRY14Rim2"}, {clid: "18", tpid: "girlBtsRbbt"}, {clid: "18", tpid: "girlTShrtNYElgnc"}, {clid: "18", tpid: "girlPntsNYElgnc"}]}, pf: {pf: {phtghr: {tp: "phtghr", pgs: 0, l: 20}, grdnr: {tp: "grdnr", pgs: 0, l: 20}, vsgst: {tp: "vsgst", pgs: 0, l: 20}, jntr: {tp: "jntr", pgs: 0, l: 20}}}}, {uid: "70", mbm: {ac: null, sk: "blackMobileSkin"}, usrinf: {rl: 0}, apprnc: {ec: 5, pt: 0, pc: 1, et: 2, g: 2, mc: 2, brc: 5, nct: 0, fat: 0, ssc: 1, rc: 1, ss: 0, hc: 3, bt: 0, fac: 1, fft: 0, n: "я тупая", mt: 5, sc: 4, ht: 125, rg: 0, bc: 1, sh: 0, shc: 1, brt: 4}, ci: {trid: "freelanceSupport", skrt: 0, vexp: 1965298000, lvt: 1578578815, strfrd: 0, pamns: {amn: []}, vsexp: 1965298000, rtrtm: 0, crst: 0, vsact: true, kyktid: null, vret: 0, actrt: 0, ys: 0, vfgc: 0, tts: null, compid: 0, lwts: 0, fexp: 0, ceid: 0, eml: null, actrp: 0, skid: null, cmid: 0, actrd: 0, rpt: 0, hrt: 251420, vip: true, ysct: 0, lrnt: 0, bcld: 0, spp: 0, fak: null, shousd: false, dr: true, sbid: null, trcd: 0, gdc: 0, sbrt: 0, as: null, lgt: 0, plcmt: {}, shcr: true, exp: 85800, crt: 6295, gtrfrd: 0}, clths: {clths: [{clid: null, tpid: "girlNcklFrog"}, {clid: null, tpid: "grlAprChrMst"}, {clid: null, tpid: "grlIvyHlm"}, {clid: null, tpid: "girlTShrtFrog"}, {clid: null, tpid: "grlAprChrShs"}, {clid: null, tpid: "grlAprChrOvr"}, {clid: null, tpid: "girlPntsFrog"}, {clid: null, tpid: "grlAprChrHat"}, {clid: null, tpid: "grlAprChrStc"}]}, pf: {pf: {phtghr: {tp: "phtghr", pgs: 0, l: 20}, grdnr: {tp: "grdnr", pgs: 0, l: 20}, vsgst: {tp: "vsgst", pgs: 0, l: 20}, jntr: {tp: "jntr", pgs: 0, l: 20}}}}, {uid: "71", mbm: {ac: null, sk: "blackMobileSkin"}, usrinf: {rl: 0}, apprnc: {ec: 6, pt: 0, pc: 1, et: 19, g: 2, mc: 5, brc: 1, nct: 0, fat: 0, ssc: 1, rc: 1, ss: 0, hc: 7, bt: 0, fac: 1, fft: 0, n: "фууууу,стрём", mt: 14, sc: 1, ht: 18, rg: 0, bc: 1, sh: 22, shc: 1, brt: 13}, ci: {trid: null, skrt: 0, vexp: 1965298000, lvt: 1578579733, strfrd: 0, pamns: {amn: []}, vsexp: 1965298000, rtrtm: 0, crst: 0, vsact: true, kyktid: null, vret: 0, actrt: 0, ys: 0, vfgc: 0, tts: null, compid: 0, lwts: 0, fexp: 0, ceid: 0, eml: null, actrp: 0, skid: null, cmid: 0, actrd: 0, rpt: 0, hrt: 240220, vip: true, ysct: 0, lrnt: 0, bcld: 0, spp: 0, fak: null, shousd: false, dr: true, sbid: null, trcd: 0, gdc: 0, sbrt: 0, as: null, lgt: 0, plcmt: {}, shcr: true, exp: 85800, crt: 610, gtrfrd: 0}, clths: {clths: [{clid: null, tpid: "girlNcklFrog"}, {clid: null, tpid: "girlTShrtFrog"}, {clid: null, tpid: "girlBtsFrog"}, {clid: null, tpid: "girlPntsFrog"}]}, pf: {pf: {phtghr: {tp: "phtghr", pgs: 0, l: 20}, grdnr: {tp: "grdnr", pgs: 0, l: 20}, vsgst: {tp: "vsgst", pgs: 0, l: 20}, jntr: {tp: "jntr", pgs: 0, l: 20}}}}, {uid: "64", mbm: {ac: null, sk: "blackMobileSkin"}, usrinf: {rl: 0}, apprnc: {ec: 5, pt: 0, pc: 1, et: 17, g: 2, mc: 29, brc: 3, nct: 0, fat: 0, ssc: 1, rc: 1, ss: 0, hc: 5, bt: 0, fac: 1, fft: 7, n: "Goner 88", mt: 14, sc: 4, ht: 132, rg: 0, bc: 1, sh: 0, shc: 1, brt: 29}, ci: {trid: "freelanceModerator", skrt: 0, vexp: 1965298000, lvt: 1578578779, strfrd: 0, pamns: {amn: []}, vsexp: 1965298000, rtrtm: 0, crst: 0, vsact: true, kyktid: null, vret: 0, actrt: 0, ys: 0, vfgc: 0, tts: null, compid: 0, lwts: 0, fexp: 0, ceid: 0, eml: null, actrp: 0, skid: null, cmid: 0, actrd: 0, rpt: 0, hrt: 121044, vip: true, ysct: 0, lrnt: 0, bcld: 0, spp: 0, fak: null, shousd: false, dr: true, sbid: null, trcd: 0, gdc: 0, sbrt: 0, as: null, lgt: 0, plcmt: {}, shcr: true, exp: 85800, crt: 14203, gtrfrd: 0}, clths: {clths: [{clid: null, tpid: "grlIvyOvr"}, {clid: null, tpid: "anmGAnmErr"}, {clid: null, tpid: "grlHlwnVmpNckl"}, {clid: null, tpid: "grlIvyHlm"}, {clid: null, tpid: "grlHrlBts"}, {clid: null, tpid: "grlHlwnVmpGlv"}, {clid: null, tpid: "grlHrlHt"}, {clid: null, tpid: "grlHrlBat"}, {clid: null, tpid: "grlPrtBrcl"}, {clid: null, tpid: "grlHrlTSht"}, {clid: null, tpid: "grlHrlJkt"}, {clid: null, tpid: "grlHrlPnts"}]}, pf: {pf: {phtghr: {tp: "phtghr", pgs: 0, l: 20}, grdnr: {tp: "grdnr", pgs: 0, l: 20}, vsgst: {tp: "vsgst", pgs: 0, l: 20}, jntr: {tp: "jntr", pgs: 0, l: 20}}}}, {uid: "97", mbm: {ac: null, sk: "blackMobileSkin"}, usrinf: {rl: 0}, apprnc: {ec: 2, pt: 0, pc: 1, et: 7, g: 1, mc: 2, brc: 2, nct: 0, fat: 0, ssc: 1, rc: 1, ss: 0, hc: 12, bt: 0, fac: 1, fft: 0, n: "Лунтик", mt: 1, sc: 1, ht: 23, rg: 0, bc: 1, sh: 0, shc: 1, brt: 6}, ci: {trid: "freelanceModerator", skrt: 0, vexp: 1965298000, lvt: 1578579778, strfrd: 0, pamns: {amn: []}, vsexp: 1965298000, rtrtm: 0, crst: 0, vsact: true, kyktid: null, vret: 0, actrt: 0, ys: 0, vfgc: 0, tts: null, compid: 0, lwts: 0, fexp: 0, ceid: 0, eml: null, actrp: 0, skid: null, cmid: 0, actrd: 0, rpt: 0, hrt: 91173, vip: true, ysct: 0, lrnt: 0, bcld: 0, spp: 0, fak: null, shousd: false, dr: true, sbid: null, trcd: 0, gdc: 0, sbrt: 0, as: null, lgt: 0, plcmt: {}, shcr: true, exp: 85800, crt: 1304, gtrfrd: 0}, clths: {clths: [{clid: null, tpid: "boyTrvlGls"}, {clid: null, tpid: "bNY16FCt"}, {clid: null, tpid: "boyShirt14"}, {clid: null, tpid: "boyNY15Hat"}, {clid: null, tpid: "boySMR14Sh3"}, {clid: null, tpid: "bSP14Gun"}, {clid: null, tpid: "boySMR14Pants2"}]}, pf: {pf: {phtghr: {tp: "phtghr", pgs: 0, l: 20}, grdnr: {tp: "grdnr", pgs: 0, l: 20}, vsgst: {tp: "vsgst", pgs: 0, l: 20}, jntr: {tp: "jntr", pgs: 0, l: 20}}}}, {uid: "80", mbm: {ac: null, sk: "blackMobileSkin"}, usrinf: {rl: 0}, apprnc: {ec: 2, pt: 0, pc: 1, et: 36, g: 2, mc: 2, brc: 1, nct: 0, fat: 0, ssc: 1, rc: 1, ss: 0, hc: 7, bt: 0, fac: 1, fft: 0, n: "СЕМИЦВЕТИК", mt: 7, sc: 1, ht: 125, rg: 0, bc: 1, sh: 0, shc: 1, brt: 29}, ci: {trid: "freelanceVideo", skrt: 0, vexp: 1965298000, lvt: 1578579763, strfrd: 0, pamns: {amn: []}, vsexp: 1965298000, rtrtm: 0, crst: 0, vsact: true, kyktid: null, vret: 0, actrt: 0, ys: 0, vfgc: 0, tts: null, compid: 0, lwts: 0, fexp: 0, ceid: 0, eml: null, actrp: 0, skid: null, cmid: 0, actrd: 0, rpt: 0, hrt: 65707, vip: true, ysct: 0, lrnt: 0, bcld: 0, spp: 0, fak: null, shousd: false, dr: true, sbid: null, trcd: 0, gdc: 0, sbrt: 0, as: null, lgt: 0, plcmt: {}, shcr: true, exp: 85800, crt: 9252, gtrfrd: 0}, clths: {clths: [{clid: null, tpid: "girlBtsEstr19"}, {clid: null, tpid: "girlDrsHlwnCll"}]}, pf: {pf: {phtghr: {tp: "phtghr", pgs: 0, l: 20}, grdnr: {tp: "grdnr", pgs: 0, l: 20}, vsgst: {tp: "vsgst", pgs: 0, l: 20}, jntr: {tp: "jntr", pgs: 0, l: 20}}}}, {uid: "18", mbm: {ac: null, sk: "blackMobileSkin"}, usrinf: {rl: 0}, apprnc: {ec: 3, pt: 0, pc: 1, et: 5, g: 1, mc: 2, brc: 2, nct: 0, fat: 0, ssc: 1, rc: 1, ss: 0, hc: 7, bt: 0, fac: 1, fft: 0, n: "ЧИТЕР 1 ЫЕ", mt: 20, sc: 1, ht: 85, rg: 0, bc: 1, sh: 0, shc: 1, brt: 6}, ci: {trid: "freelanceSupport", skrt: 0, vexp: 1965298000, lvt: 1578579325, strfrd: 0, pamns: {amn: []}, vsexp: 1965298000, rtrtm: 0, crst: 0, vsact: true, kyktid: null, vret: 0, actrt: 0, ys: 0, vfgc: 0, tts: null, compid: 0, lwts: 0, fexp: 0, ceid: 0, eml: null, actrp: 0, skid: null, cmid: 0, actrd: 0, rpt: 0, hrt: 40174, vip: true, ysct: 0, lrnt: 0, bcld: 0, spp: 0, fak: null, shousd: false, dr: true, sbid: null, trcd: 0, gdc: 0, sbrt: 0, as: null, lgt: 0, plcmt: {}, shcr: true, exp: 85800, crt: 1066, gtrfrd: 0}, clths: {clths: [{clid: null, tpid: "boyBgGlss"}, {clid: null, tpid: "boyBgPlv"}, {clid: null, tpid: "boyBgBag"}, {clid: null, tpid: "boyErrFrog"}, {clid: null, tpid: "boyBgBts"}, {clid: null, tpid: "boyBgPnts"}]}, pf: {pf: {phtghr: {tp: "phtghr", pgs: 0, l: 20}, grdnr: {tp: "grdnr", pgs: 0, l: 20}, vsgst: {tp: "vsgst", pgs: 0, l: 20}, jntr: {tp: "jntr", pgs: 0, l: 20}}}}, {uid: "55", mbm: {ac: null, sk: "blackMobileSkin"}, usrinf: {rl: 0}, apprnc: {ec: 2, pt: 0, pc: 1, et: 31, g: 2, mc: 29, brc: 10, nct: 0, fat: 0, ssc: 1, rc: 1, ss: 0, hc: 16, bt: 0, fac: 1, fft: 9, n: "Морин очка", mt: 31, sc: 1, ht: 33, rg: 0, bc: 1, sh: 0, shc: 1, brt: 30}, ci: {trid:...
Thu Jan 9 17:25:48 GMT+0300 2020 [INFO] [YandexMetrics.reachGoal] Call reach goal 'click_buy_product' for counter 31321471
Thu Jan 9 17:25:48 GMT+0300 2020 [INFO] Client said: 34: [null, "b.chkprchs", {prid: "pack1500", qnt: 1, pmnt: null}]
Thu Jan 9 17:25:46 GMT+0300 2020 [INFO] [YandexMetrics.reachGoal] Call reach goal 'show_payment_dialog' for counter 31321471
Thu Jan 9 17:25:36 GMT+0300 2020 [INFO] Client said: 34: [null, "pl.gid", {uids: ["39", "14", "70", "71", "64", "97", "80", "18", "55", "22"], clid: "userTop"}]
Thu Jan 9 17:25:09 GMT+0300 2020 [INFO] Server said: 34: ["b.ingld", {ingld: 1500}]
Thu Jan 9 17:25:09 GMT+0300 2020 [INFO] Server said: 34: ["ntf.res", {res: {enrg: 500, slvr: 10000, emd: 0, gld: 7600}}]
Thu Jan 9 17:25:08 GMT+0300 2020 [INFO] [YandexMetrics.reachGoal] Call reach goal 'click_buy_product' for counter 31321471
Thu Jan 9 17:25:08 GMT+0300 2020 [INFO] Client said: 34: [null, "b.chkprchs", {prid: "pack1500", qnt: 1, pmnt: null}]
Thu Jan 9 17:25:07 GMT+0300 2020 [INFO] [YandexMetrics.reachGoal] Call reach goal 'show_payment_dialog' for counter 31321471
Thu Jan 9 17:25:04 GMT+0300 2020 [INFO] Server said: 34: ["b.ingld", {ingld: 1500}]
Thu Jan 9 17:25:03 GMT+0300 2020 [INFO] Server said: 34: ["ntf.res", {res: {enrg: 500, slvr: 10000, emd: 0, gld: 6100}}]
Thu Jan 9 17:25:02 GMT+0300 2020 [INFO] [YandexMetrics.reachGoal] Call reach goal 'click_buy_product' for counter 31321471
Thu Jan 9 17:25:02 GMT+0300 2020 [INFO] Client said: 34: [null, "b.chkprchs", {prid: "pack1500", qnt: 1, pmnt: null}]
Thu Jan 9 17:25:01 GMT+0300 2020 [INFO] [YandexMetrics.reachGoal] Call reach goal 'show_payment_dialog' for counter 31321471
Thu Jan 9 17:24:58 GMT+0300 2020 [INFO] Server said: 34: ["b.ingld", {ingld: 1500}]
Thu Jan 9 17:24:58 GMT+0300 2020 [INFO] Server said: 34: ["ntf.res", {res: {enrg: 500, slvr: 10000, emd: 0, gld: 4600}}]
Thu Jan 9 17:24:57 GMT+0300 2020 [INFO] [YandexMetrics.reachGoal] Call reach goal 'click_buy_product' for counter 31321471
Thu Jan 9 17:24:57 GMT+0300 2020 [INFO] Client said: 34: [null, "b.chkprchs", {prid: "pack1500", qnt: 1, pmnt: null}]
Thu Jan 9 17:24:56 GMT+0300 2020 [INFO] [YandexMetrics.reachGoal] Call reach goal 'show_payment_dialog' for counter 31321471
Thu Jan 9 17:24:54 GMT+0300 2020 [INFO] Server said: 34: ["b.ingld", {ingld: 1500}]
Thu Jan 9 17:24:54 GMT+0300 2020 [INFO] Server said: 34: ["ntf.res", {res: {enrg: 500, slvr: 10000, emd: 0, gld: 3100}}]
Thu Jan 9 17:24:54 GMT+0300 2020 [INFO] [YandexMetrics.reachGoal] Call reach goal 'click_buy_product' for counter 31321471
Thu Jan 9 17:24:54 GMT+0300 2020 [INFO] Client said: 34: [null, "b.chkprchs", {prid: "pack1500", qnt: 1, pmnt: null}]
Thu Jan 9 17:24:53 GMT+0300 2020 [INFO] [YandexMetrics.reachGoal] Call reach goal 'show_payment_dialog' for counter 31321471
Thu Jan 9 17:24:51 GMT+0300 2020 [INFO] [YandexMetrics.onCounterInit] Yandex metrics counter 31321471 inited
Thu Jan 9 17:24:51 GMT+0300 2020 [INFO] [YandexMetrics.reachGoal] Call reach goal 'click_buy_product' for counter 31321471
Thu Jan 9 17:24:51 GMT+0300 2020 [INFO] [YandexMetrics.reachGoal] Call reach goal 'show_payment_dialog' for counter 31321471
Thu Jan 9 17:24:51 GMT+0300 2020 [INFO] Client said: 34: ["house_504_livingroom", "h.r.u", {x: 1.53, at: "", uid: "504", d: 5, y: 7.28, st: 23}]
Thu Jan 9 17:24:51 GMT+0300 2020 [INFO] Server said: 34: ["b.ingld", {ingld: 1500}]
Thu Jan 9 17:24:51 GMT+0300 2020 [INFO] Server said: 34: ["ntf.res", {res: {enrg: 500, slvr: 10000, emd: 0, gld: 1600}}]
Thu Jan 9 17:24:50 GMT+0300 2020 [INFO] Client said: 34: [null, "b.chkprchs", {prid: "pack1500", qnt: 1, pmnt: null}]
Thu Jan 9 17:24:49 GMT+0300 2020 [INFO] Server said: 34: ["spt.init", {a: false}]
Thu Jan 9 17:24:49 GMT+0300 2020 [INFO] [YandexMetrics.initCounter] Try to init Yandex metrics counter 31321471
Thu Jan 9 17:24:49 GMT+0300 2020 [INFO] Client said: 34: [null, "spt.init", {}]
Thu Jan 9 17:24:48 GMT+0300 2020 [INFO] Client said: 34: ["house_504_livingroom", "h.r.m", {dx: 1.53, sy: 2.1, uid: "504", dy: 7.28, sx: 4.43}]
Thu Jan 9 17:24:48 GMT+0300 2020 [INFO] Client said: 34: ["house_504_livingroom", "h.r.m", {dx: 1.53, sy: 1.87, uid: "504", dy: 7.28, sx: 4.67}]
Thu Jan 9 17:24:48 GMT+0300 2020 [INFO] Client said: 34: ["house_504_livingroom", "h.r.m", {dx: 1.53, sy: 1.64, uid: "504", dy: 7.28, sx: 4.9}]