ClientError: Thu Jan 9 19:18:46 GMT+0400 2020 [CRITICAL] [house] *Uncaught Error* ErrorId: 1010 ErrorName: TypeError ErrorMessage:Error #1010 ErrorStackTrace:TypeError: Error #1010
	at _-1u9::URL/parse()
	at _-1u9::URL()
	at _-18R::LoadingItem()
	at _-18R::SWFLoadingItem()
	at _-0bS::MassLoader/add()
	at _-0bS::MassLoader/_-2R5()
	at flash.events::EventDispatcher/dispatchEvent()
	at _-18R::LoadingItem/_-1Iu()
	at _-18R::LoadingItem/onError()
	at _-18R::SWFLoadingItem/onError()
	at flash.events::EventDispatcher/dispatchEvent()
	at flash.net::URLLoader/onComplete()
Thu Jan 9 19:18:07 GMT+0400 2020 [INFO] Server said: 34: ["ntf.res", {res: {emd: 0, gld: 3289, slvr: 0, enrg: 500}}]
Thu Jan 9 19:18:06 GMT+0400 2020 [INFO] Server said: 34: ["ntf.inv", {it: {tid: "gdnTre1", iid: "", c: 2}}]
Thu Jan 9 19:18:04 GMT+0400 2020 [INFO] Client said: 34: [null, "frn.buy", {cnt: 2, tpid: "gdnTre1", pind: 2}]
Thu Jan 9 19:17:56 GMT+0400 2020 [INFO] Server said: 34: ["b.inslv", {inslv: 1993500}]
Thu Jan 9 19:17:55 GMT+0400 2020 [INFO] Server said: 34: ["ntf.res", {res: {emd: 0, gld: 3289, slvr: 2000000, enrg: 500}}]
Thu Jan 9 19:17:55 GMT+0400 2020 [INFO] Client said: 34: [null, "b.bs", {gld: 19935}]
Thu Jan 9 19:17:53 GMT+0400 2020 [INFO] Server said: 34: ["b.ingld", {ingld: 9999}]
Thu Jan 9 19:17:53 GMT+0400 2020 [INFO] Server said: 34: ["ntf.res", {res: {emd: 0, gld: 23224, slvr: 6500, enrg: 500}}]
Thu Jan 9 19:17:52 GMT+0400 2020 [INFO] [YandexMetrics.reachGoal] Call reach goal 'click_buy_product' for counter 31321471
Thu Jan 9 19:17:52 GMT+0400 2020 [INFO] Client said: 34: [null, "b.chkprchs", {qnt: 1, pmnt: {srv: 7, ct3: null, ct2: null, ct1: null, tpid: "silverResource", ctx: {dialogSource: "buySilverDialog"}}, prid: "pack9999"}]
Thu Jan 9 19:17:51 GMT+0400 2020 [INFO] [YandexMetrics.reachGoal] Call reach goal 'show_payment_dialog' for counter 31321471
Thu Jan 9 19:17:47 GMT+0400 2020 [INFO] Server said: 34: ["b.ingld", {ingld: 9999}]
Thu Jan 9 19:17:47 GMT+0400 2020 [INFO] Server said: 34: ["ntf.res", {res: {emd: 0, gld: 13225, slvr: 6500, enrg: 500}}]
Thu Jan 9 19:17:46 GMT+0400 2020 [INFO] [YandexMetrics.reachGoal] Call reach goal 'click_buy_product' for counter 31321471
Thu Jan 9 19:17:46 GMT+0400 2020 [INFO] Client said: 34: [null, "b.chkprchs", {qnt: 1, pmnt: {srv: 7, ct3: null, ct2: null, ct1: null, tpid: "silverResource", ctx: {dialogSource: "buySilverDialog"}}, prid: "pack9999"}]
Thu Jan 9 19:17:45 GMT+0400 2020 [INFO] [YandexMetrics.reachGoal] Call reach goal 'show_payment_dialog' for counter 31321471