ClientError: Thu Jan 9 19:24:29 GMT+0400 2020 [CRITICAL] [salon] *Uncaught Error* ErrorId: 1010 ErrorName: TypeError ErrorMessage:Error #1010 ErrorStackTrace:TypeError: Error #1010
	at _-1u9::URL/parse()
	at _-1u9::URL()
	at _-18R::LoadingItem()
	at _-18R::SWFLoadingItem()
	at _-0bS::MassLoader/add()
	at _-0bS::MassLoader/_-2R5()
	at flash.events::EventDispatcher/dispatchEvent()
	at _-18R::LoadingItem/_-1Iu()
	at _-18R::LoadingItem/onError()
	at _-18R::SWFLoadingItem/onError()
	at flash.events::EventDispatcher/dispatchEvent()
	at flash.net::URLLoader/onComplete()
Thu Jan 9 19:23:44 GMT+0400 2020 [INFO] Client said: 17: ["house_356_livingroom"]
Thu Jan 9 19:23:41 GMT+0400 2020 [INFO] Client said: 34: ["house_356_livingroom", "h.r.u", {st: 23, x: 4.61, y: 7.98, at: "", d: 5, uid: "356"}]
Thu Jan 9 19:23:38 GMT+0400 2020 [INFO] Client said: 34: ["house_356_livingroom", "h.r.m", {dy: 7.98, uid: "356", dx: 4.61, sy: 3.98, sx: 6.07}]
Thu Jan 9 19:23:36 GMT+0400 2020 [INFO] Client said: 34: ["house_356_livingroom", "h.r.m", {dy: 4.2, uid: "356", dx: 6.08, sy: 0.1, sx: 4.05}]
Thu Jan 9 19:23:32 GMT+0400 2020 [INFO] Server said: 34: ["b.ingld", {ingld: 1500}]
Thu Jan 9 19:23:32 GMT+0400 2020 [INFO] Server said: 34: ["ntf.res", {res: {emd: 0, gld: 114778, slvr: 0, enrg: 500}}]
Thu Jan 9 19:23:31 GMT+0400 2020 [INFO] [YandexMetrics.reachGoal] Call reach goal 'click_buy_product' for counter 31321471
Thu Jan 9 19:23:31 GMT+0400 2020 [INFO] Client said: 34: [null, "b.chkprchs", {qnt: 1, pmnt: null, prid: "pack1500"}]
Thu Jan 9 19:23:30 GMT+0400 2020 [INFO] [YandexMetrics.reachGoal] Call reach goal 'show_payment_dialog' for counter 31321471
Thu Jan 9 19:23:27 GMT+0400 2020 [INFO] Server said: 34: ["b.ingld", {ingld: 9999}]
Thu Jan 9 19:23:27 GMT+0400 2020 [INFO] Server said: 34: ["ntf.res", {res: {emd: 0, gld: 113278, slvr: 0, enrg: 500}}]
Thu Jan 9 19:23:26 GMT+0400 2020 [INFO] [YandexMetrics.reachGoal] Call reach goal 'click_buy_product' for counter 31321471
Thu Jan 9 19:23:26 GMT+0400 2020 [INFO] Client said: 34: [null, "b.chkprchs", {qnt: 1, pmnt: {srv: 3, ct3: null, ct2: null, ct1: null, tpid: "grdnFlwrbd", ctx: {dialogSource: "furnitureShopDialog"}}, prid: "pack9999"}]
Thu Jan 9 19:23:25 GMT+0400 2020 [INFO] [YandexMetrics.reachGoal] Call reach goal 'show_payment_dialog' for counter 31321471
Thu Jan 9 19:23:23 GMT+0400 2020 [INFO] Server said: 34: ["b.ingld", {ingld: 9999}]
Thu Jan 9 19:23:23 GMT+0400 2020 [INFO] Server said: 34: ["ntf.res", {res: {emd: 0, gld: 103279, slvr: 0, enrg: 500}}]
Thu Jan 9 19:23:22 GMT+0400 2020 [INFO] [YandexMetrics.reachGoal] Call reach goal 'click_buy_product' for counter 31321471
Thu Jan 9 19:23:22 GMT+0400 2020 [INFO] Client said: 34: [null, "b.chkprchs", {qnt: 1, pmnt: {srv: 3, ct3: null, ct2: null, ct1: null, tpid: "grdnFlwrbd", ctx: {dialogSource: "furnitureShopDialog"}}, prid: "pack9999"}]
Thu Jan 9 19:23:21 GMT+0400 2020 [INFO] [YandexMetrics.reachGoal] Call reach goal 'show_payment_dialog' for counter 31321471
Thu Jan 9 19:23:17 GMT+0400 2020 [INFO] Server said: 34: ["b.ingld", {ingld: 9999}]
Thu Jan 9 19:23:16 GMT+0400 2020 [INFO] Server said: 34: ["ntf.res", {res: {emd: 0, gld: 93280, slvr: 0, enrg: 500}}]
Thu Jan 9 19:23:15 GMT+0400 2020 [INFO] [YandexMetrics.reachGoal] Call reach goal 'click_buy_product' for counter 31321471
Thu Jan 9 19:23:15 GMT+0400 2020 [INFO] Client said: 34: [null, "b.chkprchs", {qnt: 1, pmnt: {srv: 3, ct3: null, ct2: null, ct1: null, tpid: "grdnFlwrbd", ctx: {dialogSource: "furnitureShopDialog"}}, prid: "pack9999"}]
Thu Jan 9 19:23:12 GMT+0400 2020 [INFO] [YandexMetrics.reachGoal] Call reach goal 'show_payment_dialog' for counter 31321471
Thu Jan 9 19:23:07 GMT+0400 2020 [INFO] Server said: 34: ["b.ingld", {ingld: 9999}]
Thu Jan 9 19:23:07 GMT+0400 2020 [INFO] Server said: 34: ["ntf.res", {res: {emd: 0, gld: 83281, slvr: 0, enrg: 500}}]
Thu Jan 9 19:23:06 GMT+0400 2020 [INFO] [YandexMetrics.reachGoal] Call reach goal 'click_buy_product' for counter 31321471
Thu Jan 9 19:23:06 GMT+0400 2020 [INFO] Client said: 34: [null, "b.chkprchs", {qnt: 1, pmnt: {srv: 3, ct3: null, ct2: null, ct1: null, tpid: "grdnFlwrbd", ctx: {dialogSource: "furnitureShopDialog"}}, prid: "pack9999"}]
Thu Jan 9 19:23:05 GMT+0400 2020 [INFO] [YandexMetrics.reachGoal] Call reach goal 'show_payment_dialog' for counter 31321471
Thu Jan 9 19:23:02 GMT+0400 2020 [INFO] Server said: 34: ["b.ingld", {ingld: 9999}]
Thu Jan 9 19:23:01 GMT+0400 2020 [INFO] Server said: 34: ["ntf.res", {res: {emd: 0, gld: 73282, slvr: 0, enrg: 500}}]
Thu Jan 9 19:23:00 GMT+0400 2020 [INFO] [YandexMetrics.reachGoal] Call reach goal 'click_buy_product' for counter 31321471
Thu Jan 9 19:23:00 GMT+0400 2020 [INFO] Client said: 34: [null, "b.chkprchs", {qnt: 1, pmnt: {srv: 3, ct3: null, ct2: null, ct1: null, tpid: "grdnFlwrbd", ctx: {dialogSource: "furnitureShopDialog"}}, prid: "pack9999"}]
Thu Jan 9 19:22:59 GMT+0400 2020 [INFO] [YandexMetrics.reachGoal] Call reach goal 'show_payment_dialog' for counter 31321471
Thu Jan 9 19:22:57 GMT+0400 2020 [INFO] Server said: 34: ["b.ingld", {ingld: 9999}]
Thu Jan 9 19:22:57 GMT+0400 2020 [INFO] Server said: 34: ["ntf.res", {res: {emd: 0, gld: 63283, slvr: 0, enrg: 500}}]
Thu Jan 9 19:22:57 GMT+0400 2020 [INFO] [YandexMetrics.reachGoal] Call reach goal 'click_buy_product' for counter 31321471
Thu Jan 9 19:22:57 GMT+0400 2020 [INFO] Client said: 34: [null, "b.chkprchs", {qnt: 1, pmnt: {srv: 3, ct3: null, ct2: null, ct1: null, tpid: "grdnFlwrbd", ctx: {dialogSource: "furnitureShopDialog"}}, prid: "pack9999"}]