ClientError: Thu Jan 9 19:17:38 GMT+0400 2020 [CRITICAL] [house] *Uncaught Error* ErrorId: 1010 ErrorName: TypeError ErrorMessage:Error #1010 ErrorStackTrace:TypeError: Error #1010
	at _-1u9::URL/parse()
	at _-1u9::URL()
	at _-18R::LoadingItem()
	at _-18R::SWFLoadingItem()
	at _-0bS::MassLoader/add()
	at _-0bS::MassLoader/_-2R5()
	at flash.events::EventDispatcher/dispatchEvent()
	at _-18R::LoadingItem/_-1Iu()
	at _-18R::LoadingItem/onError()
	at _-18R::SWFLoadingItem/onError()
	at flash.events::EventDispatcher/dispatchEvent()
	at flash.net::URLLoader/onComplete()
Thu Jan 9 19:17:27 GMT+0400 2020 [INFO] Loaded  LoadingItem(url: http://62.113.113.58:8080/files/swf/furniture/decor/GoldenTree1.swf, status: 2) 
Thu Jan 9 19:16:52 GMT+0400 2020 [INFO] Server said: 34: ["ntf.res", {res: {emd: 0, gld: 3226, slvr: 6500, enrg: 500}}]
Thu Jan 9 19:16:51 GMT+0400 2020 [INFO] Server said: 34: ["ntf.inv", {it: {tid: "dram1", iid: "", c: 1}}]
Thu Jan 9 19:16:49 GMT+0400 2020 [INFO] Client said: 34: [null, "frn.buy", {cnt: 1, tpid: "dram1", pind: 1}]
Thu Jan 9 19:16:48 GMT+0400 2020 [INFO] Loaded  LoadingItem(url: http://62.113.113.58:8080/files/swf/furniture/house/DoorPortalElf.swf, status: 2) 
Thu Jan 9 19:16:00 GMT+0400 2020 [INFO] Server said: 34: ["ntf.res", {res: {emd: 0, gld: 4026, slvr: 6500, enrg: 500}}]
Thu Jan 9 19:15:59 GMT+0400 2020 [INFO] Server said: 34: ["ntf.inv", {it: {tid: "hw2019Wll", iid: "", c: 1}}]
Thu Jan 9 19:15:58 GMT+0400 2020 [INFO] Client said: 34: [null, "frn.buy", {cnt: 1, tpid: "hw2019Wll", pind: 2}]
Thu Jan 9 19:14:39 GMT+0400 2020 [INFO] Server said: 34: ["h.r.rfr", {rm: {f: [{x: 0, y: 0, z: 0, lid: 1, d: 3, tpid: "wall15"}, {x: 13, y: 0, z: 0, lid: 2, d: 5, tpid: "wall15"}, {x: 0, y: 0, z: 0, lid: 58524638, d: 5, tpid: "intFlr2"}, {x: 3, rid: "outside", y: 0, z: 0, lid: 4, d: 3, tpid: "door4"}], nm: "#livingRoom", l: 13, w: 13, lev: 1}}]
Thu Jan 9 19:14:37 GMT+0400 2020 [INFO] Client said: 34: ["house_356_livingroom", "h.r.rfr", {}]
Thu Jan 9 19:14:37 GMT+0400 2020 [INFO] Server said: 34: ["frn.save", {ci: {rtrtm: 0, exp: 85800, vfgc: 0, strfrd: 0, crt: 1435, vsact: true, gtrfrd: 0, trcd: 0, vsexp: 1965298000, vret: 0, compid: 0, vip: true, sbrt: 0, fexp: 0, skrt: 0, shcr: true, skid: null, fak: null, sbid: null, vexp: 1965298000, trid: "freelanceMicrophone", lwts: 0, lgt: 0, ysct: 0, lrnt: 0, gdc: 0, eml: null, lvt: 1578582685, actrt: 0, as: null, ys: 0, bcld: 0, tts: null, shousd: false, spp: 0, actrd: 0, plcmt: {}, rpt: 0, crst: 0, dr: true, actrp: 0, pamns: {amn: []}, cmid: 0, hrt: 2669, ceid: 0, kyktid: null}, inv: {c: {gm: {it: [{tid: "blackMobileSkin", iid: "", c: 1}], id: "gm"}, act: {it: [], id: "act"}, frn: {it: [{tid: "wllSD15", iid: "", c: 1}, {tid: "flrSD15", iid: "", c: 1}, {tid: "floor4", iid: "", c: 1}], id: "frn"}, lt: {it: [], id: "lt"}, cls: {it: [{tid: "girlUnderdress1", iid: "", c: 1}, {tid: "girlUnderdress2", iid: "", c: 1}, {tid: "girlShoes14", iid: "", c: 1}, {tid: "girlShirt12", iid: "", c: 1}, {tid: "girlPants9", iid: "", c: 1}], id: "cls"}}}, hs: {nm: "house", id: "livingroom", f: [{x: 0, y: 0, z: 0, lid: 1, d: 3, tpid: "wall15"}, {x: 13, y: 0, z: 0, lid: 2, d: 5, tpid: "wall15"}, {x: 0, y: 0, z: 0, lid: 58524638, d: 5, tpid: "intFlr2"}, {x: 3, rid: "outside", y: 0, z: 0, lid: 4, d: 3, tpid: "door4"}], l: 13, w: 13, lev: 1}}]
Thu Jan 9 19:14:25 GMT+0400 2020 [INFO] Client said: 34: ["house_356_livingroom", "frn.save", {f: [{oid: 58524638, tpid: "intFlr2", t: 0, tm: 1578582857940}]}]
Thu Jan 9 19:14:20 GMT+0400 2020 [INFO] Loaded  LoadingItem(url: http://62.113.113.58:8080/files/swf/furniture/house/FloorFlower.swf?3, status: 2) 
Thu Jan 9 19:14:07 GMT+0400 2020 [INFO] Loaded  LoadingItem(url: http://62.113.113.58:8080/files/swf/furniture/house/WallSD15.swf, status: 2) 