ClientError: Thu Jan 9 17:29:34 GMT+0300 2020 [CRITICAL] [house] *Uncaught Error* ErrorId: 1009 ErrorName: TypeError ErrorMessage:Error #1009 ErrorStackTrace:TypeError: Error #1009
	at _-JE::AvatarClothes/takeoffAll()
	at _-2dH::ClothesShopDialog/removeAllClothes()
	at _-2dH::ClothesShopDialog/_-Hu()
	at flash.events::EventDispatcher/dispatchEvent()
	at _-0Km::_-3Ay/onCaseClick()
Thu Jan 9 17:29:27 GMT+0300 2020 [INFO] Server said: 34: ["h.r.ra", {plr: {uid: "291", pf: {pf: {grdnr: {pgs: 0, tp: "grdnr", l: 20}, jntr: {pgs: 0, tp: "jntr", l: 20}, phtghr: {pgs: 0, tp: "phtghr", l: 20}, vsgst: {pgs: 0, tp: "vsgst", l: 20}}}, ci: {sbid: null, shousd: false, vexp: 1965298000, actrd: 0, vsexp: 1965298000, ysct: 0, as: null, vsact: true, fak: null, lvt: 1578579681, vret: 0, plcmt: {}, shcr: true, lrnt: 0, vfgc: 0, pamns: {amn: []}, gtrfrd: 0, fexp: 0, ceid: 0, crst: 0, vip: true, skid: null, cmid: 0, lwts: 0, rtrtm: 0, hrt: 5253, dr: true, strfrd: 0, kyktid: null, bcld: 0, spp: 0, skrt: 0, ys: 0, trid: null, tts: null, rpt: 0, compid: 0, gdc: 0, eml: null, actrt: 0, actrp: 0, lgt: 0, exp: 85800, trcd: 0, crt: 6309, sbrt: 0}, mbm: {ac: null, sk: "blackMobileSkin"}, clths: {clths: [{tpid: "boyDrlBlrnDcr", clid: null}, {tpid: "boyTShtPrfPhr", clid: null}, {tpid: "boyGrnsPnts", clid: null}, {tpid: "boyBtsWnt19Wht", clid: null}, {tpid: "boyUnderdress1", clid: null}, {tpid: "boyGlssNY20Slv", clid: null}, {tpid: "boyCmrPrfPhr", clid: null}]}, usrinf: {rl: 0}, locinfo: {l: "house_291_livingroom", x: 7.26, st: 23, shlc: true, y: 6.11, s: "127.0.0.1", at: "", pl: "", d: 4}, apprnc: {bc: 1, brc: 1, fft: 0, pc: 1, ec: 2, g: 1, et: 4, bt: 0, rg: 0, brt: 19, shc: 1, pt: 0, sh: 0, ht: 89, hc: 5, mc: 3, sc: 3, mt: 6, nct: 0, ssc: 1, rc: 1, ss: 0, n: "Твои Знания", fac: 1, fat: 0}}}]
Thu Jan 9 17:29:23 GMT+0300 2020 [INFO] Client said: 34: ["house_291_livingroom", "h.r.ra", {}]
Thu Jan 9 17:29:23 GMT+0300 2020 [INFO] Server said: 34: ["a.clths.buy", {clths: {clths: [{tpid: "boyDrlBlrnDcr", clid: null}, {tpid: "boyTShtPrfPhr", clid: null}, {tpid: "boyGrnsPnts", clid: null}, {tpid: "boyBtsWnt19Wht", clid: null}, {tpid: "boyUnderdress1", clid: null}, {tpid: "boyGlssNY20Slv", clid: null}, {tpid: "boyCmrPrfPhr", clid: null}]}, res: {enrg: 500, slvr: 15000, emd: 0, gld: 4271}, ccltn: {ctp: "casual", cct: ["boyDrlBlrnDcr", "boyTShtPrfPhr", "boyGrnsPnts", "boyBtsWnt19Wht", "boyUnderdress1", "boyGlssNY20Slv", "boyCmrPrfPhr"], cn: ""}, crt: 6309, inv: {c: {lt: {it: [], id: "lt"}, cls: {it: [{c: 1, iid: "", tid: "boyShoes8"}, {c: 1, iid: "", tid: "boyFA18Bts"}, {c: 1, iid: "", tid: "boyFA18Wig"}, {c: 1, iid: "", tid: "boyFA18Shorts"}, {c: 1, iid: "", tid: "boyShirt14"}, {c: 1, iid: "", tid: "boyFA18TShrt"}, {c: 1, iid: "", tid: "boyRshHat"}, {c: 1, iid: "", tid: "boyPants10"}, {c: 1, iid: "", tid: "boyDrlBlrnOvr"}, {c: 1, iid: "", tid: "boyRshTSht"}, {c: 1, iid: "", tid: "boyRshPnt"}, {c: 1, iid: "", tid: "boyRshJkt"}, {c: 1, iid: "", tid: "boyFA18Bag"}, {c: 1, iid: "", tid: "boyRshShs"}, {c: 1, iid: "", tid: "boyTShrtDmnHnt"}, {c: 1, iid: "", tid: "boyTShrtZdcLn"}, {c: 1, iid: "", tid: "boyPrtTSht"}, {c: 1, iid: "", tid: "boyPntsNY20Gld"}, {c: 1, iid: "", tid: "boyPntsWnt19Stl"}], id: "cls"}, frn: {it: [{c: 1, iid: "", tid: "door4"}], id: "frn"}, act: {it: [], id: "act"}, gm: {it: [{c: 1, iid: "", tid: "blackMobileSkin"}], id: "gm"}}}}]
Thu Jan 9 17:29:15 GMT+0300 2020 [INFO] Client said: 34: [null, "a.clths.buy", {ctp: "casual", pind: 1, tpid: "boyGlssNY20Slv"}]
Thu Jan 9 17:29:01 GMT+0300 2020 [INFO] Server said: 34: ["h.r.ra", {plr: {uid: "291", pf: {pf: {grdnr: {pgs: 0, tp: "grdnr", l: 20}, jntr: {pgs: 0, tp: "jntr", l: 20}, phtghr: {pgs: 0, tp: "phtghr", l: 20}, vsgst: {pgs: 0, tp: "vsgst", l: 20}}}, ci: {sbid: null, shousd: false, vexp: 1965298000, actrd: 0, vsexp: 1965298000, ysct: 0, as: null, vsact: true, fak: null, lvt: 1578579681, vret: 0, plcmt: {}, shcr: true, lrnt: 0, vfgc: 0, pamns: {amn: []}, gtrfrd: 0, fexp: 0, ceid: 0, crst: 0, vip: true, skid: null, cmid: 0, lwts: 0, rtrtm: 0, hrt: 5253, dr: true, strfrd: 0, kyktid: null, bcld: 0, spp: 0, skrt: 0, ys: 0, trid: null, tts: null, rpt: 0, compid: 0, gdc: 0, eml: null, actrt: 0, actrp: 0, lgt: 0, exp: 85800, trcd: 0, crt: 6189, sbrt: 0}, mbm: {ac: null, sk: "blackMobileSkin"}, clths: {clths: [{tpid: "boyDrlBlrnDcr", clid: null}, {tpid: "boyGrnsPnts", clid: null}, {tpid: "boyTShtPrfPhr", clid: null}, {tpid: "boyBtsWnt19Wht", clid: null}, {tpid: "boyUnderdress1", clid: null}, {tpid: "boyCmrPrfPhr", clid: null}]}, usrinf: {rl: 0}, locinfo: {l: "house_291_livingroom", x: 7.26, st: 23, shlc: true, y: 6.11, s: "127.0.0.1", at: "", pl: "", d: 4}, apprnc: {bc: 1, brc: 1, fft: 0, pc: 1, ec: 2, g: 1, et: 4, bt: 0, rg: 0, brt: 19, shc: 1, pt: 0, sh: 0, ht: 89, hc: 5, mc: 3, sc: 3, mt: 6, nct: 0, ssc: 1, rc: 1, ss: 0, n: "Твои Знания", fac: 1, fat: 0}}}]
Thu Jan 9 17:28:57 GMT+0300 2020 [INFO] Client said: 34: ["house_291_livingroom", "h.r.ra", {}]
Thu Jan 9 17:28:57 GMT+0300 2020 [INFO] Server said: 34: ["a.clths.buy", {clths: {clths: [{tpid: "boyDrlBlrnDcr", clid: null}, {tpid: "boyGrnsPnts", clid: null}, {tpid: "boyTShtPrfPhr", clid: null}, {tpid: "boyBtsWnt19Wht", clid: null}, {tpid: "boyUnderdress1", clid: null}, {tpid: "boyCmrPrfPhr", clid: null}]}, res: {enrg: 500, slvr: 15000, emd: 0, gld: 4311}, ccltn: {ctp: "casual", cct: ["boyDrlBlrnDcr", "boyGrnsPnts", "boyTShtPrfPhr", "boyBtsWnt19Wht", "boyUnderdress1", "boyCmrPrfPhr"], cn: ""}, crt: 6189, inv: {c: {lt: {it: [], id: "lt"}, cls: {it: [{c: 1, iid: "", tid: "boyShoes8"}, {c: 1, iid: "", tid: "boyFA18Bts"}, {c: 1, iid: "", tid: "boyFA18Wig"}, {c: 1, iid: "", tid: "boyFA18Shorts"}, {c: 1, iid: "", tid: "boyShirt14"}, {c: 1, iid: "", tid: "boyFA18TShrt"}, {c: 1, iid: "", tid: "boyRshHat"}, {c: 1, iid: "", tid: "boyPants10"}, {c: 1, iid: "", tid: "boyDrlBlrnOvr"}, {c: 1, iid: "", tid: "boyRshTSht"}, {c: 1, iid: "", tid: "boyRshPnt"}, {c: 1, iid: "", tid: "boyRshJkt"}, {c: 1, iid: "", tid: "boyFA18Bag"}, {c: 1, iid: "", tid: "boyRshShs"}, {c: 1, iid: "", tid: "boyTShrtDmnHnt"}, {c: 1, iid: "", tid: "boyTShrtZdcLn"}, {c: 1, iid: "", tid: "boyPrtTSht"}, {c: 1, iid: "", tid: "boyPntsNY20Gld"}, {c: 1, iid: "", tid: "boyPntsWnt19Stl"}], id: "cls"}, frn: {it: [{c: 1, iid: "", tid: "door4"}], id: "frn"}, act: {it: [], id: "act"}, gm: {it: [{c: 1, iid: "", tid: "blackMobileSkin"}], id: "gm"}}}}]
Thu Jan 9 17:28:51 GMT+0300 2020 [INFO] Client said: 34: [null, "a.clths.buy", {ctp: "casual", pind: 1, tpid: "boyCmrPrfPhr"}]
Thu Jan 9 17:28:49 GMT+0300 2020 [INFO] Server said: 34: ["b.ingld", {ingld: 9999}]
Thu Jan 9 17:28:49 GMT+0300 2020 [INFO] Server said: 34: ["ntf.res", {res: {enrg: 500, slvr: 15000, emd: 0, gld: 104310}}]
Thu Jan 9 17:28:48 GMT+0300 2020 [INFO] Server said: 34: ["b.ingld", {ingld: 9999}]
Thu Jan 9 17:28:48 GMT+0300 2020 [INFO] [YandexMetrics.reachGoal] Call reach goal 'click_buy_product' for counter 31321471
Thu Jan 9 17:28:48 GMT+0300 2020 [INFO] Client said: 34: [null, "b.chkprchs", {prid: "pack9999", pmnt: {ct1: null, ct2: null, ctx: {dialogSource: "clothesShopDialog"}, tpid: "boyCmrPrfPhr", srv: 1, ct3: null}, qnt: 1}]
Thu Jan 9 17:28:48 GMT+0300 2020 [INFO] Server said: 34: ["ntf.res", {res: {enrg: 500, slvr: 15000, emd: 0, gld: 94311}}]
Thu Jan 9 17:28:48 GMT+0300 2020 [INFO] [YandexMetrics.reachGoal] Call reach goal 'show_payment_dialog' for counter 31321471
Thu Jan 9 17:28:47 GMT+0300 2020 [INFO] [YandexMetrics.reachGoal] Call reach goal 'click_buy_product' for counter 31321471
Thu Jan 9 17:28:47 GMT+0300 2020 [INFO] Client said: 34: [null, "b.chkprchs", {prid: "pack9999", pmnt: {ct1: null, ct2: null, ctx: {dialogSource: "clothesShopDialog"}, tpid: "boyCmrPrfPhr", srv: 1, ct3: null}, qnt: 1}]
Thu Jan 9 17:28:47 GMT+0300 2020 [INFO] [YandexMetrics.reachGoal] Call reach goal 'show_payment_dialog' for counter 31321471
Thu Jan 9 17:28:45 GMT+0300 2020 [INFO] Server said: 34: ["b.ingld", {ingld: 9999}]
Thu Jan 9 17:28:45 GMT+0300 2020 [INFO] Server said: 34: ["ntf.res", {res: {enrg: 500, slvr: 15000, emd: 0, gld: 84312}}]
Thu Jan 9 17:28:43 GMT+0300 2020 [INFO] Server said: 34: ["b.ingld", {ingld: 9999}]
Thu Jan 9 17:28:43 GMT+0300 2020 [INFO] [YandexMetrics.reachGoal] Call reach goal 'click_buy_product' for counter 31321471
Thu Jan 9 17:28:43 GMT+0300 2020 [INFO] Client said: 34: [null, "b.chkprchs", {prid: "pack9999", pmnt: {ct1: null, ct2: null, ctx: {dialogSource: "clothesShopDialog"}, tpid: "boyCmrPrfPhr", srv: 1, ct3: null}, qnt: 1}]
Thu Jan 9 17:28:43 GMT+0300 2020 [INFO] Server said: 34: ["ntf.res", {res: {enrg: 500, slvr: 15000, emd: 0, gld: 74313}}]
Thu Jan 9 17:28:42 GMT+0300 2020 [INFO] [YandexMetrics.reachGoal] Call reach goal 'show_payment_dialog' for counter 31321471
Thu Jan 9 17:28:42 GMT+0300 2020 [INFO] [YandexMetrics.reachGoal] Call reach goal 'click_buy_product' for counter 31321471
Thu Jan 9 17:28:42 GMT+0300 2020 [INFO] Client said: 34: [null, "b.chkprchs", {prid: "pack9999", pmnt: {ct1: null, ct2: null, ctx: {dialogSource: "clothesShopDialog"}, tpid: "boyCmrPrfPhr", srv: 1, ct3: null}, qnt: 1}]
Thu Jan 9 17:28:40 GMT+0300 2020 [INFO] Server said: 34: ["b.ingld", {ingld: 9999}]
Thu Jan 9 17:28:40 GMT+0300 2020 [INFO] Server said: 34: ["ntf.res", {res: {enrg: 500, slvr: 15000, emd: 0, gld: 64314}}]
Thu Jan 9 17:28:40 GMT+0300 2020 [INFO] [YandexMetrics.reachGoal] Call reach goal 'show_payment_dialog' for counter 31321471
Thu Jan 9 17:28:38 GMT+0300 2020 [INFO] Server said: 34: ["b.ingld", {ingld: 9999}]
Thu Jan 9 17:28:37 GMT+0300 2020 [INFO] Server said: 34: ["ntf.res", {res: {enrg: 500, slvr: 15000, emd: 0, gld: 54315}}]
Thu Jan 9 17:28:37 GMT+0300 2020 [INFO] [YandexMetrics.reachGoal] Call reach goal 'click_buy_product' for counter 31321471
Thu Jan 9 17:28:37 GMT+0300 2020 [INFO] Client said: 34: [null, "b.chkprchs", {prid: "pack9999", pmnt: {ct1: null, ct2: null, ctx: {dialogSource: "clothesShopDialog"}, tpid: "boyCmrPrfPhr", srv: 1, ct3: null}, qnt: 1}]
Thu Jan 9 17:28:36 GMT+0300 2020 [INFO] [YandexMetrics.reachGoal] Call reach goal 'show_payment_dialog' for counter 31321471
Thu Jan 9 17:28:36 GMT+0300 2020 [INFO] [YandexMetrics.reachGoal] Call reach goal 'click_buy_product' for counter 31321471
Thu Jan 9 17:28:36 GMT+0300 2020 [INFO] Client said: 34: [null, "b.chkprchs", {prid: "pack9999", pmnt: {ct1: null, ct2: null, ctx: {dialogSource: "clothesShopDialog"}, tpid: "boyCmrPrfPhr", srv: 1, ct3: null}, qnt: 1}]
Thu Jan 9 17:28:35 GMT+0300 2020 [INFO] [YandexMetrics.reachGoal] Call reach goal 'show_payment_dialog' for counter 31321471