ClientError: Thu Jan 9 17:07:15 GMT+0300 2020 [CRITICAL] [couturier] *Uncaught Error* ErrorId: 1009 ErrorName: TypeError ErrorMessage:Error #1009 ErrorStackTrace:TypeError: Error #1009
	at _-0eV::RoomMemberContainer/addAvatar()
	at _-PQ::BaseRoomScreen/addAvatar()
	at _-PQ::BaseRoomScreen/onRefreshAvatar()
	at flash.events::EventDispatcher/dispatchEvent()
	at _-2CM::BaseRoomNetManager/onRefreshAvatar()
	at flash.events::EventDispatcher/dispatchEvent()
	at ags::_-2t/_-2dI()
	at flash.events::EventDispatcher/dispatchEvent()
	at _-0en::_-0O8/_-1LF()
	at _-0en::_-0O8/execute()
	at ags::AGSClient/_-0i9()
	at ags::AGSClient/_-2ZF()
	at ags::AGSClient/_-2Ea()
Thu Jan 9 17:07:15 GMT+0300 2020 [INFO] Server said: 34: ["o.r.ra", {plr: {uid: "38", clths: {clths: [{tpid: "boyBtsBnny", clid: "17"}, {tpid: "boyPntsNYFtnss", clid: "16"}, {tpid: "boyJcktNYFtnss", clid: "16"}, {tpid: "boyTShrtNYLmt", clid: "17"}]}, usrinf: {rl: 0}, ci: {lwts: 0, gdc: 0, lgt: 0, eml: null, crt: 2871, shcr: true, rpt: 0, actrp: 0, vexp: 1965298000, vip: true, vsexp: 1965298000, crst: 0, actrt: 0, rtrtm: 0, vsact: true, lvt: 1578578278, vret: 0, fexp: 0, bcld: 0, trcd: 0, ceid: 0, skrt: 0, gtrfrd: 0, sbrt: 0, vfgc: 0, sbid: null, plcmt: {}, skid: null, lrnt: 0, fak: null, ys: 0, compid: 0, actrd: 0, cmid: 0, dr: true, kyktid: null, spp: 0, trid: null, tts: null, as: null, shousd: false, exp: 85800, hrt: 224, strfrd: 0, pamns: {amn: []}, ysct: 0}, apprnc: {brt: 16, hc: 25, ht: 60, ec: 1, pt: 0, rc: 1, rg: 0, mt: 13, bt: 0, g: 1, sh: 0, et: 1, brc: 29, ss: 0, ssc: 1, fat: 0, n: "Макс", pc: 1, fac: 1, fft: 3, shc: 1, mc: 3, nct: 0, bc: 1, sc: 2}, mbm: {sk: "blackMobileSkin", ac: null}, locinfo: {x: 4.12, s: "127.0.0.1", y: 5.54, at: "sitItem6", shlc: true, d: 4, st: 1, l: "couturier_ctr1_1", pl: ""}, pf: {pf: {vsgst: {tp: "vsgst", l: 20, pgs: 0}, jntr: {tp: "jntr", l: 20, pgs: 0}, phtghr: {tp: "phtghr", l: 20, pgs: 0}, grdnr: {tp: "grdnr", l: 20, pgs: 0}}}}}]
Thu Jan 9 17:07:14 GMT+0300 2020 [INFO] Client said: 34: ["couturier_ctr1_1", "o.r.info", {rid: "ctr1"}]
Thu Jan 9 17:07:14 GMT+0300 2020 [INFO] Server said: 34: ["o.gr", {rid: "couturier_ctr1_1"}]
Thu Jan 9 17:07:14 GMT+0300 2020 [INFO] Server said: 16: ["couturier_ctr1_1", "238"]
Thu Jan 9 17:07:14 GMT+0300 2020 [INFO] Server said: 34: ["o.r.jn", {plr: {uid: "238", clths: {clths: [{tpid: "girlShirt12", clid: null}, {tpid: "girlShoes14", clid: null}, {tpid: "girlPants9", clid: null}]}, usrinf: {rl: 0}, ci: {lwts: 0, gdc: 0, lgt: 0, eml: null, crt: 10, shcr: true, rpt: 0, actrp: 0, vexp: 1965298000, vip: true, vsexp: 1965298000, crst: 0, actrt: 0, rtrtm: 0, vsact: true, lvt: 1578578828, vret: 0, fexp: 0, bcld: 0, trcd: 0, ceid: 0, skrt: 0, gtrfrd: 0, sbrt: 0, vfgc: 0, sbid: null, plcmt: {}, skid: null, lrnt: 0, fak: null, ys: 0, compid: 0, actrd: 0, cmid: 0, dr: true, kyktid: null, spp: 0, trid: null, tts: null, as: null, shousd: false, exp: 85800, hrt: 17673, strfrd: 0, pamns: {amn: []}, ysct: 0}, apprnc: {brt: 5, hc: 1, ht: 131, ec: 4, pt: 0, rc: 1, rg: 0, mt: 1, bt: 0, g: 2, sh: 0, et: 36, brc: 3, ss: 0, ssc: 1, fat: 0, n: "Чёрная кровь", pc: 1, fac: 1, fft: 0, shc: 1, mc: 2, nct: 0, bc: 1, sc: 3}, mbm: {sk: "blackMobileSkin", ac: null}, locinfo: {x: -1, s: "127.0.0.1", y: -1, at: "", shlc: true, d: 4, st: 0, l: "couturier_ctr1_1", pl: ""}, pf: {pf: {vsgst: {tp: "vsgst", l: 20, pgs: 0}, jntr: {tp: "jntr", l: 20, pgs: 0}, phtghr: {tp: "phtghr", l: 20, pgs: 0}, grdnr: {tp: "grdnr", l: 20, pgs: 0}}}}}]
Thu Jan 9 17:07:08 GMT+0300 2020 [INFO] Client said: 34: [null, "o.gr", {lid: "couturier", gid: "ctr1"}]
Thu Jan 9 17:07:08 GMT+0300 2020 [INFO] Server said: 1: ["238", true, false, false]
Thu Jan 9 17:06:52 GMT+0300 2020 [INFO] Client said: 1: ["street", "238", "UOWxgBmbaPcVQDBnRDiI", {clvrn: "84.0.4", v: 2}]
Thu Jan 9 17:06:49 GMT+0300 2020 [INFO] Server said: 34: ["b.ingld", {ingld: 1500}]
Thu Jan 9 17:06:49 GMT+0300 2020 [INFO] Server said: 34: ["ntf.res", {res: {enrg: 500, emd: 0, gld: 96094, slvr: 10000}}]
Thu Jan 9 17:06:37 GMT+0300 2020 [INFO] Client said: 2: []
Thu Jan 9 17:06:37 GMT+0300 2020 [INFO] Loaded  LoadingItem(url: http://62.113.113.58:8080/files/swf/Couturier_4e20b623ef65e53df4c6aebd774be260.swf, status: 2) 
Thu Jan 9 17:06:36 GMT+0300 2020 [INFO] Client said: 17: ["house_238_livingroom"]
Thu Jan 9 17:06:25 GMT+0300 2020 [INFO] [YandexMetrics.reachGoal] Call reach goal 'click_buy_product' for counter 31321471
Thu Jan 9 17:06:25 GMT+0300 2020 [INFO] Client said: 34: [null, "b.chkprchs", {qnt: 1, prid: "pack1500", pmnt: null}]
Thu Jan 9 17:06:23 GMT+0300 2020 [INFO] [YandexMetrics.reachGoal] Call reach goal 'show_payment_dialog' for counter 31321471
Thu Jan 9 17:06:13 GMT+0300 2020 [INFO] Client said: 34: [null, "frn.bnrm", {nm: "Ванная", ltml: {x: 3.5, rid: "", lid: 95892751, z: 0, d: 3, y: 0, tpid: "door1"}, id: "livingroom", tpid: "room1", pind: 2}]
Thu Jan 9 17:06:07 GMT+0300 2020 [INFO] Client said: 34: [null, "frn.bnrm", {nm: "Спальня", ltml: {x: 3.5, rid: "", lid: 95892751, z: 0, d: 3, y: 0, tpid: "door1"}, id: "livingroom", tpid: "room1", pind: 2}]
Thu Jan 9 17:05:59 GMT+0300 2020 [INFO] Loaded  LoadingItem(url: http://62.113.113.58:8080/files/swf/furniture/house/DoorBase.swf, status: 2) 
Thu Jan 9 17:05:57 GMT+0300 2020 [INFO] Server said: 34: ["h.oinfo", {ath: false, plr: {uid: "238", clths: {clths: [{tpid: "girlShirt12", clid: null}, {tpid: "girlShoes14", clid: null}, {tpid: "girlPants9", clid: null}]}, usrinf: {rl: 0}, ci: {lwts: 0, gdc: 0, lgt: 0, eml: null, crt: 10, shcr: true, rpt: 0, actrp: 0, vexp: 1965298000, vip: true, vsexp: 1965298000, crst: 0, actrt: 0, rtrtm: 0, vsact: true, lvt: 1578578418, vret: 0, fexp: 0, bcld: 0, trcd: 0, ceid: 0, skrt: 0, gtrfrd: 0, sbrt: 0, vfgc: 0, sbid: null, plcmt: {}, skid: null, lrnt: 0, fak: null, ys: 0, compid: 0, actrd: 0, cmid: 0, dr: true, kyktid: null, spp: 0, trid: null, tts: null, as: null, shousd: false, exp: 85800, hrt: 17673, strfrd: 0, pamns: {amn: []}, ysct: 0}, apprnc: {brt: 5, hc: 1, ht: 131, ec: 4, pt: 0, rc: 1, rg: 0, mt: 1, bt: 0, g: 2, sh: 0, et: 36, brc: 3, ss: 0, ssc: 1, fat: 0, n: "Чёрная кровь", pc: 1, fac: 1, fft: 0, shc: 1, mc: 2, nct: 0, bc: 1, sc: 3}, mbm: {sk: "blackMobileSkin", ac: null}, pf: {pf: {vsgst: {tp: "vsgst", l: 20, pgs: 0}, jntr: {tp: "jntr", l: 20, pgs: 0}, phtghr: {tp: "phtghr", l: 20, pgs: 0}, grdnr: {tp: "grdnr", l: 20, pgs: 0}}}}, hs: {lt: 0, r: [{nm: "Комната 1", id: "1", f: [{x: 0, y: 0, lid: 3, z: 0, d: 5, tpid: "floor4"}, {x: 3, rid: "outside", y: 0, lid: 4, z: 0, d: 3, tpid: "door4"}, {x: 13, y: 0, lid: 2, z: 0, d: 5, tpid: "wall15"}, {x: 0, y: 0, lid: 1, z: 0, d: 3, tpid: "wall15"}], lev: 2, l: 13, w: 13}, {nm: "Комната 5", id: "5", f: [{x: 0, y: 0, lid: 3, z: 0, d: 5, tpid: "floor4"}, {x: 3, rid: "outside", y: 0, lid: 4, z: 0, d: 3, tpid: "door4"}, {x: 13, y: 0, lid: 2, z: 0, d: 5, tpid: "wall15"}, {x: 0, y: 0, lid: 1, z: 0, d: 3, tpid: "wall15"}], lev: 2, l: 13, w: 13}, {nm: "#livingRoom", id: "livingroom", f: [{x: 0, y: 0, lid: 1, z: 0, d: 3, tpid: "wall15"}, {x: 0, y: 0, lid: 38152882, z: 0, d: 5, tpid: "flrAq1"}, {x: 13, y: 0, lid: 2, z: 0, d: 5, tpid: "wall15"}, {x: 0.484375, rid: "outside", y: 0, lid: 4, z: 0, d: 3, tpid: "door4"}, {x: 0, y: 0, lid: 3, z: 0, d: 5, tpid: "floor4"}, {x: 13, y: 0, lid: 43337540, z: 0, d: 5, tpid: "wllAq1"}], lev: 1, l: 13, w: 13}, {nm: "Комната 4", id: "4", f: [{x: 0, y: 0, lid: 3, z: 0, d: 5, tpid: "floor4"}, {x: 3, rid: "outside", y: 0, lid: 4, z: 0, d: 3, tpid: "door4"}, {x: 13, y: 0, lid: 2, z: 0, d: 5, tpid: "wall15"}, {x: 0, y: 0, lid: 1, z: 0, d: 3, tpid: "wall15"}], lev: 2, l: 13, w: 13}, {nm: "Комната 3", id: "3", f: [{x: 0, y: 0, lid: 3, z: 0, d: 5, tpid: "floor4"}, {x: 3, rid: "outside", y: 0, lid: 4, z: 0, d: 3, tpid: "door4"}, {x: 13, y: 0, lid: 2, z: 0, d: 5, tpid: "wall15"}, {x: 0, y: 0, lid: 1, z: 0, d: 3, tpid: "wall15"}], lev: 2, l: 13, w: 13}, {nm: "Комната 2", id: "2", f: [{x: 0, y: 0, lid: 3, z: 0, d: 5, tpid: "floor4"}, {x: 3, rid: "outside", y: 0, lid: 4, z: 0, d: 3, tpid: "door4"}, {x: 13, y: 0, lid: 2, z: 0, d: 5, tpid: "wall15"}, {x: 0, y: 0, lid: 1, z: 0, d: 3, tpid: "wall15"}], lev: 2, l: 13, w: 13}]}}]
Thu Jan 9 17:05:51 GMT+0300 2020 [INFO] Client said: 34: [null, "h.oinfo", {uid: "238"}]
Thu Jan 9 17:05:48 GMT+0300 2020 [INFO] Server said: 34: ["b.ingld", {ingld: 1500}]
Thu Jan 9 17:05:48 GMT+0300 2020 [INFO] Server said: 34: ["ntf.res", {res: {enrg: 500, emd: 0, gld: 94594, slvr: 10000}}]
Thu Jan 9 17:05:48 GMT+0300 2020 [INFO] [YandexMetrics.reachGoal] Call reach goal 'click_buy_product' for counter 31321471
Thu Jan 9 17:05:48 GMT+0300 2020 [INFO] Client said: 34: [null, "b.chkprchs", {qnt: 1, prid: "pack1500", pmnt: null}]
Thu Jan 9 17:05:46 GMT+0300 2020 [INFO] [YandexMetrics.reachGoal] Call reach goal 'show_payment_dialog' for counter 31321471
Thu Jan 9 17:05:41 GMT+0300 2020 [INFO] Server said: 34: ["b.ingld", {ingld: 9999}]
Thu Jan 9 17:05:41 GMT+0300 2020 [INFO] Server said: 34: ["ntf.res", {res: {enrg: 500, emd: 0, gld: 93094, slvr: 10000}}]
Thu Jan 9 17:05:40 GMT+0300 2020 [INFO] [YandexMetrics.reachGoal] Call reach goal 'click_buy_product' for counter 31321471
Thu Jan 9 17:05:40 GMT+0300 2020 [INFO] Client said: 34: [null, "b.chkprchs", {qnt: 1, prid: "pack9999", pmnt: {ct1: null, ct3: null, ctx: {dialogSource: "clothesShopDialog"}, srv: 1, tpid: "grlTShtPrfPhr", ct2: null}}]
Thu Jan 9 17:05:39 GMT+0300 2020 [INFO] [YandexMetrics.reachGoal] Call reach goal 'show_payment_dialog' for counter 31321471
Thu Jan 9 17:05:36 GMT+0300 2020 [INFO] Server said: 34: ["b.ingld", {ingld: 9999}]
Thu Jan 9 17:05:36 GMT+0300 2020 [INFO] Server said: 34: ["ntf.res", {res: {enrg: 500, emd: 0, gld: 83095, slvr: 10000}}]
Thu Jan 9 17:05:35 GMT+0300 2020 [INFO] [YandexMetrics.reachGoal] Call reach goal 'click_buy_product' for counter 31321471
Thu Jan 9 17:05:35 GMT+0300 2020 [INFO] Client said: 34: [null, "b.chkprchs", {qnt: 1, prid: "pack9999", pmnt: {ct1: null, ct3: null, ctx: {dialogSource: "clothesShopDialog"}, srv: 1, tpid: "grlTShtPrfPhr", ct2: null}}]
Thu Jan 9 17:05:33 GMT+0300 2020 [INFO] [YandexMetrics.reachGoal] Call reach goal 'show_payment_dialog' for counter 31321471
Thu Jan 9 17:05:30 GMT+0300 2020 [INFO] Server said: 34: ["b.ingld", {ingld: 9999}]
Thu Jan 9 17:05:30 GMT+0300 2020 [INFO] Server said: 34: ["ntf.res", {res: {enrg: 500, emd: 0, gld: 73096, slvr: 10000}}]