ClientError: Thu Jan 9 18:24:41 GMT+0300 2020 [CRITICAL] [salon] *Uncaught Error* ErrorId: 1009 ErrorName: TypeError ErrorMessage:Error #1009 ErrorStackTrace:TypeError: Error #1009
	at _-0eV::RoomMemberContainer/addAvatar()
	at _-PQ::BaseRoomScreen/addAvatar()
	at _-PQ::BaseRoomScreen/onRefreshAvatar()
	at flash.events::EventDispatcher/dispatchEvent()
	at _-2CM::BaseRoomNetManager/onRefreshAvatar()
	at flash.events::EventDispatcher/dispatchEvent()
	at ags::_-2t/_-2dI()
	at flash.events::EventDispatcher/dispatchEvent()
	at _-0en::_-0O8/_-1LF()
	at _-0en::_-0O8/execute()
	at ags::AGSClient/_-0i9()
	at ags::AGSClient/_-2ZF()
	at ags::AGSClient/_-2Ea()
Thu Jan 9 18:24:41 GMT+0300 2020 [INFO] Server said: 34: ["o.r.ra", {plr: {usrinf: {rl: 0}, clths: {clths: [{tpid: "grlSD16Dcr", clid: null}, {tpid: "girlShirt12", clid: null}, {tpid: "girlPants9", clid: null}, {tpid: "grlSD16Ovrl", clid: null}, {tpid: "grlSD16Shs", clid: null}, {tpid: "grlSD16Stk", clid: null}, {tpid: "grlSD16Brcl", clid: null}]}, locinfo: {x: 12.25, s: "127.0.0.1", y: 14.63, st: 23, shlc: true, at: "", pl: "", d: 4, l: "salon_sn1_1"}, apprnc: {ssc: 1, rc: 11, shc: 12, ec: 5, g: 2, rg: 1, pc: 1, mc: 15, fat: 0, bt: 0, ht: 129, brc: 1, n: "Хейзерша", ss: 0, pt: 0, nct: 0, hc: 20, mt: 31, fac: 1, sh: 1, bc: 1, et: 37, brt: 23, fft: 7, sc: 1}, ci: {lvt: 1578583174, exp: 85800, skrt: 0, trcd: 0, crt: 562, vexp: 1965298000, sbrt: 0, vsexp: 1965298000, ys: 0, vip: true, rpt: 0, fexp: 0, vsact: true, kyktid: null, actrd: 0, sbid: null, bcld: 0, tts: null, lwts: 0, lrnt: 0, crst: 0, eml: null, vret: 0, hrt: 10173, pamns: {amn: []}, compid: 0, ysct: 0, vfgc: 0, as: null, ceid: 0, plcmt: {}, fak: null, cmid: 0, shcr: true, dr: true, trid: "freelanceModerator", gtrfrd: 0, spp: 0, strfrd: 0, rtrtm: 0, actrp: 0, lgt: 0, skid: null, gdc: 0, actrt: 0, shousd: false}, mbm: {ac: null, sk: "blackMobileSkin"}, uid: "350", pf: {pf: {phtghr: {pgs: 0, l: 20, tp: "phtghr"}, jntr: {pgs: 0, l: 20, tp: "jntr"}, vsgst: {pgs: 0, l: 20, tp: "vsgst"}, grdnr: {pgs: 0, l: 20, tp: "grdnr"}}}}}]
Thu Jan 9 18:24:39 GMT+0300 2020 [INFO] Client said: 34: ["salon_sn1_1", "o.r.info", {rid: "sn1"}]
Thu Jan 9 18:24:39 GMT+0300 2020 [INFO] Server said: 34: ["o.gr", {rid: "salon_sn1_1"}]
Thu Jan 9 18:24:39 GMT+0300 2020 [INFO] Server said: 16: ["salon_sn1_1", "814"]
Thu Jan 9 18:24:38 GMT+0300 2020 [INFO] Server said: 34: ["o.r.jn", {plr: {usrinf: {rl: 0}, clths: {clths: [{tpid: "girlShirt12", clid: null}, {tpid: "girlShoes14", clid: null}, {tpid: "girlPants9", clid: null}]}, locinfo: {x: -1, s: "127.0.0.1", y: -1, st: 0, shlc: true, at: "", pl: "", d: 4, l: "salon_sn1_1"}, apprnc: {ssc: 1, rc: 1, shc: 1, ec: 2, g: 2, rg: 0, pc: 1, mc: 2, fat: 0, bt: 0, ht: 132, brc: 5, n: "Goddess", ss: 0, pt: 0, nct: 0, hc: 5, mt: 3, fac: 1, sh: 0, bc: 1, et: 1, brt: 29, fft: 0, sc: 2}, ci: {lvt: 1578583486, exp: 85800, skrt: 0, trcd: 0, crt: 10, vexp: 1965298000, sbrt: 0, vsexp: 1965298000, ys: 0, vip: true, rpt: 0, fexp: 0, vsact: true, kyktid: null, actrd: 0, sbid: null, bcld: 0, tts: null, lwts: 0, lrnt: 0, crst: 0, eml: null, vret: 0, hrt: 174, pamns: {amn: []}, compid: 0, ysct: 0, vfgc: 0, as: null, ceid: 0, plcmt: {}, fak: null, cmid: 0, shcr: true, dr: true, trid: null, gtrfrd: 0, spp: 0, strfrd: 0, rtrtm: 0, actrp: 0, lgt: 0, skid: null, gdc: 0, actrt: 0, shousd: false}, mbm: {ac: null, sk: "blackMobileSkin"}, uid: "814", pf: {pf: {phtghr: {pgs: 0, l: 20, tp: "phtghr"}, jntr: {pgs: 0, l: 20, tp: "jntr"}, vsgst: {pgs: 0, l: 20, tp: "vsgst"}, grdnr: {pgs: 0, l: 20, tp: "grdnr"}}}}}]
Thu Jan 9 18:24:29 GMT+0300 2020 [INFO] Server said: 34: ["o.r.ra", {plr: {usrinf: {rl: 0}, clths: {clths: [{tpid: "grlSD16Dcr", clid: null}, {tpid: "girlShirt12", clid: null}, {tpid: "girlPants9", clid: null}, {tpid: "grlSD16Ovrl", clid: null}, {tpid: "grlSD16Shs", clid: null}, {tpid: "grlSD16Stk", clid: null}, {tpid: "grlSD16Brcl", clid: null}]}, locinfo: {x: 12.25, s: "127.0.0.1", y: 14.63, st: 23, shlc: true, at: "", pl: "", d: 4, l: "salon_sn1_1"}, apprnc: {ssc: 1, rc: 11, shc: 12, ec: 5, g: 2, rg: 1, pc: 1, mc: 15, fat: 0, bt: 0, ht: 129, brc: 1, n: "Хейзерша", ss: 0, pt: 0, nct: 0, hc: 20, mt: 31, fac: 1, sh: 1, bc: 1, et: 37, brt: 23, fft: 7, sc: 1}, ci: {lvt: 1578583174, exp: 85800, skrt: 0, trcd: 0, crt: 562, vexp: 1965298000, sbrt: 0, vsexp: 1965298000, ys: 0, vip: true, rpt: 0, fexp: 0, vsact: true, kyktid: null, actrd: 0, sbid: null, bcld: 0, tts: null, lwts: 0, lrnt: 0, crst: 0, eml: null, vret: 0, hrt: 10173, pamns: {amn: []}, compid: 0, ysct: 0, vfgc: 0, as: null, ceid: 0, plcmt: {}, fak: null, cmid: 0, shcr: true, dr: true, trid: "freelanceModerator", gtrfrd: 0, spp: 0, strfrd: 0, rtrtm: 0, actrp: 0, lgt: 0, skid: null, gdc: 0, actrt: 0, shousd: false}, mbm: {ac: null, sk: "blackMobileSkin"}, uid: "350", pf: {pf: {phtghr: {pgs: 0, l: 20, tp: "phtghr"}, jntr: {pgs: 0, l: 20, tp: "jntr"}, vsgst: {pgs: 0, l: 20, tp: "vsgst"}, grdnr: {pgs: 0, l: 20, tp: "grdnr"}}}}}]
Thu Jan 9 18:24:07 GMT+0300 2020 [INFO] Client said: 34: [null, "o.gr", {lid: "salon", gid: "sn1"}]
Thu Jan 9 18:24:07 GMT+0300 2020 [INFO] Server said: 1: ["814", true, false, false]
Thu Jan 9 18:23:21 GMT+0300 2020 [INFO] Client said: 1: ["street", "814", "axQPkNQlahfUqmTPyhGW", {clvrn: "84.0.4", v: 2}]
Thu Jan 9 18:23:15 GMT+0300 2020 [INFO] Client said: 2: []
Thu Jan 9 18:23:15 GMT+0300 2020 [INFO] Loaded  LoadingItem(url: http://62.113.113.58:8080/files/swf/Salon_1fe14ef0cdf189794ef74d591993d3f5.swf, status: 2) 
Thu Jan 9 18:23:03 GMT+0300 2020 [INFO] Client said: 17: ["house_814_livingroom"]
Thu Jan 9 18:23:02 GMT+0300 2020 [INFO] Client said: 34: ["house_814_livingroom", "h.r.u", {x: 3.41, y: 2.41, st: 23, at: "", uid: "814", d: 6}]
Thu Jan 9 18:22:57 GMT+0300 2020 [INFO] Client said: 34: ["house_814_livingroom", "h.r.m", {dy: 2.41, sy: 8.75, dx: 3.41, uid: "814", sx: 5.31}]
Thu Jan 9 18:22:54 GMT+0300 2020 [INFO] Client said: 34: [null, "psp.pspdr", {dr: false}]
Thu Jan 9 18:22:49 GMT+0300 2020 [INFO] Server said: 34: ["h.r.ra", {plr: {usrinf: {rl: 0}, clths: {clths: [{tpid: "girlShirt12", clid: null}, {tpid: "girlShoes14", clid: null}, {tpid: "girlPants9", clid: null}]}, locinfo: {x: 5.31, s: "127.0.0.1", y: 8.75, st: 23, shlc: true, at: "", pl: "", d: 4, l: "house_814_livingroom"}, apprnc: {ssc: 1, rc: 1, shc: 1, ec: 2, g: 2, rg: 0, pc: 1, mc: 2, fat: 0, bt: 0, ht: 132, brc: 5, n: "Goddess", ss: 0, pt: 0, nct: 0, hc: 5, mt: 3, fac: 1, sh: 0, bc: 1, et: 1, brt: 29, fft: 0, sc: 2}, ci: {lvt: 1578582628, exp: 85800, skrt: 0, trcd: 0, crt: 10, vexp: 1965298000, sbrt: 0, vsexp: 1965298000, ys: 0, vip: true, rpt: 0, fexp: 0, vsact: true, kyktid: null, actrd: 0, sbid: null, bcld: 0, tts: null, lwts: 0, lrnt: 0, crst: 0, eml: null, vret: 0, hrt: 174, pamns: {amn: []}, compid: 0, ysct: 0, vfgc: 0, as: null, ceid: 0, plcmt: {}, fak: null, cmid: 0, shcr: true, dr: true, trid: null, gtrfrd: 0, spp: 0, strfrd: 0, rtrtm: 0, actrp: 0, lgt: 0, skid: null, gdc: 0, actrt: 0, shousd: false}, mbm: {ac: null, sk: "blackMobileSkin"}, uid: "814", pf: {pf: {phtghr: {pgs: 0, l: 20, tp: "phtghr"}, jntr: {pgs: 0, l: 20, tp: "jntr"}, vsgst: {pgs: 0, l: 20, tp: "vsgst"}, grdnr: {pgs: 0, l: 20, tp: "grdnr"}}}}}]
Thu Jan 9 18:22:47 GMT+0300 2020 [INFO] Client said: 34: ["house_814_livingroom", "h.r.ra", {}]
Thu Jan 9 18:22:47 GMT+0300 2020 [INFO] Server said: 34: ["a.apprnc.rnn", {unm: "Goddess", res: {enrg: 500, gld: 1600, emd: 0, slvr: 10000}}]
Thu Jan 9 18:22:46 GMT+0300 2020 [INFO] Client said: 34: [null, "a.apprnc.rnn", {unm: "Goddess"}]
Thu Jan 9 18:22:36 GMT+0300 2020 [INFO] Client said: 34: ["house_814_livingroom", "h.r.u", {x: 5.31, y: 8.75, st: 23, at: "", uid: "814", d: 4}]
Thu Jan 9 18:22:36 GMT+0300 2020 [INFO] Client said: 34: ["house_814_livingroom", "h.r.m", {dy: 8.75, sy: 8.22, dx: 5.31, uid: "814", sx: 5.73}]
Thu Jan 9 18:22:35 GMT+0300 2020 [INFO] Client said: 34: ["house_814_livingroom", "h.r.m", {dy: 7.81, sy: 8.22, dx: 8.19, uid: "814", sx: 3.66}]
Thu Jan 9 18:22:31 GMT+0300 2020 [INFO] Server said: 34: ["b.ingld", {ingld: 1500}]
Thu Jan 9 18:22:31 GMT+0300 2020 [INFO] Server said: 34: ["ntf.res", {res: {enrg: 500, gld: 1600, emd: 0, slvr: 10000}}]
Thu Jan 9 18:22:30 GMT+0300 2020 [INFO] Server said: 34: ["spt.init", {a: false}]
Thu Jan 9 18:22:22 GMT+0300 2020 [INFO] [YandexMetrics.reachGoal] Call reach goal 'click_buy_product' for counter 31321471
Thu Jan 9 18:22:22 GMT+0300 2020 [INFO] Client said: 34: [null, "b.chkprchs", {pmnt: null, prid: "pack1500", qnt: 1}]
Thu Jan 9 18:22:21 GMT+0300 2020 [INFO] [YandexMetrics.onCounterInit] Yandex metrics counter 31321471 inited
Thu Jan 9 18:22:21 GMT+0300 2020 [INFO] [YandexMetrics.reachGoal] Call reach goal 'show_payment_dialog' for counter 31321471
Thu Jan 9 18:22:20 GMT+0300 2020 [INFO] Client said: 34: ["house_814_livingroom", "h.r.u", {x: 3.66, y: 8.22, st: 23, at: "", uid: "814", d: 5}]
Thu Jan 9 18:22:19 GMT+0300 2020 [INFO] [YandexMetrics.initCounter] Try to init Yandex metrics counter 31321471
Thu Jan 9 18:22:19 GMT+0300 2020 [INFO] Client said: 34: [null, "spt.init", {}]
Thu Jan 9 18:22:15 GMT+0300 2020 [INFO] Client said: 34: ["house_814_livingroom", "h.r.m", {dy: 8.22, sy: 1.73, dx: 3.66, uid: "814", sx: 11.5}]
Thu Jan 9 18:22:10 GMT+0300 2020 [INFO] Client said: 34: [null, "cln.crt", {rtid: "glamour", cin: "1", pc: "5555", ctl: "это моя комнат", ctg: "хеее"}]
Thu Jan 9 18:21:31 GMT+0300 2020 [INFO] Client said: 34: [null, "crq.urst", {}]
Thu Jan 9 18:21:25 GMT+0300 2020 [INFO] Client said: 34: [null, "cln.grci", {clid: "grcm"}]
Thu Jan 9 18:21:21 GMT+0300 2020 [INFO] Client said: 34: ["house_814_livingroom", "h.r.u", {x: 11.5, y: 1.73, st: 23, at: "", uid: "814", d: 0}]
Thu Jan 9 18:21:17 GMT+0300 2020 [INFO] Client said: 34: ["house_814_livingroom", "h.r.m", {dy: 1.73, sy: 0.1, dx: 11.5, uid: "814", sx: 4.05}]