ClientError: Thu Jan 9 18:24:01 GMT+0300 2020 [CRITICAL] [house] *Uncaught Error* ErrorId: 1009 ErrorName: TypeError ErrorMessage:Error #1009 ErrorStackTrace:TypeError: Error #1009
	at MethodInfo-2()
	at flash.events::EventDispatcher/dispatchEvent()
	at _-jr::FurnitureLoader/_-2qc()
	at flash.events::EventDispatcher/dispatchEvent()
	at _-0bS::MassLoader/_-4Ql()
	at _-0bS::MassLoader/_-WZ()
	at flash.events::EventDispatcher/dispatchEvent()
	at _-18R::LoadingItem/onComplete()
	at _-18R::SWFLoadingItem/onComplete()
	at MethodInfo-7()
Thu Jan 9 18:24:01 GMT+0300 2020 [INFO] Loaded  LoadingItem(url: http://62.113.113.58:8080/files/swf/furniture/furniture/CaseCountry.swf?2, status: 2) 
Thu Jan 9 18:23:57 GMT+0300 2020 [INFO] Client said: 34: ["house_919_livingroom", "h.r.rfr", {}]
Thu Jan 9 18:23:57 GMT+0300 2020 [INFO] Server said: 34: ["frn.save", {ci: {kyktid: null, skrt: 0, hrt: 183, trid: null, skid: null, compid: 0, trcd: 0, actrt: 0, exp: 85800, actrp: 0, sbid: null, gdc: 0, sbrt: 0, ys: 0, lgt: 0, plcmt: {}, actrd: 0, ysct: 0, pamns: {amn: []}, shousd: false, fak: null, vexp: 1965298000, crst: 0, shcr: true, vsexp: 1965298000, cmid: 0, as: null, gtrfrd: 0, vsact: true, dr: true, vip: true, lvt: 1578583034, strfrd: 0, vret: 0, spp: 0, lrnt: 0, rtrtm: 0, vfgc: 0, tts: null, lwts: 0, fexp: 0, ceid: 0, eml: null, rpt: 0, crt: 640, bcld: 0}, hs: {w: 13, l: 13, f: [{x: 0, tpid: "floor4", y: 0, lid: 3, z: 0, d: 5}, {x: 9, tpid: "furnitureMisc2", y: 6, lid: 80260932, z: 0, d: 5}, {x: 13, tpid: "wall15", y: 0, lid: 2, z: 0, d: 5}, {x: 0, tpid: "wall15", y: 0, lid: 1, z: 0, d: 3}, {rid: "outside", x: 3, tpid: "door4", y: 0, lid: 4, z: 0, d: 3}], lev: 1, nm: "house", id: "livingroom"}, inv: {c: {frn: {it: [], id: "frn"}, lt: {it: [], id: "lt"}, gm: {it: [{c: 1, iid: "", tid: "blackMobileSkin"}], id: "gm"}, act: {it: [], id: "act"}, cls: {it: [{c: 1, iid: "", tid: "girlUnderdress1"}, {c: 1, iid: "", tid: "girlUnderdress2"}, {c: 1, iid: "", tid: "girlShirt12"}, {c: 1, iid: "", tid: "girlTopNY20Gld"}, {c: 1, iid: "", tid: "girlTShrtSh"}], id: "cls"}}}}]
Thu Jan 9 18:23:57 GMT+0300 2020 [INFO] Client said: 34: ["house_919_livingroom", "frn.save", {f: [{oid: 80260932, tpid: "furnitureMisc2", d: 5, tm: 1578583432846, x: 9, z: 0, t: 1, y: 6}]}]
Thu Jan 9 18:23:53 GMT+0300 2020 [INFO] Client said: 34: ["house_919_livingroom", "frn.save", {f: [{oid: 80260932, tpid: "furnitureMisc2", d: 5, tm: 1578583432846, x: 9, z: 0, t: 1, y: 6}]}]
Thu Jan 9 18:23:50 GMT+0300 2020 [INFO] Server said: 34: ["ntf.res", {res: {gld: 2925, emd: 0, enrg: 500, slvr: 9100}}]
Thu Jan 9 18:23:49 GMT+0300 2020 [INFO] Server said: 34: ["ntf.inv", {it: {c: 1, iid: "", tid: "furnitureMisc2"}}]
Thu Jan 9 18:23:48 GMT+0300 2020 [INFO] Client said: 34: [null, "frn.buy", {pind: 2, tpid: "furnitureMisc2", cnt: 1}]
Thu Jan 9 18:23:47 GMT+0300 2020 [INFO] Loaded  LoadingItem(url: http://62.113.113.58:8080/files/swf/furniture/furniture/WardrobeBase.swf, status: 2) 
Thu Jan 9 18:23:07 GMT+0300 2020 [INFO] Server said: 34: ["h.r.ra", {plr: {usrinf: {rl: 0}, uid: "919", locinfo: {at: "", x: 7.5, l: "house_919_livingroom", y: 3.56, s: "127.0.0.1", st: 23, d: 4, shlc: true, pl: ""}, ci: {kyktid: null, skrt: 0, hrt: 174, trid: null, skid: null, compid: 0, trcd: 0, actrt: 0, exp: 85800, actrp: 0, sbid: null, gdc: 0, sbrt: 0, ys: 0, lgt: 0, plcmt: {}, actrd: 0, ysct: 0, pamns: {amn: []}, shousd: false, fak: null, vexp: 1965298000, crst: 0, shcr: true, vsexp: 1965298000, cmid: 0, as: null, gtrfrd: 0, vsact: true, dr: true, vip: true, lvt: 1578583034, strfrd: 0, vret: 0, spp: 0, lrnt: 0, rtrtm: 0, vfgc: 0, tts: null, lwts: 0, fexp: 0, ceid: 0, eml: null, rpt: 0, crt: 640, bcld: 0}, apprnc: {rg: 0, pt: 0, mt: 2, fat: 0, ss: 0, sh: 0, g: 2, brt: 29, mc: 3, et: 2, ec: 2, pc: 1, rc: 1, shc: 1, ht: 128, fft: 0, hc: 1, brc: 1, nct: 0, n: "***Вика***", ssc: 1, fac: 1, bc: 1, bt: 0, sc: 1}, clths: {clths: [{clid: null, tpid: "girlPants9"}, {clid: null, tpid: "girlTShrtInnknt"}, {clid: null, tpid: "girlShoes14"}]}, mbm: {ac: null, sk: "blackMobileSkin"}, pf: {pf: {grdnr: {l: 20, pgs: 0, tp: "grdnr"}, jntr: {l: 20, pgs: 0, tp: "jntr"}, phtghr: {l: 20, pgs: 0, tp: "phtghr"}, vsgst: {l: 20, pgs: 0, tp: "vsgst"}}}}}]
Thu Jan 9 18:23:06 GMT+0300 2020 [INFO] Client said: 34: ["house_919_livingroom", "h.r.ra", {}]
Thu Jan 9 18:23:06 GMT+0300 2020 [INFO] Server said: 34: ["a.clths.buy", {ccltn: {cn: "", cct: ["girlPants9", "girlTShrtInnknt", "girlShoes14"], ctp: "casual"}, res: {gld: 2925, emd: 0, enrg: 500, slvr: 10000}, clths: {clths: [{clid: null, tpid: "girlPants9"}, {clid: null, tpid: "girlTShrtInnknt"}, {clid: null, tpid: "girlShoes14"}]}, crt: 640, inv: {c: {frn: {it: [], id: "frn"}, lt: {it: [], id: "lt"}, gm: {it: [{c: 1, iid: "", tid: "blackMobileSkin"}], id: "gm"}, act: {it: [], id: "act"}, cls: {it: [{c: 1, iid: "", tid: "girlUnderdress1"}, {c: 1, iid: "", tid: "girlUnderdress2"}, {c: 1, iid: "", tid: "girlShirt12"}, {c: 1, iid: "", tid: "girlTopNY20Gld"}, {c: 1, iid: "", tid: "girlTShrtSh"}], id: "cls"}}}}]
Thu Jan 9 18:23:03 GMT+0300 2020 [INFO] Client said: 34: [null, "a.clths.buy", {pind: 1, tpid: "girlTShrtInnknt", ctp: "casual"}]
Thu Jan 9 18:22:58 GMT+0300 2020 [INFO] Server said: 34: ["h.r.ra", {plr: {usrinf: {rl: 0}, uid: "919", locinfo: {at: "", x: 7.5, l: "house_919_livingroom", y: 3.56, s: "127.0.0.1", st: 23, d: 4, shlc: true, pl: ""}, ci: {kyktid: null, skrt: 0, hrt: 174, trid: null, skid: null, compid: 0, trcd: 0, actrt: 0, exp: 85800, actrp: 0, sbid: null, gdc: 0, sbrt: 0, ys: 0, lgt: 0, plcmt: {}, actrd: 0, ysct: 0, pamns: {amn: []}, shousd: false, fak: null, vexp: 1965298000, crst: 0, shcr: true, vsexp: 1965298000, cmid: 0, as: null, gtrfrd: 0, vsact: true, dr: true, vip: true, lvt: 1578583034, strfrd: 0, vret: 0, spp: 0, lrnt: 0, rtrtm: 0, vfgc: 0, tts: null, lwts: 0, fexp: 0, ceid: 0, eml: null, rpt: 0, crt: 340, bcld: 0}, apprnc: {rg: 0, pt: 0, mt: 2, fat: 0, ss: 0, sh: 0, g: 2, brt: 29, mc: 3, et: 2, ec: 2, pc: 1, rc: 1, shc: 1, ht: 128, fft: 0, hc: 1, brc: 1, nct: 0, n: "***Вика***", ssc: 1, fac: 1, bc: 1, bt: 0, sc: 1}, clths: {clths: [{clid: null, tpid: "girlPants9"}, {clid: null, tpid: "girlShoes14"}, {clid: null, tpid: "girlTShrtSh"}]}, mbm: {ac: null, sk: "blackMobileSkin"}, pf: {pf: {grdnr: {l: 20, pgs: 0, tp: "grdnr"}, jntr: {l: 20, pgs: 0, tp: "jntr"}, phtghr: {l: 20, pgs: 0, tp: "phtghr"}, vsgst: {l: 20, pgs: 0, tp: "vsgst"}}}}}]
Thu Jan 9 18:22:57 GMT+0300 2020 [INFO] Client said: 34: ["house_919_livingroom", "h.r.ra", {}]
Thu Jan 9 18:22:57 GMT+0300 2020 [INFO] Server said: 34: ["a.clths.buy", {ccltn: {cn: "", cct: ["girlPants9", "girlShoes14", "girlTShrtSh"], ctp: "casual"}, res: {gld: 3000, emd: 0, enrg: 500, slvr: 10000}, clths: {clths: [{clid: null, tpid: "girlPants9"}, {clid: null, tpid: "girlShoes14"}, {clid: null, tpid: "girlTShrtSh"}]}, crt: 340, inv: {c: {frn: {it: [], id: "frn"}, lt: {it: [], id: "lt"}, gm: {it: [{c: 1, iid: "", tid: "blackMobileSkin"}], id: "gm"}, act: {it: [], id: "act"}, cls: {it: [{c: 1, iid: "", tid: "girlUnderdress1"}, {c: 1, iid: "", tid: "girlUnderdress2"}, {c: 1, iid: "", tid: "girlShirt12"}, {c: 1, iid: "", tid: "girlTopNY20Gld"}], id: "cls"}}}}]
Thu Jan 9 18:22:53 GMT+0300 2020 [INFO] Client said: 34: [null, "a.clths.buy", {pind: 1, tpid: "girlTShrtSh", ctp: "casual"}]
Thu Jan 9 18:22:48 GMT+0300 2020 [INFO] Server said: 34: ["h.r.ra", {plr: {usrinf: {rl: 0}, uid: "919", locinfo: {at: "", x: 7.5, l: "house_919_livingroom", y: 3.56, s: "127.0.0.1", st: 23, d: 4, shlc: true, pl: ""}, ci: {kyktid: null, skrt: 0, hrt: 174, trid: null, skid: null, compid: 0, trcd: 0, actrt: 0, exp: 85800, actrp: 0, sbid: null, gdc: 0, sbrt: 0, ys: 0, lgt: 0, plcmt: {}, actrd: 0, ysct: 0, pamns: {amn: []}, shousd: false, fak: null, vexp: 1965298000, crst: 0, shcr: true, vsexp: 1965298000, cmid: 0, as: null, gtrfrd: 0, vsact: true, dr: true, vip: true, lvt: 1578583034, strfrd: 0, vret: 0, spp: 0, lrnt: 0, rtrtm: 0, vfgc: 0, tts: null, lwts: 0, fexp: 0, ceid: 0, eml: null, rpt: 0, crt: 220, bcld: 0}, apprnc: {rg: 0, pt: 0, mt: 2, fat: 0, ss: 0, sh: 0, g: 2, brt: 29, mc: 3, et: 2, ec: 2, pc: 1, rc: 1, shc: 1, ht: 128, fft: 0, hc: 1, brc: 1, nct: 0, n: "***Вика***", ssc: 1, fac: 1, bc: 1, bt: 0, sc: 1}, clths: {clths: [{clid: null, tpid: "girlPants9"}, {clid: null, tpid: "girlShoes14"}, {clid: null, tpid: "girlTopNY20Gld"}]}, mbm: {ac: null, sk: "blackMobileSkin"}, pf: {pf: {grdnr: {l: 20, pgs: 0, tp: "grdnr"}, jntr: {l: 20, pgs: 0, tp: "jntr"}, phtghr: {l: 20, pgs: 0, tp: "phtghr"}, vsgst: {l: 20, pgs: 0, tp: "vsgst"}}}}}]
Thu Jan 9 18:22:47 GMT+0300 2020 [INFO] Client said: 34: ["house_919_livingroom", "h.r.ra", {}]
Thu Jan 9 18:22:47 GMT+0300 2020 [INFO] Server said: 34: ["a.clths.buy", {ccltn: {cn: "", cct: ["girlPants9", "girlShoes14", "girlTopNY20Gld"], ctp: "casual"}, res: {gld: 3030, emd: 0, enrg: 500, slvr: 10000}, clths: {clths: [{clid: null, tpid: "girlPants9"}, {clid: null, tpid: "girlShoes14"}, {clid: null, tpid: "girlTopNY20Gld"}]}, crt: 220, inv: {c: {frn: {it: [], id: "frn"}, lt: {it: [], id: "lt"}, gm: {it: [{c: 1, iid: "", tid: "blackMobileSkin"}], id: "gm"}, act: {it: [], id: "act"}, cls: {it: [{c: 1, iid: "", tid: "girlUnderdress1"}, {c: 1, iid: "", tid: "girlUnderdress2"}, {c: 1, iid: "", tid: "girlShirt12"}], id: "cls"}}}}]
Thu Jan 9 18:22:44 GMT+0300 2020 [INFO] Client said: 34: [null, "a.clths.buy", {pind: 1, tpid: "girlTopNY20Gld", ctp: "casual"}]
Thu Jan 9 18:22:13 GMT+0300 2020 [INFO] Server said: 34: ["b.ingld", {ingld: 1500}]
Thu Jan 9 18:22:13 GMT+0300 2020 [INFO] Server said: 34: ["ntf.res", {res: {gld: 3100, emd: 0, enrg: 500, slvr: 10000}}]
Thu Jan 9 18:22:12 GMT+0300 2020 [INFO] [YandexMetrics.reachGoal] Call reach goal 'click_buy_product' for counter 31321471
Thu Jan 9 18:22:12 GMT+0300 2020 [INFO] Client said: 34: [null, "b.chkprchs", {qnt: 1, prid: "pack1500", pmnt: null}]
Thu Jan 9 18:22:11 GMT+0300 2020 [INFO] [YandexMetrics.reachGoal] Call reach goal 'show_payment_dialog' for counter 31321471
Thu Jan 9 18:22:09 GMT+0300 2020 [INFO] Server said: 34: ["b.ingld", {ingld: 1500}]
Thu Jan 9 18:22:09 GMT+0300 2020 [INFO] Server said: 34: ["ntf.res", {res: {gld: 1600, emd: 0, enrg: 500, slvr: 10000}}]
Thu Jan 9 18:22:08 GMT+0300 2020 [INFO] [YandexMetrics.onCounterInit] Yandex metrics counter 31321471 inited
Thu Jan 9 18:22:08 GMT+0300 2020 [INFO] [YandexMetrics.reachGoal] Call reach goal 'click_buy_product' for counter 31321471
Thu Jan 9 18:22:08 GMT+0300 2020 [INFO] [YandexMetrics.reachGoal] Call reach goal 'show_payment_dialog' for counter 31321471
Thu Jan 9 18:22:08 GMT+0300 2020 [INFO] Client said: 34: [null, "b.chkprchs", {qnt: 1, prid: "pack1500", pmnt: null}]
Thu Jan 9 18:22:06 GMT+0300 2020 [INFO] Server said: 34: ["spt.init", {a: false}]
Thu Jan 9 18:22:06 GMT+0300 2020 [INFO] [YandexMetrics.initCounter] Try to init Yandex metrics counter 31321471
Thu Jan 9 18:22:06 GMT+0300 2020 [INFO] Client said: 34: [null, "spt.init", {}]
Thu Jan 9 18:22:04 GMT+0300 2020 [INFO] Client said: 34: ["house_919_livingroom", "h.r.u", {at: "", x: 7.5, uid: "919", y: 3.56, st: 23, d: 5}]
Thu Jan 9 18:22:04 GMT+0300 2020 [INFO] Client said: 34: ["house_919_livingroom", "h.r.m", {sx: 8.25, uid: "919", sy: 2.94, dx: 7.5, dy: 3.56}]
Thu Jan 9 18:22:03 GMT+0300 2020 [INFO] Client said: 34: ["house_919_livingroom", "h.r.u", {x: 8.25, st: 5, uid: "919", d: 2, y: 2.94}]