ClientError: Thu Jan 9 20:21:58 GMT+0600 2020 [CRITICAL] [couturier] *Uncaught Error* ErrorId: 1009 ErrorName: TypeError ErrorMessage:Error #1009 ErrorStackTrace:TypeError: Error #1009
	at _-0eV::RoomMemberContainer/addAvatar()
	at _-PQ::BaseRoomScreen/addAvatar()
	at _-PQ::BaseRoomScreen/onRefreshAvatar()
	at flash.events::EventDispatcher/dispatchEvent()
	at _-2CM::BaseRoomNetManager/onRefreshAvatar()
	at flash.events::EventDispatcher/dispatchEvent()
	at ags::_-2t/_-2dI()
	at flash.events::EventDispatcher/dispatchEvent()
	at _-0en::_-0O8/_-1LF()
	at _-0en::_-0O8/execute()
	at ags::AGSClient/_-0i9()
	at ags::AGSClient/_-2ZF()
	at ags::AGSClient/_-2Ea()
Thu Jan 9 20:21:58 GMT+0600 2020 [INFO] Server said: 34: ["o.r.ra", {plr: {mbm: {ac: null, sk: "blackMobileSkin"}, uid: "38", locinfo: {at: "sitItem6", x: 4.12, s: "127.0.0.1", y: 5.54, shlc: true, pl: "", d: 4, l: "couturier_ctr1_1", st: 1}, clths: {clths: [{tpid: "boyTShrtOutsrc2", clid: "17"}, {tpid: "boyPntsNYFtnss", clid: "4"}, {tpid: "boyJcktNYFtnss", clid: "4"}, {tpid: "boyBtsBnny", clid: "4"}]}, ci: {ysct: 0, trcd: 0, as: null, vsact: true, vexp: 1965298000, spp: 0, gdc: 0, plcmt: {}, sbrt: 0, ceid: 0, strfrd: 0, ys: 0, vret: 0, crst: 0, rtrtm: 0, kyktid: null, hrt: 224, skid: null, shcr: true, lrnt: 0, compid: 0, gtrfrd: 0, sbid: null, tts: null, vip: true, actrp: 0, exp: 85800, bcld: 0, vfgc: 0, cmid: 0, actrd: 0, lwts: 0, rpt: 0, pamns: {amn: []}, fexp: 0, lvt: 1578578278, shousd: false, fak: null, trid: null, lgt: 0, skrt: 0, dr: true, vsexp: 1965298000, crt: 14200, actrt: 0, eml: null}, pf: {pf: {jntr: {tp: "jntr", l: 20, pgs: 0}, grdnr: {tp: "grdnr", l: 20, pgs: 0}, vsgst: {tp: "vsgst", l: 20, pgs: 0}, phtghr: {tp: "phtghr", l: 20, pgs: 0}}}, usrinf: {rl: 0}, apprnc: {sc: 2, pc: 1, shc: 1, mt: 13, ht: 60, g: 1, fac: 1, et: 1, mc: 3, brt: 16, pt: 0, n: "Макс", ss: 0, ec: 1, ssc: 1, bc: 1, fft: 3, hc: 25, fat: 0, rg: 0, bt: 0, brc: 29, rc: 1, nct: 0, sh: 0}}}]
Thu Jan 9 20:21:56 GMT+0600 2020 [INFO] Client said: 34: ["couturier_ctr1_1", "o.r.info", {rid: "ctr1"}]
Thu Jan 9 20:21:56 GMT+0600 2020 [INFO] Server said: 34: ["o.gr", {rid: "couturier_ctr1_1"}]
Thu Jan 9 20:21:54 GMT+0600 2020 [INFO] Server said: 16: ["couturier_ctr1_1", "3"]
Thu Jan 9 20:21:54 GMT+0600 2020 [INFO] Server said: 34: ["o.r.jn", {plr: {mbm: {ac: null, sk: "blackMobileSkin"}, uid: "3", locinfo: {at: "", x: -1, s: "127.0.0.1", y: -1, shlc: true, pl: "", d: 4, l: "couturier_ctr1_1", st: 0}, clths: {clths: [{tpid: "boyPntsWnt19Stl", clid: null}, {tpid: "boyBtsPrfClr", clid: null}, {tpid: "boyGlvsHlwnPyrmd", clid: null}, {tpid: "boyPslnShirt4", clid: null}, {tpid: "csl15BBrvErr", clid: null}, {tpid: "csl15BBrvJck", clid: null}, {tpid: "boyFA18Msk5", clid: null}, {tpid: "boyHrnDvl16", clid: null}]}, ci: {ysct: 0, trcd: 0, as: null, vsact: true, vexp: 1965298000, spp: 0, gdc: 0, plcmt: {}, sbrt: 0, ceid: 0, strfrd: 0, ys: 0, vret: 0, crst: 0, rtrtm: 0, kyktid: null, hrt: 2951, skid: null, shcr: true, lrnt: 0, compid: 0, gtrfrd: 0, sbid: null, tts: null, vip: true, actrp: 0, exp: 11100000, bcld: 0, vfgc: 0, cmid: 0, actrd: 0, lwts: 0, rpt: 0, pamns: {amn: []}, fexp: 0, lvt: 1578577737, shousd: false, fak: null, trid: "familyDay2016", lgt: 0, skrt: 0, dr: true, vsexp: 1965298000, crt: 2484, actrt: 0, eml: null}, pf: {pf: {jntr: {tp: "jntr", l: 20, pgs: 0}, grdnr: {tp: "grdnr", l: 20, pgs: 0}, vsgst: {tp: "vsgst", l: 20, pgs: 0}, phtghr: {tp: "phtghr", l: 20, pgs: 0}}}, usrinf: {rl: 5}, apprnc: {sc: 1, pc: 1, shc: 1, mt: 18, ht: 53, g: 1, fac: 10, et: 22, mc: 25, brt: 24, pt: 9, n: ".......", ss: 0, ec: 29, ssc: 1, bc: 25, fft: 8, hc: 25, fat: 4, rg: 0, bt: 9, brc: 29, rc: 1, nct: 0, sh: 0}}}]
Thu Jan 9 20:21:54 GMT+0600 2020 [INFO] Client said: 34: [null, "o.gr", {lid: "couturier", gid: "ctr1"}]
Thu Jan 9 20:21:54 GMT+0600 2020 [INFO] Loaded  LoadingItem(url: http://62.113.113.58:8080/files/swf/Couturier_4e20b623ef65e53df4c6aebd774be260.swf, status: 2) 
Thu Jan 9 20:21:53 GMT+0600 2020 [INFO] Client said: 17: ["club_cl1e_102"]
Thu Jan 9 20:21:49 GMT+0600 2020 [INFO] Client said: 34: ["club_cl1e_102", "o.r.u", {at: "", x: 19.86, uid: "3", y: 9.98, d: 7, st: 23}]
Thu Jan 9 20:21:48 GMT+0600 2020 [INFO] Client said: 34: ["club_cl1e_102", "o.r.m", {dx: 19.86, uid: "3", sx: 21.5, dy: 9.98, sy: 10.5}]
Thu Jan 9 20:21:44 GMT+0600 2020 [INFO] Server said: 34: ["pl.gos", {onl: {}, clid: "online"}]
Thu Jan 9 20:21:44 GMT+0600 2020 [INFO] Client said: 34: [null, "pl.gos", {uids: [], clid: "online"}]
Thu Jan 9 20:21:40 GMT+0600 2020 [INFO] Client said: 34: ["club_cl1e_102", "o.r.u", {x: 21.5, uid: "3", y: 10.5, d: 4, st: 0}]
Thu Jan 9 20:21:39 GMT+0600 2020 [INFO] Server said: 34: ["lg.lst", {glst: []}]
Thu Jan 9 20:21:39 GMT+0600 2020 [INFO] Client said: 34: ["club_cl1e_102", "lg.lst", {}]
Thu Jan 9 20:21:38 GMT+0600 2020 [INFO] Server said: 34: ["o.r.info", {evn: null, rmmb: [{mbm: {ac: null, sk: "blackMobileSkin"}, uid: "3", locinfo: {at: "", x: -1, s: "127.0.0.1", y: -1, shlc: true, pl: "", d: 4, l: "club_cl1e_102", st: 0}, clths: {clths: [{tpid: "boyPntsWnt19Stl", clid: null}, {tpid: "boyBtsPrfClr", clid: null}, {tpid: "boyGlvsHlwnPyrmd", clid: null}, {tpid: "boyPslnShirt4", clid: null}, {tpid: "csl15BBrvErr", clid: null}, {tpid: "csl15BBrvJck", clid: null}, {tpid: "boyFA18Msk5", clid: null}, {tpid: "boyHrnDvl16", clid: null}]}, ci: {ysct: 0, trcd: 0, as: null, vsact: true, vexp: 1965298000, spp: 0, gdc: 0, plcmt: {}, sbrt: 0, ceid: 0, strfrd: 0, ys: 0, vret: 0, crst: 0, rtrtm: 0, kyktid: null, hrt: 2951, skid: null, shcr: true, lrnt: 0, compid: 0, gtrfrd: 0, sbid: null, tts: null, vip: true, actrp: 0, exp: 11100000, bcld: 0, vfgc: 0, cmid: 0, actrd: 0, lwts: 0, rpt: 0, pamns: {amn: []}, fexp: 0, lvt: 1578577737, shousd: false, fak: null, trid: "familyDay2016", lgt: 0, skrt: 0, dr: true, vsexp: 1965298000, crt: 2484, actrt: 0, eml: null}, pf: {pf: {jntr: {tp: "jntr", l: 20, pgs: 0}, grdnr: {tp: "grdnr", l: 20, pgs: 0}, vsgst: {tp: "vsgst", l: 20, pgs: 0}, phtghr: {tp: "phtghr", l: 20, pgs: 0}}}, usrinf: {rl: 5}, apprnc: {sc: 1, pc: 1, shc: 1, mt: 18, ht: 53, g: 1, fac: 10, et: 22, mc: 25, brt: 24, pt: 9, n: ".......", ss: 0, ec: 29, ssc: 1, bc: 25, fft: 8, hc: 25, fat: 4, rg: 0, bt: 9, brc: 29, rc: 1, nct: 0, sh: 0}}]}]
Thu Jan 9 20:21:38 GMT+0600 2020 [INFO] Client said: 34: ["club_cl1e_102", "o.r.info", {rid: "cl1e"}]
Thu Jan 9 20:21:38 GMT+0600 2020 [INFO] Server said: 34: ["o.gr", {rid: "club_cl1e_102"}]
Thu Jan 9 20:21:37 GMT+0600 2020 [INFO] Server said: 16: ["club_cl1e_102", "3"]
Thu Jan 9 20:21:37 GMT+0600 2020 [INFO] Server said: 34: ["o.r.jn", {plr: {mbm: {ac: null, sk: "blackMobileSkin"}, uid: "3", locinfo: {at: "", x: -1, s: "127.0.0.1", y: -1, shlc: true, pl: "", d: 4, l: "club_cl1e_102", st: 0}, clths: {clths: [{tpid: "boyPntsWnt19Stl", clid: null}, {tpid: "boyBtsPrfClr", clid: null}, {tpid: "boyGlvsHlwnPyrmd", clid: null}, {tpid: "boyPslnShirt4", clid: null}, {tpid: "csl15BBrvErr", clid: null}, {tpid: "csl15BBrvJck", clid: null}, {tpid: "boyFA18Msk5", clid: null}, {tpid: "boyHrnDvl16", clid: null}]}, ci: {ysct: 0, trcd: 0, as: null, vsact: true, vexp: 1965298000, spp: 0, gdc: 0, plcmt: {}, sbrt: 0, ceid: 0, strfrd: 0, ys: 0, vret: 0, crst: 0, rtrtm: 0, kyktid: null, hrt: 2951, skid: null, shcr: true, lrnt: 0, compid: 0, gtrfrd: 0, sbid: null, tts: null, vip: true, actrp: 0, exp: 11100000, bcld: 0, vfgc: 0, cmid: 0, actrd: 0, lwts: 0, rpt: 0, pamns: {amn: []}, fexp: 0, lvt: 1578577737, shousd: false, fak: null, trid: "familyDay2016", lgt: 0, skrt: 0, dr: true, vsexp: 1965298000, crt: 2484, actrt: 0, eml: null}, pf: {pf: {jntr: {tp: "jntr", l: 20, pgs: 0}, grdnr: {tp: "grdnr", l: 20, pgs: 0}, vsgst: {tp: "vsgst", l: 20, pgs: 0}, phtghr: {tp: "phtghr", l: 20, pgs: 0}}}, usrinf: {rl: 5}, apprnc: {sc: 1, pc: 1, shc: 1, mt: 18, ht: 53, g: 1, fac: 10, et: 22, mc: 25, brt: 24, pt: 9, n: ".......", ss: 0, ec: 29, ssc: 1, bc: 25, fft: 8, hc: 25, fat: 4, rg: 0, bt: 9, brc: 29, rc: 1, nct: 0, sh: 0}}}]
Thu Jan 9 20:21:36 GMT+0600 2020 [INFO] Server said: 34: ["o.r.ra", {plr: {mbm: {ac: null, sk: "blackMobileSkin"}, uid: "258", locinfo: {at: "sitItem13", x: 5.73, s: "127.0.0.1", y: 8.31, shlc: true, pl: "", d: 4, l: "salon_sn1_1", st: 1}, clths: {clths: [{tpid: "boyBtsHsk", clid: null}, {tpid: "boyHlwn34", clid: null}, {tpid: "boyPntsWnt19Yllw", clid: null}]}, ci: {ysct: 0, trcd: 0, as: null, vsact: true, vexp: 1965298000, spp: 0, gdc: 0, plcmt: {}, sbrt: 0, ceid: 0, strfrd: 0, ys: 0, vret: 0, crst: 0, rtrtm: 0, kyktid: null, hrt: 174, skid: null, shcr: true, lrnt: 0, compid: 0, gtrfrd: 0, sbid: null, tts: null, vip: true, actrp: 0, exp: 85800, bcld: 0, vfgc: 0, cmid: 0, actrd: 0, lwts: 0, rpt: 0, pamns: {amn: []}, fexp: 0, lvt: 1578578832, shousd: false, fak: null, trid: null, lgt: 0, skrt: 0, dr: true, vsexp: 1965298000, crt: 244, actrt: 0, eml: null}, pf: {pf: {jntr: {tp: "jntr", l: 20, pgs: 0}, grdnr: {tp: "grdnr", l: 20, pgs: 0}, vsgst: {tp: "vsgst", l: 20, pgs: 0}, phtghr: {tp: "phtghr", l: 20, pgs: 0}}}, usrinf: {rl: 0}, apprnc: {sc: 2, pc: 1, shc: 1, mt: 23, ht: 85, g: 1, fac: 1, et: 18, mc: 3, brt: 6, pt: 0, n: ".ЕНОТ.", ss: 0, ec: 30, ssc: 1, bc: 1, fft: 7, hc: 25, fat: 0, rg: 0, bt: 0, brc: 5, rc: 1, nct: 0, sh: 0}}}]
Thu Jan 9 20:21:35 GMT+0600 2020 [INFO] Server said: 34: ["o.r.u", {x: 15.5, uid: "40", y: 1.5, d: 4, st: 0}]
Thu Jan 9 20:21:35 GMT+0600 2020 [INFO] Client said: 34: [null, "o.gr", {rid: "102", lid: "club", gid: "cl1e"}]
Thu Jan 9 20:21:35 GMT+0600 2020 [INFO] Loaded  LoadingItem(url: http://62.113.113.58:8080/files/swf/Vip_2725a49acb87e880536759211fd3fa3c.swf, status: 2) 
Thu Jan 9 20:21:35 GMT+0600 2020 [INFO] Server said: 34: ["o.r.m", {dx: 14.42, uid: "188", sx: 8.91, dy: 5.6, sy: 7.16}]
Thu Jan 9 20:21:35 GMT+0600 2020 [INFO] Loaded  LoadingItem(url: http://62.113.113.58:8080/files/swf/Club_3a95bbd15cc322999b75b6f00b12ba88.swf, status: 2) 
Thu Jan 9 20:21:34 GMT+0600 2020 [INFO] Server said: 34: ["o.r.u", {at: "", x: 8.91, uid: "188", y: 7.16, d: 5, st: 23}]
Thu Jan 9 20:21:34 GMT+0600 2020 [INFO] Client said: 17: ["salon_sn1_1"]
Thu Jan 9 20:21:34 GMT+0600 2020 [INFO] Server said: 34: ["o.r.ra", {plr: {mbm: {ac: null, sk: "blackMobileSkin"}, uid: "260", locinfo: {at: "", x: 12.19, s: "127.0.0.1", y: 15.38, shlc: true, pl: "", d: 4, l: "salon_sn1_1", st: 23}, clths: {clths: [{tpid: "girlErrHp", clid: null}, {tpid: "girlJcktWnt19Brg", clid: null}, {tpid: "girlGlssYllw", clid: null}, {tpid: "girlStkNY20Slv", clid: null}, {tpid: "girlTShrtWnt19Pnk", clid: null}, {tpid: "girlShrtsLn", clid: null}, {tpid: "wdn15GWtBts", clid: null}]}, ci: {ysct: 0, trcd: 0, as: null, vsact: true, vexp: 1965298000, spp: 0, gdc: 0, plcmt: {}, sbrt: 0, ceid: 0, strfrd: 0, ys: 0, vret: 0, crst: 0, rtrtm: 0, kyktid: null, hrt: 224, skid: null, shcr: true, lrnt: 0, compid: 0, gtrfrd: 0, sbid: null, tts: null, vip: true, actrp: 0, exp: 85800, bcld: 0, vfgc: 0, cmid: 0, actrd: 0, lwts: 0, rpt: 0, pamns: {amn: []}, fexp: 0, lvt: 1578579093, shousd: false, fak: null, trid: "freelanceMicrophone", lgt: 0, skrt: 0, dr: true, vsexp: 1965298000, crt: 615, actrt: 0, eml: null}, pf: {pf: {jntr: {tp: "jntr", l: 20, pgs: 0}, grdnr: {tp: "grdnr", l: 20, pgs: 0}, vsgst: {tp: "vsgst", l: 20, pgs: 0}, phtghr: {tp: "phtghr", l: 20, pgs: 0}}}, usrinf: {rl: 0}, apprnc: {sc: 1, pc: 1, shc: 1, mt: 31, ht: 123, g: 2, fac: 1, et: 37, mc: 9, brt: 24, pt: 0, n: "комфортная", ss: 3, ec: 10, ssc: 1, bc: 1, fft: 7, hc: 15, fat: 0, rg: 0, bt: 0, brc: 2, rc: 1, nct: 0, sh: 20}}}]
Thu Jan 9 20:21:34 GMT+0600 2020 [INFO] Server said: 34: ["o.r.ra", {plr: {mbm: {ac: null, sk: "blackMobileSkin"}, uid: "293", locinfo: {at: "", x: 9.55, s: "127.0.0.1", y: 1.8, shlc: true, pl: "", d: 4, l: "salon_sn1_1", st: 23}, clths: {clths: [{tpid: "boyPntsFrog", clid: null}, {tpid: "boyNY20VKGiftPllvCnd", clid: null}, {tpid: "boyShoes8", clid: null}]}, ci: {ysct: 0, trcd: 0, as: null, vsact: true, vexp: 1965298000, spp: 0, gdc: 0, plcmt: {}, sbrt: 0, ceid: 0, strfrd: 0, ys: 0, vret: 0, crst: 0, rtrtm: 0, kyktid: null, hrt: 174, skid: null, shcr: true, lrnt: 0, compid: 0, gtrfrd: 0, sbid: null, tts: null, vip: true, actrp: 0, exp: 85800, bcld: 0, vfgc: 0, cmid: 0, actrd: 0, lwts: 0, rpt: 0, pamns: {amn: []}, fexp: 0, lvt: 1578579261, shousd: false, fak: null, trid: null, lgt: 0, skrt: 0, dr: true, vsexp: 1965298000, crt: 653, actrt: 0, eml: null}, pf: {pf: {jntr: {tp: "jntr", l: 20, pgs: 0}, grdnr: {tp: "grdnr", l: 20, pgs: 0}, vsgst: {tp: "vsgst", l: 20, pgs: 0}, phtghr: {tp: "phtghr", l: 20, pgs: 0}}}, usrinf: {rl: 0}, apprnc: {sc: 1, pc: 1, shc: 1, mt: 9, ht: 87, g: 1, fac: 1, et: 23, mc: 24, brt: 14, pt: 0, n: "●●ßǻŧ®ůwkǻ●", ss: 0, ec: 2, ssc: 1, bc: 1, fft: 0, hc: 25, fat: 0, rg: 0, bt: 0, brc: 2, rc: 1, nct: 0, sh: 0}}}]
Thu Jan 9 20:21:33 GMT+0600 2020 [INFO] Server said: 34: ["o.r.u", {x: 12.01, uid: "237", y: 4.34, d: 4, st: 0}]
Thu Jan 9 20:21:33 GMT+0600 2020 [INFO] Server said: 34: ["o.r.u", {x: 15.5, uid: "207", y: 1.5, d: 4, st: 0}]
Thu Jan 9 20:21:32 GMT+0600 2020 [INFO] Server said: 34: ["o.r.u", {at: "", x: 12.19, uid: "260", y: 15.38, d: 4, st: 23}]
Thu Jan 9 20:21:32 GMT+0600 2020 [INFO] Server said: 34: ["o.r.u", {at: "", x: 12.01, uid: "237", y: 4.34, d: 4, st: 23}]
Thu Jan 9 20:21:32 GMT+0600 2020 [INFO] Server said: 34: ["o.r.m", {dx: 12.19, uid: "260", sx: 12.56, dy: 15.38, sy: 13.5}]
Thu Jan 9 20:21:31 GMT+0600 2020 [INFO] Server said: 34: ["o.r.u", {at: "", x: 12.56, uid: "130", y: 3.69, d: 5, st: 23}]
Thu Jan 9 20:21:31 GMT+0600 2020 [INFO] Server said: 34: ["o.r.m", {dx: 8.91, uid: "188", sx: 15.5, dy: 7.16, sy: 1.5}]
Thu Jan 9 20:21:31 GMT+0600 2020 [INFO] Server said: 34: ["ev.evi", {plr: {uid: "102", clths: {clths: [{tpid: "boyHlwnVmpScf", clid: null}, {tpid: "boyKgrmDr", clid: null}, {tpid: "boyRdsBag", clid: null}, {tpid: "boyHdbndDr", clid: null}, {tpid: "boyHlwnVmpJkt", clid: null}, {tpid: "boyRdsBts", clid: null}, {tpid: "boyRdsPlv", clid: null}, {tpid: "boyGlvsPnk23Feb19", clid: null}, {tpid: "boyRdsPnts", clid: null}]}, apprnc: {sc: 3, pc: 1, shc: 1, mt: 20, ht: 60, g: 1, fac: 10, et: 10, mc: 3, brt: 4, pt: 0, n: "Никита", ss: 0, ec: 10, ssc: 1, bc: 1, fft: 9, hc: 5, fat: 4, rg: 0, bt: 0, brc: 3, rc: 1, nct: 0, sh: 0}}, id: 102, ev: {tt: "КТО С БЕСЕДЫ СЮАД", ds: "ЫААЫАЫАЫ", id: 102, tp: 1, ci: 0, lg: 30, ml: 1, unm: "Никита", ft: 1578585845, ac: false, uid: "102", r: 8, c: 0, fo: false, l: "club_cl1e", st: 1578578645}}]