ClientError: Thu Jan 9 07:23:07 GMT+0300 2020 [ERROR] wedding time is null or is not integer
Thu Jan 9 07:23:03 GMT+0300 2020 [INFO] Server said: 34: ["rl.crs", {uid: "4", rlt: {s: 70, ut: 1578543814, p: 0, st: 1578543814, t: null}}]
Thu Jan 9 07:23:03 GMT+0300 2020 [INFO] Client said: 34: [null, "rl.crs", {s: 70, cs: 60, uid: "4", cnf: null}]
Thu Jan 9 07:22:59 GMT+0300 2020 [INFO] Server said: 34: ["cp.cht.sm", {msg: {cid: null, tp: "chatSmileMessage", sid: "3", smid: 16}, rid: "salon_sn1_1"}]
Thu Jan 9 07:22:59 GMT+0300 2020 [INFO] Client said: 34: [null, "cp.cht.sm", {msg: {cid: null, tp: "chatSmileMessage", sid: "3", smid: 16}, rid: "salon_sn1_1"}]
Thu Jan 9 07:22:57 GMT+0300 2020 [INFO] Server said: 34: ["rl.crs", {uid: "4", rlt: {s: 60, ut: 1578543808, p: 0, st: 1578543808, t: null}}]
Thu Jan 9 07:22:57 GMT+0300 2020 [INFO] Client said: 34: [null, "rl.crs", {s: 60, cs: 50, t: {er: "engRing3"}, uid: "4", cnf: "engaged"}]
Thu Jan 9 07:22:57 GMT+0300 2020 [INFO] Server said: 34: ["cf.uca", {uid: "4", at: "engaged"}]
Thu Jan 9 07:22:55 GMT+0300 2020 [INFO] Client said: 34: [null, "cf.uc", {prms: {er: "engRing3"}, at: "engaged", uid: "4"}]
Thu Jan 9 07:22:53 GMT+0300 2020 [INFO] Server said: 34: ["cp.cht.sm", {msg: {cid: null, tp: "chatSmileMessage", sid: "4", smid: 2}, rid: "salon_sn1_1"}]
Thu Jan 9 07:22:48 GMT+0300 2020 [INFO] Client said: 34: ["salon_sn1_1", "o.r.u", {x: 5.73, uid: "3", y: 8.31, st: 1, at: "sitItem13", d: 6}]
Thu Jan 9 07:22:48 GMT+0300 2020 [INFO] Client said: 34: ["salon_sn1_1", "o.r.u", {x: 5.73, uid: "3", y: 8.31, st: 23, at: "", d: 6}]
Thu Jan 9 07:22:47 GMT+0300 2020 [INFO] Client said: 34: ["salon_sn1_1", "o.r.m", {sx: 8.33, dy: 8.31, uid: "3", sy: 7.33, dx: 5.73}]
Thu Jan 9 07:22:46 GMT+0300 2020 [INFO] Server said: 34: ["cp.cht.sm", {msg: {cid: null, tp: "chatTextMessage", sid: "3", msg: "без разрешения", mid: null, tag: null}, rid: "salon_sn1_1"}]
Thu Jan 9 07:22:46 GMT+0300 2020 [INFO] Server said: 34: ["cp.cht.sm", {msg: {cid: null, tp: "chatTypingMessage", sid: "3"}, rid: "salon_sn1_1"}]
Thu Jan 9 07:22:46 GMT+0300 2020 [INFO] Server said: 34: ["cp.cht.sm", {msg: {cid: null, tp: "chatTextMessage", sid: "4", msg: "Во, в ролике покажу", mid: null, tag: null}, rid: "salon_sn1_1"}]
Thu Jan 9 07:22:46 GMT+0300 2020 [INFO] Client said: 34: [null, "cp.cht.sm", {msg: {cid: null, tp: "chatTextMessage", sid: "3", msg: "без разрешения", mid: null, tag: null}, rid: "salon_sn1_1"}]
Thu Jan 9 07:22:45 GMT+0300 2020 [INFO] Client said: 34: [null, "cp.cht.sm", {msg: {cid: null, tp: "chatTypingMessage", sid: "3"}, rid: "salon_sn1_1"}]
Thu Jan 9 07:22:44 GMT+0300 2020 [INFO] Server said: 34: ["cp.cht.sm", {msg: {cid: null, tp: "chatTypingMessage", sid: "4"}, rid: "salon_sn1_1"}]
Thu Jan 9 07:22:38 GMT+0300 2020 [INFO] Server said: 34: ["cp.cht.sm", {msg: {cid: null, tp: "chatSmileMessage", sid: "3", smid: 2}, rid: "salon_sn1_1"}]
Thu Jan 9 07:22:38 GMT+0300 2020 [INFO] Client said: 34: [null, "cp.cht.sm", {msg: {cid: null, tp: "chatSmileMessage", sid: "3", smid: 2}, rid: "salon_sn1_1"}]
Thu Jan 9 07:22:35 GMT+0300 2020 [INFO] Server said: 34: ["rl.crs", {uid: "4", rlt: {s: 50, ut: 1578543786, p: 0, st: 1578543786, t: null}}]
Thu Jan 9 07:22:34 GMT+0300 2020 [INFO] Client said: 34: [null, "rl.crs", {s: 50, cs: 43, uid: "4", cnf: null}]
Thu Jan 9 07:22:27 GMT+0300 2020 [INFO] Server said: 34: ["cp.cht.sm", {msg: {cid: null, tp: "chatTextMessage", sid: "3", msg: "А так", mid: null, tag: null}, rid: "salon_sn1_1"}]
Thu Jan 9 07:22:27 GMT+0300 2020 [INFO] Client said: 34: [null, "cp.cht.sm", {msg: {cid: null, tp: "chatTextMessage", sid: "3", msg: "А так", mid: null, tag: null}, rid: "salon_sn1_1"}]
Thu Jan 9 07:22:18 GMT+0300 2020 [INFO] Server said: 34: ["ev.get", {c: -1, evlst: [], tg: ""}]
Thu Jan 9 07:22:18 GMT+0300 2020 [INFO] Client said: 34: [null, "ev.get", {c: -1, tg: "", fof: false}]
Thu Jan 9 07:22:18 GMT+0300 2020 [INFO] Server said: 34: ["ev.gse", {}]
Thu Jan 9 07:22:18 GMT+0300 2020 [INFO] Server said: 34: ["ev.get", {c: -1, evlst: [], tg: ""}]
Thu Jan 9 07:22:18 GMT+0300 2020 [INFO] Client said: 34: [null, "ev.gse", {}]
Thu Jan 9 07:22:18 GMT+0300 2020 [INFO] Client said: 34: [null, "ev.get", {c: -1, tg: "", fof: false}]
Thu Jan 9 07:22:13 GMT+0300 2020 [INFO] Client said: 34: ["salon_sn1_1", "o.r.u", {x: 8.33, uid: "3", y: 7.33, st: 23, at: "", d: 4}]
Thu Jan 9 07:22:12 GMT+0300 2020 [INFO] Client said: 34: ["salon_sn1_1", "o.r.m", {sx: 8.7, dy: 7.33, uid: "3", sy: 5.05, dx: 8.33}]
Thu Jan 9 07:22:11 GMT+0300 2020 [INFO] Client said: 34: ["salon_sn1_1", "o.r.m", {sx: 9.7, dy: 8.31, uid: "3", sy: 3.2, dx: 5.73}]
Thu Jan 9 07:22:11 GMT+0300 2020 [INFO] Client said: 34: ["salon_sn1_1", "o.r.u", {x: 9.7, uid: "3", y: 3.2, st: 23, at: "", d: 7}]
Thu Jan 9 07:22:10 GMT+0300 2020 [INFO] Client said: 34: ["salon_sn1_1", "o.r.m", {sx: 9.23, dy: 3.2, uid: "3", sy: 5.46, dx: 9.7}]
Thu Jan 9 07:22:09 GMT+0300 2020 [INFO] Client said: 34: ["salon_sn1_1", "o.r.m", {sx: 8.58, dy: 5.36, uid: "3", sy: 7.82, dx: 9.42}]
Thu Jan 9 07:22:08 GMT+0300 2020 [INFO] Client said: 34: ["salon_sn1_1", "o.r.m", {sx: 8.58, dy: 6.03, uid: "3", sy: 9.52, dx: 9.09}]
Thu Jan 9 07:22:07 GMT+0300 2020 [INFO] Client said: 34: ["salon_sn1_1", "o.r.m", {sx: 8.58, dy: 8.44, uid: "3", sy: 11.52, dx: 8.25}]