ClientError: Thu Jan 9 07:01:26 GMT+0300 2020 [CRITICAL] [house] *Uncaught Error* ErrorId: 1009 ErrorName: TypeError ErrorMessage:Error #1009 ErrorStackTrace:TypeError: Error #1009
	at _-0sZ::HouseLocation/_-1Iq()
	at flash.events::EventDispatcher/dispatchEvent()
	at ags::_-2t/_-2dI()
	at flash.events::EventDispatcher/dispatchEvent()
	at _-0en::_-0O8/_-1LF()
	at _-0en::_-0O8/execute()
	at ags::AGSClient/_-0i9()
	at ags::AGSClient/_-2ZF()
	at ags::AGSClient/_-2Ea()
Thu Jan 9 07:01:26 GMT+0300 2020 [INFO] Server said: 34: ["h.oinfo", {plr: {mbm: {sk: "blackMobileSkin", ac: null}, ci: {bcld: 0, gdc: 0, eml: null, lwts: 0, trid: null, rpt: 0, lgt: 0, trcd: 0, actrd: 0, sbrt: 0, ysct: 0, sbid: null, shousd: false, vexp: 1965298000, fak: null, vsexp: 1965298000, shcr: true, plcmt: {}, as: null, vsact: true, gtrfrd: 0, pamns: {amn: []}, lvt: 1578542439, vret: 0, strfrd: 0, crst: 0, lrnt: 0, vfgc: 0, rtrtm: 0, fexp: 0, ceid: 0, kyktid: null, skid: null, cmid: 0, actrt: 0, crt: 18, hrt: 174, exp: 85800, ys: 0, vip: true, spp: 0, actrp: 0, skrt: 0, dr: true, compid: 0, tts: null}, pf: {pf: {jntr: {tp: "jntr", pgs: 0, l: 20}, phtghr: {tp: "phtghr", pgs: 0, l: 20}, vsgst: {tp: "vsgst", pgs: 0, l: 20}, grdnr: {tp: "grdnr", pgs: 0, l: 20}}}, clths: {clths: [{tpid: "boyShoes8", clid: null}, {tpid: "boyPants10", clid: null}, {tpid: "boyShirt14", clid: null}]}, usrinf: {rl: 0}, apprnc: {fft: 0, fat: 0, mc: 2, rc: 1, g: 1, rg: 0, brt: 4, shc: 1, pc: 1, ss: 0, bt: 0, fac: 1, ht: 86, nct: 0, ssc: 1, mt: 19, pt: 0, ec: 1, n: "bidlocykle", bc: 1, sc: 2, brc: 1, et: 3, sh: 0, hc: 3}, uid: "4"}, hs: {lt: 0, r: [{nm: "Комната 1", l: 13, f: [{x: 13, lid: 2, tpid: "wall15", z: 0, d: 5, y: 0}, {x: 0, lid: 1, tpid: "wall15", z: 0, d: 3, y: 0}, {x: 0, lid: 3, tpid: "floor4", z: 0, d: 5, y: 0}, {x: 3, lid: 4, tpid: "door4", z: 0, rid: "outside", d: 3, y: 0}], id: "1", w: 13, lev: 2}, {nm: "Комната 3", l: 13, f: [{x: 13, lid: 2, tpid: "wall15", z: 0, d: 5, y: 0}, {x: 0, lid: 1, tpid: "wall15", z: 0, d: 3, y: 0}, {x: 0, lid: 3, tpid: "floor4", z: 0, d: 5, y: 0}, {x: 3, lid: 4, tpid: "door4", z: 0, rid: "outside", d: 3, y: 0}], id: "3", w: 13, lev: 2}, {nm: "Комната 5", l: 13, f: [{x: 13, lid: 2, tpid: "wall15", z: 0, d: 5, y: 0}, {x: 0, lid: 1, tpid: "wall15", z: 0, d: 3, y: 0}, {x: 0, lid: 3, tpid: "floor4", z: 0, d: 5, y: 0}, {x: 3, lid: 4, tpid: "door4", z: 0, rid: "outside", d: 3, y: 0}], id: "5", w: 13, lev: 2}, {nm: "Комната 4", l: 13, f: [{x: 13, lid: 2, tpid: "wall15", z: 0, d: 5, y: 0}, {x: 0, lid: 1, tpid: "wall15", z: 0, d: 3, y: 0}, {x: 0, lid: 3, tpid: "floor4", z: 0, d: 5, y: 0}, {x: 3, lid: 4, tpid: "door4", z: 0, rid: "outside", d: 3, y: 0}], id: "4", w: 13, lev: 2}, {nm: "Комната 2", l: 13, f: [{x: 13, lid: 2, tpid: "wall15", z: 0, d: 5, y: 0}, {x: 0, lid: 1, tpid: "wall15", z: 0, d: 3, y: 0}, {x: 0, lid: 3, tpid: "floor4", z: 0, d: 5, y: 0}, {x: 3, lid: 4, tpid: "door4", z: 0, rid: "outside", d: 3, y: 0}], id: "2", w: 13, lev: 2}, {nm: "#livingRoom", l: 13, f: [{x: 13, lid: 2, tpid: "wall15", z: 0, d: 5, y: 0}, {x: 0, lid: 1, tpid: "wall15", z: 0, d: 3, y: 0}, {x: 0, lid: 3, tpid: "floor4", z: 0, d: 5, y: 0}, {x: 3, lid: 4, tpid: "door4", z: 0, rid: "outside", d: 3, y: 0}], id: "livingroom", w: 13, lev: 1}]}, ath: false}]
Thu Jan 9 07:01:26 GMT+0300 2020 [INFO] Server said: 34: ["srqst.gtrq", {rqlst: {lapt: {}, rlst: {}, shwdt: 0, rsprlst: {}}}]
Thu Jan 9 07:01:25 GMT+0300 2020 [INFO] Server said: 34: ["srqst.gtrq", {rqlst: {lapt: {}, rlst: {}, shwdt: 0, rsprlst: {}}}]
Thu Jan 9 07:01:25 GMT+0300 2020 [INFO] Client said: 34: [null, "nws.getglbl", {}]
Thu Jan 9 07:01:25 GMT+0300 2020 [INFO] Server said: 34: ["nws.hasnews", {gnunr: true, gnexst: true}]
Thu Jan 9 07:01:25 GMT+0300 2020 [INFO] Server said: 34: ["cp.cht.gbl", {blcklst: {uids: []}}]
Thu Jan 9 07:01:25 GMT+0300 2020 [INFO] Server said: 34: ["cm.new", {campaigns: [{ed: 2442905160000, tp: 9, iu: "", v: 1, id: 643, st: 1, cil: [{gl: 0, cid: 643, tid: "clans", id: 8151, sc: 0, si: 0}, {gl: 0, cid: 643, tid: "clanRating_off", id: 8152, sc: 0, si: 0}]}, {ed: 1659222000000, tp: 9, iu: "", v: 1, id: 316, st: 1, cil: [{gl: 0, cid: 316, tid: "mobile", id: 2514, sc: 0, si: 0}]}, {ed: 1919631600000, tp: 9, iu: "", v: 1, id: 299, st: 2, cil: [{gl: 0, cid: 299, tid: "fortune2", id: 2434, sc: 0, si: 0}]}, {ed: 1440630000000, tp: 9, iu: "", v: 1, id: 114, st: 1, cil: [{gl: 0, cid: 114, tid: "professions", id: 1110, sc: 0, si: 0}, {gl: 0, cid: 114, tid: "grdnr", id: 1111, sc: 0, si: 0}, {gl: 0, cid: 114, tid: "jntr", id: 1112, sc: 0, si: 0}, {gl: 0, cid: 114, tid: "vsgst", id: 1577, sc: 0, si: 0}, {gl: 0, cid: 114, tid: "phtghr", id: 1578, sc: 0, si: 0}]}]}]
Thu Jan 9 07:01:25 GMT+0300 2020 [INFO] Client said: 34: [null, "h.oinfo", {uid: "4"}]
Thu Jan 9 07:01:25 GMT+0300 2020 [INFO] Client said: 34: [null, "rl.udrl", {cmid: 4, ceid: 0}]
Thu Jan 9 07:01:25 GMT+0300 2020 [INFO] Client said: 34: [null, "srqst.gtrq", {}]