ClientError: Thu Jan 9 20:53:43 GMT+0700 2020 [CRITICAL] [house] *Uncaught Error* ErrorId: 1010 ErrorName: TypeError ErrorMessage:Error #1010 ErrorStackTrace:TypeError: Error #1010
	at _-1u9::URL/parse()
	at _-1u9::URL()
	at _-18R::LoadingItem()
	at _-18R::SWFLoadingItem()
	at _-0bS::MassLoader/add()
	at _-0bS::MassLoader/_-2R5()
	at flash.events::EventDispatcher/dispatchEvent()
	at _-18R::LoadingItem/_-1Iu()
	at _-18R::LoadingItem/onError()
	at _-18R::SWFLoadingItem/onError()
	at flash.events::EventDispatcher/dispatchEvent()
	at flash.net::URLLoader/onComplete()
Thu Jan 9 20:52:56 GMT+0700 2020 [INFO] Server said: 34: ["ntf.res", {res: {enrg: 500, gld: 11958, emd: 0, slvr: 500}}]
Thu Jan 9 20:52:55 GMT+0700 2020 [INFO] Server said: 34: ["ntf.inv", {it: {iid: "", c: 2, tid: "proPhtSf"}}]
Thu Jan 9 20:52:55 GMT+0700 2020 [INFO] Client said: 34: [null, "frn.buy", {pind: 1, tpid: "proPhtSf", cnt: 2}]
Thu Jan 9 20:52:54 GMT+0700 2020 [INFO] Loaded  LoadingItem(url: http://62.113.113.58:8080/files/swf/furniture/furniture/SofaPhotostudio.swf, status: 2) 
Thu Jan 9 20:52:46 GMT+0700 2020 [INFO] Server said: 34: ["ntf.res", {res: {enrg: 500, gld: 12258, emd: 0, slvr: 500}}]
Thu Jan 9 20:52:46 GMT+0700 2020 [INFO] Server said: 34: ["ntf.inv", {it: {iid: "", c: 1, tid: "hw2019Sf"}}]
Thu Jan 9 20:52:46 GMT+0700 2020 [INFO] Client said: 34: [null, "frn.buy", {pind: 1, tpid: "hw2019Sf", cnt: 1}]
Thu Jan 9 20:52:45 GMT+0700 2020 [INFO] Loaded  LoadingItem(url: http://62.113.113.58:8080/files/swf/furniture/furniture/SofaHW2019.swf, status: 2) 
Thu Jan 9 20:52:38 GMT+0700 2020 [INFO] Server said: 34: ["ntf.res", {res: {enrg: 500, gld: 12288, emd: 0, slvr: 500}}]
Thu Jan 9 20:52:38 GMT+0700 2020 [INFO] Server said: 34: ["ntf.inv", {it: {iid: "", c: 2, tid: "wdwGrdGft"}}]
Thu Jan 9 20:52:38 GMT+0700 2020 [INFO] Client said: 34: [null, "frn.buy", {pind: 1, tpid: "wdwGrdGft", cnt: 2}]
Thu Jan 9 20:52:36 GMT+0700 2020 [INFO] Server said: 34: ["b.ingld", {ingld: 9999}]
Thu Jan 9 20:52:36 GMT+0700 2020 [INFO] Server said: 34: ["ntf.res", {res: {enrg: 500, gld: 32286, emd: 0, slvr: 500}}]
Thu Jan 9 20:52:36 GMT+0700 2020 [INFO] [YandexMetrics.reachGoal] Call reach goal 'click_buy_product' for counter 31321471
Thu Jan 9 20:52:36 GMT+0700 2020 [INFO] Client said: 34: [null, "b.chkprchs", {pmnt: {ctx: {dialogSource: "furnitureShopDialog"}, ct2: null, srv: 3, ct1: null, tpid: "wdwGrdGft", ct3: null}, prid: "pack9999", qnt: 1}]
Thu Jan 9 20:52:35 GMT+0700 2020 [INFO] [YandexMetrics.reachGoal] Call reach goal 'show_payment_dialog' for counter 31321471
Thu Jan 9 20:52:33 GMT+0700 2020 [INFO] Server said: 34: ["b.ingld", {ingld: 9999}]
Thu Jan 9 20:52:32 GMT+0700 2020 [INFO] Server said: 34: ["ntf.res", {res: {enrg: 500, gld: 22287, emd: 0, slvr: 500}}]
Thu Jan 9 20:52:32 GMT+0700 2020 [INFO] [YandexMetrics.reachGoal] Call reach goal 'click_buy_product' for counter 31321471
Thu Jan 9 20:52:32 GMT+0700 2020 [INFO] Client said: 34: [null, "b.chkprchs", {pmnt: {ctx: {dialogSource: "furnitureShopDialog"}, ct2: null, srv: 3, ct1: null, tpid: "wdwGrdGft", ct3: null}, prid: "pack9999", qnt: 1}]
Thu Jan 9 20:52:32 GMT+0700 2020 [INFO] [YandexMetrics.reachGoal] Call reach goal 'show_payment_dialog' for counter 31321471
Thu Jan 9 20:52:30 GMT+0700 2020 [INFO] Server said: 34: ["b.ingld", {ingld: 9999}]
Thu Jan 9 20:52:29 GMT+0700 2020 [INFO] Server said: 34: ["ntf.res", {res: {enrg: 500, gld: 12288, emd: 0, slvr: 500}}]
Thu Jan 9 20:52:29 GMT+0700 2020 [INFO] [YandexMetrics.reachGoal] Call reach goal 'click_buy_product' for counter 31321471
Thu Jan 9 20:52:29 GMT+0700 2020 [INFO] Client said: 34: [null, "b.chkprchs", {pmnt: {ctx: {dialogSource: "furnitureShopDialog"}, ct2: null, srv: 3, ct1: null, tpid: "wdwGrdGft", ct3: null}, prid: "pack9999", qnt: 1}]
Thu Jan 9 20:52:29 GMT+0700 2020 [INFO] [YandexMetrics.reachGoal] Call reach goal 'show_payment_dialog' for counter 31321471
Thu Jan 9 20:52:26 GMT+0700 2020 [INFO] Loaded  LoadingItem(url: http://62.113.113.58:8080/files/swf/furniture/house/WindowGardenerGift.swf, status: 2) 
Thu Jan 9 20:52:21 GMT+0700 2020 [INFO] Server said: 34: ["ntf.res", {res: {enrg: 500, gld: 2289, emd: 0, slvr: 500}}]
Thu Jan 9 20:52:21 GMT+0700 2020 [INFO] Server said: 34: ["ntf.inv", {it: {iid: "", c: 1, tid: "wdwTrBth"}}]
Thu Jan 9 20:52:21 GMT+0700 2020 [INFO] Client said: 34: [null, "frn.buy", {pind: 1, tpid: "wdwTrBth", cnt: 1}]
Thu Jan 9 20:52:20 GMT+0700 2020 [INFO] Loaded  LoadingItem(url: http://62.113.113.58:8080/files/swf/furniture/house/WindowTropicalBedroom.swf, status: 2) 
Thu Jan 9 20:52:18 GMT+0700 2020 [INFO] Loaded  LoadingItem(url: http://62.113.113.58:8080/files/swf/furniture/house/WindowPirateRoom.swf, status: 2) 
Thu Jan 9 20:52:17 GMT+0700 2020 [INFO] Server said: 34: ["ntf.res", {res: {enrg: 500, gld: 2364, emd: 0, slvr: 500}}]
Thu Jan 9 20:52:17 GMT+0700 2020 [INFO] Server said: 34: ["ntf.inv", {it: {iid: "", c: 1, tid: "shWdw"}}]
Thu Jan 9 20:52:17 GMT+0700 2020 [INFO] Client said: 34: [null, "frn.buy", {pind: 1, tpid: "shWdw", cnt: 1}]
Thu Jan 9 20:52:16 GMT+0700 2020 [INFO] Loaded  LoadingItem(url: http://62.113.113.58:8080/files/swf/furniture/house/WindowSuperHero.swf, status: 2) 
Thu Jan 9 20:52:08 GMT+0700 2020 [INFO] Server said: 34: ["ntf.res", {res: {enrg: 500, gld: 3094, emd: 0, slvr: 500}}]
Thu Jan 9 20:52:08 GMT+0700 2020 [INFO] Server said: 34: ["ntf.inv", {it: {iid: "", c: 6, tid: "door5"}}]