ClientError: Thu Jan 9 18:14:27 GMT+0300 2020 [CRITICAL] [house] *Uncaught Error* ErrorId: 1009 ErrorName: TypeError ErrorMessage:Error #1009 ErrorStackTrace:TypeError: Error #1009
	at MethodInfo-2()
	at flash.events::EventDispatcher/dispatchEvent()
	at _-jr::FurnitureLoader/_-2qc()
	at flash.events::EventDispatcher/dispatchEvent()
	at _-0bS::MassLoader/_-4Ql()
	at _-0bS::MassLoader/_-WZ()
	at flash.events::EventDispatcher/dispatchEvent()
	at _-18R::LoadingItem/onComplete()
	at _-18R::SWFLoadingItem/onComplete()
	at MethodInfo-7()
Thu Jan 9 18:14:27 GMT+0300 2020 [INFO] Loaded  LoadingItem(url: http://62.113.113.58:8080/files/swf/furniture/house/DoorDragon2019.swf, status: 2) 
Thu Jan 9 18:14:18 GMT+0300 2020 [INFO] Server said: 34: ["ntf.res", {res: {slvr: 9900, gld: 10031, enrg: 500, emd: 0}}]
Thu Jan 9 18:14:17 GMT+0300 2020 [INFO] Server said: 34: ["ntf.inv", {it: {c: 1, iid: "", tid: "flrTrBth"}}]
Thu Jan 9 18:14:15 GMT+0300 2020 [INFO] Client said: 34: [null, "frn.buy", {pind: 1, cnt: 1, tpid: "flrTrBth"}]
Thu Jan 9 18:14:06 GMT+0300 2020 [INFO] Server said: 34: ["ntf.res", {res: {slvr: 9900, gld: 10126, enrg: 500, emd: 0}}]
Thu Jan 9 18:14:05 GMT+0300 2020 [INFO] Server said: 34: ["ntf.inv", {it: {c: 1, iid: "", tid: "NY20Flr"}}]
Thu Jan 9 18:14:03 GMT+0300 2020 [INFO] Client said: 34: [null, "frn.buy", {pind: 2, cnt: 1, tpid: "NY20Flr"}]
Thu Jan 9 18:13:46 GMT+0300 2020 [INFO] Server said: 34: ["ntf.res", {res: {slvr: 14400, gld: 10126, enrg: 500, emd: 0}}]
Thu Jan 9 18:13:45 GMT+0300 2020 [INFO] Server said: 34: ["ntf.inv", {it: {c: 1, iid: "", tid: "pdmNY20Wll"}}]
Thu Jan 9 18:13:41 GMT+0300 2020 [INFO] Client said: 34: [null, "frn.buy", {pind: 1, cnt: 1, tpid: "pdmNY20Wll"}]