ClientError: Thu Jan 9 18:05:22 GMT+0300 2020 [CRITICAL] [salon] *Uncaught Error* ErrorId: 1009 ErrorName: TypeError ErrorMessage:Error #1009 ErrorStackTrace:TypeError: Error #1009
	at _-0eV::RoomMemberContainer/addAvatar()
	at _-PQ::BaseRoomScreen/addAvatar()
	at _-PQ::BaseRoomScreen/onRefreshAvatar()
	at flash.events::EventDispatcher/dispatchEvent()
	at _-2CM::BaseRoomNetManager/onRefreshAvatar()
	at flash.events::EventDispatcher/dispatchEvent()
	at ags::_-2t/_-2dI()
	at flash.events::EventDispatcher/dispatchEvent()
	at _-0en::_-0O8/_-1LF()
	at _-0en::_-0O8/execute()
	at ags::AGSClient/_-0i9()
	at ags::AGSClient/_-2ZF()
	at ags::AGSClient/_-2Ea()
Thu Jan 9 18:05:21 GMT+0300 2020 [INFO] Server said: 34: ["o.r.ra", {plr: {locinfo: {at: "", x: 10.02, shlc: true, pl: "", y: 13.64, s: "127.0.0.1", st: 23, l: "salon_sn1_1", d: 4}, pf: {pf: {grdnr: {tp: "grdnr", pgs: 0, l: 20}, jntr: {tp: "jntr", pgs: 0, l: 20}, phtghr: {tp: "phtghr", pgs: 0, l: 20}, vsgst: {tp: "vsgst", pgs: 0, l: 20}}}, uid: "765", usrinf: {rl: 0}, clths: {clths: [{tpid: "grlPnkRsPnts", clid: null}, {tpid: "girlTShrtSh", clid: null}, {tpid: "grlPnkRsShs", clid: null}]}, apprnc: {pt: 3, pc: 1, rc: 1, g: 2, mc: 16, mt: 14, fac: 10, ssc: 2, bt: 0, rg: 0, ss: 0, ec: 6, brc: 10, shc: 24, fft: 2, et: 37, fat: 6, sh: 0, n: "Вселенная ", brt: 22, bc: 1, hc: 5, sc: 1, nct: 0, ht: 111}, ci: {sbid: null, fexp: 0, vexp: 1965298000, tts: null, ys: 0, bcld: 0, trid: "freelanceMicrophone", vsexp: 1965298000, rtrtm: 0, rpt: 0, eml: null, plcmt: {}, actrp: 0, hrt: 261, vsact: true, sbrt: 0, trcd: 0, kyktid: null, vret: 0, as: null, lvt: 1578581688, actrt: 0, ysct: 0, crst: 0, lrnt: 0, vfgc: 0, fak: null, compid: 0, ceid: 0, lwts: 0, gdc: 0, vip: true, shcr: true, skid: null, cmid: 0, gtrfrd: 0, crt: 839, pamns: {amn: []}, lgt: 0, exp: 85800, skrt: 0, shousd: false, strfrd: 0, actrd: 0, dr: true, spp: 0}, mbm: {sk: "blackMobileSkin", ac: null}}}]
Thu Jan 9 18:05:21 GMT+0300 2020 [INFO] Server said: 34: ["o.r.m", {dx: 14.42, dy: 5.6, sy: 9.92, sx: 8.86, uid: "506"}]
Thu Jan 9 18:05:19 GMT+0300 2020 [INFO] Server said: 34: ["o.r.u", {x: 8.86, y: 9.92, at: "", st: 23, d: 6, uid: "506"}]
Thu Jan 9 18:05:18 GMT+0300 2020 [INFO] Server said: 34: ["o.r.m", {dx: 8.86, dy: 9.92, sy: 8.69, sx: 11.19, uid: "506"}]
Thu Jan 9 18:05:16 GMT+0300 2020 [INFO] Server said: 34: ["o.r.u", {x: 11.19, y: 8.69, at: "", st: 23, d: 6, uid: "506"}]
Thu Jan 9 18:05:14 GMT+0300 2020 [INFO] Client said: 34: ["salon_sn1_1", "o.r.info", {rid: "sn1"}]
Thu Jan 9 18:05:14 GMT+0300 2020 [INFO] Server said: 34: ["o.gr", {rid: "salon_sn1_1"}]
Thu Jan 9 18:05:14 GMT+0300 2020 [INFO] Server said: 16: ["salon_sn1_1", "483"]
Thu Jan 9 18:05:14 GMT+0300 2020 [INFO] Server said: 34: ["o.r.jn", {plr: {locinfo: {at: "", x: -1, shlc: true, pl: "", y: -1, s: "127.0.0.1", st: 0, l: "salon_sn1_1", d: 4}, pf: {pf: {grdnr: {tp: "grdnr", pgs: 0, l: 20}, jntr: {tp: "jntr", pgs: 0, l: 20}, phtghr: {tp: "phtghr", pgs: 0, l: 20}, vsgst: {tp: "vsgst", pgs: 0, l: 20}}}, uid: "483", usrinf: {rl: 0}, clths: {clths: [{tpid: "anmGSchLcs", clid: null}, {tpid: "girlShrtsLn", clid: null}, {tpid: "girlJcktLn", clid: null}, {tpid: "girlTShrtGrn", clid: null}, {tpid: "grlPnkRsShs", clid: null}]}, apprnc: {pt: 0, pc: 1, rc: 1, g: 2, mc: 2, mt: 3, fac: 1, ssc: 1, bt: 0, rg: 0, ss: 0, ec: 5, brc: 2, shc: 1, fft: 0, et: 2, fat: 0, sh: 0, n: "говнопепа", brt: 28, bc: 1, hc: 5, sc: 1, nct: 0, ht: 132}, ci: {sbid: null, fexp: 0, vexp: 1965298000, tts: null, ys: 0, bcld: 0, trid: null, vsexp: 1965298000, rtrtm: 0, rpt: 0, eml: null, plcmt: {}, actrp: 0, hrt: 174, vsact: true, sbrt: 0, trcd: 0, kyktid: null, vret: 0, as: null, lvt: 1578582296, actrt: 0, ysct: 0, crst: 0, lrnt: 0, vfgc: 0, fak: null, compid: 0, ceid: 0, lwts: 0, gdc: 0, vip: true, shcr: true, skid: null, cmid: 0, gtrfrd: 0, crt: 295, pamns: {amn: []}, lgt: 0, exp: 85800, skrt: 0, shousd: false, strfrd: 0, actrd: 0, dr: true, spp: 0}, mbm: {sk: "blackMobileSkin", ac: null}}}]
Thu Jan 9 18:05:13 GMT+0300 2020 [INFO] Server said: 34: ["o.r.ra", {plr: {locinfo: {at: "", x: 14.42, shlc: true, pl: "", y: 5.6, s: "127.0.0.1", st: 0, l: "salon_sn1_1", d: 4}, pf: {pf: {grdnr: {tp: "grdnr", pgs: 0, l: 20}, jntr: {tp: "jntr", pgs: 0, l: 20}, phtghr: {tp: "phtghr", pgs: 0, l: 20}, vsgst: {tp: "vsgst", pgs: 0, l: 20}}}, uid: "506", usrinf: {rl: 0}, clths: {clths: [{tpid: "girlGlssHp", clid: null}, {tpid: "girlCtHp", clid: null}, {tpid: "girlBtsHp", clid: null}, {tpid: "girlTShrtHp", clid: null}, {tpid: "girlErrHp", clid: null}, {tpid: "girlHtHp", clid: null}, {tpid: "girlPntsHp", clid: null}]}, apprnc: {pt: 0, pc: 1, rc: 1, g: 2, mc: 29, mt: 29, fac: 1, ssc: 1, bt: 0, rg: 0, ss: 0, ec: 5, brc: 10, shc: 15, fft: 16, et: 34, fat: 0, sh: 19, n: "min yoongi", brt: 14, bc: 1, hc: 4, sc: 2, nct: 0, ht: 131}, ci: {sbid: null, fexp: 0, vexp: 1965298000, tts: null, ys: 0, bcld: 0, trid: "freelanceMicrophone", vsexp: 1965298000, rtrtm: 0, rpt: 0, eml: null, plcmt: {}, actrp: 0, hrt: 174, vsact: true, sbrt: 0, trcd: 0, kyktid: null, vret: 0, as: null, lvt: 1578581969, actrt: 0, ysct: 0, crst: 0, lrnt: 0, vfgc: 0, fak: null, compid: 0, ceid: 0, lwts: 0, gdc: 0, vip: true, shcr: true, skid: null, cmid: 0, gtrfrd: 0, crt: 319, pamns: {amn: []}, lgt: 0, exp: 85800, skrt: 0, shousd: false, strfrd: 0, actrd: 0, dr: true, spp: 0}, mbm: {sk: "blackMobileSkin", ac: null}}}]
Thu Jan 9 18:05:10 GMT+0300 2020 [INFO] Server said: 34: ["o.r.u", {x: 14.42, y: 12.6, at: "salonActiveChairItem21", st: 1, d: 0, uid: "328"}]
Thu Jan 9 18:05:09 GMT+0300 2020 [INFO] Server said: 34: ["o.r.u", {x: 14.42, y: 12.6, at: "", st: 23, d: 0, uid: "328"}]
Thu Jan 9 18:05:07 GMT+0300 2020 [INFO] Server said: 34: ["o.r.m", {dx: 14.42, dy: 12.6, sy: 13, sx: 14, uid: "328"}]
Thu Jan 9 18:05:06 GMT+0300 2020 [INFO] Server said: 34: ["o.r.u", {x: 14.42, st: 0, d: 1, y: 12.6, uid: "328"}]
Thu Jan 9 18:05:04 GMT+0300 2020 [INFO] Server said: 34: ["o.r.u", {x: 9.22, y: 3.97, at: "", st: 23, d: 0, uid: "558"}]
Thu Jan 9 18:05:03 GMT+0300 2020 [INFO] Server said: 34: ["o.r.u", {x: 14.42, y: 12.6, at: "salonActiveChairItem21", st: 1, d: 0, uid: "328"}]
Thu Jan 9 18:05:03 GMT+0300 2020 [INFO] Server said: 34: ["o.r.m", {dx: 9.22, dy: 3.97, sy: 3.25, sx: 10.5, uid: "558"}]
Thu Jan 9 18:05:01 GMT+0300 2020 [INFO] Server said: 34: ["o.r.u", {x: 10.5, y: 3.25, at: "", st: 23, d: 0, uid: "558"}]
Thu Jan 9 18:05:01 GMT+0300 2020 [INFO] Server said: 34: ["o.r.u", {x: 14.42, y: 12.6, at: "", st: 23, d: 0, uid: "328"}]
Thu Jan 9 18:04:59 GMT+0300 2020 [INFO] Server said: 34: ["o.r.m", {dx: 10.5, dy: 3.25, sy: 7.17, sx: 10.92, uid: "558"}]
Thu Jan 9 18:04:57 GMT+0300 2020 [INFO] Server said: 34: ["o.r.m", {dx: 14.42, dy: 12.6, sy: 13, sx: 14, uid: "328"}]
Thu Jan 9 18:04:56 GMT+0300 2020 [INFO] Server said: 34: ["o.r.u", {x: 14.42, st: 0, d: 1, y: 12.6, uid: "328"}]
Thu Jan 9 18:04:56 GMT+0300 2020 [INFO] Server said: 34: ["o.r.u", {x: 10.92, y: 7.17, at: "", st: 23, d: 5, uid: "558"}]
Thu Jan 9 18:04:54 GMT+0300 2020 [INFO] Client said: 34: [null, "o.gr", {gid: "sn1", lid: "salon"}]
Thu Jan 9 18:04:54 GMT+0300 2020 [INFO] Server said: 1: ["483", true, false, false]
Thu Jan 9 18:04:40 GMT+0300 2020 [INFO] Client said: 1: ["street", "483", "lYlzkFeqFBfaBmXDDuUl", {clvrn: "84.0.4", v: 2}]
Thu Jan 9 18:04:39 GMT+0300 2020 [INFO] Client said: 2: []
Thu Jan 9 18:04:39 GMT+0300 2020 [INFO] Loaded  LoadingItem(url: http://62.113.113.58:8080/files/swf/Salon_1fe14ef0cdf189794ef74d591993d3f5.swf, status: 2) 
Thu Jan 9 18:04:35 GMT+0300 2020 [INFO] Client said: 17: ["house_483_livingroom"]
Thu Jan 9 18:04:20 GMT+0300 2020 [INFO] Client said: 34: ["house_483_livingroom", "h.r.u", {x: 4.05, st: 0, d: 4, y: 0.1, uid: "483"}]
Thu Jan 9 18:04:20 GMT+0300 2020 [INFO] Server said: 34: ["lg.lst", {glst: []}]
Thu Jan 9 18:04:20 GMT+0300 2020 [INFO] Client said: 34: ["house_483_livingroom", "lg.lst", {}]
Thu Jan 9 18:04:19 GMT+0300 2020 [INFO] Server said: 34: ["h.r.info", {rm: {nm: "#livingRoom", l: 13, f: [{x: 0, lid: 1, tpid: "wall15", y: 0, z: 0, d: 3}, {x: 3, lid: 4, tpid: "door4", y: 0, rid: "outside", z: 0, d: 3}, {x: 13, lid: 2, tpid: "wall15", y: 0, z: 0, d: 5}, {x: 0, lid: 3, tpid: "floor4", y: 0, z: 0, d: 5}], id: "livingroom", w: 13, lev: 1}, rmmb: [{locinfo: {at: "", x: -1, shlc: true, pl: "", y: -1, s: "127.0.0.1", st: 0, l: "house_483_livingroom", d: 4}, pf: {pf: {grdnr: {tp: "grdnr", pgs: 0, l: 20}, jntr: {tp: "jntr", pgs: 0, l: 20}, phtghr: {tp: "phtghr", pgs: 0, l: 20}, vsgst: {tp: "vsgst", pgs: 0, l: 20}}}, uid: "483", usrinf: {rl: 0}, clths: {clths: [{tpid: "anmGSchLcs", clid: null}, {tpid: "girlShrtsLn", clid: null}, {tpid: "girlJcktLn", clid: null}, {tpid: "girlTShrtGrn", clid: null}, {tpid: "grlPnkRsShs", clid: null}]}, apprnc: {pt: 0, pc: 1, rc: 1, g: 2, mc: 2, mt: 3, fac: 1, ssc: 1, bt: 0, rg: 0, ss: 0, ec: 5, brc: 2, shc: 1, fft: 0, et: 2, fat: 0, sh: 0, n: "говнопепа", brt: 28, bc: 1, hc: 5, sc: 1, nct: 0, ht: 132}, ci: {sbid: null, fexp: 0, vexp: 1965298000, tts: null, ys: 0, bcld: 0, trid: null, vsexp: 1965298000, rtrtm: 0, rpt: 0, eml: null, plcmt: {}, actrp: 0, hrt: 174, vsact: true, sbrt: 0, trcd: 0, kyktid: null, vret: 0, as: null, lvt: 1578581996, actrt: 0, ysct: 0, crst: 0, lrnt: 0, vfgc: 0, fak: null, compid: 0, ceid: 0, lwts: 0, gdc: 0, vip: true, shcr: true, skid: null, cmid: 0, gtrfrd: 0, crt: 295, pamns: {amn: []}, lgt: 0, exp: 85800, skrt: 0, shousd: false, strfrd: 0, actrd: 0, dr: true, spp: 0}, mbm: {sk: "blackMobileSkin", ac: null}}], evn: null}]
Thu Jan 9 18:04:04 GMT+0300 2020 [INFO] Client said: 34: ["house_483_livingroom", "h.r.info", {rid: "livingroom", uid: "483"}]
Thu Jan 9 18:04:04 GMT+0300 2020 [INFO] Server said: 34: ["h.gr", {rid: "house_483_livingroom"}]
Thu Jan 9 18:04:04 GMT+0300 2020 [INFO] Server said: 16: ["house_483_livingroom", "483"]
Thu Jan 9 18:04:04 GMT+0300 2020 [INFO] Server said: 34: ["h.r.jn", {plr: {locinfo: {at: "", x: -1, shlc: true, pl: "", y: -1, s: "127.0.0.1", st: 0, l: "house_483_livingroom", d: 4}, pf: {pf: {grdnr: {tp: "grdnr", pgs: 0, l: 20}, jntr: {tp: "jntr", pgs: 0, l: 20}, phtghr: {tp: "phtghr", pgs: 0, l: 20}, vsgst: {tp: "vsgst", pgs: 0, l: 20}}}, uid: "483", usrinf: {rl: 0}, clths: {clths: [{tpid: "anmGSchLcs", clid: null}, {tpid: "girlShrtsLn", clid: null}, {tpid: "girlJcktLn", clid: null}, {tpid: "girlTShrtGrn", clid: null}, {tpid: "grlPnkRsShs", clid: null}]}, apprnc: {pt: 0, pc: 1, rc: 1, g: 2, mc: 2, mt: 3, fac: 1, ssc: 1, bt: 0, rg: 0, ss: 0, ec: 5, brc: 2, shc: 1, fft: 0, et: 2, fat: 0, sh: 0, n: "говнопепа", brt: 28, bc: 1, hc: 5, sc: 1, nct: 0, ht: 132}, ci: {sbid: null, fexp: 0, vexp: 1965298000, tts: null, ys: 0, bcld: 0, trid: null, vsexp: 1965298000, rtrtm: 0, rpt: 0, eml: null, plcmt: {}, actrp: 0, hrt: 174, vsact: true, sbrt: 0, trcd: 0, kyktid: null, vret: 0, as: null, lvt: 1578581996, actrt: 0, ysct: 0, crst: 0, lrnt: 0, vfgc: 0, fak: null, compid: 0, ceid: 0, lwts: 0, gdc: 0, vip: true, shcr: true, skid: null, cmid: 0, gtrfrd: 0, crt: 295, pamns: {amn: []}, lgt: 0, exp: 85800, skrt: 0, shousd: false, strfrd: 0, actrd: 0, dr: true, spp: 0}, mbm: {sk: "blackMobileSkin", ac: null}}}]
Thu Jan 9 18:03:59 GMT+0300 2020 [INFO] Server said: 34: ["srqst.gtrq", {rqlst: {rlst: {}, shwdt: 0, rsprlst: {}, lapt: {}}}]