ClientError: Thu Jan 9 18:01:16 GMT+0300 2020 [CRITICAL] [salon] *Uncaught Error* ErrorId: 1009 ErrorName: TypeError ErrorMessage:Error #1009 ErrorStackTrace:TypeError: Error #1009
	at _-0eV::RoomMemberContainer/addAvatar()
	at _-PQ::BaseRoomScreen/addAvatar()
	at _-PQ::BaseRoomScreen/onRefreshAvatar()
	at flash.events::EventDispatcher/dispatchEvent()
	at _-2CM::BaseRoomNetManager/onRefreshAvatar()
	at flash.events::EventDispatcher/dispatchEvent()
	at ags::_-2t/_-2dI()
	at flash.events::EventDispatcher/dispatchEvent()
	at _-0en::_-0O8/_-1LF()
	at _-0en::_-0O8/execute()
	at ags::AGSClient/_-0i9()
	at ags::AGSClient/_-2ZF()
	at ags::AGSClient/_-2Ea()
Thu Jan 9 18:01:16 GMT+0300 2020 [INFO] Server said: 34: ["o.r.ra", {plr: {apprnc: {ss: 0, sc: 2, mc: 14, nct: 0, g: 2, brc: 9, pt: 0, rg: 0, mt: 31, brt: 30, rc: 1, et: 34, ec: 2, n: "счастливая", fft: 0, pc: 1, bc: 1, ssc: 1, shc: 1, bt: 0, ht: 130, hc: 5, sh: 0, fat: 0, fac: 1}, uid: "412", clths: {clths: [{tpid: "grlLcsRcc", clid: null}, {tpid: "grlDrssRcc", clid: null}, {tpid: "grlShsRcc", clid: null}]}, ci: {kyktid: null, trid: null, sbid: null, lgt: 0, plcmt: {}, crt: 1050, sbrt: 0, pamns: {amn: []}, shousd: false, gtrfrd: 0, vexp: 1965298000, crst: 0, vsexp: 1965298000, as: null, exp: 85800, vsact: true, lvt: 1578581924, strfrd: 0, vret: 0, lrnt: 0, rtrtm: 0, vfgc: 0, lwts: 0, fexp: 0, ceid: 0, ys: 0, skid: null, actrt: 0, cmid: 0, vip: true, skrt: 0, hrt: 174, dr: true, ysct: 0, bcld: 0, actrp: 0, spp: 0, fak: null, compid: 0, rpt: 0, actrd: 0, tts: null, shcr: true, trcd: 0, gdc: 0, eml: null}, locinfo: {l: "salon_sn1_1", x: 5.73, shlc: true, st: 1, at: "sitItem13", s: "127.0.0.1", pl: "", d: 4, y: 8.31}, mbm: {ac: null, sk: "blackMobileSkin"}, usrinf: {rl: 0}, pf: {pf: {phtghr: {l: 20, tp: "phtghr", pgs: 0}, jntr: {l: 20, tp: "jntr", pgs: 0}, vsgst: {l: 20, tp: "vsgst", pgs: 0}, grdnr: {l: 20, tp: "grdnr", pgs: 0}}}}}]
Thu Jan 9 18:01:11 GMT+0300 2020 [INFO] Server said: 34: ["cp.cht.sm", {rid: "salon_sn1_1", msg: {sid: "328", stkpkid: "catStickerPack", stkid: 1, cid: null, tp: "chatStickerMessage"}}]
Thu Jan 9 18:01:10 GMT+0300 2020 [INFO] Server said: 17: ["salon_sn1_1", "400"]
Thu Jan 9 18:01:10 GMT+0300 2020 [INFO] Server said: 34: ["o.r.lv", {uid: "400"}]
Thu Jan 9 18:01:08 GMT+0300 2020 [INFO] Server said: 34: ["o.r.u", {x: 9.81, uid: "400", st: 23, at: "", d: 6, y: 2.25}]
Thu Jan 9 18:01:07 GMT+0300 2020 [INFO] Server said: 34: ["o.r.m", {sx: 10.74, sy: 2.39, dx: 9.81, dy: 2.25, uid: "400"}]
Thu Jan 9 18:01:06 GMT+0300 2020 [INFO] Client said: 34: ["salon_sn1_1", "o.r.info", {rid: "sn1"}]
Thu Jan 9 18:01:06 GMT+0300 2020 [INFO] Server said: 34: ["o.gr", {rid: "salon_sn1_1"}]
Thu Jan 9 18:01:05 GMT+0300 2020 [INFO] Server said: 16: ["salon_sn1_1", "849"]
Thu Jan 9 18:01:05 GMT+0300 2020 [INFO] Server said: 34: ["o.r.jn", {plr: {apprnc: {ss: 0, sc: 1, mc: 2, nct: 0, g: 1, brc: 1, pt: 0, rg: 0, mt: 3, brt: 20, rc: 1, et: 1, ec: 3, n: "χøӎƳǻҹøk", fft: 0, pc: 1, bc: 1, ssc: 1, shc: 1, bt: 0, ht: 91, hc: 4, sh: 0, fat: 0, fac: 1}, uid: "849", clths: {clths: [{tpid: "boyShirt14", clid: null}, {tpid: "boyShoes8", clid: null}, {tpid: "boyPants10", clid: null}]}, ci: {kyktid: null, trid: null, sbid: null, lgt: 0, plcmt: {}, crt: 18, sbrt: 0, pamns: {amn: []}, shousd: false, gtrfrd: 0, vexp: 1965298000, crst: 0, vsexp: 1965298000, as: null, exp: 85800, vsact: true, lvt: 1578581968, strfrd: 0, vret: 0, lrnt: 0, rtrtm: 0, vfgc: 0, lwts: 0, fexp: 0, ceid: 0, ys: 0, skid: null, actrt: 0, cmid: 0, vip: true, skrt: 0, hrt: 174, dr: true, ysct: 0, bcld: 0, actrp: 0, spp: 0, fak: null, compid: 0, rpt: 0, actrd: 0, tts: null, shcr: true, trcd: 0, gdc: 0, eml: null}, locinfo: {l: "salon_sn1_1", x: -1, shlc: true, st: 0, at: "", s: "127.0.0.1", pl: "", d: 4, y: -1}, mbm: {ac: null, sk: "blackMobileSkin"}, usrinf: {rl: 0}, pf: {pf: {phtghr: {l: 20, tp: "phtghr", pgs: 0}, jntr: {l: 20, tp: "jntr", pgs: 0}, vsgst: {l: 20, tp: "vsgst", pgs: 0}, grdnr: {l: 20, tp: "grdnr", pgs: 0}}}}}]
Thu Jan 9 18:01:05 GMT+0300 2020 [INFO] Server said: 34: ["o.r.ra", {plr: {apprnc: {ss: 0, sc: 1, mc: 3, nct: 0, g: 2, brc: 2, pt: 0, rg: 0, mt: 6, brt: 28, rc: 1, et: 34, ec: 21, n: "тупой олень", fft: 0, pc: 1, bc: 1, ssc: 1, shc: 1, bt: 0, ht: 125, hc: 20, sh: 0, fat: 0, fac: 1}, uid: "400", clths: {clths: [{tpid: "girlPntsWnt19Rd", clid: null}, {tpid: "grlPnkRsJkt", clid: null}, {tpid: "grlPnkRsShs", clid: null}, {tpid: "grlLmnTSht", clid: null}]}, ci: {kyktid: null, trid: "freelanceExchange", sbid: null, lgt: 0, plcmt: {}, crt: 3999, sbrt: 0, pamns: {amn: []}, shousd: false, gtrfrd: 0, vexp: 1965298000, crst: 0, vsexp: 1965298000, as: null, exp: 85800, vsact: true, lvt: 1578581938, strfrd: 0, vret: 0, lrnt: 0, rtrtm: 0, vfgc: 0, lwts: 0, fexp: 0, ceid: 0, ys: 0, skid: null, actrt: 0, cmid: 0, vip: true, skrt: 0, hrt: 220, dr: true, ysct: 0, bcld: 0, actrp: 0, spp: 0, fak: null, compid: 0, rpt: 0, actrd: 0, tts: null, shcr: true, trcd: 0, gdc: 0, eml: null}, locinfo: {l: "salon_sn1_1", x: 10.74, shlc: true, st: 1, at: "sitItem12", s: "127.0.0.1", pl: "", d: 4, y: 2.39}, mbm: {ac: null, sk: "blackMobileSkin"}, usrinf: {rl: 0}, pf: {pf: {phtghr: {l: 20, tp: "phtghr", pgs: 0}, jntr: {l: 20, tp: "jntr", pgs: 0}, vsgst: {l: 20, tp: "vsgst", pgs: 0}, grdnr: {l: 20, tp: "grdnr", pgs: 0}}}}}]
Thu Jan 9 18:01:04 GMT+0300 2020 [INFO] Server said: 34: ["o.r.ra", {plr: {apprnc: {ss: 0, sc: 2, mc: 14, nct: 0, g: 2, brc: 9, pt: 0, rg: 0, mt: 31, brt: 30, rc: 1, et: 34, ec: 2, n: "счастливая", fft: 0, pc: 1, bc: 1, ssc: 1, shc: 1, bt: 0, ht: 130, hc: 5, sh: 0, fat: 0, fac: 1}, uid: "412", clths: {clths: [{tpid: "grlLcsRcc", clid: null}, {tpid: "grlDrssRcc", clid: null}, {tpid: "grlShsRcc", clid: null}]}, ci: {kyktid: null, trid: null, sbid: null, lgt: 0, plcmt: {}, crt: 1050, sbrt: 0, pamns: {amn: []}, shousd: false, gtrfrd: 0, vexp: 1965298000, crst: 0, vsexp: 1965298000, as: null, exp: 85800, vsact: true, lvt: 1578581924, strfrd: 0, vret: 0, lrnt: 0, rtrtm: 0, vfgc: 0, lwts: 0, fexp: 0, ceid: 0, ys: 0, skid: null, actrt: 0, cmid: 0, vip: true, skrt: 0, hrt: 174, dr: true, ysct: 0, bcld: 0, actrp: 0, spp: 0, fak: null, compid: 0, rpt: 0, actrd: 0, tts: null, shcr: true, trcd: 0, gdc: 0, eml: null}, locinfo: {l: "salon_sn1_1", x: 5.73, shlc: true, st: 1, at: "sitItem13", s: "127.0.0.1", pl: "", d: 4, y: 8.31}, mbm: {ac: null, sk: "blackMobileSkin"}, usrinf: {rl: 0}, pf: {pf: {phtghr: {l: 20, tp: "phtghr", pgs: 0}, jntr: {l: 20, tp: "jntr", pgs: 0}, vsgst: {l: 20, tp: "vsgst", pgs: 0}, grdnr: {l: 20, tp: "grdnr", pgs: 0}}}}}]
Thu Jan 9 17:59:29 GMT+0300 2020 [INFO] Client said: 34: [null, "o.gr", {lid: "salon", gid: "sn1"}]
Thu Jan 9 17:59:29 GMT+0300 2020 [INFO] Server said: 1: ["849", true, false, false]
Thu Jan 9 17:59:29 GMT+0300 2020 [INFO] Client said: 1: ["street", "849", "ByrISlAEoDPxojBvDtmN", {clvrn: "84.0.4", v: 2}]
Thu Jan 9 17:59:27 GMT+0300 2020 [INFO] Client said: 2: []
Thu Jan 9 17:59:27 GMT+0300 2020 [INFO] Loaded  LoadingItem(url: http://62.113.113.58:8080/files/swf/Salon_1fe14ef0cdf189794ef74d591993d3f5.swf, status: 2) 
Thu Jan 9 17:59:25 GMT+0300 2020 [INFO] Client said: 17: ["house_849_livingroom"]
Thu Jan 9 17:59:07 GMT+0300 2020 [INFO] Client said: 34: ["house_849_livingroom", "h.r.u", {x: 6.73, uid: "849", st: 23, y: 4.73, d: 3, at: ""}]
Thu Jan 9 17:59:04 GMT+0300 2020 [INFO] Client said: 34: ["house_849_livingroom", "h.r.m", {dy: 4.73, sx: 4.05, uid: "849", sy: 0.1, dx: 6.73}]
Thu Jan 9 17:58:59 GMT+0300 2020 [INFO] Client said: 34: ["house_849_livingroom", "h.r.u", {st: 0, x: 4.05, uid: "849", d: 4, y: 0.1}]
Thu Jan 9 17:58:59 GMT+0300 2020 [INFO] Server said: 34: ["lg.lst", {glst: []}]
Thu Jan 9 17:58:59 GMT+0300 2020 [INFO] Client said: 34: ["house_849_livingroom", "lg.lst", {}]
Thu Jan 9 17:58:58 GMT+0300 2020 [INFO] Server said: 34: ["h.r.info", {rm: {l: 13, nm: "#livingRoom", f: [{tpid: "wall15", y: 0, x: 0, z: 0, d: 3, lid: 1}, {tpid: "door4", y: 0, x: 3, z: 0, d: 3, lid: 4, rid: "outside"}, {tpid: "wall15", y: 0, x: 13, z: 0, d: 5, lid: 2}, {tpid: "floor4", y: 0, x: 0, z: 0, d: 5, lid: 3}], lev: 1, w: 13, id: "livingroom"}, rmmb: [{apprnc: {ss: 0, sc: 1, mc: 2, nct: 0, g: 1, brc: 1, pt: 0, rg: 0, mt: 3, brt: 20, rc: 1, et: 1, ec: 3, n: "χøӎƳǻҹøk", fft: 0, pc: 1, bc: 1, ssc: 1, shc: 1, bt: 0, ht: 91, hc: 4, sh: 0, fat: 0, fac: 1}, uid: "849", clths: {clths: [{tpid: "boyShirt14", clid: null}, {tpid: "boyShoes8", clid: null}, {tpid: "boyPants10", clid: null}]}, ci: {kyktid: null, trid: null, sbid: null, lgt: 0, plcmt: {}, crt: 18, sbrt: 0, pamns: {amn: []}, shousd: false, gtrfrd: 0, vexp: 1965298000, crst: 0, vsexp: 1965298000, as: null, exp: 85800, vsact: true, lvt: 1578581674, strfrd: 0, vret: 0, lrnt: 0, rtrtm: 0, vfgc: 0, lwts: 0, fexp: 0, ceid: 0, ys: 0, skid: null, actrt: 0, cmid: 0, vip: true, skrt: 0, hrt: 174, dr: true, ysct: 0, bcld: 0, actrp: 0, spp: 0, fak: null, compid: 0, rpt: 0, actrd: 0, tts: null, shcr: true, trcd: 0, gdc: 0, eml: null}, locinfo: {l: "house_849_livingroom", x: -1, shlc: true, st: 0, at: "", s: "127.0.0.1", pl: "", d: 4, y: -1}, mbm: {ac: null, sk: "blackMobileSkin"}, usrinf: {rl: 0}, pf: {pf: {phtghr: {l: 20, tp: "phtghr", pgs: 0}, jntr: {l: 20, tp: "jntr", pgs: 0}, vsgst: {l: 20, tp: "vsgst", pgs: 0}, grdnr: {l: 20, tp: "grdnr", pgs: 0}}}}], evn: null}]
Thu Jan 9 17:58:58 GMT+0300 2020 [INFO] Client said: 34: ["house_849_livingroom", "h.r.info", {uid: "849", rid: "livingroom"}]
Thu Jan 9 17:58:58 GMT+0300 2020 [INFO] Server said: 34: ["h.gr", {rid: "house_849_livingroom"}]
Thu Jan 9 17:58:58 GMT+0300 2020 [INFO] Server said: 16: ["house_849_livingroom", "849"]
Thu Jan 9 17:58:58 GMT+0300 2020 [INFO] Server said: 34: ["h.r.jn", {plr: {apprnc: {ss: 0, sc: 1, mc: 2, nct: 0, g: 1, brc: 1, pt: 0, rg: 0, mt: 3, brt: 20, rc: 1, et: 1, ec: 3, n: "χøӎƳǻҹøk", fft: 0, pc: 1, bc: 1, ssc: 1, shc: 1, bt: 0, ht: 91, hc: 4, sh: 0, fat: 0, fac: 1}, uid: "849", clths: {clths: [{tpid: "boyShirt14", clid: null}, {tpid: "boyShoes8", clid: null}, {tpid: "boyPants10", clid: null}]}, ci: {kyktid: null, trid: null, sbid: null, lgt: 0, plcmt: {}, crt: 18, sbrt: 0, pamns: {amn: []}, shousd: false, gtrfrd: 0, vexp: 1965298000, crst: 0, vsexp: 1965298000, as: null, exp: 85800, vsact: true, lvt: 1578581674, strfrd: 0, vret: 0, lrnt: 0, rtrtm: 0, vfgc: 0, lwts: 0, fexp: 0, ceid: 0, ys: 0, skid: null, actrt: 0, cmid: 0, vip: true, skrt: 0, hrt: 174, dr: true, ysct: 0, bcld: 0, actrp: 0, spp: 0, fak: null, compid: 0, rpt: 0, actrd: 0, tts: null, shcr: true, trcd: 0, gdc: 0, eml: null}, locinfo: {l: "house_849_livingroom", x: -1, shlc: true, st: 0, at: "", s: "127.0.0.1", pl: "", d: 4, y: -1}, mbm: {ac: null, sk: "blackMobileSkin"}, usrinf: {rl: 0}, pf: {pf: {phtghr: {l: 20, tp: "phtghr", pgs: 0}, jntr: {l: 20, tp: "jntr", pgs: 0}, vsgst: {l: 20, tp: "vsgst", pgs: 0}, grdnr: {l: 20, tp: "grdnr", pgs: 0}}}}}]
Thu Jan 9 17:58:58 GMT+0300 2020 [INFO] Client said: 34: [null, "h.gr", {gid: "849", rid: "livingroom", lid: "house"}]
Thu Jan 9 17:58:58 GMT+0300 2020 [INFO] Loaded  LoadingItem(url: http://62.113.113.58:8080/files/swf/furniture/house/WallPoppy.swf, status: 2) 
Thu Jan 9 17:58:48 GMT+0300 2020 [INFO] Loaded  LoadingItem(url: http://62.113.113.58:8080/files/swf/furniture/house/DoorWood.swf, status: 2) 
Thu Jan 9 17:58:42 GMT+0300 2020 [INFO] Loaded  LoadingItem(url: http://62.113.113.58:8080/files/swf/furniture/house/FloorCarpetGrass.swf, status: 2) 
Thu Jan 9 17:57:51 GMT+0300 2020 [INFO] Server said: 34: ["srqst.gtrq", {rqlst: {rsprlst: {}, shwdt: 0, lapt: {}, rlst: {}}}]
Thu Jan 9 17:57:51 GMT+0300 2020 [INFO] Client said: 34: [null, "nws.getglbl", {}]
Thu Jan 9 17:57:51 GMT+0300 2020 [INFO] Server said: 34: ["nws.hasnews", {gnexst: true, gnunr: true}]
Thu Jan 9 17:57:51 GMT+0300 2020 [INFO] Server said: 34: ["cp.cht.gbl", {blcklst: {uids: []}}]
Thu Jan 9 17:57:51 GMT+0300 2020 [INFO] Client said: 34: [null, "crq.lrui", {uid: 849}]
Thu Jan 9 17:57:51 GMT+0300 2020 [INFO] Server said: 34: ["cm.new", {campaigns: [{iu: "", st: 1, tp: 9, v: 1, cil: [{sc: 0, tid: "clans", cid: 643, si: 0, gl: 0, id: 8151}, {sc: 0, tid: "clanRating_off", cid: 643, si: 0, gl: 0, id: 8152}], id: 643, ed: 2442905160000}, {iu: "", st: 1, tp: 9, v: 1, cil: [{sc: 0, tid: "mobile", cid: 316, si: 0, gl: 0, id: 2514}], id: 316, ed: 1659222000000}, {iu: "", st: 2, tp: 9, v: 1, cil: [{sc: 0, tid: "fortune2", cid: 299, si: 0, gl: 0, id: 2434}], id: 299, ed: 1919631600000}, {iu: "", st: 1, tp: 9, v: 1, cil: [{sc: 0, tid: "professions", cid: 114, si: 0, gl: 0, id: 1110}, {sc: 0, tid: "grdnr", cid: 114, si: 0, gl: 0, id: 1111}, {sc: 0, tid: "jntr", cid: 114, si: 0, gl: 0, id: 1112}, {sc: 0, tid: "vsgst", cid: 114, si: 0, gl: 0, id: 1577}, {sc: 0, tid: "phtghr", cid: 114, si: 0, gl: 0, id: 1578}], id: 114, ed: 1440630000000}]}]