ClientError: Thu Jan 9 22:05:52 GMT+0700 2020 [CRITICAL] [house] *Uncaught Error* ErrorId: 1010 ErrorName: TypeError ErrorMessage:Error #1010 ErrorStackTrace:TypeError: Error #1010
	at _-1u9::URL/parse()
	at _-1u9::URL()
	at _-18R::LoadingItem()
	at _-18R::SWFLoadingItem()
	at _-0bS::MassLoader/add()
	at _-0bS::MassLoader/_-2R5()
	at flash.events::EventDispatcher/dispatchEvent()
	at _-18R::LoadingItem/_-1Iu()
	at _-18R::LoadingItem/onError()
	at _-18R::SWFLoadingItem/onError()
	at flash.events::EventDispatcher/dispatchEvent()
	at flash.net::URLLoader/onComplete()
Thu Jan 9 22:05:34 GMT+0700 2020 [INFO] Server said: 34: ["ntf.res", {res: {enrg: 500, gld: 603739, slvr: 4985300, emd: 0}}]
Thu Jan 9 22:05:34 GMT+0700 2020 [INFO] Server said: 34: ["ntf.inv", {it: {iid: "", c: 1, tid: "wllGTch"}}]
Thu Jan 9 22:05:34 GMT+0700 2020 [INFO] Client said: 34: [null, "frn.buy", {cnt: 1, tpid: "wllGTch", pind: 1}]
Thu Jan 9 22:05:25 GMT+0700 2020 [INFO] Server said: 34: ["ntf.res", {res: {enrg: 500, gld: 603849, slvr: 4985300, emd: 0}}]
Thu Jan 9 22:05:25 GMT+0700 2020 [INFO] Server said: 34: ["ntf.inv", {it: {iid: "", c: 1, tid: "pdmNY20Wll"}}]
Thu Jan 9 22:05:24 GMT+0700 2020 [INFO] Client said: 34: [null, "frn.buy", {cnt: 1, tpid: "pdmNY20Wll", pind: 1}]
Thu Jan 9 22:04:49 GMT+0700 2020 [INFO] Server said: 34: ["ntf.res", {res: {enrg: 500, gld: 603894, slvr: 4985300, emd: 0}}]
Thu Jan 9 22:04:48 GMT+0700 2020 [INFO] Server said: 34: ["ntf.inv", {it: {iid: "", c: 1, tid: "intFlr1"}}]
Thu Jan 9 22:04:46 GMT+0700 2020 [INFO] Client said: 34: [null, "frn.buy", {cnt: 1, tpid: "intFlr1", pind: 1}]
Thu Jan 9 22:04:20 GMT+0700 2020 [INFO] Server said: 34: ["h.r.ra", {plr: {usrinf: {rl: 0}, ci: {hrt: 174, vexp: 1965298000, skrt: 0, vsexp: 1965298000, vip: true, exp: 85800, vsact: true, trid: null, vret: 0, trcd: 0, vfgc: 0, rtrtm: 0, kyktid: null, fexp: 0, actrt: 0, strfrd: 0, sbid: null, actrp: 0, ceid: 0, ys: 0, crt: 894, compid: 0, cmid: 0, plcmt: {}, rpt: 0, dr: true, bcld: 0, actrd: 0, spp: 0, tts: null, pamns: {amn: []}, lrnt: 0, eml: null, shousd: false, skid: null, lvt: 1578582179, crst: 0, lwts: 0, ysct: 0, gdc: 0, fak: null, lgt: 0, as: null, shcr: true, gtrfrd: 0, sbrt: 0}, mbm: {ac: null, sk: "blackMobileSkin"}, pf: {pf: {phtghr: {pgs: 0, tp: "phtghr", l: 20}, vsgst: {pgs: 0, tp: "vsgst", l: 20}, grdnr: {pgs: 0, tp: "grdnr", l: 20}, jntr: {pgs: 0, tp: "jntr", l: 20}}}, clths: {clths: [{tpid: "boyBtsHp", clid: null}, {tpid: "boyGlssHp", clid: null}, {tpid: "boyTtHp", clid: null}, {tpid: "boyErrHp", clid: null}, {tpid: "boyPntsHp", clid: null}, {tpid: "boyTShrtHp", clid: null}]}, apprnc: {shc: 1, fft: 2, fac: 1, g: 1, ht: 82, rg: 0, sc: 2, et: 16, hc: 7, sh: 0, brc: 1, nct: 0, n: "ALKAW", brt: 16, mc: 2, ec: 5, pc: 1, mt: 25, rc: 1, fat: 0, bc: 7, pt: 0, bt: 15, ss: 0, ssc: 1}, locinfo: {x: 4.2, s: "127.0.0.1", y: 4.66, at: "", shlc: true, pl: "", d: 4, st: 23, l: "house_417_livingroom"}, uid: "417"}}]
Thu Jan 9 22:04:19 GMT+0700 2020 [INFO] Server said: 34: ["h.r.ra", {plr: {usrinf: {rl: 0}, ci: {hrt: 174, vexp: 1965298000, skrt: 0, vsexp: 1965298000, vip: true, exp: 85800, vsact: true, trid: null, vret: 0, trcd: 0, vfgc: 0, rtrtm: 0, kyktid: null, fexp: 0, actrt: 0, strfrd: 0, sbid: null, actrp: 0, ceid: 0, ys: 0, crt: 894, compid: 0, cmid: 0, plcmt: {}, rpt: 0, dr: true, bcld: 0, actrd: 0, spp: 0, tts: null, pamns: {amn: []}, lrnt: 0, eml: null, shousd: false, skid: null, lvt: 1578582179, crst: 0, lwts: 0, ysct: 0, gdc: 0, fak: null, lgt: 0, as: null, shcr: true, gtrfrd: 0, sbrt: 0}, mbm: {ac: null, sk: "blackMobileSkin"}, pf: {pf: {phtghr: {pgs: 0, tp: "phtghr", l: 20}, vsgst: {pgs: 0, tp: "vsgst", l: 20}, grdnr: {pgs: 0, tp: "grdnr", l: 20}, jntr: {pgs: 0, tp: "jntr", l: 20}}}, clths: {clths: [{tpid: "boyBtsHp", clid: null}, {tpid: "boyGlssHp", clid: null}, {tpid: "boyTtHp", clid: null}, {tpid: "boyErrHp", clid: null}, {tpid: "boyPntsHp", clid: null}, {tpid: "boyTShrtHp", clid: null}]}, apprnc: {shc: 1, fft: 2, fac: 1, g: 1, ht: 82, rg: 0, sc: 2, et: 16, hc: 7, sh: 0, brc: 1, nct: 0, n: "ALKAW", brt: 16, mc: 2, ec: 5, pc: 1, mt: 25, rc: 1, fat: 0, bc: 7, pt: 0, bt: 15, ss: 0, ssc: 1}, locinfo: {x: 4.2, s: "127.0.0.1", y: 4.66, at: "", shlc: true, pl: "", d: 4, st: 23, l: "house_417_livingroom"}, uid: "417"}}]
Thu Jan 9 22:04:17 GMT+0700 2020 [INFO] Client said: 34: ["house_417_livingroom", "h.r.ra", {}]
Thu Jan 9 22:04:17 GMT+0700 2020 [INFO] Server said: 34: ["a.clths.buy", {clths: {clths: [{tpid: "boyBtsHp", clid: null}, {tpid: "boyGlssHp", clid: null}, {tpid: "boyTtHp", clid: null}, {tpid: "boyErrHp", clid: null}, {tpid: "boyPntsHp", clid: null}, {tpid: "boyTShrtHp", clid: null}]}, ccltn: {cn: "", ctp: "casual", cct: ["boyBtsHp", "boyGlssHp", "boyTtHp", "boyErrHp", "boyPntsHp", "boyTShrtHp"]}, crt: 894, inv: {c: {lt: {it: [], id: "lt"}, frn: {it: [], id: "frn"}, gm: {it: [{iid: "", c: 1, tid: "blackMobileSkin"}], id: "gm"}, cls: {it: [{iid: "", c: 1, tid: "boyUnderdress1"}, {iid: "", c: 1, tid: "boyShirt14"}, {iid: "", c: 1, tid: "boyPants10"}, {iid: "", c: 1, tid: "boyShoes8"}, {iid: "", c: 1, tid: "boyTShrtFrog"}, {iid: "", c: 1, tid: "boyPntsFrog"}, {iid: "", c: 1, tid: "boyBtsFrog"}, {iid: "", c: 1, tid: "boyErrFrog"}], id: "cls"}, act: {it: [], id: "act"}}}, res: {emd: 0, enrg: 500, slvr: 4985300, gld: 604344}}]
Thu Jan 9 22:04:14 GMT+0700 2020 [INFO] Client said: 34: ["house_417_livingroom", "h.r.ra", {}]
Thu Jan 9 22:04:14 GMT+0700 2020 [INFO] Server said: 34: ["a.clths.buy", {clths: {clths: [{tpid: "boyBtsHp", clid: null}, {tpid: "boyGlssHp", clid: null}, {tpid: "boyTtHp", clid: null}, {tpid: "boyErrHp", clid: null}, {tpid: "boyPntsHp", clid: null}, {tpid: "boyTShrtHp", clid: null}]}, ccltn: {cn: "", ctp: "casual", cct: ["boyBtsHp", "boyGlssHp", "boyTtHp", "boyErrHp", "boyPntsHp", "boyTShrtHp"]}, crt: 894, inv: {c: {lt: {it: [], id: "lt"}, frn: {it: [], id: "frn"}, gm: {it: [{iid: "", c: 1, tid: "blackMobileSkin"}], id: "gm"}, cls: {it: [{iid: "", c: 1, tid: "boyUnderdress1"}, {iid: "", c: 1, tid: "boyShirt14"}, {iid: "", c: 1, tid: "boyPants10"}, {iid: "", c: 1, tid: "boyShoes8"}, {iid: "", c: 1, tid: "boyTShrtFrog"}, {iid: "", c: 1, tid: "boyPntsFrog"}, {iid: "", c: 1, tid: "boyBtsFrog"}, {iid: "", c: 1, tid: "boyErrFrog"}], id: "cls"}, act: {it: [], id: "act"}}}, res: {emd: 0, enrg: 500, slvr: 4985300, gld: 604344}}]
Thu Jan 9 22:04:12 GMT+0700 2020 [INFO] Client said: 34: [null, "a.clths.bst", {ctp: "casual", tpid: "boyHypeSet", pind: 1}]
Thu Jan 9 22:04:00 GMT+0700 2020 [INFO] Client said: 34: [null, "a.clths.bst", {ctp: "casual", tpid: "boyHypeSet", pind: 1}]
Thu Jan 9 22:03:59 GMT+0700 2020 [INFO] Server said: 34: ["h.r.ra", {plr: {usrinf: {rl: 0}, ci: {hrt: 174, vexp: 1965298000, skrt: 0, vsexp: 1965298000, vip: true, exp: 85800, vsact: true, trid: null, vret: 0, trcd: 0, vfgc: 0, rtrtm: 0, kyktid: null, fexp: 0, actrt: 0, strfrd: 0, sbid: null, actrp: 0, ceid: 0, ys: 0, crt: 618, compid: 0, cmid: 0, plcmt: {}, rpt: 0, dr: true, bcld: 0, actrd: 0, spp: 0, tts: null, pamns: {amn: []}, lrnt: 0, eml: null, shousd: false, skid: null, lvt: 1578582179, crst: 0, lwts: 0, ysct: 0, gdc: 0, fak: null, lgt: 0, as: null, shcr: true, gtrfrd: 0, sbrt: 0}, mbm: {ac: null, sk: "blackMobileSkin"}, pf: {pf: {phtghr: {pgs: 0, tp: "phtghr", l: 20}, vsgst: {pgs: 0, tp: "vsgst", l: 20}, grdnr: {pgs: 0, tp: "grdnr", l: 20}, jntr: {pgs: 0, tp: "jntr", l: 20}}}, clths: {clths: [{tpid: "boyPntsFrog", clid: null}, {tpid: "boyErrFrog", clid: null}, {tpid: "boyBtsFrog", clid: null}, {tpid: "boyTShrtFrog", clid: null}]}, apprnc: {shc: 1, fft: 2, fac: 1, g: 1, ht: 82, rg: 0, sc: 2, et: 16, hc: 7, sh: 0, brc: 1, nct: 0, n: "ALKAW", brt: 16, mc: 2, ec: 5, pc: 1, mt: 25, rc: 1, fat: 0, bc: 7, pt: 0, bt: 15, ss: 0, ssc: 1}, locinfo: {x: 4.2, s: "127.0.0.1", y: 4.66, at: "", shlc: true, pl: "", d: 4, st: 23, l: "house_417_livingroom"}, uid: "417"}}]
Thu Jan 9 22:03:57 GMT+0700 2020 [INFO] Client said: 34: ["house_417_livingroom", "h.r.ra", {}]
Thu Jan 9 22:03:57 GMT+0700 2020 [INFO] Server said: 34: ["a.clths.buy", {clths: {clths: [{tpid: "boyPntsFrog", clid: null}, {tpid: "boyErrFrog", clid: null}, {tpid: "boyBtsFrog", clid: null}, {tpid: "boyTShrtFrog", clid: null}]}, ccltn: {cn: "", ctp: "casual", cct: ["boyPntsFrog", "boyErrFrog", "boyBtsFrog", "boyTShrtFrog"]}, crt: 618, inv: {c: {lt: {it: [], id: "lt"}, frn: {it: [], id: "frn"}, gm: {it: [{iid: "", c: 1, tid: "blackMobileSkin"}], id: "gm"}, cls: {it: [{iid: "", c: 1, tid: "boyUnderdress1"}, {iid: "", c: 1, tid: "boyShirt14"}, {iid: "", c: 1, tid: "boyPants10"}, {iid: "", c: 1, tid: "boyShoes8"}], id: "cls"}, act: {it: [], id: "act"}}}, res: {emd: 0, enrg: 500, slvr: 4988000, gld: 604443}}]
Thu Jan 9 22:03:48 GMT+0700 2020 [INFO] Client said: 34: [null, "a.clths.bst", {ctp: "casual", tpid: "boyFrogSet", pind: 1}]
Thu Jan 9 22:03:22 GMT+0700 2020 [INFO] Client said: 34: ["house_417_livingroom", "h.r.u", {x: 4.2, y: 4.66, at: "", st: 23, d: 4, uid: "417"}]
Thu Jan 9 22:03:20 GMT+0700 2020 [INFO] Client said: 34: ["house_417_livingroom", "h.r.m", {sy: 0.1, dy: 4.66, uid: "417", sx: 4.05, dx: 4.2}]
Thu Jan 9 22:03:18 GMT+0700 2020 [INFO] Server said: 34: ["lg.lst", {glst: []}]
Thu Jan 9 22:03:18 GMT+0700 2020 [INFO] Client said: 34: ["house_417_livingroom", "h.r.u", {x: 4.05, d: 4, y: 0.1, uid: "417", st: 0}]
Thu Jan 9 22:03:18 GMT+0700 2020 [INFO] Client said: 34: ["house_417_livingroom", "lg.lst", {}]
Thu Jan 9 22:03:18 GMT+0700 2020 [INFO] Server said: 34: ["h.r.info", {rm: {id: "livingroom", nm: "#livingRoom", lev: 1, f: [{x: 0, y: 0, tpid: "wall15", z: 0, d: 3, lid: 1}, {x: 3, y: 0, tpid: "door4", z: 0, d: 3, rid: "outside", lid: 4}, {x: 13, y: 0, tpid: "wall15", z: 0, d: 5, lid: 2}, {x: 0, y: 0, tpid: "floor4", z: 0, d: 5, lid: 3}], l: 13, w: 13}, rmmb: [{usrinf: {rl: 0}, ci: {hrt: 174, vexp: 1965298000, skrt: 0, vsexp: 1965298000, vip: true, exp: 85800, vsact: true, trid: null, vret: 0, trcd: 0, vfgc: 0, rtrtm: 0, kyktid: null, fexp: 0, actrt: 0, strfrd: 0, sbid: null, actrp: 0, ceid: 0, ys: 0, crt: 18, compid: 0, cmid: 0, plcmt: {}, rpt: 0, dr: true, bcld: 0, actrd: 0, spp: 0, tts: null, pamns: {amn: []}, lrnt: 0, eml: null, shousd: false, skid: null, lvt: 1578582179, crst: 0, lwts: 0, ysct: 0, gdc: 0, fak: null, lgt: 0, as: null, shcr: true, gtrfrd: 0, sbrt: 0}, mbm: {ac: null, sk: "blackMobileSkin"}, pf: {pf: {phtghr: {pgs: 0, tp: "phtghr", l: 20}, vsgst: {pgs: 0, tp: "vsgst", l: 20}, grdnr: {pgs: 0, tp: "grdnr", l: 20}, jntr: {pgs: 0, tp: "jntr", l: 20}}}, clths: {clths: [{tpid: "boyShirt14", clid: null}, {tpid: "boyShoes8", clid: null}, {tpid: "boyPants10", clid: null}]}, apprnc: {shc: 1, fft: 2, fac: 1, g: 1, ht: 82, rg: 0, sc: 2, et: 16, hc: 7, sh: 0, brc: 1, nct: 0, n: "ALKAW", brt: 16, mc: 2, ec: 5, pc: 1, mt: 25, rc: 1, fat: 0, bc: 7, pt: 0, bt: 15, ss: 0, ssc: 1}, locinfo: {x: -1, s: "127.0.0.1", y: -1, at: "", shlc: true, pl: "", d: 4, st: 0, l: "house_417_livingroom"}, uid: "417"}], evn: null}]
Thu Jan 9 22:03:15 GMT+0700 2020 [INFO] Client said: 34: ["house_417_livingroom", "h.r.info", {uid: "417", rid: "livingroom"}]
Thu Jan 9 22:03:15 GMT+0700 2020 [INFO] Server said: 34: ["h.gr", {rid: "house_417_livingroom"}]
Thu Jan 9 22:03:15 GMT+0700 2020 [INFO] Server said: 16: ["house_417_livingroom", "417"]
Thu Jan 9 22:03:14 GMT+0700 2020 [INFO] Server said: 34: ["h.r.jn", {plr: {usrinf: {rl: 0}, ci: {hrt: 174, vexp: 1965298000, skrt: 0, vsexp: 1965298000, vip: true, exp: 85800, vsact: true, trid: null, vret: 0, trcd: 0, vfgc: 0, rtrtm: 0, kyktid: null, fexp: 0, actrt: 0, strfrd: 0, sbid: null, actrp: 0, ceid: 0, ys: 0, crt: 18, compid: 0, cmid: 0, plcmt: {}, rpt: 0, dr: true, bcld: 0, actrd: 0, spp: 0, tts: null, pamns: {amn: []}, lrnt: 0, eml: null, shousd: false, skid: null, lvt: 1578582179, crst: 0, lwts: 0, ysct: 0, gdc: 0, fak: null, lgt: 0, as: null, shcr: true, gtrfrd: 0, sbrt: 0}, mbm: {ac: null, sk: "blackMobileSkin"}, pf: {pf: {phtghr: {pgs: 0, tp: "phtghr", l: 20}, vsgst: {pgs: 0, tp: "vsgst", l: 20}, grdnr: {pgs: 0, tp: "grdnr", l: 20}, jntr: {pgs: 0, tp: "jntr", l: 20}}}, clths: {clths: [{tpid: "boyShirt14", clid: null}, {tpid: "boyShoes8", clid: null}, {tpid: "boyPants10", clid: null}]}, apprnc: {shc: 1, fft: 2, fac: 1, g: 1, ht: 82, rg: 0, sc: 2, et: 16, hc: 7, sh: 0, brc: 1, nct: 0, n: "ALKAW", brt: 16, mc: 2, ec: 5, pc: 1, mt: 25, rc: 1, fat: 0, bc: 7, pt: 0, bt: 15, ss: 0, ssc: 1}, locinfo: {x: -1, s: "127.0.0.1", y: -1, at: "", shlc: true, pl: "", d: 4, st: 0, l: "house_417_livingroom"}, uid: "417"}}]
Thu Jan 9 22:03:13 GMT+0700 2020 [INFO] Server said: 34: ["srqst.gtrq", {rqlst: {rsprlst: {}, lapt: {}, rlst: {}, shwdt: 0}}]
Thu Jan 9 22:03:13 GMT+0700 2020 [INFO] Client said: 34: [null, "nws.getglbl", {}]
Thu Jan 9 22:03:13 GMT+0700 2020 [INFO] Server said: 34: ["nws.hasnews", {gnexst: true, gnunr: true}]
Thu Jan 9 22:03:13 GMT+0700 2020 [INFO] Server said: 34: ["cp.cht.gbl", {blcklst: {uids: []}}]
Thu Jan 9 22:03:13 GMT+0700 2020 [INFO] Server said: 34: ["cm.new", {campaigns: [{id: 643, st: 1, iu: "", cil: [{si: 0, id: 8151, tid: "clans", sc: 0, cid: 643, gl: 0}, {si: 0, id: 8152, tid: "clanRating_off", sc: 0, cid: 643, gl: 0}], v: 1, tp: 9, ed: 2442905160000}, {id: 316, st: 1, iu: "", cil: [{si: 0, id: 2514, tid: "mobile", sc: 0, cid: 316, gl: 0}], v: 1, tp: 9, ed: 1659222000000}, {id: 299, st: 2, iu: "", cil: [{si: 0, id: 2434, tid: "fortune2", sc: 0, cid: 299, gl: 0}], v: 1, tp: 9, ed: 1919631600000}, {id: 114, st: 1, iu: "", cil: [{si: 0, id: 1110, tid: "professions", sc: 0, cid: 114, gl: 0}, {si: 0, id: 1111, tid: "grdnr", sc: 0, cid: 114, gl: 0}, {si: 0, id: 1112, tid: "jntr", sc: 0, cid: 114, gl: 0}, {si: 0, id: 1577, tid: "vsgst", sc: 0, cid: 114, gl: 0}, {si: 0, id: 1578, tid: "phtghr", sc: 0, cid: 114, gl: 0}], v: 1, tp: 9, ed: 1440630000000}]}]
Thu Jan 9 22:03:13 GMT+0700 2020 [INFO] Client said: 34: [null, "h.gr", {gid: "417", rid: "livingroom", lid: "house"}]
Thu Jan 9 22:03:13 GMT+0700 2020 [INFO] Client said: 34: [null, "srqst.gtrq", {}]