ClientError: Thu Jan 9 21:16:41 GMT+0700 2020 [CRITICAL] [house] *Uncaught Error* ErrorId: 1010 ErrorName: TypeError ErrorMessage:Error #1010 ErrorStackTrace:TypeError: Error #1010
	at _-1u9::URL/parse()
	at _-1u9::URL()
	at _-18R::LoadingItem()
	at _-18R::SWFLoadingItem()
	at _-0bS::MassLoader/add()
	at _-0bS::MassLoader/_-2R5()
	at flash.events::EventDispatcher/dispatchEvent()
	at _-18R::LoadingItem/_-1Iu()
	at _-18R::LoadingItem/onError()
	at _-18R::SWFLoadingItem/onError()
	at flash.events::EventDispatcher/dispatchEvent()
	at flash.net::URLLoader/onComplete()
Thu Jan 9 21:15:57 GMT+0700 2020 [INFO] Server said: 34: ["ntf.res", {res: {gld: 13480, enrg: 500, emd: 0, slvr: 3800}}]
Thu Jan 9 21:15:57 GMT+0700 2020 [INFO] Server said: 34: ["ntf.inv", {it: {c: 1, tid: "bath4", iid: ""}}]
Thu Jan 9 21:15:54 GMT+0700 2020 [INFO] Client said: 34: [null, "frn.buy", {tpid: "bath4", cnt: 1, pind: 1}]
Thu Jan 9 21:15:52 GMT+0700 2020 [INFO] Loaded  LoadingItem(url: http://62.113.113.58:8080/files/swf/furniture/bathroom/BathMarble.swf, status: 2) 
Thu Jan 9 21:15:31 GMT+0700 2020 [INFO] Server said: 34: ["ntf.res", {res: {gld: 13505, enrg: 500, emd: 0, slvr: 3800}}]
Thu Jan 9 21:15:30 GMT+0700 2020 [INFO] Server said: 34: ["ntf.inv", {it: {c: 1, tid: "toilet1", iid: ""}}]
Thu Jan 9 21:15:29 GMT+0700 2020 [INFO] Client said: 34: [null, "frn.buy", {tpid: "toilet1", cnt: 1, pind: 1}]
Thu Jan 9 21:15:28 GMT+0700 2020 [INFO] Loaded  LoadingItem(url: http://62.113.113.58:8080/files/swf/furniture/bathroom/MarbleToilet.swf, status: 2) 
Thu Jan 9 21:13:31 GMT+0700 2020 [INFO] Server said: 34: ["lg.lst", {glst: []}]
Thu Jan 9 21:13:30 GMT+0700 2020 [INFO] Client said: 34: ["house_765_5", "h.r.u", {x: 4.05, uid: "765", y: 0.1, d: 4, st: 0}]
Thu Jan 9 21:13:30 GMT+0700 2020 [INFO] Client said: 34: ["house_765_5", "lg.lst", {}]
Thu Jan 9 21:13:30 GMT+0700 2020 [INFO] Server said: 34: ["h.r.info", {evn: null, rmmb: [{clths: {clths: [{tpid: "grlPnkRsPnts", clid: null}, {tpid: "girlTShrtSh", clid: null}, {tpid: "grlPnkRsShs", clid: null}]}, usrinf: {rl: 0}, apprnc: {pt: 3, mt: 14, shc: 24, rc: 1, bt: 0, ec: 6, sc: 1, g: 2, hc: 5, brt: 22, pc: 1, et: 37, brc: 10, fft: 2, ht: 111, n: "Вселенная ", nct: 0, fat: 6, mc: 16, rg: 0, fac: 10, bc: 1, sh: 0, ssc: 2, ss: 0}, locinfo: {x: -1, s: "127.0.0.1", at: "", l: "house_765_5", st: 0, y: -1, d: 4, shlc: true, pl: ""}, pf: {pf: {grdnr: {tp: "grdnr", pgs: 0, l: 20}, jntr: {tp: "jntr", pgs: 0, l: 20}, phtghr: {tp: "phtghr", pgs: 0, l: 20}, vsgst: {tp: "vsgst", pgs: 0, l: 20}}}, uid: "765", ci: {plcmt: {}, lrnt: 0, as: null, actrt: 0, crst: 0, spp: 0, exp: 85800, actrp: 0, tts: null, strfrd: 0, vip: true, eml: null, vexp: 1965298000, vsexp: 1965298000, pamns: {amn: []}, shcr: true, trid: "freelanceMicrophone", shousd: false, gdc: 0, compid: 0, kyktid: null, crt: 839, vsact: true, sbid: null, rtrtm: 0, vret: 0, sbrt: 0, ys: 0, trcd: 0, lgt: 0, skid: null, vfgc: 0, actrd: 0, skrt: 0, fexp: 0, lwts: 0, bcld: 0, gtrfrd: 0, fak: null, ysct: 0, hrt: 2227, rpt: 0, ceid: 0, dr: true, cmid: 0, lvt: 1578582377}, mbm: {sk: "blackMobileSkin", ac: null}}], rm: {id: "5", nm: "Комната 5", lev: 2, f: [{x: 0, tpid: "wall15", y: 0, z: 0, lid: 1, d: 3}, {x: 3, tpid: "door4", y: 0, z: 0, rid: "outside", lid: 4, d: 3}, {x: 13, tpid: "wall15", y: 0, z: 0, lid: 2, d: 5}, {x: 0, tpid: "floor4", y: 0, z: 0, lid: 3, d: 5}], l: 13, w: 13}}]
Thu Jan 9 21:13:24 GMT+0700 2020 [INFO] Client said: 34: ["house_765_5", "h.r.info", {uid: "765", rid: "5"}]
Thu Jan 9 21:13:24 GMT+0700 2020 [INFO] Server said: 34: ["h.gr", {rid: "house_765_5"}]
Thu Jan 9 21:13:24 GMT+0700 2020 [INFO] Server said: 16: ["house_765_5", "765"]
Thu Jan 9 21:13:24 GMT+0700 2020 [INFO] Server said: 34: ["h.r.jn", {plr: {clths: {clths: [{tpid: "grlPnkRsPnts", clid: null}, {tpid: "girlTShrtSh", clid: null}, {tpid: "grlPnkRsShs", clid: null}]}, usrinf: {rl: 0}, apprnc: {pt: 3, mt: 14, shc: 24, rc: 1, bt: 0, ec: 6, sc: 1, g: 2, hc: 5, brt: 22, pc: 1, et: 37, brc: 10, fft: 2, ht: 111, n: "Вселенная ", nct: 0, fat: 6, mc: 16, rg: 0, fac: 10, bc: 1, sh: 0, ssc: 2, ss: 0}, locinfo: {x: -1, s: "127.0.0.1", at: "", l: "house_765_5", st: 0, y: -1, d: 4, shlc: true, pl: ""}, pf: {pf: {grdnr: {tp: "grdnr", pgs: 0, l: 20}, jntr: {tp: "jntr", pgs: 0, l: 20}, phtghr: {tp: "phtghr", pgs: 0, l: 20}, vsgst: {tp: "vsgst", pgs: 0, l: 20}}}, uid: "765", ci: {plcmt: {}, lrnt: 0, as: null, actrt: 0, crst: 0, spp: 0, exp: 85800, actrp: 0, tts: null, strfrd: 0, vip: true, eml: null, vexp: 1965298000, vsexp: 1965298000, pamns: {amn: []}, shcr: true, trid: "freelanceMicrophone", shousd: false, gdc: 0, compid: 0, kyktid: null, crt: 839, vsact: true, sbid: null, rtrtm: 0, vret: 0, sbrt: 0, ys: 0, trcd: 0, lgt: 0, skid: null, vfgc: 0, actrd: 0, skrt: 0, fexp: 0, lwts: 0, bcld: 0, gtrfrd: 0, fak: null, ysct: 0, hrt: 2227, rpt: 0, ceid: 0, dr: true, cmid: 0, lvt: 1578582377}, mbm: {sk: "blackMobileSkin", ac: null}}}]
Thu Jan 9 21:13:22 GMT+0700 2020 [INFO] Client said: 34: [null, "h.gr", {rid: "5", lid: "house", gid: "765"}]
Thu Jan 9 21:13:22 GMT+0700 2020 [INFO] Client said: 17: ["house_765_3"]
Thu Jan 9 21:13:20 GMT+0700 2020 [INFO] Client said: 34: [null, "frn.rnmrm", {id: "3", nm: "спальня"}]
Thu Jan 9 21:12:57 GMT+0700 2020 [INFO] Server said: 34: ["b.ingld", {ingld: 1500}]
Thu Jan 9 21:12:56 GMT+0700 2020 [INFO] Server said: 34: ["ntf.res", {res: {gld: 13520, enrg: 500, emd: 0, slvr: 3800}}]
Thu Jan 9 21:12:56 GMT+0700 2020 [INFO] Server said: 34: ["b.ingld", {ingld: 10}]
Thu Jan 9 21:12:55 GMT+0700 2020 [INFO] Server said: 34: ["ntf.res", {res: {gld: 12020, enrg: 500, emd: 0, slvr: 3800}}]
Thu Jan 9 21:12:55 GMT+0700 2020 [INFO] Server said: 34: ["b.ingld", {ingld: 1500}]
Thu Jan 9 21:12:55 GMT+0700 2020 [INFO] Server said: 34: ["ntf.res", {res: {gld: 12010, enrg: 500, emd: 0, slvr: 3800}}]
Thu Jan 9 21:12:55 GMT+0700 2020 [INFO] Server said: 34: ["b.ingld", {ingld: 1500}]
Thu Jan 9 21:12:54 GMT+0700 2020 [INFO] Server said: 34: ["ntf.res", {res: {gld: 10510, enrg: 500, emd: 0, slvr: 3800}}]
Thu Jan 9 21:12:54 GMT+0700 2020 [INFO] Server said: 34: ["b.ingld", {ingld: 1500}]
Thu Jan 9 21:12:54 GMT+0700 2020 [INFO] Server said: 34: ["ntf.res", {res: {gld: 9010, enrg: 500, emd: 0, slvr: 3800}}]
Thu Jan 9 21:12:52 GMT+0700 2020 [INFO] Server said: 34: ["h.r.rfr", {rm: {lev: 2, f: [{x: 13, tpid: "wallPrns1", y: 0, z: 0, lid: 38093277, d: 5}, {x: 0, tpid: "wallPrns1", y: 0, z: 0, lid: 38093276, d: 3}, {x: 12, tpid: "nsPrns", y: 3, z: 0, lid: 53090361, d: 3}, {x: 0, tpid: "floor6", y: 0, z: 0, lid: 921299, d: 5}, {x: 13, tpid: "wdwCtr1", y: 4.78125, z: 0, lid: 56535452, d: 5}, {x: 13, tpid: "window10", y: 1.796875, z: 3, lid: 77100113, d: 5}, {x: 0, tpid: "drSV14", y: 0, z: 0, rid: "outside", lid: 4, d: 3}, {x: 11, tpid: "table10", y: 9, z: 0, lid: 93286814, d: 5}, {x: 9, tpid: "bdPrncss", y: 0, z: 0, lid: 3995191, d: 5}], l: 13, w: 13, nm: "Комната 3"}}]
Thu Jan 9 21:12:50 GMT+0700 2020 [INFO] Server said: 34: ["frn.save", {inv: {c: {gm: {it: [{c: 1, tid: "blackMobileSkin", iid: ""}, {c: 1, tid: "vsgstBrush", iid: ""}], id: "gm"}, lt: {it: [], id: "lt"}, frn: {it: [{c: 1, tid: "wall13", iid: ""}, {c: 1, tid: "flrSV14", iid: ""}, {c: 1, tid: "floor4", iid: ""}, {c: 1, tid: "door4", iid: ""}, {c: 1, tid: "wall15", iid: ""}], id: "frn"}, act: {it: [], id: "act"}, cls: {it: [{c: 1, tid: "girlUnderdress1", iid: ""}, {c: 1, tid: "girlShirt12", iid: ""}, {c: 1, tid: "girlPants9", iid: ""}, {c: 1, tid: "girlShoes14", iid: ""}, {c: 1, tid: "girlUnderdress2", iid: ""}, {c: 1, tid: "girlPlvWnt19Wrm", iid: ""}, {c: 1, tid: "girlTopNY20Gld", iid: ""}, {c: 1, tid: "girlPntsLc", iid: ""}, {c: 1, tid: "wdn15GRdShs", iid: ""}, {c: 1, tid: "girlTShrtZdcCrfsh", iid: ""}], id: "cls"}}}, ci: {plcmt: {}, lrnt: 0, as: null, actrt: 0, crst: 0, spp: 0, exp: 85800, actrp: 0, tts: null, strfrd: 0, vip: true, eml: null, vexp: 1965298000, vsexp: 1965298000, pamns: {amn: []}, shcr: true, trid: "freelanceMicrophone", shousd: false, gdc: 0, compid: 0, kyktid: null, crt: 839, vsact: true, sbid: null, rtrtm: 0, vret: 0, sbrt: 0, ys: 0, trcd: 0, lgt: 0, skid: null, vfgc: 0, actrd: 0, skrt: 0, fexp: 0, lwts: 0, bcld: 0, gtrfrd: 0, fak: null, ysct: 0, hrt: 2227, rpt: 0, ceid: 0, dr: true, cmid: 0, lvt: 1578582377}, hs: {id: "3", nm: "house", lev: 2, f: [{x: 13, tpid: "wallPrns1", y: 0, z: 0, lid: 38093277, d: 5}, {x: 0, tpid: "wallPrns1", y: 0, z: 0, lid: 38093276, d: 3}, {x: 12, tpid: "nsPrns", y: 3, z: 0, lid: 53090361, d: 3}, {x: 0, tpid: "floor6", y: 0, z: 0, lid: 921299, d: 5}, {x: 13, tpid: "wdwCtr1", y: 4.78125, z: 0, lid: 56535452, d: 5}, {x: 13, tpid: "window10", y: 1.796875, z: 3, lid: 77100113, d: 5}, {x: 0, tpid: "drSV14", y: 0, z: 0, rid: "outside", lid: 4, d: 3}, {x: 11, tpid: "table10", y: 9, z: 0, lid: 93286814, d: 5}, {x: 9, tpid: "bdPrncss", y: 0, z: 0, lid: 3995191, d: 5}], l: 13, w: 13}}]
Thu Jan 9 21:12:46 GMT+0700 2020 [INFO] [YandexMetrics.reachGoal] Call reach goal 'click_buy_product' for counter 31321471
Thu Jan 9 21:12:46 GMT+0700 2020 [INFO] Client said: 34: [null, "b.chkprchs", {prid: "pack1500", pmnt: null, qnt: 1}]
Thu Jan 9 21:12:45 GMT+0700 2020 [INFO] [YandexMetrics.reachGoal] Call reach goal 'show_payment_dialog' for counter 31321471
Thu Jan 9 21:12:32 GMT+0700 2020 [INFO] [YandexMetrics.reachGoal] Call reach goal 'click_buy_product' for counter 31321471
Thu Jan 9 21:12:32 GMT+0700 2020 [INFO] Client said: 34: [null, "b.chkprchs", {prid: "pack10", pmnt: null, qnt: 1}]
Thu Jan 9 21:12:30 GMT+0700 2020 [INFO] [YandexMetrics.reachGoal] Call reach goal 'show_payment_dialog' for counter 31321471
Thu Jan 9 21:12:27 GMT+0700 2020 [INFO] [YandexMetrics.reachGoal] Call reach goal 'click_buy_product' for counter 31321471