ClientError: Thu Jan 9 18:03:58 GMT+0300 2020 [CRITICAL] [house] *Uncaught Error* ErrorId: 1010 ErrorName: TypeError ErrorMessage:Error #1010 ErrorStackTrace:TypeError: Error #1010
	at _-1u9::URL/parse()
	at _-1u9::URL()
	at _-18R::LoadingItem()
	at _-18R::SWFLoadingItem()
	at _-0bS::MassLoader/add()
	at _-0bS::MassLoader/_-2R5()
	at flash.events::EventDispatcher/dispatchEvent()
	at _-18R::LoadingItem/_-1Iu()
	at _-18R::LoadingItem/onError()
	at _-18R::SWFLoadingItem/onError()
	at flash.events::EventDispatcher/dispatchEvent()
	at flash.net::URLLoader/onComplete()
Thu Jan 9 18:03:56 GMT+0300 2020 [INFO] Client said: 34: ["house_780_3", "frn.save", {f: [{tpid: "proPhtDr", tm: 1578582232534, t: 3, oid: 4}, {tpid: "proPhtDr", x: 3, tm: 1578582232535, oid: 4, d: 3, z: 0, t: 1, y: 0}, {tpid: "NY20Wllppr", tm: 1578582228412, t: 0, oid: 94087517}, {tpid: "intFlr2", tm: 1578582229991, t: 0, oid: 9998918}]}]
Thu Jan 9 18:03:55 GMT+0300 2020 [INFO] Client said: 34: ["house_780_3", "frn.save", {f: [{tpid: "proPhtDr", tm: 1578582232534, t: 3, oid: 4}, {tpid: "proPhtDr", x: 3, tm: 1578582232535, oid: 4, d: 3, z: 0, t: 1, y: 0}, {tpid: "NY20Wllppr", tm: 1578582228412, t: 0, oid: 94087517}, {tpid: "intFlr2", tm: 1578582229991, t: 0, oid: 9998918}]}]
Thu Jan 9 18:03:53 GMT+0300 2020 [INFO] Client said: 34: ["house_780_3", "frn.save", {f: [{tpid: "proPhtDr", tm: 1578582232534, t: 3, oid: 4}, {tpid: "proPhtDr", x: 3, tm: 1578582232535, oid: 4, d: 3, z: 0, t: 1, y: 0}, {tpid: "NY20Wllppr", tm: 1578582228412, t: 0, oid: 94087517}, {tpid: "intFlr2", tm: 1578582229991, t: 0, oid: 9998918}]}]
Thu Jan 9 18:03:45 GMT+0300 2020 [INFO] Server said: 34: ["ntf.res", {res: {slvr: 10000, gld: 3875, emd: 0, enrg: 500}}]
Thu Jan 9 18:03:45 GMT+0300 2020 [INFO] Server said: 34: ["ntf.inv", {it: {c: 1, iid: "", tid: "intFlr2"}}]
Thu Jan 9 18:03:43 GMT+0300 2020 [INFO] Client said: 34: [null, "frn.buy", {tpid: "intFlr2", pind: 1, cnt: 1}]
Thu Jan 9 18:03:32 GMT+0300 2020 [INFO] Server said: 34: ["ntf.res", {res: {slvr: 10000, gld: 4475, emd: 0, enrg: 500}}]
Thu Jan 9 18:03:32 GMT+0300 2020 [INFO] Server said: 34: ["ntf.inv", {it: {c: 1, iid: "", tid: "proPhtDr"}}]
Thu Jan 9 18:03:31 GMT+0300 2020 [INFO] Client said: 34: [null, "frn.buy", {tpid: "proPhtDr", pind: 1, cnt: 1}]