ClientError: Thu Jan 9 18:35:14 GMT+0300 2020 [CRITICAL] [house] *Uncaught Error* ErrorId: 1009 ErrorName: TypeError ErrorMessage:Error #1009 ErrorStackTrace:TypeError: Error #1009
	at _-371::SupportNetManager/init()
	at _-4I::_-Ss/init()
	at _-Qp::_-1DK/onAddedToStage()
	at _-0qh::UIManager/_-1oS()
	at _-0qh::UIManager/showModal()
	at _-Qp::_-1DK/showModal()
	at _-19Y::TopPanel/_-3oC()
Thu Jan 9 18:34:18 GMT+0300 2020 [INFO] Client said: 34: ["house_892_livingroom", "h.r.u", {at: "", x: 7.09, st: 23, y: 8.16, d: 4, uid: "892"}]
Thu Jan 9 18:34:14 GMT+0300 2020 [INFO] Client said: 34: ["house_892_livingroom", "h.r.m", {dx: 7.09, dy: 8.16, sy: 0.5, sx: 11.5, uid: "892"}]
Thu Jan 9 18:34:14 GMT+0300 2020 [INFO] Client said: 34: ["house_892_livingroom", "h.r.u", {at: "", x: 11.5, st: 23, y: 0.5, d: 0, uid: "892"}]
Thu Jan 9 18:34:10 GMT+0300 2020 [INFO] Client said: 34: ["house_892_livingroom", "h.r.m", {dx: 11.5, dy: 0.5, sy: 0.1, sx: 4.05, uid: "892"}]
Thu Jan 9 18:27:37 GMT+0300 2020 [INFO] Server said: 34: ["lg.lst", {glst: []}]
Thu Jan 9 18:27:37 GMT+0300 2020 [INFO] Client said: 34: ["house_892_livingroom", "h.r.u", {x: 4.05, st: 0, d: 4, y: 0.1, uid: "892"}]
Thu Jan 9 18:27:37 GMT+0300 2020 [INFO] Client said: 34: ["house_892_livingroom", "lg.lst", {}]
Thu Jan 9 18:27:35 GMT+0300 2020 [INFO] Server said: 34: ["h.r.info", {rmmb: [{clths: {clths: [{tpid: "girlShirt12", clid: null}, {tpid: "girlShoes14", clid: null}, {tpid: "girlPants9", clid: null}]}, usrinf: {rl: 0}, apprnc: {pt: 0, pc: 1, fft: 0, mt: 6, g: 2, et: 1, rc: 1, brt: 28, ec: 3, bt: 0, mc: 3, nct: 0, ss: 0, sh: 0, fat: 0, ssc: 1, n: "твое пупсяо)", rg: 0, bc: 1, hc: 5, ht: 104, sc: 4, brc: 2, fac: 1, shc: 1}, locinfo: {at: "", x: -1, st: 0, shlc: true, y: -1, s: "127.0.0.1", l: "house_892_livingroom", d: 4, pl: ""}, ci: {kyktid: null, shousd: false, actrt: 0, actrd: 0, ys: 0, plcmt: {}, rpt: 0, ceid: 0, vexp: 1965298000, lgt: 0, vsexp: 1965298000, cmid: 0, fexp: 0, trid: null, strfrd: 0, lwts: 0, sbid: null, lvt: 1578583110, vsact: true, bcld: 0, fak: null, gtrfrd: 0, compid: 0, hrt: 174, lrnt: 0, vret: 0, pamns: {amn: []}, crst: 0, vip: true, spp: 0, shcr: true, eml: null, ysct: 0, crt: 10, dr: true, skrt: 0, exp: 85800, tts: null, rtrtm: 0, skid: null, gdc: 0, vfgc: 0, trcd: 0, as: null, actrp: 0, sbrt: 0}, mbm: {ac: null, sk: "blackMobileSkin"}, pf: {pf: {jntr: {pgs: 0, l: 20, tp: "jntr"}, phtghr: {pgs: 0, l: 20, tp: "phtghr"}, vsgst: {pgs: 0, l: 20, tp: "vsgst"}, grdnr: {pgs: 0, l: 20, tp: "grdnr"}}}, uid: "892"}], rm: {l: 13, f: [{x: 0, tpid: "wall15", y: 0, lid: 1, z: 0, d: 3}, {x: 3, rid: "outside", tpid: "door4", y: 0, lid: 4, z: 0, d: 3}, {x: 13, tpid: "wall15", y: 0, lid: 2, z: 0, d: 5}, {x: 0, tpid: "floor4", y: 0, lid: 3, z: 0, d: 5}], id: "livingroom", lev: 1, nm: "#livingRoom", w: 13}, evn: null}]
Thu Jan 9 18:27:33 GMT+0300 2020 [INFO] Client said: 34: ["house_892_livingroom", "h.r.info", {rid: "livingroom", uid: "892"}]
Thu Jan 9 18:27:33 GMT+0300 2020 [INFO] Server said: 34: ["h.gr", {rid: "house_892_livingroom"}]
Thu Jan 9 18:27:33 GMT+0300 2020 [INFO] Server said: 16: ["house_892_livingroom", "892"]
Thu Jan 9 18:27:33 GMT+0300 2020 [INFO] Server said: 34: ["h.r.jn", {plr: {clths: {clths: [{tpid: "girlShirt12", clid: null}, {tpid: "girlShoes14", clid: null}, {tpid: "girlPants9", clid: null}]}, usrinf: {rl: 0}, apprnc: {pt: 0, pc: 1, fft: 0, mt: 6, g: 2, et: 1, rc: 1, brt: 28, ec: 3, bt: 0, mc: 3, nct: 0, ss: 0, sh: 0, fat: 0, ssc: 1, n: "твое пупсяо)", rg: 0, bc: 1, hc: 5, ht: 104, sc: 4, brc: 2, fac: 1, shc: 1}, locinfo: {at: "", x: -1, st: 0, shlc: true, y: -1, s: "127.0.0.1", l: "house_892_livingroom", d: 4, pl: ""}, ci: {kyktid: null, shousd: false, actrt: 0, actrd: 0, ys: 0, plcmt: {}, rpt: 0, ceid: 0, vexp: 1965298000, lgt: 0, vsexp: 1965298000, cmid: 0, fexp: 0, trid: null, strfrd: 0, lwts: 0, sbid: null, lvt: 1578583110, vsact: true, bcld: 0, fak: null, gtrfrd: 0, compid: 0, hrt: 174, lrnt: 0, vret: 0, pamns: {amn: []}, crst: 0, vip: true, spp: 0, shcr: true, eml: null, ysct: 0, crt: 10, dr: true, skrt: 0, exp: 85800, tts: null, rtrtm: 0, skid: null, gdc: 0, vfgc: 0, trcd: 0, as: null, actrp: 0, sbrt: 0}, mbm: {ac: null, sk: "blackMobileSkin"}, pf: {pf: {jntr: {pgs: 0, l: 20, tp: "jntr"}, phtghr: {pgs: 0, l: 20, tp: "phtghr"}, vsgst: {pgs: 0, l: 20, tp: "vsgst"}, grdnr: {pgs: 0, l: 20, tp: "grdnr"}}}, uid: "892"}}]
Thu Jan 9 18:27:31 GMT+0300 2020 [INFO] Client said: 34: [null, "h.gr", {lid: "house", rid: "livingroom", gid: "892"}]
Thu Jan 9 18:27:31 GMT+0300 2020 [INFO] Loaded  LoadingItem(url: http://62.113.113.58:8080/files/swf/furniture/house/DoorWood.swf, status: 2) 
Thu Jan 9 18:27:09 GMT+0300 2020 [INFO] Loaded  LoadingItem(url: http://62.113.113.58:8080/files/swf/furniture/house/WallPoppy.swf, status: 2) 
Thu Jan 9 18:27:07 GMT+0300 2020 [INFO] Loaded  LoadingItem(url: http://62.113.113.58:8080/files/swf/furniture/house/FloorCarpetGrass.swf, status: 2) 
Thu Jan 9 18:26:52 GMT+0300 2020 [INFO] Server said: 34: ["srqst.gtrq", {rqlst: {lapt: {}, shwdt: 0, rlst: {}, rsprlst: {}}}]
Thu Jan 9 18:26:52 GMT+0300 2020 [INFO] Client said: 34: [null, "nws.getglbl", {}]
Thu Jan 9 18:26:52 GMT+0300 2020 [INFO] Server said: 34: ["nws.hasnews", {gnexst: true, gnunr: true}]
Thu Jan 9 18:26:52 GMT+0300 2020 [INFO] Server said: 34: ["cp.cht.gbl", {blcklst: {uids: []}}]