ClientError: Thu Jan 9 16:21:08 GMT+0200 2020 [CRITICAL] [couturier] *Uncaught Error* ErrorId: 1009 ErrorName: TypeError ErrorMessage:Error #1009 ErrorStackTrace:TypeError: Error #1009
	at _-0eV::RoomMemberContainer/addAvatar()
	at _-PQ::BaseRoomScreen/addAvatar()
	at _-PQ::BaseRoomScreen/onRefreshAvatar()
	at flash.events::EventDispatcher/dispatchEvent()
	at _-2CM::BaseRoomNetManager/onRefreshAvatar()
	at flash.events::EventDispatcher/dispatchEvent()
	at ags::_-2t/_-2dI()
	at flash.events::EventDispatcher/dispatchEvent()
	at _-0en::_-0O8/_-1LF()
	at _-0en::_-0O8/execute()
	at ags::AGSClient/_-0i9()
	at ags::AGSClient/_-2ZF()
	at ags::AGSClient/_-2Ea()
Thu Jan 9 16:21:08 GMT+0200 2020 [INFO] Server said: 34: ["o.r.ra", {plr: {pf: {pf: {vsgst: {tp: "vsgst", l: 20, pgs: 0}, phtghr: {tp: "phtghr", l: 20, pgs: 0}, jntr: {tp: "jntr", l: 20, pgs: 0}, grdnr: {tp: "grdnr", l: 20, pgs: 0}}}, clths: {clths: [{tpid: "boyTShrtOutsrc2", clid: "17"}, {tpid: "boyPntsNYFtnss", clid: "4"}, {tpid: "boyJcktNYFtnss", clid: "4"}, {tpid: "boyBtsBnny", clid: "4"}]}, mbm: {sk: "blackMobileSkin", ac: null}, locinfo: {at: "sitItem6", st: 1, pl: "", y: 5.54, s: "127.0.0.1", x: 4.12, l: "couturier_ctr1_1", d: 4, shlc: true}, usrinf: {rl: 0}, ci: {vip: true, eml: null, fexp: 0, bcld: 0, crst: 0, vsact: true, as: null, hrt: 224, vret: 0, sbid: null, kyktid: null, lrnt: 0, ysct: 0, lvt: 1578578278, actrt: 0, vfgc: 0, fak: null, sbrt: 0, ys: 0, crt: 14200, trcd: 0, gdc: 0, shcr: true, ceid: 0, actrp: 0, cmid: 0, compid: 0, lgt: 0, dr: true, gtrfrd: 0, lwts: 0, skid: null, actrd: 0, skrt: 0, rpt: 0, pamns: {amn: []}, shousd: false, spp: 0, strfrd: 0, plcmt: {}, vexp: 1965298000, tts: null, rtrtm: 0, exp: 85800, vsexp: 1965298000, trid: null}, uid: "38", apprnc: {ssc: 1, ht: 60, sc: 2, mc: 3, rc: 1, g: 1, mt: 13, pt: 0, fft: 3, brc: 29, sh: 0, bt: 0, fat: 0, ec: 1, shc: 1, hc: 25, pc: 1, n: "Макс", bc: 1, fac: 1, rg: 0, ss: 0, brt: 16, nct: 0, et: 1}}}]
Thu Jan 9 16:21:04 GMT+0200 2020 [INFO] Client said: 34: ["couturier_ctr1_1", "o.r.info", {rid: "ctr1"}]
Thu Jan 9 16:21:04 GMT+0200 2020 [INFO] Server said: 34: ["o.gr", {rid: "couturier_ctr1_1"}]
Thu Jan 9 16:21:04 GMT+0200 2020 [INFO] Server said: 16: ["couturier_ctr1_1", "119"]
Thu Jan 9 16:21:04 GMT+0200 2020 [INFO] Server said: 34: ["o.r.jn", {plr: {pf: {pf: {vsgst: {tp: "vsgst", l: 20, pgs: 0}, phtghr: {tp: "phtghr", l: 20, pgs: 0}, jntr: {tp: "jntr", l: 20, pgs: 0}, grdnr: {tp: "grdnr", l: 20, pgs: 0}}}, clths: {clths: [{tpid: "girlShirt12", clid: null}, {tpid: "girlShoes14", clid: null}, {tpid: "girlPants9", clid: null}]}, mbm: {sk: "blackMobileSkin", ac: null}, locinfo: {at: "", st: 0, pl: "", y: -1, s: "127.0.0.1", x: -1, l: "couturier_ctr1_1", d: 4, shlc: true}, usrinf: {rl: 0}, ci: {vip: true, eml: null, fexp: 0, bcld: 0, crst: 0, vsact: true, as: null, hrt: 174, vret: 0, sbid: null, kyktid: null, lrnt: 0, ysct: 0, lvt: 1578579659, actrt: 0, vfgc: 0, fak: null, sbrt: 0, ys: 0, crt: 13924, trcd: 0, gdc: 0, shcr: true, ceid: 0, actrp: 0, cmid: 0, compid: 0, lgt: 0, dr: true, gtrfrd: 0, lwts: 0, skid: null, actrd: 0, skrt: 0, rpt: 0, pamns: {amn: []}, shousd: false, spp: 0, strfrd: 0, plcmt: {}, vexp: 1965298000, tts: null, rtrtm: 0, exp: 85800, vsexp: 1965298000, trid: null}, uid: "119", apprnc: {ssc: 1, ht: 126, sc: 5, mc: 14, rc: 1, g: 2, mt: 31, pt: 0, fft: 2, brc: 10, sh: 0, bt: 0, fat: 0, ec: 14, shc: 1, hc: 8, pc: 1, n: "pizdeц", bc: 1, fac: 1, rg: 0, ss: 0, brt: 24, nct: 0, et: 31}}}]
Thu Jan 9 16:21:04 GMT+0200 2020 [INFO] Server said: 34: ["o.r.ra", {plr: {pf: {pf: {vsgst: {tp: "vsgst", l: 20, pgs: 0}, phtghr: {tp: "phtghr", l: 20, pgs: 0}, jntr: {tp: "jntr", l: 20, pgs: 0}, grdnr: {tp: "grdnr", l: 20, pgs: 0}}}, clths: {clths: [{tpid: "boyTShrtOutsrc2", clid: "17"}, {tpid: "boyPntsNYFtnss", clid: "4"}, {tpid: "boyJcktNYFtnss", clid: "4"}, {tpid: "boyBtsBnny", clid: "4"}]}, mbm: {sk: "blackMobileSkin", ac: null}, locinfo: {at: "sitItem6", st: 1, pl: "", y: 5.54, s: "127.0.0.1", x: 4.12, l: "couturier_ctr1_1", d: 4, shlc: true}, usrinf: {rl: 0}, ci: {vip: true, eml: null, fexp: 0, bcld: 0, crst: 0, vsact: true, as: null, hrt: 224, vret: 0, sbid: null, kyktid: null, lrnt: 0, ysct: 0, lvt: 1578578278, actrt: 0, vfgc: 0, fak: null, sbrt: 0, ys: 0, crt: 14200, trcd: 0, gdc: 0, shcr: true, ceid: 0, actrp: 0, cmid: 0, compid: 0, lgt: 0, dr: true, gtrfrd: 0, lwts: 0, skid: null, actrd: 0, skrt: 0, rpt: 0, pamns: {amn: []}, shousd: false, spp: 0, strfrd: 0, plcmt: {}, vexp: 1965298000, tts: null, rtrtm: 0, exp: 85800, vsexp: 1965298000, trid: null}, uid: "38", apprnc: {ssc: 1, ht: 60, sc: 2, mc: 3, rc: 1, g: 1, mt: 13, pt: 0, fft: 3, brc: 29, sh: 0, bt: 0, fat: 0, ec: 1, shc: 1, hc: 25, pc: 1, n: "Макс", bc: 1, fac: 1, rg: 0, ss: 0, brt: 16, nct: 0, et: 1}}}]
Thu Jan 9 16:21:02 GMT+0200 2020 [INFO] Client said: 34: [null, "o.gr", {gid: "ctr1", lid: "couturier"}]
Thu Jan 9 16:21:02 GMT+0200 2020 [INFO] Server said: 1: ["119", true, false, false]
Thu Jan 9 16:20:58 GMT+0200 2020 [INFO] Client said: 1: ["street", "119", "gNpFJYibRIiHetQCeQfa", {clvrn: "84.0.4", v: 2}]
Thu Jan 9 16:20:57 GMT+0200 2020 [INFO] Client said: 2: []
Thu Jan 9 16:20:56 GMT+0200 2020 [INFO] Loaded  LoadingItem(url: http://62.113.113.58:8080/files/swf/Couturier_4e20b623ef65e53df4c6aebd774be260.swf, status: 2) 
Thu Jan 9 16:20:56 GMT+0200 2020 [INFO] Client said: 17: ["house_119_livingroom"]
Thu Jan 9 16:20:47 GMT+0200 2020 [INFO] Client said: 34: [null, "a.clths.bst", {ctp: "casual", pind: 1, tpid: "psGSt2"}]
Thu Jan 9 16:19:43 GMT+0200 2020 [INFO] Client said: 34: [null, "a.clths.bst", {ctp: "casual", pind: 1, tpid: "sp14gs"}]
Thu Jan 9 16:18:58 GMT+0200 2020 [INFO] Client said: 34: [null, "a.clths.bst", {ctp: "casual", pind: 1, tpid: "sp14gs"}]
Thu Jan 9 16:18:16 GMT+0200 2020 [INFO] Client said: 34: [null, "a.clths.bst", {ctp: "casual", pind: 1, tpid: "sp14gs"}]
Thu Jan 9 16:16:28 GMT+0200 2020 [INFO] Server said: 34: ["b.ingld", {ingld: 9999}]
Thu Jan 9 16:16:28 GMT+0200 2020 [INFO] Server said: 34: ["ntf.res", {res: {gld: 22344, emd: 0, slvr: 20000, enrg: 500}}]
Thu Jan 9 16:16:28 GMT+0200 2020 [INFO] Server said: 34: ["b.ingld", {ingld: 9999}]
Thu Jan 9 16:16:27 GMT+0200 2020 [INFO] Server said: 34: ["ntf.res", {res: {gld: 12345, emd: 0, slvr: 20000, enrg: 500}}]
Thu Jan 9 16:16:09 GMT+0200 2020 [INFO] Client said: 34: ["house_119_livingroom", "h.r.u", {at: "", x: 3.8, y: 6.23, st: 23, uid: "119", d: 5}]
Thu Jan 9 16:16:08 GMT+0200 2020 [INFO] Client said: 34: ["house_119_livingroom", "h.r.m", {dx: 3.8, sy: 4.58, uid: "119", dy: 6.23, sx: 5.39}]
Thu Jan 9 16:15:09 GMT+0200 2020 [INFO] [YandexMetrics.reachGoal] Call reach goal 'click_buy_product' for counter 31321471
Thu Jan 9 16:15:09 GMT+0200 2020 [INFO] Client said: 34: [null, "b.chkprchs", {prid: "pack9999", pmnt: {ct1: null, srv: 3, ct3: null, ctx: {dialogSource: "furnitureShopDialog"}, ct2: null, tpid: "spUnlimGenerator"}, qnt: 1}]
Thu Jan 9 16:15:07 GMT+0200 2020 [INFO] [YandexMetrics.reachGoal] Call reach goal 'show_payment_dialog' for counter 31321471
Thu Jan 9 16:15:02 GMT+0200 2020 [INFO] [YandexMetrics.reachGoal] Call reach goal 'click_buy_product' for counter 31321471
Thu Jan 9 16:15:02 GMT+0200 2020 [INFO] Client said: 34: [null, "b.chkprchs", {prid: "pack9999", pmnt: {ct1: null, srv: 3, ct3: null, ctx: {dialogSource: "furnitureShopDialog"}, ct2: null, tpid: "spUnlimGenerator"}, qnt: 1}]
Thu Jan 9 16:15:01 GMT+0200 2020 [INFO] [YandexMetrics.reachGoal] Call reach goal 'show_payment_dialog' for counter 31321471
Thu Jan 9 16:15:00 GMT+0200 2020 [INFO] Loaded  LoadingItem(url: http://62.113.113.58:8080/files/swf/furniture/decor/SPUnlimGenerator.swf, status: 2) 
Thu Jan 9 16:14:39 GMT+0200 2020 [INFO] Client said: 34: [null, "a.clths.wear", {clths: [{tpid: "girlUnderdress2", clid: ""}, {tpid: "girlUnderdress1", clid: ""}], ctp: "casual"}]
Thu Jan 9 16:14:33 GMT+0200 2020 [INFO] Client said: 34: [null, "a.clths.wear", {clths: [{tpid: "girlUnderdress2", clid: ""}, {tpid: "girlUnderdress1", clid: ""}], ctp: "casual"}]
Thu Jan 9 16:14:23 GMT+0200 2020 [INFO] Client said: 34: ["house_119_livingroom", "h.r.u", {at: "", x: 5.39, y: 4.58, st: 23, uid: "119", d: 6}]
Thu Jan 9 16:14:23 GMT+0200 2020 [INFO] Client said: 34: ["house_119_livingroom", "h.r.m", {dx: 5.39, sy: 4.11, uid: "119", dy: 4.58, sx: 6.36}]
Thu Jan 9 16:14:18 GMT+0200 2020 [INFO] Client said: 34: [null, "a.clths.buy", {ctp: "casual", pind: 1, tpid: "girlTShrtPnk23Feb19"}]
Thu Jan 9 16:13:56 GMT+0200 2020 [INFO] Client said: 34: [null, "a.clths.bst", {ctp: "casual", pind: 1, tpid: "sp14gs"}]
Thu Jan 9 16:13:14 GMT+0200 2020 [INFO] Client said: 34: [null, "a.clths.bst", {ctp: "casual", pind: 1, tpid: "fry14gst3"}]
Thu Jan 9 16:12:57 GMT+0200 2020 [INFO] Client said: 34: [null, "a.clths.bst", {ctp: "casual", pind: 1, tpid: "fry14gst3"}]
Thu Jan 9 16:12:00 GMT+0200 2020 [INFO] Client said: 34: [null, "a.clths.buy", {ctp: "casual", pind: 1, tpid: "girlNightShoes4"}]