ClientError: Thu Jan 9 16:02:24 GMT+0200 2020 [CRITICAL] [salon] *Uncaught Error* ErrorId: 1009 ErrorName: TypeError ErrorMessage:Error #1009 ErrorStackTrace:TypeError: Error #1009
	at _-0eV::RoomMemberContainer/addAvatar()
	at _-PQ::BaseRoomScreen/addAvatar()
	at _-PQ::BaseRoomScreen/onRefreshAvatar()
	at flash.events::EventDispatcher/dispatchEvent()
	at _-2CM::BaseRoomNetManager/onRefreshAvatar()
	at flash.events::EventDispatcher/dispatchEvent()
	at ags::_-2t/_-2dI()
	at flash.events::EventDispatcher/dispatchEvent()
	at _-0en::_-0O8/_-1LF()
	at _-0en::_-0O8/execute()
	at ags::AGSClient/_-0i9()
	at ags::AGSClient/_-2ZF()
	at ags::AGSClient/_-2Ea()
Thu Jan 9 16:02:24 GMT+0200 2020 [INFO] Server said: 34: ["o.r.ra", {plr: {pf: {pf: {vsgst: {tp: "vsgst", l: 20, pgs: 0}, phtghr: {tp: "phtghr", l: 20, pgs: 0}, jntr: {tp: "jntr", l: 20, pgs: 0}, grdnr: {tp: "grdnr", l: 20, pgs: 0}}}, clths: {clths: [{tpid: "boyTShrtSV19", clid: null}, {tpid: "boyBtsSV19", clid: null}, {tpid: "boyAcsNY20Nght", clid: null}, {tpid: "boyPntsWnt19Yllw", clid: null}, {tpid: "boyJcktSV19", clid: null}]}, mbm: {sk: "blackMobileSkin", ac: null}, locinfo: {at: "", st: 23, pl: "", y: 12.2, s: "127.0.0.1", x: 10.33, l: "salon_sn1_1", d: 4, shlc: true}, usrinf: {rl: 0}, ci: {vip: true, eml: null, fexp: 0, bcld: 0, crst: 0, vsact: true, as: null, hrt: 916, vret: 0, sbid: null, kyktid: null, lrnt: 0, ysct: 0, lvt: 1578578155, actrt: 0, vfgc: 0, fak: null, sbrt: 0, ys: 0, crt: 4249, trcd: 0, gdc: 0, shcr: true, ceid: 0, actrp: 0, cmid: 0, compid: 0, lgt: 0, dr: true, gtrfrd: 0, lwts: 0, skid: null, actrd: 0, skrt: 0, rpt: 0, pamns: {amn: []}, shousd: false, spp: 0, strfrd: 0, plcmt: {}, vexp: 1965298000, tts: null, rtrtm: 0, exp: 85800, vsexp: 1965298000, trid: null}, uid: "25", apprnc: {ssc: 1, ht: 55, sc: 2, mc: 2, rc: 1, g: 1, mt: 7, pt: 0, fft: 2, brc: 1, sh: 0, bt: 15, fat: 0, ec: 5, shc: 1, hc: 25, pc: 1, n: "Трусы", bc: 25, fac: 1, rg: 0, ss: 0, brt: 17, nct: 0, et: 7}}}]
Thu Jan 9 16:02:23 GMT+0200 2020 [INFO] Client said: 34: ["salon_sn1_1", "o.r.info", {rid: "sn1"}]
Thu Jan 9 16:02:23 GMT+0200 2020 [INFO] Server said: 34: ["o.gr", {rid: "salon_sn1_1"}]
Thu Jan 9 16:02:23 GMT+0200 2020 [INFO] Server said: 16: ["salon_sn1_1", "119"]
Thu Jan 9 16:02:23 GMT+0200 2020 [INFO] Server said: 34: ["o.r.jn", {plr: {pf: {pf: {vsgst: {tp: "vsgst", l: 20, pgs: 0}, phtghr: {tp: "phtghr", l: 20, pgs: 0}, jntr: {tp: "jntr", l: 20, pgs: 0}, grdnr: {tp: "grdnr", l: 20, pgs: 0}}}, clths: {clths: [{tpid: "girlShirt12", clid: null}, {tpid: "girlShoes14", clid: null}, {tpid: "girlPants9", clid: null}]}, mbm: {sk: "blackMobileSkin", ac: null}, locinfo: {at: "", st: 0, pl: "", y: -1, s: "127.0.0.1", x: -1, l: "salon_sn1_1", d: 4, shlc: true}, usrinf: {rl: 0}, ci: {vip: true, eml: null, fexp: 0, bcld: 0, crst: 0, vsact: true, as: null, hrt: 174, vret: 0, sbid: null, kyktid: null, lrnt: 0, ysct: 0, lvt: 1578578469, actrt: 0, vfgc: 0, fak: null, sbrt: 0, ys: 0, crt: 10, trcd: 0, gdc: 0, shcr: true, ceid: 0, actrp: 0, cmid: 0, compid: 0, lgt: 0, dr: true, gtrfrd: 0, lwts: 0, skid: null, actrd: 0, skrt: 0, rpt: 0, pamns: {amn: []}, shousd: false, spp: 0, strfrd: 0, plcmt: {}, vexp: 1965298000, tts: null, rtrtm: 0, exp: 85800, vsexp: 1965298000, trid: null}, uid: "119", apprnc: {ssc: 1, ht: 127, sc: 5, mc: 1, rc: 1, g: 2, mt: 7, pt: 0, fft: 0, brc: 1, sh: 0, bt: 0, fat: 0, ec: 5, shc: 1, hc: 7, pc: 1, n: "pizdeц", bc: 1, fac: 1, rg: 0, ss: 0, brt: 4, nct: 0, et: 1}}}]
Thu Jan 9 16:02:22 GMT+0200 2020 [INFO] Server said: 34: ["o.r.ra", {plr: {pf: {pf: {vsgst: {tp: "vsgst", l: 20, pgs: 0}, phtghr: {tp: "phtghr", l: 20, pgs: 0}, jntr: {tp: "jntr", l: 20, pgs: 0}, grdnr: {tp: "grdnr", l: 20, pgs: 0}}}, clths: {clths: [{tpid: "girlShirt12", clid: null}, {tpid: "girlShoes14", clid: null}, {tpid: "girlPants9", clid: null}]}, mbm: {sk: "blackMobileSkin", ac: null}, locinfo: {at: "", st: 0, pl: "", y: 1.5, s: "127.0.0.1", x: 15.5, l: "salon_sn1_1", d: 4, shlc: true}, usrinf: {rl: 0}, ci: {vip: true, eml: null, fexp: 0, bcld: 0, crst: 0, vsact: true, as: null, hrt: 174, vret: 0, sbid: null, kyktid: null, lrnt: 0, ysct: 0, lvt: 1578578416, actrt: 0, vfgc: 0, fak: null, sbrt: 0, ys: 0, crt: 10, trcd: 0, gdc: 0, shcr: true, ceid: 0, actrp: 0, cmid: 0, compid: 0, lgt: 0, dr: true, gtrfrd: 0, lwts: 0, skid: null, actrd: 0, skrt: 0, rpt: 0, pamns: {amn: []}, shousd: false, spp: 0, strfrd: 0, plcmt: {}, vexp: 1965298000, tts: null, rtrtm: 0, exp: 85800, vsexp: 1965298000, trid: null}, uid: "129", apprnc: {ssc: 1, ht: 126, sc: 2, mc: 2, rc: 1, g: 2, mt: 7, pt: 0, fft: 7, brc: 2, sh: 0, bt: 0, fat: 0, ec: 20, shc: 1, hc: 6, pc: 1, n: "Рохо", bc: 1, fac: 1, rg: 0, ss: 0, brt: 29, nct: 0, et: 19}}}]
Thu Jan 9 16:02:16 GMT+0200 2020 [INFO] Server said: 34: ["o.r.u", {at: "", st: 23, y: 9.44, x: 9.69, uid: "145", d: 5}]
Thu Jan 9 16:01:11 GMT+0200 2020 [INFO] Client said: 34: [null, "o.gr", {gid: "sn1", lid: "salon"}]
Thu Jan 9 16:01:11 GMT+0200 2020 [INFO] Server said: 1: ["119", true, false, false]
Thu Jan 9 16:01:11 GMT+0200 2020 [INFO] Client said: 1: ["street", "119", "gNpFJYibRIiHetQCeQfa", {clvrn: "84.0.4", v: 2}]
Thu Jan 9 16:01:10 GMT+0200 2020 [INFO] Client said: 2: []
Thu Jan 9 16:01:10 GMT+0200 2020 [INFO] Loaded  LoadingItem(url: http://62.113.113.58:8080/files/swf/Salon_1fe14ef0cdf189794ef74d591993d3f5.swf, status: 2) 
Thu Jan 9 16:01:09 GMT+0200 2020 [INFO] Client said: 17: ["house_119_livingroom"]
Thu Jan 9 16:00:24 GMT+0200 2020 [INFO] Client said: 34: [null, "psp.pspdr", {dr: false}]
Thu Jan 9 16:00:17 GMT+0200 2020 [INFO] Client said: 34: ["house_119_livingroom", "h.r.u", {at: "", x: 4.09, y: 6.47, st: 23, uid: "119", d: 5}]
Thu Jan 9 16:00:16 GMT+0200 2020 [INFO] Client said: 34: ["house_119_livingroom", "h.r.m", {dx: 4.09, sy: 5.55, uid: "119", dy: 6.47, sx: 5.11}]
Thu Jan 9 16:00:15 GMT+0200 2020 [INFO] Client said: 34: ["house_119_livingroom", "h.r.u", {at: "", x: 5.11, y: 5.55, st: 23, uid: "119", d: 0}]
Thu Jan 9 16:00:15 GMT+0200 2020 [INFO] Server said: 34: ["h.r.ra", {plr: {pf: {pf: {vsgst: {tp: "vsgst", l: 20, pgs: 0}, phtghr: {tp: "phtghr", l: 20, pgs: 0}, jntr: {tp: "jntr", l: 20, pgs: 0}, grdnr: {tp: "grdnr", l: 20, pgs: 0}}}, clths: {clths: [{tpid: "girlShirt12", clid: null}, {tpid: "girlShoes14", clid: null}, {tpid: "girlPants9", clid: null}]}, mbm: {sk: "blackMobileSkin", ac: null}, locinfo: {at: "", st: 23, pl: "", y: 5.36, s: "127.0.0.1", x: 6.55, l: "house_119_livingroom", d: 4, shlc: true}, usrinf: {rl: 0}, ci: {vip: true, eml: null, fexp: 0, bcld: 0, crst: 0, vsact: true, as: null, hrt: 174, vret: 0, sbid: null, kyktid: null, lrnt: 0, ysct: 0, lvt: 1578578283, actrt: 0, vfgc: 0, fak: null, sbrt: 0, ys: 0, crt: 10, trcd: 0, gdc: 0, shcr: true, ceid: 0, actrp: 0, cmid: 0, compid: 0, lgt: 0, dr: true, gtrfrd: 0, lwts: 0, skid: null, actrd: 0, skrt: 0, rpt: 0, pamns: {amn: []}, shousd: false, spp: 0, strfrd: 0, plcmt: {}, vexp: 1965298000, tts: null, rtrtm: 0, exp: 85800, vsexp: 1965298000, trid: null}, uid: "119", apprnc: {ssc: 1, ht: 127, sc: 5, mc: 1, rc: 1, g: 2, mt: 7, pt: 0, fft: 0, brc: 1, sh: 0, bt: 0, fat: 0, ec: 5, shc: 1, hc: 7, pc: 1, n: "pizdeц", bc: 1, fac: 1, rg: 0, ss: 0, brt: 4, nct: 0, et: 1}}}]
Thu Jan 9 16:00:15 GMT+0200 2020 [INFO] Client said: 34: ["house_119_livingroom", "h.r.m", {dx: 5.11, sy: 5.36, uid: "119", dy: 5.55, sx: 6.55}]
Thu Jan 9 16:00:15 GMT+0200 2020 [INFO] Server said: 34: ["h.r.ra", {plr: {pf: {pf: {vsgst: {tp: "vsgst", l: 20, pgs: 0}, phtghr: {tp: "phtghr", l: 20, pgs: 0}, jntr: {tp: "jntr", l: 20, pgs: 0}, grdnr: {tp: "grdnr", l: 20, pgs: 0}}}, clths: {clths: [{tpid: "girlShirt12", clid: null}, {tpid: "girlShoes14", clid: null}, {tpid: "girlPants9", clid: null}]}, mbm: {sk: "blackMobileSkin", ac: null}, locinfo: {at: "", st: 23, pl: "", y: 5.36, s: "127.0.0.1", x: 6.55, l: "house_119_livingroom", d: 4, shlc: true}, usrinf: {rl: 0}, ci: {vip: true, eml: null, fexp: 0, bcld: 0, crst: 0, vsact: true, as: null, hrt: 174, vret: 0, sbid: null, kyktid: null, lrnt: 0, ysct: 0, lvt: 1578578283, actrt: 0, vfgc: 0, fak: null, sbrt: 0, ys: 0, crt: 10, trcd: 0, gdc: 0, shcr: true, ceid: 0, actrp: 0, cmid: 0, compid: 0, lgt: 0, dr: true, gtrfrd: 0, lwts: 0, skid: null, actrd: 0, skrt: 0, rpt: 0, pamns: {amn: []}, shousd: false, spp: 0, strfrd: 0, plcmt: {}, vexp: 1965298000, tts: null, rtrtm: 0, exp: 85800, vsexp: 1965298000, trid: null}, uid: "119", apprnc: {ssc: 1, ht: 127, sc: 5, mc: 1, rc: 1, g: 2, mt: 7, pt: 0, fft: 0, brc: 1, sh: 0, bt: 0, fat: 0, ec: 5, shc: 1, hc: 7, pc: 1, n: "pizdeц", bc: 1, fac: 1, rg: 0, ss: 0, brt: 4, nct: 0, et: 1}}}]
Thu Jan 9 16:00:14 GMT+0200 2020 [INFO] Client said: 34: ["house_119_livingroom", "h.r.ra", {}]
Thu Jan 9 16:00:14 GMT+0200 2020 [INFO] Client said: 34: ["house_119_livingroom", "h.r.ra", {}]
Thu Jan 9 16:00:14 GMT+0200 2020 [INFO] Server said: 34: ["a.apprnc.save", {apprnc: {ssc: 1, ht: 127, sc: 5, mc: 1, rc: 1, g: 2, mt: 7, pt: 0, fft: 0, brc: 1, sh: 0, bt: 0, fat: 0, ec: 5, shc: 1, hc: 7, pc: 1, n: "pizdeц", bc: 1, fac: 1, rg: 0, ss: 0, brt: 4, nct: 0, et: 1}}]
Thu Jan 9 16:00:13 GMT+0200 2020 [INFO] Client said: 34: [null, "a.apprnc.save", {apprnc: {ssc: 1, ht: 127, sc: 5, mc: 1, rc: 1, g: 2, brc: 1, pt: 0, fft: 0, mt: 7, sh: 0, bt: 0, fat: 0, ec: 5, pc: 1, hc: 7, shc: 1, n: "pizdeц", brt: 4, fac: 1, rg: 0, ss: 0, bc: 1, nct: 0, et: 1}}]
Thu Jan 9 15:59:49 GMT+0200 2020 [INFO] Client said: 34: ["house_119_livingroom", "h.r.u", {at: "", x: 6.55, y: 5.36, st: 23, uid: "119", d: 4}]
Thu Jan 9 15:59:46 GMT+0200 2020 [INFO] Client said: 34: ["house_119_livingroom", "h.r.m", {dx: 6.55, sy: 0.1, uid: "119", dy: 5.36, sx: 4.05}]
Thu Jan 9 15:59:20 GMT+0200 2020 [INFO] Server said: 34: ["b.ingld", {ingld: 1500}]
Thu Jan 9 15:59:20 GMT+0200 2020 [INFO] Server said: 34: ["ntf.res", {res: {gld: 4500, emd: 0, slvr: 20000, enrg: 500}}]
Thu Jan 9 15:59:20 GMT+0200 2020 [INFO] [YandexMetrics.reachGoal] Call reach goal 'click_buy_product' for counter 31321471
Thu Jan 9 15:59:20 GMT+0200 2020 [INFO] Client said: 34: [null, "b.chkprchs", {prid: "pack1500", pmnt: null, qnt: 1}]
Thu Jan 9 15:59:19 GMT+0200 2020 [INFO] [YandexMetrics.reachGoal] Call reach goal 'show_payment_dialog' for counter 31321471
Thu Jan 9 15:59:16 GMT+0200 2020 [INFO] Server said: 34: ["b.ingld", {ingld: 1500}]
Thu Jan 9 15:59:16 GMT+0200 2020 [INFO] Server said: 34: ["ntf.res", {res: {gld: 3000, emd: 0, slvr: 20000, enrg: 500}}]
Thu Jan 9 15:59:16 GMT+0200 2020 [INFO] [YandexMetrics.reachGoal] Call reach goal 'click_buy_product' for counter 31321471
Thu Jan 9 15:59:16 GMT+0200 2020 [INFO] Client said: 34: [null, "b.chkprchs", {prid: "pack1500", pmnt: null, qnt: 1}]
Thu Jan 9 15:59:15 GMT+0200 2020 [INFO] [YandexMetrics.reachGoal] Call reach goal 'show_payment_dialog' for counter 31321471
Thu Jan 9 15:59:12 GMT+0200 2020 [INFO] [YandexMetrics.onCounterInit] Yandex metrics counter 31321471 inited
Thu Jan 9 15:59:12 GMT+0200 2020 [INFO] [YandexMetrics.reachGoal] Call reach goal 'click_buy_product' for counter 31321471