ClientError: Thu Jan 9 17:13:51 GMT+0300 2020 [CRITICAL] [salon] *Uncaught Error* ErrorId: 1009 ErrorName: TypeError ErrorMessage:Error #1009 ErrorStackTrace:TypeError: Error #1009
	at _-0eV::RoomMemberContainer/addAvatar()
	at _-PQ::BaseRoomScreen/addAvatar()
	at _-PQ::BaseRoomScreen/onRefreshAvatar()
	at flash.events::EventDispatcher/dispatchEvent()
	at _-2CM::BaseRoomNetManager/onRefreshAvatar()
	at flash.events::EventDispatcher/dispatchEvent()
	at ags::_-2t/_-2dI()
	at flash.events::EventDispatcher/dispatchEvent()
	at _-0en::_-0O8/_-1LF()
	at _-0en::_-0O8/execute()
	at ags::AGSClient/_-0i9()
	at ags::AGSClient/_-2ZF()
	at ags::AGSClient/_-2Ea()
Thu Jan 9 17:13:51 GMT+0300 2020 [INFO] Server said: 34: ["o.r.ra", {plr: {apprnc: {fat: 0, et: 33, shc: 24, nct: 0, g: 2, rg: 0, sc: 2, brt: 29, ssc: 4, bc: 1, ec: 5, hc: 15, mc: 17, pt: 0, pc: 1, brc: 2, rc: 1, ss: 20, bt: 0, n: "BlAcK cAt", ht: 132, sh: 11, mt: 19, fft: 7, fac: 1}, ci: {vip: true, trcd: 0, plcmt: {}, tts: null, crt: 456, eml: null, kyktid: null, skrt: 0, vexp: 1965298000, shousd: false, gtrfrd: 0, ys: 0, vsexp: 1965298000, cmid: 0, bcld: 0, sbrt: 0, strfrd: 0, lwts: 0, lrnt: 0, ceid: 0, gdc: 0, vsact: true, trid: "freelanceMicrophone", compid: 0, vfgc: 0, pamns: {amn: []}, actrp: 0, actrt: 0, dr: true, skid: null, hrt: 233, rpt: 0, as: null, crst: 0, sbid: null, spp: 0, lvt: 1578578693, lgt: 0, fexp: 0, vret: 0, shcr: true, exp: 85800, actrd: 0, ysct: 0, rtrtm: 0, fak: null}, uid: "85", clths: {clths: [{clid: null, tpid: "gShsPsln11"}, {clid: null, tpid: "girlNY20VKGiftPllvDr"}, {clid: null, tpid: "girlPntsNY20Gld"}]}, usrinf: {rl: 0}, pf: {pf: {vsgst: {pgs: 0, tp: "vsgst", l: 20}, grdnr: {pgs: 0, tp: "grdnr", l: 20}, phtghr: {pgs: 0, tp: "phtghr", l: 20}, jntr: {pgs: 0, tp: "jntr", l: 20}}}, mbm: {sk: "blackMobileSkin", ac: null}, locinfo: {st: 23, x: 10.72, s: "127.0.0.1", y: 16.03, at: "", shlc: true, d: 4, l: "salon_sn1_1", pl: ""}}}]
Thu Jan 9 17:13:48 GMT+0300 2020 [INFO] Client said: 34: ["salon_sn1_1", "o.r.info", {rid: "sn1"}]
Thu Jan 9 17:13:48 GMT+0300 2020 [INFO] Server said: 34: ["o.gr", {rid: "salon_sn1_1"}]
Thu Jan 9 17:13:47 GMT+0300 2020 [INFO] Server said: 16: ["salon_sn1_1", "260"]
Thu Jan 9 17:13:47 GMT+0300 2020 [INFO] Server said: 34: ["o.r.jn", {plr: {apprnc: {fat: 0, et: 5, shc: 1, nct: 0, g: 2, rg: 0, sc: 1, brt: 6, ssc: 1, bc: 1, ec: 4, hc: 4, mc: 1, pt: 0, pc: 1, brc: 2, rc: 1, ss: 0, bt: 0, n: "комфортная", ht: 6, sh: 0, mt: 1, fft: 0, fac: 1}, ci: {vip: true, trcd: 0, plcmt: {}, tts: null, crt: 615, eml: null, kyktid: null, skrt: 0, vexp: 1965298000, shousd: false, gtrfrd: 0, ys: 0, vsexp: 1965298000, cmid: 0, bcld: 0, sbrt: 0, strfrd: 0, lwts: 0, lrnt: 0, ceid: 0, gdc: 0, vsact: true, trid: null, compid: 0, vfgc: 0, pamns: {amn: []}, actrp: 0, actrt: 0, dr: true, skid: null, hrt: 224, rpt: 0, as: null, crst: 0, sbid: null, spp: 0, lvt: 1578579093, lgt: 0, fexp: 0, vret: 0, shcr: true, exp: 85800, actrd: 0, ysct: 0, rtrtm: 0, fak: null}, uid: "260", clths: {clths: [{clid: null, tpid: "girlErrHp"}, {clid: null, tpid: "girlJcktWnt19Brg"}, {clid: null, tpid: "girlGlssYllw"}, {clid: null, tpid: "girlStkNY20Slv"}, {clid: null, tpid: "girlTShrtWnt19Pnk"}, {clid: null, tpid: "girlShrtsLn"}, {clid: null, tpid: "wdn15GWtBts"}]}, usrinf: {rl: 0}, pf: {pf: {vsgst: {pgs: 0, tp: "vsgst", l: 20}, grdnr: {pgs: 0, tp: "grdnr", l: 20}, phtghr: {pgs: 0, tp: "phtghr", l: 20}, jntr: {pgs: 0, tp: "jntr", l: 20}}}, mbm: {sk: "blackMobileSkin", ac: null}, locinfo: {st: 0, x: -1, s: "127.0.0.1", y: -1, at: "", shlc: true, d: 4, l: "salon_sn1_1", pl: ""}}}]
Thu Jan 9 17:13:47 GMT+0300 2020 [INFO] Server said: 34: ["o.r.u", {st: 3, x: 14.3, uid: "36", at: "danceGirl1", y: 18.36, d: 3}]
Thu Jan 9 17:13:46 GMT+0300 2020 [INFO] Server said: 34: ["o.r.ra", {plr: {apprnc: {fat: 0, et: 37, shc: 1, nct: 0, g: 2, rg: 0, sc: 2, brt: 23, ssc: 1, bc: 1, ec: 6, hc: 7, mc: 29, pt: 0, pc: 1, brc: 1, rc: 1, ss: 0, bt: 0, n: "Moona", ht: 123, sh: 0, mt: 29, fft: 9, fac: 1}, ci: {vip: true, trcd: 0, plcmt: {}, tts: null, crt: 10, eml: null, kyktid: null, skrt: 0, vexp: 1965298000, shousd: false, gtrfrd: 0, ys: 0, vsexp: 1965298000, cmid: 0, bcld: 0, sbrt: 0, strfrd: 0, lwts: 0, lrnt: 0, ceid: 0, gdc: 0, vsact: true, trid: "halloween2018", compid: 0, vfgc: 0, pamns: {amn: []}, actrp: 0, actrt: 0, dr: true, skid: null, hrt: 174, rpt: 0, as: null, crst: 0, sbid: null, spp: 0, lvt: 1578578445, lgt: 0, fexp: 0, vret: 0, shcr: true, exp: 85800, actrd: 0, ysct: 0, rtrtm: 0, fak: null}, uid: "160", clths: {clths: [{clid: null, tpid: "girlShirt12"}, {clid: null, tpid: "girlShoes14"}, {clid: null, tpid: "girlPants9"}]}, usrinf: {rl: 0}, pf: {pf: {vsgst: {pgs: 0, tp: "vsgst", l: 20}, grdnr: {pgs: 0, tp: "grdnr", l: 20}, phtghr: {pgs: 0, tp: "phtghr", l: 20}, jntr: {pgs: 0, tp: "jntr", l: 20}}}, mbm: {sk: "blackMobileSkin", ac: null}, locinfo: {st: 0, x: 14.42, s: "127.0.0.1", y: 5.6, at: "", shlc: true, d: 4, l: "salon_sn1_1", pl: ""}}}]
Thu Jan 9 17:13:44 GMT+0300 2020 [INFO] Server said: 34: ["o.r.ra", {plr: {apprnc: {fat: 0, et: 33, shc: 24, nct: 0, g: 2, rg: 0, sc: 2, brt: 29, ssc: 4, bc: 1, ec: 5, hc: 15, mc: 17, pt: 0, pc: 1, brc: 2, rc: 1, ss: 20, bt: 0, n: "BlAcK cAt", ht: 132, sh: 11, mt: 19, fft: 7, fac: 1}, ci: {vip: true, trcd: 0, plcmt: {}, tts: null, crt: 456, eml: null, kyktid: null, skrt: 0, vexp: 1965298000, shousd: false, gtrfrd: 0, ys: 0, vsexp: 1965298000, cmid: 0, bcld: 0, sbrt: 0, strfrd: 0, lwts: 0, lrnt: 0, ceid: 0, gdc: 0, vsact: true, trid: "freelanceMicrophone", compid: 0, vfgc: 0, pamns: {amn: []}, actrp: 0, actrt: 0, dr: true, skid: null, hrt: 233, rpt: 0, as: null, crst: 0, sbid: null, spp: 0, lvt: 1578578693, lgt: 0, fexp: 0, vret: 0, shcr: true, exp: 85800, actrd: 0, ysct: 0, rtrtm: 0, fak: null}, uid: "85", clths: {clths: [{clid: null, tpid: "gShsPsln11"}, {clid: null, tpid: "girlNY20VKGiftPllvDr"}, {clid: null, tpid: "girlPntsNY20Gld"}]}, usrinf: {rl: 0}, pf: {pf: {vsgst: {pgs: 0, tp: "vsgst", l: 20}, grdnr: {pgs: 0, tp: "grdnr", l: 20}, phtghr: {pgs: 0, tp: "phtghr", l: 20}, jntr: {pgs: 0, tp: "jntr", l: 20}}}, mbm: {sk: "blackMobileSkin", ac: null}, locinfo: {st: 23, x: 10.72, s: "127.0.0.1", y: 16.03, at: "", shlc: true, d: 4, l: "salon_sn1_1", pl: ""}}}]
Thu Jan 9 17:13:44 GMT+0300 2020 [INFO] Server said: 34: ["o.r.u", {st: 3, x: 14.3, uid: "36", at: "danceGirl1", y: 18.36, d: 3}]
Thu Jan 9 17:13:44 GMT+0300 2020 [INFO] Server said: 17: ["salon_sn1_1", "230"]
Thu Jan 9 17:13:44 GMT+0300 2020 [INFO] Server said: 34: ["o.r.lv", {uid: "230"}]
Thu Jan 9 17:13:42 GMT+0300 2020 [INFO] Server said: 34: ["o.r.u", {st: 3, x: 14.3, uid: "36", at: "danceGirl4", y: 18.36, d: 3}]
Thu Jan 9 17:13:39 GMT+0300 2020 [INFO] Server said: 34: ["o.r.u", {st: 3, x: 14.3, uid: "36", at: "danceGirl1", y: 18.36, d: 3}]
Thu Jan 9 17:13:38 GMT+0300 2020 [INFO] Server said: 34: ["o.r.u", {st: 3, x: 14.3, uid: "36", at: "danceGirl4", y: 18.36, d: 3}]
Thu Jan 9 17:13:36 GMT+0300 2020 [INFO] Server said: 34: ["cp.cht.sm", {rid: "salon_sn1_1", msg: {tag: null, tp: "chatTextMessage", mid: null, msg: "да серьёзно", cid: null, sid: "36"}}]
Thu Jan 9 17:13:35 GMT+0300 2020 [INFO] Server said: 34: ["o.r.ra", {plr: {apprnc: {fat: 0, et: 37, shc: 1, nct: 0, g: 2, rg: 0, sc: 2, brt: 23, ssc: 1, bc: 1, ec: 6, hc: 7, mc: 29, pt: 0, pc: 1, brc: 1, rc: 1, ss: 0, bt: 0, n: "Moona", ht: 123, sh: 0, mt: 29, fft: 9, fac: 1}, ci: {vip: true, trcd: 0, plcmt: {}, tts: null, crt: 10, eml: null, kyktid: null, skrt: 0, vexp: 1965298000, shousd: false, gtrfrd: 0, ys: 0, vsexp: 1965298000, cmid: 0, bcld: 0, sbrt: 0, strfrd: 0, lwts: 0, lrnt: 0, ceid: 0, gdc: 0, vsact: true, trid: "halloween2018", compid: 0, vfgc: 0, pamns: {amn: []}, actrp: 0, actrt: 0, dr: true, skid: null, hrt: 174, rpt: 0, as: null, crst: 0, sbid: null, spp: 0, lvt: 1578578445, lgt: 0, fexp: 0, vret: 0, shcr: true, exp: 85800, actrd: 0, ysct: 0, rtrtm: 0, fak: null}, uid: "160", clths: {clths: [{clid: null, tpid: "girlShirt12"}, {clid: null, tpid: "girlShoes14"}, {clid: null, tpid: "girlPants9"}]}, usrinf: {rl: 0}, pf: {pf: {vsgst: {pgs: 0, tp: "vsgst", l: 20}, grdnr: {pgs: 0, tp: "grdnr", l: 20}, phtghr: {pgs: 0, tp: "phtghr", l: 20}, jntr: {pgs: 0, tp: "jntr", l: 20}}}, mbm: {sk: "blackMobileSkin", ac: null}, locinfo: {st: 0, x: 14.42, s: "127.0.0.1", y: 5.6, at: "", shlc: true, d: 4, l: "salon_sn1_1", pl: ""}}}]
Thu Jan 9 17:13:34 GMT+0300 2020 [INFO] Server said: 34: ["o.r.u", {st: 3, x: 14.3, uid: "36", at: "danceGirl4", y: 18.36, d: 3}]
Thu Jan 9 17:11:28 GMT+0300 2020 [INFO] Client said: 34: [null, "o.gr", {gid: "sn1", lid: "salon"}]
Thu Jan 9 17:11:28 GMT+0300 2020 [INFO] Server said: 1: ["260", true, false, false]
Thu Jan 9 17:11:11 GMT+0300 2020 [INFO] Client said: 1: ["street", "260", "qgegLSqbZBaVseJJBcHQ", {clvrn: "84.0.4", v: 2}]
Thu Jan 9 17:11:10 GMT+0300 2020 [INFO] Client said: 2: []
Thu Jan 9 17:11:10 GMT+0300 2020 [INFO] Loaded  LoadingItem(url: http://62.113.113.58:8080/files/swf/Salon_1fe14ef0cdf189794ef74d591993d3f5.swf, status: 2) 
Thu Jan 9 17:11:09 GMT+0300 2020 [INFO] Client said: 17: ["house_260_livingroom"]
Thu Jan 9 17:10:57 GMT+0300 2020 [INFO] Server said: 34: ["b.ingld", {ingld: 1500}]
Thu Jan 9 17:10:57 GMT+0300 2020 [INFO] Server said: 34: ["ntf.res", {res: {enrg: 500, gld: 15393, emd: 0, slvr: 8500}}]
Thu Jan 9 17:10:56 GMT+0300 2020 [INFO] [YandexMetrics.reachGoal] Call reach goal 'click_buy_product' for counter 31321471
Thu Jan 9 17:10:56 GMT+0300 2020 [INFO] Client said: 34: [null, "b.chkprchs", {qnt: 1, prid: "pack1500", pmnt: null}]
Thu Jan 9 17:10:55 GMT+0300 2020 [INFO] [YandexMetrics.reachGoal] Call reach goal 'show_payment_dialog' for counter 31321471
Thu Jan 9 17:10:53 GMT+0300 2020 [INFO] Server said: 34: ["b.ingld", {ingld: 1500}]
Thu Jan 9 17:10:53 GMT+0300 2020 [INFO] Server said: 34: ["ntf.res", {res: {enrg: 500, gld: 13893, emd: 0, slvr: 8500}}]
Thu Jan 9 17:10:52 GMT+0300 2020 [INFO] [YandexMetrics.reachGoal] Call reach goal 'click_buy_product' for counter 31321471
Thu Jan 9 17:10:52 GMT+0300 2020 [INFO] Client said: 34: [null, "b.chkprchs", {qnt: 1, prid: "pack1500", pmnt: null}]
Thu Jan 9 17:10:51 GMT+0300 2020 [INFO] [YandexMetrics.reachGoal] Call reach goal 'show_payment_dialog' for counter 31321471
Thu Jan 9 17:10:50 GMT+0300 2020 [INFO] Server said: 34: ["b.ingld", {ingld: 1500}]
Thu Jan 9 17:10:50 GMT+0300 2020 [INFO] Server said: 34: ["ntf.res", {res: {enrg: 500, gld: 12393, emd: 0, slvr: 8500}}]
Thu Jan 9 17:10:48 GMT+0300 2020 [INFO] [YandexMetrics.reachGoal] Call reach goal 'click_buy_product' for counter 31321471
Thu Jan 9 17:10:48 GMT+0300 2020 [INFO] Client said: 34: [null, "b.chkprchs", {qnt: 1, prid: "pack1500", pmnt: null}]
Thu Jan 9 17:10:47 GMT+0300 2020 [INFO] [YandexMetrics.reachGoal] Call reach goal 'show_payment_dialog' for counter 31321471