ClientError: Thu Jan 9 17:14:13 GMT+0300 2020 [CRITICAL] [couturier] *Uncaught Error* ErrorId: 1009 ErrorName: TypeError ErrorMessage:Error #1009 ErrorStackTrace:TypeError: Error #1009
	at _-0eV::RoomMemberContainer/addAvatar()
	at _-PQ::BaseRoomScreen/addAvatar()
	at _-PQ::BaseRoomScreen/onRefreshAvatar()
	at flash.events::EventDispatcher/dispatchEvent()
	at _-2CM::BaseRoomNetManager/onRefreshAvatar()
	at flash.events::EventDispatcher/dispatchEvent()
	at ags::_-2t/_-2dI()
	at flash.events::EventDispatcher/dispatchEvent()
	at _-0en::_-0O8/_-1LF()
	at _-0en::_-0O8/execute()
	at ags::AGSClient/_-0i9()
	at ags::AGSClient/_-2ZF()
	at ags::AGSClient/_-2Ea()
Thu Jan 9 17:14:13 GMT+0300 2020 [INFO] Server said: 34: ["o.r.ra", {plr: {mbm: {sk: "blackMobileSkin", ac: null}, locinfo: {pl: "", x: 8.84, s: "127.0.0.1", y: 9.64, l: "couturier_ctr1_1", at: "", d: 4, st: 23, shlc: true}, uid: "136", pf: {pf: {vsgst: {tp: "vsgst", l: 20, pgs: 0}, phtghr: {tp: "phtghr", l: 20, pgs: 0}, grdnr: {tp: "grdnr", l: 20, pgs: 0}, jntr: {tp: "jntr", l: 20, pgs: 0}}}, apprnc: {rg: 0, mc: 4, brt: 28, ss: 0, sc: 2, pc: 1, shc: 1, ec: 1, ssc: 1, bc: 1, g: 2, nct: 0, n: "БАРЫГА", brc: 2, pt: 0, ht: 132, rc: 1, et: 5, hc: 7, fat: 0, fac: 1, bt: 0, mt: 3, sh: 0, fft: 0}, usrinf: {rl: 0}, clths: {clths: [{clid: null, tpid: "girlUnderdress1"}]}, ci: {vip: true, ceid: 0, vret: 0, crt: 3731, hrt: 2245, actrd: 0, cmid: 0, compid: 0, shousd: false, actrp: 0, ys: 0, actrt: 0, crst: 0, dr: true, sbid: null, spp: 0, sbrt: 0, tts: null, bcld: 0, as: null, eml: null, trid: "freelanceSupport", pamns: {amn: []}, skrt: 0, gdc: 0, lvt: 1578578862, ysct: 0, rpt: 0, lgt: 0, shcr: true, lrnt: 0, gtrfrd: 0, trcd: 0, strfrd: 0, vexp: 1965298000, rtrtm: 0, vsexp: 1965298000, plcmt: {}, kyktid: null, vsact: true, lwts: 0, exp: 85800, fak: null, fexp: 0, skid: null, vfgc: 0}}}]
Thu Jan 9 17:14:13 GMT+0300 2020 [INFO] Client said: 34: ["couturier_ctr1_1", "o.r.info", {rid: "ctr1"}]
Thu Jan 9 17:14:13 GMT+0300 2020 [INFO] Server said: 34: ["o.gr", {rid: "couturier_ctr1_1"}]
Thu Jan 9 17:14:13 GMT+0300 2020 [INFO] Server said: 16: ["couturier_ctr1_1", "221"]
Thu Jan 9 17:14:13 GMT+0300 2020 [INFO] Server said: 34: ["o.r.jn", {plr: {mbm: {sk: "blackMobileSkin", ac: null}, locinfo: {pl: "", x: -1, s: "127.0.0.1", y: -1, l: "couturier_ctr1_1", at: "", d: 4, st: 0, shlc: true}, uid: "221", pf: {pf: {vsgst: {tp: "vsgst", l: 20, pgs: 0}, phtghr: {tp: "phtghr", l: 20, pgs: 0}, grdnr: {tp: "grdnr", l: 20, pgs: 0}, jntr: {tp: "jntr", l: 20, pgs: 0}}}, apprnc: {rg: 0, mc: 4, brt: 4, ss: 0, sc: 1, pc: 1, shc: 1, ec: 1, ssc: 1, bc: 1, g: 2, nct: 0, n: "Кракозябра", brc: 2, pt: 0, ht: 132, rc: 1, et: 5, hc: 6, fat: 0, fac: 1, bt: 0, mt: 3, sh: 0, fft: 0}, usrinf: {rl: 0}, clths: {clths: [{clid: null, tpid: "girlTShrtNY20Nght"}, {clid: null, tpid: "girlShoes14"}, {clid: null, tpid: "girlPntsNY20Gld"}]}, ci: {vip: true, ceid: 0, vret: 0, crt: 565, hrt: 966, actrd: 0, cmid: 0, compid: 0, shousd: false, actrp: 0, ys: 0, actrt: 0, crst: 0, dr: true, sbid: null, spp: 0, sbrt: 0, tts: null, bcld: 0, as: null, eml: null, trid: null, pamns: {amn: []}, skrt: 0, gdc: 0, lvt: 1578579281, ysct: 0, rpt: 0, lgt: 0, shcr: true, lrnt: 0, gtrfrd: 0, trcd: 0, strfrd: 0, vexp: 1965298000, rtrtm: 0, vsexp: 1965298000, plcmt: {}, kyktid: null, vsact: true, lwts: 0, exp: 85800, fak: null, fexp: 0, skid: null, vfgc: 0}}}]
Thu Jan 9 17:14:11 GMT+0300 2020 [INFO] Server said: 34: ["o.r.ra", {plr: {mbm: {sk: "blackMobileSkin", ac: null}, locinfo: {pl: "", x: 14.72, s: "127.0.0.1", y: 10.53, l: "couturier_ctr1_1", at: "", d: 4, st: 0, shlc: true}, uid: "50", pf: {pf: {vsgst: {tp: "vsgst", l: 20, pgs: 0}, phtghr: {tp: "phtghr", l: 20, pgs: 0}, grdnr: {tp: "grdnr", l: 20, pgs: 0}, jntr: {tp: "jntr", l: 20, pgs: 0}}}, apprnc: {rg: 0, mc: 28, brt: 22, ss: 0, sc: 1, pc: 1, shc: 35, ec: 31, ssc: 1, bc: 1, g: 2, nct: 0, n: "-КАКТУС ЯНА-", brc: 1, pt: 0, ht: 112, rc: 1, et: 38, hc: 27, fat: 0, fac: 1, bt: 0, mt: 29, sh: 23, fft: 2}, usrinf: {rl: 0}, clths: {clths: [{clid: null, tpid: "girlShrtsLn"}, {clid: null, tpid: "anmGAnmPll"}, {clid: "16", tpid: "girlGlssNYElgnc"}, {clid: null, tpid: "grlPnkRsShs"}, {clid: null, tpid: "girlNcklJpn3"}, {clid: "17", tpid: "girlErrOutsrc2"}, {clid: "17", tpid: "girlTShrtNYElgnc"}, {clid: null, tpid: "girlSV19VlntnWngs"}, {clid: null, tpid: "anmGSchLcs"}, {clid: null, tpid: "girlHpnLn"}]}, ci: {vip: true, ceid: 0, vret: 0, crt: 9512, hrt: 174, actrd: 0, cmid: 0, compid: 0, shousd: false, actrp: 0, ys: 0, actrt: 0, crst: 0, dr: true, sbid: null, spp: 0, sbrt: 0, tts: null, bcld: 0, as: null, eml: null, trid: "freelanceVideo", pamns: {amn: []}, skrt: 0, gdc: 0, lvt: 1578578367, ysct: 0, rpt: 0, lgt: 0, shcr: true, lrnt: 0, gtrfrd: 0, trcd: 0, strfrd: 0, vexp: 1965298000, rtrtm: 0, vsexp: 1965298000, plcmt: {}, kyktid: null, vsact: true, lwts: 0, exp: 85800, fak: null, fexp: 0, skid: null, vfgc: 0}}}]
Thu Jan 9 17:14:09 GMT+0300 2020 [INFO] Server said: 34: ["o.r.u", {d: 5, x: 11.18, y: 8.25, uid: "8", st: 0}]
Thu Jan 9 17:14:03 GMT+0300 2020 [INFO] Client said: 34: [null, "o.gr", {lid: "couturier", gid: "ctr1"}]
Thu Jan 9 17:14:03 GMT+0300 2020 [INFO] Server said: 1: ["221", true, false, false]
Thu Jan 9 17:13:26 GMT+0300 2020 [INFO] Client said: 1: ["street", "221", "VwwOVhiklJPoqBJLIQrZ", {clvrn: "84.0.4", v: 2}]
Thu Jan 9 17:13:24 GMT+0300 2020 [INFO] Client said: 2: []
Thu Jan 9 17:13:24 GMT+0300 2020 [INFO] Loaded  LoadingItem(url: http://62.113.113.58:8080/files/swf/Couturier_4e20b623ef65e53df4c6aebd774be260.swf, status: 2) 
Thu Jan 9 17:13:23 GMT+0300 2020 [INFO] Client said: 17: ["house_221_livingroom"]
Thu Jan 9 17:13:14 GMT+0300 2020 [INFO] Server said: 34: ["h.r.rfr", {rm: {lev: 1, f: [{lid: 1, x: 0, tpid: "wall15", y: 0, z: 0, d: 3}, {lid: 81082166, x: 3, tpid: "wrdrbHW2019", y: 6, z: 0, d: 5}, {lid: 49602277, x: 10, tpid: "drgnThrn2019", y: 0, z: 0, d: 5}, {lid: 65189957, x: 12, tpid: "dirol15Wardrobe", y: 7, z: 0, d: 5}, {lid: 58772850, x: 11, tpid: "tblSV14", y: 11, z: 0, d: 5}, {lid: 2, x: 13, tpid: "wall15", y: 0, z: 0, d: 5}, {lid: 83246293, x: 0, tpid: "wrdrbHW2019", y: 11, z: 0, d: 5}, {lid: 75982291, x: 6, tpid: "wrdrbHW2019", y: 11, z: 0, d: 5}, {lid: 83532552, x: 12, tpid: "wrdrbHW2019", y: 3, z: 0, d: 5}, {lid: 4, x: 3, tpid: "door4", y: 0, rid: "outside", z: 0, d: 3}, {lid: 3, x: 0, tpid: "floor4", y: 0, z: 0, d: 5}], nm: "#livingRoom", l: 13, w: 13}}]
Thu Jan 9 17:13:11 GMT+0300 2020 [INFO] Server said: 34: ["frn.save", {hs: {lev: 1, id: "livingroom", f: [{lid: 1, x: 0, tpid: "wall15", y: 0, z: 0, d: 3}, {lid: 81082166, x: 3, tpid: "wrdrbHW2019", y: 6, z: 0, d: 5}, {lid: 49602277, x: 10, tpid: "drgnThrn2019", y: 0, z: 0, d: 5}, {lid: 65189957, x: 12, tpid: "dirol15Wardrobe", y: 7, z: 0, d: 5}, {lid: 58772850, x: 11, tpid: "tblSV14", y: 11, z: 0, d: 5}, {lid: 2, x: 13, tpid: "wall15", y: 0, z: 0, d: 5}, {lid: 83246293, x: 0, tpid: "wrdrbHW2019", y: 11, z: 0, d: 5}, {lid: 75982291, x: 6, tpid: "wrdrbHW2019", y: 11, z: 0, d: 5}, {lid: 83532552, x: 12, tpid: "wrdrbHW2019", y: 3, z: 0, d: 5}, {lid: 4, x: 3, tpid: "door4", y: 0, rid: "outside", z: 0, d: 3}, {lid: 3, x: 0, tpid: "floor4", y: 0, z: 0, d: 5}], nm: "house", l: 13, w: 13}, inv: {c: {frn: {it: [{iid: "", tid: "pdmNY20Flr", c: 1}], id: "frn"}, act: {it: [], id: "act"}, cls: {it: [{iid: "", tid: "girlUnderdress1", c: 1}, {iid: "", tid: "girlUnderdress2", c: 1}, {iid: "", tid: "girlShirt12", c: 1}, {iid: "", tid: "girlPants9", c: 1}, {iid: "", tid: "girlTghtAlice", c: 1}], id: "cls"}, gm: {it: [{iid: "", tid: "blackMobileSkin", c: 1}], id: "gm"}, lt: {it: [], id: "lt"}}}, ci: {vip: true, ceid: 0, vret: 0, crt: 565, hrt: 966, actrd: 0, cmid: 0, compid: 0, shousd: false, actrp: 0, ys: 0, actrt: 0, crst: 0, dr: true, sbid: null, spp: 0, sbrt: 0, tts: null, bcld: 0, as: null, eml: null, trid: null, pamns: {amn: []}, skrt: 0, gdc: 0, lvt: 1578578568, ysct: 0, rpt: 0, lgt: 0, shcr: true, lrnt: 0, gtrfrd: 0, trcd: 0, strfrd: 0, vexp: 1965298000, rtrtm: 0, vsexp: 1965298000, plcmt: {}, kyktid: null, vsact: true, lwts: 0, exp: 85800, fak: null, fexp: 0, skid: null, vfgc: 0}}]
Thu Jan 9 17:12:52 GMT+0300 2020 [INFO] Client said: 34: ["house_221_livingroom", "h.r.rfr", {}]
Thu Jan 9 17:12:52 GMT+0300 2020 [INFO] Server said: 34: ["frn.save", {hs: {lev: 1, id: "livingroom", f: [{lid: 1, x: 0, tpid: "wall15", y: 0, z: 0, d: 3}, {lid: 81082166, x: 3, tpid: "wrdrbHW2019", y: 6, z: 0, d: 5}, {lid: 49602277, x: 10, tpid: "drgnThrn2019", y: 0, z: 0, d: 5}, {lid: 65189957, x: 12, tpid: "dirol15Wardrobe", y: 7, z: 0, d: 5}, {lid: 58772850, x: 11, tpid: "tblSV14", y: 11, z: 0, d: 5}, {lid: 2, x: 13, tpid: "wall15", y: 0, z: 0, d: 5}, {lid: 83246293, x: 0, tpid: "wrdrbHW2019", y: 11, z: 0, d: 5}, {lid: 75982291, x: 6, tpid: "wrdrbHW2019", y: 11, z: 0, d: 5}, {lid: 83532552, x: 12, tpid: "wrdrbHW2019", y: 3, z: 0, d: 5}, {lid: 4, x: 3, tpid: "door4", y: 0, rid: "outside", z: 0, d: 3}, {lid: 3, x: 0, tpid: "floor4", y: 0, z: 0, d: 5}], nm: "house", l: 13, w: 13}, inv: {c: {frn: {it: [{iid: "", tid: "pdmNY20Flr", c: 1}], id: "frn"}, act: {it: [], id: "act"}, cls: {it: [{iid: "", tid: "girlUnderdress1", c: 1}, {iid: "", tid: "girlUnderdress2", c: 1}, {iid: "", tid: "girlShirt12", c: 1}, {iid: "", tid: "girlPants9", c: 1}, {iid: "", tid: "girlTghtAlice", c: 1}], id: "cls"}, gm: {it: [{iid: "", tid: "blackMobileSkin", c: 1}], id: "gm"}, lt: {it: [], id: "lt"}}}, ci: {vip: true, ceid: 0, vret: 0, crt: 565, hrt: 966, actrd: 0, cmid: 0, compid: 0, shousd: false, actrp: 0, ys: 0, actrt: 0, crst: 0, dr: true, sbid: null, spp: 0, sbrt: 0, tts: null, bcld: 0, as: null, eml: null, trid: null, pamns: {amn: []}, skrt: 0, gdc: 0, lvt: 1578578568, ysct: 0, rpt: 0, lgt: 0, shcr: true, lrnt: 0, gtrfrd: 0, trcd: 0, strfrd: 0, vexp: 1965298000, rtrtm: 0, vsexp: 1965298000, plcmt: {}, kyktid: null, vsact: true, lwts: 0, exp: 85800, fak: null, fexp: 0, skid: null, vfgc: 0}}]
Thu Jan 9 17:12:46 GMT+0300 2020 [INFO] Client said: 34: ["house_221_livingroom", "frn.save", {f: [{tm: 1578579147024, oid: 58772850, tpid: "tblSV14", y: 11, t: 1, z: 0, x: 11, d: 5}, {tm: 1578579153785, oid: 75982291, tpid: "wrdrbHW2019", y: 11, t: 1, z: 0, x: 6, d: 5}, {tm: 1578579151458, oid: 83246293, tpid: "wrdrbHW2019", y: 11, t: 1, z: 0, x: 0, d: 5}, {tm: 1578579144193, oid: 49602277, tpid: "drgnThrn2019", y: 0, t: 1, z: 0, x: 10, d: 5}, {tm: 1578579150782, oid: 83532552, tpid: "wrdrbHW2019", y: 3, t: 1, z: 0, x: 12, d: 5}, {tm: 1578579148568, oid: 65189957, tpid: "dirol15Wardrobe", y: 7, t: 1, z: 0, x: 12, d: 5}, {tm: 1578579152259, oid: 81082166, tpid: "wrdrbHW2019", y: 6, t: 1, z: 0, x: 3, d: 5}]}]
Thu Jan 9 17:12:34 GMT+0300 2020 [INFO] Client said: 34: ["house_221_livingroom", "frn.save", {f: [{tm: 1578579147024, oid: 58772850, tpid: "tblSV14", y: 11, t: 1, z: 0, x: 11, d: 5}, {tm: 1578579153785, oid: 75982291, tpid: "wrdrbHW2019", y: 11, t: 1, z: 0, x: 6, d: 5}, {tm: 1578579151458, oid: 83246293, tpid: "wrdrbHW2019", y: 11, t: 1, z: 0, x: 0, d: 5}, {tm: 1578579144193, oid: 49602277, tpid: "drgnThrn2019", y: 0, t: 1, z: 0, x: 10, d: 5}, {tm: 1578579150782, oid: 83532552, tpid: "wrdrbHW2019", y: 3, t: 1, z: 0, x: 12, d: 5}, {tm: 1578579148568, oid: 65189957, tpid: "dirol15Wardrobe", y: 7, t: 1, z: 0, x: 12, d: 5}, {tm: 1578579152259, oid: 81082166, tpid: "wrdrbHW2019", y: 6, t: 1, z: 0, x: 3, d: 5}]}]
Thu Jan 9 17:12:13 GMT+0300 2020 [INFO] Server said: 34: ["ntf.res", {res: {emd: 0, gld: 75599, enrg: 500, slvr: 6000}}]
Thu Jan 9 17:12:12 GMT+0300 2020 [INFO] Server said: 34: ["ntf.inv", {it: {iid: "", tid: "wrdrbHW2019", c: 4}}]
Thu Jan 9 17:12:08 GMT+0300 2020 [INFO] Client said: 34: [null, "frn.buy", {pind: 1, tpid: "wrdrbHW2019", cnt: 4}]
Thu Jan 9 17:12:05 GMT+0300 2020 [INFO] Loaded  LoadingItem(url: http://62.113.113.58:8080/files/swf/furniture/furniture/WardrobeHW2019.swf, status: 2) 
Thu Jan 9 17:11:58 GMT+0300 2020 [INFO] Server said: 34: ["b.ingld", {ingld: 9999}]
Thu Jan 9 17:11:58 GMT+0300 2020 [INFO] Server said: 34: ["ntf.res", {res: {emd: 0, gld: 75715, enrg: 500, slvr: 6000}}]
Thu Jan 9 17:11:57 GMT+0300 2020 [INFO] [YandexMetrics.reachGoal] Call reach goal 'click_buy_product' for counter 31321471
Thu Jan 9 17:11:57 GMT+0300 2020 [INFO] Client said: 34: [null, "b.chkprchs", {qnt: 1, pmnt: {ctx: {dialogSource: "furnitureShopDialog"}, ct3: null, srv: 3, tpid: "dirol15Wardrobe", ct2: null, ct1: null}, prid: "pack9999"}]
Thu Jan 9 17:11:55 GMT+0300 2020 [INFO] [YandexMetrics.reachGoal] Call reach goal 'show_payment_dialog' for counter 31321471
Thu Jan 9 17:11:52 GMT+0300 2020 [INFO] Server said: 34: ["b.ingld", {ingld: 9999}]
Thu Jan 9 17:11:52 GMT+0300 2020 [INFO] Server said: 34: ["ntf.res", {res: {emd: 0, gld: 65716, enrg: 500, slvr: 6000}}]
Thu Jan 9 17:11:51 GMT+0300 2020 [INFO] [YandexMetrics.reachGoal] Call reach goal 'click_buy_product' for counter 31321471
Thu Jan 9 17:11:51 GMT+0300 2020 [INFO] Client said: 34: [null, "b.chkprchs", {qnt: 1, pmnt: {ctx: {dialogSource: "furnitureShopDialog"}, ct3: null, srv: 3, tpid: "dirol15Wardrobe", ct2: null, ct1: null}, prid: "pack9999"}]
Thu Jan 9 17:11:50 GMT+0300 2020 [INFO] [YandexMetrics.reachGoal] Call reach goal 'show_payment_dialog' for counter 31321471
Thu Jan 9 17:11:47 GMT+0300 2020 [INFO] Server said: 34: ["b.ingld", {ingld: 9999}]
Thu Jan 9 17:11:47 GMT+0300 2020 [INFO] Server said: 34: ["ntf.res", {res: {emd: 0, gld: 55717, enrg: 500, slvr: 6000}}]
Thu Jan 9 17:11:47 GMT+0300 2020 [INFO] [YandexMetrics.reachGoal] Call reach goal 'click_buy_product' for counter 31321471
Thu Jan 9 17:11:47 GMT+0300 2020 [INFO] Client said: 34: [null, "b.chkprchs", {qnt: 1, pmnt: {ctx: {dialogSource: "furnitureShopDialog"}, ct3: null, srv: 3, tpid: "dirol15Wardrobe", ct2: null, ct1: null}, prid: "pack9999"}]
Thu Jan 9 17:11:45 GMT+0300 2020 [INFO] Server said: 34: ["b.ingld", {ingld: 9999}]