ClientError: Fri Jan 10 00:36:57 GMT+0900 2020 [CRITICAL] [couturier] *Uncaught Error* ErrorId: 1009 ErrorName: TypeError ErrorMessage:Error #1009 ErrorStackTrace:TypeError: Error #1009
	at _-0eV::RoomMemberContainer/addAvatar()
	at _-PQ::BaseRoomScreen/addAvatar()
	at _-PQ::BaseRoomScreen/onRefreshAvatar()
	at flash.events::EventDispatcher/dispatchEvent()
	at _-2CM::BaseRoomNetManager/onRefreshAvatar()
	at flash.events::EventDispatcher/dispatchEvent()
	at ags::_-2t/_-2dI()
	at flash.events::EventDispatcher/dispatchEvent()
	at _-0en::_-0O8/_-1LF()
	at _-0en::_-0O8/execute()
	at ags::AGSClient/_-0i9()
	at ags::AGSClient/_-2ZF()
	at ags::AGSClient/_-2Ea()
Fri Jan 10 00:36:57 GMT+0900 2020 [INFO] Server said: 34: ["o.r.ra", {plr: {usrinf: {rl: 0}, pf: {pf: {grdnr: {pgs: 0, tp: "grdnr", l: 20}, phtghr: {pgs: 0, tp: "phtghr", l: 20}, vsgst: {pgs: 0, tp: "vsgst", l: 20}, jntr: {pgs: 0, tp: "jntr", l: 20}}}, uid: "293", locinfo: {x: 13.98, at: "", l: "couturier_ctr1_1", y: 2.98, shlc: true, s: "127.0.0.1", pl: "", d: 4, st: 23}, mbm: {sk: "blackMobileSkin", ac: null}, clths: {clths: [{tpid: "boyTShrtOutsrc2", clid: "17"}, {tpid: "boyJcktOutsrc2", clid: "4"}, {tpid: "boyPntsOutsrc2", clid: "4"}, {tpid: "boyBtsBnny", clid: "4"}]}, ci: {gdc: 0, ceid: 0, gtrfrd: 0, trcd: 0, lgt: 0, cmid: 0, strfrd: 0, lrnt: 0, lvt: 1578583692, dr: true, rtrtm: 0, lwts: 0, spp: 0, kyktid: null, ys: 0, vip: true, tts: null, actrt: 0, skrt: 0, eml: null, compid: 0, skid: null, sbid: null, vexp: 1965298000, plcmt: {}, actrp: 0, sbrt: 0, vsexp: 1965298000, pamns: {amn: []}, actrd: 0, bcld: 0, fexp: 0, vsact: true, crst: 0, shousd: false, trid: "freelanceMicrophone", vret: 0, rpt: 0, hrt: 374, vfgc: 0, ysct: 0, as: null, fak: null, exp: 85800, crt: 2495, shcr: true}, apprnc: {fft: 2, pt: 0, pc: 1, fat: 0, ssc: 1, shc: 1, hc: 25, g: 1, fac: 1, ss: 0, sc: 1, mc: 24, nct: 0, sh: 0, rg: 0, rc: 1, mt: 9, brt: 14, n: "●●ßǻŧ®ůwkǻ●", et: 23, brc: 2, bc: 1, bt: 0, ht: 87, ec: 12}}}]
Fri Jan 10 00:36:50 GMT+0900 2020 [INFO] Client said: 34: ["couturier_ctr1_1", "o.r.info", {rid: "ctr1"}]
Fri Jan 10 00:36:50 GMT+0900 2020 [INFO] Server said: 34: ["o.gr", {rid: "couturier_ctr1_1"}]
Fri Jan 10 00:36:50 GMT+0900 2020 [INFO] Server said: 16: ["couturier_ctr1_1", "669"]
Fri Jan 10 00:36:50 GMT+0900 2020 [INFO] Server said: 34: ["o.r.jn", {plr: {usrinf: {rl: 0}, pf: {pf: {grdnr: {pgs: 0, tp: "grdnr", l: 20}, phtghr: {pgs: 0, tp: "phtghr", l: 20}, vsgst: {pgs: 0, tp: "vsgst", l: 20}, jntr: {pgs: 0, tp: "jntr", l: 20}}}, uid: "669", locinfo: {x: -1, at: "", l: "couturier_ctr1_1", y: -1, shlc: true, s: "127.0.0.1", pl: "", d: 4, st: 0}, mbm: {sk: "blackMobileSkin", ac: null}, clths: {clths: [{tpid: "girlBgNYElgnc", clid: "16"}, {tpid: "csl15GCGShs", clid: null}, {tpid: "gNcklCoc4", clid: null}, {tpid: "girlSV18Glvs", clid: null}, {tpid: "gBrclCoc4", clid: null}, {tpid: "csl15GCGErr", clid: null}, {tpid: "girlJcktNY20Emr", clid: null}, {tpid: "grlStcPrfClr", clid: null}, {tpid: "csl15GCGRm", clid: null}, {tpid: "girlTShrtNY20Slv", clid: null}, {tpid: "csl15GCGSkt", clid: null}, {tpid: "girlSV18Dcr", clid: null}, {tpid: "girlEvng12", clid: null}]}, ci: {gdc: 0, ceid: 0, gtrfrd: 0, trcd: 0, lgt: 0, cmid: 0, strfrd: 0, lrnt: 0, lvt: 1578584190, dr: true, rtrtm: 0, lwts: 0, spp: 0, kyktid: null, ys: 0, vip: true, tts: null, actrt: 0, skrt: 0, eml: null, compid: 0, skid: null, sbid: null, vexp: 1965298000, plcmt: {}, actrp: 0, sbrt: 0, vsexp: 1965298000, pamns: {amn: []}, actrd: 0, bcld: 0, fexp: 0, vsact: true, crst: 0, shousd: false, trid: "freelanceMicrophone", vret: 0, rpt: 0, hrt: 374, vfgc: 0, ysct: 0, as: null, fak: null, exp: 85800, crt: 9487, shcr: true}, apprnc: {fft: 2, pt: 0, pc: 1, fat: 0, ssc: 1, shc: 35, hc: 7, g: 2, fac: 1, ss: 0, sc: 4, mc: 29, nct: 0, sh: 23, rg: 0, rc: 1, mt: 11, brt: 15, n: "ῆьяȞάя вúώȞя", et: 37, brc: 3, bc: 1, bt: 0, ht: 64, ec: 29}}}]
Fri Jan 10 00:36:45 GMT+0900 2020 [INFO] Server said: 34: ["o.r.u", {x: 7.45, uid: "735", y: 10.27, at: "", d: 4, st: 23}]
Fri Jan 10 00:36:44 GMT+0900 2020 [INFO] Server said: 34: ["o.r.m", {dx: 7.45, dy: 10.27, sy: 10.69, uid: "735", sx: 8.69}]
Fri Jan 10 00:36:43 GMT+0900 2020 [INFO] Server said: 34: ["o.r.u", {x: 8.69, uid: "735", y: 10.69, at: "", d: 2, st: 23}]
Fri Jan 10 00:36:43 GMT+0900 2020 [INFO] Server said: 34: ["o.r.m", {dx: 8.69, dy: 10.69, sy: 14.52, uid: "735", sx: 10.02}]
Fri Jan 10 00:36:41 GMT+0900 2020 [INFO] Server said: 34: ["o.r.ra", {plr: {usrinf: {rl: 0}, pf: {pf: {grdnr: {pgs: 0, tp: "grdnr", l: 20}, phtghr: {pgs: 0, tp: "phtghr", l: 20}, vsgst: {pgs: 0, tp: "vsgst", l: 20}, jntr: {pgs: 0, tp: "jntr", l: 20}}}, uid: "735", locinfo: {x: 10.02, at: "sitItem4", l: "couturier_ctr1_1", y: 14.52, shlc: true, s: "127.0.0.1", pl: "", d: 4, st: 1}, mbm: {sk: "blackMobileSkin", ac: null}, clths: {clths: [{tpid: "grlCtrVntgDrs", clid: "16"}, {tpid: "girlGlssYllw", clid: null}, {tpid: "girlBdgOutsrc1", clid: "17"}, {tpid: "grlDrlBkrTto", clid: null}, {tpid: "grlDcrCtr4", clid: "16"}, {tpid: "grlPnkRsShs", clid: null}]}, ci: {gdc: 0, ceid: 0, gtrfrd: 0, trcd: 0, lgt: 0, cmid: 0, strfrd: 0, lrnt: 0, lvt: 1578583431, dr: true, rtrtm: 0, lwts: 0, spp: 0, kyktid: null, ys: 0, vip: true, tts: null, actrt: 0, skrt: 0, eml: null, compid: 0, skid: null, sbid: null, vexp: 1965298000, plcmt: {}, actrp: 0, sbrt: 0, vsexp: 1965298000, pamns: {amn: []}, actrd: 0, bcld: 0, fexp: 0, vsact: true, crst: 0, shousd: false, trid: "freelanceMicrophone", vret: 0, rpt: 0, hrt: 220, vfgc: 0, ysct: 0, as: null, fak: null, exp: 85800, crt: 7753, shcr: true}, apprnc: {fft: 7, pt: 0, pc: 1, fat: 0, ssc: 1, shc: 34, hc: 24, g: 2, fac: 1, ss: 0, sc: 1, mc: 17, nct: 0, sh: 1, rg: 0, rc: 1, mt: 29, brt: 28, n: "КоСмОс", et: 37, brc: 3, bc: 1, bt: 0, ht: 101, ec: 2}}}]
Fri Jan 10 00:36:38 GMT+0900 2020 [INFO] Server said: 34: ["o.r.ra", {plr: {usrinf: {rl: 0}, pf: {pf: {grdnr: {pgs: 0, tp: "grdnr", l: 20}, phtghr: {pgs: 0, tp: "phtghr", l: 20}, vsgst: {pgs: 0, tp: "vsgst", l: 20}, jntr: {pgs: 0, tp: "jntr", l: 20}}}, uid: "412", locinfo: {x: 8.5, at: "", l: "couturier_ctr1_1", y: 7.5, shlc: true, s: "127.0.0.1", pl: "", d: 4, st: 0}, mbm: {sk: "blackMobileSkin", ac: null}, clths: {clths: [{tpid: "girlTShrtNYElgnc", clid: "16"}, {tpid: "girlBtsSport", clid: "16"}, {tpid: "girlTghtAlice", clid: null}, {tpid: "girlSktClnMgc", clid: "16"}]}, ci: {gdc: 0, ceid: 0, gtrfrd: 0, trcd: 0, lgt: 0, cmid: 0, strfrd: 0, lrnt: 0, lvt: 1578584040, dr: true, rtrtm: 0, lwts: 0, spp: 0, kyktid: null, ys: 0, vip: true, tts: null, actrt: 0, skrt: 0, eml: null, compid: 0, skid: null, sbid: null, vexp: 1965298000, plcmt: {}, actrp: 0, sbrt: 0, vsexp: 1965298000, pamns: {amn: []}, actrd: 0, bcld: 0, fexp: 0, vsact: true, crst: 0, shousd: false, trid: null, vret: 0, rpt: 0, hrt: 183, vfgc: 0, ysct: 0, as: null, fak: null, exp: 85800, crt: 28363, shcr: true}, apprnc: {fft: 7, pt: 0, pc: 1, fat: 0, ssc: 1, shc: 1, hc: 5, g: 2, fac: 1, ss: 0, sc: 2, mc: 14, nct: 0, sh: 0, rg: 0, rc: 1, mt: 31, brt: 30, n: "счастливая", et: 34, brc: 9, bc: 1, bt: 0, ht: 130, ec: 2}}}]
Fri Jan 10 00:36:30 GMT+0900 2020 [INFO] Client said: 34: [null, "o.gr", {gid: "ctr1", lid: "couturier"}]
Fri Jan 10 00:36:30 GMT+0900 2020 [INFO] Server said: 1: ["669", true, false, false]
Fri Jan 10 00:36:26 GMT+0900 2020 [INFO] Client said: 1: ["street", "669", "xoOjWMamiTkMRnHqhAIm", {clvrn: "84.0.4", v: 2}]
Fri Jan 10 00:36:23 GMT+0900 2020 [INFO] Client said: 2: []
Fri Jan 10 00:36:22 GMT+0900 2020 [INFO] Client said: 17: ["house_669_livingroom"]
Fri Jan 10 00:36:02 GMT+0900 2020 [INFO] Server said: 34: ["h.r.ra", {plr: {usrinf: {rl: 0}, pf: {pf: {grdnr: {pgs: 0, tp: "grdnr", l: 20}, phtghr: {pgs: 0, tp: "phtghr", l: 20}, vsgst: {pgs: 0, tp: "vsgst", l: 20}, jntr: {pgs: 0, tp: "jntr", l: 20}}}, uid: "669", locinfo: {x: 6.44, at: "", l: "house_669_livingroom", y: 6.25, shlc: true, s: "127.0.0.1", pl: "", d: 4, st: 23}, mbm: {sk: "blackMobileSkin", ac: null}, clths: {clths: [{tpid: "girlBgNYElgnc", clid: "16"}, {tpid: "csl15GCGShs", clid: null}, {tpid: "gNcklCoc4", clid: null}, {tpid: "girlSV18Glvs", clid: null}, {tpid: "gBrclCoc4", clid: null}, {tpid: "csl15GCGErr", clid: null}, {tpid: "girlJcktNY20Emr", clid: null}, {tpid: "grlStcPrfClr", clid: null}, {tpid: "csl15GCGRm", clid: null}, {tpid: "girlTShrtNY20Slv", clid: null}, {tpid: "csl15GCGSkt", clid: null}, {tpid: "girlSV18Dcr", clid: null}, {tpid: "girlEvng12", clid: null}]}, ci: {gdc: 0, ceid: 0, gtrfrd: 0, trcd: 0, lgt: 0, cmid: 0, strfrd: 0, lrnt: 0, lvt: 1578582818, dr: true, rtrtm: 0, lwts: 0, spp: 0, kyktid: null, ys: 0, vip: true, tts: null, actrt: 0, skrt: 0, eml: null, compid: 0, skid: null, sbid: null, vexp: 1965298000, plcmt: {}, actrp: 0, sbrt: 0, vsexp: 1965298000, pamns: {amn: []}, actrd: 0, bcld: 0, fexp: 0, vsact: true, crst: 0, shousd: false, trid: "freelanceMicrophone", vret: 0, rpt: 0, hrt: 374, vfgc: 0, ysct: 0, as: null, fak: null, exp: 85800, crt: 9487, shcr: true}, apprnc: {fft: 2, pt: 0, pc: 1, fat: 0, ssc: 1, shc: 35, hc: 7, g: 2, fac: 1, ss: 0, sc: 4, mc: 29, nct: 0, sh: 23, rg: 0, rc: 1, mt: 11, brt: 15, n: "ῆьяȞάя вúώȞя", et: 37, brc: 3, bc: 1, bt: 0, ht: 64, ec: 29}}}]
Fri Jan 10 00:35:58 GMT+0900 2020 [INFO] Client said: 34: ["house_669_livingroom", "h.r.ra", {}]
Fri Jan 10 00:35:58 GMT+0900 2020 [INFO] Server said: 34: ["a.clths.buy", {clths: {clths: [{tpid: "girlBgNYElgnc", clid: "16"}, {tpid: "csl15GCGShs", clid: null}, {tpid: "gNcklCoc4", clid: null}, {tpid: "girlSV18Glvs", clid: null}, {tpid: "gBrclCoc4", clid: null}, {tpid: "csl15GCGErr", clid: null}, {tpid: "girlJcktNY20Emr", clid: null}, {tpid: "grlStcPrfClr", clid: null}, {tpid: "csl15GCGRm", clid: null}, {tpid: "girlTShrtNY20Slv", clid: null}, {tpid: "csl15GCGSkt", clid: null}, {tpid: "girlSV18Dcr", clid: null}, {tpid: "girlEvng12", clid: null}]}, ccltn: {cct: ["girlBgNYElgnc:16", "csl15GCGShs", "gNcklCoc4", "girlSV18Glvs", "gBrclCoc4", "csl15GCGErr", "girlJcktNY20Emr", "grlStcPrfClr", "csl15GCGRm", "girlTShrtNY20Slv", "csl15GCGSkt", "girlSV18Dcr", "girlEvng12"], cn: "", ctp: "casual"}, crt: 9487, res: {gld: 1381, enrg: 500, emd: 0, slvr: 2280}, inv: {c: {lt: {it: [], id: "lt"}, cls: {it: [{c: 1, iid: "", tid: "girlUnderdress1"}, {c: 1, iid: "", tid: "girlUnderdress2"}, {c: 1, iid: "", tid: "girlShirt12"}, {c: 1, iid: "", tid: "girlPants9"}, {c: 1, iid: "", tid: "gDrssCoc11"}, {c: 1, iid: "1", tid: "girlPlvNYGrc"}, {c: 1, iid: "2", tid: "girlPlvNYGrc"}, {c: 1, iid: "3", tid: "girlPlvNYGrc"}, {c: 1, iid: "13", tid: "girlPlvNYGrc"}, {c: 1, iid: "19", tid: "girlPlvNYGrc"}, {c: 1, iid: "4", tid: "girlPlvNYGrc"}, {c: 1, iid: "14", tid: "girlPlvNYGrc"}, {c: 1, iid: "", tid: "girlShoes14"}, {c: 1, iid: "1", tid: "girlJcktClnGlmr"}, {c: 1, iid: "4", tid: "girlDrssNYLv"}, {c: 1, iid: "16", tid: "grlCtrBrdStk"}, {c: 1, iid: "4", tid: "girlBtsClnGlmr"}, {c: 1, iid: "", tid: "gJackCoct1"}, {c: 1, iid: "", tid: "gPntsCoc1"}, {c: 1, iid: "", tid: "gShsCoc9"}, {c: 1, iid: "", tid: "gDrssCoc1"}, {c: 1, iid: "", tid: "gShsCoc1"}, {c: 1, iid: "4", tid: "girlErrNYFr"}, {c: 1, iid: "", tid: "gDrssCoc9"}, {c: 1, iid: "", tid: "gShsCoc7"}, {c: 1, iid: "4", tid: "girlDcrClnGlmr"}, {c: 1, iid: "", tid: "gDrssCoc3"}, {c: 1, iid: "", tid: "gGlvCoc1"}, {c: 1, iid: "", tid: "gHairpCoc3"}, {c: 1, iid: "", tid: "gShsCoc5"}, {c: 1, iid: "", tid: "gDrssCoc5"}, {c: 1, iid: "", tid: "gShsCoc10"}, {c: 1, iid: "", tid: "gDrssCoc2"}, {c: 1, iid: "", tid: "gShsCoc6"}, {c: 1, iid: "", tid: "gBrclCoc1"}, {c: 1, iid: "", tid: "gNcklCoc3"}, {c: 1, iid: "", tid: "gDrssCoc8"}, {c: 1, iid: "", tid: "gGlvCoc3"}, {c: 1, iid: "", tid: "gNcklCoc1"}, {c: 1, iid: "", tid: "gDrssCoc13"}, {c: 1, iid: "", tid: "gBrclCoc2"}, {c: 1, iid: "", tid: "gNcklCoc5"}, {c: 1, iid: "", tid: "gEarCoc2"}, {c: 1, iid: "", tid: "gHairpCoc2"}, {c: 1, iid: "", tid: "gDrssCoc10"}, {c: 1, iid: "", tid: "gEarCoc3"}, {c: 1, iid: "", tid: "gShsCoc8"}, {c: 1, iid: "", tid: "gJackCoct2"}, {c: 1, iid: "", tid: "gDrssCoc6"}, {c: 1, iid: "", tid: "girlEvng3"}, {c: 1, iid: "", tid: "gHairpCoc4"}, {c: 1, iid: "", tid: "gDrssCoc14"}, {c: 1, iid: "", tid: "gDrssCoc4"}, {c: 1, iid: "", tid: "gShsCoc11"}, {c: 1, iid: "", tid: "girlEvng1"}, {c: 1, iid: "", tid: "gBrclCoc3"}, {c: 1, iid: "", tid: "gDrssCoc12"}, {c: 1, iid: "", tid: "gShsCoc3"}, {c: 1, iid: "", tid: "gHtsCoc1"}, {c: 1, iid: "", tid: "gDrssCoc7"}, {c: 1, iid: "", tid: "gGlvCoc2"}, {c: 1, iid: "", tid: "gShsCoc2"}, {c: 1, iid: "", tid: "gEarCoc1"}, {c: 1, iid: "", tid: "gHairpCoc1"}, {c: 1, iid: "", tid: "girlSV18Shs"}, {c: 1, iid: "", tid: "girlSV18Drs"}, {c: 1, iid: "", tid: "csl15GCGTsht"}, {c: 1, iid: "", tid: "girlTShrtNY20Nght"}, {c: 1, iid: "", tid: "girlTopNY20Gld"}, {c: 1, iid: "", tid: "csl15GCGJck"}, {c: 1, iid: "", tid: "girlJcktNY20Gld"}, {c: 1, iid: "", tid: "csl15GCGStk"}], id: "cls"}, act: {it: [], id: "act"}, frn: {it: [], id: "frn"}, gm: {it: [{c: 1, iid: "", tid: "blackMobileSkin"}], id: "gm"}}}}]
Fri Jan 10 00:35:46 GMT+0900 2020 [INFO] Client said: 34: [null, "a.clths.buy", {pind: 1, tpid: "grlStcPrfClr", ctp: "casual"}]
Fri Jan 10 00:35:43 GMT+0900 2020 [INFO] Server said: 34: ["b.ingld", {ingld: 2500}]
Fri Jan 10 00:35:41 GMT+0900 2020 [INFO] Server said: 34: ["ntf.res", {res: {gld: 101380, enrg: 500, emd: 0, slvr: 2280}}]
Fri Jan 10 00:35:41 GMT+0900 2020 [INFO] [YandexMetrics.reachGoal] Call reach goal 'click_buy_product' for counter 31321471
Fri Jan 10 00:35:41 GMT+0900 2020 [INFO] Client said: 34: [null, "b.chkprchs", {prid: "pack2500", pmnt: {ct2: null, tpid: "grlStcPrfClr", ctx: {dialogSource: "clothesShopDialog"}, srv: 1, ct1: null, ct3: null}, qnt: 1}]
Fri Jan 10 00:35:39 GMT+0900 2020 [INFO] [YandexMetrics.reachGoal] Call reach goal 'show_payment_dialog' for counter 31321471
Fri Jan 10 00:35:33 GMT+0900 2020 [INFO] Server said: 34: ["b.ingld", {ingld: 9999}]
Fri Jan 10 00:35:32 GMT+0900 2020 [INFO] Server said: 34: ["ntf.res", {res: {gld: 98880, enrg: 500, emd: 0, slvr: 2280}}]
Fri Jan 10 00:35:31 GMT+0900 2020 [INFO] [YandexMetrics.reachGoal] Call reach goal 'click_buy_product' for counter 31321471
Fri Jan 10 00:35:31 GMT+0900 2020 [INFO] Client said: 34: [null, "b.chkprchs", {prid: "pack9999", pmnt: {ct2: null, tpid: "grlStcPrfClr", ctx: {dialogSource: "clothesShopDialog"}, srv: 1, ct1: null, ct3: null}, qnt: 1}]
Fri Jan 10 00:35:30 GMT+0900 2020 [INFO] [YandexMetrics.reachGoal] Call reach goal 'show_payment_dialog' for counter 31321471
Fri Jan 10 00:35:27 GMT+0900 2020 [INFO] Server said: 34: ["b.ingld", {ingld: 9999}]
Fri Jan 10 00:35:27 GMT+0900 2020 [INFO] Server said: 34: ["ntf.res", {res: {gld: 88881, enrg: 500, emd: 0, slvr: 2280}}]
Fri Jan 10 00:35:26 GMT+0900 2020 [INFO] [YandexMetrics.reachGoal] Call reach goal 'click_buy_product' for counter 31321471
Fri Jan 10 00:35:26 GMT+0900 2020 [INFO] Client said: 34: [null, "b.chkprchs", {prid: "pack9999", pmnt: {ct2: null, tpid: "grlStcPrfClr", ctx: {dialogSource: "clothesShopDialog"}, srv: 1, ct1: null, ct3: null}, qnt: 1}]
Fri Jan 10 00:35:25 GMT+0900 2020 [INFO] [YandexMetrics.reachGoal] Call reach goal 'show_payment_dialog' for counter 31321471
Fri Jan 10 00:35:18 GMT+0900 2020 [INFO] Server said: 34: ["b.ingld", {ingld: 9999}]
Fri Jan 10 00:35:18 GMT+0900 2020 [INFO] Server said: 34: ["ntf.res", {res: {gld: 78882, enrg: 500, emd: 0, slvr: 2280}}]
Fri Jan 10 00:35:17 GMT+0900 2020 [INFO] [YandexMetrics.reachGoal] Call reach goal 'click_buy_product' for counter 31321471