ClientError: Thu Jan 9 21:29:51 GMT+0600 2020 [CRITICAL] [house] *Uncaught Error* ErrorId: 1009 ErrorName: TypeError ErrorMessage:Error #1009 ErrorStackTrace:TypeError: Error #1009
	at MethodInfo-2()
	at flash.events::EventDispatcher/dispatchEvent()
	at _-jr::FurnitureLoader/_-2qc()
	at flash.events::EventDispatcher/dispatchEvent()
	at _-0bS::MassLoader/_-4Ql()
	at _-0bS::MassLoader/_-WZ()
	at flash.events::EventDispatcher/dispatchEvent()
	at _-18R::LoadingItem/onComplete()
	at _-18R::SWFLoadingItem/onComplete()
	at MethodInfo-7()
	at MethodInfo-517()
	at SetIntervalTimer/onTimer()
	at flash.utils::Timer/tick()
Thu Jan 9 21:29:51 GMT+0600 2020 [INFO] Loaded  LoadingItem(url: http://62.113.113.58:8080/files/swf/furniture/furniture/WardrobeNarrow.swf, status: 2) 
Thu Jan 9 21:29:45 GMT+0600 2020 [INFO] Client said: 34: [null, "h.minfo", {tm: 1578583785, onl: false}]
Thu Jan 9 21:29:45 GMT+0600 2020 [INFO] Server said: 1: ["315", true, false, false]
Thu Jan 9 21:29:44 GMT+0600 2020 [INFO] Client said: 1: ["house", "315", "CBZwbzJrneQszMhNopZo", {v: 2, rfid: null, lcl: null, rd: 0, ctr: 0, nk: null, cty: 0, bd: null, ln: null, sid: null, gdr: 0, lng: null, clvrn: "84.0.4", rftp: null, pht: null, fn: null}]
Thu Jan 9 21:29:19 GMT+0600 2020 [INFO] Client said: 2: []
Thu Jan 9 21:29:19 GMT+0600 2020 [INFO] Client said: 17: ["house_315_livingroom"]