ClientError: Thu Jan 9 21:28:35 GMT+0600 2020 [CRITICAL] [house] *Uncaught Error* ErrorId: 1009 ErrorName: TypeError ErrorMessage:Error #1009 ErrorStackTrace:TypeError: Error #1009
	at MethodInfo-2()
	at flash.events::EventDispatcher/dispatchEvent()
	at _-jr::FurnitureLoader/_-2qc()
	at flash.events::EventDispatcher/dispatchEvent()
	at _-0bS::MassLoader/_-4Ql()
	at _-0bS::MassLoader/_-WZ()
	at flash.events::EventDispatcher/dispatchEvent()
	at _-18R::LoadingItem/onComplete()
	at _-18R::SWFLoadingItem/onComplete()
	at MethodInfo-7()
	at MethodInfo-3593()
	at SetIntervalTimer/onTimer()
	at flash.utils::Timer/tick()
Thu Jan 9 21:28:35 GMT+0600 2020 [INFO] Loaded  LoadingItem(url: http://62.113.113.58:8080/files/swf/furniture/furniture/CaseCountry.swf?2, status: 2) 
Thu Jan 9 21:27:34 GMT+0600 2020 [INFO] Client said: 34: ["house_315_livingroom", "h.r.u", {x: 11.08, y: 1.77, st: 23, d: 4, at: "", uid: "315"}]
Thu Jan 9 21:27:33 GMT+0600 2020 [INFO] Client said: 34: ["house_315_livingroom", "h.r.m", {sy: 1.2, sx: 11.5, dx: 11.08, uid: "315", dy: 1.77}]
Thu Jan 9 21:27:14 GMT+0600 2020 [INFO] Server said: 34: ["h.r.ra", {plr: {locinfo: {x: 11.5, s: "127.0.0.1", y: 1.2, l: "house_315_livingroom", st: 23, shlc: true, d: 4, at: "", pl: ""}, ci: {lgt: 0, pamns: {amn: []}, strfrd: 0, tts: null, vexp: 1965298000, crt: 1410, cmid: 0, dr: true, lwts: 0, rtrtm: 0, ys: 0, vip: true, vsact: true, fexp: 0, vret: 0, vsexp: 1965298000, ceid: 0, spp: 0, gdc: 0, shcr: true, ysct: 0, actrt: 0, lvt: 1578582515, shousd: false, vfgc: 0, hrt: 174, eml: null, kyktid: null, compid: 0, skrt: 0, lrnt: 0, crst: 0, rpt: 0, actrp: 0, actrd: 0, as: null, bcld: 0, skid: null, fak: null, trcd: 0, sbrt: 0, plcmt: {}, exp: 85800, trid: null, sbid: null, gtrfrd: 0}, clths: {clths: [{clid: null, tpid: "girlFA18Bag"}, {clid: null, tpid: "girlFA18Wig"}, {clid: null, tpid: "girlFA18Skt"}, {clid: null, tpid: "girlFA18Bts"}, {clid: null, tpid: "girlFA18TShrt"}, {clid: null, tpid: "girlFA18Tghts"}]}, pf: {pf: {vsgst: {tp: "vsgst", l: 20, pgs: 0}, grdnr: {tp: "grdnr", l: 20, pgs: 0}, jntr: {tp: "jntr", l: 20, pgs: 0}, phtghr: {tp: "phtghr", l: 20, pgs: 0}}}, usrinf: {rl: 0}, apprnc: {ss: 0, hc: 1, rc: 1, bt: 0, brc: 1, g: 2, fac: 1, sc: 1, ht: 128, et: 8, brt: 1, fat: 0, n: "ноȼоЌ ϭąŤú", mt: 4, ec: 1, fft: 0, pt: 0, nct: 0, mc: 1, shc: 1, bc: 1, sh: 0, ssc: 1, rg: 0, pc: 1}, uid: "315", mbm: {ac: null, sk: "blackMobileSkin"}}}]
Thu Jan 9 21:27:13 GMT+0600 2020 [INFO] Client said: 34: ["house_315_livingroom", "h.r.ra", {}]
Thu Jan 9 21:27:13 GMT+0600 2020 [INFO] Server said: 34: ["a.clths.buy", {ccltn: {ctp: "casual", cn: "", cct: ["girlFA18Bag", "girlFA18Wig", "girlFA18Skt", "girlFA18Bts", "girlFA18TShrt", "girlFA18Tghts"]}, res: {emd: 0, gld: 83594, slvr: 10000, enrg: 500}, inv: {c: {cls: {it: [{tid: "girlUnderdress1", c: 1, iid: ""}, {tid: "girlUnderdress2", c: 1, iid: ""}, {tid: "girlShirt12", c: 1, iid: ""}, {tid: "girlPants9", c: 1, iid: ""}, {tid: "girlShoes14", c: 1, iid: ""}], id: "cls"}, gm: {it: [{tid: "blackMobileSkin", c: 1, iid: ""}], id: "gm"}, lt: {it: [], id: "lt"}, frn: {it: [], id: "frn"}, act: {it: [], id: "act"}}}, clths: {clths: [{clid: null, tpid: "girlFA18Bag"}, {clid: null, tpid: "girlFA18Wig"}, {clid: null, tpid: "girlFA18Skt"}, {clid: null, tpid: "girlFA18Bts"}, {clid: null, tpid: "girlFA18TShrt"}, {clid: null, tpid: "girlFA18Tghts"}]}, crt: 1410}]
Thu Jan 9 21:27:01 GMT+0600 2020 [INFO] Client said: 34: [null, "a.clths.bst", {ctp: "casual", pind: 1, tpid: "girlFA2018Set"}]
Thu Jan 9 21:26:40 GMT+0600 2020 [INFO] Client said: 34: ["house_315_livingroom", "h.r.u", {x: 11.5, y: 1.2, st: 23, d: 0, at: "", uid: "315"}]
Thu Jan 9 21:26:39 GMT+0600 2020 [INFO] Client said: 34: ["house_315_livingroom", "h.r.m", {sy: 1.28, sx: 11.5, dx: 11.5, uid: "315", dy: 1.2}]
Thu Jan 9 21:26:34 GMT+0600 2020 [INFO] Server said: 34: ["b.ingld", {ingld: 9999}]
Thu Jan 9 21:26:34 GMT+0600 2020 [INFO] Server said: 34: ["ntf.res", {res: {gld: 84092, emd: 0, slvr: 10000, enrg: 500}}]
Thu Jan 9 21:26:33 GMT+0600 2020 [INFO] [YandexMetrics.reachGoal] Call reach goal 'click_buy_product' for counter 31321471
Thu Jan 9 21:26:33 GMT+0600 2020 [INFO] Client said: 34: [null, "b.chkprchs", {prid: "pack9999", qnt: 1, pmnt: {srv: 3, ct3: null, tpid: "drSD14", ct2: null, ct1: null, ctx: {dialogSource: "furnitureShopDialog"}}}]
Thu Jan 9 21:26:32 GMT+0600 2020 [INFO] [YandexMetrics.reachGoal] Call reach goal 'show_payment_dialog' for counter 31321471
Thu Jan 9 21:26:26 GMT+0600 2020 [INFO] Server said: 34: ["b.ingld", {ingld: 9999}]
Thu Jan 9 21:26:26 GMT+0600 2020 [INFO] Server said: 34: ["ntf.res", {res: {gld: 74093, emd: 0, slvr: 10000, enrg: 500}}]
Thu Jan 9 21:26:24 GMT+0600 2020 [INFO] [YandexMetrics.reachGoal] Call reach goal 'click_buy_product' for counter 31321471
Thu Jan 9 21:26:24 GMT+0600 2020 [INFO] Client said: 34: [null, "b.chkprchs", {prid: "pack9999", qnt: 1, pmnt: {srv: 3, ct3: null, tpid: "drSD14", ct2: null, ct1: null, ctx: {dialogSource: "furnitureShopDialog"}}}]
Thu Jan 9 21:26:24 GMT+0600 2020 [INFO] [YandexMetrics.reachGoal] Call reach goal 'show_payment_dialog' for counter 31321471
Thu Jan 9 21:26:22 GMT+0600 2020 [INFO] Server said: 34: ["b.ingld", {ingld: 9999}]
Thu Jan 9 21:26:22 GMT+0600 2020 [INFO] Server said: 34: ["ntf.res", {res: {gld: 64094, emd: 0, slvr: 10000, enrg: 500}}]
Thu Jan 9 21:26:21 GMT+0600 2020 [INFO] [YandexMetrics.reachGoal] Call reach goal 'click_buy_product' for counter 31321471
Thu Jan 9 21:26:21 GMT+0600 2020 [INFO] Client said: 34: [null, "b.chkprchs", {prid: "pack9999", qnt: 1, pmnt: {srv: 3, ct3: null, tpid: "drSD14", ct2: null, ct1: null, ctx: {dialogSource: "furnitureShopDialog"}}}]
Thu Jan 9 21:26:20 GMT+0600 2020 [INFO] [YandexMetrics.reachGoal] Call reach goal 'show_payment_dialog' for counter 31321471
Thu Jan 9 21:26:18 GMT+0600 2020 [INFO] Server said: 34: ["b.ingld", {ingld: 9999}]
Thu Jan 9 21:26:17 GMT+0600 2020 [INFO] Server said: 34: ["ntf.res", {res: {gld: 54095, emd: 0, slvr: 10000, enrg: 500}}]
Thu Jan 9 21:26:17 GMT+0600 2020 [INFO] [YandexMetrics.reachGoal] Call reach goal 'click_buy_product' for counter 31321471
Thu Jan 9 21:26:17 GMT+0600 2020 [INFO] Client said: 34: [null, "b.chkprchs", {prid: "pack9999", qnt: 1, pmnt: {srv: 3, ct3: null, tpid: "drSD14", ct2: null, ct1: null, ctx: {dialogSource: "furnitureShopDialog"}}}]
Thu Jan 9 21:26:16 GMT+0600 2020 [INFO] [YandexMetrics.reachGoal] Call reach goal 'show_payment_dialog' for counter 31321471
Thu Jan 9 21:26:13 GMT+0600 2020 [INFO] Server said: 34: ["b.ingld", {ingld: 9999}]
Thu Jan 9 21:26:12 GMT+0600 2020 [INFO] Server said: 34: ["ntf.res", {res: {gld: 44096, emd: 0, slvr: 10000, enrg: 500}}]
Thu Jan 9 21:26:12 GMT+0600 2020 [INFO] [YandexMetrics.reachGoal] Call reach goal 'click_buy_product' for counter 31321471
Thu Jan 9 21:26:12 GMT+0600 2020 [INFO] Client said: 34: [null, "b.chkprchs", {prid: "pack9999", qnt: 1, pmnt: {srv: 3, ct3: null, tpid: "drSD14", ct2: null, ct1: null, ctx: {dialogSource: "furnitureShopDialog"}}}]
Thu Jan 9 21:26:11 GMT+0600 2020 [INFO] [YandexMetrics.reachGoal] Call reach goal 'show_payment_dialog' for counter 31321471
Thu Jan 9 21:26:07 GMT+0600 2020 [INFO] Server said: 34: ["b.ingld", {ingld: 9999}]
Thu Jan 9 21:26:07 GMT+0600 2020 [INFO] Server said: 34: ["ntf.res", {res: {gld: 34097, emd: 0, slvr: 10000, enrg: 500}}]
Thu Jan 9 21:26:06 GMT+0600 2020 [INFO] [YandexMetrics.reachGoal] Call reach goal 'click_buy_product' for counter 31321471
Thu Jan 9 21:26:06 GMT+0600 2020 [INFO] Client said: 34: [null, "b.chkprchs", {prid: "pack9999", qnt: 1, pmnt: {srv: 3, ct3: null, tpid: "drSD14", ct2: null, ct1: null, ctx: {dialogSource: "furnitureShopDialog"}}}]