ClientError: Thu Jan 9 21:24:52 GMT+0600 2020 [CRITICAL] [house] *Uncaught Error* ErrorId: 1009 ErrorName: TypeError ErrorMessage:Error #1009 ErrorStackTrace:TypeError: Error #1009
	at MethodInfo-2()
	at flash.events::EventDispatcher/dispatchEvent()
	at _-jr::FurnitureLoader/_-2qc()
	at flash.events::EventDispatcher/dispatchEvent()
	at _-0bS::MassLoader/_-4Ql()
	at _-0bS::MassLoader/_-WZ()
	at flash.events::EventDispatcher/dispatchEvent()
	at _-18R::LoadingItem/onComplete()
	at _-18R::SWFLoadingItem/onComplete()
	at MethodInfo-7()
Thu Jan 9 21:24:52 GMT+0600 2020 [INFO] Loaded  LoadingItem(url: http://62.113.113.58:8080/files/swf/furniture/house/WindowDarkPolar.swf, status: 2) 
Thu Jan 9 21:24:10 GMT+0600 2020 [INFO] Server said: 34: ["b.ingld", {ingld: 1500}]
Thu Jan 9 21:24:10 GMT+0600 2020 [INFO] Server said: 34: ["ntf.res", {res: {gld: 1600, emd: 0, slvr: 10000, enrg: 500}}]
Thu Jan 9 21:24:09 GMT+0600 2020 [INFO] [YandexMetrics.onCounterInit] Yandex metrics counter 31321471 inited
Thu Jan 9 21:24:09 GMT+0600 2020 [INFO] [YandexMetrics.reachGoal] Call reach goal 'click_buy_product' for counter 31321471
Thu Jan 9 21:24:09 GMT+0600 2020 [INFO] [YandexMetrics.reachGoal] Call reach goal 'show_payment_dialog' for counter 31321471
Thu Jan 9 21:24:08 GMT+0600 2020 [INFO] Client said: 34: [null, "b.chkprchs", {prid: "pack1500", qnt: 1, pmnt: null}]
Thu Jan 9 21:24:06 GMT+0600 2020 [INFO] Server said: 34: ["spt.init", {a: false}]
Thu Jan 9 21:24:06 GMT+0600 2020 [INFO] [YandexMetrics.initCounter] Try to init Yandex metrics counter 31321471
Thu Jan 9 21:24:06 GMT+0600 2020 [INFO] Client said: 34: [null, "spt.init", {}]
Thu Jan 9 21:23:57 GMT+0600 2020 [INFO] Client said: 34: ["house_315_livingroom", "h.r.u", {x: 11.5, y: 1.28, st: 23, d: 4, at: "", uid: "315"}]
Thu Jan 9 21:23:53 GMT+0600 2020 [INFO] Client said: 34: ["house_315_livingroom", "h.r.m", {sy: 3.73, sx: 4.23, dx: 11.5, uid: "315", dy: 1.28}]
Thu Jan 9 21:23:43 GMT+0600 2020 [INFO] Server said: 34: ["h.r.ra", {plr: {locinfo: {x: 4.23, s: "127.0.0.1", y: 3.73, l: "house_315_livingroom", st: 23, shlc: true, d: 4, at: "", pl: ""}, ci: {lgt: 0, pamns: {amn: []}, strfrd: 0, tts: null, vexp: 1965298000, crt: 10, cmid: 0, dr: true, lwts: 0, rtrtm: 0, ys: 0, vip: true, vsact: true, fexp: 0, vret: 0, vsexp: 1965298000, ceid: 0, spp: 0, gdc: 0, shcr: true, ysct: 0, actrt: 0, lvt: 1578582515, shousd: false, vfgc: 0, hrt: 174, eml: null, kyktid: null, compid: 0, skrt: 0, lrnt: 0, crst: 0, rpt: 0, actrp: 0, actrd: 0, as: null, bcld: 0, skid: null, fak: null, trcd: 0, sbrt: 0, plcmt: {}, exp: 85800, trid: null, sbid: null, gtrfrd: 0}, clths: {clths: [{clid: null, tpid: "girlShirt12"}, {clid: null, tpid: "girlShoes14"}, {clid: null, tpid: "girlPants9"}]}, pf: {pf: {vsgst: {tp: "vsgst", l: 20, pgs: 0}, grdnr: {tp: "grdnr", l: 20, pgs: 0}, jntr: {tp: "jntr", l: 20, pgs: 0}, phtghr: {tp: "phtghr", l: 20, pgs: 0}}}, usrinf: {rl: 0}, apprnc: {ss: 0, hc: 1, rc: 1, bt: 0, brc: 1, g: 2, fac: 1, sc: 1, ht: 128, et: 8, brt: 1, fat: 0, n: "ноȼоЌ ϭąŤú", mt: 4, ec: 1, fft: 0, pt: 0, nct: 0, mc: 1, shc: 1, bc: 1, sh: 0, ssc: 1, rg: 0, pc: 1}, uid: "315", mbm: {ac: null, sk: "blackMobileSkin"}}}]
Thu Jan 9 21:23:39 GMT+0600 2020 [INFO] Client said: 34: ["house_315_livingroom", "h.r.ra", {}]
Thu Jan 9 21:23:39 GMT+0600 2020 [INFO] Server said: 34: ["psp.sttrph", {trid: null}]
Thu Jan 9 21:23:38 GMT+0600 2020 [INFO] Client said: 34: [null, "psp.sttrph", {trid: null}]
Thu Jan 9 21:23:35 GMT+0600 2020 [INFO] Client said: 34: ["house_315_livingroom", "h.r.u", {x: 4.23, y: 3.73, st: 23, d: 5, at: "", uid: "315"}]
Thu Jan 9 21:23:34 GMT+0600 2020 [INFO] Client said: 34: ["house_315_livingroom", "h.r.m", {sy: 2.91, sx: 4.97, dx: 4.23, uid: "315", dy: 3.73}]
Thu Jan 9 21:23:34 GMT+0600 2020 [INFO] Client said: 34: ["house_315_livingroom", "h.r.u", {x: 4.97, y: 2.91, st: 23, d: 2, at: "", uid: "315"}]
Thu Jan 9 21:23:33 GMT+0600 2020 [INFO] Client said: 34: ["house_315_livingroom", "h.r.m", {sy: 2.55, sx: 4.3, dx: 4.97, uid: "315", dy: 2.91}]
Thu Jan 9 21:23:30 GMT+0600 2020 [INFO] Server said: 34: ["h.r.ra", {plr: {locinfo: {x: 4.3, s: "127.0.0.1", y: 2.55, l: "house_315_livingroom", st: 23, shlc: true, d: 4, at: "", pl: ""}, ci: {lgt: 0, pamns: {amn: []}, strfrd: 0, tts: null, vexp: 1965298000, crt: 10, cmid: 0, dr: true, lwts: 0, rtrtm: 0, ys: 0, vip: true, vsact: true, fexp: 0, vret: 0, vsexp: 1965298000, ceid: 0, spp: 0, gdc: 0, shcr: true, ysct: 0, actrt: 0, lvt: 1578582515, shousd: false, vfgc: 0, hrt: 174, eml: null, kyktid: null, compid: 0, skrt: 0, lrnt: 0, crst: 0, rpt: 0, actrp: 0, actrd: 0, as: null, bcld: 0, skid: null, fak: null, trcd: 0, sbrt: 0, plcmt: {}, exp: 85800, trid: "avaBirthdayTrophy2016", sbid: null, gtrfrd: 0}, clths: {clths: [{clid: null, tpid: "girlShirt12"}, {clid: null, tpid: "girlShoes14"}, {clid: null, tpid: "girlPants9"}]}, pf: {pf: {vsgst: {tp: "vsgst", l: 20, pgs: 0}, grdnr: {tp: "grdnr", l: 20, pgs: 0}, jntr: {tp: "jntr", l: 20, pgs: 0}, phtghr: {tp: "phtghr", l: 20, pgs: 0}}}, usrinf: {rl: 0}, apprnc: {ss: 0, hc: 1, rc: 1, bt: 0, brc: 1, g: 2, fac: 1, sc: 1, ht: 128, et: 8, brt: 1, fat: 0, n: "ноȼоЌ ϭąŤú", mt: 4, ec: 1, fft: 0, pt: 0, nct: 0, mc: 1, shc: 1, bc: 1, sh: 0, ssc: 1, rg: 0, pc: 1}, uid: "315", mbm: {ac: null, sk: "blackMobileSkin"}}}]
Thu Jan 9 21:23:28 GMT+0600 2020 [INFO] Client said: 34: ["house_315_livingroom", "h.r.ra", {}]
Thu Jan 9 21:23:28 GMT+0600 2020 [INFO] Server said: 34: ["psp.sttrph", {trid: "avaBirthdayTrophy2016"}]
Thu Jan 9 21:23:27 GMT+0600 2020 [INFO] Server said: 34: ["h.r.ra", {plr: {locinfo: {x: 4.3, s: "127.0.0.1", y: 2.55, l: "house_315_livingroom", st: 23, shlc: true, d: 4, at: "", pl: ""}, ci: {lgt: 0, pamns: {amn: []}, strfrd: 0, tts: null, vexp: 1965298000, crt: 10, cmid: 0, dr: true, lwts: 0, rtrtm: 0, ys: 0, vip: true, vsact: true, fexp: 0, vret: 0, vsexp: 1965298000, ceid: 0, spp: 0, gdc: 0, shcr: true, ysct: 0, actrt: 0, lvt: 1578582515, shousd: false, vfgc: 0, hrt: 174, eml: null, kyktid: null, compid: 0, skrt: 0, lrnt: 0, crst: 0, rpt: 0, actrp: 0, actrd: 0, as: null, bcld: 0, skid: null, fak: null, trcd: 0, sbrt: 0, plcmt: {}, exp: 85800, trid: "springDay2018", sbid: null, gtrfrd: 0}, clths: {clths: [{clid: null, tpid: "girlShirt12"}, {clid: null, tpid: "girlShoes14"}, {clid: null, tpid: "girlPants9"}]}, pf: {pf: {vsgst: {tp: "vsgst", l: 20, pgs: 0}, grdnr: {tp: "grdnr", l: 20, pgs: 0}, jntr: {tp: "jntr", l: 20, pgs: 0}, phtghr: {tp: "phtghr", l: 20, pgs: 0}}}, usrinf: {rl: 0}, apprnc: {ss: 0, hc: 1, rc: 1, bt: 0, brc: 1, g: 2, fac: 1, sc: 1, ht: 128, et: 8, brt: 1, fat: 0, n: "ноȼоЌ ϭąŤú", mt: 4, ec: 1, fft: 0, pt: 0, nct: 0, mc: 1, shc: 1, bc: 1, sh: 0, ssc: 1, rg: 0, pc: 1}, uid: "315", mbm: {ac: null, sk: "blackMobileSkin"}}}]
Thu Jan 9 21:23:25 GMT+0600 2020 [INFO] Client said: 34: [null, "psp.sttrph", {trid: "avaBirthdayTrophy2016"}]
Thu Jan 9 21:23:23 GMT+0600 2020 [INFO] Client said: 34: ["house_315_livingroom", "h.r.ra", {}]
Thu Jan 9 21:23:23 GMT+0600 2020 [INFO] Server said: 34: ["psp.sttrph", {trid: "springDay2018"}]
Thu Jan 9 21:23:22 GMT+0600 2020 [INFO] Client said: 34: [null, "psp.sttrph", {trid: "springDay2018"}]
Thu Jan 9 21:23:16 GMT+0600 2020 [INFO] Server said: 34: ["h.r.ra", {plr: {locinfo: {x: 4.3, s: "127.0.0.1", y: 2.55, l: "house_315_livingroom", st: 23, shlc: true, d: 4, at: "", pl: ""}, ci: {lgt: 0, pamns: {amn: []}, strfrd: 0, tts: null, vexp: 1965298000, crt: 10, cmid: 0, dr: true, lwts: 0, rtrtm: 0, ys: 0, vip: true, vsact: true, fexp: 0, vret: 0, vsexp: 1965298000, ceid: 0, spp: 0, gdc: 0, shcr: true, ysct: 0, actrt: 0, lvt: 1578582515, shousd: false, vfgc: 0, hrt: 174, eml: null, kyktid: null, compid: 0, skrt: 0, lrnt: 0, crst: 0, rpt: 0, actrp: 0, actrd: 0, as: null, bcld: 0, skid: null, fak: null, trcd: 0, sbrt: 0, plcmt: {}, exp: 85800, trid: "freelanceCup", sbid: null, gtrfrd: 0}, clths: {clths: [{clid: null, tpid: "girlShirt12"}, {clid: null, tpid: "girlShoes14"}, {clid: null, tpid: "girlPants9"}]}, pf: {pf: {vsgst: {tp: "vsgst", l: 20, pgs: 0}, grdnr: {tp: "grdnr", l: 20, pgs: 0}, jntr: {tp: "jntr", l: 20, pgs: 0}, phtghr: {tp: "phtghr", l: 20, pgs: 0}}}, usrinf: {rl: 0}, apprnc: {ss: 0, hc: 1, rc: 1, bt: 0, brc: 1, g: 2, fac: 1, sc: 1, ht: 128, et: 8, brt: 1, fat: 0, n: "ноȼоЌ ϭąŤú", mt: 4, ec: 1, fft: 0, pt: 0, nct: 0, mc: 1, shc: 1, bc: 1, sh: 0, ssc: 1, rg: 0, pc: 1}, uid: "315", mbm: {ac: null, sk: "blackMobileSkin"}}}]
Thu Jan 9 21:23:12 GMT+0600 2020 [INFO] Server said: 34: ["h.r.ra", {plr: {locinfo: {x: 4.3, s: "127.0.0.1", y: 2.55, l: "house_315_livingroom", st: 23, shlc: true, d: 4, at: "", pl: ""}, ci: {lgt: 0, pamns: {amn: []}, strfrd: 0, tts: null, vexp: 1965298000, crt: 10, cmid: 0, dr: true, lwts: 0, rtrtm: 0, ys: 0, vip: true, vsact: true, fexp: 0, vret: 0, vsexp: 1965298000, ceid: 0, spp: 0, gdc: 0, shcr: true, ysct: 0, actrt: 0, lvt: 1578582515, shousd: false, vfgc: 0, hrt: 174, eml: null, kyktid: null, compid: 0, skrt: 0, lrnt: 0, crst: 0, rpt: 0, actrp: 0, actrd: 0, as: null, bcld: 0, skid: null, fak: null, trcd: 0, sbrt: 0, plcmt: {}, exp: 85800, trid: "freelanceCup", sbid: null, gtrfrd: 0}, clths: {clths: [{clid: null, tpid: "girlShirt12"}, {clid: null, tpid: "girlShoes14"}, {clid: null, tpid: "girlPants9"}]}, pf: {pf: {vsgst: {tp: "vsgst", l: 20, pgs: 0}, grdnr: {tp: "grdnr", l: 20, pgs: 0}, jntr: {tp: "jntr", l: 20, pgs: 0}, phtghr: {tp: "phtghr", l: 20, pgs: 0}}}, usrinf: {rl: 0}, apprnc: {ss: 0, hc: 1, rc: 1, bt: 0, brc: 1, g: 2, fac: 1, sc: 1, ht: 128, et: 8, brt: 1, fat: 0, n: "ноȼоЌ ϭąŤú", mt: 4, ec: 1, fft: 0, pt: 0, nct: 0, mc: 1, shc: 1, bc: 1, sh: 0, ssc: 1, rg: 0, pc: 1}, uid: "315", mbm: {ac: null, sk: "blackMobileSkin"}}}]
Thu Jan 9 21:23:09 GMT+0600 2020 [INFO] Client said: 34: ["house_315_livingroom", "h.r.ra", {}]
Thu Jan 9 21:23:09 GMT+0600 2020 [INFO] Server said: 34: ["psp.sttrph", {trid: "freelanceCup"}]
Thu Jan 9 21:23:08 GMT+0600 2020 [INFO] Client said: 34: ["house_315_livingroom", "h.r.ra", {}]
Thu Jan 9 21:23:08 GMT+0600 2020 [INFO] Server said: 34: ["psp.sttrph", {trid: "freelanceSupport"}]
Thu Jan 9 21:23:08 GMT+0600 2020 [INFO] Server said: 34: ["h.r.ra", {plr: {locinfo: {x: 4.3, s: "127.0.0.1", y: 2.55, l: "house_315_livingroom", st: 23, shlc: true, d: 4, at: "", pl: ""}, ci: {lgt: 0, pamns: {amn: []}, strfrd: 0, tts: null, vexp: 1965298000, crt: 10, cmid: 0, dr: true, lwts: 0, rtrtm: 0, ys: 0, vip: true, vsact: true, fexp: 0, vret: 0, vsexp: 1965298000, ceid: 0, spp: 0, gdc: 0, shcr: true, ysct: 0, actrt: 0, lvt: 1578582515, shousd: false, vfgc: 0, hrt: 174, eml: null, kyktid: null, compid: 0, skrt: 0, lrnt: 0, crst: 0, rpt: 0, actrp: 0, actrd: 0, as: null, bcld: 0, skid: null, fak: null, trcd: 0, sbrt: 0, plcmt: {}, exp: 85800, trid: "freelanceSupport", sbid: null, gtrfrd: 0}, clths: {clths: [{clid: null, tpid: "girlShirt12"}, {clid: null, tpid: "girlShoes14"}, {clid: null, tpid: "girlPants9"}]}, pf: {pf: {vsgst: {tp: "vsgst", l: 20, pgs: 0}, grdnr: {tp: "grdnr", l: 20, pgs: 0}, jntr: {tp: "jntr", l: 20, pgs: 0}, phtghr: {tp: "phtghr", l: 20, pgs: 0}}}, usrinf: {rl: 0}, apprnc: {ss: 0, hc: 1, rc: 1, bt: 0, brc: 1, g: 2, fac: 1, sc: 1, ht: 128, et: 8, brt: 1, fat: 0, n: "ноȼоЌ ϭąŤú", mt: 4, ec: 1, fft: 0, pt: 0, nct: 0, mc: 1, shc: 1, bc: 1, sh: 0, ssc: 1, rg: 0, pc: 1}, uid: "315", mbm: {ac: null, sk: "blackMobileSkin"}}}]
Thu Jan 9 21:23:08 GMT+0600 2020 [INFO] Client said: 34: [null, "psp.sttrph", {trid: "freelanceCup"}]
Thu Jan 9 21:23:07 GMT+0600 2020 [INFO] Client said: 34: [null, "psp.sttrph", {trid: "freelanceSupport"}]
Thu Jan 9 21:23:06 GMT+0600 2020 [INFO] Client said: 34: ["house_315_livingroom", "h.r.ra", {}]