ClientError: Thu Jan 9 18:20:38 GMT+0300 2020 [CRITICAL] [house] *Uncaught Error* ErrorId: 1010 ErrorName: TypeError ErrorMessage:Error #1010 ErrorStackTrace:TypeError: Error #1010
	at _-1u9::URL/parse()
	at _-1u9::URL()
	at _-18R::LoadingItem()
	at _-18R::SWFLoadingItem()
	at _-0bS::MassLoader/add()
	at _-0bS::MassLoader/_-2R5()
	at flash.events::EventDispatcher/dispatchEvent()
	at _-18R::LoadingItem/_-1Iu()
	at _-18R::LoadingItem/onError()
	at _-18R::SWFLoadingItem/onError()
	at flash.events::EventDispatcher/dispatchEvent()
	at flash.net::URLLoader/onComplete()
Thu Jan 9 18:20:36 GMT+0300 2020 [INFO] Client said: 34: [null, "frn.buy", {cnt: 1, pind: 1, tpid: "plmBch3"}]
Thu Jan 9 18:20:35 GMT+0300 2020 [INFO] Loaded  LoadingItem(url: http://62.113.113.58:8080/files/swf/furniture/decor/PalmBeach3.swf, status: 2) 
Thu Jan 9 18:20:09 GMT+0300 2020 [INFO] Server said: 34: ["ntf.res", {res: {gld: 9809, enrg: 500, emd: 0, slvr: 6500}}]
Thu Jan 9 18:20:09 GMT+0300 2020 [INFO] Server said: 34: ["ntf.inv", {it: {c: 1, tid: "sfBch1", iid: ""}}]
Thu Jan 9 18:20:07 GMT+0300 2020 [INFO] Client said: 34: [null, "frn.buy", {cnt: 1, pind: 1, tpid: "sfBch1"}]
Thu Jan 9 18:20:06 GMT+0300 2020 [INFO] Loaded  LoadingItem(url: http://62.113.113.58:8080/files/swf/furniture/furniture/SofaBeach.swf, status: 2) 
Thu Jan 9 18:20:03 GMT+0300 2020 [INFO] Server said: 34: ["ntf.res", {res: {gld: 9944, enrg: 500, emd: 0, slvr: 6500}}]
Thu Jan 9 18:20:03 GMT+0300 2020 [INFO] Server said: 34: ["ntf.inv", {it: {c: 1, tid: "bedBch", iid: ""}}]
Thu Jan 9 18:20:01 GMT+0300 2020 [INFO] Client said: 34: [null, "frn.buy", {cnt: 1, pind: 1, tpid: "bedBch"}]
Thu Jan 9 18:20:00 GMT+0300 2020 [INFO] Loaded  LoadingItem(url: http://62.113.113.58:8080/files/swf/furniture/furniture/BedBeach.swf, status: 2) 
Thu Jan 9 18:19:51 GMT+0300 2020 [INFO] Server said: 34: ["ntf.res", {res: {gld: 9999, enrg: 500, emd: 0, slvr: 6500}}]
Thu Jan 9 18:19:51 GMT+0300 2020 [INFO] Server said: 34: ["ntf.inv", {it: {c: 1, tid: "floorBch1", iid: ""}}]
Thu Jan 9 18:19:49 GMT+0300 2020 [INFO] Client said: 34: [null, "frn.buy", {cnt: 1, pind: 1, tpid: "floorBch1"}]
Thu Jan 9 18:19:48 GMT+0300 2020 [INFO] Server said: 34: ["ntf.res", {res: {gld: 10023, enrg: 500, emd: 0, slvr: 6500}}]
Thu Jan 9 18:19:48 GMT+0300 2020 [INFO] Server said: 34: ["ntf.inv", {it: {c: 1, tid: "wallBch1", iid: ""}}]
Thu Jan 9 18:19:46 GMT+0300 2020 [INFO] Client said: 34: [null, "frn.buy", {cnt: 1, pind: 1, tpid: "wallBch1"}]
Thu Jan 9 18:19:44 GMT+0300 2020 [INFO] Server said: 34: ["ntf.res", {res: {gld: 10056, enrg: 500, emd: 0, slvr: 6500}}]
Thu Jan 9 18:19:44 GMT+0300 2020 [INFO] Server said: 34: ["ntf.inv", {it: {c: 1, tid: "tblBch1", iid: ""}}]
Thu Jan 9 18:19:43 GMT+0300 2020 [INFO] Client said: 34: [null, "frn.buy", {cnt: 1, pind: 1, tpid: "tblBch1"}]
Thu Jan 9 18:19:42 GMT+0300 2020 [INFO] Loaded  LoadingItem(url: http://62.113.113.58:8080/files/swf/furniture/furniture/TableBeach.swf, status: 2) 
Thu Jan 9 18:19:36 GMT+0300 2020 [INFO] Server said: 34: ["h.r.rfr", {rm: {lev: 1, w: 13, l: 13, nm: "#livingRoom", f: [{x: 0, y: 0, tpid: "floor4", z: 0, lid: 71815638, d: 5}, {x: 13, y: 0, tpid: "wall15", z: 0, lid: 88276441, d: 5}, {x: 0, y: 0, tpid: "wall15", z: 0, lid: 88276440, d: 3}, {x: 3, rid: "outside", y: 0, tpid: "door4", z: 0, lid: 4, d: 3}]}}]
Thu Jan 9 18:19:34 GMT+0300 2020 [INFO] Server said: 34: ["h.r.rfr", {rm: {lev: 1, w: 13, l: 13, nm: "#livingRoom", f: [{x: 0, y: 0, tpid: "floor4", z: 0, lid: 71815638, d: 5}, {x: 13, y: 0, tpid: "wall15", z: 0, lid: 88276441, d: 5}, {x: 0, y: 0, tpid: "wall15", z: 0, lid: 88276440, d: 3}, {x: 3, rid: "outside", y: 0, tpid: "door4", z: 0, lid: 4, d: 3}]}}]
Thu Jan 9 18:19:33 GMT+0300 2020 [INFO] Server said: 34: ["h.r.rfr", {rm: {lev: 1, w: 13, l: 13, nm: "#livingRoom", f: [{x: 0, y: 0, tpid: "floor4", z: 0, lid: 71815638, d: 5}, {x: 13, y: 0, tpid: "wall15", z: 0, lid: 88276441, d: 5}, {x: 0, y: 0, tpid: "wall15", z: 0, lid: 88276440, d: 3}, {x: 3, rid: "outside", y: 0, tpid: "door4", z: 0, lid: 4, d: 3}]}}]
Thu Jan 9 18:19:31 GMT+0300 2020 [INFO] Server said: 34: ["h.r.rfr", {rm: {lev: 1, w: 13, l: 13, nm: "#livingRoom", f: [{x: 0, y: 0, tpid: "floor4", z: 0, lid: 71815638, d: 5}, {x: 13, y: 0, tpid: "wall15", z: 0, lid: 88276441, d: 5}, {x: 0, y: 0, tpid: "wall15", z: 0, lid: 88276440, d: 3}, {x: 3, rid: "outside", y: 0, tpid: "door4", z: 0, lid: 4, d: 3}]}}]
Thu Jan 9 18:19:30 GMT+0300 2020 [INFO] Server said: 34: ["h.r.rfr", {rm: {lev: 1, w: 13, l: 13, nm: "#livingRoom", f: [{x: 0, y: 0, tpid: "floor4", z: 0, lid: 71815638, d: 5}, {x: 13, y: 0, tpid: "wall15", z: 0, lid: 88276441, d: 5}, {x: 0, y: 0, tpid: "wall15", z: 0, lid: 88276440, d: 3}, {x: 3, rid: "outside", y: 0, tpid: "door4", z: 0, lid: 4, d: 3}]}}]
Thu Jan 9 18:19:29 GMT+0300 2020 [INFO] Server said: 34: ["h.r.rfr", {rm: {lev: 1, w: 13, l: 13, nm: "#livingRoom", f: [{x: 0, y: 0, tpid: "floor4", z: 0, lid: 71815638, d: 5}, {x: 13, y: 0, tpid: "wall15", z: 0, lid: 88276441, d: 5}, {x: 0, y: 0, tpid: "wall15", z: 0, lid: 88276440, d: 3}, {x: 3, rid: "outside", y: 0, tpid: "door4", z: 0, lid: 4, d: 3}]}}]
Thu Jan 9 18:19:27 GMT+0300 2020 [INFO] Server said: 34: ["h.r.rfr", {rm: {lev: 1, w: 13, l: 13, nm: "#livingRoom", f: [{x: 0, y: 0, tpid: "floor4", z: 0, lid: 71815638, d: 5}, {x: 13, y: 0, tpid: "wall15", z: 0, lid: 88276441, d: 5}, {x: 0, y: 0, tpid: "wall15", z: 0, lid: 88276440, d: 3}, {x: 3, rid: "outside", y: 0, tpid: "door4", z: 0, lid: 4, d: 3}]}}]
Thu Jan 9 18:19:26 GMT+0300 2020 [INFO] Server said: 34: ["h.r.rfr", {rm: {lev: 1, w: 13, l: 13, nm: "#livingRoom", f: [{x: 0, y: 0, tpid: "floor4", z: 0, lid: 71815638, d: 5}, {x: 13, y: 0, tpid: "wall15", z: 0, lid: 88276441, d: 5}, {x: 0, y: 0, tpid: "wall15", z: 0, lid: 88276440, d: 3}, {x: 3, rid: "outside", y: 0, tpid: "door4", z: 0, lid: 4, d: 3}]}}]
Thu Jan 9 18:19:23 GMT+0300 2020 [INFO] Server said: 34: ["h.r.rfr", {rm: {lev: 1, w: 13, l: 13, nm: "#livingRoom", f: [{x: 0, y: 0, tpid: "floor4", z: 0, lid: 71815638, d: 5}, {x: 13, y: 0, tpid: "wall15", z: 0, lid: 88276441, d: 5}, {x: 0, y: 0, tpid: "wall15", z: 0, lid: 88276440, d: 3}, {x: 3, rid: "outside", y: 0, tpid: "door4", z: 0, lid: 4, d: 3}]}}]
Thu Jan 9 18:19:21 GMT+0300 2020 [INFO] Server said: 34: ["h.r.rfr", {rm: {lev: 1, w: 13, l: 13, nm: "#livingRoom", f: [{x: 0, y: 0, tpid: "floor4", z: 0, lid: 71815638, d: 5}, {x: 13, y: 0, tpid: "wall15", z: 0, lid: 88276441, d: 5}, {x: 0, y: 0, tpid: "wall15", z: 0, lid: 88276440, d: 3}, {x: 3, rid: "outside", y: 0, tpid: "door4", z: 0, lid: 4, d: 3}]}}]
Thu Jan 9 18:19:18 GMT+0300 2020 [INFO] Server said: 34: ["h.r.rfr", {rm: {lev: 1, w: 13, l: 13, nm: "#livingRoom", f: [{x: 0, y: 0, tpid: "floor4", z: 0, lid: 71815638, d: 5}, {x: 13, y: 0, tpid: "wall15", z: 0, lid: 88276441, d: 5}, {x: 0, y: 0, tpid: "wall15", z: 0, lid: 88276440, d: 3}, {x: 3, rid: "outside", y: 0, tpid: "door4", z: 0, lid: 4, d: 3}]}}]
Thu Jan 9 18:19:17 GMT+0300 2020 [INFO] Server said: 34: ["h.r.rfr", {rm: {lev: 1, w: 13, l: 13, nm: "#livingRoom", f: [{x: 0, y: 0, tpid: "floor4", z: 0, lid: 71815638, d: 5}, {x: 13, y: 0, tpid: "wall15", z: 0, lid: 88276441, d: 5}, {x: 0, y: 0, tpid: "wall15", z: 0, lid: 88276440, d: 3}, {x: 3, rid: "outside", y: 0, tpid: "door4", z: 0, lid: 4, d: 3}]}}]
Thu Jan 9 18:19:15 GMT+0300 2020 [INFO] Server said: 34: ["h.r.rfr", {rm: {lev: 1, w: 13, l: 13, nm: "#livingRoom", f: [{x: 0, y: 0, tpid: "floor4", z: 0, lid: 71815638, d: 5}, {x: 13, y: 0, tpid: "wall15", z: 0, lid: 88276441, d: 5}, {x: 0, y: 0, tpid: "wall15", z: 0, lid: 88276440, d: 3}, {x: 3, rid: "outside", y: 0, tpid: "door4", z: 0, lid: 4, d: 3}]}}]
Thu Jan 9 18:19:12 GMT+0300 2020 [INFO] Server said: 34: ["h.r.rfr", {rm: {lev: 1, w: 13, l: 13, nm: "#livingRoom", f: [{x: 0, y: 0, tpid: "floor4", z: 0, lid: 71815638, d: 5}, {x: 13, y: 0, tpid: "wall15", z: 0, lid: 88276441, d: 5}, {x: 0, y: 0, tpid: "wall15", z: 0, lid: 88276440, d: 3}, {x: 3, rid: "outside", y: 0, tpid: "door4", z: 0, lid: 4, d: 3}]}}]
Thu Jan 9 18:19:10 GMT+0300 2020 [INFO] Server said: 34: ["h.r.rfr", {rm: {lev: 1, w: 13, l: 13, nm: "#livingRoom", f: [{x: 0, y: 0, tpid: "floor4", z: 0, lid: 71815638, d: 5}, {x: 13, y: 0, tpid: "wall15", z: 0, lid: 88276441, d: 5}, {x: 0, y: 0, tpid: "wall15", z: 0, lid: 88276440, d: 3}, {x: 3, rid: "outside", y: 0, tpid: "door4", z: 0, lid: 4, d: 3}]}}]
Thu Jan 9 18:19:07 GMT+0300 2020 [INFO] Server said: 34: ["h.r.rfr", {rm: {lev: 1, w: 13, l: 13, nm: "#livingRoom", f: [{x: 0, y: 0, tpid: "floor4", z: 0, lid: 71815638, d: 5}, {x: 13, y: 0, tpid: "wall15", z: 0, lid: 88276441, d: 5}, {x: 0, y: 0, tpid: "wall15", z: 0, lid: 88276440, d: 3}, {x: 3, rid: "outside", y: 0, tpid: "door4", z: 0, lid: 4, d: 3}]}}]
Thu Jan 9 18:19:05 GMT+0300 2020 [INFO] Server said: 34: ["h.r.rfr", {rm: {lev: 1, w: 13, l: 13, nm: "#livingRoom", f: [{x: 0, y: 0, tpid: "floor4", z: 0, lid: 71815638, d: 5}, {x: 13, y: 0, tpid: "wall15", z: 0, lid: 88276441, d: 5}, {x: 0, y: 0, tpid: "wall15", z: 0, lid: 88276440, d: 3}, {x: 3, rid: "outside", y: 0, tpid: "door4", z: 0, lid: 4, d: 3}]}}]
Thu Jan 9 18:19:04 GMT+0300 2020 [INFO] Server said: 34: ["h.r.rfr", {rm: {lev: 1, w: 13, l: 13, nm: "#livingRoom", f: [{x: 0, y: 0, tpid: "floor4", z: 0, lid: 71815638, d: 5}, {x: 13, y: 0, tpid: "wall15", z: 0, lid: 88276441, d: 5}, {x: 0, y: 0, tpid: "wall15", z: 0, lid: 88276440, d: 3}, {x: 3, rid: "outside", y: 0, tpid: "door4", z: 0, lid: 4, d: 3}]}}]