ClientError: Thu Jan 9 18:09:25 GMT+0300 2020 [CRITICAL] [house] *Uncaught Error* ErrorId: 1010 ErrorName: TypeError ErrorMessage:Error #1010 ErrorStackTrace:TypeError: Error #1010
	at _-1u9::URL/parse()
	at _-1u9::URL()
	at _-18R::LoadingItem()
	at _-18R::SWFLoadingItem()
	at _-0bS::MassLoader/add()
	at _-0bS::MassLoader/_-2R5()
	at flash.events::EventDispatcher/dispatchEvent()
	at _-18R::LoadingItem/_-1Iu()
	at _-18R::LoadingItem/onError()
	at _-18R::SWFLoadingItem/onError()
	at flash.events::EventDispatcher/dispatchEvent()
	at flash.net::URLLoader/onComplete()
Thu Jan 9 18:09:08 GMT+0300 2020 [INFO] Server said: 34: ["h.r.rfr", {rm: {lev: 1, w: 13, l: 13, nm: "#livingRoom", f: [{x: 13, y: 2.21875, tpid: "wdwPrns2", z: 1, lid: 71996137, d: 5}, {x: 0, y: 0, tpid: "wallPrns1", z: 0, lid: 27528428, d: 3}, {x: 5.796875, y: 0, tpid: "wdwPrns2", z: 1, lid: 58982621, d: 3}, {x: 13, y: 9.109375, tpid: "wdwPrns2", z: 1, lid: 62362696, d: 5}, {x: 9.3, y: 0, tpid: "pctrPrns", z: 2.5, lid: 41484088, d: 3}, {x: 13, y: 0, tpid: "wallPrns1", z: 0, lid: 27528429, d: 5}, {x: 11, y: 5, tpid: "sfPrncss", z: 0, lid: 66484415, d: 5}, {x: 0, y: 0, tpid: "floorPrns1", z: 0, lid: 39781502, d: 5}, {x: 3, rid: "outside", y: 0, tpid: "door4", z: 0, lid: 4, d: 3}]}}]
Thu Jan 9 18:09:07 GMT+0300 2020 [INFO] Server said: 34: ["frn.save", {inv: {c: {lt: {id: "lt", it: []}, gm: {id: "gm", it: [{c: 1, tid: "blackMobileSkin", iid: ""}]}, frn: {id: "frn", it: [{c: 2, tid: "sfPrncss", iid: ""}, {c: 2, tid: "wdwPrns1", iid: ""}, {c: 1, tid: "wall15", iid: ""}, {c: 1, tid: "floor4", iid: ""}]}, act: {id: "act", it: []}, cls: {id: "cls", it: [{c: 1, tid: "girlUnderdress1", iid: ""}, {c: 1, tid: "girlUnderdress2", iid: ""}, {c: 1, tid: "girlShirt12", iid: ""}, {c: 1, tid: "girlPants9", iid: ""}, {c: 1, tid: "girlShoes14", iid: ""}]}}}, hs: {l: 13, lev: 1, id: "livingroom", w: 13, nm: "house", f: [{x: 13, y: 2.21875, tpid: "wdwPrns2", z: 1, lid: 71996137, d: 5}, {x: 0, y: 0, tpid: "wallPrns1", z: 0, lid: 27528428, d: 3}, {x: 5.796875, y: 0, tpid: "wdwPrns2", z: 1, lid: 58982621, d: 3}, {x: 13, y: 9.109375, tpid: "wdwPrns2", z: 1, lid: 62362696, d: 5}, {x: 9.3, y: 0, tpid: "pctrPrns", z: 2.5, lid: 41484088, d: 3}, {x: 13, y: 0, tpid: "wallPrns1", z: 0, lid: 27528429, d: 5}, {x: 11, y: 5, tpid: "sfPrncss", z: 0, lid: 66484415, d: 5}, {x: 0, y: 0, tpid: "floorPrns1", z: 0, lid: 39781502, d: 5}, {x: 3, rid: "outside", y: 0, tpid: "door4", z: 0, lid: 4, d: 3}]}, ci: {as: null, tts: null, strfrd: 0, ys: 0, crst: 0, gdc: 0, lrnt: 0, vret: 0, eml: null, rpt: 0, lwts: 0, rtrtm: 0, hrt: 1011, kyktid: null, skid: null, lvt: 1578581895, lgt: 0, skrt: 0, vfgc: 0, ysct: 0, bcld: 0, ceid: 0, fak: null, compid: 0, trid: null, vexp: 1965298000, trcd: 0, actrt: 0, cmid: 0, vip: true, vsexp: 1965298000, sbid: null, dr: true, gtrfrd: 0, actrd: 0, crt: 610, shcr: true, fexp: 0, exp: 85800, shousd: false, plcmt: {}, actrp: 0, sbrt: 0, vsact: true, pamns: {amn: []}, spp: 0}}]
Thu Jan 9 18:09:02 GMT+0300 2020 [INFO] Client said: 34: ["house_660_livingroom", "h.r.rfr", {}]
Thu Jan 9 18:09:02 GMT+0300 2020 [INFO] Server said: 34: ["frn.save", {inv: {c: {lt: {id: "lt", it: []}, gm: {id: "gm", it: [{c: 1, tid: "blackMobileSkin", iid: ""}]}, frn: {id: "frn", it: [{c: 2, tid: "sfPrncss", iid: ""}, {c: 2, tid: "wdwPrns1", iid: ""}, {c: 1, tid: "wall15", iid: ""}, {c: 1, tid: "floor4", iid: ""}]}, act: {id: "act", it: []}, cls: {id: "cls", it: [{c: 1, tid: "girlUnderdress1", iid: ""}, {c: 1, tid: "girlUnderdress2", iid: ""}, {c: 1, tid: "girlShirt12", iid: ""}, {c: 1, tid: "girlPants9", iid: ""}, {c: 1, tid: "girlShoes14", iid: ""}]}}}, hs: {l: 13, lev: 1, id: "livingroom", w: 13, nm: "house", f: [{x: 13, y: 2.21875, tpid: "wdwPrns2", z: 1, lid: 71996137, d: 5}, {x: 0, y: 0, tpid: "wallPrns1", z: 0, lid: 27528428, d: 3}, {x: 5.796875, y: 0, tpid: "wdwPrns2", z: 1, lid: 58982621, d: 3}, {x: 13, y: 9.109375, tpid: "wdwPrns2", z: 1, lid: 62362696, d: 5}, {x: 9.3, y: 0, tpid: "pctrPrns", z: 2.5, lid: 41484088, d: 3}, {x: 11, y: 5, tpid: "sfPrncss", z: 0, lid: 66484415, d: 5}, {x: 0, y: 0, tpid: "floorPrns1", z: 0, lid: 39781502, d: 5}, {x: 13, y: 0, tpid: "wallPrns1", z: 0, lid: 27528429, d: 5}, {x: 3, rid: "outside", y: 0, tpid: "door4", z: 0, lid: 4, d: 3}]}, ci: {as: null, tts: null, strfrd: 0, ys: 0, crst: 0, gdc: 0, lrnt: 0, vret: 0, eml: null, rpt: 0, lwts: 0, rtrtm: 0, hrt: 1011, kyktid: null, skid: null, lvt: 1578581895, lgt: 0, skrt: 0, vfgc: 0, ysct: 0, bcld: 0, ceid: 0, fak: null, compid: 0, trid: null, vexp: 1965298000, trcd: 0, actrt: 0, cmid: 0, vip: true, vsexp: 1965298000, sbid: null, dr: true, gtrfrd: 0, actrd: 0, crt: 610, shcr: true, fexp: 0, exp: 85800, shousd: false, plcmt: {}, actrp: 0, sbrt: 0, vsact: true, pamns: {amn: []}, spp: 0}}]
Thu Jan 9 18:09:01 GMT+0300 2020 [INFO] Client said: 34: ["house_660_livingroom", "frn.save", {f: [{tm: 1578582514137, t: 2, oid: 49193888, tpid: "sfPrncss"}, {x: 13, oid: 71996137, y: 2.21875, tpid: "wdwPrns2", tm: 1578582524015, z: 1, t: 1, d: 5}, {x: 13, oid: 62362696, y: 9.109375, tpid: "wdwPrns2", tm: 1578582532454, z: 1, t: 1, d: 5}, {x: 9.3, oid: 41484088, y: 0, tpid: "pctrPrns", tm: 1578582507989, z: 2.5, t: 1, d: 3}, {tm: 1578582515773, t: 2, oid: 60746713, tpid: "sfPrncss"}, {tm: 1578582467398, t: 0, oid: 27528428, tpid: "wallPrns1"}, {x: 5.796875, oid: 58982621, y: 0, tpid: "wdwPrns2", tm: 1578582528282, z: 1, t: 1, d: 3}, {tm: 1578582468618, t: 0, oid: 39781502, tpid: "floorPrns1"}, {x: 11, oid: 66484415, y: 5, tpid: "sfPrncss", tm: 1578582534251, z: 0, t: 1, d: 5}]}]
Thu Jan 9 18:08:56 GMT+0300 2020 [INFO] Client said: 34: ["house_660_livingroom", "frn.save", {f: [{tm: 1578582514137, t: 2, oid: 49193888, tpid: "sfPrncss"}, {x: 13, oid: 71996137, y: 2.21875, tpid: "wdwPrns2", tm: 1578582524015, z: 1, t: 1, d: 5}, {x: 13, oid: 62362696, y: 9.109375, tpid: "wdwPrns2", tm: 1578582532454, z: 1, t: 1, d: 5}, {x: 9.3, oid: 41484088, y: 0, tpid: "pctrPrns", tm: 1578582507989, z: 2.5, t: 1, d: 3}, {tm: 1578582515773, t: 2, oid: 60746713, tpid: "sfPrncss"}, {tm: 1578582467398, t: 0, oid: 27528428, tpid: "wallPrns1"}, {x: 5.796875, oid: 58982621, y: 0, tpid: "wdwPrns2", tm: 1578582528282, z: 1, t: 1, d: 3}, {tm: 1578582468618, t: 0, oid: 39781502, tpid: "floorPrns1"}, {x: 11, oid: 66484415, y: 5, tpid: "sfPrncss", tm: 1578582534251, z: 0, t: 1, d: 5}]}]
Thu Jan 9 18:07:52 GMT+0300 2020 [INFO] Loaded  LoadingItem(url: http://62.113.113.58:8080/files/swf/furniture/house/FloorPrincess.swf, status: 2) 
Thu Jan 9 18:07:49 GMT+0300 2020 [INFO] Loaded  LoadingItem(url: http://62.113.113.58:8080/files/swf/furniture/house/WallPrincess.swf, status: 2) 
Thu Jan 9 18:07:49 GMT+0300 2020 [INFO] Loaded  LoadingItem(url: http://62.113.113.58:8080/files/swf/furniture/house/WallPrincess.swf, status: 2) 
Thu Jan 9 18:07:06 GMT+0300 2020 [INFO] Server said: 34: ["ntf.res", {res: {gld: 10941, enrg: 500, emd: 0, slvr: 13000}}]
Thu Jan 9 18:07:05 GMT+0300 2020 [INFO] Server said: 34: ["ntf.inv", {it: {c: 2, tid: "wdwPrns1", iid: ""}}]
Thu Jan 9 18:07:04 GMT+0300 2020 [INFO] Client said: 34: [null, "frn.buy", {cnt: 2, pind: 1, tpid: "wdwPrns1"}]
Thu Jan 9 18:07:00 GMT+0300 2020 [INFO] Loaded  LoadingItem(url: http://62.113.113.58:8080/files/swf/furniture/house/WindowPrincess.swf, status: 2) 
Thu Jan 9 18:06:47 GMT+0300 2020 [INFO] Server said: 34: ["ntf.res", {res: {gld: 11131, enrg: 500, emd: 0, slvr: 13000}}]
Thu Jan 9 18:06:47 GMT+0300 2020 [INFO] Server said: 34: ["ntf.inv", {it: {c: 1, tid: "pctrPrns", iid: ""}}]
Thu Jan 9 18:06:45 GMT+0300 2020 [INFO] Client said: 34: [null, "frn.buy", {cnt: 1, pind: 1, tpid: "pctrPrns"}]
Thu Jan 9 18:06:44 GMT+0300 2020 [INFO] Loaded  LoadingItem(url: http://62.113.113.58:8080/files/swf/furniture/decor/PicturePrincess.swf, status: 2) 
Thu Jan 9 18:06:42 GMT+0300 2020 [INFO] Server said: 34: ["ntf.res", {res: {gld: 11166, enrg: 500, emd: 0, slvr: 13000}}]
Thu Jan 9 18:06:41 GMT+0300 2020 [INFO] Server said: 34: ["ntf.inv", {it: {c: 3, tid: "wdwPrns2", iid: ""}}]
Thu Jan 9 18:06:40 GMT+0300 2020 [INFO] Client said: 34: [null, "frn.buy", {cnt: 3, pind: 1, tpid: "wdwPrns2"}]
Thu Jan 9 18:06:37 GMT+0300 2020 [INFO] Loaded  LoadingItem(url: http://62.113.113.58:8080/files/swf/furniture/house/WindowVitragePrincess.swf, status: 2) 
Thu Jan 9 18:06:35 GMT+0300 2020 [INFO] Server said: 34: ["ntf.res", {res: {gld: 11280, enrg: 500, emd: 0, slvr: 13000}}]
Thu Jan 9 18:06:35 GMT+0300 2020 [INFO] Server said: 34: ["ntf.inv", {it: {c: 3, tid: "sfPrncss", iid: ""}}]
Thu Jan 9 18:06:33 GMT+0300 2020 [INFO] Client said: 34: [null, "frn.buy", {cnt: 3, pind: 1, tpid: "sfPrncss"}]
Thu Jan 9 18:06:31 GMT+0300 2020 [INFO] Loaded  LoadingItem(url: http://62.113.113.58:8080/files/swf/furniture/furniture/SofaPrincess.swf, status: 2) 
Thu Jan 9 18:06:20 GMT+0300 2020 [INFO] Server said: 34: ["ntf.res", {res: {gld: 11730, enrg: 500, emd: 0, slvr: 13000}}]
Thu Jan 9 18:06:20 GMT+0300 2020 [INFO] Server said: 34: ["ntf.inv", {it: {c: 1, tid: "wallPrns1", iid: ""}}]
Thu Jan 9 18:06:19 GMT+0300 2020 [INFO] Client said: 34: [null, "frn.buy", {cnt: 1, pind: 1, tpid: "wallPrns1"}]
Thu Jan 9 18:06:16 GMT+0300 2020 [INFO] Server said: 34: ["ntf.res", {res: {gld: 11742, enrg: 500, emd: 0, slvr: 13000}}]
Thu Jan 9 18:06:16 GMT+0300 2020 [INFO] Server said: 34: ["ntf.inv", {it: {c: 1, tid: "floorPrns1", iid: ""}}]
Thu Jan 9 18:06:15 GMT+0300 2020 [INFO] Client said: 34: [null, "frn.buy", {cnt: 1, pind: 1, tpid: "floorPrns1"}]
Thu Jan 9 18:05:32 GMT+0300 2020 [INFO] Server said: 34: ["h.r.ra", {plr: {usrinf: {rl: 0}, apprnc: {ht: 132, ec: 3, pt: 0, brc: 2, sh: 0, rc: 1, g: 2, mc: 2, ss: 0, nct: 0, ssc: 1, hc: 5, mt: 4, fac: 1, bt: 0, pc: 1, fat: 0, et: 2, shc: 1, n: "Хапа", fft: 0, bc: 1, rg: 0, sc: 2, brt: 28}, ci: {as: null, tts: null, strfrd: 0, ys: 0, crst: 0, gdc: 0, lrnt: 0, vret: 0, eml: null, rpt: 0, lwts: 0, rtrtm: 0, hrt: 174, kyktid: null, skid: null, lvt: 1578581895, lgt: 0, skrt: 0, vfgc: 0, ysct: 0, bcld: 0, ceid: 0, fak: null, compid: 0, trid: null, vexp: 1965298000, trcd: 0, actrt: 0, cmid: 0, vip: true, vsexp: 1965298000, sbid: null, dr: true, gtrfrd: 0, actrd: 0, crt: 610, shcr: true, fexp: 0, exp: 85800, shousd: false, plcmt: {}, actrp: 0, sbrt: 0, vsact: true, pamns: {amn: []}, spp: 0}, clths: {clths: [{clid: null, tpid: "girlNcklFrog"}, {clid: null, tpid: "girlTShrtFrog"}, {clid: null, tpid: "girlPntsFrog"}, {clid: null, tpid: "girlBtsFrog"}]}, mbm: {sk: "blackMobileSkin", ac: null}, locinfo: {l: "house_660_livingroom", x: 5.73, st: 23, pl: "", at: "", s: "127.0.0.1", shlc: true, d: 4, y: 3.3}, pf: {pf: {vsgst: {tp: "vsgst", l: 20, pgs: 0}, phtghr: {tp: "phtghr", l: 20, pgs: 0}, jntr: {tp: "jntr", l: 20, pgs: 0}, grdnr: {tp: "grdnr", l: 20, pgs: 0}}}, uid: "660"}}]
Thu Jan 9 18:05:30 GMT+0300 2020 [INFO] Client said: 34: ["house_660_livingroom", "h.r.ra", {}]
Thu Jan 9 18:05:30 GMT+0300 2020 [INFO] Server said: 34: ["a.clths.buy", {clths: {clths: [{clid: null, tpid: "girlNcklFrog"}, {clid: null, tpid: "girlTShrtFrog"}, {clid: null, tpid: "girlPntsFrog"}, {clid: null, tpid: "girlBtsFrog"}]}, inv: {c: {lt: {id: "lt", it: []}, gm: {id: "gm", it: [{c: 1, tid: "blackMobileSkin", iid: ""}]}, frn: {id: "frn", it: []}, act: {id: "act", it: []}, cls: {id: "cls", it: [{c: 1, tid: "girlUnderdress1", iid: ""}, {c: 1, tid: "girlUnderdress2", iid: ""}, {c: 1, tid: "girlShirt12", iid: ""}, {c: 1, tid: "girlPants9", iid: ""}, {c: 1, tid: "girlShoes14", iid: ""}]}}}, ccltn: {cct: ["girlNcklFrog", "girlTShrtFrog", "girlPntsFrog", "girlBtsFrog"], cn: "", ctp: "casual"}, res: {gld: 11758, enrg: 500, emd: 0, slvr: 13000}, crt: 610}]
Thu Jan 9 18:05:18 GMT+0300 2020 [INFO] Client said: 34: [null, "a.clths.bst", {tpid: "girlFrogSet", pind: 1, ctp: "casual"}]
Thu Jan 9 18:04:29 GMT+0300 2020 [INFO] Server said: 34: ["b.ingld", {ingld: 1500}]
Thu Jan 9 18:04:28 GMT+0300 2020 [INFO] Server said: 34: ["ntf.res", {res: {gld: 11950, enrg: 500, emd: 0, slvr: 25000}}]
Thu Jan 9 18:04:28 GMT+0300 2020 [INFO] [YandexMetrics.reachGoal] Call reach goal 'click_buy_product' for counter 31321471