ClientError: Thu Jan 9 18:10:36 GMT+0300 2020 [CRITICAL] [house] *Uncaught Error* ErrorId: 1010 ErrorName: TypeError ErrorMessage:Error #1010 ErrorStackTrace:TypeError: Error #1010
	at _-1u9::URL/parse()
	at _-1u9::URL()
	at _-18R::LoadingItem()
	at _-18R::SWFLoadingItem()
	at _-0bS::MassLoader/add()
	at _-0bS::MassLoader/_-2R5()
	at flash.events::EventDispatcher/dispatchEvent()
	at _-18R::LoadingItem/_-1Iu()
	at _-18R::LoadingItem/onError()
	at _-18R::SWFLoadingItem/onError()
	at flash.events::EventDispatcher/dispatchEvent()
	at flash.net::URLLoader/onComplete()
Thu Jan 9 18:10:27 GMT+0300 2020 [INFO] Server said: 34: ["ntf.res", {res: {gld: 10595, enrg: 500, emd: 0, slvr: 6500}}]
Thu Jan 9 18:10:27 GMT+0300 2020 [INFO] Server said: 34: ["ntf.inv", {it: {c: 1, tid: "armPrncssGrn", iid: ""}}]
Thu Jan 9 18:10:26 GMT+0300 2020 [INFO] Client said: 34: [null, "frn.buy", {cnt: 1, pind: 1, tpid: "armPrncssGrn"}]
Thu Jan 9 18:10:25 GMT+0300 2020 [INFO] Loaded  LoadingItem(url: http://62.113.113.58:8080/files/swf/furniture/furniture/ArmchairPrincessGreen.swf, status: 2) 
Thu Jan 9 18:10:14 GMT+0300 2020 [INFO] Server said: 34: ["ntf.res", {res: {gld: 10690, enrg: 500, emd: 0, slvr: 6500}}]
Thu Jan 9 18:10:13 GMT+0300 2020 [INFO] Server said: 34: ["ntf.inv", {it: {c: 1, tid: "armPrncssBrwn", iid: ""}}]
Thu Jan 9 18:10:12 GMT+0300 2020 [INFO] Client said: 34: [null, "frn.buy", {cnt: 1, pind: 1, tpid: "armPrncssBrwn"}]
Thu Jan 9 18:10:05 GMT+0300 2020 [INFO] Loaded  LoadingItem(url: http://62.113.113.58:8080/files/swf/furniture/furniture/ArmchairPrincessBrown.swf, status: 2) 
Thu Jan 9 18:10:04 GMT+0300 2020 [INFO] Server said: 34: ["ntf.res", {res: {gld: 10775, enrg: 500, emd: 0, slvr: 6500}}]
Thu Jan 9 18:10:03 GMT+0300 2020 [INFO] Server said: 34: ["ntf.inv", {it: {c: 2, tid: "drPrns1", iid: ""}}]
Thu Jan 9 18:10:02 GMT+0300 2020 [INFO] Client said: 34: [null, "frn.buy", {cnt: 2, pind: 1, tpid: "drPrns1"}]
Thu Jan 9 18:09:57 GMT+0300 2020 [INFO] Loaded  LoadingItem(url: http://62.113.113.58:8080/files/swf/furniture/house/DoorPrincess.swf, status: 2) 
Thu Jan 9 18:09:56 GMT+0300 2020 [INFO] Server said: 34: ["ntf.res", {res: {gld: 10845, enrg: 500, emd: 0, slvr: 6500}}]
Thu Jan 9 18:09:55 GMT+0300 2020 [INFO] Server said: 34: ["ntf.inv", {it: {c: 1, tid: "drPrns", iid: ""}}]
Thu Jan 9 18:09:54 GMT+0300 2020 [INFO] Client said: 34: [null, "frn.buy", {cnt: 1, pind: 2, tpid: "drPrns"}]
Thu Jan 9 18:09:53 GMT+0300 2020 [INFO] Loaded  LoadingItem(url: http://62.113.113.58:8080/files/swf/furniture/decor/DiaryPrincess.swf, status: 2) 
Thu Jan 9 18:09:51 GMT+0300 2020 [INFO] Server said: 34: ["ntf.res", {res: {gld: 10845, enrg: 500, emd: 0, slvr: 13000}}]
Thu Jan 9 18:09:51 GMT+0300 2020 [INFO] Server said: 34: ["ntf.inv", {it: {c: 2, tid: "nsPrns", iid: ""}}]
Thu Jan 9 18:09:50 GMT+0300 2020 [INFO] Client said: 34: [null, "frn.buy", {cnt: 2, pind: 1, tpid: "nsPrns"}]
Thu Jan 9 18:09:48 GMT+0300 2020 [INFO] Loaded  LoadingItem(url: http://62.113.113.58:8080/files/swf/furniture/furniture/NightstandPrincess.swf, status: 2) 