ClientError: Thu Jan 9 19:23:30 GMT+0400 2020 [CRITICAL] [house] *Uncaught Error* ErrorId: 1010 ErrorName: TypeError ErrorMessage:Error #1010 ErrorStackTrace:TypeError: Error #1010
	at _-1u9::URL/parse()
	at _-1u9::URL()
	at _-18R::LoadingItem()
	at _-18R::SWFLoadingItem()
	at _-0bS::MassLoader/add()
	at _-0bS::MassLoader/_-2R5()
	at flash.events::EventDispatcher/dispatchEvent()
	at _-18R::LoadingItem/_-1Iu()
	at _-18R::LoadingItem/onError()
	at _-18R::SWFLoadingItem/onError()
	at flash.events::EventDispatcher/dispatchEvent()
	at flash.net::URLLoader/onComplete()
Thu Jan 9 19:22:57 GMT+0400 2020 [INFO] Server said: 34: ["srqst.gtrq", {rqlst: {rsprlst: {}, lapt: {}, shwdt: 0, rlst: {}}}]
Thu Jan 9 19:22:56 GMT+0400 2020 [INFO] Client said: 34: [null, "nws.getglbl", {}]
Thu Jan 9 19:22:56 GMT+0400 2020 [INFO] Server said: 34: ["nws.hasnews", {gnexst: true, gnunr: true}]
Thu Jan 9 19:22:56 GMT+0400 2020 [INFO] Server said: 34: ["cp.cht.gbl", {blcklst: {uids: []}}]
Thu Jan 9 19:22:56 GMT+0400 2020 [INFO] Client said: 34: [null, "crq.lrui", {uid: 170}]
Thu Jan 9 19:22:56 GMT+0400 2020 [INFO] Server said: 34: ["cm.new", {campaigns: [{id: 643, cil: [{si: 0, cid: 643, id: 8151, sc: 0, tid: "clans", gl: 0}, {si: 0, cid: 643, id: 8152, sc: 0, tid: "clanRating_off", gl: 0}], iu: "", st: 1, v: 1, ed: 2442905160000, tp: 9}, {id: 316, cil: [{si: 0, cid: 316, id: 2514, sc: 0, tid: "mobile", gl: 0}], iu: "", st: 1, v: 1, ed: 1659222000000, tp: 9}, {id: 299, cil: [{si: 0, cid: 299, id: 2434, sc: 0, tid: "fortune2", gl: 0}], iu: "", st: 2, v: 1, ed: 1919631600000, tp: 9}, {id: 114, cil: [{si: 0, cid: 114, id: 1110, sc: 0, tid: "professions", gl: 0}, {si: 0, cid: 114, id: 1111, sc: 0, tid: "grdnr", gl: 0}, {si: 0, cid: 114, id: 1112, sc: 0, tid: "jntr", gl: 0}, {si: 0, cid: 114, id: 1577, sc: 0, tid: "vsgst", gl: 0}, {si: 0, cid: 114, id: 1578, sc: 0, tid: "phtghr", gl: 0}], iu: "", st: 1, v: 1, ed: 1440630000000, tp: 9}]}]
Thu Jan 9 19:22:55 GMT+0400 2020 [INFO] Client said: 34: [null, "srqst.gtrq", {}]
Thu Jan 9 19:22:55 GMT+0400 2020 [INFO] Server said: 34: ["h.minfo", {plr: {achc: {tr: {stVal2018: {trrt: 0, trcd: 0, trid: "stVal2018"}, avaBirthdayTrophy2016: {trrt: 0, trcd: 0, trid: "avaBirthdayTrophy2016"}, avatarBirthday: {trrt: 0, trcd: 0, trid: "avatarBirthday"}, freelanceModerator: {trrt: 0, trcd: 0, trid: "freelanceModerator"}, firstApril16Place3: {trrt: 0, trcd: 0, trid: "firstApril16Place3"}, yearAvatar: {trrt: 0, trcd: 0, trid: "yearAvatar"}, halloween2017: {trrt: 0, trcd: 0, trid: "halloween2017"}, familyDay2016: {trrt: 0, trcd: 0, trid: "familyDay2016"}, freelanceSupport: {trrt: 0, trcd: 0, trid: "freelanceSupport"}, mittens2020: {trrt: 0, trcd: 0, trid: "mittens2020"}, springDay2018: {trrt: 0, trcd: 0, trid: "springDay2018"}, firstApril16Place5: {trrt: 0, trcd: 0, trid: "firstApril16Place5"}, activityPlace2: {trrt: 0, trcd: 0, trid: "activityPlace2"}, newYear2018: {trrt: 0, trcd: 0, trid: "newYear2018"}, firstApril2018: {trrt: 0, trcd: 0, trid: "firstApril2018"}, newYear2017: {trrt: 0, trcd: 0, trid: "newYear2017"}, freelanceVideo: {trrt: 0, trcd: 0, trid: "freelanceVideo"}, halloween2016: {trrt: 0, trcd: 0, trid: "halloween2016"}, freelanceMicrophone: {trrt: 0, trcd: 0, trid: "freelanceMicrophone"}, snowboardPlace1: {trrt: 0, trcd: 0, trid: "snowboardPlace1"}, freelanceJournal: {trrt: 0, trcd: 0, trid: "freelanceJournal"}, weddingDay: {trrt: 0, trcd: 0, trid: "weddingDay"}, firstApril16Place1: {trrt: 0, trcd: 0, trid: "firstApril16Place1"}, autumnEvent2019: {trrt: 0, trcd: 0, trid: "autumnEvent2019"}, newYear2020hero: {trrt: 0, trcd: 0, trid: "newYear2020hero"}, snowboardPlace3: {trrt: 0, trcd: 0, trid: "snowboardPlace3"}, activityPlace3: {trrt: 0, trcd: 0, trid: "activityPlace3"}, halloween2018: {trrt: 0, trcd: 0, trid: "halloween2018"}, firstApril16Place4: {trrt: 0, trcd: 0, trid: "firstApril16Place4"}, freelanceExchange: {trrt: 0, trcd: 0, trid: "freelanceExchange"}, activityPlace1: {trrt: 0, trcd: 0, trid: "activityPlace1"}, freelanceCup: {trrt: 0, trcd: 0, trid: "freelanceCup"}, dzo2019: {trrt: 0, trcd: 0, trid: "dzo2019"}, newYear2019: {trrt: 0, trcd: 0, trid: "newYear2019"}, firstApril16Place2: {trrt: 0, trcd: 0, trid: "firstApril16Place2"}, springDay2017: {trrt: 0, trcd: 0, trid: "springDay2017"}, snowboardPlace2: {trrt: 0, trcd: 0, trid: "snowboardPlace2"}, freelanceTwitterInstagram: {trrt: 0, trcd: 0, trid: "freelanceTwitterInstagram"}, firstApril2019: {trrt: 0, trcd: 0, trid: "firstApril2019"}}, ac: {beachRaceChamp: {p: 0, nWct: 0, l: 3, aId: "beachRaceChamp"}, carRaceChamp: {p: 0, nWct: 0, l: 3, aId: "carRaceChamp"}, snowboarder: {p: 0, nWct: 0, l: 3, aId: "snowboarder"}, meerkatBear: {p: 0, nWct: 0, l: 3, aId: "meerkatBear"}, shopaholic: {p: 0, nWct: 0, l: 3, aId: "shopaholic"}, workaholic: {p: 0, nWct: 0, l: 3, aId: "workaholic"}, pilowChamp: {p: 0, nWct: 0, l: 3, aId: "pilowChamp"}, subscription: {p: 0, nWct: 0, l: 3, aId: "subscription"}, activityWinner: {p: 0, nWct: 0, l: 3, aId: "activityWinner"}, vip: {p: 0, nWct: 0, l: 3, aId: "vip"}, magnate: {p: 0, nWct: 0, l: 3, aId: "magnate"}, crafter: {p: 0, nWct: 0, l: 3, aId: "crafter"}, goodFriend: {p: 0, nWct: 0, l: 3, aId: "goodFriend"}, generous: {p: 0, nWct: 0, l: 3, aId: "generous"}}}, onl: true, apprnc: {fat: 0, fac: 1, pt: 0, bc: 1, ss: 0, et: 2, bt: 0, brt: 28, rc: 1, ssc: 1, brc: 1, mc: 4, rg: 0, mt: 5, g: 2, ec: 1, n: "аля чик", shc: 1, sh: 0, nct: 0, fft: 0, sc: 3, pc: 1, hc: 7, ht: 6}, ci: {as: null, tts: null, rpt: 0, actrp: 0, crt: 10, rtrtm: 0, hrt: 174, exp: 85800, lvt: 1578582950, vexp: 1965298000, vsexp: 1965298000, spp: 0, cmid: 0, sbid: null, sbrt: 0, gtrfrd: 0, fexp: 0, vfgc: 0, trid: null, strfrd: 0, compid: 0, skrt: 0, eml: null, vip: true, kyktid: null, ceid: 0, pamns: {amn: []}, crst: 0, shousd: false, lwts: 0, ys: 0, actrt: 0, trcd: 0, gdc: 0, fak: null, skid: null, actrd: 0, bcld: 0, ysct: 0, shcr: true, lrnt: 0, vret: 0, vsact: true, plcmt: {}, dr: true, lgt: 0}, locinfo: {at: "", s: "127.0.0.1", y: 0, l: "", x: 0, st: 0, shlc: true, d: 4, pl: ""}, pf: {pf: {vsgst: {l: 20, pgs: 0, tp: "vsgst"}, grdnr: {l: 20, pgs: 0, tp: "grdnr"}, jntr: {l: 20, pgs: 0, tp: "jntr"}, phtghr: {l: 20, pgs: 0, tp: "phtghr"}}}, hs: {lt: 0, r: [{lev: 2, id: "3", nm: "Комната 3", f: [{x: 0, y: 0, z: 0, lid: 1, tpid: "wall15", d: 3}, {x: 3, y: 0, z: 0, lid: 4, tpid: "door4", d: 3, rid: "outside"}, {x: 13, y: 0, z: 0, lid: 2, tpid: "wall15", d: 5}, {x: 0, y: 0, z: 0, lid: 3, tpid: "floor4", d: 5}], l: 13, w: 13}, {lev: 2, id: "5", nm: "Комната 5", f: [{x: 0, y: 0, z: 0, lid: 1, tpid: "wall15", d: 3}, {x: 3, y: 0, z: 0, lid: 4, tpid: "door4", d: 3, rid: "outside"}, {x: 13, y: 0, z: 0, lid: 2, tpid: "wall15", d: 5}, {x: 0, y: 0, z: 0, lid: 3, tpid: "floor4", d: 5}], l: 13, w: 13}, {lev: 2, id: "2", nm: "Комната 2", f: [{x: 0, y: 0, z: 0, lid: 1, tpid: "wall15", d: 3}, {x: 3, y: 0, z: 0, lid: 4, tpid: "door4", d: 3, rid: "outside"}, {x: 13, y: 0, z: 0, lid: 2, tpid: "wall15", d: 5}, {x: 0, y: 0, z: 0, lid: 3, tpid: "floor4", d: 5}], l: 13, w: 13}, {lev: 2, id: "1", nm: "Комната 1", f: [{x: 0, y: 0, z: 0, lid: 1, tpid: "wall15", d: 3}, {x: 3, y: 0, z: 0, lid: 4, tpid: "door4", d: 3, rid: "outside"}, {x: 13, y: 0, z: 0, lid: 2, tpid: "wall15", d: 5}, {x: 0, y: 0, z: 0, lid: 3, tpid: "floor4", d: 5}], l: 13, w: 13}, {lev: 1, id: "livingroom", nm: "#livingRoom", f: [{x: 0, y: 0, z: 0, lid: 1, tpid: "wall15", d: 3}, {x: 3, y: 0, z: 0, lid: 4, tpid: "door4", d: 3, rid: "outside"}, {x: 13, y: 0, z: 0, lid: 2, tpid: "wall15", d: 5}, {x: 0, y: 0, z: 0, lid: 3, tpid: "floor4", d: 5}], l: 13, w: 13}, {lev: 2, id: "4", nm: "Комната 4", f: [{x: 0, y: 0, z: 0, lid: 1, tpid: "wall15", d: 3}, {x: 3, y: 0, z: 0, lid: 4, tpid: "door4", d: 3, rid: "outside"}, {x: 13, y: 0, z: 0, lid: 2, tpid: "wall15", d: 5}, {x: 0, y: 0, z: 0, lid: 3, tpid: "floor4", d: 5}], l: 13, w: 13}]}, uid: "170", res: {gld: 100, slvr: 10000, emd: 0, enrg: 500}, cs: {ccltns: {casual: {cn: "", cct: ["girlShirt12", "girlShoes14", "girlPants9"], ctp: "casual"}}, cc: "casual"}, clths: {clths: [{clid: null, tpid: "girlShirt12"}, {clid: null, tpid: "girlShoes14"}, {clid: null, tpid: "girlPants9"}]}, inv: {c: {act: {id: "act", it: []}, cls: {id: "cls", it: [{c: 1, iid: "", tid: "girlUnderdress1"}, {c: 1, iid: "", tid: "girlUnderdress2"}]}, gm: {id: "gm", it: [{tid: "blackMobileSkin", c: 1, iid: ""}]}, lt: {id: "lt", it: []}, frn: {id: "frn", it: []}}}, usrinf: {rl: 0}, mbm: {sk: "blackMobileSkin", ac: null}}, tm: 1}]
Thu Jan 9 19:22:28 GMT+0400 2020 [INFO] Server said: 34: ["a.apprnc.save", {apprnc: {fat: 0, fac: 1, pt: 0, bc: 1, ss: 0, et: 2, bt: 0, brt: 28, rc: 1, ssc: 1, brc: 1, mc: 4, rg: 0, mt: 5, g: 2, ec: 1, n: "аля чик", shc: 1, sh: 0, nct: 0, fft: 0, sc: 3, pc: 1, hc: 7, ht: 6}}]
Thu Jan 9 19:22:27 GMT+0400 2020 [INFO] Server said: 34: ["a.apprnc.save", {apprnc: {fat: 0, fac: 1, pt: 0, bc: 1, ss: 0, et: 2, bt: 0, brt: 28, rc: 1, ssc: 1, brc: 1, mc: 4, rg: 0, mt: 5, g: 2, ec: 1, n: "аля чик", shc: 1, sh: 0, nct: 0, fft: 0, sc: 3, pc: 1, hc: 7, ht: 16}}]
Thu Jan 9 19:22:25 GMT+0400 2020 [INFO] Server said: 34: ["a.apprnc.save", {apprnc: {fat: 0, fac: 1, pt: 0, bc: 1, ss: 0, et: 2, bt: 0, brt: 28, rc: 1, ssc: 1, brc: 1, mc: 4, rg: 0, mt: 5, g: 2, ec: 1, n: "аля чика :3", shc: 1, sh: 0, nct: 0, fft: 0, sc: 3, pc: 1, hc: 7, ht: 16}}]
Thu Jan 9 19:22:23 GMT+0400 2020 [INFO] Client said: 34: [null, "h.minfo", {onl: false, tm: 1578583343}]
Thu Jan 9 19:22:23 GMT+0400 2020 [INFO] Server said: 34: ["a.apprnc.save", {apprnc: {fat: 0, fac: 1, pt: 0, bc: 1, ss: 0, et: 2, bt: 0, brt: 28, rc: 1, ssc: 1, brc: 1, mc: 4, rg: 0, mt: 5, g: 2, ec: 1, n: "аля чика :3", shc: 1, sh: 0, nct: 0, fft: 0, sc: 3, pc: 1, hc: 7, ht: 16}}]
Thu Jan 9 19:22:22 GMT+0400 2020 [INFO] Client said: 34: [null, "a.apprnc.save", {apprnc: {bc: 1, fac: 1, pt: 0, fat: 0, ss: 0, et: 2, bt: 0, g: 2, rg: 0, ssc: 1, brc: 1, brt: 28, rc: 1, mc: 4, ec: 1, n: "аля чик", mt: 5, shc: 1, sh: 0, nct: 0, fft: 0, sc: 3, pc: 1, hc: 7, ht: 6}}]
Thu Jan 9 19:22:18 GMT+0400 2020 [INFO] Client said: 34: [null, "a.apprnc.save", {apprnc: {bc: 1, fac: 1, pt: 0, fat: 0, ss: 0, et: 2, bt: 0, g: 2, rg: 0, ssc: 1, brc: 1, brt: 28, rc: 1, mc: 4, ec: 1, n: "аля чик", mt: 5, shc: 1, sh: 0, nct: 0, fft: 0, sc: 3, pc: 1, hc: 7, ht: 16}}]
Thu Jan 9 19:22:09 GMT+0400 2020 [INFO] Client said: 34: [null, "a.apprnc.save", {apprnc: {bc: 1, fac: 1, pt: 0, fat: 0, ss: 0, et: 2, bt: 0, g: 2, rg: 0, ssc: 1, brc: 1, brt: 28, rc: 1, mc: 4, ec: 1, n: "аля чика :3", mt: 5, shc: 1, sh: 0, nct: 0, fft: 0, sc: 3, pc: 1, hc: 7, ht: 16}}]
Thu Jan 9 19:22:05 GMT+0400 2020 [INFO] Client said: 34: [null, "a.apprnc.save", {apprnc: {bc: 1, fac: 1, pt: 0, fat: 0, ss: 0, et: 2, bt: 0, g: 2, rg: 0, ssc: 1, brc: 1, brt: 28, rc: 1, mc: 4, ec: 1, n: "аля чика :3", mt: 5, shc: 1, sh: 0, nct: 0, fft: 0, sc: 3, pc: 1, hc: 7, ht: 16}}]
Thu Jan 9 19:20:22 GMT+0400 2020 [INFO] Server said: 34: ["h.minfo", {has.avtr: false}]
Thu Jan 9 19:20:21 GMT+0400 2020 [INFO] Server said: 34: ["ctmr.get", {tu: {snowboardRating: []}}]
Thu Jan 9 19:20:21 GMT+0400 2020 [INFO] Server said: 34: ["ur.get", {bt: [{cr: 76611, uid: 39, hr: 600374}, {cr: 20930, uid: 14, hr: 413116}, {cr: 6295, uid: 70, hr: 251420}, {cr: 1609, uid: 71, hr: 240220}, {cr: 29541, uid: 68, hr: 192469}, {cr: 23433, uid: 64, hr: 121044}, {cr: 2664, uid: 97, hr: 93928}, {cr: 9252, uid: 80, hr: 65707}, {cr: 1066, uid: 18, hr: 40174}, {cr: 1682, uid: 55, hr: 32583}]}]
Thu Jan 9 19:14:47 GMT+0400 2020 [INFO] Server said: 34: ["mail.gc", {in: [], out: []}]
Thu Jan 9 19:14:47 GMT+0400 2020 [INFO] Server said: 34: ["rl.get", {rlts: {}, uid: "170"}]
Thu Jan 9 19:14:46 GMT+0400 2020 [INFO] Client said: 34: [null, "h.minfo", {onl: false, tm: 1578582887}]
Thu Jan 9 19:14:46 GMT+0400 2020 [INFO] Client said: 34: [null, "ctmr.get", {}]
Thu Jan 9 19:14:46 GMT+0400 2020 [INFO] Client said: 34: [null, "ur.get", {}]
Thu Jan 9 19:14:46 GMT+0400 2020 [INFO] Client said: 34: [null, "mail.gc", {}]
Thu Jan 9 19:14:46 GMT+0400 2020 [INFO] Client said: 34: [null, "rl.get", {}]
Thu Jan 9 19:14:46 GMT+0400 2020 [INFO] Server said: 1: ["170", true, false, false]
Thu Jan 9 19:14:43 GMT+0400 2020 [INFO] Client said: 1: ["house", "170", "PLYAXaNquJCrNFzYdSzY", {lcl: "ru", lng: "ru", pht: "http://vkontakte.ru/images/question_b.gif", gdr: 0, rd: 0, cty: 0, rftp: null, nk: "", clvrn: "84.0.4", bd: "", ln: "", ctr: 0, fn: "", v: 2, sid: "170", rfid: null}]
Thu Jan 9 19:14:36 GMT+0400 2020 [INFO] /social?method=getProfiles&user_id=170&uids=170&
Thu Jan 9 19:14:26 GMT+0400 2020 [INFO] Loaded  LoadingItem(url: http://62.113.113.58:8080/files/swf/clothes/GirlFunkyClothes_0cea72ad83655970e89fe85d56e118bd.swf, status: 2) 
Thu Jan 9 19:14:25 GMT+0400 2020 [INFO] Loaded  LoadingItem(url: http://62.113.113.58:8080/files/swf/clothes/GirlPhotosalonClothes_4911fba7e3d24a63277a177809b7cd35.swf, status: 2) 
Thu Jan 9 19:14:25 GMT+0400 2020 [INFO] Loaded  LoadingItem(url: http://62.113.113.58:8080/files/swf/clothes/GirlHalloweenClothes_4789dd77dc697582a47c438361635957.swf, status: 2) 
Thu Jan 9 19:14:24 GMT+0400 2020 [INFO] Loaded  LoadingItem(url: http://62.113.113.58:8080/files/swf/clothes/GirlNPCClothes_bf1d94860a87091946de14a945df7cc8.swf, status: 2) 
Thu Jan 9 19:14:24 GMT+0400 2020 [INFO] Loaded  LoadingItem(url: http://62.113.113.58:8080/files/swf/modules/FirstApril2019_c61d0c4ae4ed7bf2bb6c56a0b0aef0cd.swf, status: 2) 
Thu Jan 9 19:14:23 GMT+0400 2020 [INFO] Loaded  LoadingItem(url: http://62.113.113.58:8080/files/swf/modules/SpringDay2019_8bcd45cef1442eb1a9081d2a886d341b.swf, status: 2) 
Thu Jan 9 19:14:23 GMT+0400 2020 [INFO] Loaded  LoadingItem(url: http://62.113.113.58:8080/files/swf/clothes/GirlSeasonClothes_556d7cde0c9f4c6d5abad59083e90fdd.swf, status: 2) 
Thu Jan 9 19:14:22 GMT+0400 2020 [INFO] Loaded  LoadingItem(url: http://62.113.113.58:8080/files/swf/clothes/GirlUnderClothes_60ac1f61dcc5ad1fbb20f8de60b3684e.swf, status: 2) 