ClientError: Thu Jan 9 16:54:52 GMT+0300 2020 [CRITICAL] [house] *Uncaught Error* ErrorId: 1010 ErrorName: TypeError ErrorMessage:Error #1010 ErrorStackTrace:TypeError: Error #1010
	at _-1u9::URL/parse()
	at _-1u9::URL()
	at _-18R::LoadingItem()
	at _-18R::SWFLoadingItem()
	at _-0bS::MassLoader/add()
	at _-0bS::MassLoader/_-2R5()
	at flash.events::EventDispatcher/dispatchEvent()
	at _-18R::LoadingItem/_-1Iu()
	at _-18R::LoadingItem/onError()
	at _-18R::SWFLoadingItem/onError()
	at flash.events::EventDispatcher/dispatchEvent()
	at flash.net::URLLoader/onComplete()
Thu Jan 9 16:54:50 GMT+0300 2020 [INFO] Server said: 34: ["b.ingld", {ingld: 1500}]
Thu Jan 9 16:54:50 GMT+0300 2020 [INFO] Server said: 34: ["ntf.res", {res: {gld: 6870, enrg: 500, emd: 0, slvr: 15000}}]
Thu Jan 9 16:54:50 GMT+0300 2020 [INFO] [YandexMetrics.reachGoal] Call reach goal 'click_buy_product' for counter 31321471
Thu Jan 9 16:54:50 GMT+0300 2020 [INFO] Client said: 34: [null, "b.chkprchs", {prid: "pack1500", qnt: 1, pmnt: null}]
Thu Jan 9 16:54:49 GMT+0300 2020 [INFO] [YandexMetrics.reachGoal] Call reach goal 'show_payment_dialog' for counter 31321471
Thu Jan 9 16:54:47 GMT+0300 2020 [INFO] Server said: 34: ["b.ingld", {ingld: 1500}]
Thu Jan 9 16:54:47 GMT+0300 2020 [INFO] Server said: 34: ["ntf.res", {res: {gld: 5370, enrg: 500, emd: 0, slvr: 15000}}]
Thu Jan 9 16:54:47 GMT+0300 2020 [INFO] [YandexMetrics.reachGoal] Call reach goal 'click_buy_product' for counter 31321471
Thu Jan 9 16:54:47 GMT+0300 2020 [INFO] Client said: 34: [null, "b.chkprchs", {prid: "pack1500", qnt: 1, pmnt: null}]
Thu Jan 9 16:54:46 GMT+0300 2020 [INFO] [YandexMetrics.reachGoal] Call reach goal 'show_payment_dialog' for counter 31321471
Thu Jan 9 16:54:44 GMT+0300 2020 [INFO] Server said: 34: ["b.ingld", {ingld: 1500}]
Thu Jan 9 16:54:44 GMT+0300 2020 [INFO] Server said: 34: ["ntf.res", {res: {gld: 3870, enrg: 500, emd: 0, slvr: 15000}}]
Thu Jan 9 16:54:43 GMT+0300 2020 [INFO] [YandexMetrics.reachGoal] Call reach goal 'click_buy_product' for counter 31321471
Thu Jan 9 16:54:43 GMT+0300 2020 [INFO] Client said: 34: [null, "b.chkprchs", {prid: "pack1500", qnt: 1, pmnt: null}]
Thu Jan 9 16:54:42 GMT+0300 2020 [INFO] [YandexMetrics.reachGoal] Call reach goal 'show_payment_dialog' for counter 31321471
Thu Jan 9 16:53:35 GMT+0300 2020 [INFO] Server said: 34: ["h.r.ra", {plr: {pf: {pf: {phtghr: {tp: "phtghr", l: 20, pgs: 0}, vsgst: {tp: "vsgst", l: 20, pgs: 0}, grdnr: {tp: "grdnr", l: 20, pgs: 0}, jntr: {tp: "jntr", l: 20, pgs: 0}}}, uid: "114", apprnc: {ec: 3, shc: 1, fft: 0, nct: 0, g: 1, rg: 0, fac: 1, ht: 86, ssc: 1, sh: 0, mc: 4, bc: 1, ss: 0, n: "KASPERjetem", hc: 1, mt: 1, sc: 2, pt: 0, brt: 1, rc: 1, bt: 0, fat: 0, et: 5, pc: 1, brc: 1}, usrinf: {rl: 0}, mbm: {ac: null, sk: "blackMobileSkin"}, locinfo: {x: 4.05, s: "127.0.0.1", shlc: true, y: 0.1, at: "", st: 0, pl: "", d: 4, l: "house_114_livingroom"}, ci: {sbrt: 0, vip: true, spp: 0, vfgc: 0, rpt: 0, sbid: null, gtrfrd: 0, exp: 85800, actrt: 0, vsexp: 1965298000, trid: null, ys: 0, lwts: 0, cmid: 0, lvt: 1578577876, hrt: 174, vexp: 1965298000, skid: null, plcmt: {}, ysct: 0, trcd: 0, rtrtm: 0, crt: 2178, vret: 0, skrt: 0, vsact: true, kyktid: null, bcld: 0, compid: 0, actrd: 0, as: null, actrp: 0, crst: 0, ceid: 0, shousd: false, strfrd: 0, lgt: 0, tts: null, pamns: {amn: []}, eml: null, fak: null, fexp: 0, lrnt: 0, dr: true, gdc: 0, shcr: true}, clths: {clths: [{tpid: "boyNY20VKGiftPllvChrst", clid: null}, {tpid: "boyShoes8", clid: null}, {tpid: "boyNY15Vst", clid: null}, {tpid: "boyPants10", clid: null}]}}}]
Thu Jan 9 16:53:34 GMT+0300 2020 [INFO] Client said: 34: ["house_114_livingroom", "h.r.ra", {}]
Thu Jan 9 16:53:34 GMT+0300 2020 [INFO] Server said: 34: ["a.clths.buy", {res: {gld: 2370, enrg: 500, emd: 0, slvr: 15000}, ccltn: {cn: "", cct: ["boyNY20VKGiftPllvChrst", "boyShoes8", "boyNY15Vst", "boyPants10"], ctp: "casual"}, crt: 2178, clths: {clths: [{tpid: "boyNY20VKGiftPllvChrst", clid: null}, {tpid: "boyShoes8", clid: null}, {tpid: "boyNY15Vst", clid: null}, {tpid: "boyPants10", clid: null}]}, inv: {c: {act: {it: [], id: "act"}, gm: {it: [{tid: "blackMobileSkin", c: 1, iid: ""}], id: "gm"}, frn: {it: [], id: "frn"}, lt: {it: [], id: "lt"}, cls: {it: [{tid: "boyUnderdress1", c: 1, iid: ""}, {tid: "boyShirt14", c: 1, iid: ""}, {tid: "boyNY15Tsht", c: 1, iid: ""}, {tid: "boySP14Tsht", c: 1, iid: ""}, {tid: "boyNY20VKGiftPllvDr", c: 1, iid: ""}], id: "cls"}}}}]
Thu Jan 9 16:53:34 GMT+0300 2020 [INFO] Client said: 34: [null, "a.clths.buy", {tpid: "boyNY20VKGiftPllvChrst", pind: 1, ctp: "casual"}]
Thu Jan 9 16:53:04 GMT+0300 2020 [INFO] Server said: 34: ["h.r.ra", {plr: {pf: {pf: {phtghr: {tp: "phtghr", l: 20, pgs: 0}, vsgst: {tp: "vsgst", l: 20, pgs: 0}, grdnr: {tp: "grdnr", l: 20, pgs: 0}, jntr: {tp: "jntr", l: 20, pgs: 0}}}, uid: "114", apprnc: {ec: 3, shc: 1, fft: 0, nct: 0, g: 1, rg: 0, fac: 1, ht: 86, ssc: 1, sh: 0, mc: 4, bc: 1, ss: 0, n: "KASPERjetem", hc: 1, mt: 1, sc: 2, pt: 0, brt: 1, rc: 1, bt: 0, fat: 0, et: 5, pc: 1, brc: 1}, usrinf: {rl: 0}, mbm: {ac: null, sk: "blackMobileSkin"}, locinfo: {x: 4.05, s: "127.0.0.1", shlc: true, y: 0.1, at: "", st: 0, pl: "", d: 4, l: "house_114_livingroom"}, ci: {sbrt: 0, vip: true, spp: 0, vfgc: 0, rpt: 0, sbid: null, gtrfrd: 0, exp: 85800, actrt: 0, vsexp: 1965298000, trid: null, ys: 0, lwts: 0, cmid: 0, lvt: 1578577876, hrt: 174, vexp: 1965298000, skid: null, plcmt: {}, ysct: 0, trcd: 0, rtrtm: 0, crt: 1858, vret: 0, skrt: 0, vsact: true, kyktid: null, bcld: 0, compid: 0, actrd: 0, as: null, actrp: 0, crst: 0, ceid: 0, shousd: false, strfrd: 0, lgt: 0, tts: null, pamns: {amn: []}, eml: null, fak: null, fexp: 0, lrnt: 0, dr: true, gdc: 0, shcr: true}, clths: {clths: [{tpid: "boyNY20VKGiftPllvDr", clid: null}, {tpid: "boyShoes8", clid: null}, {tpid: "boyNY15Vst", clid: null}, {tpid: "boyPants10", clid: null}]}}}]
Thu Jan 9 16:53:03 GMT+0300 2020 [INFO] Client said: 34: ["house_114_livingroom", "h.r.ra", {}]
Thu Jan 9 16:53:03 GMT+0300 2020 [INFO] Server said: 34: ["a.clths.buy", {res: {gld: 2450, enrg: 500, emd: 0, slvr: 15000}, ccltn: {cn: "", cct: ["boyNY20VKGiftPllvDr", "boyShoes8", "boyNY15Vst", "boyPants10"], ctp: "casual"}, crt: 1858, clths: {clths: [{tpid: "boyNY20VKGiftPllvDr", clid: null}, {tpid: "boyShoes8", clid: null}, {tpid: "boyNY15Vst", clid: null}, {tpid: "boyPants10", clid: null}]}, inv: {c: {act: {it: [], id: "act"}, gm: {it: [{tid: "blackMobileSkin", c: 1, iid: ""}], id: "gm"}, frn: {it: [], id: "frn"}, lt: {it: [], id: "lt"}, cls: {it: [{tid: "boyUnderdress1", c: 1, iid: ""}, {tid: "boyShirt14", c: 1, iid: ""}, {tid: "boyNY15Tsht", c: 1, iid: ""}, {tid: "boySP14Tsht", c: 1, iid: ""}], id: "cls"}}}}]
Thu Jan 9 16:53:03 GMT+0300 2020 [INFO] Client said: 34: [null, "a.clths.buy", {tpid: "boyNY20VKGiftPllvDr", pind: 1, ctp: "casual"}]
Thu Jan 9 16:52:59 GMT+0300 2020 [INFO] Server said: 34: ["h.r.ra", {plr: {pf: {pf: {phtghr: {tp: "phtghr", l: 20, pgs: 0}, vsgst: {tp: "vsgst", l: 20, pgs: 0}, grdnr: {tp: "grdnr", l: 20, pgs: 0}, jntr: {tp: "jntr", l: 20, pgs: 0}}}, uid: "114", apprnc: {ec: 3, shc: 1, fft: 0, nct: 0, g: 1, rg: 0, fac: 1, ht: 86, ssc: 1, sh: 0, mc: 4, bc: 1, ss: 0, n: "KASPERjetem", hc: 1, mt: 1, sc: 2, pt: 0, brt: 1, rc: 1, bt: 0, fat: 0, et: 5, pc: 1, brc: 1}, usrinf: {rl: 0}, mbm: {ac: null, sk: "blackMobileSkin"}, locinfo: {x: 4.05, s: "127.0.0.1", shlc: true, y: 0.1, at: "", st: 0, pl: "", d: 4, l: "house_114_livingroom"}, ci: {sbrt: 0, vip: true, spp: 0, vfgc: 0, rpt: 0, sbid: null, gtrfrd: 0, exp: 85800, actrt: 0, vsexp: 1965298000, trid: null, ys: 0, lwts: 0, cmid: 0, lvt: 1578577876, hrt: 174, vexp: 1965298000, skid: null, plcmt: {}, ysct: 0, trcd: 0, rtrtm: 0, crt: 1618, vret: 0, skrt: 0, vsact: true, kyktid: null, bcld: 0, compid: 0, actrd: 0, as: null, actrp: 0, crst: 0, ceid: 0, shousd: false, strfrd: 0, lgt: 0, tts: null, pamns: {amn: []}, eml: null, fak: null, fexp: 0, lrnt: 0, dr: true, gdc: 0, shcr: true}, clths: {clths: [{tpid: "boyShoes8", clid: null}, {tpid: "boyNY15Vst", clid: null}, {tpid: "boySP14Tsht", clid: null}, {tpid: "boyPants10", clid: null}]}}}]
Thu Jan 9 16:52:58 GMT+0300 2020 [INFO] Client said: 34: ["house_114_livingroom", "h.r.ra", {}]
Thu Jan 9 16:52:58 GMT+0300 2020 [INFO] Server said: 34: ["a.clths.buy", {res: {gld: 2510, enrg: 500, emd: 0, slvr: 15000}, ccltn: {cn: "", cct: ["boyShoes8", "boyNY15Vst", "boySP14Tsht", "boyPants10"], ctp: "casual"}, crt: 1618, clths: {clths: [{tpid: "boyShoes8", clid: null}, {tpid: "boyNY15Vst", clid: null}, {tpid: "boySP14Tsht", clid: null}, {tpid: "boyPants10", clid: null}]}, inv: {c: {act: {it: [], id: "act"}, gm: {it: [{tid: "blackMobileSkin", c: 1, iid: ""}], id: "gm"}, frn: {it: [], id: "frn"}, lt: {it: [], id: "lt"}, cls: {it: [{tid: "boyUnderdress1", c: 1, iid: ""}, {tid: "boyShirt14", c: 1, iid: ""}, {tid: "boyNY15Tsht", c: 1, iid: ""}], id: "cls"}}}}]
Thu Jan 9 16:52:58 GMT+0300 2020 [INFO] Client said: 34: [null, "a.clths.buy", {tpid: "boyNY15Vst", pind: 1, ctp: "casual"}]
Thu Jan 9 16:52:55 GMT+0300 2020 [INFO] Server said: 34: ["h.r.ra", {plr: {pf: {pf: {phtghr: {tp: "phtghr", l: 20, pgs: 0}, vsgst: {tp: "vsgst", l: 20, pgs: 0}, grdnr: {tp: "grdnr", l: 20, pgs: 0}, jntr: {tp: "jntr", l: 20, pgs: 0}}}, uid: "114", apprnc: {ec: 3, shc: 1, fft: 0, nct: 0, g: 1, rg: 0, fac: 1, ht: 86, ssc: 1, sh: 0, mc: 4, bc: 1, ss: 0, n: "KASPERjetem", hc: 1, mt: 1, sc: 2, pt: 0, brt: 1, rc: 1, bt: 0, fat: 0, et: 5, pc: 1, brc: 1}, usrinf: {rl: 0}, mbm: {ac: null, sk: "blackMobileSkin"}, locinfo: {x: 4.05, s: "127.0.0.1", shlc: true, y: 0.1, at: "", st: 0, pl: "", d: 4, l: "house_114_livingroom"}, ci: {sbrt: 0, vip: true, spp: 0, vfgc: 0, rpt: 0, sbid: null, gtrfrd: 0, exp: 85800, actrt: 0, vsexp: 1965298000, trid: null, ys: 0, lwts: 0, cmid: 0, lvt: 1578577876, hrt: 174, vexp: 1965298000, skid: null, plcmt: {}, ysct: 0, trcd: 0, rtrtm: 0, crt: 1118, vret: 0, skrt: 0, vsact: true, kyktid: null, bcld: 0, compid: 0, actrd: 0, as: null, actrp: 0, crst: 0, ceid: 0, shousd: false, strfrd: 0, lgt: 0, tts: null, pamns: {amn: []}, eml: null, fak: null, fexp: 0, lrnt: 0, dr: true, gdc: 0, shcr: true}, clths: {clths: [{tpid: "boyShoes8", clid: null}, {tpid: "boySP14Tsht", clid: null}, {tpid: "boyPants10", clid: null}]}}}]
Thu Jan 9 16:52:54 GMT+0300 2020 [INFO] Client said: 34: ["house_114_livingroom", "h.r.ra", {}]
Thu Jan 9 16:52:54 GMT+0300 2020 [INFO] Server said: 34: ["a.clths.buy", {res: {gld: 2630, enrg: 500, emd: 0, slvr: 15000}, ccltn: {cn: "", cct: ["boyShoes8", "boySP14Tsht", "boyPants10"], ctp: "casual"}, crt: 1118, clths: {clths: [{tpid: "boyShoes8", clid: null}, {tpid: "boySP14Tsht", clid: null}, {tpid: "boyPants10", clid: null}]}, inv: {c: {act: {it: [], id: "act"}, gm: {it: [{tid: "blackMobileSkin", c: 1, iid: ""}], id: "gm"}, frn: {it: [], id: "frn"}, lt: {it: [], id: "lt"}, cls: {it: [{tid: "boyUnderdress1", c: 1, iid: ""}, {tid: "boyShirt14", c: 1, iid: ""}, {tid: "boyNY15Tsht", c: 1, iid: ""}], id: "cls"}}}}]
Thu Jan 9 16:52:54 GMT+0300 2020 [INFO] Client said: 34: [null, "a.clths.buy", {tpid: "boySP14Tsht", pind: 1, ctp: "casual"}]
Thu Jan 9 16:52:51 GMT+0300 2020 [INFO] Server said: 34: ["h.r.ra", {plr: {pf: {pf: {phtghr: {tp: "phtghr", l: 20, pgs: 0}, vsgst: {tp: "vsgst", l: 20, pgs: 0}, grdnr: {tp: "grdnr", l: 20, pgs: 0}, jntr: {tp: "jntr", l: 20, pgs: 0}}}, uid: "114", apprnc: {ec: 3, shc: 1, fft: 0, nct: 0, g: 1, rg: 0, fac: 1, ht: 86, ssc: 1, sh: 0, mc: 4, bc: 1, ss: 0, n: "KASPERjetem", hc: 1, mt: 1, sc: 2, pt: 0, brt: 1, rc: 1, bt: 0, fat: 0, et: 5, pc: 1, brc: 1}, usrinf: {rl: 0}, mbm: {ac: null, sk: "blackMobileSkin"}, locinfo: {x: 4.05, s: "127.0.0.1", shlc: true, y: 0.1, at: "", st: 0, pl: "", d: 4, l: "house_114_livingroom"}, ci: {sbrt: 0, vip: true, spp: 0, vfgc: 0, rpt: 0, sbid: null, gtrfrd: 0, exp: 85800, actrt: 0, vsexp: 1965298000, trid: null, ys: 0, lwts: 0, cmid: 0, lvt: 1578577876, hrt: 174, vexp: 1965298000, skid: null, plcmt: {}, ysct: 0, trcd: 0, rtrtm: 0, crt: 368, vret: 0, skrt: 0, vsact: true, kyktid: null, bcld: 0, compid: 0, actrd: 0, as: null, actrp: 0, crst: 0, ceid: 0, shousd: false, strfrd: 0, lgt: 0, tts: null, pamns: {amn: []}, eml: null, fak: null, fexp: 0, lrnt: 0, dr: true, gdc: 0, shcr: true}, clths: {clths: [{tpid: "boyShoes8", clid: null}, {tpid: "boyNY15Tsht", clid: null}, {tpid: "boyPants10", clid: null}]}}}]
Thu Jan 9 16:52:49 GMT+0300 2020 [INFO] Client said: 34: ["house_114_livingroom", "h.r.ra", {}]
Thu Jan 9 16:52:49 GMT+0300 2020 [INFO] Server said: 34: ["a.clths.buy", {res: {gld: 2930, enrg: 500, emd: 0, slvr: 15000}, ccltn: {cn: "", cct: ["boyShoes8", "boyNY15Tsht", "boyPants10"], ctp: "casual"}, crt: 368, clths: {clths: [{tpid: "boyShoes8", clid: null}, {tpid: "boyNY15Tsht", clid: null}, {tpid: "boyPants10", clid: null}]}, inv: {c: {act: {it: [], id: "act"}, gm: {it: [{tid: "blackMobileSkin", c: 1, iid: ""}], id: "gm"}, frn: {it: [], id: "frn"}, lt: {it: [], id: "lt"}, cls: {it: [{tid: "boyUnderdress1", c: 1, iid: ""}, {tid: "boyShirt14", c: 1, iid: ""}], id: "cls"}}}}]
Thu Jan 9 16:52:49 GMT+0300 2020 [INFO] Client said: 34: [null, "a.clths.buy", {tpid: "boyNY15Tsht", pind: 1, ctp: "casual"}]
Thu Jan 9 16:52:39 GMT+0300 2020 [INFO] Server said: 34: ["b.inslv", {inslv: 5000}]
Thu Jan 9 16:52:39 GMT+0300 2020 [INFO] Server said: 34: ["ntf.res", {res: {gld: 3050, enrg: 500, emd: 0, slvr: 15000}}]
Thu Jan 9 16:52:39 GMT+0300 2020 [INFO] Client said: 34: [null, "b.bs", {gld: 50}]