ClientError: Thu Jan 9 16:55:55 GMT+0300 2020 [CRITICAL] [house] *Uncaught Error* ErrorId: 1010 ErrorName: TypeError ErrorMessage:Error #1010 ErrorStackTrace:TypeError: Error #1010
	at _-1u9::URL/parse()
	at _-1u9::URL()
	at _-18R::LoadingItem()
	at _-18R::SWFLoadingItem()
	at _-0bS::MassLoader/add()
	at _-0bS::MassLoader/_-2R5()
	at flash.events::EventDispatcher/dispatchEvent()
	at _-18R::LoadingItem/_-1Iu()
	at _-18R::LoadingItem/onError()
	at _-18R::SWFLoadingItem/onError()
	at flash.events::EventDispatcher/dispatchEvent()
	at flash.net::URLLoader/onComplete()
Thu Jan 9 16:55:47 GMT+0300 2020 [INFO] Server said: 34: ["b.ingld", {ingld: 1500}]
Thu Jan 9 16:55:46 GMT+0300 2020 [INFO] Server said: 34: ["ntf.res", {res: {gld: 15870, enrg: 500, emd: 0, slvr: 15000}}]
Thu Jan 9 16:55:46 GMT+0300 2020 [INFO] [YandexMetrics.reachGoal] Call reach goal 'click_buy_product' for counter 31321471
Thu Jan 9 16:55:46 GMT+0300 2020 [INFO] Client said: 34: [null, "b.chkprchs", {prid: "pack1500", qnt: 1, pmnt: null}]
Thu Jan 9 16:55:45 GMT+0300 2020 [INFO] [YandexMetrics.reachGoal] Call reach goal 'show_payment_dialog' for counter 31321471
Thu Jan 9 16:55:42 GMT+0300 2020 [INFO] Server said: 34: ["b.ingld", {ingld: 1500}]
Thu Jan 9 16:55:42 GMT+0300 2020 [INFO] Server said: 34: ["ntf.res", {res: {gld: 14370, enrg: 500, emd: 0, slvr: 15000}}]
Thu Jan 9 16:55:42 GMT+0300 2020 [INFO] [YandexMetrics.reachGoal] Call reach goal 'click_buy_product' for counter 31321471
Thu Jan 9 16:55:42 GMT+0300 2020 [INFO] Client said: 34: [null, "b.chkprchs", {prid: "pack1500", qnt: 1, pmnt: null}]
Thu Jan 9 16:55:41 GMT+0300 2020 [INFO] [YandexMetrics.reachGoal] Call reach goal 'show_payment_dialog' for counter 31321471
Thu Jan 9 16:55:26 GMT+0300 2020 [INFO] Client said: 34: [null, "psp.pspdr", {dr: false}]
Thu Jan 9 16:55:17 GMT+0300 2020 [INFO] Client said: 34: ["house_114_livingroom", "h.r.u", {x: 4.05, d: 4, uid: "114", y: 0.1, st: 5}]
Thu Jan 9 16:55:08 GMT+0300 2020 [INFO] Server said: 34: ["b.ingld", {ingld: 1500}]
Thu Jan 9 16:55:08 GMT+0300 2020 [INFO] Server said: 34: ["ntf.res", {res: {gld: 12870, enrg: 500, emd: 0, slvr: 15000}}]
Thu Jan 9 16:55:08 GMT+0300 2020 [INFO] [YandexMetrics.reachGoal] Call reach goal 'click_buy_product' for counter 31321471
Thu Jan 9 16:55:08 GMT+0300 2020 [INFO] Client said: 34: [null, "b.chkprchs", {prid: "pack1500", qnt: 1, pmnt: null}]
Thu Jan 9 16:55:07 GMT+0300 2020 [INFO] [YandexMetrics.reachGoal] Call reach goal 'show_payment_dialog' for counter 31321471