ClientError: Thu Jan 9 18:31:19 GMT+0300 2020 [CRITICAL] [house] *Uncaught Error* ErrorId: 1010 ErrorName: TypeError ErrorMessage:Error #1010 ErrorStackTrace:TypeError: Error #1010
	at _-1u9::URL/parse()
	at _-1u9::URL()
	at _-18R::LoadingItem()
	at _-18R::SWFLoadingItem()
	at _-0bS::MassLoader/add()
	at _-0bS::MassLoader/_-2R5()
	at flash.events::EventDispatcher/dispatchEvent()
	at _-18R::LoadingItem/_-1Iu()
	at _-18R::LoadingItem/onError()
	at _-18R::SWFLoadingItem/onError()
	at flash.events::EventDispatcher/dispatchEvent()
	at flash.net::URLLoader/onComplete()
Thu Jan 9 18:25:13 GMT+0300 2020 [INFO] Server said: 34: ["h.r.ra", {plr: {apprnc: {ht: 131, pc: 1, fat: 0, rc: 1, bt: 0, g: 2, fft: 0, sh: 0, rg: 0, mt: 4, mc: 3, n: "SESTRENKA", et: 1, shc: 1, ec: 2, pt: 0, fac: 1, ssc: 1, hc: 1, bc: 1, brc: 5, nct: 0, ss: 0, brt: 7, sc: 1}, clths: {clths: [{tpid: "girlPntsWnt19Pnk", clid: null}, {tpid: "grlLmnTSht", clid: null}, {tpid: "csl15GCGJck", clid: null}, {tpid: "csl15GNdShs", clid: null}]}, ci: {actrd: 0, kyktid: null, vfgc: 0, cmid: 0, trcd: 0, crt: 322, actrp: 0, gtrfrd: 0, sbrt: 0, ys: 0, vret: 0, lvt: 1578582660, bcld: 0, vexp: 1965298000, rpt: 0, vip: true, plcmt: {}, eml: null, compid: 0, lrnt: 0, ceid: 0, sbid: null, vsexp: 1965298000, skid: null, fexp: 0, trid: null, spp: 0, lgt: 0, lwts: 0, shousd: false, as: null, strfrd: 0, pamns: {amn: []}, dr: true, crst: 0, hrt: 174, fak: null, ysct: 0, shcr: true, vsact: true, exp: 85800, tts: null, actrt: 0, rtrtm: 0, gdc: 0, skrt: 0}, locinfo: {at: "", s: "127.0.0.1", y: 6.44, x: 5.13, d: 4, st: 23, pl: "", l: "house_834_livingroom", shlc: true}, usrinf: {rl: 0}, pf: {pf: {grdnr: {tp: "grdnr", l: 20, pgs: 0}, phtghr: {tp: "phtghr", l: 20, pgs: 0}, jntr: {tp: "jntr", l: 20, pgs: 0}, vsgst: {tp: "vsgst", l: 20, pgs: 0}}}, uid: "834", mbm: {sk: "blackMobileSkin", ac: null}}}]
Thu Jan 9 18:25:09 GMT+0300 2020 [INFO] Client said: 34: ["house_834_livingroom", "h.r.ra", {}]
Thu Jan 9 18:25:09 GMT+0300 2020 [INFO] Server said: 34: ["a.clths.buy", {clths: {clths: [{tpid: "girlPntsWnt19Pnk", clid: null}, {tpid: "grlLmnTSht", clid: null}, {tpid: "csl15GCGJck", clid: null}, {tpid: "csl15GNdShs", clid: null}]}, res: {emd: 0, slvr: 9100, enrg: 500, gld: 4479}, inv: {c: {gm: {it: [{tid: "blackMobileSkin", c: 1, iid: ""}], id: "gm"}, act: {it: [], id: "act"}, frn: {it: [], id: "frn"}, lt: {it: [], id: "lt"}, cls: {it: [{tid: "girlUnderdress1", c: 1, iid: ""}, {tid: "girlUnderdress2", c: 1, iid: ""}, {tid: "girlShirt12", c: 1, iid: ""}, {tid: "girlPants9", c: 1, iid: ""}, {tid: "girlShoes14", c: 1, iid: ""}], id: "cls"}}}, crt: 322, ccltn: {ctp: "casual", cn: "", cct: ["girlPntsWnt19Pnk", "grlLmnTSht", "csl15GCGJck", "csl15GNdShs"]}}]
Thu Jan 9 18:25:05 GMT+0300 2020 [INFO] Client said: 34: [null, "a.clths.buy", {tpid: "csl15GNdShs", ctp: "casual", pind: 2}]
Thu Jan 9 18:23:58 GMT+0300 2020 [INFO] Server said: 34: ["h.r.ra", {plr: {apprnc: {ht: 131, pc: 1, fat: 0, rc: 1, bt: 0, g: 2, fft: 0, sh: 0, rg: 0, mt: 4, mc: 3, n: "SESTRENKA", et: 1, shc: 1, ec: 2, pt: 0, fac: 1, ssc: 1, hc: 1, bc: 1, brc: 5, nct: 0, ss: 0, brt: 7, sc: 1}, clths: {clths: [{tpid: "girlPntsWnt19Pnk", clid: null}, {tpid: "girlShoes14", clid: null}, {tpid: "csl15GCGJck", clid: null}, {tpid: "grlLmnTSht", clid: null}]}, ci: {actrd: 0, kyktid: null, vfgc: 0, cmid: 0, trcd: 0, crt: 313, actrp: 0, gtrfrd: 0, sbrt: 0, ys: 0, vret: 0, lvt: 1578582660, bcld: 0, vexp: 1965298000, rpt: 0, vip: true, plcmt: {}, eml: null, compid: 0, lrnt: 0, ceid: 0, sbid: null, vsexp: 1965298000, skid: null, fexp: 0, trid: null, spp: 0, lgt: 0, lwts: 0, shousd: false, as: null, strfrd: 0, pamns: {amn: []}, dr: true, crst: 0, hrt: 174, fak: null, ysct: 0, shcr: true, vsact: true, exp: 85800, tts: null, actrt: 0, rtrtm: 0, gdc: 0, skrt: 0}, locinfo: {at: "", s: "127.0.0.1", y: 6.44, x: 5.13, d: 4, st: 23, pl: "", l: "house_834_livingroom", shlc: true}, usrinf: {rl: 0}, pf: {pf: {grdnr: {tp: "grdnr", l: 20, pgs: 0}, phtghr: {tp: "phtghr", l: 20, pgs: 0}, jntr: {tp: "jntr", l: 20, pgs: 0}, vsgst: {tp: "vsgst", l: 20, pgs: 0}}}, uid: "834", mbm: {sk: "blackMobileSkin", ac: null}}}]
Thu Jan 9 18:23:56 GMT+0300 2020 [INFO] Client said: 34: ["house_834_livingroom", "h.r.ra", {}]
Thu Jan 9 18:23:56 GMT+0300 2020 [INFO] Server said: 34: ["a.clths.buy", {clths: {clths: [{tpid: "girlPntsWnt19Pnk", clid: null}, {tpid: "girlShoes14", clid: null}, {tpid: "csl15GCGJck", clid: null}, {tpid: "grlLmnTSht", clid: null}]}, res: {emd: 0, slvr: 10000, enrg: 500, gld: 4479}, inv: {c: {gm: {it: [{tid: "blackMobileSkin", c: 1, iid: ""}], id: "gm"}, act: {it: [], id: "act"}, frn: {it: [], id: "frn"}, lt: {it: [], id: "lt"}, cls: {it: [{tid: "girlUnderdress1", c: 1, iid: ""}, {tid: "girlUnderdress2", c: 1, iid: ""}, {tid: "girlShirt12", c: 1, iid: ""}, {tid: "girlPants9", c: 1, iid: ""}], id: "cls"}}}, crt: 313, ccltn: {ctp: "casual", cn: "", cct: ["girlPntsWnt19Pnk", "girlShoes14", "csl15GCGJck", "grlLmnTSht"]}}]
Thu Jan 9 18:23:48 GMT+0300 2020 [INFO] Client said: 34: [null, "a.clths.buy", {tpid: "csl15GCGJck", ctp: "casual", pind: 1}]
Thu Jan 9 18:23:12 GMT+0300 2020 [INFO] Server said: 34: ["h.r.ra", {plr: {apprnc: {ht: 131, pc: 1, fat: 0, rc: 1, bt: 0, g: 2, fft: 0, sh: 0, rg: 0, mt: 4, mc: 3, n: "SESTRENKA", et: 1, shc: 1, ec: 2, pt: 0, fac: 1, ssc: 1, hc: 1, bc: 1, brc: 5, nct: 0, ss: 0, brt: 7, sc: 1}, clths: {clths: [{tpid: "girlPntsWnt19Pnk", clid: null}, {tpid: "girlShoes14", clid: null}, {tpid: "grlLmnTSht", clid: null}]}, ci: {actrd: 0, kyktid: null, vfgc: 0, cmid: 0, trcd: 0, crt: 213, actrp: 0, gtrfrd: 0, sbrt: 0, ys: 0, vret: 0, lvt: 1578582660, bcld: 0, vexp: 1965298000, rpt: 0, vip: true, plcmt: {}, eml: null, compid: 0, lrnt: 0, ceid: 0, sbid: null, vsexp: 1965298000, skid: null, fexp: 0, trid: null, spp: 0, lgt: 0, lwts: 0, shousd: false, as: null, strfrd: 0, pamns: {amn: []}, dr: true, crst: 0, hrt: 174, fak: null, ysct: 0, shcr: true, vsact: true, exp: 85800, tts: null, actrt: 0, rtrtm: 0, gdc: 0, skrt: 0}, locinfo: {at: "", s: "127.0.0.1", y: 6.44, x: 5.13, d: 4, st: 23, pl: "", l: "house_834_livingroom", shlc: true}, usrinf: {rl: 0}, pf: {pf: {grdnr: {tp: "grdnr", l: 20, pgs: 0}, phtghr: {tp: "phtghr", l: 20, pgs: 0}, jntr: {tp: "jntr", l: 20, pgs: 0}, vsgst: {tp: "vsgst", l: 20, pgs: 0}}}, uid: "834", mbm: {sk: "blackMobileSkin", ac: null}}}]
Thu Jan 9 18:23:09 GMT+0300 2020 [INFO] Client said: 34: ["house_834_livingroom", "h.r.ra", {}]
Thu Jan 9 18:23:09 GMT+0300 2020 [INFO] Server said: 34: ["a.clths.buy", {clths: {clths: [{tpid: "girlPntsWnt19Pnk", clid: null}, {tpid: "girlShoes14", clid: null}, {tpid: "grlLmnTSht", clid: null}]}, res: {emd: 0, slvr: 10000, enrg: 500, gld: 4519}, inv: {c: {gm: {it: [{tid: "blackMobileSkin", c: 1, iid: ""}], id: "gm"}, act: {it: [], id: "act"}, frn: {it: [], id: "frn"}, lt: {it: [], id: "lt"}, cls: {it: [{tid: "girlUnderdress1", c: 1, iid: ""}, {tid: "girlUnderdress2", c: 1, iid: ""}, {tid: "girlShirt12", c: 1, iid: ""}, {tid: "girlPants9", c: 1, iid: ""}], id: "cls"}}}, crt: 213, ccltn: {ctp: "casual", cn: "", cct: ["girlPntsWnt19Pnk", "girlShoes14", "grlLmnTSht"]}}]
Thu Jan 9 18:23:05 GMT+0300 2020 [INFO] Client said: 34: [null, "a.clths.buy", {tpid: "girlPntsWnt19Pnk", ctp: "casual", pind: 1}]
Thu Jan 9 18:22:02 GMT+0300 2020 [INFO] Server said: 34: ["h.r.ra", {plr: {apprnc: {ht: 131, pc: 1, fat: 0, rc: 1, bt: 0, g: 2, fft: 0, sh: 0, rg: 0, mt: 4, mc: 3, n: "SESTRENKA", et: 1, shc: 1, ec: 2, pt: 0, fac: 1, ssc: 1, hc: 1, bc: 1, brc: 5, nct: 0, ss: 0, brt: 7, sc: 1}, clths: {clths: [{tpid: "girlPants9", clid: null}, {tpid: "girlShoes14", clid: null}, {tpid: "grlLmnTSht", clid: null}]}, ci: {actrd: 0, kyktid: null, vfgc: 0, cmid: 0, trcd: 0, crt: 135, actrp: 0, gtrfrd: 0, sbrt: 0, ys: 0, vret: 0, lvt: 1578582660, bcld: 0, vexp: 1965298000, rpt: 0, vip: true, plcmt: {}, eml: null, compid: 0, lrnt: 0, ceid: 0, sbid: null, vsexp: 1965298000, skid: null, fexp: 0, trid: null, spp: 0, lgt: 0, lwts: 0, shousd: false, as: null, strfrd: 0, pamns: {amn: []}, dr: true, crst: 0, hrt: 174, fak: null, ysct: 0, shcr: true, vsact: true, exp: 85800, tts: null, actrt: 0, rtrtm: 0, gdc: 0, skrt: 0}, locinfo: {at: "", s: "127.0.0.1", y: 6.44, x: 5.13, d: 4, st: 23, pl: "", l: "house_834_livingroom", shlc: true}, usrinf: {rl: 0}, pf: {pf: {grdnr: {tp: "grdnr", l: 20, pgs: 0}, phtghr: {tp: "phtghr", l: 20, pgs: 0}, jntr: {tp: "jntr", l: 20, pgs: 0}, vsgst: {tp: "vsgst", l: 20, pgs: 0}}}, uid: "834", mbm: {sk: "blackMobileSkin", ac: null}}}]
Thu Jan 9 18:21:58 GMT+0300 2020 [INFO] Client said: 34: ["house_834_livingroom", "h.r.ra", {}]
Thu Jan 9 18:21:58 GMT+0300 2020 [INFO] Server said: 34: ["a.clths.buy", {clths: {clths: [{tpid: "girlPants9", clid: null}, {tpid: "girlShoes14", clid: null}, {tpid: "grlLmnTSht", clid: null}]}, res: {emd: 0, slvr: 10000, enrg: 500, gld: 4550}, inv: {c: {gm: {it: [{tid: "blackMobileSkin", c: 1, iid: ""}], id: "gm"}, act: {it: [], id: "act"}, frn: {it: [], id: "frn"}, lt: {it: [], id: "lt"}, cls: {it: [{tid: "girlUnderdress1", c: 1, iid: ""}, {tid: "girlUnderdress2", c: 1, iid: ""}, {tid: "girlShirt12", c: 1, iid: ""}], id: "cls"}}}, crt: 135, ccltn: {ctp: "casual", cn: "", cct: ["girlPants9", "girlShoes14", "grlLmnTSht"]}}]
Thu Jan 9 18:21:50 GMT+0300 2020 [INFO] Client said: 34: [null, "a.clths.buy", {tpid: "grlLmnTSht", ctp: "casual", pind: 1}]
Thu Jan 9 18:20:42 GMT+0300 2020 [INFO] Server said: 34: ["b.ingld", {ingld: 1500}]
Thu Jan 9 18:20:42 GMT+0300 2020 [INFO] Server said: 34: ["ntf.res", {res: {emd: 0, slvr: 10000, enrg: 500, gld: 4600}}]
Thu Jan 9 18:20:41 GMT+0300 2020 [INFO] [YandexMetrics.reachGoal] Call reach goal 'click_buy_product' for counter 31321471
Thu Jan 9 18:20:41 GMT+0300 2020 [INFO] Client said: 34: [null, "b.chkprchs", {prid: "pack1500", qnt: 1, pmnt: null}]
Thu Jan 9 18:20:38 GMT+0300 2020 [INFO] [YandexMetrics.reachGoal] Call reach goal 'show_payment_dialog' for counter 31321471
Thu Jan 9 18:20:33 GMT+0300 2020 [INFO] Server said: 34: ["b.ingld", {ingld: 1500}]
Thu Jan 9 18:20:33 GMT+0300 2020 [INFO] Server said: 34: ["ntf.res", {res: {emd: 0, slvr: 10000, enrg: 500, gld: 3100}}]
Thu Jan 9 18:20:31 GMT+0300 2020 [INFO] [YandexMetrics.reachGoal] Call reach goal 'click_buy_product' for counter 31321471
Thu Jan 9 18:20:31 GMT+0300 2020 [INFO] Client said: 34: [null, "b.chkprchs", {prid: "pack1500", qnt: 1, pmnt: null}]
Thu Jan 9 18:20:28 GMT+0300 2020 [INFO] [YandexMetrics.reachGoal] Call reach goal 'show_payment_dialog' for counter 31321471
Thu Jan 9 18:20:24 GMT+0300 2020 [INFO] Server said: 34: ["b.ingld", {ingld: 1500}]
Thu Jan 9 18:20:24 GMT+0300 2020 [INFO] Server said: 34: ["ntf.res", {res: {emd: 0, slvr: 10000, enrg: 500, gld: 1600}}]
Thu Jan 9 18:20:23 GMT+0300 2020 [INFO] [YandexMetrics.reachGoal] Call reach goal 'click_buy_product' for counter 31321471
Thu Jan 9 18:20:23 GMT+0300 2020 [INFO] Client said: 34: [null, "b.chkprchs", {prid: "pack1500", qnt: 1, pmnt: null}]
Thu Jan 9 18:20:20 GMT+0300 2020 [INFO] [YandexMetrics.onCounterInit] Yandex metrics counter 31321471 inited
Thu Jan 9 18:20:20 GMT+0300 2020 [INFO] [YandexMetrics.reachGoal] Call reach goal 'show_payment_dialog' for counter 31321471
Thu Jan 9 18:20:19 GMT+0300 2020 [INFO] Server said: 34: ["spt.init", {a: false}]
Thu Jan 9 18:20:17 GMT+0300 2020 [INFO] [YandexMetrics.initCounter] Try to init Yandex metrics counter 31321471
Thu Jan 9 18:20:17 GMT+0300 2020 [INFO] Client said: 34: [null, "spt.init", {}]
Thu Jan 9 18:20:15 GMT+0300 2020 [INFO] Client said: 34: ["house_834_livingroom", "h.r.u", {x: 5.13, y: 6.44, at: "", d: 3, st: 23, uid: "834"}]
Thu Jan 9 18:20:12 GMT+0300 2020 [INFO] Client said: 34: ["house_834_livingroom", "h.r.m", {dy: 6.44, sx: 4.05, dx: 5.13, uid: "834", sy: 0.1}]
Thu Jan 9 18:20:06 GMT+0300 2020 [INFO] Client said: 34: ["house_834_livingroom", "h.r.u", {x: 4.05, d: 4, st: 0, y: 0.1, uid: "834"}]