ClientError: Thu Jan 9 18:35:36 GMT+0300 2020 [CRITICAL] [house] *Uncaught Error* ErrorId: 1010 ErrorName: TypeError ErrorMessage:Error #1010 ErrorStackTrace:TypeError: Error #1010
	at _-1u9::URL/parse()
	at _-1u9::URL()
	at _-18R::LoadingItem()
	at _-18R::SWFLoadingItem()
	at _-0bS::MassLoader/add()
	at _-0bS::MassLoader/_-2R5()
	at flash.events::EventDispatcher/dispatchEvent()
	at _-18R::LoadingItem/_-1Iu()
	at _-18R::LoadingItem/onError()
	at _-18R::SWFLoadingItem/onError()
	at flash.events::EventDispatcher/dispatchEvent()
	at flash.net::URLLoader/onComplete()
Thu Jan 9 18:34:56 GMT+0300 2020 [INFO] Server said: 34: ["ntf.res", {res: {emd: 0, slvr: 7120, enrg: 500, gld: 4400}}]
Thu Jan 9 18:34:56 GMT+0300 2020 [INFO] Server said: 34: ["ntf.inv", {it: {tid: "gamerLoudspeaker", c: 1, iid: ""}}]
Thu Jan 9 18:34:55 GMT+0300 2020 [INFO] Client said: 34: [null, "frn.buy", {tpid: "gamerLoudspeaker", pind: 1, cnt: 1}]
Thu Jan 9 18:34:53 GMT+0300 2020 [INFO] Loaded  LoadingItem(url: http://62.113.113.58:8080/files/swf/furniture/decor/GamerLoudspeaker.swf, status: 2) 
Thu Jan 9 18:34:44 GMT+0300 2020 [INFO] Server said: 34: ["ntf.res", {res: {emd: 0, slvr: 7120, enrg: 500, gld: 4421}}]
Thu Jan 9 18:34:43 GMT+0300 2020 [INFO] Server said: 34: ["ntf.inv", {it: {tid: "gamerHeadphones", c: 1, iid: ""}}]
Thu Jan 9 18:34:42 GMT+0300 2020 [INFO] Client said: 34: [null, "frn.buy", {tpid: "gamerHeadphones", pind: 1, cnt: 1}]
Thu Jan 9 18:34:37 GMT+0300 2020 [INFO] Loaded  LoadingItem(url: http://62.113.113.58:8080/files/swf/furniture/decor/GamerHeadphones.swf, status: 2) 
Thu Jan 9 18:34:20 GMT+0300 2020 [INFO] Server said: 34: ["ntf.res", {res: {emd: 0, slvr: 7120, enrg: 500, gld: 4430}}]
Thu Jan 9 18:34:19 GMT+0300 2020 [INFO] Server said: 34: ["ntf.inv", {it: {tid: "gamerNightstand", c: 1, iid: ""}}]
Thu Jan 9 18:34:18 GMT+0300 2020 [INFO] Client said: 34: [null, "frn.buy", {tpid: "gamerNightstand", pind: 2, cnt: 1}]
Thu Jan 9 18:33:05 GMT+0300 2020 [INFO] Loaded  LoadingItem(url: http://62.113.113.58:8080/files/swf/furniture/furniture/GamerNightstand.swf, status: 2) 
Thu Jan 9 18:32:43 GMT+0300 2020 [INFO] Server said: 34: ["ntf.res", {res: {emd: 0, slvr: 9100, enrg: 500, gld: 4430}}]
Thu Jan 9 18:32:42 GMT+0300 2020 [INFO] Server said: 34: ["ntf.inv", {it: {tid: "gamerChair", c: 1, iid: ""}}]
Thu Jan 9 18:32:41 GMT+0300 2020 [INFO] Client said: 34: [null, "frn.buy", {tpid: "gamerChair", pind: 1, cnt: 1}]
Thu Jan 9 18:32:28 GMT+0300 2020 [INFO] Loaded  LoadingItem(url: http://62.113.113.58:8080/files/swf/furniture/furniture/GamerChair.swf, status: 2) 