ClientError: Thu Jan 9 17:54:49 GMT+0400 2020 [CRITICAL] [salon] *Uncaught Error* ErrorId: 1010 ErrorName: TypeError ErrorMessage:Error #1010 ErrorStackTrace:TypeError: Error #1010
	at _-1u9::URL/parse()
	at _-1u9::URL()
	at _-18R::LoadingItem()
	at _-18R::SWFLoadingItem()
	at _-0bS::MassLoader/add()
	at _-0bS::MassLoader/_-2R5()
	at flash.events::EventDispatcher/dispatchEvent()
	at _-18R::LoadingItem/_-1Iu()
	at _-18R::LoadingItem/onError()
	at _-18R::SWFLoadingItem/onError()
	at flash.events::EventDispatcher/dispatchEvent()
	at flash.net::URLLoader/onComplete()
Thu Jan 9 17:53:53 GMT+0400 2020 [INFO] Client said: 17: ["house_35_livingroom"]
Thu Jan 9 17:53:48 GMT+0400 2020 [INFO] Client said: 34: ["house_35_livingroom", "h.r.u", {uid: "35", x: 11.5, st: 23, y: 0.89, at: "", d: 4}]
Thu Jan 9 17:53:36 GMT+0400 2020 [INFO] Client said: 34: ["house_35_livingroom", "h.r.m", {uid: "35", dx: 11.5, dy: 0.89, sx: 4.05, sy: 0.1}]
Thu Jan 9 17:53:19 GMT+0400 2020 [INFO] Server said: 34: ["b.ingld", {ingld: 1500}]
Thu Jan 9 17:53:19 GMT+0400 2020 [INFO] Server said: 34: ["ntf.res", {res: {emd: 0, gld: 1600, slvr: 10000, enrg: 500}}]
Thu Jan 9 17:53:19 GMT+0400 2020 [INFO] [YandexMetrics.reachGoal] Call reach goal 'click_buy_product' for counter 31321471
Thu Jan 9 17:53:19 GMT+0400 2020 [INFO] Client said: 34: [null, "b.chkprchs", {pmnt: null, qnt: 1, prid: "pack1500"}]
Thu Jan 9 17:53:17 GMT+0400 2020 [INFO] [YandexMetrics.onCounterInit] Yandex metrics counter 31321471 inited
Thu Jan 9 17:53:17 GMT+0400 2020 [INFO] [YandexMetrics.reachGoal] Call reach goal 'show_payment_dialog' for counter 31321471
Thu Jan 9 17:53:15 GMT+0400 2020 [INFO] Server said: 34: ["spt.init", {a: false}]
Thu Jan 9 17:53:14 GMT+0400 2020 [INFO] [YandexMetrics.initCounter] Try to init Yandex metrics counter 31321471
Thu Jan 9 17:53:13 GMT+0400 2020 [INFO] Client said: 34: [null, "spt.init", {}]
Thu Jan 9 17:53:05 GMT+0400 2020 [INFO] Client said: 34: ["house_35_livingroom", "h.r.u", {uid: "35", x: 4.05, st: 0, y: 0.1, d: 4}]
Thu Jan 9 17:53:05 GMT+0400 2020 [INFO] Server said: 34: ["lg.lst", {glst: []}]
Thu Jan 9 17:53:04 GMT+0400 2020 [INFO] Client said: 34: ["house_35_livingroom", "lg.lst", {}]
Thu Jan 9 17:53:00 GMT+0400 2020 [INFO] Server said: 34: ["h.r.info", {evn: null, rmmb: [{uid: "35", clths: {clths: [{tpid: "girlShirt12", clid: null}, {tpid: "girlShoes14", clid: null}, {tpid: "girlPants9", clid: null}]}, mbm: {ac: null, sk: "blackMobileSkin"}, locinfo: {x: -1, s: "127.0.0.1", st: 0, y: -1, l: "house_35_livingroom", shlc: true, at: "", d: 4, pl: ""}, apprnc: {brc: 1, rg: 0, pt: 0, rc: 1, ec: 2, bt: 0, sc: 1, mt: 6, ht: 128, g: 2, fft: 0, brt: 28, hc: 7, mc: 3, nct: 0, n: "h e c a t e", ss: 0, et: 2, fac: 1, shc: 1, fat: 0, sh: 0, bc: 1, pc: 1, ssc: 1}, ci: {gtrfrd: 0, as: null, fak: null, strfrd: 0, skrt: 0, rtrtm: 0, kyktid: null, vret: 0, rpt: 0, crt: 10, actrt: 0, vfgc: 0, trcd: 0, lgt: 0, ceid: 0, sbid: null, compid: 0, vip: true, sbrt: 0, plcmt: {}, dr: true, pamns: {amn: []}, cmid: 0, spp: 0, crst: 0, actrp: 0, tts: null, eml: null, bcld: 0, fexp: 0, gdc: 0, vexp: 1965298000, shousd: false, ys: 0, actrd: 0, hrt: 174, vsexp: 1965298000, lvt: 1578577900, trid: null, lrnt: 0, ysct: 0, vsact: true, lwts: 0, exp: 85800, shcr: true, skid: null}, usrinf: {rl: 0}, pf: {pf: {grdnr: {pgs: 0, tp: "grdnr", l: 20}, phtghr: {pgs: 0, tp: "phtghr", l: 20}, jntr: {pgs: 0, tp: "jntr", l: 20}, vsgst: {pgs: 0, tp: "vsgst", l: 20}}}}], rm: {lev: 1, id: "livingroom", f: [{x: 0, y: 0, d: 5, z: 0, tpid: "floor4", lid: 3}, {rid: "outside", x: 3, y: 0, d: 3, z: 0, tpid: "door4", lid: 4}, {x: 13, y: 0, d: 5, z: 0, tpid: "wall15", lid: 2}, {x: 0, y: 0, d: 3, z: 0, tpid: "wall15", lid: 1}], l: 13, w: 13, nm: "#livingRoom"}}]
Thu Jan 9 17:52:59 GMT+0400 2020 [INFO] Client said: 34: ["house_35_livingroom", "h.r.info", {uid: "35", rid: "livingroom"}]
Thu Jan 9 17:52:59 GMT+0400 2020 [INFO] Server said: 34: ["h.gr", {rid: "house_35_livingroom"}]
Thu Jan 9 17:52:59 GMT+0400 2020 [INFO] Server said: 16: ["house_35_livingroom", "35"]
Thu Jan 9 17:52:59 GMT+0400 2020 [INFO] Server said: 34: ["h.r.jn", {plr: {uid: "35", clths: {clths: [{tpid: "girlShirt12", clid: null}, {tpid: "girlShoes14", clid: null}, {tpid: "girlPants9", clid: null}]}, mbm: {ac: null, sk: "blackMobileSkin"}, locinfo: {x: -1, s: "127.0.0.1", st: 0, y: -1, l: "house_35_livingroom", shlc: true, at: "", d: 4, pl: ""}, apprnc: {brc: 1, rg: 0, pt: 0, rc: 1, ec: 2, bt: 0, sc: 1, mt: 6, ht: 128, g: 2, fft: 0, brt: 28, hc: 7, mc: 3, nct: 0, n: "h e c a t e", ss: 0, et: 2, fac: 1, shc: 1, fat: 0, sh: 0, bc: 1, pc: 1, ssc: 1}, ci: {gtrfrd: 0, as: null, fak: null, strfrd: 0, skrt: 0, rtrtm: 0, kyktid: null, vret: 0, rpt: 0, crt: 10, actrt: 0, vfgc: 0, trcd: 0, lgt: 0, ceid: 0, sbid: null, compid: 0, vip: true, sbrt: 0, plcmt: {}, dr: true, pamns: {amn: []}, cmid: 0, spp: 0, crst: 0, actrp: 0, tts: null, eml: null, bcld: 0, fexp: 0, gdc: 0, vexp: 1965298000, shousd: false, ys: 0, actrd: 0, hrt: 174, vsexp: 1965298000, lvt: 1578577900, trid: null, lrnt: 0, ysct: 0, vsact: true, lwts: 0, exp: 85800, shcr: true, skid: null}, usrinf: {rl: 0}, pf: {pf: {grdnr: {pgs: 0, tp: "grdnr", l: 20}, phtghr: {pgs: 0, tp: "phtghr", l: 20}, jntr: {pgs: 0, tp: "jntr", l: 20}, vsgst: {pgs: 0, tp: "vsgst", l: 20}}}}}]
Thu Jan 9 17:52:59 GMT+0400 2020 [INFO] Client said: 34: [null, "h.gr", {rid: "livingroom", gid: "35", lid: "house"}]
Thu Jan 9 17:52:59 GMT+0400 2020 [INFO] Loaded  LoadingItem(url: http://62.113.113.58:8080/files/swf/furniture/house/DoorWood.swf, status: 2) 
Thu Jan 9 17:52:56 GMT+0400 2020 [INFO] Loaded  LoadingItem(url: http://62.113.113.58:8080/files/swf/furniture/house/FloorCarpetGrass.swf, status: 2) 
Thu Jan 9 17:52:55 GMT+0400 2020 [INFO] Loaded  LoadingItem(url: http://62.113.113.58:8080/files/swf/furniture/house/WallPoppy.swf, status: 2) 
Thu Jan 9 17:52:53 GMT+0400 2020 [INFO] Server said: 34: ["srqst.gtrq", {rqlst: {shwdt: 0, lapt: {}, rlst: {}, rsprlst: {}}}]
Thu Jan 9 17:52:53 GMT+0400 2020 [INFO] Client said: 34: [null, "nws.getglbl", {}]
Thu Jan 9 17:52:53 GMT+0400 2020 [INFO] Server said: 34: ["nws.hasnews", {gnunr: true, gnexst: true}]
Thu Jan 9 17:52:53 GMT+0400 2020 [INFO] Server said: 34: ["cp.cht.gbl", {blcklst: {uids: []}}]
Thu Jan 9 17:52:53 GMT+0400 2020 [INFO] Client said: 34: [null, "crq.lrui", {uid: 35}]
Thu Jan 9 17:52:53 GMT+0400 2020 [INFO] Server said: 34: ["cm.new", {campaigns: [{cil: [{gl: 0, cid: 643, tid: "clans", id: 8151, si: 0, sc: 0}, {gl: 0, cid: 643, tid: "clanRating_off", id: 8152, si: 0, sc: 0}], tp: 9, st: 1, ed: 2442905160000, id: 643, v: 1, iu: ""}, {cil: [{gl: 0, cid: 316, tid: "mobile", id: 2514, si: 0, sc: 0}], tp: 9, st: 1, ed: 1659222000000, id: 316, v: 1, iu: ""}, {cil: [{gl: 0, cid: 299, tid: "fortune2", id: 2434, si: 0, sc: 0}], tp: 9, st: 2, ed: 1919631600000, id: 299, v: 1, iu: ""}, {cil: [{gl: 0, cid: 114, tid: "professions", id: 1110, si: 0, sc: 0}, {gl: 0, cid: 114, tid: "grdnr", id: 1111, si: 0, sc: 0}, {gl: 0, cid: 114, tid: "jntr", id: 1112, si: 0, sc: 0}, {gl: 0, cid: 114, tid: "vsgst", id: 1577, si: 0, sc: 0}, {gl: 0, cid: 114, tid: "phtghr", id: 1578, si: 0, sc: 0}], tp: 9, st: 1, ed: 1440630000000, id: 114, v: 1, iu: ""}]}]
Thu Jan 9 17:52:53 GMT+0400 2020 [INFO] Client said: 34: [null, "srqst.gtrq", {}]
Thu Jan 9 17:52:53 GMT+0400 2020 [INFO] Server said: 34: ["h.minfo", {tm: 1, plr: {uid: "35", clths: {clths: [{tpid: "girlShirt12", clid: null}, {tpid: "girlShoes14", clid: null}, {tpid: "girlPants9", clid: null}]}, locinfo: {x: 0, s: "127.0.0.1", st: 0, y: 0, l: "", shlc: true, at: "", d: 4, pl: ""}, hs: {lt: 0, r: [{lev: 2, id: "1", f: [{x: 0, y: 0, d: 5, z: 0, tpid: "floor4", lid: 3}, {rid: "outside", x: 3, y: 0, d: 3, z: 0, tpid: "door4", lid: 4}, {x: 13, y: 0, d: 5, z: 0, tpid: "wall15", lid: 2}, {x: 0, y: 0, d: 3, z: 0, tpid: "wall15", lid: 1}], l: 13, w: 13, nm: "Комната 1"}, {lev: 2, id: "5", f: [{x: 0, y: 0, d: 5, z: 0, tpid: "floor4", lid: 3}, {rid: "outside", x: 3, y: 0, d: 3, z: 0, tpid: "door4", lid: 4}, {x: 13, y: 0, d: 5, z: 0, tpid: "wall15", lid: 2}, {x: 0, y: 0, d: 3, z: 0, tpid: "wall15", lid: 1}], l: 13, w: 13, nm: "Комната 5"}, {lev: 1, id: "livingroom", f: [{x: 0, y: 0, d: 5, z: 0, tpid: "floor4", lid: 3}, {rid: "outside", x: 3, y: 0, d: 3, z: 0, tpid: "door4", lid: 4}, {x: 13, y: 0, d: 5, z: 0, tpid: "wall15", lid: 2}, {x: 0, y: 0, d: 3, z: 0, tpid: "wall15", lid: 1}], l: 13, w: 13, nm: "#livingRoom"}, {lev: 2, id: "4", f: [{x: 0, y: 0, d: 5, z: 0, tpid: "floor4", lid: 3}, {rid: "outside", x: 3, y: 0, d: 3, z: 0, tpid: "door4", lid: 4}, {x: 13, y: 0, d: 5, z: 0, tpid: "wall15", lid: 2}, {x: 0, y: 0, d: 3, z: 0, tpid: "wall15", lid: 1}], l: 13, w: 13, nm: "Комната 4"}, {lev: 2, id: "3", f: [{x: 0, y: 0, d: 5, z: 0, tpid: "floor4", lid: 3}, {rid: "outside", x: 3, y: 0, d: 3, z: 0, tpid: "door4", lid: 4}, {x: 13, y: 0, d: 5, z: 0, tpid: "wall15", lid: 2}, {x: 0, y: 0, d: 3, z: 0, tpid: "wall15", lid: 1}], l: 13, w: 13, nm: "Комната 3"}, {lev: 2, id: "2", f: [{x: 0, y: 0, d: 5, z: 0, tpid: "floor4", lid: 3}, {rid: "outside", x: 3, y: 0, d: 3, z: 0, tpid: "door4", lid: 4}, {x: 13, y: 0, d: 5, z: 0, tpid: "wall15", lid: 2}, {x: 0, y: 0, d: 3, z: 0, tpid: "wall15", lid: 1}], l: 13, w: 13, nm: "Комната 2"}]}, achc: {ac: {activityWinner: {p: 0, aId: "activityWinner", l: 3, nWct: 0}, pilowChamp: {p: 0, aId: "pilowChamp", l: 3, nWct: 0}, magnate: {p: 0, aId: "magnate", l: 3, nWct: 0}, subscription: {p: 0, aId: "subscription", l: 3, nWct: 0}, crafter: {p: 0, aId: "crafter", l: 3, nWct: 0}, snowboarder: {p: 0, aId: "snowboarder", l: 3, nWct: 0}, generous: {p: 0, aId: "generous", l: 3, nWct: 0}, vip: {p: 0, aId: "vip", l: 3, nWct: 0}, meerkatBear: {p: 0, aId: "meerkatBear", l: 3, nWct: 0}, beachRaceChamp: {p: 0, aId: "beachRaceChamp", l: 3, nWct: 0}, workaholic: {p: 0, aId: "workaholic", l: 3, nWct: 0}, shopaholic: {p: 0, aId: "shopaholic", l: 3, nWct: 0}, carRaceChamp: {p: 0, aId: "carRaceChamp", l: 3, nWct: 0}, goodFriend: {p: 0, aId: "goodFriend", l: 3, nWct: 0}}, tr: {snowboardPlace2: {trcd: 0, trrt: 0, trid: "snowboardPlace2"}, newYear2019: {trcd: 0, trrt: 0, trid: "newYear2019"}, newYear2020hero: {trcd: 0, trrt: 0, trid: "newYear2020hero"}, springDay2018: {trcd: 0, trrt: 0, trid: "springDay2018"}, firstApril16Place2: {trcd: 0, trrt: 0, trid: "firstApril16Place2"}, halloween2017: {trcd: 0, trrt: 0, trid: "halloween2017"}, familyDay2016: {trcd: 0, trrt: 0, trid: "familyDay2016"}, activityPlace3: {trcd: 0, trrt: 0, trid: "activityPlace3"}, freelanceTwitterInstagram: {trcd: 0, trrt: 0, trid: "freelanceTwitterInstagram"}, firstApril16Place3: {trcd: 0, trrt: 0, trid: "firstApril16Place3"}, halloween2016: {trcd: 0, trrt: 0, trid: "halloween2016"}, newYear2018: {trcd: 0, trrt: 0, trid: "newYear2018"}, mittens2020: {trcd: 0, trrt: 0, trid: "mittens2020"}, firstApril2018: {trcd: 0, trrt: 0, trid: "firstApril2018"}, activityPlace2: {trcd: 0, trrt: 0, trid: "activityPlace2"}, autumnEvent2019: {trcd: 0, trrt: 0, trid: "autumnEvent2019"}, snowboardPlace3: {trcd: 0, trrt: 0, trid: "snowboardPlace3"}, freelanceMicrophone: {trcd: 0, trrt: 0, trid: "freelanceMicrophone"}, firstApril16Place5: {trcd: 0, trrt: 0, trid: "firstApril16Place5"}, yearAvatar: {trcd: 0, trrt: 0, trid: "yearAvatar"}, halloween2018: {trcd: 0, trrt: 0, trid: "halloween2018"}, newYear2017: {trcd: 0, trrt: 0, trid: "newYear2017"}, freelanceExchange: {trcd: 0, trrt: 0, trid: "freelanceExchange"}, firstApril16Place4: {trcd: 0, trrt: 0, trid: "firstApril16Place4"}, dzo2019: {trcd: 0, trrt: 0, trid: "dzo2019"}, avaBirthdayTrophy2016: {trcd: 0, trrt: 0, trid: "avaBirthdayTrophy2016"}, avatarBirthday: {trcd: 0, trrt: 0, trid: "avatarBirthday"}, springDay2017: {trcd: 0, trrt: 0, trid: "springDay2017"}, freelanceSupport: {trcd: 0, trrt: 0, trid: "freelanceSupport"}, freelanceCup: {trcd: 0, trrt: 0, trid: "freelanceCup"}, activityPlace1: {trcd: 0, trrt: 0, trid: "activityPlace1"}, firstApril2019: {trcd: 0, trrt: 0, trid: "firstApril2019"}, freelanceVideo: {trcd: 0, trrt: 0, trid: "freelanceVideo"}, stVal2018: {trcd: 0, trrt: 0, trid: "stVal2018"}, snowboardPlace1: {trcd: 0, trrt: 0, trid: "snowboardPlace1"}, firstApril16Place1: {trcd: 0, trrt: 0, trid: "firstApril16Place1"}, freelanceModerator: {trcd: 0, trrt: 0, trid: "freelanceModerator"}, freelanceJournal: {trcd: 0, trrt: 0, trid: "freelanceJournal"}, weddingDay: {trcd: 0, trrt: 0, trid: "weddingDay"}}}, ci: {gtrfrd: 0, as: null, fak: null, strfrd: 0, skrt: 0, rtrtm: 0, kyktid: null, vret: 0, rpt: 0, crt: 10, actrt: 0, vfgc: 0, trcd: 0, lgt: 0, ceid: 0, sbid: null, compid: 0, vip: true, sbrt: 0, plcmt: {}, dr: true, pamns: {amn: []}, cmid: 0, spp: 0, crst: 0, actrp: 0, tts: null, eml: null, bcld: 0, fexp: 0, gdc: 0, vexp: 1965298000, shousd: false, ys: 0, actrd: 0, hrt: 174, vsexp: 1965298000, lvt: 1578577900, trid: null, lrnt: 0, ysct: 0, vsact: true, lwts: 0, exp: 85800, shcr: true, skid: null}, cs: {ccltns: {casual: {cct: ["girlShirt12", "girlShoes14", "girlPants9"], ctp: "casual", cn: ""}}, cc: "casual"}, pf: {pf: {grdnr: {pgs: 0, tp: "grdnr", l: 20}, phtghr: {pgs: 0, tp: "phtghr", l: 20}, jntr: {pgs: 0, tp: "jntr", l: 20}, vsgst: {pgs: 0, tp: "vsgst", l: 20}}}, res: {emd: 0, gld: 100, slvr: 10000, enrg: 500}, apprnc: {brc: 1, rg: 0, pt: 0, rc: 1, ec: 2, bt: 0, sc: 1, mt: 6, ht: 128, g: 2, fft: 0, brt: 28, hc: 7, mc: 3, nct: 0, n: "h e c a t e", ss: 0, et: 2, fac: 1, shc: 1, fat: 0, sh: 0, bc: 1, pc: 1, ssc: 1}, onl: true, mbm: {ac: null, sk: "blackMobileSkin"}, inv: {c: {act: {id: "act", it: []}, cls: {id: "cls", it: [{tid: "girlUnderdress1", c: 1, iid: ""}, {tid: "girlUnderdress2", c: 1, iid: ""}]}, frn: {id: "frn", it: []}, lt: {id: "lt", it: []}, gm: {id: "gm", it: [{tid: "blackMobileSkin", c: 1, iid: ""}]}}}, usrinf: {rl: 0}}}]
Thu Jan 9 17:52:51 GMT+0400 2020 [INFO] Client said: 34: [null, "h.minfo", {tm: 1578577972, onl: false}]
Thu Jan 9 17:52:51 GMT+0400 2020 [INFO] Server said: 34: ["a.apprnc.save", {apprnc: {brc: 1, rg: 0, pt: 0, rc: 1, ec: 2, bt: 0, sc: 1, mt: 6, ht: 128, g: 2, fft: 0, brt: 28, hc: 7, mc: 3, nct: 0, n: "h e c a t e", ss: 0, et: 2, fac: 1, shc: 1, fat: 0, sh: 0, bc: 1, pc: 1, ssc: 1}}]
Thu Jan 9 17:52:51 GMT+0400 2020 [INFO] Client said: 34: [null, "a.apprnc.save", {apprnc: {brc: 1, rg: 0, pt: 0, rc: 1, ec: 2, bt: 0, g: 2, fft: 0, ht: 128, sc: 1, mt: 6, brt: 28, hc: 7, mc: 3, nct: 0, n: "h e c a t e", ss: 0, et: 2, fac: 1, shc: 1, fat: 0, sh: 0, bc: 1, pc: 1, ssc: 1}}]
Thu Jan 9 17:51:45 GMT+0400 2020 [INFO] Server said: 34: ["h.minfo", {has.avtr: false}]
Thu Jan 9 17:51:45 GMT+0400 2020 [INFO] Server said: 34: ["ctmr.get", {tu: {snowboardRating: []}}]
Thu Jan 9 17:51:45 GMT+0400 2020 [INFO] Server said: 34: ["ur.get", {bt: [{uid: 14, hr: 413116, cr: 10078}, {uid: 22, hr: 25373, cr: 15877}, {uid: 52, hr: 21844, cr: 408}, {uid: 17, hr: 11208, cr: 20856}, {uid: 70, hr: 9774, cr: 570}, {uid: 56, hr: 5142, cr: 183}, {uid: 32, hr: 3279, cr: 5344}, {uid: 42, hr: 3028, cr: 14469}, {uid: 3, hr: 2951, cr: 2484}, {uid: 62, hr: 2503, cr: 10}]}]