ClientError: Thu Jan 9 21:13:39 GMT+0700 2020 [CRITICAL] [club] *Uncaught Error* ErrorId: 1009 ErrorName: TypeError ErrorMessage:Error #1009 ErrorStackTrace:TypeError: Error #1009
	at _-0R4::RelationsListDialog/_-2n0()
	at Array/http://adobe.com/AS3/2006/builtin::filter()
	at _-0R4::RelationsListDialog/_-4WT()
	at _-0R4::RelationsListDialog/update()
	at _-0R4::RelationsListDialog/_-3PS()
	at _-1El::PlayersManager/_-TY()
	at flash.events::EventDispatcher/dispatchEvent()
	at _-37q::_-G5/_-2WM()
	at flash.events::EventDispatcher/dispatchEvent()
	at ags::_-2t/_-2dI()
	at flash.events::EventDispatcher/dispatchEvent()
	at _-0en::_-0O8/_-1LF()
	at _-0en::_-0O8/execute()
	at ags::AGSClient/_-0i9()
	at ags::AGSClient/_-2ZF()
	at ags::AGSClient/_-2Ea()
Thu Jan 9 21:13:39 GMT+0700 2020 [INFO] Server said: 34: ["pl.gos", {clid: "online", onl: {171: true}}]
Thu Jan 9 21:13:37 GMT+0700 2020 [INFO] Server said: 34: ["cp.cht.sm", {msg: {cid: null, tp: "chatTypingMessage", sid: "171"}, rid: "club_cl1_1"}]
Thu Jan 9 21:13:36 GMT+0700 2020 [INFO] Server said: 34: ["cp.cht.sm", {msg: {tag: null, tp: "chatTextMessage", cid: null, msg: "ОКС", mid: null, sid: "171"}, rid: "club_cl1_1"}]
Thu Jan 9 21:13:35 GMT+0700 2020 [INFO] Server said: 34: ["o.r.u", {x: 10.69, at: "", y: 12.56, st: 23, d: 6, uid: "171"}]
Thu Jan 9 21:13:34 GMT+0700 2020 [INFO] Server said: 34: ["o.r.m", {dx: 10.69, sy: 10.25, dy: 12.56, uid: "171", sx: 11.63}]
Thu Jan 9 21:13:33 GMT+0700 2020 [INFO] Client said: 34: [null, "pl.gos", {clid: "online", uids: ["171"]}]
Thu Jan 9 21:13:32 GMT+0700 2020 [INFO] Server said: 34: ["cp.cht.sm", {msg: {tag: null, tp: "chatTextMessage", cid: null, msg: "я тож одежку куплю", mid: null, sid: "215"}, rid: "club_cl1_1"}]
Thu Jan 9 21:13:31 GMT+0700 2020 [INFO] Server said: 34: ["o.r.u", {x: 11.63, at: "", y: 10.25, st: 23, d: 0, uid: "171"}]
Thu Jan 9 21:13:30 GMT+0700 2020 [INFO] Server said: 34: ["o.r.m", {dx: 11.63, sy: 13.17, dy: 10.25, uid: "171", sx: 10.3}]
Thu Jan 9 21:13:30 GMT+0700 2020 [INFO] Server said: 34: ["o.r.u", {x: 10.3, at: "", y: 13.17, st: 23, d: 6, uid: "171"}]
Thu Jan 9 21:13:29 GMT+0700 2020 [INFO] Server said: 34: ["cp.cht.sm", {msg: {cid: null, tp: "chatTypingMessage", sid: "215"}, rid: "club_cl1_1"}]
Thu Jan 9 21:13:29 GMT+0700 2020 [INFO] Server said: 34: ["o.r.m", {dx: 10.3, sy: 12.25, dy: 13.17, uid: "171", sx: 11.81}]
Thu Jan 9 21:13:28 GMT+0700 2020 [INFO] Server said: 34: ["o.r.u", {x: 11.81, at: "", y: 12.25, st: 23, d: 3, uid: "171"}]
Thu Jan 9 21:13:27 GMT+0700 2020 [INFO] Server said: 34: ["o.r.m", {dx: 11.81, sy: 10.63, dy: 12.25, uid: "171", sx: 10.81}]
Thu Jan 9 21:13:25 GMT+0700 2020 [INFO] Server said: 34: ["o.r.u", {x: 12.44, at: "", uid: "215", st: 23, d: 3, y: 11.69}]
Thu Jan 9 21:13:24 GMT+0700 2020 [INFO] Client said: 34: [null, "rl.crs", {s: 42, uid: "171", cs: 20, cnf: null}]
Thu Jan 9 21:13:24 GMT+0700 2020 [INFO] Server said: 34: ["o.r.m", {dx: 12.44, sy: 10.11, dy: 11.69, uid: "215", sx: 11.86}]
Thu Jan 9 21:13:19 GMT+0700 2020 [INFO] Server said: 34: ["o.r.u", {x: 10.81, at: "", y: 10.63, st: 23, d: 7, uid: "171"}]
Thu Jan 9 21:13:18 GMT+0700 2020 [INFO] Server said: 34: ["o.r.m", {dx: 10.81, sy: 11.2, dy: 10.63, uid: "171", sx: 13.15}]
Thu Jan 9 21:13:18 GMT+0700 2020 [INFO] Server said: 34: ["o.r.ra", {plr: {usrinf: {rl: 0}, uid: "18", clths: {clths: [{tpid: "boyBgGlss", clid: null}, {tpid: "boyBgPlv", clid: null}, {tpid: "boyBgBag", clid: null}, {tpid: "boyErrFrog", clid: null}, {tpid: "boyBgBts", clid: null}, {tpid: "boyBgPnts", clid: null}]}, ci: {vip: true, actrp: 0, sbid: null, eml: null, plcmt: {}, crt: 1066, compid: 0, vexp: 1965298000, ys: 0, as: null, ysct: 0, strfrd: 0, shcr: true, tts: null, ceid: 0, gtrfrd: 0, vsact: true, shousd: false, actrt: 0, rpt: 0, vfgc: 0, skrt: 0, fak: null, trid: "freelanceSupport", lwts: 0, trcd: 0, actrd: 0, sbrt: 0, cmid: 0, lvt: 1578578976, lrnt: 0, lgt: 0, bcld: 0, vret: 0, dr: true, crst: 0, fexp: 0, skid: null, pamns: {amn: []}, rtrtm: 0, kyktid: null, vsexp: 1965298000, exp: 85800, gdc: 0, spp: 0, hrt: 40174}, pf: {pf: {vsgst: {pgs: 0, tp: "vsgst", l: 20}, grdnr: {pgs: 0, tp: "grdnr", l: 20}, jntr: {pgs: 0, tp: "jntr", l: 20}, phtghr: {pgs: 0, tp: "phtghr", l: 20}}}, apprnc: {ss: 0, hc: 7, fat: 0, sh: 0, g: 1, nct: 0, ht: 85, shc: 1, fac: 1, bc: 1, n: "ЧИТЕР 1 ЫЕ", ssc: 1, pt: 0, pc: 1, rg: 0, rc: 1, et: 5, brt: 6, brc: 2, bt: 0, ec: 3, sc: 1, mt: 20, fft: 0, mc: 2}, locinfo: {x: 19.42, s: "127.0.0.1", y: 9.17, l: "club_cl1_1", st: 0, at: "", d: 4, shlc: true, pl: ""}, mbm: {sk: "blackMobileSkin", ac: null}}}]
Thu Jan 9 21:13:18 GMT+0700 2020 [INFO] Server said: 34: ["o.r.m", {dx: 12.25, sy: 12.2, dy: 9, uid: "171", sx: 13.15}]
Thu Jan 9 21:13:17 GMT+0700 2020 [INFO] Server said: 34: ["o.r.m", {dx: 12.92, sy: 12.27, dy: 12.17, uid: "171", sx: 15.71}]
Thu Jan 9 21:13:17 GMT+0700 2020 [INFO] Server said: 34: ["o.r.m", {dx: 14.08, sy: 12.27, dy: 11.64, uid: "171", sx: 16.33}]
Thu Jan 9 21:13:16 GMT+0700 2020 [INFO] Client said: 34: [null, "o.bi", {pind: 1, tpid: "clBlr"}]
Thu Jan 9 21:13:16 GMT+0700 2020 [INFO] Server said: 34: ["o.r.ra", {plr: {usrinf: {rl: 0}, uid: "18", clths: {clths: [{tpid: "boyBgGlss", clid: null}, {tpid: "boyBgPlv", clid: null}, {tpid: "boyBgBag", clid: null}, {tpid: "boyErrFrog", clid: null}, {tpid: "boyBgBts", clid: null}, {tpid: "boyBgPnts", clid: null}]}, ci: {vip: true, actrp: 0, sbid: null, eml: null, plcmt: {}, crt: 1066, compid: 0, vexp: 1965298000, ys: 0, as: null, ysct: 0, strfrd: 0, shcr: true, tts: null, ceid: 0, gtrfrd: 0, vsact: true, shousd: false, actrt: 0, rpt: 0, vfgc: 0, skrt: 0, fak: null, trid: "freelanceSupport", lwts: 0, trcd: 0, actrd: 0, sbrt: 0, cmid: 0, lvt: 1578578976, lrnt: 0, lgt: 0, bcld: 0, vret: 0, dr: true, crst: 0, fexp: 0, skid: null, pamns: {amn: []}, rtrtm: 0, kyktid: null, vsexp: 1965298000, exp: 85800, gdc: 0, spp: 0, hrt: 40174}, pf: {pf: {vsgst: {pgs: 0, tp: "vsgst", l: 20}, grdnr: {pgs: 0, tp: "grdnr", l: 20}, jntr: {pgs: 0, tp: "jntr", l: 20}, phtghr: {pgs: 0, tp: "phtghr", l: 20}}}, apprnc: {ss: 0, hc: 7, fat: 0, sh: 0, g: 1, nct: 0, ht: 85, shc: 1, fac: 1, bc: 1, n: "ЧИТЕР 1 ЫЕ", ssc: 1, pt: 0, pc: 1, rg: 0, rc: 1, et: 5, brt: 6, brc: 2, bt: 0, ec: 3, sc: 1, mt: 20, fft: 0, mc: 2}, locinfo: {x: 19.42, s: "127.0.0.1", y: 9.17, l: "club_cl1_1", st: 0, at: "", d: 4, shlc: true, pl: ""}, mbm: {sk: "blackMobileSkin", ac: null}}}]
Thu Jan 9 21:13:13 GMT+0700 2020 [INFO] Server said: 34: ["o.r.u", {x: 11.86, at: "", uid: "215", st: 23, d: 7, y: 10.11}]
Thu Jan 9 21:13:13 GMT+0700 2020 [INFO] Client said: 34: ["club_cl1_1", "o.r.ra", {}]
Thu Jan 9 21:13:13 GMT+0700 2020 [INFO] Server said: 34: ["psp.sttrph", {trid: "freelanceSupport"}]
Thu Jan 9 21:13:13 GMT+0700 2020 [INFO] Client said: 34: ["club_cl1_1", "o.r.ra", {}]
Thu Jan 9 21:13:13 GMT+0700 2020 [INFO] Server said: 34: ["psp.sttrph", {trid: "familyDay2016"}]
Thu Jan 9 21:13:13 GMT+0700 2020 [INFO] Server said: 34: ["o.r.m", {dx: 11.86, sy: 11.75, dy: 10.11, uid: "215", sx: 14.19}]
Thu Jan 9 21:13:09 GMT+0700 2020 [INFO] Client said: 34: ["club_cl1_1", "o.r.u", {st: 0, x: 19.42, d: 3, uid: "18", y: 9.17}]
Thu Jan 9 21:13:03 GMT+0700 2020 [INFO] Server said: 34: ["o.r.ra", {plr: {usrinf: {rl: 0}, uid: "171", clths: {clths: [{tpid: "girlBtsLc", clid: null}, {tpid: "girlTShrtLc", clid: null}, {tpid: "girlPntsLc", clid: null}, {tpid: "girlWtchLc", clid: null}, {tpid: "girlGlssLc", clid: null}, {tpid: "girlNcklLc", clid: null}]}, ci: {vip: true, actrp: 0, sbid: null, eml: null, plcmt: {}, crt: 260, compid: 0, vexp: 1965298000, ys: 0, as: null, ysct: 0, strfrd: 0, shcr: true, tts: null, ceid: 0, gtrfrd: 0, vsact: true, shousd: false, actrt: 0, rpt: 0, vfgc: 0, skrt: 0, fak: null, trid: "freelanceMicrophone", lwts: 0, trcd: 0, actrd: 0, sbrt: 0, cmid: 0, lvt: 1578578878, lrnt: 0, lgt: 0, bcld: 0, vret: 0, dr: true, crst: 0, fexp: 0, skid: null, pamns: {amn: []}, rtrtm: 0, kyktid: null, vsexp: 1965298000, exp: 85800, gdc: 0, spp: 0, hrt: 174}, pf: {pf: {vsgst: {pgs: 0, tp: "vsgst", l: 20}, grdnr: {pgs: 0, tp: "grdnr", l: 20}, jntr: {pgs: 0, tp: "jntr", l: 20}, phtghr: {pgs: 0, tp: "phtghr", l: 20}}}, apprnc: {ss: 0, hc: 6, fat: 0, sh: 0, g: 2, nct: 0, ht: 14, shc: 1, fac: 1, bc: 1, n: "ТВОЙ КОШМАР", ssc: 1, pt: 0, pc: 1, rg: 0, rc: 1, et: 7, brt: 4, brc: 1, bt: 0, ec: 5, sc: 1, mt: 1, fft: 0, mc: 1}, locinfo: {x: 16.33, s: "127.0.0.1", y: 12.27, l: "club_cl1_1", st: 23, at: "", d: 4, shlc: true, pl: ""}, mbm: {sk: "blackMobileSkin", ac: null}}}]
Thu Jan 9 21:13:01 GMT+0700 2020 [INFO] Server said: 34: ["o.r.ra", {plr: {usrinf: {rl: 0}, uid: "215", clths: {clths: [{tpid: "girlShirt12", clid: null}, {tpid: "girlShoes14", clid: null}, {tpid: "girlPants9", clid: null}]}, ci: {vip: true, actrp: 0, sbid: null, eml: null, plcmt: {}, crt: 10, compid: 0, vexp: 1965298000, ys: 0, as: null, ysct: 0, strfrd: 0, shcr: true, tts: null, ceid: 0, gtrfrd: 0, vsact: true, shousd: false, actrt: 0, rpt: 0, vfgc: 0, skrt: 0, fak: null, trid: "avaBirthdayTrophy2016", lwts: 0, trcd: 0, actrd: 0, sbrt: 0, cmid: 0, lvt: 1578578923, lrnt: 0, lgt: 0, bcld: 0, vret: 0, dr: true, crst: 0, fexp: 0, skid: null, pamns: {amn: []}, rtrtm: 0, kyktid: null, vsexp: 1965298000, exp: 85800, gdc: 0, spp: 0, hrt: 174}, pf: {pf: {vsgst: {pgs: 0, tp: "vsgst", l: 20}, grdnr: {pgs: 0, tp: "grdnr", l: 20}, jntr: {pgs: 0, tp: "jntr", l: 20}, phtghr: {pgs: 0, tp: "phtghr", l: 20}}}, apprnc: {ss: 0, hc: 7, fat: 0, sh: 0, g: 2, nct: 0, ht: 120, shc: 1, fac: 1, bc: 1, n: "Пиписька", ssc: 1, pt: 0, pc: 1, rg: 0, rc: 1, et: 2, brt: 29, brc: 3, bt: 0, ec: 3, sc: 2, mt: 4, fft: 0, mc: 2}, locinfo: {x: 14.19, s: "127.0.0.1", y: 11.75, l: "club_cl1_1", st: 23, at: "", d: 4, shlc: true, pl: ""}, mbm: {sk: "blackMobileSkin", ac: null}}}]
Thu Jan 9 21:12:59 GMT+0700 2020 [INFO] Server said: 34: ["o.r.u", {x: 16.33, at: "", y: 12.27, st: 23, d: 5, uid: "171"}]
Thu Jan 9 21:12:58 GMT+0700 2020 [INFO] Server said: 34: ["o.r.m", {dx: 16.33, sy: 8.29, dy: 12.27, uid: "171", sx: 17.14}]
Thu Jan 9 21:12:57 GMT+0700 2020 [INFO] Server said: 34: ["o.r.m", {dx: 16.33, sy: 7.83, dy: 12.27, uid: "171", sx: 17.14}]
Thu Jan 9 21:12:41 GMT+0700 2020 [INFO] Client said: 34: [null, "psp.sttrph", {trid: "freelanceSupport"}]