ClientError: Thu Jan 9 20:54:24 GMT+0700 2020 [CRITICAL] [house] *Uncaught Error* ErrorId: 1010 ErrorName: TypeError ErrorMessage:Error #1010 ErrorStackTrace:TypeError: Error #1010
	at _-1u9::URL/parse()
	at _-1u9::URL()
	at _-18R::LoadingItem()
	at _-18R::SWFLoadingItem()
	at _-0bS::MassLoader/add()
	at _-0bS::MassLoader/_-2R5()
	at flash.events::EventDispatcher/dispatchEvent()
	at _-18R::LoadingItem/_-1Iu()
	at _-18R::LoadingItem/onError()
	at _-18R::SWFLoadingItem/onError()
	at flash.events::EventDispatcher/dispatchEvent()
	at flash.net::URLLoader/onComplete()
Thu Jan 9 20:53:27 GMT+0700 2020 [INFO] Server said: 34: ["b.ingld", {ingld: 9999}]
Thu Jan 9 20:53:27 GMT+0700 2020 [INFO] Server said: 34: ["ntf.res", {res: {emd: 0, enrg: 500, slvr: 15000, gld: 74543}}]
Thu Jan 9 20:53:27 GMT+0700 2020 [INFO] [YandexMetrics.reachGoal] Call reach goal 'click_buy_product' for counter 31321471
Thu Jan 9 20:53:27 GMT+0700 2020 [INFO] Client said: 34: [null, "b.chkprchs", {qnt: 1, pmnt: {tpid: "silverResource", ct1: null, srv: 7, ctx: {dialogSource: "buySilverDialog"}, ct2: null, ct3: null}, prid: "pack9999"}]
Thu Jan 9 20:53:25 GMT+0700 2020 [INFO] [YandexMetrics.reachGoal] Call reach goal 'show_payment_dialog' for counter 31321471
Thu Jan 9 20:53:22 GMT+0700 2020 [INFO] Server said: 34: ["b.ingld", {ingld: 9999}]
Thu Jan 9 20:53:21 GMT+0700 2020 [INFO] Server said: 34: ["ntf.res", {res: {emd: 0, enrg: 500, slvr: 15000, gld: 64544}}]
Thu Jan 9 20:53:21 GMT+0700 2020 [INFO] [YandexMetrics.reachGoal] Call reach goal 'click_buy_product' for counter 31321471
Thu Jan 9 20:53:21 GMT+0700 2020 [INFO] Client said: 34: [null, "b.chkprchs", {qnt: 1, pmnt: {tpid: "silverResource", ct1: null, srv: 7, ctx: {dialogSource: "buySilverDialog"}, ct2: null, ct3: null}, prid: "pack9999"}]
Thu Jan 9 20:53:06 GMT+0700 2020 [INFO] [YandexMetrics.reachGoal] Call reach goal 'show_payment_dialog' for counter 31321471
Thu Jan 9 20:53:02 GMT+0700 2020 [INFO] Server said: 34: ["b.ingld", {ingld: 9999}]
Thu Jan 9 20:53:02 GMT+0700 2020 [INFO] Server said: 34: ["ntf.res", {res: {emd: 0, enrg: 500, slvr: 15000, gld: 54545}}]
Thu Jan 9 20:53:02 GMT+0700 2020 [INFO] [YandexMetrics.reachGoal] Call reach goal 'click_buy_product' for counter 31321471
Thu Jan 9 20:53:02 GMT+0700 2020 [INFO] Client said: 34: [null, "b.chkprchs", {qnt: 1, pmnt: {tpid: "silverResource", ct1: null, srv: 7, ctx: {dialogSource: "buySilverDialog"}, ct2: null, ct3: null}, prid: "pack9999"}]
Thu Jan 9 20:53:00 GMT+0700 2020 [INFO] [YandexMetrics.reachGoal] Call reach goal 'show_payment_dialog' for counter 31321471
Thu Jan 9 20:52:58 GMT+0700 2020 [INFO] Server said: 34: ["b.ingld", {ingld: 9999}]
Thu Jan 9 20:52:58 GMT+0700 2020 [INFO] Server said: 34: ["ntf.res", {res: {emd: 0, enrg: 500, slvr: 15000, gld: 44546}}]
Thu Jan 9 20:52:58 GMT+0700 2020 [INFO] [YandexMetrics.reachGoal] Call reach goal 'click_buy_product' for counter 31321471
Thu Jan 9 20:52:58 GMT+0700 2020 [INFO] Client said: 34: [null, "b.chkprchs", {qnt: 1, pmnt: {tpid: "silverResource", ct1: null, srv: 7, ctx: {dialogSource: "buySilverDialog"}, ct2: null, ct3: null}, prid: "pack9999"}]
Thu Jan 9 20:52:56 GMT+0700 2020 [INFO] [YandexMetrics.reachGoal] Call reach goal 'show_payment_dialog' for counter 31321471
Thu Jan 9 20:52:54 GMT+0700 2020 [INFO] Server said: 34: ["b.ingld", {ingld: 9999}]
Thu Jan 9 20:52:54 GMT+0700 2020 [INFO] Server said: 34: ["ntf.res", {res: {emd: 0, enrg: 500, slvr: 15000, gld: 34547}}]
Thu Jan 9 20:52:53 GMT+0700 2020 [INFO] [YandexMetrics.reachGoal] Call reach goal 'click_buy_product' for counter 31321471
Thu Jan 9 20:52:53 GMT+0700 2020 [INFO] Client said: 34: [null, "b.chkprchs", {qnt: 1, pmnt: {tpid: "silverResource", ct1: null, srv: 7, ctx: {dialogSource: "buySilverDialog"}, ct2: null, ct3: null}, prid: "pack9999"}]
Thu Jan 9 20:52:52 GMT+0700 2020 [INFO] [YandexMetrics.reachGoal] Call reach goal 'show_payment_dialog' for counter 31321471
Thu Jan 9 20:51:45 GMT+0700 2020 [INFO] Server said: 34: ["b.ingld", {ingld: 9999}]
Thu Jan 9 20:51:45 GMT+0700 2020 [INFO] Server said: 34: ["ntf.res", {res: {emd: 0, enrg: 500, slvr: 15000, gld: 24548}}]
Thu Jan 9 20:51:45 GMT+0700 2020 [INFO] [YandexMetrics.reachGoal] Call reach goal 'click_buy_product' for counter 31321471
Thu Jan 9 20:51:45 GMT+0700 2020 [INFO] Client said: 34: [null, "b.chkprchs", {qnt: 1, pmnt: {tpid: "silverResource", ct1: null, srv: 7, ctx: {dialogSource: "buySilverDialog"}, ct2: null, ct3: null}, prid: "pack9999"}]
Thu Jan 9 20:51:44 GMT+0700 2020 [INFO] [YandexMetrics.reachGoal] Call reach goal 'show_payment_dialog' for counter 31321471
Thu Jan 9 20:51:43 GMT+0700 2020 [INFO] [YandexMetrics.onCounterInit] Yandex metrics counter 31321471 inited
Thu Jan 9 20:51:43 GMT+0700 2020 [INFO] [YandexMetrics.reachGoal] Call reach goal 'click_buy_product' for counter 31321471
Thu Jan 9 20:51:43 GMT+0700 2020 [INFO] [YandexMetrics.reachGoal] Call reach goal 'show_payment_dialog' for counter 31321471
Thu Jan 9 20:51:42 GMT+0700 2020 [INFO] Server said: 34: ["b.ingld", {ingld: 9999}]
Thu Jan 9 20:51:41 GMT+0700 2020 [INFO] Server said: 34: ["ntf.res", {res: {emd: 0, enrg: 500, slvr: 15000, gld: 14549}}]
Thu Jan 9 20:51:41 GMT+0700 2020 [INFO] Client said: 34: [null, "b.chkprchs", {qnt: 1, pmnt: {tpid: "silverResource", ct1: null, srv: 7, ctx: {dialogSource: "buySilverDialog"}, ct2: null, ct3: null}, prid: "pack9999"}]
Thu Jan 9 20:51:41 GMT+0700 2020 [INFO] Server said: 34: ["spt.init", {a: false}]
Thu Jan 9 20:51:41 GMT+0700 2020 [INFO] [YandexMetrics.initCounter] Try to init Yandex metrics counter 31321471