ClientError: Thu Jan 9 22:31:01 GMT+0800 2020 [CRITICAL] [house] *Uncaught Error* ErrorId: 2007 ErrorName: TypeError ErrorMessage:Error #2007 ErrorStackTrace:TypeError: Error #2007
	at _-0qh::TextHelper$/createTextField()
	at _-4Ta::_-1X-/_-41t()
	at _-4Ta::_-1X-/onAvatarChanged()
	at flash.events::EventDispatcher/dispatchEvent()
	at _-0Q0::_-3v3/_-14a()
	at flash.events::EventDispatcher/dispatchEvent()
	at ags::_-2t/_-2dI()
	at flash.events::EventDispatcher/dispatchEvent()
	at _-0en::_-0O8/_-1LF()
	at _-0en::_-0O8/execute()
	at ags::AGSClient/_-0i9()
	at ags::AGSClient/_-2ZF()
	at ags::AGSClient/_-2Ea()
Thu Jan 9 22:31:01 GMT+0800 2020 [INFO] Client said: 34: ["house_395_livingroom", "h.r.ra", {}]
Thu Jan 9 22:31:01 GMT+0800 2020 [INFO] Server said: 34: ["a.clths.buy", {res: {emd: 0, slvr: 0, gld: 2302, enrg: 500}, inv: {c: {lt: {id: "lt", it: []}, cls: {id: "cls", it: [{c: 1, iid: "", tid: "girlUnderdress1"}, {c: 1, iid: "", tid: "girlUnderdress2"}, {c: 1, iid: "", tid: "girlShirt12"}, {c: 1, iid: "", tid: "girlShoes14"}, {c: 1, iid: "", tid: "girlAcsEstr19"}, {c: 1, iid: "", tid: "girlTShrtEstr19"}, {c: 1, iid: "", tid: "girlPants9"}, {c: 1, iid: "", tid: "girlBtsEstr19"}, {c: 1, iid: "", tid: "girlPntsFrog"}, {c: 1, iid: "", tid: "girlTShrtFrog"}, {c: 1, iid: "", tid: "girlSktEstr19"}, {c: 1, iid: "", tid: "girlBtsFrog"}, {c: 1, iid: "", tid: "girlHrEstr19"}, {c: 1, iid: "", tid: "girlNoseEstr19"}]}, act: {id: "act", it: []}, frn: {id: "frn", it: []}, gm: {id: "gm", it: [{c: 1, iid: "", tid: "blackMobileSkin"}]}}}, crt: 1411, clths: {clths: [{clid: null, tpid: "girlNcklFrog"}, {clid: null, tpid: "girlAcsStPtr19"}, {clid: null, tpid: "girlBtsStPtr19"}, {clid: null, tpid: "girlDrssStPtr19"}, {clid: null, tpid: "girlTghtStPtr19"}, {clid: null, tpid: "girlHtStPtr19"}]}, ccltn: {cct: ["girlNcklFrog", "girlAcsStPtr19", "girlBtsStPtr19", "girlDrssStPtr19", "girlTghtStPtr19", "girlHtStPtr19"], cn: "", ctp: "casual"}}]
Thu Jan 9 22:30:49 GMT+0800 2020 [INFO] Client said: 34: ["house_395_livingroom", "h.r.u", {x: 6.17, st: 23, y: 9.33, at: "", d: 1, uid: "395"}]
Thu Jan 9 22:30:49 GMT+0800 2020 [INFO] Client said: 34: ["house_395_livingroom", "h.r.m", {sx: 6.09, sy: 9.41, dx: 7.17, dy: 6.8, uid: "395"}]
Thu Jan 9 22:30:48 GMT+0800 2020 [INFO] Client said: 34: ["house_395_livingroom", "h.r.m", {sx: 4.88, sy: 8.06, dx: 6.09, dy: 9.41, uid: "395"}]
Thu Jan 9 22:30:48 GMT+0800 2020 [INFO] Client said: 34: ["house_395_livingroom", "h.r.u", {x: 4.88, st: 23, y: 8.06, at: "", d: 0, uid: "395"}]
Thu Jan 9 22:30:48 GMT+0800 2020 [INFO] Client said: 34: ["house_395_livingroom", "h.r.m", {sx: 5.17, sy: 8.17, dx: 4.88, dy: 8.06, uid: "395"}]
Thu Jan 9 22:30:44 GMT+0800 2020 [INFO] Client said: 34: [null, "a.clths.bst", {pind: 1, tpid: "girlStPtr19Set", ctp: "casual"}]
Thu Jan 9 22:30:39 GMT+0800 2020 [INFO] Client said: 34: [null, "a.clths.bst", {pind: 1, tpid: "girlStPtr19Set", ctp: "casual"}]
Thu Jan 9 22:30:37 GMT+0800 2020 [INFO] Server said: 34: ["b.inslv", {inslv: 2000}]
Thu Jan 9 22:30:37 GMT+0800 2020 [INFO] Server said: 34: ["ntf.res", {res: {slvr: 17000, emd: 0, gld: 2391, enrg: 500}}]
Thu Jan 9 22:30:35 GMT+0800 2020 [INFO] Client said: 34: [null, "b.bs", {gld: 20}]
Thu Jan 9 22:30:31 GMT+0800 2020 [INFO] Server said: 34: ["h.r.ra", {plr: {apprnc: {shc: 1, sc: 1, brt: 29, rg: 0, rc: 1, g: 2, ss: 0, brc: 4, sh: 0, nct: 0, mc: 2, ht: 129, pc: 1, bt: 0, mt: 2, pt: 0, ec: 4, hc: 7, fac: 1, n: "Dinchik", bc: 1, fat: 0, fft: 0, ssc: 1, et: 8}, ci: {cmid: 0, actrt: 0, ys: 0, hrt: 374, dr: true, compid: 0, bcld: 0, spp: 0, fexp: 0, rpt: 0, trid: null, tts: null, actrd: 0, gdc: 0, eml: null, shousd: false, lgt: 0, pamns: {amn: []}, trcd: 0, actrp: 0, sbrt: 0, ysct: 0, as: null, sbid: null, vexp: 1965298000, fak: null, lvt: 1578579689, vsexp: 1965298000, vip: true, lrnt: 0, plcmt: {}, vsact: true, gtrfrd: 0, lwts: 0, crt: 1017, shcr: true, vret: 0, strfrd: 0, skid: null, crst: 0, vfgc: 0, rtrtm: 0, skrt: 0, exp: 85800, ceid: 0, kyktid: null}, locinfo: {l: "house_395_livingroom", x: 5.17, st: 23, pl: "", y: 8.17, shlc: true, s: "127.0.0.1", at: "", d: 4}, pf: {pf: {jntr: {tp: "jntr", l: 20, pgs: 0}, phtghr: {tp: "phtghr", l: 20, pgs: 0}, vsgst: {tp: "vsgst", l: 20, pgs: 0}, grdnr: {tp: "grdnr", l: 20, pgs: 0}}}, mbm: {sk: "blackMobileSkin", ac: null}, clths: {clths: [{clid: null, tpid: "girlNcklFrog"}, {clid: null, tpid: "girlNoseEstr19"}, {clid: null, tpid: "girlSktEstr19"}, {clid: null, tpid: "girlTShrtFrog"}, {clid: null, tpid: "girlHrEstr19"}, {clid: null, tpid: "girlPntsFrog"}, {clid: null, tpid: "girlBtsFrog"}]}, usrinf: {rl: 0}, uid: "395"}}]
Thu Jan 9 22:30:28 GMT+0800 2020 [INFO] Server said: 34: ["b.inslv", {inslv: 5000}]
Thu Jan 9 22:30:27 GMT+0800 2020 [INFO] Server said: 34: ["ntf.res", {res: {slvr: 15000, emd: 0, gld: 2411, enrg: 500}}]
Thu Jan 9 22:30:24 GMT+0800 2020 [INFO] Server said: 34: ["b.inslv", {inslv: 5000}]
Thu Jan 9 22:30:24 GMT+0800 2020 [INFO] Server said: 34: ["ntf.res", {res: {slvr: 10000, emd: 0, gld: 2461, enrg: 500}}]
Thu Jan 9 22:30:23 GMT+0800 2020 [INFO] Server said: 34: ["b.inslv", {inslv: 5000}]
Thu Jan 9 22:30:23 GMT+0800 2020 [INFO] Server said: 34: ["ntf.res", {res: {slvr: 5000, emd: 0, gld: 2511, enrg: 500}}]
Thu Jan 9 22:30:22 GMT+0800 2020 [INFO] Client said: 34: ["house_395_livingroom", "h.r.ra", {}]
Thu Jan 9 22:30:22 GMT+0800 2020 [INFO] Server said: 34: ["a.clths.buy", {res: {emd: 0, slvr: 0, gld: 2561, enrg: 500}, inv: {c: {lt: {id: "lt", it: []}, cls: {id: "cls", it: [{c: 1, iid: "", tid: "girlUnderdress1"}, {c: 1, iid: "", tid: "girlUnderdress2"}, {c: 1, iid: "", tid: "girlShirt12"}, {c: 1, iid: "", tid: "girlShoes14"}, {c: 1, iid: "", tid: "girlAcsEstr19"}, {c: 1, iid: "", tid: "girlTShrtEstr19"}, {c: 1, iid: "", tid: "girlPants9"}, {c: 1, iid: "", tid: "girlBtsEstr19"}]}, act: {id: "act", it: []}, frn: {id: "frn", it: []}, gm: {id: "gm", it: [{c: 1, iid: "", tid: "blackMobileSkin"}]}}}, crt: 1017, clths: {clths: [{clid: null, tpid: "girlNcklFrog"}, {clid: null, tpid: "girlNoseEstr19"}, {clid: null, tpid: "girlSktEstr19"}, {clid: null, tpid: "girlTShrtFrog"}, {clid: null, tpid: "girlHrEstr19"}, {clid: null, tpid: "girlPntsFrog"}, {clid: null, tpid: "girlBtsFrog"}]}, ccltn: {cct: ["girlNcklFrog", "girlNoseEstr19", "girlSktEstr19", "girlTShrtFrog", "girlHrEstr19", "girlPntsFrog", "girlBtsFrog"], cn: "", ctp: "casual"}}]
Thu Jan 9 22:30:17 GMT+0800 2020 [INFO] Client said: 34: [null, "b.bs", {gld: 50}]
Thu Jan 9 22:30:15 GMT+0800 2020 [INFO] Client said: 34: [null, "b.bs", {gld: 50}]
Thu Jan 9 22:30:13 GMT+0800 2020 [INFO] Client said: 34: [null, "b.bs", {gld: 50}]
Thu Jan 9 22:30:07 GMT+0800 2020 [INFO] Client said: 34: [null, "a.clths.bst", {pind: 1, tpid: "girlFrogSet", ctp: "casual"}]
Thu Jan 9 22:30:05 GMT+0800 2020 [INFO] Server said: 34: ["b.inslv", {inslv: 2000}]
Thu Jan 9 22:30:05 GMT+0800 2020 [INFO] Server said: 34: ["ntf.res", {res: {slvr: 12000, emd: 0, gld: 2753, enrg: 500}}]
Thu Jan 9 22:30:03 GMT+0800 2020 [INFO] Client said: 34: [null, "b.bs", {gld: 20}]
Thu Jan 9 22:27:29 GMT+0800 2020 [INFO] Server said: 34: ["spt.gscnl", {scls: [{icnurl: "https://raw.githubusercontent.com/AvaCity/avacity-2.0/master/readme/star.png", prt: 1, act: true, id: 1, stid: "AVALAND", ttl: "AVALAND", lnk: "https://vk.com/avalandofficial", dsctn: "Подпишись на нас:
https://vk.com/avalandofficial"}]}]
Thu Jan 9 22:27:29 GMT+0800 2020 [INFO] Server said: 34: ["spt.gscnl", {scls: [{icnurl: "https://raw.githubusercontent.com/AvaCity/avacity-2.0/master/readme/star.png", prt: 1, act: true, id: 1, stid: "AVALAND", ttl: "AVALAND", lnk: "https://vk.com/avalandofficial", dsctn: "Подпишись на нас:
https://vk.com/avalandofficial"}]}]
Thu Jan 9 22:27:28 GMT+0800 2020 [INFO] Server said: 34: ["h.r.rfr", {rm: {nm: "#livingRoom", lev: 1, w: 13, l: 13, f: [{x: 0, tpid: "wall15", y: 0, lid: 1, z: 0, d: 3}, {x: 13, tpid: "wall15", y: 0, lid: 2, z: 0, d: 5}, {rid: "outside", x: 3, tpid: "door4", y: 0, lid: 4, z: 0, d: 3}, {x: 0, tpid: "floor4", y: 0, lid: 3, z: 0, d: 5}, {x: 12, tpid: "csCtr", y: 5, lid: 13991173, z: 0, d: 5}]}}]
Thu Jan 9 22:27:25 GMT+0800 2020 [INFO] Server said: 34: ["frn.save", {inv: {c: {lt: {id: "lt", it: []}, cls: {id: "cls", it: [{c: 1, iid: "", tid: "girlUnderdress1"}, {c: 1, iid: "", tid: "girlUnderdress2"}, {c: 1, iid: "", tid: "girlShirt12"}, {c: 1, iid: "", tid: "girlShoes14"}, {c: 1, iid: "", tid: "girlAcsEstr19"}]}, act: {id: "act", it: []}, frn: {id: "frn", it: []}, gm: {id: "gm", it: [{c: 1, iid: "", tid: "blackMobileSkin"}]}}}, hs: {l: 13, nm: "house", id: "livingroom", lev: 1, w: 13, f: [{x: 0, tpid: "wall15", y: 0, lid: 1, z: 0, d: 3}, {x: 13, tpid: "wall15", y: 0, lid: 2, z: 0, d: 5}, {rid: "outside", x: 3, tpid: "door4", y: 0, lid: 4, z: 0, d: 3}, {x: 0, tpid: "floor4", y: 0, lid: 3, z: 0, d: 5}, {x: 12, tpid: "csCtr", y: 5, lid: 13991173, z: 0, d: 5}]}, ci: {cmid: 0, actrt: 0, ys: 0, hrt: 374, dr: true, compid: 0, bcld: 0, spp: 0, fexp: 0, rpt: 0, trid: null, tts: null, actrd: 0, gdc: 0, eml: null, shousd: false, lgt: 0, pamns: {amn: []}, trcd: 0, actrp: 0, sbrt: 0, ysct: 0, as: null, sbid: null, vexp: 1965298000, fak: null, lvt: 1578579689, vsexp: 1965298000, vip: true, lrnt: 0, plcmt: {}, vsact: true, gtrfrd: 0, lwts: 0, crt: 417, shcr: true, vret: 0, strfrd: 0, skid: null, crst: 0, vfgc: 0, rtrtm: 0, skrt: 0, exp: 85800, ceid: 0, kyktid: null}}]
Thu Jan 9 22:27:16 GMT+0800 2020 [INFO] Server said: 34: ["frn.save", {inv: {c: {lt: {id: "lt", it: []}, cls: {id: "cls", it: [{c: 1, iid: "", tid: "girlUnderdress1"}, {c: 1, iid: "", tid: "girlUnderdress2"}, {c: 1, iid: "", tid: "girlShirt12"}, {c: 1, iid: "", tid: "girlShoes14"}, {c: 1, iid: "", tid: "girlAcsEstr19"}]}, act: {id: "act", it: []}, frn: {id: "frn", it: []}, gm: {id: "gm", it: [{c: 1, iid: "", tid: "blackMobileSkin"}]}}}, hs: {l: 13, nm: "house", id: "livingroom", lev: 1, w: 13, f: [{x: 0, tpid: "wall15", y: 0, lid: 1, z: 0, d: 3}, {x: 13, tpid: "wall15", y: 0, lid: 2, z: 0, d: 5}, {rid: "outside", x: 3, tpid: "door4", y: 0, lid: 4, z: 0, d: 3}, {x: 0, tpid: "floor4", y: 0, lid: 3, z: 0, d: 5}, {x: 12, tpid: "csCtr", y: 5, lid: 13991173, z: 0, d: 5}]}, ci: {cmid: 0, actrt: 0, ys: 0, hrt: 374, dr: true, compid: 0, bcld: 0, spp: 0, fexp: 0, rpt: 0, trid: null, tts: null, actrd: 0, gdc: 0, eml: null, shousd: false, lgt: 0, pamns: {amn: []}, trcd: 0, actrp: 0, sbrt: 0, ysct: 0, as: null, sbid: null, vexp: 1965298000, fak: null, lvt: 1578579689, vsexp: 1965298000, vip: true, lrnt: 0, plcmt: {}, vsact: true, gtrfrd: 0, lwts: 0, crt: 417, shcr: true, vret: 0, strfrd: 0, skid: null, crst: 0, vfgc: 0, rtrtm: 0, skrt: 0, exp: 85800, ceid: 0, kyktid: null}}]
Thu Jan 9 22:27:14 GMT+0800 2020 [INFO] Client said: 34: ["house_395_livingroom", "h.r.u", {x: 5.17, st: 23, y: 8.17, at: "", d: 5, uid: "395"}]
Thu Jan 9 22:27:11 GMT+0800 2020 [INFO] Client said: 34: ["house_395_livingroom", "h.r.m", {sx: 8.96, sy: 4.21, dx: 5.17, dy: 8.17, uid: "395"}]
Thu Jan 9 22:27:11 GMT+0800 2020 [INFO] Client said: 34: ["house_395_livingroom", "h.r.m", {sx: 9.65, sy: 4.21, dx: 4.41, dy: 5.84, uid: "395"}]
Thu Jan 9 22:27:10 GMT+0800 2020 [INFO] Client said: 34: ["house_395_livingroom", "h.r.m", {sx: 10.73, sy: 4.13, dx: 6.02, dy: 6.45, uid: "395"}]
Thu Jan 9 22:27:10 GMT+0800 2020 [INFO] Client said: 34: ["house_395_livingroom", "h.r.m", {sx: 11.5, sy: 3.36, dx: 7.98, dy: 5.61, uid: "395"}]