ClientError: Thu Jan 9 18:19:00 GMT+0300 2020 [CRITICAL] [house] *Uncaught Error* ErrorId: 1010 ErrorName: TypeError ErrorMessage:Error #1010 ErrorStackTrace:TypeError: Error #1010
	at _-1u9::URL/parse()
	at _-1u9::URL()
	at _-18R::LoadingItem()
	at _-18R::SWFLoadingItem()
	at _-0bS::MassLoader/add()
	at _-0bS::MassLoader/_-2R5()
	at flash.events::EventDispatcher/dispatchEvent()
	at _-18R::LoadingItem/_-1Iu()
	at _-18R::LoadingItem/onError()
	at _-18R::SWFLoadingItem/onError()
	at flash.events::EventDispatcher/dispatchEvent()
	at flash.net::URLLoader/onComplete()
Thu Jan 9 18:18:59 GMT+0300 2020 [INFO] Server said: 34: ["b.ingld", {ingld: 9999}]
Thu Jan 9 18:18:59 GMT+0300 2020 [INFO] Server said: 34: ["ntf.res", {res: {gld: 10107, enrg: 500, emd: 0, slvr: 10000}}]
Thu Jan 9 18:18:58 GMT+0300 2020 [INFO] [YandexMetrics.reachGoal] Call reach goal 'click_buy_product' for counter 31321471
Thu Jan 9 18:18:58 GMT+0300 2020 [INFO] Client said: 34: [null, "b.chkprchs", {prid: "pack9999", qnt: 1, pmnt: {srv: 3, ct3: null, ct2: null, tpid: "flrAq1", ct1: null, ctx: {dialogSource: "furnitureShopDialog"}}}]
Thu Jan 9 18:18:50 GMT+0300 2020 [INFO] [YandexMetrics.reachGoal] Call reach goal 'show_payment_dialog' for counter 31321471
Thu Jan 9 18:18:33 GMT+0300 2020 [INFO] Server said: 34: ["h.r.rfr", {rm: {lev: 1, f: [{x: 3, rid: "outside", y: 0, z: 0, d: 3, tpid: "door4", lid: 4}, {x: 0, y: 0, z: 0, d: 5, tpid: "floor4", lid: 3}, {x: 13, y: 0, z: 0, d: 5, tpid: "wall15", lid: 2}, {x: 0, y: 0, z: 0, d: 3, tpid: "wall15", lid: 1}, {x: 0, y: 0, z: 0, d: 5, tpid: "flrAq1", lid: 91694562}], nm: "#livingRoom", l: 13, w: 13}}]
Thu Jan 9 18:18:31 GMT+0300 2020 [INFO] Server said: 34: ["frn.save", {inv: {c: {frn: {it: [{tid: "flrAq1", iid: "", c: 9}], id: "frn"}, gm: {it: [{tid: "blackMobileSkin", iid: "", c: 1}], id: "gm"}, cls: {it: [{tid: "girlUnderdress1", iid: "", c: 1}, {tid: "girlUnderdress2", iid: "", c: 1}], id: "cls"}, act: {it: [], id: "act"}, lt: {it: [], id: "lt"}}}, hs: {lev: 1, nm: "house", id: "livingroom", f: [{x: 3, rid: "outside", y: 0, z: 0, d: 3, tpid: "door4", lid: 4}, {x: 0, y: 0, z: 0, d: 5, tpid: "floor4", lid: 3}, {x: 13, y: 0, z: 0, d: 5, tpid: "wall15", lid: 2}, {x: 0, y: 0, z: 0, d: 3, tpid: "wall15", lid: 1}, {x: 0, y: 0, z: 0, d: 5, tpid: "flrAq1", lid: 91694562}], l: 13, w: 13}, ci: {sbrt: 0, crst: 0, vret: 0, rpt: 0, vfgc: 0, crt: 10, eml: null, vsexp: 1965298000, exp: 85800, vsact: true, sbid: null, actrd: 0, tts: null, plcmt: {}, fak: null, cmid: 0, compid: 0, ysct: 0, actrp: 0, ceid: 0, lgt: 0, spp: 0, gtrfrd: 0, skid: null, hrt: 10173, dr: true, lvt: 1578582518, pamns: {amn: []}, trid: null, vexp: 1965298000, skrt: 0, ys: 0, actrt: 0, rtrtm: 0, fexp: 0, strfrd: 0, as: null, shcr: true, kyktid: null, shousd: false, bcld: 0, lrnt: 0, gdc: 0, vip: true, lwts: 0, trcd: 0}}]
Thu Jan 9 18:18:21 GMT+0300 2020 [INFO] Client said: 34: ["house_350_livingroom", "h.r.rfr", {}]
Thu Jan 9 18:18:21 GMT+0300 2020 [INFO] Server said: 34: ["frn.save", {inv: {c: {frn: {it: [{tid: "flrAq1", iid: "", c: 9}], id: "frn"}, gm: {it: [{tid: "blackMobileSkin", iid: "", c: 1}], id: "gm"}, cls: {it: [{tid: "girlUnderdress1", iid: "", c: 1}, {tid: "girlUnderdress2", iid: "", c: 1}], id: "cls"}, act: {it: [], id: "act"}, lt: {it: [], id: "lt"}}}, hs: {lev: 1, nm: "house", id: "livingroom", f: [{x: 0, y: 0, z: 0, d: 5, tpid: "flrAq1", lid: 91694562}, {x: 0, y: 0, z: 0, d: 5, tpid: "floor4", lid: 3}, {x: 13, y: 0, z: 0, d: 5, tpid: "wall15", lid: 2}, {x: 0, y: 0, z: 0, d: 3, tpid: "wall15", lid: 1}, {x: 3, rid: "outside", y: 0, z: 0, d: 3, tpid: "door4", lid: 4}], l: 13, w: 13}, ci: {sbrt: 0, crst: 0, vret: 0, rpt: 0, vfgc: 0, crt: 10, eml: null, vsexp: 1965298000, exp: 85800, vsact: true, sbid: null, actrd: 0, tts: null, plcmt: {}, fak: null, cmid: 0, compid: 0, ysct: 0, actrp: 0, ceid: 0, lgt: 0, spp: 0, gtrfrd: 0, skid: null, hrt: 10173, dr: true, lvt: 1578582518, pamns: {amn: []}, trid: null, vexp: 1965298000, skrt: 0, ys: 0, actrt: 0, rtrtm: 0, fexp: 0, strfrd: 0, as: null, shcr: true, kyktid: null, shousd: false, bcld: 0, lrnt: 0, gdc: 0, vip: true, lwts: 0, trcd: 0}}]
Thu Jan 9 18:18:21 GMT+0300 2020 [INFO] Client said: 34: ["house_350_livingroom", "frn.save", {f: [{oid: 91694562, y: 0, t: 1, z: 0, x: 0, d: 5, tpid: "flrAq1", tm: 1578583091529}]}]
Thu Jan 9 18:18:13 GMT+0300 2020 [INFO] Client said: 34: ["house_350_livingroom", "frn.save", {f: [{oid: 91694562, y: 0, t: 1, z: 0, x: 0, d: 5, tpid: "flrAq1", tm: 1578583091529}]}]
Thu Jan 9 18:18:10 GMT+0300 2020 [INFO] Loaded  LoadingItem(url: http://62.113.113.58:8080/files/swf/furniture/decor/FloorAquarium1.swf, status: 2) 
Thu Jan 9 18:17:58 GMT+0300 2020 [INFO] Server said: 34: ["ntf.res", {res: {gld: 108, enrg: 500, emd: 0, slvr: 10000}}]
Thu Jan 9 18:17:58 GMT+0300 2020 [INFO] Server said: 34: ["ntf.inv", {it: {tid: "flrAq1", iid: "", c: 10}}]
Thu Jan 9 18:17:57 GMT+0300 2020 [INFO] Client said: 34: [null, "frn.buy", {pind: 1, tpid: "flrAq1", cnt: 10}]
Thu Jan 9 18:17:55 GMT+0300 2020 [INFO] Server said: 34: ["b.ingld", {ingld: 9999}]
Thu Jan 9 18:17:55 GMT+0300 2020 [INFO] Server said: 34: ["ntf.res", {res: {gld: 20098, enrg: 500, emd: 0, slvr: 10000}}]
Thu Jan 9 18:17:55 GMT+0300 2020 [INFO] [YandexMetrics.reachGoal] Call reach goal 'click_buy_product' for counter 31321471
Thu Jan 9 18:17:55 GMT+0300 2020 [INFO] Client said: 34: [null, "b.chkprchs", {prid: "pack9999", qnt: 1, pmnt: {srv: 3, ct3: null, ct2: null, tpid: "flrAq1", ct1: null, ctx: {dialogSource: "furnitureShopDialog"}}}]
Thu Jan 9 18:17:52 GMT+0300 2020 [INFO] [YandexMetrics.reachGoal] Call reach goal 'show_payment_dialog' for counter 31321471
Thu Jan 9 18:17:50 GMT+0300 2020 [INFO] Server said: 34: ["b.ingld", {ingld: 9999}]
Thu Jan 9 18:17:50 GMT+0300 2020 [INFO] Server said: 34: ["ntf.res", {res: {gld: 10099, enrg: 500, emd: 0, slvr: 10000}}]
Thu Jan 9 18:17:49 GMT+0300 2020 [INFO] [YandexMetrics.reachGoal] Call reach goal 'click_buy_product' for counter 31321471
Thu Jan 9 18:17:49 GMT+0300 2020 [INFO] Client said: 34: [null, "b.chkprchs", {prid: "pack9999", qnt: 1, pmnt: {srv: 3, ct3: null, ct2: null, tpid: "flrAq1", ct1: null, ctx: {dialogSource: "furnitureShopDialog"}}}]
Thu Jan 9 18:17:45 GMT+0300 2020 [INFO] [YandexMetrics.onCounterInit] Yandex metrics counter 31321471 inited
Thu Jan 9 18:17:45 GMT+0300 2020 [INFO] [YandexMetrics.reachGoal] Call reach goal 'show_payment_dialog' for counter 31321471
Thu Jan 9 18:17:44 GMT+0300 2020 [INFO] Server said: 34: ["spt.init", {a: false}]
Thu Jan 9 18:17:43 GMT+0300 2020 [INFO] [YandexMetrics.initCounter] Try to init Yandex metrics counter 31321471
Thu Jan 9 18:17:43 GMT+0300 2020 [INFO] Client said: 34: [null, "spt.init", {}]