ClientError: Thu Jan 9 22:59:43 GMT+0800 2020 [CRITICAL] [house] *Uncaught Error* ErrorId: 1010 ErrorName: TypeError ErrorMessage:Error #1010 ErrorStackTrace:TypeError: Error #1010
	at _-1u9::URL/parse()
	at _-1u9::URL()
	at _-18R::LoadingItem()
	at _-18R::SWFLoadingItem()
	at _-0bS::MassLoader/add()
	at _-0bS::MassLoader/_-2R5()
	at flash.events::EventDispatcher/dispatchEvent()
	at _-18R::LoadingItem/_-1Iu()
	at _-18R::LoadingItem/onError()
	at _-18R::SWFLoadingItem/onError()
	at flash.events::EventDispatcher/dispatchEvent()
	at flash.net::URLLoader/onComplete()
Thu Jan 9 22:59:22 GMT+0800 2020 [INFO] Server said: 34: ["ntf.res", {res: {slvr: 0, gld: 2882, emd: 0, enrg: 500}}]
Thu Jan 9 22:59:22 GMT+0800 2020 [INFO] Server said: 34: ["ntf.inv", {it: {tid: "pdmNY20Flr", c: 1, iid: ""}}]
Thu Jan 9 22:59:22 GMT+0800 2020 [INFO] Client said: 34: [null, "frn.buy", {tpid: "pdmNY20Flr", pind: 1, cnt: 1}]
Thu Jan 9 22:59:18 GMT+0800 2020 [INFO] Server said: 34: ["ntf.res", {res: {slvr: 0, gld: 2942, emd: 0, enrg: 500}}]
Thu Jan 9 22:59:18 GMT+0800 2020 [INFO] Server said: 34: ["ntf.inv", {it: {tid: "pdmNY20Wll", c: 1, iid: ""}}]
Thu Jan 9 22:59:18 GMT+0800 2020 [INFO] Client said: 34: [null, "frn.buy", {tpid: "pdmNY20Wll", pind: 1, cnt: 1}]
Thu Jan 9 22:58:50 GMT+0800 2020 [INFO] Server said: 34: ["h.r.ra", {plr: {apprnc: {pc: 1, rc: 1, bt: 0, et: 2, shc: 1, brt: 1, g: 2, mc: 3, ss: 0, hc: 7, sc: 1, ssc: 1, fat: 0, fft: 0, n: "BRFF", brc: 1, rg: 0, ec: 1, sh: 0, nct: 0, mt: 7, bc: 1, pt: 0, ht: 122, fac: 1}, ci: {trid: null, ysct: 0, fexp: 0, trcd: 0, fak: null, crt: 802, hrt: 174, gdc: 0, sbrt: 0, shcr: true, lgt: 0, plcmt: {}, ys: 0, vip: true, pamns: {amn: []}, strfrd: 0, vsexp: 1965298000, crst: 0, vsact: true, gtrfrd: 0, rtrtm: 0, vret: 0, rpt: 0, kyktid: null, vfgc: 0, actrt: 0, lrnt: 0, compid: 0, ceid: 0, sbid: null, actrp: 0, actrd: 0, cmid: 0, shousd: false, dr: true, spp: 0, lwts: 0, as: null, tts: null, skid: null, eml: null, lvt: 1578581650, skrt: 0, exp: 85800, vexp: 1965298000, bcld: 0}, pf: {pf: {jntr: {tp: "jntr", l: 20, pgs: 0}, vsgst: {tp: "vsgst", l: 20, pgs: 0}, grdnr: {tp: "grdnr", l: 20, pgs: 0}, phtghr: {tp: "phtghr", l: 20, pgs: 0}}}, locinfo: {x: 3.55, s: "127.0.0.1", y: 5.8, at: "", d: 4, shlc: true, pl: "", l: "house_382_livingroom", st: 23}, mbm: {sk: "blackMobileSkin", ac: null}, clths: {clths: [{tpid: "girlBtsSh", clid: null}, {tpid: "girlSktSh", clid: null}, {tpid: "girlStkNY20Slv", clid: null}, {tpid: "girlTShrtSh", clid: null}]}, uid: "382", usrinf: {rl: 0}}}]
Thu Jan 9 22:58:48 GMT+0800 2020 [INFO] Client said: 34: ["house_382_livingroom", "h.r.ra", {}]
Thu Jan 9 22:58:48 GMT+0800 2020 [INFO] Server said: 34: ["a.clths.buy", {clths: {clths: [{tpid: "girlBtsSh", clid: null}, {tpid: "girlSktSh", clid: null}, {tpid: "girlStkNY20Slv", clid: null}, {tpid: "girlTShrtSh", clid: null}]}, res: {slvr: 0, emd: 0, gld: 2987, enrg: 500}, inv: {c: {cls: {it: [{tid: "girlUnderdress1", c: 1, iid: ""}, {tid: "girlUnderdress2", c: 1, iid: ""}, {tid: "girlShirt12", c: 1, iid: ""}, {tid: "girlPants9", c: 1, iid: ""}, {tid: "girlShoes14", c: 1, iid: ""}], id: "cls"}, act: {it: [], id: "act"}, frn: {it: [], id: "frn"}, gm: {it: [{tid: "blackMobileSkin", c: 1, iid: ""}], id: "gm"}, lt: {it: [], id: "lt"}}}, ccltn: {cn: "", ctp: "casual", cct: ["girlBtsSh", "girlSktSh", "girlStkNY20Slv", "girlTShrtSh"]}, crt: 802}]
Thu Jan 9 22:58:48 GMT+0800 2020 [INFO] Client said: 34: [null, "a.clths.buy", {tpid: "girlBtsSh", pind: 2, ctp: "casual"}]
Thu Jan 9 22:58:26 GMT+0800 2020 [INFO] Server said: 34: ["h.r.ra", {plr: {apprnc: {pc: 1, rc: 1, bt: 0, et: 2, shc: 1, brt: 1, g: 2, mc: 3, ss: 0, hc: 7, sc: 1, ssc: 1, fat: 0, fft: 0, n: "BRFF", brc: 1, rg: 0, ec: 1, sh: 0, nct: 0, mt: 7, bc: 1, pt: 0, ht: 122, fac: 1}, ci: {trid: null, ysct: 0, fexp: 0, trcd: 0, fak: null, crt: 402, hrt: 174, gdc: 0, sbrt: 0, shcr: true, lgt: 0, plcmt: {}, ys: 0, vip: true, pamns: {amn: []}, strfrd: 0, vsexp: 1965298000, crst: 0, vsact: true, gtrfrd: 0, rtrtm: 0, vret: 0, rpt: 0, kyktid: null, vfgc: 0, actrt: 0, lrnt: 0, compid: 0, ceid: 0, sbid: null, actrp: 0, actrd: 0, cmid: 0, shousd: false, dr: true, spp: 0, lwts: 0, as: null, tts: null, skid: null, eml: null, lvt: 1578581650, skrt: 0, exp: 85800, vexp: 1965298000, bcld: 0}, pf: {pf: {jntr: {tp: "jntr", l: 20, pgs: 0}, vsgst: {tp: "vsgst", l: 20, pgs: 0}, grdnr: {tp: "grdnr", l: 20, pgs: 0}, phtghr: {tp: "phtghr", l: 20, pgs: 0}}}, locinfo: {x: 3.55, s: "127.0.0.1", y: 5.8, at: "", d: 4, shlc: true, pl: "", l: "house_382_livingroom", st: 23}, mbm: {sk: "blackMobileSkin", ac: null}, clths: {clths: [{tpid: "girlSktSh", clid: null}, {tpid: "girlStkNY20Slv", clid: null}, {tpid: "girlShoes14", clid: null}, {tpid: "girlTShrtSh", clid: null}]}, uid: "382", usrinf: {rl: 0}}}]
Thu Jan 9 22:58:26 GMT+0800 2020 [INFO] Client said: 34: ["house_382_livingroom", "h.r.ra", {}]
Thu Jan 9 22:58:26 GMT+0800 2020 [INFO] Server said: 34: ["a.clths.buy", {clths: {clths: [{tpid: "girlSktSh", clid: null}, {tpid: "girlStkNY20Slv", clid: null}, {tpid: "girlShoes14", clid: null}, {tpid: "girlTShrtSh", clid: null}]}, res: {slvr: 10000, emd: 0, gld: 2987, enrg: 500}, inv: {c: {cls: {it: [{tid: "girlUnderdress1", c: 1, iid: ""}, {tid: "girlUnderdress2", c: 1, iid: ""}, {tid: "girlShirt12", c: 1, iid: ""}, {tid: "girlPants9", c: 1, iid: ""}], id: "cls"}, act: {it: [], id: "act"}, frn: {it: [], id: "frn"}, gm: {it: [{tid: "blackMobileSkin", c: 1, iid: ""}], id: "gm"}, lt: {it: [], id: "lt"}}}, ccltn: {cn: "", ctp: "casual", cct: ["girlSktSh", "girlStkNY20Slv", "girlShoes14", "girlTShrtSh"]}, crt: 402}]
Thu Jan 9 22:58:25 GMT+0800 2020 [INFO] Client said: 34: [null, "a.clths.buy", {tpid: "girlStkNY20Slv", pind: 1, ctp: "casual"}]
Thu Jan 9 22:58:14 GMT+0800 2020 [INFO] Server said: 34: ["h.r.ra", {plr: {apprnc: {pc: 1, rc: 1, bt: 0, et: 2, shc: 1, brt: 1, g: 2, mc: 3, ss: 0, hc: 7, sc: 1, ssc: 1, fat: 0, fft: 0, n: "BRFF", brc: 1, rg: 0, ec: 1, sh: 0, nct: 0, mt: 7, bc: 1, pt: 0, ht: 122, fac: 1}, ci: {trid: null, ysct: 0, fexp: 0, trcd: 0, fak: null, crt: 222, hrt: 174, gdc: 0, sbrt: 0, shcr: true, lgt: 0, plcmt: {}, ys: 0, vip: true, pamns: {amn: []}, strfrd: 0, vsexp: 1965298000, crst: 0, vsact: true, gtrfrd: 0, rtrtm: 0, vret: 0, rpt: 0, kyktid: null, vfgc: 0, actrt: 0, lrnt: 0, compid: 0, ceid: 0, sbid: null, actrp: 0, actrd: 0, cmid: 0, shousd: false, dr: true, spp: 0, lwts: 0, as: null, tts: null, skid: null, eml: null, lvt: 1578581650, skrt: 0, exp: 85800, vexp: 1965298000, bcld: 0}, pf: {pf: {jntr: {tp: "jntr", l: 20, pgs: 0}, vsgst: {tp: "vsgst", l: 20, pgs: 0}, grdnr: {tp: "grdnr", l: 20, pgs: 0}, phtghr: {tp: "phtghr", l: 20, pgs: 0}}}, locinfo: {x: 3.55, s: "127.0.0.1", y: 5.8, at: "", d: 4, shlc: true, pl: "", l: "house_382_livingroom", st: 23}, mbm: {sk: "blackMobileSkin", ac: null}, clths: {clths: [{tpid: "girlSktSh", clid: null}, {tpid: "girlPants9", clid: null}, {tpid: "girlShoes14", clid: null}, {tpid: "girlTShrtSh", clid: null}]}, uid: "382", usrinf: {rl: 0}}}]
Thu Jan 9 22:58:14 GMT+0800 2020 [INFO] Client said: 34: ["house_382_livingroom", "h.r.ra", {}]
Thu Jan 9 22:58:14 GMT+0800 2020 [INFO] Server said: 34: ["a.clths.buy", {clths: {clths: [{tpid: "girlSktSh", clid: null}, {tpid: "girlPants9", clid: null}, {tpid: "girlShoes14", clid: null}, {tpid: "girlTShrtSh", clid: null}]}, res: {slvr: 10000, emd: 0, gld: 3047, enrg: 500}, inv: {c: {cls: {it: [{tid: "girlUnderdress1", c: 1, iid: ""}, {tid: "girlUnderdress2", c: 1, iid: ""}, {tid: "girlShirt12", c: 1, iid: ""}], id: "cls"}, act: {it: [], id: "act"}, frn: {it: [], id: "frn"}, gm: {it: [{tid: "blackMobileSkin", c: 1, iid: ""}], id: "gm"}, lt: {it: [], id: "lt"}}}, ccltn: {cn: "", ctp: "casual", cct: ["girlSktSh", "girlPants9", "girlShoes14", "girlTShrtSh"]}, crt: 222}]
Thu Jan 9 22:58:13 GMT+0800 2020 [INFO] Client said: 34: [null, "a.clths.buy", {tpid: "girlSktSh", pind: 1, ctp: "casual"}]
Thu Jan 9 22:56:46 GMT+0800 2020 [INFO] Server said: 34: ["h.r.ra", {plr: {apprnc: {pc: 1, rc: 1, bt: 0, et: 2, shc: 1, brt: 1, g: 2, mc: 3, ss: 0, hc: 7, sc: 1, ssc: 1, fat: 0, fft: 0, n: "BRFF", brc: 1, rg: 0, ec: 1, sh: 0, nct: 0, mt: 7, bc: 1, pt: 0, ht: 122, fac: 1}, ci: {trid: null, ysct: 0, fexp: 0, trcd: 0, fak: null, crt: 130, hrt: 174, gdc: 0, sbrt: 0, shcr: true, lgt: 0, plcmt: {}, ys: 0, vip: true, pamns: {amn: []}, strfrd: 0, vsexp: 1965298000, crst: 0, vsact: true, gtrfrd: 0, rtrtm: 0, vret: 0, rpt: 0, kyktid: null, vfgc: 0, actrt: 0, lrnt: 0, compid: 0, ceid: 0, sbid: null, actrp: 0, actrd: 0, cmid: 0, shousd: false, dr: true, spp: 0, lwts: 0, as: null, tts: null, skid: null, eml: null, lvt: 1578581650, skrt: 0, exp: 85800, vexp: 1965298000, bcld: 0}, pf: {pf: {jntr: {tp: "jntr", l: 20, pgs: 0}, vsgst: {tp: "vsgst", l: 20, pgs: 0}, grdnr: {tp: "grdnr", l: 20, pgs: 0}, phtghr: {tp: "phtghr", l: 20, pgs: 0}}}, locinfo: {x: 3.55, s: "127.0.0.1", y: 5.8, at: "", d: 4, shlc: true, pl: "", l: "house_382_livingroom", st: 23}, mbm: {sk: "blackMobileSkin", ac: null}, clths: {clths: [{tpid: "girlPants9", clid: null}, {tpid: "girlShoes14", clid: null}, {tpid: "girlTShrtSh", clid: null}]}, uid: "382", usrinf: {rl: 0}}}]
Thu Jan 9 22:56:45 GMT+0800 2020 [INFO] Client said: 34: ["house_382_livingroom", "h.r.ra", {}]
Thu Jan 9 22:56:45 GMT+0800 2020 [INFO] Server said: 34: ["a.clths.buy", {clths: {clths: [{tpid: "girlPants9", clid: null}, {tpid: "girlShoes14", clid: null}, {tpid: "girlTShrtSh", clid: null}]}, res: {slvr: 10000, emd: 0, gld: 3070, enrg: 500}, inv: {c: {cls: {it: [{tid: "girlUnderdress1", c: 1, iid: ""}, {tid: "girlUnderdress2", c: 1, iid: ""}, {tid: "girlShirt12", c: 1, iid: ""}], id: "cls"}, act: {it: [], id: "act"}, frn: {it: [], id: "frn"}, gm: {it: [{tid: "blackMobileSkin", c: 1, iid: ""}], id: "gm"}, lt: {it: [], id: "lt"}}}, ccltn: {cn: "", ctp: "casual", cct: ["girlPants9", "girlShoes14", "girlTShrtSh"]}, crt: 130}]
Thu Jan 9 22:56:45 GMT+0800 2020 [INFO] Client said: 34: [null, "a.clths.buy", {tpid: "girlTShrtSh", pind: 1, ctp: "casual"}]
Thu Jan 9 22:56:25 GMT+0800 2020 [INFO] Client said: 34: ["house_382_livingroom", "h.r.u", {x: 3.55, y: 5.8, at: "", d: 5, uid: "382", st: 23}]
Thu Jan 9 22:56:22 GMT+0800 2020 [INFO] Client said: 34: ["house_382_livingroom", "h.r.m", {dx: 3.55, dy: 5.8, uid: "382", sy: 0.1, sx: 4.05}]
Thu Jan 9 22:56:21 GMT+0800 2020 [INFO] Server said: 34: ["h.r.ra", {plr: {apprnc: {pc: 1, rc: 1, bt: 0, et: 2, shc: 1, brt: 1, g: 2, mc: 3, ss: 0, hc: 7, sc: 1, ssc: 1, fat: 0, fft: 0, n: "BRFF", brc: 1, rg: 0, ec: 1, sh: 0, nct: 0, mt: 7, bc: 1, pt: 0, ht: 122, fac: 1}, ci: {trid: null, ysct: 0, fexp: 0, trcd: 0, fak: null, crt: 10, hrt: 174, gdc: 0, sbrt: 0, shcr: true, lgt: 0, plcmt: {}, ys: 0, vip: true, pamns: {amn: []}, strfrd: 0, vsexp: 1965298000, crst: 0, vsact: true, gtrfrd: 0, rtrtm: 0, vret: 0, rpt: 0, kyktid: null, vfgc: 0, actrt: 0, lrnt: 0, compid: 0, ceid: 0, sbid: null, actrp: 0, actrd: 0, cmid: 0, shousd: false, dr: true, spp: 0, lwts: 0, as: null, tts: null, skid: null, eml: null, lvt: 1578581650, skrt: 0, exp: 85800, vexp: 1965298000, bcld: 0}, pf: {pf: {jntr: {tp: "jntr", l: 20, pgs: 0}, vsgst: {tp: "vsgst", l: 20, pgs: 0}, grdnr: {tp: "grdnr", l: 20, pgs: 0}, phtghr: {tp: "phtghr", l: 20, pgs: 0}}}, locinfo: {x: 4.05, s: "127.0.0.1", y: 0.1, at: "", d: 4, shlc: true, pl: "", l: "house_382_livingroom", st: 0}, mbm: {sk: "blackMobileSkin", ac: null}, clths: {clths: [{tpid: "girlShirt12", clid: null}, {tpid: "girlShoes14", clid: null}, {tpid: "girlPants9", clid: null}]}, uid: "382", usrinf: {rl: 0}}}]
Thu Jan 9 22:56:21 GMT+0800 2020 [INFO] Server said: 34: ["h.r.ra", {plr: {apprnc: {pc: 1, rc: 1, bt: 0, et: 2, shc: 1, brt: 1, g: 2, mc: 3, ss: 0, hc: 7, sc: 1, ssc: 1, fat: 0, fft: 0, n: "BRFF", brc: 1, rg: 0, ec: 1, sh: 0, nct: 0, mt: 7, bc: 1, pt: 0, ht: 122, fac: 1}, ci: {trid: null, ysct: 0, fexp: 0, trcd: 0, fak: null, crt: 10, hrt: 174, gdc: 0, sbrt: 0, shcr: true, lgt: 0, plcmt: {}, ys: 0, vip: true, pamns: {amn: []}, strfrd: 0, vsexp: 1965298000, crst: 0, vsact: true, gtrfrd: 0, rtrtm: 0, vret: 0, rpt: 0, kyktid: null, vfgc: 0, actrt: 0, lrnt: 0, compid: 0, ceid: 0, sbid: null, actrp: 0, actrd: 0, cmid: 0, shousd: false, dr: true, spp: 0, lwts: 0, as: null, tts: null, skid: null, eml: null, lvt: 1578581650, skrt: 0, exp: 85800, vexp: 1965298000, bcld: 0}, pf: {pf: {jntr: {tp: "jntr", l: 20, pgs: 0}, vsgst: {tp: "vsgst", l: 20, pgs: 0}, grdnr: {tp: "grdnr", l: 20, pgs: 0}, phtghr: {tp: "phtghr", l: 20, pgs: 0}}}, locinfo: {x: 4.05, s: "127.0.0.1", y: 0.1, at: "", d: 4, shlc: true, pl: "", l: "house_382_livingroom", st: 0}, mbm: {sk: "blackMobileSkin", ac: null}, clths: {clths: [{tpid: "girlShirt12", clid: null}, {tpid: "girlShoes14", clid: null}, {tpid: "girlPants9", clid: null}]}, uid: "382", usrinf: {rl: 0}}}]
Thu Jan 9 22:56:21 GMT+0800 2020 [INFO] Client said: 34: ["house_382_livingroom", "h.r.ra", {}]
Thu Jan 9 22:56:21 GMT+0800 2020 [INFO] Client said: 34: ["house_382_livingroom", "h.r.ra", {}]
Thu Jan 9 22:56:21 GMT+0800 2020 [INFO] Server said: 34: ["a.apprnc.save", {apprnc: {pc: 1, rc: 1, bt: 0, et: 2, shc: 1, brt: 1, g: 2, mc: 3, ss: 0, hc: 7, sc: 1, ssc: 1, fat: 0, fft: 0, n: "BRFF", brc: 1, rg: 0, ec: 1, sh: 0, nct: 0, mt: 7, bc: 1, pt: 0, ht: 122, fac: 1}}]
Thu Jan 9 22:56:20 GMT+0800 2020 [INFO] Client said: 34: [null, "a.apprnc.save", {apprnc: {pc: 1, rc: 1, bt: 0, et: 2, shc: 1, brt: 1, g: 2, mc: 3, ss: 0, hc: 7, sc: 1, ssc: 1, fat: 0, brc: 1, n: "BRFF", pt: 0, rg: 0, ec: 1, sh: 0, nct: 0, fft: 0, mt: 7, bc: 1, ht: 122, fac: 1}}]
Thu Jan 9 22:55:21 GMT+0800 2020 [INFO] Server said: 34: ["b.ingld", {ingld: 1500}]
Thu Jan 9 22:55:21 GMT+0800 2020 [INFO] Server said: 34: ["ntf.res", {res: {slvr: 10000, gld: 3100, emd: 0, enrg: 500}}]
Thu Jan 9 22:55:21 GMT+0800 2020 [INFO] [YandexMetrics.reachGoal] Call reach goal 'click_buy_product' for counter 31321471
Thu Jan 9 22:55:21 GMT+0800 2020 [INFO] Client said: 34: [null, "b.chkprchs", {pmnt: null, prid: "pack1500", qnt: 1}]
Thu Jan 9 22:55:19 GMT+0800 2020 [INFO] [YandexMetrics.reachGoal] Call reach goal 'show_payment_dialog' for counter 31321471
Thu Jan 9 22:55:15 GMT+0800 2020 [INFO] Server said: 34: ["b.ingld", {ingld: 1500}]
Thu Jan 9 22:55:15 GMT+0800 2020 [INFO] Server said: 34: ["ntf.res", {res: {slvr: 10000, gld: 1600, emd: 0, enrg: 500}}]
Thu Jan 9 22:55:15 GMT+0800 2020 [INFO] [YandexMetrics.reachGoal] Call reach goal 'click_buy_product' for counter 31321471