ClientError: Thu Jan 9 17:26:20 GMT+0200 2020 [CRITICAL] [house] *Uncaught Error* ErrorId: 1010 ErrorName: TypeError ErrorMessage:Error #1010 ErrorStackTrace:TypeError: Error #1010
	at _-1u9::URL/parse()
	at _-1u9::URL()
	at _-18R::LoadingItem()
	at _-18R::SWFLoadingItem()
	at _-0bS::MassLoader/add()
	at _-0bS::MassLoader/_-2R5()
	at flash.events::EventDispatcher/dispatchEvent()
	at _-18R::LoadingItem/_-1Iu()
	at _-18R::LoadingItem/onError()
	at _-18R::SWFLoadingItem/onError()
	at flash.events::EventDispatcher/dispatchEvent()
	at flash.net::URLLoader/onComplete()
Thu Jan 9 17:25:54 GMT+0200 2020 [INFO] Loaded  LoadingItem(url: http://62.113.113.58:8080/files/swf/furniture/house/WallPoppy.swf, status: 2) 
Thu Jan 9 17:25:53 GMT+0200 2020 [INFO] Loaded  LoadingItem(url: http://62.113.113.58:8080/files/swf/furniture/house/DoorGarageTechno.swf, status: 2) 
Thu Jan 9 17:25:45 GMT+0200 2020 [INFO] Loaded  LoadingItem(url: http://62.113.113.58:8080/files/swf/furniture/house/FloorGarageTechno.swf, status: 2) 
Thu Jan 9 17:25:34 GMT+0200 2020 [INFO] Loaded  LoadingItem(url: http://62.113.113.58:8080/files/swf/furniture/house/FloorCarpetGrass.swf, status: 2) 
Thu Jan 9 17:25:33 GMT+0200 2020 [INFO] Loaded  LoadingItem(url: http://62.113.113.58:8080/files/swf/furniture/house/WindowGarageTechno.swf, status: 2) 
Thu Jan 9 17:25:29 GMT+0200 2020 [INFO] Server said: 34: ["srqst.gtrq", {rqlst: {rlst: {}, rsprlst: {}, lapt: {}, shwdt: 0}}]
Thu Jan 9 17:25:29 GMT+0200 2020 [INFO] Server said: 34: ["srqst.gtrq", {rqlst: {rlst: {}, rsprlst: {}, lapt: {}, shwdt: 0}}]
Thu Jan 9 17:25:29 GMT+0200 2020 [INFO] Server said: 34: ["srqst.gtrq", {rqlst: {rlst: {}, rsprlst: {}, lapt: {}, shwdt: 0}}]
Thu Jan 9 17:25:29 GMT+0200 2020 [INFO] Server said: 34: ["srqst.gtrq", {rqlst: {rlst: {}, rsprlst: {}, lapt: {}, shwdt: 0}}]
Thu Jan 9 17:25:29 GMT+0200 2020 [INFO] Server said: 34: ["srqst.gtrq", {rqlst: {rlst: {}, rsprlst: {}, lapt: {}, shwdt: 0}}]
Thu Jan 9 17:25:29 GMT+0200 2020 [INFO] Server said: 34: ["srqst.gtrq", {rqlst: {rlst: {}, rsprlst: {}, lapt: {}, shwdt: 0}}]
Thu Jan 9 17:25:29 GMT+0200 2020 [INFO] Server said: 34: ["srqst.gtrq", {rqlst: {rlst: {}, rsprlst: {}, lapt: {}, shwdt: 0}}]
Thu Jan 9 17:25:29 GMT+0200 2020 [INFO] Server said: 34: ["srqst.gtrq", {rqlst: {rlst: {}, rsprlst: {}, lapt: {}, shwdt: 0}}]
Thu Jan 9 17:25:29 GMT+0200 2020 [INFO] Server said: 34: ["srqst.gtrq", {rqlst: {rlst: {}, rsprlst: {}, lapt: {}, shwdt: 0}}]
Thu Jan 9 17:25:29 GMT+0200 2020 [INFO] Server said: 34: ["srqst.gtrq", {rqlst: {rlst: {}, rsprlst: {}, lapt: {}, shwdt: 0}}]
Thu Jan 9 17:25:29 GMT+0200 2020 [INFO] Server said: 34: ["srqst.gtrq", {rqlst: {rlst: {}, rsprlst: {}, lapt: {}, shwdt: 0}}]
Thu Jan 9 17:25:29 GMT+0200 2020 [INFO] Client said: 34: [null, "nws.getglbl", {}]
Thu Jan 9 17:25:29 GMT+0200 2020 [INFO] Server said: 34: ["nws.hasnews", {gnunr: true, gnexst: true}]
Thu Jan 9 17:25:28 GMT+0200 2020 [INFO] Server said: 34: ["cp.cht.gbl", {blcklst: {uids: []}}]