ClientError: Thu Jan 9 21:13:58 GMT+0600 2020 [CRITICAL] [house] *Uncaught Error* ErrorId: 1009 ErrorName: TypeError ErrorMessage:Error #1009 ErrorStackTrace:TypeError: Error #1009
	at _-371::SupportNetManager/init()
	at _-4I::_-Ss/init()
	at _-Qp::_-1DK/onAddedToStage()
	at _-0qh::UIManager/_-1oS()
	at _-0qh::UIManager/showModal()
	at _-Qp::_-1DK/showModal()
	at _-19Y::TopPanel/_-3oC()
Thu Jan 9 21:13:57 GMT+0600 2020 [INFO] Client said: 34: ["house_722_3", "h.r.m", {dy: 6.55, uid: "722", sy: 2.72, sx: 4.05, dx: 3.11}]
Thu Jan 9 21:13:57 GMT+0600 2020 [INFO] Client said: 34: ["house_722_3", "h.r.m", {dy: 8.75, uid: "722", sy: 1.64, sx: 4.05, dx: 2.88}]
Thu Jan 9 21:13:56 GMT+0600 2020 [INFO] Client said: 34: ["house_722_3", "h.r.m", {dy: 8.75, uid: "722", sy: 0.1, sx: 4.05, dx: 2.88}]
Thu Jan 9 21:13:51 GMT+0600 2020 [INFO] Server said: 34: ["b.inslv", {inslv: 5000}]
Thu Jan 9 21:13:51 GMT+0600 2020 [INFO] Server said: 34: ["ntf.res", {res: {gld: 11449, emd: 0, enrg: 500, slvr: 304700}}]
Thu Jan 9 21:13:51 GMT+0600 2020 [INFO] Server said: 34: ["b.inslv", {inslv: 5000}]
Thu Jan 9 21:13:51 GMT+0600 2020 [INFO] Server said: 34: ["ntf.res", {res: {gld: 11499, emd: 0, enrg: 500, slvr: 299700}}]
Thu Jan 9 21:13:51 GMT+0600 2020 [INFO] Server said: 34: ["b.inslv", {inslv: 5000}]
Thu Jan 9 21:13:51 GMT+0600 2020 [INFO] Server said: 34: ["ntf.res", {res: {gld: 11549, emd: 0, enrg: 500, slvr: 294700}}]
Thu Jan 9 21:13:51 GMT+0600 2020 [INFO] Server said: 34: ["b.inslv", {inslv: 5000}]
Thu Jan 9 21:13:51 GMT+0600 2020 [INFO] Server said: 34: ["ntf.res", {res: {gld: 11599, emd: 0, enrg: 500, slvr: 289700}}]
Thu Jan 9 21:13:47 GMT+0600 2020 [INFO] Client said: 34: [null, "b.bs", {gld: 50}]
Thu Jan 9 21:13:45 GMT+0600 2020 [INFO] Client said: 34: [null, "b.bs", {gld: 50}]
Thu Jan 9 21:13:43 GMT+0600 2020 [INFO] Client said: 34: [null, "b.bs", {gld: 50}]
Thu Jan 9 21:13:41 GMT+0600 2020 [INFO] Client said: 34: [null, "b.bs", {gld: 50}]
Thu Jan 9 21:13:38 GMT+0600 2020 [INFO] Server said: 34: ["b.inslv", {inslv: 5000}]
Thu Jan 9 21:13:38 GMT+0600 2020 [INFO] Server said: 34: ["ntf.res", {res: {gld: 11649, emd: 0, enrg: 500, slvr: 284700}}]
Thu Jan 9 21:13:37 GMT+0600 2020 [INFO] Client said: 34: [null, "b.bs", {gld: 50}]
Thu Jan 9 21:13:33 GMT+0600 2020 [INFO] Server said: 34: ["b.inslv", {inslv: 5000}]
Thu Jan 9 21:13:33 GMT+0600 2020 [INFO] Server said: 34: ["ntf.res", {res: {gld: 11699, emd: 0, enrg: 500, slvr: 279700}}]
Thu Jan 9 21:13:33 GMT+0600 2020 [INFO] Client said: 34: [null, "b.bs", {gld: 50}]
Thu Jan 9 21:13:30 GMT+0600 2020 [INFO] Server said: 34: ["b.inslv", {inslv: 5000}]
Thu Jan 9 21:13:30 GMT+0600 2020 [INFO] Server said: 34: ["ntf.res", {res: {gld: 11749, emd: 0, enrg: 500, slvr: 274700}}]
Thu Jan 9 21:13:29 GMT+0600 2020 [INFO] Client said: 34: [null, "b.bs", {gld: 50}]
Thu Jan 9 21:13:27 GMT+0600 2020 [INFO] Server said: 34: ["b.inslv", {inslv: 5000}]
Thu Jan 9 21:13:27 GMT+0600 2020 [INFO] Server said: 34: ["ntf.res", {res: {gld: 11799, emd: 0, enrg: 500, slvr: 269700}}]
Thu Jan 9 21:13:25 GMT+0600 2020 [INFO] Client said: 34: [null, "b.bs", {gld: 50}]
Thu Jan 9 21:13:22 GMT+0600 2020 [INFO] Server said: 34: ["b.inslv", {inslv: 5000}]
Thu Jan 9 21:13:22 GMT+0600 2020 [INFO] Server said: 34: ["ntf.res", {res: {gld: 11849, emd: 0, enrg: 500, slvr: 264700}}]
Thu Jan 9 21:13:22 GMT+0600 2020 [INFO] Client said: 34: [null, "b.bs", {gld: 50}]
Thu Jan 9 21:13:20 GMT+0600 2020 [INFO] Server said: 34: ["b.inslv", {inslv: 5000}]
Thu Jan 9 21:13:20 GMT+0600 2020 [INFO] Server said: 34: ["ntf.res", {res: {gld: 11899, emd: 0, enrg: 500, slvr: 259700}}]
Thu Jan 9 21:13:18 GMT+0600 2020 [INFO] Client said: 34: [null, "b.bs", {gld: 50}]
Thu Jan 9 21:13:16 GMT+0600 2020 [INFO] Server said: 34: ["b.inslv", {inslv: 5000}]
Thu Jan 9 21:13:15 GMT+0600 2020 [INFO] Server said: 34: ["ntf.res", {res: {gld: 11949, emd: 0, enrg: 500, slvr: 254700}}]
Thu Jan 9 21:13:15 GMT+0600 2020 [INFO] Client said: 34: [null, "b.bs", {gld: 50}]
Thu Jan 9 21:13:13 GMT+0600 2020 [INFO] Server said: 34: ["b.inslv", {inslv: 5000}]
Thu Jan 9 21:13:13 GMT+0600 2020 [INFO] Server said: 34: ["ntf.res", {res: {gld: 11999, emd: 0, enrg: 500, slvr: 249700}}]