ClientError: Thu Jan 9 20:56:06 GMT+0600 2020 [CRITICAL] [house] *Uncaught Error* ErrorId: 1009 ErrorName: TypeError ErrorMessage:Error #1009 ErrorStackTrace:TypeError: Error #1009
	at _-371::SupportNetManager/init()
	at _-4I::_-Ss/init()
	at _-Qp::_-1DK/onAddedToStage()
	at _-0qh::UIManager/_-1oS()
	at _-0qh::UIManager/showModal()
	at _-Qp::_-1DK/showModal()
	at _-19Y::TopPanel/_-3oC()
Thu Jan 9 20:55:15 GMT+0600 2020 [INFO] Client said: 34: ["house_722_livingroom", "h.r.u", {x: 4.05, uid: "722", y: 0.1, d: 4, st: 0}]
Thu Jan 9 20:55:15 GMT+0600 2020 [INFO] Server said: 34: ["lg.lst", {glst: []}]
Thu Jan 9 20:55:15 GMT+0600 2020 [INFO] Client said: 34: ["house_722_livingroom", "lg.lst", {}]
Thu Jan 9 20:55:14 GMT+0600 2020 [INFO] Server said: 34: ["h.r.info", {rm: {lev: 1, nm: "#livingRoom", f: [{x: 0, lid: 1, y: 0, z: 0, d: 3, tpid: "wall15"}, {x: 3, lid: 4, y: 0, z: 0, rid: "outside", d: 3, tpid: "door4"}, {x: 13, lid: 2, y: 0, z: 0, d: 5, tpid: "wall15"}, {x: 0, lid: 3, y: 0, z: 0, d: 5, tpid: "floor4"}], l: 13, w: 13, id: "livingroom"}, evn: null, rmmb: [{pf: {pf: {grdnr: {l: 20, pgs: 0, tp: "grdnr"}, jntr: {l: 20, pgs: 0, tp: "jntr"}, phtghr: {l: 20, pgs: 0, tp: "phtghr"}, vsgst: {l: 20, pgs: 0, tp: "vsgst"}}}, uid: "722", usrinf: {rl: 0}, apprnc: {ssc: 1, ec: 5, nct: 0, hc: 1, pt: 0, rc: 1, bt: 0, fft: 0, g: 2, mt: 5, sc: 1, rg: 0, shc: 1, et: 1, ss: 0, n: "бσρӟӹú εнσϯ", mc: 1, sh: 0, fac: 1, ht: 131, pc: 1, brc: 1, fat: 0, brt: 1, bc: 1}, ci: {kyktid: null, shcr: true, strfrd: 0, spp: 0, bcld: 0, lwts: 0, actrp: 0, trcd: 0, ceid: 0, exp: 85800, sbrt: 0, rtrtm: 0, rpt: 0, actrt: 0, vret: 0, plcmt: {}, dr: true, vip: true, eml: null, hrt: 174, trid: null, fexp: 0, skid: null, sbid: null, vsexp: 1965298000, crt: 1318, cmid: 0, lgt: 0, lrnt: 0, crst: 0, ysct: 0, vsact: true, as: null, vfgc: 0, ys: 0, actrd: 0, gdc: 0, skrt: 0, fak: null, pamns: {amn: []}, shousd: false, lvt: 1578581666, compid: 0, gtrfrd: 0, tts: null, vexp: 1965298000}, clths: {clths: [{clid: null, tpid: "grlHlwnVmpWng"}, {clid: null, tpid: "grlHlwnVmpHat"}, {clid: null, tpid: "grlHlwnVmpShs"}, {clid: null, tpid: "grlHlwnVmpNckl"}, {clid: null, tpid: "grlHlwnVmpGlv"}, {clid: null, tpid: "grlHlwnVmpDrs"}]}, mbm: {ac: null, sk: "blackMobileSkin"}, locinfo: {x: -1, s: "127.0.0.1", at: "", y: -1, d: 4, shlc: true, pl: "", st: 0, l: "house_722_livingroom"}}]}]
Thu Jan 9 20:55:14 GMT+0600 2020 [INFO] Client said: 34: ["house_722_livingroom", "h.r.info", {rid: "livingroom", uid: "722"}]
Thu Jan 9 20:55:14 GMT+0600 2020 [INFO] Server said: 34: ["h.gr", {rid: "house_722_livingroom"}]
Thu Jan 9 20:55:14 GMT+0600 2020 [INFO] Server said: 16: ["house_722_livingroom", "722"]
Thu Jan 9 20:55:14 GMT+0600 2020 [INFO] Server said: 34: ["h.r.jn", {plr: {pf: {pf: {grdnr: {l: 20, pgs: 0, tp: "grdnr"}, jntr: {l: 20, pgs: 0, tp: "jntr"}, phtghr: {l: 20, pgs: 0, tp: "phtghr"}, vsgst: {l: 20, pgs: 0, tp: "vsgst"}}}, uid: "722", usrinf: {rl: 0}, apprnc: {ssc: 1, ec: 5, nct: 0, hc: 1, pt: 0, rc: 1, bt: 0, fft: 0, g: 2, mt: 5, sc: 1, rg: 0, shc: 1, et: 1, ss: 0, n: "бσρӟӹú εнσϯ", mc: 1, sh: 0, fac: 1, ht: 131, pc: 1, brc: 1, fat: 0, brt: 1, bc: 1}, ci: {kyktid: null, shcr: true, strfrd: 0, spp: 0, bcld: 0, lwts: 0, actrp: 0, trcd: 0, ceid: 0, exp: 85800, sbrt: 0, rtrtm: 0, rpt: 0, actrt: 0, vret: 0, plcmt: {}, dr: true, vip: true, eml: null, hrt: 174, trid: null, fexp: 0, skid: null, sbid: null, vsexp: 1965298000, crt: 1318, cmid: 0, lgt: 0, lrnt: 0, crst: 0, ysct: 0, vsact: true, as: null, vfgc: 0, ys: 0, actrd: 0, gdc: 0, skrt: 0, fak: null, pamns: {amn: []}, shousd: false, lvt: 1578581666, compid: 0, gtrfrd: 0, tts: null, vexp: 1965298000}, clths: {clths: [{clid: null, tpid: "grlHlwnVmpWng"}, {clid: null, tpid: "grlHlwnVmpHat"}, {clid: null, tpid: "grlHlwnVmpShs"}, {clid: null, tpid: "grlHlwnVmpNckl"}, {clid: null, tpid: "grlHlwnVmpGlv"}, {clid: null, tpid: "grlHlwnVmpDrs"}]}, mbm: {ac: null, sk: "blackMobileSkin"}, locinfo: {x: -1, s: "127.0.0.1", at: "", y: -1, d: 4, shlc: true, pl: "", st: 0, l: "house_722_livingroom"}}}]
Thu Jan 9 20:55:13 GMT+0600 2020 [INFO] Server said: 34: ["srqst.gtrq", {rqlst: {rlst: {}, rsprlst: {}, shwdt: 0, lapt: {}}}]
Thu Jan 9 20:55:13 GMT+0600 2020 [INFO] Server said: 34: ["srqst.gtrq", {rqlst: {rlst: {}, rsprlst: {}, shwdt: 0, lapt: {}}}]
Thu Jan 9 20:55:13 GMT+0600 2020 [INFO] Server said: 34: ["srqst.gtrq", {rqlst: {rlst: {}, rsprlst: {}, shwdt: 0, lapt: {}}}]
Thu Jan 9 20:55:13 GMT+0600 2020 [INFO] Server said: 34: ["srqst.gtrq", {rqlst: {rlst: {}, rsprlst: {}, shwdt: 0, lapt: {}}}]
Thu Jan 9 20:55:13 GMT+0600 2020 [INFO] Server said: 34: ["srqst.gtrq", {rqlst: {rlst: {}, rsprlst: {}, shwdt: 0, lapt: {}}}]
Thu Jan 9 20:55:13 GMT+0600 2020 [INFO] Server said: 34: ["srqst.gtrq", {rqlst: {rlst: {}, rsprlst: {}, shwdt: 0, lapt: {}}}]
Thu Jan 9 20:55:13 GMT+0600 2020 [INFO] Server said: 34: ["srqst.gtrq", {rqlst: {rlst: {}, rsprlst: {}, shwdt: 0, lapt: {}}}]
Thu Jan 9 20:55:13 GMT+0600 2020 [INFO] Server said: 34: ["srqst.gtrq", {rqlst: {rlst: {}, rsprlst: {}, shwdt: 0, lapt: {}}}]
Thu Jan 9 20:55:13 GMT+0600 2020 [INFO] Server said: 34: ["srqst.gtrq", {rqlst: {rlst: {}, rsprlst: {}, shwdt: 0, lapt: {}}}]
Thu Jan 9 20:55:13 GMT+0600 2020 [INFO] Server said: 34: ["srqst.gtrq", {rqlst: {rlst: {}, rsprlst: {}, shwdt: 0, lapt: {}}}]
Thu Jan 9 20:55:13 GMT+0600 2020 [INFO] Server said: 34: ["srqst.gtrq", {rqlst: {rlst: {}, rsprlst: {}, shwdt: 0, lapt: {}}}]
Thu Jan 9 20:55:12 GMT+0600 2020 [INFO] Client said: 34: [null, "nws.getglbl", {}]
Thu Jan 9 20:55:12 GMT+0600 2020 [INFO] Server said: 34: ["nws.hasnews", {gnexst: true, gnunr: true}]
Thu Jan 9 20:55:12 GMT+0600 2020 [INFO] Server said: 34: ["cp.cht.gbl", {blcklst: {uids: []}}]
Thu Jan 9 20:55:12 GMT+0600 2020 [INFO] Client said: 34: [null, "h.gr", {gid: "722", lid: "house", rid: "livingroom"}]
Thu Jan 9 20:55:12 GMT+0600 2020 [INFO] Loaded  LoadingItem(url: http://62.113.113.58:8080/files/swf/furniture/house/DoorWood.swf, status: 2) 
Thu Jan 9 20:55:12 GMT+0600 2020 [INFO] Loaded  LoadingItem(url: http://62.113.113.58:8080/files/swf/furniture/house/WallPoppy.swf, status: 2) 