ClientError: Thu Jan 9 21:18:36 GMT+0600 2020 [CRITICAL] [house] *Uncaught Error* ErrorId: 1009 ErrorName: TypeError ErrorMessage:Error #1009 ErrorStackTrace:TypeError: Error #1009
	at MethodInfo-2()
	at flash.events::EventDispatcher/dispatchEvent()
	at _-jr::FurnitureLoader/_-2qc()
	at flash.events::EventDispatcher/dispatchEvent()
	at _-0bS::MassLoader/_-4Ql()
	at _-0bS::MassLoader/_-WZ()
	at flash.events::EventDispatcher/dispatchEvent()
	at _-18R::LoadingItem/onComplete()
	at _-18R::SWFLoadingItem/onComplete()
	at MethodInfo-7()
	at MethodInfo-3593()
	at SetIntervalTimer/onTimer()
	at flash.utils::Timer/tick()
Thu Jan 9 21:18:36 GMT+0600 2020 [INFO] Loaded  LoadingItem(url: http://62.113.113.58:8080/files/swf/furniture/furniture/ChairSnowboundPolar.swf, status: 2) 
Thu Jan 9 21:18:11 GMT+0600 2020 [INFO] Server said: 34: ["ntf.res", {res: {gld: 17204, emd: 0, enrg: 500, slvr: 304700}}]
Thu Jan 9 21:18:11 GMT+0600 2020 [INFO] Server said: 34: ["ntf.inv", {it: {c: 3, tid: "drgnThrn2019", iid: ""}}]
Thu Jan 9 21:18:09 GMT+0600 2020 [INFO] Client said: 34: [null, "frn.buy", {pind: 1, cnt: 3, tpid: "drgnThrn2019"}]
Thu Jan 9 21:18:00 GMT+0600 2020 [INFO] Loaded  LoadingItem(url: http://62.113.113.58:8080/files/swf/furniture/furniture/DragonThrone2019.swf, status: 2) 
Thu Jan 9 21:16:28 GMT+0600 2020 [INFO] Server said: 34: ["h.r.rfr", {rm: {nm: "Комната 3", f: [{x: 0, lid: 64960010, y: 0, z: 0, d: 5, tpid: "drgn2019Flr"}, {x: 0, lid: 1743023, y: 0, z: 2.5, d: 3, tpid: "wdwAln1"}, {x: 0, lid: 45138054, y: 0, z: 0, d: 3, tpid: "drgn2019Wll"}, {x: 13, lid: 45138055, y: 0, z: 0, d: 5, tpid: "drgn2019Wll"}, {x: 4.234375, lid: 4, y: 0, z: 0, rid: "outside", d: 3, tpid: "drgn2019Dr"}, {x: 8, lid: 66562725, y: 0, z: 2.5, d: 3, tpid: "wdwAln1"}], l: 13, w: 13, lev: 2}}]
Thu Jan 9 21:16:26 GMT+0600 2020 [INFO] Server said: 34: ["frn.save", {ci: {kyktid: null, shcr: true, strfrd: 0, spp: 0, bcld: 0, lwts: 0, actrp: 0, trcd: 0, ceid: 0, exp: 85800, sbrt: 0, rtrtm: 0, rpt: 0, actrt: 0, vret: 0, plcmt: {}, dr: true, vip: true, eml: null, hrt: 1174, trid: null, fexp: 0, skid: null, sbid: null, vsexp: 1965298000, crt: 4242, cmid: 0, lgt: 0, lrnt: 0, crst: 0, ysct: 0, vsact: true, as: null, vfgc: 0, ys: 0, actrd: 0, gdc: 0, skrt: 0, fak: null, pamns: {amn: []}, shousd: false, lvt: 1578581666, compid: 0, gtrfrd: 0, tts: null, vexp: 1965298000}, hs: {lev: 2, nm: "house", f: [{x: 0, lid: 64960010, y: 0, z: 0, d: 5, tpid: "drgn2019Flr"}, {x: 0, lid: 1743023, y: 0, z: 2.5, d: 3, tpid: "wdwAln1"}, {x: 0, lid: 45138054, y: 0, z: 0, d: 3, tpid: "drgn2019Wll"}, {x: 13, lid: 45138055, y: 0, z: 0, d: 5, tpid: "drgn2019Wll"}, {x: 4.234375, lid: 4, y: 0, z: 0, rid: "outside", d: 3, tpid: "drgn2019Dr"}, {x: 8, lid: 66562725, y: 0, z: 2.5, d: 3, tpid: "wdwAln1"}], l: 13, w: 13, id: "3"}, inv: {c: {cls: {it: [{c: 1, tid: "girlUnderdress1", iid: ""}, {c: 1, tid: "girlShirt12", iid: ""}, {c: 1, tid: "girlPants9", iid: ""}, {c: 1, tid: "girlNY20VKGiftPllvDr", iid: ""}, {c: 1, tid: "girlShoes14", iid: ""}, {c: 1, tid: "girlUnderdress2", iid: ""}, {c: 1, tid: "girlNY20VKGiftPllvChrst", iid: ""}, {c: 1, tid: "grlHlwnVmpDrs", iid: ""}, {c: 1, tid: "girlTShrtOnceColab", iid: ""}, {c: 1, tid: "girlNY20VKGiftPllvCnd", iid: ""}, {c: 1, tid: "girlTShrtSh", iid: ""}, {c: 1, tid: "grlHlwnVmpShs", iid: ""}, {c: 1, tid: "grlHlwnVmpGlv", iid: ""}, {c: 1, tid: "girlTShrtPnk23Feb19", iid: ""}, {c: 1, tid: "girlScksPnk23Feb19", iid: ""}, {c: 1, tid: "girlBtsPnk23Feb19", iid: ""}, {c: 1, tid: "grlHlwnVmpNckl", iid: ""}, {c: 1, tid: "girlTShrtFrog", iid: ""}, {c: 1, tid: "girlJcktPnk23Feb19", iid: ""}, {c: 1, tid: "girlPntsFrog", iid: ""}, {c: 1, tid: "girlBtsFrog", iid: ""}, {c: 1, tid: "grlHlwnVmpHat", iid: ""}, {c: 1, tid: "girlTShrtHp", iid: ""}, {c: 1, tid: "girlSktPnk23Feb19", iid: ""}, {c: 1, tid: "girlBtsHp", iid: ""}, {c: 1, tid: "girlNcklFrog", iid: ""}, {c: 1, tid: "girlErrHp", iid: ""}, {c: 1, tid: "girlTShrtIris", iid: ""}, {c: 1, tid: "girlSktIris", iid: ""}, {c: 1, tid: "girlBtsIris", iid: ""}, {c: 1, tid: "grlHlwnVmpWng", iid: ""}, {c: 1, tid: "girlAcsEstr19", iid: ""}, {c: 1, tid: "girlGlssHp", iid: ""}, {c: 1, tid: "girlHtHp", iid: ""}, {c: 1, tid: "girlPntsHp", iid: ""}, {c: 1, tid: "girlTShrtEstr19", iid: ""}, {c: 1, tid: "girlSktEstr19", iid: ""}, {c: 1, tid: "girlBtsEstr19", iid: ""}, {c: 1, tid: "girlHrEstr19", iid: ""}, {c: 1, tid: "girlNoseEstr19", iid: ""}], id: "cls"}, lt: {it: [], id: "lt"}, frn: {it: [{c: 1, tid: "flrNYRf", iid: ""}, {c: 1, tid: "wllNYRf", iid: ""}, {c: 1, tid: "wall15", iid: ""}, {c: 1, tid: "floor4", iid: ""}, {c: 1, tid: "door4", iid: ""}], id: "frn"}, act: {it: [], id: "act"}, gm: {it: [{c: 1, tid: "blackMobileSkin", iid: ""}], id: "gm"}}}}]
Thu Jan 9 21:16:16 GMT+0600 2020 [INFO] Client said: 34: ["house_722_3", "h.r.rfr", {}]
Thu Jan 9 21:16:16 GMT+0600 2020 [INFO] Server said: 34: ["frn.save", {ci: {kyktid: null, shcr: true, strfrd: 0, spp: 0, bcld: 0, lwts: 0, actrp: 0, trcd: 0, ceid: 0, exp: 85800, sbrt: 0, rtrtm: 0, rpt: 0, actrt: 0, vret: 0, plcmt: {}, dr: true, vip: true, eml: null, hrt: 1174, trid: null, fexp: 0, skid: null, sbid: null, vsexp: 1965298000, crt: 4242, cmid: 0, lgt: 0, lrnt: 0, crst: 0, ysct: 0, vsact: true, as: null, vfgc: 0, ys: 0, actrd: 0, gdc: 0, skrt: 0, fak: null, pamns: {amn: []}, shousd: false, lvt: 1578581666, compid: 0, gtrfrd: 0, tts: null, vexp: 1965298000}, hs: {lev: 2, nm: "house", f: [{x: 0, lid: 64960010, y: 0, z: 0, d: 5, tpid: "drgn2019Flr"}, {x: 0, lid: 1743023, y: 0, z: 2.5, d: 3, tpid: "wdwAln1"}, {x: 0, lid: 45138054, y: 0, z: 0, d: 3, tpid: "drgn2019Wll"}, {x: 13, lid: 45138055, y: 0, z: 0, d: 5, tpid: "drgn2019Wll"}, {x: 4.234375, lid: 4, y: 0, z: 0, rid: "outside", d: 3, tpid: "drgn2019Dr"}, {x: 8, lid: 66562725, y: 0, z: 2.5, d: 3, tpid: "wdwAln1"}], l: 13, w: 13, id: "3"}, inv: {c: {cls: {it: [{c: 1, tid: "girlUnderdress1", iid: ""}, {c: 1, tid: "girlShirt12", iid: ""}, {c: 1, tid: "girlPants9", iid: ""}, {c: 1, tid: "girlNY20VKGiftPllvDr", iid: ""}, {c: 1, tid: "girlShoes14", iid: ""}, {c: 1, tid: "girlUnderdress2", iid: ""}, {c: 1, tid: "girlNY20VKGiftPllvChrst", iid: ""}, {c: 1, tid: "grlHlwnVmpDrs", iid: ""}, {c: 1, tid: "girlTShrtOnceColab", iid: ""}, {c: 1, tid: "girlNY20VKGiftPllvCnd", iid: ""}, {c: 1, tid: "girlTShrtSh", iid: ""}, {c: 1, tid: "grlHlwnVmpShs", iid: ""}, {c: 1, tid: "grlHlwnVmpGlv", iid: ""}, {c: 1, tid: "girlTShrtPnk23Feb19", iid: ""}, {c: 1, tid: "girlScksPnk23Feb19", iid: ""}, {c: 1, tid: "girlBtsPnk23Feb19", iid: ""}, {c: 1, tid: "grlHlwnVmpNckl", iid: ""}, {c: 1, tid: "girlTShrtFrog", iid: ""}, {c: 1, tid: "girlJcktPnk23Feb19", iid: ""}, {c: 1, tid: "girlPntsFrog", iid: ""}, {c: 1, tid: "girlBtsFrog", iid: ""}, {c: 1, tid: "grlHlwnVmpHat", iid: ""}, {c: 1, tid: "girlTShrtHp", iid: ""}, {c: 1, tid: "girlSktPnk23Feb19", iid: ""}, {c: 1, tid: "girlBtsHp", iid: ""}, {c: 1, tid: "girlNcklFrog", iid: ""}, {c: 1, tid: "girlErrHp", iid: ""}, {c: 1, tid: "girlTShrtIris", iid: ""}, {c: 1, tid: "girlSktIris", iid: ""}, {c: 1, tid: "girlBtsIris", iid: ""}, {c: 1, tid: "grlHlwnVmpWng", iid: ""}, {c: 1, tid: "girlAcsEstr19", iid: ""}, {c: 1, tid: "girlGlssHp", iid: ""}, {c: 1, tid: "girlHtHp", iid: ""}, {c: 1, tid: "girlPntsHp", iid: ""}, {c: 1, tid: "girlTShrtEstr19", iid: ""}, {c: 1, tid: "girlSktEstr19", iid: ""}, {c: 1, tid: "girlBtsEstr19", iid: ""}, {c: 1, tid: "girlHrEstr19", iid: ""}, {c: 1, tid: "girlNoseEstr19", iid: ""}], id: "cls"}, lt: {it: [], id: "lt"}, frn: {it: [{c: 1, tid: "flrNYRf", iid: ""}, {c: 1, tid: "wllNYRf", iid: ""}, {c: 1, tid: "wall15", iid: ""}, {c: 1, tid: "floor4", iid: ""}, {c: 1, tid: "door4", iid: ""}], id: "frn"}, act: {it: [], id: "act"}, gm: {it: [{c: 1, tid: "blackMobileSkin", iid: ""}], id: "gm"}}}}]
Thu Jan 9 21:16:12 GMT+0600 2020 [INFO] Client said: 34: ["house_722_3", "frn.save", {f: [{tm: 1578582943264, oid: 4, t: 3, tpid: "drgn2019Dr"}, {tm: 1578582958417, x: 4.234375, oid: 4, y: 0, t: 1, z: 0, d: 3, tpid: "drgn2019Dr"}, {tm: 1578582953139, x: 8, oid: 66562725, y: 0, t: 1, z: 2.5, d: 3, tpid: "wdwAln1"}, {tm: 1578582949653, x: 0, oid: 1743023, y: 0, t: 1, z: 2.5, d: 3, tpid: "wdwAln1"}]}]
Thu Jan 9 21:16:00 GMT+0600 2020 [INFO] Client said: 34: ["house_722_3", "frn.save", {f: [{tm: 1578582943264, oid: 4, t: 3, tpid: "drgn2019Dr"}, {tm: 1578582958417, x: 4.234375, oid: 4, y: 0, t: 1, z: 0, d: 3, tpid: "drgn2019Dr"}, {tm: 1578582953139, x: 8, oid: 66562725, y: 0, t: 1, z: 2.5, d: 3, tpid: "wdwAln1"}, {tm: 1578582949653, x: 0, oid: 1743023, y: 0, t: 1, z: 2.5, d: 3, tpid: "wdwAln1"}]}]
Thu Jan 9 21:15:22 GMT+0600 2020 [INFO] Server said: 34: ["ntf.res", {res: {gld: 17348, emd: 0, enrg: 500, slvr: 304700}}]
Thu Jan 9 21:15:21 GMT+0600 2020 [INFO] Server said: 34: ["ntf.inv", {it: {c: 2, tid: "wdwAln1", iid: ""}}]
Thu Jan 9 21:15:20 GMT+0600 2020 [INFO] Client said: 34: [null, "frn.buy", {pind: 1, cnt: 2, tpid: "wdwAln1"}]
Thu Jan 9 21:15:19 GMT+0600 2020 [INFO] Loaded  LoadingItem(url: http://62.113.113.58:8080/files/swf/furniture/house/WindowAlienBlack.swf, status: 2) 
Thu Jan 9 21:14:46 GMT+0600 2020 [INFO] Server said: 34: ["ntf.res", {res: {gld: 17406, emd: 0, enrg: 500, slvr: 304700}}]
Thu Jan 9 21:14:45 GMT+0600 2020 [INFO] Server said: 34: ["ntf.inv", {it: {c: 1, tid: "drgn2019Dr", iid: ""}}]
Thu Jan 9 21:14:43 GMT+0600 2020 [INFO] Client said: 34: [null, "frn.buy", {pind: 1, cnt: 1, tpid: "drgn2019Dr"}]
Thu Jan 9 21:14:41 GMT+0600 2020 [INFO] Loaded  LoadingItem(url: http://62.113.113.58:8080/files/swf/furniture/house/DoorDragon2019.swf, status: 2) 
Thu Jan 9 21:14:22 GMT+0600 2020 [INFO] Server said: 34: ["b.ingld", {ingld: 1500}]
Thu Jan 9 21:14:21 GMT+0600 2020 [INFO] Server said: 34: ["ntf.res", {res: {gld: 17449, emd: 0, enrg: 500, slvr: 304700}}]
Thu Jan 9 21:14:20 GMT+0600 2020 [INFO] Server said: 34: ["b.ingld", {ingld: 1500}]
Thu Jan 9 21:14:20 GMT+0600 2020 [INFO] Server said: 34: ["ntf.res", {res: {gld: 15949, emd: 0, enrg: 500, slvr: 304700}}]
Thu Jan 9 21:14:14 GMT+0600 2020 [INFO] Server said: 34: ["b.ingld", {ingld: 1500}]
Thu Jan 9 21:14:13 GMT+0600 2020 [INFO] Server said: 34: ["ntf.res", {res: {gld: 14449, emd: 0, enrg: 500, slvr: 304700}}]
Thu Jan 9 21:14:06 GMT+0600 2020 [INFO] Server said: 34: ["b.ingld", {ingld: 1500}]
Thu Jan 9 21:14:06 GMT+0600 2020 [INFO] Server said: 34: ["ntf.res", {res: {gld: 12949, emd: 0, enrg: 500, slvr: 304700}}]
Thu Jan 9 21:14:05 GMT+0600 2020 [INFO] [YandexMetrics.reachGoal] Call reach goal 'click_buy_product' for counter 31321471
Thu Jan 9 21:14:05 GMT+0600 2020 [INFO] Client said: 34: [null, "b.chkprchs", {qnt: 1, prid: "pack1500", pmnt: null}]