ClientError: Thu Jan 9 21:00:04 GMT+0600 2020 [CRITICAL] [house] *Uncaught Error* ErrorId: 1009 ErrorName: TypeError ErrorMessage:Error #1009 ErrorStackTrace:TypeError: Error #1009
	at _-371::SupportNetManager/init()
	at _-4I::_-Ss/init()
	at _-Qp::_-1DK/onAddedToStage()
	at _-0qh::UIManager/_-1oS()
	at _-0qh::UIManager/showModal()
	at _-Qp::_-1DK/showModal()
	at _-19Y::TopPanel/_-3oC()
Thu Jan 9 21:00:03 GMT+0600 2020 [INFO] Server said: 34: ["h.r.rfr", {rm: {nm: "#livingRoom", f: [{x: 0, lid: 3, y: 0, z: 0, d: 5, tpid: "floor4"}, {x: 13, lid: 2, y: 0, z: 0, d: 5, tpid: "wall15"}, {x: 12, lid: 2222143, y: 4, z: 0, d: 5, tpid: "csCtr"}, {x: 0, lid: 1, y: 0, z: 0, d: 3, tpid: "wall15"}, {x: 3, lid: 4, y: 0, z: 0, rid: "outside", d: 3, tpid: "door4"}], lev: 1, l: 13, w: 13}}]
Thu Jan 9 21:00:02 GMT+0600 2020 [INFO] Client said: 34: ["house_722_livingroom", "h.r.rfr", {}]
Thu Jan 9 21:00:02 GMT+0600 2020 [INFO] Server said: 34: ["frn.save", {ci: {kyktid: null, shcr: true, strfrd: 0, spp: 0, bcld: 0, lwts: 0, actrp: 0, trcd: 0, ceid: 0, exp: 85800, sbrt: 0, rtrtm: 0, rpt: 0, actrt: 0, vret: 0, plcmt: {}, dr: true, vip: true, eml: null, hrt: 374, trid: null, fexp: 0, skid: null, sbid: null, vsexp: 1965298000, crt: 1318, cmid: 0, lgt: 0, lrnt: 0, crst: 0, ysct: 0, vsact: true, as: null, vfgc: 0, ys: 0, actrd: 0, gdc: 0, skrt: 0, fak: null, pamns: {amn: []}, shousd: false, lvt: 1578581666, compid: 0, gtrfrd: 0, tts: null, vexp: 1965298000}, hs: {lev: 1, nm: "house", f: [{x: 0, lid: 3, y: 0, z: 0, d: 5, tpid: "floor4"}, {x: 13, lid: 2, y: 0, z: 0, d: 5, tpid: "wall15"}, {x: 12, lid: 2222143, y: 4, z: 0, d: 5, tpid: "csCtr"}, {x: 0, lid: 1, y: 0, z: 0, d: 3, tpid: "wall15"}, {x: 3, lid: 4, y: 0, z: 0, rid: "outside", d: 3, tpid: "door4"}], l: 13, w: 13, id: "livingroom"}, inv: {c: {cls: {it: [{c: 1, tid: "girlUnderdress1", iid: ""}, {c: 1, tid: "girlShirt12", iid: ""}, {c: 1, tid: "girlPants9", iid: ""}, {c: 1, tid: "girlNY20VKGiftPllvDr", iid: ""}, {c: 1, tid: "girlShoes14", iid: ""}, {c: 1, tid: "girlUnderdress2", iid: ""}, {c: 1, tid: "girlNY20VKGiftPllvChrst", iid: ""}], id: "cls"}, lt: {it: [], id: "lt"}, frn: {it: [], id: "frn"}, act: {it: [], id: "act"}, gm: {it: [{c: 1, tid: "blackMobileSkin", iid: ""}], id: "gm"}}}}]
Thu Jan 9 21:00:00 GMT+0600 2020 [INFO] Client said: 34: ["house_722_livingroom", "frn.save", {f: [{tm: 1578581999451, x: 12, oid: 2222143, y: 4, t: 1, z: 0, d: 5, tpid: "csCtr"}]}]
Thu Jan 9 20:59:54 GMT+0600 2020 [INFO] Server said: 34: ["ntf.res", {res: {gld: 4081, emd: 0, enrg: 500, slvr: 10000}}]
Thu Jan 9 20:59:54 GMT+0600 2020 [INFO] Server said: 34: ["ntf.inv", {it: {c: 1, tid: "csCtr", iid: ""}}]
Thu Jan 9 20:59:54 GMT+0600 2020 [INFO] Client said: 34: [null, "frn.buy", {pind: 1, cnt: 1, tpid: "csCtr"}]
Thu Jan 9 20:59:53 GMT+0600 2020 [INFO] Loaded  LoadingItem(url: http://62.113.113.58:8080/files/swf/furniture/furniture/CaseCountry.swf?2, status: 2) 
Thu Jan 9 20:58:39 GMT+0600 2020 [INFO] Server said: 34: ["h.r.rfr", {rm: {nm: "#livingRoom", f: [{x: 0, lid: 1, y: 0, z: 0, d: 3, tpid: "wall15"}, {x: 3, lid: 4, y: 0, z: 0, rid: "outside", d: 3, tpid: "door4"}, {x: 13, lid: 2, y: 0, z: 0, d: 5, tpid: "wall15"}, {x: 0, lid: 3, y: 0, z: 0, d: 5, tpid: "floor4"}], lev: 1, l: 13, w: 13}}]
Thu Jan 9 20:58:39 GMT+0600 2020 [INFO] Client said: 34: ["house_722_livingroom", "h.r.rfr", {}]
Thu Jan 9 20:58:39 GMT+0600 2020 [INFO] Server said: 34: ["frn.save", {ci: {kyktid: null, shcr: true, strfrd: 0, spp: 0, bcld: 0, lwts: 0, actrp: 0, trcd: 0, ceid: 0, exp: 85800, sbrt: 0, rtrtm: 0, rpt: 0, actrt: 0, vret: 0, plcmt: {}, dr: true, vip: true, eml: null, hrt: 174, trid: null, fexp: 0, skid: null, sbid: null, vsexp: 1965298000, crt: 1318, cmid: 0, lgt: 0, lrnt: 0, crst: 0, ysct: 0, vsact: true, as: null, vfgc: 0, ys: 0, actrd: 0, gdc: 0, skrt: 0, fak: null, pamns: {amn: []}, shousd: false, lvt: 1578581666, compid: 0, gtrfrd: 0, tts: null, vexp: 1965298000}, hs: {lev: 1, nm: "house", f: [{x: 0, lid: 1, y: 0, z: 0, d: 3, tpid: "wall15"}, {x: 3, lid: 4, y: 0, z: 0, rid: "outside", d: 3, tpid: "door4"}, {x: 13, lid: 2, y: 0, z: 0, d: 5, tpid: "wall15"}, {x: 0, lid: 3, y: 0, z: 0, d: 5, tpid: "floor4"}], l: 13, w: 13, id: "livingroom"}, inv: {c: {cls: {it: [{c: 1, tid: "girlUnderdress1", iid: ""}, {c: 1, tid: "girlShirt12", iid: ""}, {c: 1, tid: "girlPants9", iid: ""}, {c: 1, tid: "girlNY20VKGiftPllvDr", iid: ""}, {c: 1, tid: "girlShoes14", iid: ""}, {c: 1, tid: "girlUnderdress2", iid: ""}, {c: 1, tid: "girlNY20VKGiftPllvChrst", iid: ""}], id: "cls"}, lt: {it: [], id: "lt"}, frn: {it: [], id: "frn"}, act: {it: [], id: "act"}, gm: {it: [{c: 1, tid: "blackMobileSkin", iid: ""}], id: "gm"}}}}]
Thu Jan 9 20:58:39 GMT+0600 2020 [INFO] Client said: 34: ["house_722_livingroom", "frn.save", {f: []}]
Thu Jan 9 20:56:12 GMT+0600 2020 [INFO] Server said: 34: ["b.ingld", {ingld: 1500}]
Thu Jan 9 20:56:12 GMT+0600 2020 [INFO] Server said: 34: ["ntf.res", {res: {gld: 4160, emd: 0, enrg: 500, slvr: 10000}}]
Thu Jan 9 20:56:12 GMT+0600 2020 [INFO] [YandexMetrics.reachGoal] Call reach goal 'click_buy_product' for counter 31321471
Thu Jan 9 20:56:12 GMT+0600 2020 [INFO] Client said: 34: [null, "b.chkprchs", {qnt: 1, prid: "pack1500", pmnt: null}]