ClientError: Thu Jan 9 21:08:58 GMT+0600 2020 [CRITICAL] [house] *Uncaught Error* ErrorId: 1009 ErrorName: TypeError ErrorMessage:Error #1009 ErrorStackTrace:TypeError: Error #1009
	at _-371::SupportNetManager/init()
	at _-4I::_-Ss/init()
	at _-Qp::_-1DK/onAddedToStage()
	at _-0qh::UIManager/_-1oS()
	at _-0qh::UIManager/showModal()
	at _-Qp::_-1DK/showModal()
	at _-19Y::TopPanel/_-3oC()
Thu Jan 9 21:08:55 GMT+0600 2020 [INFO] Server said: 34: ["b.inslv", {inslv: 5000}]
Thu Jan 9 21:08:55 GMT+0600 2020 [INFO] Server said: 34: ["ntf.res", {res: {gld: 11802, emd: 0, enrg: 500, slvr: 144700}}]
Thu Jan 9 21:08:55 GMT+0600 2020 [INFO] Client said: 34: [null, "b.bs", {gld: 50}]
Thu Jan 9 21:08:50 GMT+0600 2020 [INFO] Server said: 34: ["b.inslv", {inslv: 5000}]
Thu Jan 9 21:08:49 GMT+0600 2020 [INFO] Server said: 34: ["ntf.res", {res: {gld: 11852, emd: 0, enrg: 500, slvr: 139700}}]
Thu Jan 9 21:08:49 GMT+0600 2020 [INFO] Client said: 34: [null, "b.bs", {gld: 50}]
Thu Jan 9 21:08:45 GMT+0600 2020 [INFO] Server said: 34: ["b.inslv", {inslv: 5000}]
Thu Jan 9 21:08:45 GMT+0600 2020 [INFO] Server said: 34: ["ntf.res", {res: {gld: 11902, emd: 0, enrg: 500, slvr: 134700}}]
Thu Jan 9 21:08:45 GMT+0600 2020 [INFO] Client said: 34: [null, "b.bs", {gld: 50}]
Thu Jan 9 21:08:42 GMT+0600 2020 [INFO] Server said: 34: ["b.inslv", {inslv: 5000}]
Thu Jan 9 21:08:41 GMT+0600 2020 [INFO] Server said: 34: ["ntf.res", {res: {gld: 11952, emd: 0, enrg: 500, slvr: 129700}}]
Thu Jan 9 21:08:41 GMT+0600 2020 [INFO] Client said: 34: [null, "b.bs", {gld: 50}]
Thu Jan 9 21:08:38 GMT+0600 2020 [INFO] Server said: 34: ["b.inslv", {inslv: 5000}]
Thu Jan 9 21:08:38 GMT+0600 2020 [INFO] Server said: 34: ["ntf.res", {res: {gld: 12002, emd: 0, enrg: 500, slvr: 124700}}]
Thu Jan 9 21:08:37 GMT+0600 2020 [INFO] Client said: 34: [null, "b.bs", {gld: 50}]
Thu Jan 9 21:08:34 GMT+0600 2020 [INFO] Server said: 34: ["b.inslv", {inslv: 5000}]
Thu Jan 9 21:08:34 GMT+0600 2020 [INFO] Server said: 34: ["ntf.res", {res: {gld: 12052, emd: 0, enrg: 500, slvr: 119700}}]
Thu Jan 9 21:08:34 GMT+0600 2020 [INFO] Client said: 34: [null, "b.bs", {gld: 50}]
Thu Jan 9 21:08:31 GMT+0600 2020 [INFO] Server said: 34: ["b.inslv", {inslv: 5000}]
Thu Jan 9 21:08:30 GMT+0600 2020 [INFO] Server said: 34: ["ntf.res", {res: {gld: 12102, emd: 0, enrg: 500, slvr: 114700}}]
Thu Jan 9 21:08:30 GMT+0600 2020 [INFO] Client said: 34: [null, "b.bs", {gld: 50}]
Thu Jan 9 21:08:27 GMT+0600 2020 [INFO] Server said: 34: ["b.inslv", {inslv: 5000}]
Thu Jan 9 21:08:26 GMT+0600 2020 [INFO] Server said: 34: ["ntf.res", {res: {gld: 12152, emd: 0, enrg: 500, slvr: 109700}}]
Thu Jan 9 21:08:26 GMT+0600 2020 [INFO] Client said: 34: [null, "b.bs", {gld: 50}]
Thu Jan 9 21:08:23 GMT+0600 2020 [INFO] Server said: 34: ["b.inslv", {inslv: 5000}]
Thu Jan 9 21:08:23 GMT+0600 2020 [INFO] Server said: 34: ["ntf.res", {res: {gld: 12202, emd: 0, enrg: 500, slvr: 104700}}]
Thu Jan 9 21:08:22 GMT+0600 2020 [INFO] Client said: 34: [null, "b.bs", {gld: 50}]
Thu Jan 9 21:08:11 GMT+0600 2020 [INFO] Client said: 34: [null, "cln.grci", {clid: "grcm"}]
Thu Jan 9 21:08:07 GMT+0600 2020 [INFO] Server said: 34: ["b.inslv", {inslv: 5000}]
Thu Jan 9 21:08:07 GMT+0600 2020 [INFO] Server said: 34: ["ntf.res", {res: {gld: 12252, emd: 0, enrg: 500, slvr: 99700}}]
Thu Jan 9 21:08:06 GMT+0600 2020 [INFO] Client said: 34: [null, "b.bs", {gld: 50}]
Thu Jan 9 21:08:03 GMT+0600 2020 [INFO] Server said: 34: ["b.inslv", {inslv: 5000}]
Thu Jan 9 21:08:03 GMT+0600 2020 [INFO] Server said: 34: ["ntf.res", {res: {gld: 12302, emd: 0, enrg: 500, slvr: 94700}}]
Thu Jan 9 21:08:02 GMT+0600 2020 [INFO] Client said: 34: [null, "b.bs", {gld: 50}]
Thu Jan 9 21:07:59 GMT+0600 2020 [INFO] Server said: 34: ["b.inslv", {inslv: 5000}]
Thu Jan 9 21:07:58 GMT+0600 2020 [INFO] Server said: 34: ["ntf.res", {res: {gld: 12352, emd: 0, enrg: 500, slvr: 89700}}]
Thu Jan 9 21:07:58 GMT+0600 2020 [INFO] Client said: 34: [null, "b.bs", {gld: 50}]
Thu Jan 9 21:07:49 GMT+0600 2020 [INFO] Server said: 34: ["b.inslv", {inslv: 5000}]