ClientError: Thu Jan 9 21:05:16 GMT+0600 2020 [CRITICAL] [house] *Uncaught Error* ErrorId: 1009 ErrorName: TypeError ErrorMessage:Error #1009 ErrorStackTrace:TypeError: Error #1009
	at _-371::SupportNetManager/init()
	at _-4I::_-Ss/init()
	at _-Qp::_-1DK/onAddedToStage()
	at _-0qh::UIManager/_-1oS()
	at _-0qh::UIManager/showModal()
	at _-Qp::_-1DK/showModal()
	at _-19Y::TopPanel/_-3oC()
Thu Jan 9 21:05:06 GMT+0600 2020 [INFO] Server said: 34: ["b.inslv", {inslv: 5000}]
Thu Jan 9 21:05:06 GMT+0600 2020 [INFO] Server said: 34: ["ntf.res", {res: {gld: 11746, emd: 0, enrg: 500, slvr: 51000}}]
Thu Jan 9 21:05:05 GMT+0600 2020 [INFO] Client said: 34: [null, "b.bs", {gld: 50}]
Thu Jan 9 21:05:02 GMT+0600 2020 [INFO] Server said: 34: ["b.inslv", {inslv: 5000}]
Thu Jan 9 21:05:01 GMT+0600 2020 [INFO] Server said: 34: ["ntf.res", {res: {gld: 11796, emd: 0, enrg: 500, slvr: 46000}}]
Thu Jan 9 21:05:00 GMT+0600 2020 [INFO] Server said: 34: ["b.inslv", {inslv: 5000}]
Thu Jan 9 21:05:00 GMT+0600 2020 [INFO] Server said: 34: ["ntf.res", {res: {gld: 11846, emd: 0, enrg: 500, slvr: 41000}}]
Thu Jan 9 21:04:59 GMT+0600 2020 [INFO] Client said: 34: [null, "b.bs", {gld: 50}]
Thu Jan 9 21:04:58 GMT+0600 2020 [INFO] Client said: 34: [null, "b.bs", {gld: 50}]
Thu Jan 9 21:04:54 GMT+0600 2020 [INFO] Server said: 34: ["b.inslv", {inslv: 5000}]
Thu Jan 9 21:04:54 GMT+0600 2020 [INFO] Server said: 34: ["ntf.res", {res: {gld: 11896, emd: 0, enrg: 500, slvr: 36000}}]
Thu Jan 9 21:04:53 GMT+0600 2020 [INFO] Client said: 34: [null, "b.bs", {gld: 50}]
Thu Jan 9 21:04:48 GMT+0600 2020 [INFO] Server said: 34: ["b.inslv", {inslv: 5000}]
Thu Jan 9 21:04:48 GMT+0600 2020 [INFO] Server said: 34: ["ntf.res", {res: {gld: 11946, emd: 0, enrg: 500, slvr: 31000}}]
Thu Jan 9 21:04:47 GMT+0600 2020 [INFO] Client said: 34: [null, "b.bs", {gld: 50}]
Thu Jan 9 21:04:44 GMT+0600 2020 [INFO] Server said: 34: ["b.inslv", {inslv: 5000}]
Thu Jan 9 21:04:44 GMT+0600 2020 [INFO] Server said: 34: ["ntf.res", {res: {gld: 11996, emd: 0, enrg: 500, slvr: 26000}}]
Thu Jan 9 21:04:43 GMT+0600 2020 [INFO] Client said: 34: [null, "b.bs", {gld: 50}]
Thu Jan 9 21:04:42 GMT+0600 2020 [INFO] Server said: 34: ["b.inslv", {inslv: 5000}]
Thu Jan 9 21:04:42 GMT+0600 2020 [INFO] Server said: 34: ["ntf.res", {res: {gld: 12046, emd: 0, enrg: 500, slvr: 21000}}]
Thu Jan 9 21:04:40 GMT+0600 2020 [INFO] Client said: 34: [null, "b.bs", {gld: 50}]
Thu Jan 9 21:04:39 GMT+0600 2020 [INFO] Server said: 34: ["b.inslv", {inslv: 5000}]
Thu Jan 9 21:04:38 GMT+0600 2020 [INFO] Server said: 34: ["ntf.res", {res: {gld: 12096, emd: 0, enrg: 500, slvr: 16000}}]
Thu Jan 9 21:04:37 GMT+0600 2020 [INFO] Client said: 34: [null, "b.bs", {gld: 50}]
Thu Jan 9 21:04:32 GMT+0600 2020 [INFO] Server said: 34: ["b.inslv", {inslv: 5000}]
Thu Jan 9 21:04:32 GMT+0600 2020 [INFO] Server said: 34: ["ntf.res", {res: {gld: 12146, emd: 0, enrg: 500, slvr: 11000}}]
Thu Jan 9 21:04:31 GMT+0600 2020 [INFO] Server said: 34: ["h.r.ra", {plr: {pf: {pf: {grdnr: {l: 20, pgs: 0, tp: "grdnr"}, jntr: {l: 20, pgs: 0, tp: "jntr"}, phtghr: {l: 20, pgs: 0, tp: "phtghr"}, vsgst: {l: 20, pgs: 0, tp: "vsgst"}}}, uid: "722", usrinf: {rl: 0}, apprnc: {ssc: 1, ec: 5, nct: 0, hc: 1, pt: 0, rc: 1, bt: 0, fft: 0, g: 2, mt: 5, sc: 1, rg: 0, shc: 1, et: 1, ss: 0, n: "бσρӟӹú εнσϯ", mc: 1, sh: 0, fac: 1, ht: 131, pc: 1, brc: 1, fat: 0, brt: 1, bc: 1}, ci: {kyktid: null, shcr: true, strfrd: 0, spp: 0, bcld: 0, lwts: 0, actrp: 0, trcd: 0, ceid: 0, exp: 85800, sbrt: 0, rtrtm: 0, rpt: 0, actrt: 0, vret: 0, plcmt: {}, dr: true, vip: true, eml: null, hrt: 374, trid: null, fexp: 0, skid: null, sbid: null, vsexp: 1965298000, crt: 3441, cmid: 0, lgt: 0, lrnt: 0, crst: 0, ysct: 0, vsact: true, as: null, vfgc: 0, ys: 0, actrd: 0, gdc: 0, skrt: 0, fak: null, pamns: {amn: []}, shousd: false, lvt: 1578581666, compid: 0, gtrfrd: 0, tts: null, vexp: 1965298000}, clths: {clths: [{clid: null, tpid: "grlHlwnVmpWng"}, {clid: null, tpid: "girlGlssHp"}, {clid: null, tpid: "girlTShrtIris"}, {clid: null, tpid: "girlCtHp"}, {clid: null, tpid: "girlNcklIris"}, {clid: null, tpid: "girlSktIris"}, {clid: null, tpid: "girlBtsIris"}, {clid: null, tpid: "girlGlvsPnk23Feb19"}, {clid: null, tpid: "girlHtHp"}, {clid: null, tpid: "girlPntsHp"}, {clid: null, tpid: "girlErrIris"}]}, mbm: {ac: null, sk: "blackMobileSkin"}, locinfo: {x: 4.05, s: "127.0.0.1", at: "", y: 0.1, d: 4, shlc: true, pl: "", st: 0, l: "house_722_livingroom"}}}]
Thu Jan 9 21:04:29 GMT+0600 2020 [INFO] Server said: 34: ["b.inslv", {inslv: 5000}]
Thu Jan 9 21:04:29 GMT+0600 2020 [INFO] Server said: 34: ["ntf.res", {res: {gld: 12196, emd: 0, enrg: 500, slvr: 6000}}]
Thu Jan 9 21:04:28 GMT+0600 2020 [INFO] Server said: 34: ["h.r.ra", {plr: {pf: {pf: {grdnr: {l: 20, pgs: 0, tp: "grdnr"}, jntr: {l: 20, pgs: 0, tp: "jntr"}, phtghr: {l: 20, pgs: 0, tp: "phtghr"}, vsgst: {l: 20, pgs: 0, tp: "vsgst"}}}, uid: "722", usrinf: {rl: 0}, apprnc: {ssc: 1, ec: 5, nct: 0, hc: 1, pt: 0, rc: 1, bt: 0, fft: 0, g: 2, mt: 5, sc: 1, rg: 0, shc: 1, et: 1, ss: 0, n: "бσρӟӹú εнσϯ", mc: 1, sh: 0, fac: 1, ht: 131, pc: 1, brc: 1, fat: 0, brt: 1, bc: 1}, ci: {kyktid: null, shcr: true, strfrd: 0, spp: 0, bcld: 0, lwts: 0, actrp: 0, trcd: 0, ceid: 0, exp: 85800, sbrt: 0, rtrtm: 0, rpt: 0, actrt: 0, vret: 0, plcmt: {}, dr: true, vip: true, eml: null, hrt: 374, trid: null, fexp: 0, skid: null, sbid: null, vsexp: 1965298000, crt: 3441, cmid: 0, lgt: 0, lrnt: 0, crst: 0, ysct: 0, vsact: true, as: null, vfgc: 0, ys: 0, actrd: 0, gdc: 0, skrt: 0, fak: null, pamns: {amn: []}, shousd: false, lvt: 1578581666, compid: 0, gtrfrd: 0, tts: null, vexp: 1965298000}, clths: {clths: [{clid: null, tpid: "grlHlwnVmpWng"}, {clid: null, tpid: "girlGlssHp"}, {clid: null, tpid: "girlTShrtIris"}, {clid: null, tpid: "girlCtHp"}, {clid: null, tpid: "girlNcklIris"}, {clid: null, tpid: "girlSktIris"}, {clid: null, tpid: "girlBtsIris"}, {clid: null, tpid: "girlGlvsPnk23Feb19"}, {clid: null, tpid: "girlHtHp"}, {clid: null, tpid: "girlPntsHp"}, {clid: null, tpid: "girlErrIris"}]}, mbm: {ac: null, sk: "blackMobileSkin"}, locinfo: {x: 4.05, s: "127.0.0.1", at: "", y: 0.1, d: 4, shlc: true, pl: "", st: 0, l: "house_722_livingroom"}}}]
Thu Jan 9 21:04:27 GMT+0600 2020 [INFO] Client said: 34: [null, "b.bs", {gld: 50}]
Thu Jan 9 21:04:26 GMT+0600 2020 [INFO] Client said: 34: ["house_722_livingroom", "h.r.ra", {}]
Thu Jan 9 21:04:26 GMT+0600 2020 [INFO] Server said: 34: ["a.clths.buy", {res: {gld: 12246, emd: 0, enrg: 500, slvr: 1000}, crt: 3441, inv: {c: {cls: {it: [{c: 1, tid: "girlUnderdress1", iid: ""}, {c: 1, tid: "girlShirt12", iid: ""}, {c: 1, tid: "girlPants9", iid: ""}, {c: 1, tid: "girlNY20VKGiftPllvDr", iid: ""}, {c: 1, tid: "girlShoes14", iid: ""}, {c: 1, tid: "girlUnderdress2", iid: ""}, {c: 1, tid: "girlNY20VKGiftPllvChrst", iid: ""}, {c: 1, tid: "grlHlwnVmpDrs", iid: ""}, {c: 1, tid: "girlTShrtOnceColab", iid: ""}, {c: 1, tid: "girlNY20VKGiftPllvCnd", iid: ""}, {c: 1, tid: "girlTShrtSh", iid: ""}, {c: 1, tid: "grlHlwnVmpShs", iid: ""}, {c: 1, tid: "grlHlwnVmpGlv", iid: ""}, {c: 1, tid: "girlTShrtPnk23Feb19", iid: ""}, {c: 1, tid: "girlScksPnk23Feb19", iid: ""}, {c: 1, tid: "girlBtsPnk23Feb19", iid: ""}, {c: 1, tid: "grlHlwnVmpNckl", iid: ""}, {c: 1, tid: "girlTShrtFrog", iid: ""}, {c: 1, tid: "girlJcktPnk23Feb19", iid: ""}, {c: 1, tid: "girlPntsFrog", iid: ""}, {c: 1, tid: "girlBtsFrog", iid: ""}, {c: 1, tid: "grlHlwnVmpHat", iid: ""}, {c: 1, tid: "girlTShrtHp", iid: ""}, {c: 1, tid: "girlSktPnk23Feb19", iid: ""}, {c: 1, tid: "girlBtsHp", iid: ""}, {c: 1, tid: "girlNcklFrog", iid: ""}, {c: 1, tid: "girlErrHp", iid: ""}], id: "cls"}, lt: {it: [], id: "lt"}, frn: {it: [], id: "frn"}, act: {it: [], id: "act"}, gm: {it: [{c: 1, tid: "blackMobileSkin", iid: ""}], id: "gm"}}}, clths: {clths: [{clid: null, tpid: "grlHlwnVmpWng"}, {clid: null, tpid: "girlGlssHp"}, {clid: null, tpid: "girlTShrtIris"}, {clid: null, tpid: "girlCtHp"}, {clid: null, tpid: "girlNcklIris"}, {clid: null, tpid: "girlSktIris"}, {clid: null, tpid: "girlBtsIris"}, {clid: null, tpid: "girlGlvsPnk23Feb19"}, {clid: null, tpid: "girlHtHp"}, {clid: null, tpid: "girlPntsHp"}, {clid: null, tpid: "girlErrIris"}]}, ccltn: {cn: "", ctp: "casual", cct: ["grlHlwnVmpWng", "girlGlssHp", "girlTShrtIris", "girlCtHp", "girlNcklIris", "girlSktIris", "girlBtsIris", "girlGlvsPnk23Feb19", "girlHtHp", "girlPntsHp", "girlErrIris"]}}]
Thu Jan 9 21:04:24 GMT+0600 2020 [INFO] Client said: 34: [null, "b.bs", {gld: 50}]
Thu Jan 9 21:04:07 GMT+0600 2020 [INFO] Client said: 34: ["house_722_livingroom", "h.r.ra", {}]
Thu Jan 9 21:04:07 GMT+0600 2020 [INFO] Server said: 34: ["a.clths.buy", {res: {gld: 12246, emd: 0, enrg: 500, slvr: 1000}, crt: 3441, inv: {c: {cls: {it: [{c: 1, tid: "girlUnderdress1", iid: ""}, {c: 1, tid: "girlShirt12", iid: ""}, {c: 1, tid: "girlPants9", iid: ""}, {c: 1, tid: "girlNY20VKGiftPllvDr", iid: ""}, {c: 1, tid: "girlShoes14", iid: ""}, {c: 1, tid: "girlUnderdress2", iid: ""}, {c: 1, tid: "girlNY20VKGiftPllvChrst", iid: ""}, {c: 1, tid: "grlHlwnVmpDrs", iid: ""}, {c: 1, tid: "girlTShrtOnceColab", iid: ""}, {c: 1, tid: "girlNY20VKGiftPllvCnd", iid: ""}, {c: 1, tid: "girlTShrtSh", iid: ""}, {c: 1, tid: "grlHlwnVmpShs", iid: ""}, {c: 1, tid: "grlHlwnVmpGlv", iid: ""}, {c: 1, tid: "girlTShrtPnk23Feb19", iid: ""}, {c: 1, tid: "girlScksPnk23Feb19", iid: ""}, {c: 1, tid: "girlBtsPnk23Feb19", iid: ""}, {c: 1, tid: "grlHlwnVmpNckl", iid: ""}, {c: 1, tid: "girlTShrtFrog", iid: ""}, {c: 1, tid: "girlJcktPnk23Feb19", iid: ""}, {c: 1, tid: "girlPntsFrog", iid: ""}, {c: 1, tid: "girlBtsFrog", iid: ""}, {c: 1, tid: "grlHlwnVmpHat", iid: ""}, {c: 1, tid: "girlTShrtHp", iid: ""}, {c: 1, tid: "girlSktPnk23Feb19", iid: ""}, {c: 1, tid: "girlBtsHp", iid: ""}, {c: 1, tid: "girlNcklFrog", iid: ""}, {c: 1, tid: "girlErrHp", iid: ""}], id: "cls"}, lt: {it: [], id: "lt"}, frn: {it: [], id: "frn"}, act: {it: [], id: "act"}, gm: {it: [{c: 1, tid: "blackMobileSkin", iid: ""}], id: "gm"}}}, clths: {clths: [{clid: null, tpid: "grlHlwnVmpWng"}, {clid: null, tpid: "girlGlssHp"}, {clid: null, tpid: "girlTShrtIris"}, {clid: null, tpid: "girlCtHp"}, {clid: null, tpid: "girlNcklIris"}, {clid: null, tpid: "girlSktIris"}, {clid: null, tpid: "girlBtsIris"}, {clid: null, tpid: "girlGlvsPnk23Feb19"}, {clid: null, tpid: "girlHtHp"}, {clid: null, tpid: "girlPntsHp"}, {clid: null, tpid: "girlErrIris"}]}, ccltn: {cn: "", ctp: "casual", cct: ["grlHlwnVmpWng", "girlGlssHp", "girlTShrtIris", "girlCtHp", "girlNcklIris", "girlSktIris", "girlBtsIris", "girlGlvsPnk23Feb19", "girlHtHp", "girlPntsHp", "girlErrIris"]}}]
Thu Jan 9 21:04:03 GMT+0600 2020 [INFO] Client said: 34: [null, "a.clths.bst", {pind: 1, ctp: "casual", tpid: "girlIrisSet"}]
Thu Jan 9 21:03:45 GMT+0600 2020 [INFO] Client said: 34: [null, "a.clths.bst", {pind: 1, ctp: "casual", tpid: "girlIrisSet"}]