ClientError: Thu Jan 9 20:23:12 GMT+0600 2020 [CRITICAL] [house] *Uncaught Error* ErrorId: 1010 ErrorName: TypeError ErrorMessage:Error #1010 ErrorStackTrace:TypeError: Error #1010
	at _-1u9::URL/parse()
	at _-1u9::URL()
	at _-18R::LoadingItem()
	at _-18R::SWFLoadingItem()
	at _-0bS::MassLoader/add()
	at _-0bS::MassLoader/_-2R5()
	at flash.events::EventDispatcher/dispatchEvent()
	at _-18R::LoadingItem/_-1Iu()
	at _-18R::LoadingItem/onError()
	at _-18R::SWFLoadingItem/onError()
	at flash.events::EventDispatcher/dispatchEvent()
	at flash.net::URLLoader/onComplete()
Thu Jan 9 20:22:34 GMT+0600 2020 [INFO] Loaded  LoadingItem(url: http://62.113.113.58:8080/files/swf/furniture/house/WallPoppy.swf, status: 2) 
Thu Jan 9 20:22:31 GMT+0600 2020 [INFO] Server said: 34: ["srqst.gtrq", {rqlst: {lapt: {}, rsprlst: {}, shwdt: 0, rlst: {}}}]
Thu Jan 9 20:22:31 GMT+0600 2020 [INFO] Client said: 34: [null, "nws.getglbl", {}]
Thu Jan 9 20:22:31 GMT+0600 2020 [INFO] Server said: 34: ["nws.hasnews", {gnexst: true, gnunr: true}]
Thu Jan 9 20:22:31 GMT+0600 2020 [INFO] Server said: 34: ["cp.cht.gbl", {blcklst: {uids: []}}]
Thu Jan 9 20:22:31 GMT+0600 2020 [INFO] Client said: 34: [null, "crq.lrui", {uid: 1038}]
Thu Jan 9 20:22:31 GMT+0600 2020 [INFO] Server said: 34: ["cm.new", {campaigns: [{st: 1, ed: 2442905160000, v: 1, id: 643, iu: "", tp: 9, cil: [{sc: 0, si: 0, id: 8151, cid: 643, gl: 0, tid: "clans"}, {sc: 0, si: 0, id: 8152, cid: 643, gl: 0, tid: "clanRating_off"}]}, {st: 1, ed: 1659222000000, v: 1, id: 316, iu: "", tp: 9, cil: [{sc: 0, si: 0, id: 2514, cid: 316, gl: 0, tid: "mobile"}]}, {st: 2, ed: 1919631600000, v: 1, id: 299, iu: "", tp: 9, cil: [{sc: 0, si: 0, id: 2434, cid: 299, gl: 0, tid: "fortune2"}]}, {st: 1, ed: 1440630000000, v: 1, id: 114, iu: "", tp: 9, cil: [{sc: 0, si: 0, id: 1110, cid: 114, gl: 0, tid: "professions"}, {sc: 0, si: 0, id: 1111, cid: 114, gl: 0, tid: "grdnr"}, {sc: 0, si: 0, id: 1112, cid: 114, gl: 0, tid: "jntr"}, {sc: 0, si: 0, id: 1577, cid: 114, gl: 0, tid: "vsgst"}, {sc: 0, si: 0, id: 1578, cid: 114, gl: 0, tid: "phtghr"}]}]}]
Thu Jan 9 20:22:27 GMT+0600 2020 [INFO] Client said: 34: [null, "srqst.gtrq", {}]
Thu Jan 9 20:22:27 GMT+0600 2020 [INFO] Server said: 34: ["h.minfo", {plr: {cs: {ccltns: {casual: {cct: ["girlShirt12", "girlShoes14", "girlPants9"], ctp: "casual", cn: ""}}, cc: "casual"}, mbm: {sk: "blackMobileSkin", ac: null}, usrinf: {rl: 0}, hs: {lt: 0, r: [{nm: "Комната 3", l: 13, f: [{x: 0, tpid: "wall15", y: 0, lid: 1, z: 0, d: 3}, {x: 3, tpid: "door4", y: 0, lid: 4, z: 0, rid: "outside", d: 3}, {x: 13, tpid: "wall15", y: 0, lid: 2, z: 0, d: 5}, {x: 0, tpid: "floor4", y: 0, lid: 3, z: 0, d: 5}], id: "3", w: 13, lev: 2}, {nm: "Комната 5", l: 13, f: [{x: 0, tpid: "wall15", y: 0, lid: 1, z: 0, d: 3}, {x: 3, tpid: "door4", y: 0, lid: 4, z: 0, rid: "outside", d: 3}, {x: 13, tpid: "wall15", y: 0, lid: 2, z: 0, d: 5}, {x: 0, tpid: "floor4", y: 0, lid: 3, z: 0, d: 5}], id: "5", w: 13, lev: 2}, {nm: "Комната 2", l: 13, f: [{x: 0, tpid: "wall15", y: 0, lid: 1, z: 0, d: 3}, {x: 3, tpid: "door4", y: 0, lid: 4, z: 0, rid: "outside", d: 3}, {x: 13, tpid: "wall15", y: 0, lid: 2, z: 0, d: 5}, {x: 0, tpid: "floor4", y: 0, lid: 3, z: 0, d: 5}], id: "2", w: 13, lev: 2}, {nm: "Комната 1", l: 13, f: [{x: 0, tpid: "wall15", y: 0, lid: 1, z: 0, d: 3}, {x: 3, tpid: "door4", y: 0, lid: 4, z: 0, rid: "outside", d: 3}, {x: 13, tpid: "wall15", y: 0, lid: 2, z: 0, d: 5}, {x: 0, tpid: "floor4", y: 0, lid: 3, z: 0, d: 5}], id: "1", w: 13, lev: 2}, {nm: "#livingRoom", l: 13, f: [{x: 0, tpid: "wall15", y: 0, lid: 1, z: 0, d: 3}, {x: 3, tpid: "door4", y: 0, lid: 4, z: 0, rid: "outside", d: 3}, {x: 13, tpid: "wall15", y: 0, lid: 2, z: 0, d: 5}, {x: 0, tpid: "floor4", y: 0, lid: 3, z: 0, d: 5}], id: "livingroom", w: 13, lev: 1}, {nm: "Комната 4", l: 13, f: [{x: 0, tpid: "wall15", y: 0, lid: 1, z: 0, d: 3}, {x: 3, tpid: "door4", y: 0, lid: 4, z: 0, rid: "outside", d: 3}, {x: 13, tpid: "wall15", y: 0, lid: 2, z: 0, d: 5}, {x: 0, tpid: "floor4", y: 0, lid: 3, z: 0, d: 5}], id: "4", w: 13, lev: 2}]}, res: {enrg: 500, slvr: 10000, emd: 0, gld: 100}, locinfo: {st: 0, x: 0, pl: "", y: 0, s: "127.0.0.1", shlc: true, l: "", d: 4, at: ""}, achc: {tr: {weddingDay: {trcd: 0, trrt: 0, trid: "weddingDay"}, firstApril16Place2: {trcd: 0, trrt: 0, trid: "firstApril16Place2"}, avaBirthdayTrophy2016: {trcd: 0, trrt: 0, trid: "avaBirthdayTrophy2016"}, firstApril16Place4: {trcd: 0, trrt: 0, trid: "firstApril16Place4"}, freelanceCup: {trcd: 0, trrt: 0, trid: "freelanceCup"}, freelanceVideo: {trcd: 0, trrt: 0, trid: "freelanceVideo"}, springDay2017: {trcd: 0, trrt: 0, trid: "springDay2017"}, mittens2020: {trcd: 0, trrt: 0, trid: "mittens2020"}, snowboardPlace2: {trcd: 0, trrt: 0, trid: "snowboardPlace2"}, familyDay2016: {trcd: 0, trrt: 0, trid: "familyDay2016"}, snowboardPlace1: {trcd: 0, trrt: 0, trid: "snowboardPlace1"}, springDay2018: {trcd: 0, trrt: 0, trid: "springDay2018"}, activityPlace1: {trcd: 0, trrt: 0, trid: "activityPlace1"}, avatarBirthday: {trcd: 0, trrt: 0, trid: "avatarBirthday"}, firstApril16Place1: {trcd: 0, trrt: 0, trid: "firstApril16Place1"}, activityPlace3: {trcd: 0, trrt: 0, trid: "activityPlace3"}, firstApril2018: {trcd: 0, trrt: 0, trid: "firstApril2018"}, snowboardPlace3: {trcd: 0, trrt: 0, trid: "snowboardPlace3"}, firstApril2019: {trcd: 0, trrt: 0, trid: "firstApril2019"}, halloween2016: {trcd: 0, trrt: 0, trid: "halloween2016"}, freelanceSupport: {trcd: 0, trrt: 0, trid: "freelanceSupport"}, newYear2020hero: {trcd: 0, trrt: 0, trid: "newYear2020hero"}, freelanceJournal: {trcd: 0, trrt: 0, trid: "freelanceJournal"}, newYear2018: {trcd: 0, trrt: 0, trid: "newYear2018"}, firstApril16Place3: {trcd: 0, trrt: 0, trid: "firstApril16Place3"}, newYear2017: {trcd: 0, trrt: 0, trid: "newYear2017"}, freelanceMicrophone: {trcd: 0, trrt: 0, trid: "freelanceMicrophone"}, firstApril16Place5: {trcd: 0, trrt: 0, trid: "firstApril16Place5"}, stVal2018: {trcd: 0, trrt: 0, trid: "stVal2018"}, newYear2019: {trcd: 0, trrt: 0, trid: "newYear2019"}, freelanceExchange: {trcd: 0, trrt: 0, trid: "freelanceExchange"}, dzo2019: {trcd: 0, trrt: 0, trid: "dzo2019"}, activityPlace2: {trcd: 0, trrt: 0, trid: "activityPlace2"}, halloween2018: {trcd: 0, trrt: 0, trid: "halloween2018"}, halloween2017: {trcd: 0, trrt: 0, trid: "halloween2017"}, yearAvatar: {trcd: 0, trrt: 0, trid: "yearAvatar"}, freelanceModerator: {trcd: 0, trrt: 0, trid: "freelanceModerator"}, autumnEvent2019: {trcd: 0, trrt: 0, trid: "autumnEvent2019"}, freelanceTwitterInstagram: {trcd: 0, trrt: 0, trid: "freelanceTwitterInstagram"}}, ac: {magnate: {p: 0, nWct: 0, l: 3, aId: "magnate"}, carRaceChamp: {p: 0, nWct: 0, l: 3, aId: "carRaceChamp"}, shopaholic: {p: 0, nWct: 0, l: 3, aId: "shopaholic"}, snowboarder: {p: 0, nWct: 0, l: 3, aId: "snowboarder"}, generous: {p: 0, nWct: 0, l: 3, aId: "generous"}, goodFriend: {p: 0, nWct: 0, l: 3, aId: "goodFriend"}, vip: {p: 0, nWct: 0, l: 3, aId: "vip"}, pilowChamp: {p: 0, nWct: 0, l: 3, aId: "pilowChamp"}, subscription: {p: 0, nWct: 0, l: 3, aId: "subscription"}, beachRaceChamp: {p: 0, nWct: 0, l: 3, aId: "beachRaceChamp"}, workaholic: {p: 0, nWct: 0, l: 3, aId: "workaholic"}, meerkatBear: {p: 0, nWct: 0, l: 3, aId: "meerkatBear"}, crafter: {p: 0, nWct: 0, l: 3, aId: "crafter"}, activityWinner: {p: 0, nWct: 0, l: 3, aId: "activityWinner"}}}, uid: "1038", pf: {pf: {vsgst: {tp: "vsgst", l: 20, pgs: 0}, grdnr: {tp: "grdnr", l: 20, pgs: 0}, phtghr: {tp: "phtghr", l: 20, pgs: 0}, jntr: {tp: "jntr", l: 20, pgs: 0}}}, inv: {c: {cls: {id: "cls", it: [{c: 1, iid: "", tid: "girlUnderdress1"}, {c: 1, iid: "", tid: "girlUnderdress2"}]}, frn: {id: "frn", it: []}, act: {id: "act", it: []}, gm: {id: "gm", it: [{c: 1, iid: "", tid: "blackMobileSkin"}]}, lt: {id: "lt", it: []}}}, clths: {clths: [{clid: null, tpid: "girlShirt12"}, {clid: null, tpid: "girlShoes14"}, {clid: null, tpid: "girlPants9"}]}, apprnc: {fft: 0, fat: 0, rc: 1, pc: 1, ssc: 1, ss: 0, nct: 0, pt: 0, shc: 1, brc: 5, rg: 0, bt: 0, sh: 0, sc: 1, mt: 1, brt: 5, n: "Забытая", et: 7, bc: 1, hc: 6, ec: 2, ht: 109, mc: 2, fac: 1, g: 2}, onl: true, ci: {skid: null, vfgc: 0, rtrtm: 0, ys: 0, ceid: 0, kyktid: null, bcld: 0, rpt: 0, cmid: 0, actrt: 0, trid: null, hrt: 174, dr: true, compid: 0, trcd: 0, lwts: 0, spp: 0, actrp: 0, sbid: null, tts: null, actrd: 0, sbrt: 0, gdc: 0, eml: null, shousd: false, plcmt: {}, lgt: 0, pamns: {amn: []}, vip: true, as: null, crst: 0, vexp: 1965298000, fak: null, lvt: 1578582664, crt: 10, ysct: 0, vsexp: 1965298000, exp: 85800, lrnt: 0, skrt: 0, vsact: true, gtrfrd: 0, fexp: 0, shcr: true, vret: 0, strfrd: 0}}, tm: 1}]
Thu Jan 9 20:21:33 GMT+0600 2020 [INFO] Server said: 34: ["a.apprnc.save", {apprnc: {fft: 0, fat: 0, rc: 1, pc: 1, ssc: 1, ss: 0, nct: 0, pt: 0, shc: 1, brc: 5, rg: 0, bt: 0, sh: 0, sc: 1, mt: 1, brt: 5, n: "Забытая", et: 7, bc: 1, hc: 6, ec: 2, ht: 109, mc: 2, fac: 1, g: 2}}]
Thu Jan 9 20:21:29 GMT+0600 2020 [INFO] Server said: 34: ["a.apprnc.save", {apprnc: {fft: 0, fat: 0, rc: 1, pc: 1, ssc: 1, ss: 0, nct: 0, pt: 0, shc: 1, brc: 5, rg: 0, bt: 0, sh: 0, sc: 1, mt: 1, brt: 5, n: "Забытая", et: 7, bc: 1, hc: 6, ec: 2, ht: 109, mc: 2, fac: 1, g: 2}}]
Thu Jan 9 20:21:26 GMT+0600 2020 [INFO] Server said: 34: ["a.apprnc.save", {apprnc: {fft: 0, fat: 0, rc: 1, pc: 1, ssc: 1, ss: 0, nct: 0, pt: 0, shc: 1, brc: 5, rg: 0, bt: 0, sh: 0, sc: 3, mt: 6, brt: 5, n: "Забытая", et: 2, bc: 1, hc: 7, ec: 3, ht: 130, mc: 2, fac: 1, g: 2}}]
Thu Jan 9 20:21:23 GMT+0600 2020 [INFO] Server said: 34: ["a.apprnc.save", {apprnc: {fft: 0, fat: 0, rc: 1, pc: 1, ssc: 1, ss: 0, nct: 0, pt: 0, shc: 1, brc: 5, rg: 0, bt: 0, sh: 0, sc: 3, mt: 6, brt: 5, n: "Забытая", et: 2, bc: 1, hc: 7, ec: 3, ht: 130, mc: 2, fac: 1, g: 2}}]
Thu Jan 9 20:21:21 GMT+0600 2020 [INFO] Server said: 34: ["a.apprnc.save", {apprnc: {fft: 0, fat: 0, rc: 1, pc: 1, ssc: 1, ss: 0, nct: 0, pt: 0, shc: 1, brc: 5, rg: 0, bt: 0, sh: 0, sc: 3, mt: 6, brt: 5, n: "Забытая", et: 2, bc: 1, hc: 7, ec: 3, ht: 130, mc: 2, fac: 1, g: 2}}]
Thu Jan 9 20:21:16 GMT+0600 2020 [INFO] Server said: 34: ["a.apprnc.save", {apprnc: {fft: 0, fat: 0, rc: 1, pc: 1, ssc: 1, ss: 0, nct: 0, pt: 0, shc: 1, brc: 5, rg: 0, bt: 0, sh: 0, sc: 3, mt: 6, brt: 5, n: "Забытая", et: 2, bc: 1, hc: 7, ec: 3, ht: 130, mc: 2, fac: 1, g: 2}}]
Thu Jan 9 20:21:12 GMT+0600 2020 [INFO] Server said: 34: ["a.apprnc.save", {apprnc: {fft: 0, fat: 0, rc: 1, pc: 1, ssc: 1, ss: 0, nct: 0, pt: 0, shc: 1, brc: 5, rg: 0, bt: 0, sh: 0, sc: 3, mt: 6, brt: 5, n: "Забытая", et: 2, bc: 1, hc: 7, ec: 3, ht: 130, mc: 2, fac: 1, g: 2}}]
Thu Jan 9 20:21:09 GMT+0600 2020 [INFO] Server said: 34: ["a.apprnc.save", {apprnc: {fft: 0, fat: 0, rc: 1, pc: 1, ssc: 1, ss: 0, nct: 0, pt: 0, shc: 1, brc: 5, rg: 0, bt: 0, sh: 0, sc: 3, mt: 6, brt: 5, n: "Забытая", et: 2, bc: 1, hc: 7, ec: 3, ht: 130, mc: 2, fac: 1, g: 2}}]
Thu Jan 9 20:21:07 GMT+0600 2020 [INFO] Client said: 34: [null, "h.minfo", {onl: false, tm: 1578579667}]
Thu Jan 9 20:21:07 GMT+0600 2020 [INFO] Server said: 34: ["a.apprnc.save", {apprnc: {fft: 0, fat: 0, rc: 1, pc: 1, ssc: 1, ss: 0, nct: 0, pt: 0, shc: 1, brc: 5, rg: 0, bt: 0, sh: 0, sc: 3, mt: 6, brt: 5, n: "Забытая", et: 2, bc: 1, hc: 7, ec: 3, ht: 130, mc: 2, fac: 1, g: 2}}]
Thu Jan 9 20:21:00 GMT+0600 2020 [INFO] Client said: 34: [null, "a.apprnc.save", {apprnc: {pt: 0, fat: 0, rc: 1, g: 2, ssc: 1, ss: 0, nct: 0, fft: 0, shc: 1, brc: 5, rg: 0, bt: 0, sh: 0, sc: 1, mt: 1, brt: 5, n: "Забытая", et: 7, bc: 1, hc: 6, ec: 2, ht: 109, mc: 2, fac: 1, pc: 1}}]
Thu Jan 9 20:20:53 GMT+0600 2020 [INFO] Client said: 34: [null, "a.apprnc.save", {apprnc: {pt: 0, fat: 0, rc: 1, g: 2, ssc: 1, ss: 0, nct: 0, fft: 0, shc: 1, brc: 5, rg: 0, bt: 0, sh: 0, sc: 1, mt: 1, brt: 5, n: "Забытая", et: 7, bc: 1, hc: 6, ec: 2, ht: 109, mc: 2, fac: 1, pc: 1}}]
Thu Jan 9 20:20:43 GMT+0600 2020 [INFO] Client said: 34: [null, "a.apprnc.save", {apprnc: {pt: 0, fat: 0, rc: 1, g: 2, ssc: 1, ss: 0, nct: 0, fft: 0, shc: 1, brc: 5, rg: 0, bt: 0, sh: 0, sc: 3, mt: 6, brt: 5, n: "Забытая", et: 2, bc: 1, hc: 7, ec: 3, ht: 130, mc: 2, fac: 1, pc: 1}}]
Thu Jan 9 20:20:41 GMT+0600 2020 [INFO] Client said: 34: [null, "a.apprnc.save", {apprnc: {pt: 0, fat: 0, rc: 1, g: 2, ssc: 1, ss: 0, nct: 0, fft: 0, shc: 1, brc: 5, rg: 0, bt: 0, sh: 0, sc: 3, mt: 6, brt: 5, n: "Забытая", et: 2, bc: 1, hc: 7, ec: 3, ht: 130, mc: 2, fac: 1, pc: 1}}]
Thu Jan 9 20:20:34 GMT+0600 2020 [INFO] Client said: 34: [null, "a.apprnc.save", {apprnc: {pt: 0, fat: 0, rc: 1, g: 2, ssc: 1, ss: 0, nct: 0, fft: 0, shc: 1, brc: 5, rg: 0, bt: 0, sh: 0, sc: 3, mt: 6, brt: 5, n: "Забытая", et: 2, bc: 1, hc: 7, ec: 3, ht: 130, mc: 2, fac: 1, pc: 1}}]
Thu Jan 9 20:20:31 GMT+0600 2020 [INFO] Client said: 34: [null, "a.apprnc.save", {apprnc: {pt: 0, fat: 0, rc: 1, g: 2, ssc: 1, ss: 0, nct: 0, fft: 0, shc: 1, brc: 5, rg: 0, bt: 0, sh: 0, sc: 3, mt: 6, brt: 5, n: "Забытая", et: 2, bc: 1, hc: 7, ec: 3, ht: 130, mc: 2, fac: 1, pc: 1}}]
Thu Jan 9 20:18:19 GMT+0600 2020 [INFO] Server said: 34: ["h.minfo", {has.avtr: false}]
Thu Jan 9 20:18:18 GMT+0600 2020 [INFO] Server said: 34: ["ctmr.get", {tu: {snowboardRating: []}}]
Thu Jan 9 20:18:18 GMT+0600 2020 [INFO] Server said: 34: ["ur.get", {bt: [{hr: 600374, cr: 76611, uid: 39}, {hr: 413116, cr: 20930, uid: 14}, {hr: 251420, cr: 6295, uid: 70}, {hr: 240220, cr: 1609, uid: 71}, {hr: 192469, cr: 29541, uid: 68}, {hr: 121044, cr: 23433, uid: 64}, {hr: 93928, cr: 2664, uid: 97}, {hr: 65707, cr: 9252, uid: 80}, {hr: 40174, cr: 1066, uid: 18}, {hr: 32583, cr: 1682, uid: 55}]}]
Thu Jan 9 20:09:33 GMT+0600 2020 [INFO] Server said: 34: ["mail.gc", {in: [], out: []}]
Thu Jan 9 20:09:33 GMT+0600 2020 [INFO] Server said: 34: ["rl.get", {rlts: {}, uid: "1038"}]
Thu Jan 9 20:09:32 GMT+0600 2020 [INFO] Client said: 34: [null, "h.minfo", {onl: false, tm: 1578578973}]
Thu Jan 9 20:09:32 GMT+0600 2020 [INFO] Client said: 34: [null, "ctmr.get", {}]
Thu Jan 9 20:09:32 GMT+0600 2020 [INFO] Client said: 34: [null, "ur.get", {}]
Thu Jan 9 20:09:32 GMT+0600 2020 [INFO] Client said: 34: [null, "mail.gc", {}]
Thu Jan 9 20:09:32 GMT+0600 2020 [INFO] Client said: 34: [null, "rl.get", {}]
Thu Jan 9 20:09:32 GMT+0600 2020 [INFO] Server said: 1: ["1038", true, false, false]
Thu Jan 9 20:09:30 GMT+0600 2020 [INFO] Client said: 1: ["house", "1038", "uGccjgVOUrYBMDOaFEXv", {cty: 0, rfid: null, pht: "http://vkontakte.ru/images/question_b.gif", rftp: null, lng: "ru", bd: "", nk: "", ln: "", gdr: 0, clvrn: "84.0.4", lcl: "ru", rd: 0, ctr: 0, fn: "", sid: "1038", v: 2}]
Thu Jan 9 20:09:24 GMT+0600 2020 [INFO] /social?method=getProfiles&user_id=1038&uids=1038&