ClientError: Thu Jan 9 20:12:18 GMT+0500 2020 [CRITICAL] [street] *Uncaught Error* ErrorId: 1010 ErrorName: TypeError ErrorMessage:Error #1010 ErrorStackTrace:TypeError: Error #1010
	at _-1u9::URL/parse()
	at _-1u9::URL()
	at _-18R::LoadingItem()
	at _-18R::SWFLoadingItem()
	at _-0bS::MassLoader/add()
	at _-0bS::MassLoader/_-2R5()
	at flash.events::EventDispatcher/dispatchEvent()
	at _-18R::LoadingItem/_-1Iu()
	at _-18R::LoadingItem/onError()
	at _-18R::SWFLoadingItem/onError()
	at flash.events::EventDispatcher/dispatchEvent()
	at flash.net::URLLoader/onComplete()
Thu Jan 9 20:12:15 GMT+0500 2020 [INFO] Server said: 16: ["salon_sn1_1", "647"]
Thu Jan 9 20:12:14 GMT+0500 2020 [INFO] Server said: 34: ["o.r.jn", {plr: {uid: "647", usrinf: {rl: 0}, clths: {clths: [{clid: null, tpid: "girlShirt12"}, {clid: null, tpid: "girlShoes14"}, {clid: null, tpid: "girlPants9"}]}, pf: {pf: {phtghr: {pgs: 0, tp: "phtghr", l: 20}, vsgst: {pgs: 0, tp: "vsgst", l: 20}, grdnr: {pgs: 0, tp: "grdnr", l: 20}, jntr: {pgs: 0, tp: "jntr", l: 20}}}, ci: {sbid: null, vfgc: 0, actrp: 0, trcd: 0, crt: 10, pamns: {amn: []}, fak: null, actrd: 0, gdc: 0, ceid: 0, shcr: true, plcmt: {}, lgt: 0, cmid: 0, trid: null, shousd: false, skid: null, crst: 0, rpt: 0, gtrfrd: 0, skrt: 0, dr: true, strfrd: 0, vexp: 1965298000, vip: true, as: null, fexp: 0, rtrtm: 0, lvt: 1578582682, spp: 0, vsexp: 1965298000, tts: null, kyktid: null, bcld: 0, vsact: true, eml: null, lrnt: 0, hrt: 174, actrt: 0, lwts: 0, ys: 0, sbrt: 0, compid: 0, exp: 85800, vret: 0, ysct: 0}, mbm: {ac: null, sk: "blackMobileSkin"}, apprnc: {mc: 4, sc: 1, mt: 5, nct: 0, brc: 2, g: 2, ss: 0, bt: 0, ssc: 1, fac: 1, fat: 0, pt: 0, fft: 0, pc: 1, ec: 5, et: 1, n: "SOSKKA", rc: 1, rg: 0, brt: 28, bc: 1, shc: 1, hc: 7, sh: 0, ht: 132}, locinfo: {x: -1, pl: "", l: "salon_sn1_1", y: -1, s: "127.0.0.1", shlc: true, at: "", d: 4, st: 0}}}]
Thu Jan 9 20:12:02 GMT+0500 2020 [INFO] Loaded  LoadingItem(url: http://62.113.113.58:8080/files/swf/Street_feedda40b168ba0967b62816d1471957.swf, status: 2) 
Thu Jan 9 20:11:46 GMT+0500 2020 [INFO] Server said: 34: ["cp.cht.sm", {msg: {tag: null, msg: "СтрашНа", tp: "chatTextMessage", mid: null, sid: "801", cid: null}, rid: "salon_sn1_1"}]
Thu Jan 9 20:11:45 GMT+0500 2020 [INFO] Server said: 34: ["cp.cht.sm", {msg: {sid: "801", cid: null, tp: "chatTypingMessage"}, rid: "salon_sn1_1"}]
Thu Jan 9 20:11:43 GMT+0500 2020 [INFO] Client said: 17: ["salon_sn1_1"]
Thu Jan 9 20:11:39 GMT+0500 2020 [INFO] Server said: 34: ["cp.cht.sm", {msg: {tag: null, msg: "Ой блин", tp: "chatTextMessage", mid: null, sid: "801", cid: null}, rid: "salon_sn1_1"}]
Thu Jan 9 20:11:37 GMT+0500 2020 [INFO] Server said: 34: ["o.r.u", {x: 9.92, y: 6.98, uid: "801", at: "", d: 5, st: 23}]
Thu Jan 9 20:11:35 GMT+0500 2020 [INFO] Server said: 34: ["o.r.m", {dy: 6.98, dx: 9.92, uid: "801", sy: 1.65, sx: 15.35}]
Thu Jan 9 20:11:34 GMT+0500 2020 [INFO] Server said: 34: ["o.r.m", {dy: 8.27, dx: 8.33, uid: "801", sy: 1.5, sx: 15.5}]
Thu Jan 9 20:11:33 GMT+0500 2020 [INFO] Server said: 34: ["o.r.u", {x: 15.5, uid: "801", d: 4, y: 1.5, st: 0}]
Thu Jan 9 20:11:24 GMT+0500 2020 [INFO] Server said: 16: ["salon_sn1_1", "801"]
Thu Jan 9 20:11:24 GMT+0500 2020 [INFO] Server said: 34: ["o.r.jn", {plr: {uid: "801", usrinf: {rl: 0}, clths: {clths: [{clid: null, tpid: "girlShirt12"}, {clid: null, tpid: "girlShoes14"}, {clid: null, tpid: "girlPants9"}]}, pf: {pf: {phtghr: {pgs: 0, tp: "phtghr", l: 20}, vsgst: {pgs: 0, tp: "vsgst", l: 20}, grdnr: {pgs: 0, tp: "grdnr", l: 20}, jntr: {pgs: 0, tp: "jntr", l: 20}}}, ci: {sbid: null, vfgc: 0, actrp: 0, trcd: 0, crt: 10, pamns: {amn: []}, fak: null, actrd: 0, gdc: 0, ceid: 0, shcr: true, plcmt: {}, lgt: 0, cmid: 0, trid: null, shousd: false, skid: null, crst: 0, rpt: 0, gtrfrd: 0, skrt: 0, dr: true, strfrd: 0, vexp: 1965298000, vip: true, as: null, fexp: 0, rtrtm: 0, lvt: 1578582634, spp: 0, vsexp: 1965298000, tts: null, kyktid: null, bcld: 0, vsact: true, eml: null, lrnt: 0, hrt: 174, actrt: 0, lwts: 0, ys: 0, sbrt: 0, compid: 0, exp: 85800, vret: 0, ysct: 0}, mbm: {ac: null, sk: "blackMobileSkin"}, apprnc: {mc: 2, sc: 4, mt: 7, nct: 0, brc: 2, g: 2, ss: 0, bt: 0, ssc: 1, fac: 1, fat: 0, pt: 0, fft: 0, pc: 1, ec: 1, et: 3, n: "Я стульчик", rc: 1, rg: 0, brt: 1, bc: 1, shc: 1, hc: 7, sh: 0, ht: 132}, locinfo: {x: -1, pl: "", l: "salon_sn1_1", y: -1, s: "127.0.0.1", shlc: true, at: "", d: 4, st: 0}}}]
Thu Jan 9 20:10:52 GMT+0500 2020 [INFO] Server said: 17: ["salon_sn1_1", "634"]
Thu Jan 9 20:10:52 GMT+0500 2020 [INFO] Server said: 34: ["o.r.lv", {uid: "634"}]
Thu Jan 9 20:10:49 GMT+0500 2020 [INFO] Server said: 17: ["salon_sn1_1", "500"]
Thu Jan 9 20:10:49 GMT+0500 2020 [INFO] Server said: 34: ["o.r.lv", {uid: "500"}]
Thu Jan 9 20:10:15 GMT+0500 2020 [INFO] Server said: 34: ["o.r.u", {uid: "500", y: 13.92, x: 8.92, at: "", d: 3, st: 23}]
Thu Jan 9 20:10:14 GMT+0500 2020 [INFO] Server said: 34: ["o.r.m", {dy: 13.92, dx: 8.92, uid: "500", sy: 12.06, sx: 8.31}]
Thu Jan 9 20:10:14 GMT+0500 2020 [INFO] Server said: 34: ["o.r.u", {uid: "500", y: 12.06, x: 8.31, at: "", d: 0, st: 23}]
Thu Jan 9 20:10:13 GMT+0500 2020 [INFO] Server said: 34: ["o.r.m", {dy: 12.06, dx: 8.31, uid: "500", sy: 14.44, sx: 9.63}]
Thu Jan 9 20:10:12 GMT+0500 2020 [INFO] Server said: 34: ["o.r.u", {uid: "500", y: 14.44, x: 9.63, at: "", d: 3, st: 23}]
Thu Jan 9 20:10:12 GMT+0500 2020 [INFO] Server said: 34: ["o.r.m", {dy: 14.44, dx: 9.63, uid: "500", sy: 13.72, sx: 8.91}]
Thu Jan 9 20:10:11 GMT+0500 2020 [INFO] Server said: 34: ["o.r.ra", {plr: {uid: "500", usrinf: {rl: 0}, clths: {clths: [{clid: "2", tpid: "girlBtsRbbt"}, {clid: "2", tpid: "girlSktRbbt"}, {clid: "8", tpid: "girlTShrtOutsrc2"}]}, pf: {pf: {phtghr: {pgs: 0, tp: "phtghr", l: 20}, vsgst: {pgs: 0, tp: "vsgst", l: 20}, grdnr: {pgs: 0, tp: "grdnr", l: 20}, jntr: {pgs: 0, tp: "jntr", l: 20}}}, ci: {sbid: null, vfgc: 0, actrp: 0, trcd: 0, crt: 1205, pamns: {amn: []}, fak: null, actrd: 0, gdc: 0, ceid: 0, shcr: true, plcmt: {}, lgt: 0, cmid: 0, trid: null, shousd: false, skid: null, crst: 0, rpt: 0, gtrfrd: 0, skrt: 0, dr: true, strfrd: 0, vexp: 1965298000, vip: true, as: null, fexp: 0, rtrtm: 0, lvt: 1578582309, spp: 0, vsexp: 1965298000, tts: null, kyktid: null, bcld: 0, vsact: true, eml: null, lrnt: 0, hrt: 843, actrt: 0, lwts: 0, ys: 0, sbrt: 0, compid: 0, exp: 85800, vret: 0, ysct: 0}, mbm: {ac: null, sk: "blackMobileSkin"}, apprnc: {mc: 28, sc: 1, mt: 31, nct: 0, brc: 3, g: 2, ss: 0, bt: 0, ssc: 1, fac: 1, fat: 0, pt: 0, fft: 7, pc: 1, ec: 5, et: 34, n: "Жабуля)))", rc: 1, rg: 0, brt: 4, bc: 1, shc: 12, hc: 5, sh: 19, ht: 101}, locinfo: {x: 8.91, pl: "", l: "salon_sn1_1", y: 13.72, s: "127.0.0.1", shlc: true, at: "", d: 4, st: 23}}}]
Thu Jan 9 20:10:07 GMT+0500 2020 [INFO] Server said: 34: ["o.r.ra", {plr: {uid: "500", usrinf: {rl: 0}, clths: {clths: [{clid: "2", tpid: "girlBtsRbbt"}, {clid: "2", tpid: "girlSktRbbt"}, {clid: "8", tpid: "girlTShrtOutsrc2"}]}, pf: {pf: {phtghr: {pgs: 0, tp: "phtghr", l: 20}, vsgst: {pgs: 0, tp: "vsgst", l: 20}, grdnr: {pgs: 0, tp: "grdnr", l: 20}, jntr: {pgs: 0, tp: "jntr", l: 20}}}, ci: {sbid: null, vfgc: 0, actrp: 0, trcd: 0, crt: 1205, pamns: {amn: []}, fak: null, actrd: 0, gdc: 0, ceid: 0, shcr: true, plcmt: {}, lgt: 0, cmid: 0, trid: null, shousd: false, skid: null, crst: 0, rpt: 0, gtrfrd: 0, skrt: 0, dr: true, strfrd: 0, vexp: 1965298000, vip: true, as: null, fexp: 0, rtrtm: 0, lvt: 1578582309, spp: 0, vsexp: 1965298000, tts: null, kyktid: null, bcld: 0, vsact: true, eml: null, lrnt: 0, hrt: 843, actrt: 0, lwts: 0, ys: 0, sbrt: 0, compid: 0, exp: 85800, vret: 0, ysct: 0}, mbm: {ac: null, sk: "blackMobileSkin"}, apprnc: {mc: 28, sc: 1, mt: 31, nct: 0, brc: 3, g: 2, ss: 0, bt: 0, ssc: 1, fac: 1, fat: 0, pt: 0, fft: 7, pc: 1, ec: 5, et: 34, n: "Жабуля)))", rc: 1, rg: 0, brt: 4, bc: 1, shc: 12, hc: 5, sh: 19, ht: 101}, locinfo: {x: 8.91, pl: "", l: "salon_sn1_1", y: 13.72, s: "127.0.0.1", shlc: true, at: "", d: 4, st: 23}}}]
Thu Jan 9 20:09:43 GMT+0500 2020 [INFO] Server said: 34: ["o.r.u", {x: 9.2, uid: "634", d: 4, y: 9.39, st: 0}]
Thu Jan 9 20:09:33 GMT+0500 2020 [INFO] Server said: 34: ["o.r.ra", {plr: {uid: "634", usrinf: {rl: 0}, clths: {clths: [{clid: null, tpid: "girlTShrtWnt19Pnk"}, {clid: null, tpid: "girlErrWnt19Pnk"}, {clid: null, tpid: "girlJcktWnt19Pnk"}, {clid: null, tpid: "girlHatWnt19Pnk"}, {clid: null, tpid: "girlPntsWnt19Pnk"}, {clid: null, tpid: "girlBtsWnt19Pnk"}]}, pf: {pf: {phtghr: {pgs: 0, tp: "phtghr", l: 20}, vsgst: {pgs: 0, tp: "vsgst", l: 20}, grdnr: {pgs: 0, tp: "grdnr", l: 20}, jntr: {pgs: 0, tp: "jntr", l: 20}}}, ci: {sbid: null, vfgc: 0, actrp: 0, trcd: 0, crt: 620, pamns: {amn: []}, fak: null, actrd: 0, gdc: 0, ceid: 0, shcr: true, plcmt: {}, lgt: 0, cmid: 0, trid: null, shousd: false, skid: null, crst: 0, rpt: 0, gtrfrd: 0, skrt: 0, dr: true, strfrd: 0, vexp: 1965298000, vip: true, as: null, fexp: 0, rtrtm: 0, lvt: 1578581719, spp: 0, vsexp: 1965298000, tts: null, kyktid: null, bcld: 0, vsact: true, eml: null, lrnt: 0, hrt: 174, actrt: 0, lwts: 0, ys: 0, sbrt: 0, compid: 0, exp: 85800, vret: 0, ysct: 0}, mbm: {ac: null, sk: "blackMobileSkin"}, apprnc: {mc: 3, sc: 1, mt: 19, nct: 0, brc: 7, g: 2, ss: 0, bt: 0, ssc: 1, fac: 1, fat: 0, pt: 0, fft: 7, pc: 1, ec: 21, et: 17, n: "маша", rc: 1, rg: 0, brt: 23, bc: 1, shc: 1, hc: 16, sh: 0, ht: 101}, locinfo: {x: 9.2, pl: "", l: "salon_sn1_1", y: 9.39, s: "127.0.0.1", shlc: true, at: "", d: 4, st: 23}}}]
Thu Jan 9 20:09:32 GMT+0500 2020 [INFO] Server said: 34: ["o.r.u", {uid: "500", y: 13.72, x: 8.91, at: "", d: 4, st: 23}]
Thu Jan 9 20:09:32 GMT+0500 2020 [INFO] Server said: 34: ["o.r.m", {dy: 13.72, dx: 8.91, uid: "500", sy: 11.75, sx: 8.63}]
Thu Jan 9 20:09:31 GMT+0500 2020 [INFO] Server said: 34: ["o.r.u", {uid: "500", y: 11.75, x: 8.63, at: "", d: 4, st: 23}]
Thu Jan 9 20:09:31 GMT+0500 2020 [INFO] Server said: 34: ["o.r.ra", {plr: {uid: "634", usrinf: {rl: 0}, clths: {clths: [{clid: null, tpid: "girlTShrtWnt19Pnk"}, {clid: null, tpid: "girlErrWnt19Pnk"}, {clid: null, tpid: "girlJcktWnt19Pnk"}, {clid: null, tpid: "girlHatWnt19Pnk"}, {clid: null, tpid: "girlPntsWnt19Pnk"}, {clid: null, tpid: "girlBtsWnt19Pnk"}]}, pf: {pf: {phtghr: {pgs: 0, tp: "phtghr", l: 20}, vsgst: {pgs: 0, tp: "vsgst", l: 20}, grdnr: {pgs: 0, tp: "grdnr", l: 20}, jntr: {pgs: 0, tp: "jntr", l: 20}}}, ci: {sbid: null, vfgc: 0, actrp: 0, trcd: 0, crt: 620, pamns: {amn: []}, fak: null, actrd: 0, gdc: 0, ceid: 0, shcr: true, plcmt: {}, lgt: 0, cmid: 0, trid: null, shousd: false, skid: null, crst: 0, rpt: 0, gtrfrd: 0, skrt: 0, dr: true, strfrd: 0, vexp: 1965298000, vip: true, as: null, fexp: 0, rtrtm: 0, lvt: 1578581719, spp: 0, vsexp: 1965298000, tts: null, kyktid: null, bcld: 0, vsact: true, eml: null, lrnt: 0, hrt: 174, actrt: 0, lwts: 0, ys: 0, sbrt: 0, compid: 0, exp: 85800, vret: 0, ysct: 0}, mbm: {ac: null, sk: "blackMobileSkin"}, apprnc: {mc: 3, sc: 1, mt: 19, nct: 0, brc: 7, g: 2, ss: 0, bt: 0, ssc: 1, fac: 1, fat: 0, pt: 0, fft: 7, pc: 1, ec: 21, et: 17, n: "маша", rc: 1, rg: 0, brt: 23, bc: 1, shc: 1, hc: 16, sh: 0, ht: 101}, locinfo: {x: 9.2, pl: "", l: "salon_sn1_1", y: 9.39, s: "127.0.0.1", shlc: true, at: "", d: 4, st: 23}}}]
Thu Jan 9 20:09:30 GMT+0500 2020 [INFO] Server said: 34: ["o.r.m", {dy: 11.75, dx: 8.63, uid: "500", sy: 8.05, sx: 10.86}]
Thu Jan 9 20:09:30 GMT+0500 2020 [INFO] Server said: 34: ["o.r.ra", {plr: {uid: "500", usrinf: {rl: 0}, clths: {clths: [{clid: "2", tpid: "girlBtsRbbt"}, {clid: "2", tpid: "girlSktRbbt"}, {clid: "8", tpid: "girlTShrtOutsrc2"}]}, pf: {pf: {phtghr: {pgs: 0, tp: "phtghr", l: 20}, vsgst: {pgs: 0, tp: "vsgst", l: 20}, grdnr: {pgs: 0, tp: "grdnr", l: 20}, jntr: {pgs: 0, tp: "jntr", l: 20}}}, ci: {sbid: null, vfgc: 0, actrp: 0, trcd: 0, crt: 1205, pamns: {amn: []}, fak: null, actrd: 0, gdc: 0, ceid: 0, shcr: true, plcmt: {}, lgt: 0, cmid: 0, trid: null, shousd: false, skid: null, crst: 0, rpt: 0, gtrfrd: 0, skrt: 0, dr: true, strfrd: 0, vexp: 1965298000, vip: true, as: null, fexp: 0, rtrtm: 0, lvt: 1578582309, spp: 0, vsexp: 1965298000, tts: null, kyktid: null, bcld: 0, vsact: true, eml: null, lrnt: 0, hrt: 843, actrt: 0, lwts: 0, ys: 0, sbrt: 0, compid: 0, exp: 85800, vret: 0, ysct: 0}, mbm: {ac: null, sk: "blackMobileSkin"}, apprnc: {mc: 28, sc: 1, mt: 31, nct: 0, brc: 3, g: 2, ss: 0, bt: 0, ssc: 1, fac: 1, fat: 0, pt: 0, fft: 7, pc: 1, ec: 5, et: 34, n: "Жабуля)))", rc: 1, rg: 0, brt: 4, bc: 1, shc: 8, hc: 5, sh: 19, ht: 101}, locinfo: {x: 10.86, pl: "", l: "salon_sn1_1", y: 8.05, s: "127.0.0.1", shlc: true, at: "", d: 4, st: 23}}}]
Thu Jan 9 20:09:29 GMT+0500 2020 [INFO] Server said: 17: ["salon_sn1_1", "515"]
Thu Jan 9 20:09:28 GMT+0500 2020 [INFO] Server said: 34: ["o.r.lv", {uid: "515"}]
Thu Jan 9 20:09:27 GMT+0500 2020 [INFO] Server said: 34: ["o.r.ra", {plr: {uid: "500", usrinf: {rl: 0}, clths: {clths: [{clid: "2", tpid: "girlBtsRbbt"}, {clid: "2", tpid: "girlSktRbbt"}, {clid: "8", tpid: "girlTShrtOutsrc2"}]}, pf: {pf: {phtghr: {pgs: 0, tp: "phtghr", l: 20}, vsgst: {pgs: 0, tp: "vsgst", l: 20}, grdnr: {pgs: 0, tp: "grdnr", l: 20}, jntr: {pgs: 0, tp: "jntr", l: 20}}}, ci: {sbid: null, vfgc: 0, actrp: 0, trcd: 0, crt: 1205, pamns: {amn: []}, fak: null, actrd: 0, gdc: 0, ceid: 0, shcr: true, plcmt: {}, lgt: 0, cmid: 0, trid: null, shousd: false, skid: null, crst: 0, rpt: 0, gtrfrd: 0, skrt: 0, dr: true, strfrd: 0, vexp: 1965298000, vip: true, as: null, fexp: 0, rtrtm: 0, lvt: 1578582309, spp: 0, vsexp: 1965298000, tts: null, kyktid: null, bcld: 0, vsact: true, eml: null, lrnt: 0, hrt: 843, actrt: 0, lwts: 0, ys: 0, sbrt: 0, compid: 0, exp: 85800, vret: 0, ysct: 0}, mbm: {ac: null, sk: "blackMobileSkin"}, apprnc: {mc: 28, sc: 1, mt: 31, nct: 0, brc: 3, g: 2, ss: 0, bt: 0, ssc: 1, fac: 1, fat: 0, pt: 0, fft: 7, pc: 1, ec: 5, et: 34, n: "Жабуля)))", rc: 1, rg: 0, brt: 4, bc: 1, shc: 8, hc: 5, sh: 19, ht: 101}, locinfo: {x: 10.86, pl: "", l: "salon_sn1_1", y: 8.05, s: "127.0.0.1", shlc: true, at: "", d: 4, st: 23}}}]
Thu Jan 9 20:09:27 GMT+0500 2020 [INFO] Server said: 34: ["o.r.u", {x: 7.61, y: 2.73, uid: "515", at: "", d: 4, st: 23}]
Thu Jan 9 20:09:27 GMT+0500 2020 [INFO] Server said: 34: ["o.r.m", {dy: 2.73, dx: 7.61, uid: "515", sy: 1.97, sx: 7.78}]