ClientError: Thu Jan 9 17:47:06 GMT+0300 2020 [CRITICAL] [house] *Uncaught Error* ErrorId: 1009 ErrorName: TypeError ErrorMessage:Error #1009 ErrorStackTrace:TypeError: Error #1009
	at _-4WJ::EditAvatarAppearanceDialog/_-3EJ()
	at flash.events::EventDispatcher/dispatchEvent()
	at _-Qp::_-1DK/close()
	at _-4WJ::_-3BQ/_-1dw()
Thu Jan 9 17:47:04 GMT+0300 2020 [INFO] Server said: 34: ["a.apprnc.save", {apprnc: {sh: 0, nct: 0, mt: 5, pt: 0, rc: 1, hc: 7, brt: 28, bt: 0, ht: 123, mc: 2, rg: 0, ss: 0, g: 2, ssc: 1, fat: 0, n: "anorexicgirl", sc: 1, pc: 1, fft: 0, fac: 1, et: 7, brc: 1, shc: 1, ec: 5, bc: 1}}]
Thu Jan 9 17:47:02 GMT+0300 2020 [INFO] Server said: 34: ["a.apprnc.save", {apprnc: {sh: 0, nct: 0, mt: 5, pt: 0, rc: 1, hc: 7, brt: 28, bt: 0, ht: 123, mc: 2, rg: 0, ss: 0, g: 2, ssc: 1, fat: 0, n: "anorexicgir", sc: 1, pc: 1, fft: 0, fac: 1, et: 7, brc: 1, shc: 1, ec: 5, bc: 1}}]
Thu Jan 9 17:47:01 GMT+0300 2020 [INFO] Client said: 34: [null, "h.minfo", {tm: 1578581221, onl: false}]
Thu Jan 9 17:47:01 GMT+0300 2020 [INFO] Server said: 34: ["a.apprnc.save", {apprnc: {sh: 0, nct: 0, mt: 5, pt: 0, rc: 1, hc: 7, brt: 28, bt: 0, ht: 123, mc: 2, rg: 0, ss: 0, g: 2, ssc: 1, fat: 0, n: "anorexicgirl", sc: 1, pc: 1, fft: 0, fac: 1, et: 7, brc: 1, shc: 1, ec: 5, bc: 1}}]
Thu Jan 9 17:46:59 GMT+0300 2020 [INFO] Client said: 34: [null, "a.apprnc.save", {apprnc: {sh: 0, nct: 0, mt: 5, pt: 0, rc: 1, hc: 7, brt: 28, bt: 0, g: 2, mc: 2, rg: 0, bc: 1, ht: 123, fat: 0, ssc: 1, n: "anorexicgirl", sc: 1, pc: 1, fft: 0, fac: 1, et: 7, brc: 1, shc: 1, ec: 5, ss: 0}}]
Thu Jan 9 17:46:49 GMT+0300 2020 [INFO] Client said: 34: [null, "a.apprnc.save", {apprnc: {sh: 0, nct: 0, mt: 5, pt: 0, rc: 1, hc: 7, brt: 28, bt: 0, g: 2, mc: 2, rg: 0, bc: 1, ht: 123, fat: 0, ssc: 1, n: "anorexicgir", sc: 1, pc: 1, fft: 0, fac: 1, et: 7, brc: 1, shc: 1, ec: 5, ss: 0}}]
Thu Jan 9 17:46:45 GMT+0300 2020 [INFO] Client said: 34: [null, "a.apprnc.save", {apprnc: {sh: 0, nct: 0, mt: 5, pt: 0, rc: 1, hc: 7, brt: 28, bt: 0, g: 2, mc: 2, rg: 0, bc: 1, ht: 123, fat: 0, ssc: 1, n: "anorexicgirl", sc: 1, pc: 1, fft: 0, fac: 1, et: 7, brc: 1, shc: 1, ec: 5, ss: 0}}]
Thu Jan 9 17:43:08 GMT+0300 2020 [INFO] Server said: 34: ["h.minfo", {has.avtr: false}]
Thu Jan 9 17:43:08 GMT+0300 2020 [INFO] Server said: 34: ["ctmr.get", {tu: {snowboardRating: []}}]
Thu Jan 9 17:43:07 GMT+0300 2020 [INFO] Server said: 34: ["ur.get", {bt: [{uid: 39, hr: 600374, cr: 72316}, {uid: 14, hr: 413116, cr: 20930}, {uid: 70, hr: 251420, cr: 6295}, {uid: 71, hr: 240220, cr: 1119}, {uid: 64, hr: 121044, cr: 19736}, {uid: 97, hr: 91173, cr: 1679}, {uid: 80, hr: 65707, cr: 9252}, {uid: 68, hr: 42073, cr: 29541}, {uid: 18, hr: 40174, cr: 1066}, {uid: 55, hr: 32583, cr: 1682}]}]
Thu Jan 9 17:42:05 GMT+0300 2020 [INFO] Server said: 34: ["mail.gc", {in: [], out: []}]
Thu Jan 9 17:42:05 GMT+0300 2020 [INFO] Server said: 34: ["rl.get", {rlts: {}, uid: "718"}]
Thu Jan 9 17:42:05 GMT+0300 2020 [INFO] Client said: 34: [null, "h.minfo", {tm: 1578580925, onl: false}]
Thu Jan 9 17:42:05 GMT+0300 2020 [INFO] Client said: 34: [null, "ctmr.get", {}]
Thu Jan 9 17:42:05 GMT+0300 2020 [INFO] Client said: 34: [null, "ur.get", {}]
Thu Jan 9 17:42:05 GMT+0300 2020 [INFO] Client said: 34: [null, "mail.gc", {}]
Thu Jan 9 17:42:05 GMT+0300 2020 [INFO] Client said: 34: [null, "rl.get", {}]
Thu Jan 9 17:42:05 GMT+0300 2020 [INFO] Server said: 1: ["718", true, false, false]
Thu Jan 9 17:42:04 GMT+0300 2020 [INFO] Client said: 1: ["house", "718", "ucHWOQqZWMvlgMlpIOme", {sid: "718", clvrn: "84.0.4", rd: 0, fn: "", rftp: null, ln: "", pht: "http://vkontakte.ru/images/question_b.gif", rfid: null, nk: "", lcl: "ru", cty: 0, v: 2, bd: "", gdr: 0, ctr: 0, lng: "ru"}]