ClientError: Thu Jan 9 17:19:37 GMT+0300 2020 [CRITICAL] [salon] *Uncaught Error* ErrorId: 1009 ErrorName: TypeError ErrorMessage:Error #1009 ErrorStackTrace:TypeError: Error #1009
	at _-0eV::RoomMemberContainer/addAvatar()
	at _-PQ::BaseRoomScreen/addAvatar()
	at _-PQ::BaseRoomScreen/onRefreshAvatar()
	at flash.events::EventDispatcher/dispatchEvent()
	at _-2CM::BaseRoomNetManager/onRefreshAvatar()
	at flash.events::EventDispatcher/dispatchEvent()
	at ags::_-2t/_-2dI()
	at flash.events::EventDispatcher/dispatchEvent()
	at _-0en::_-0O8/_-1LF()
	at _-0en::_-0O8/execute()
	at ags::AGSClient/_-0i9()
	at ags::AGSClient/_-2ZF()
	at ags::AGSClient/_-2Ea()
Thu Jan 9 17:19:37 GMT+0300 2020 [INFO] Server said: 34: ["o.r.ra", {plr: {apprnc: {fat: 0, brc: 19, ec: 29, et: 38, ss: 0, rc: 11, g: 2, brt: 23, pt: 0, rg: 2, shc: 13, bt: 0, sc: 2, sh: 23, fac: 1, mc: 5, fft: 15, n: "`moonlight`", hc: 7, bc: 1, nct: 0, mt: 23, ssc: 1, ht: 130, pc: 1}, clths: {clths: [{tpid: "girlPntsPnd", clid: null}, {tpid: "girlTShrtPnk23Feb19", clid: null}, {tpid: "csl15GCGJck", clid: null}, {tpid: "grlBtsDvl16", clid: null}]}, usrinf: {rl: 0}, mbm: {sk: "blackMobileSkin", ac: null}, locinfo: {l: "salon_sn1_1", x: 5.73, at: "sitItem13", pl: "", y: 8.31, s: "127.0.0.1", shlc: true, st: 1, d: 4}, pf: {pf: {grdnr: {pgs: 0, tp: "grdnr", l: 20}, jntr: {pgs: 0, tp: "jntr", l: 20}, phtghr: {pgs: 0, tp: "phtghr", l: 20}, vsgst: {pgs: 0, tp: "vsgst", l: 20}}}, ci: {vsexp: 1965298000, shcr: true, plcmt: {}, vsact: true, gtrfrd: 0, pamns: {amn: []}, as: null, vret: 0, strfrd: 0, crst: 0, lrnt: 0, vfgc: 0, rtrtm: 0, lvt: 1578579269, fexp: 0, ceid: 0, kyktid: null, skid: null, ys: 0, actrt: 0, lwts: 0, hrt: 1157, dr: true, compid: 0, cmid: 0, bcld: 0, spp: 0, actrp: 0, skrt: 0, rpt: 0, trid: "familyDay2016", tts: null, actrd: 0, gdc: 0, eml: null, shousd: false, crt: 602, lgt: 0, exp: 85800, trcd: 0, sbrt: 0, ysct: 0, vip: true, sbid: null, vexp: 1965298000, fak: null}, uid: "253"}}]
Thu Jan 9 17:19:36 GMT+0300 2020 [INFO] Server said: 34: ["o.r.m", {uid: "260", sx: 14, dx: 14.42, dy: 5.6, sy: 6}]
Thu Jan 9 17:19:35 GMT+0300 2020 [INFO] Client said: 34: ["salon_sn1_1", "o.r.info", {rid: "sn1"}]
Thu Jan 9 17:19:35 GMT+0300 2020 [INFO] Server said: 34: ["o.gr", {rid: "salon_sn1_1"}]
Thu Jan 9 17:19:34 GMT+0300 2020 [INFO] Server said: 34: ["o.r.u", {x: 14.42, st: 0, d: 1, y: 5.6, uid: "260"}]
Thu Jan 9 17:19:33 GMT+0300 2020 [INFO] Server said: 34: ["o.r.u", {x: 14.42, at: "salonActiveChairItem22", y: 5.6, st: 1, d: 4, uid: "260"}]
Thu Jan 9 17:19:31 GMT+0300 2020 [INFO] Server said: 34: ["o.r.ra", {plr: {apprnc: {fat: 0, brc: 19, ec: 29, et: 38, ss: 0, rc: 11, g: 2, brt: 23, pt: 0, rg: 2, shc: 13, bt: 0, sc: 2, sh: 23, fac: 1, mc: 5, fft: 15, n: "`moonlight`", hc: 7, bc: 1, nct: 0, mt: 23, ssc: 1, ht: 130, pc: 1}, clths: {clths: [{tpid: "girlPntsPnd", clid: null}, {tpid: "girlTShrtPnk23Feb19", clid: null}, {tpid: "csl15GCGJck", clid: null}, {tpid: "grlBtsDvl16", clid: null}]}, usrinf: {rl: 0}, mbm: {sk: "blackMobileSkin", ac: null}, locinfo: {l: "salon_sn1_1", x: 5.73, at: "sitItem13", pl: "", y: 8.31, s: "127.0.0.1", shlc: true, st: 1, d: 4}, pf: {pf: {grdnr: {pgs: 0, tp: "grdnr", l: 20}, jntr: {pgs: 0, tp: "jntr", l: 20}, phtghr: {pgs: 0, tp: "phtghr", l: 20}, vsgst: {pgs: 0, tp: "vsgst", l: 20}}}, ci: {vsexp: 1965298000, shcr: true, plcmt: {}, vsact: true, gtrfrd: 0, pamns: {amn: []}, as: null, vret: 0, strfrd: 0, crst: 0, lrnt: 0, vfgc: 0, rtrtm: 0, lvt: 1578579269, fexp: 0, ceid: 0, kyktid: null, skid: null, ys: 0, actrt: 0, lwts: 0, hrt: 1157, dr: true, compid: 0, cmid: 0, bcld: 0, spp: 0, actrp: 0, skrt: 0, rpt: 0, trid: "familyDay2016", tts: null, actrd: 0, gdc: 0, eml: null, shousd: false, crt: 602, lgt: 0, exp: 85800, trcd: 0, sbrt: 0, ysct: 0, vip: true, sbid: null, vexp: 1965298000, fak: null}, uid: "253"}}]
Thu Jan 9 17:19:31 GMT+0300 2020 [INFO] Server said: 16: ["salon_sn1_1", "335"]
Thu Jan 9 17:19:31 GMT+0300 2020 [INFO] Server said: 34: ["o.r.jn", {plr: {apprnc: {fat: 0, brc: 3, ec: 5, et: 2, ss: 0, rc: 1, g: 2, brt: 28, pt: 0, rg: 0, shc: 1, bt: 0, sc: 3, sh: 0, fac: 1, mc: 1, fft: 0, n: "ђ£чêЊќΘ", hc: 5, bc: 1, nct: 0, mt: 4, ssc: 1, ht: 124, pc: 1}, clths: {clths: [{tpid: "girlShirt12", clid: null}, {tpid: "girlShoes14", clid: null}, {tpid: "girlPants9", clid: null}]}, usrinf: {rl: 0}, mbm: {sk: "blackMobileSkin", ac: null}, locinfo: {l: "salon_sn1_1", x: -1, at: "", pl: "", y: -1, s: "127.0.0.1", shlc: true, st: 0, d: 4}, pf: {pf: {grdnr: {pgs: 0, tp: "grdnr", l: 20}, jntr: {pgs: 0, tp: "jntr", l: 20}, phtghr: {pgs: 0, tp: "phtghr", l: 20}, vsgst: {pgs: 0, tp: "vsgst", l: 20}}}, ci: {vsexp: 1965298000, shcr: true, plcmt: {}, vsact: true, gtrfrd: 0, pamns: {amn: []}, as: null, vret: 0, strfrd: 0, crst: 0, lrnt: 0, vfgc: 0, rtrtm: 0, lvt: 1578579111, fexp: 0, ceid: 0, kyktid: null, skid: null, ys: 0, actrt: 0, lwts: 0, hrt: 174, dr: true, compid: 0, cmid: 0, bcld: 0, spp: 0, actrp: 0, skrt: 0, rpt: 0, trid: null, tts: null, actrd: 0, gdc: 0, eml: null, shousd: false, crt: 10, lgt: 0, exp: 85800, trcd: 0, sbrt: 0, ysct: 0, vip: true, sbid: null, vexp: 1965298000, fak: null}, uid: "335"}}]
Thu Jan 9 17:19:29 GMT+0300 2020 [INFO] Server said: 16: ["salon_sn1_1", "123"]
Thu Jan 9 17:19:29 GMT+0300 2020 [INFO] Server said: 34: ["o.r.jn", {plr: {apprnc: {fat: 0, brc: 3, ec: 16, et: 38, ss: 0, rc: 1, g: 2, brt: 5, pt: 0, rg: 0, shc: 12, bt: 0, sc: 1, sh: 24, fac: 1, mc: 14, fft: 2, n: "Pariska", hc: 8, bc: 1, nct: 0, mt: 19, ssc: 1, ht: 125, pc: 1}, clths: {clths: [{tpid: "girlShirt12", clid: null}, {tpid: "girlShoes14", clid: null}, {tpid: "girlPants9", clid: null}]}, usrinf: {rl: 0}, mbm: {sk: "blackMobileSkin", ac: null}, locinfo: {l: "salon_sn1_1", x: -1, at: "", pl: "", y: -1, s: "127.0.0.1", shlc: true, st: 0, d: 4}, pf: {pf: {grdnr: {pgs: 0, tp: "grdnr", l: 20}, jntr: {pgs: 0, tp: "jntr", l: 20}, phtghr: {pgs: 0, tp: "phtghr", l: 20}, vsgst: {pgs: 0, tp: "vsgst", l: 20}}}, ci: {vsexp: 1965298000, shcr: true, plcmt: {}, vsact: true, gtrfrd: 0, pamns: {amn: []}, as: null, vret: 0, strfrd: 0, crst: 0, lrnt: 0, vfgc: 0, rtrtm: 0, lvt: 1578578381, fexp: 0, ceid: 0, kyktid: null, skid: null, ys: 0, actrt: 0, lwts: 0, hrt: 174, dr: true, compid: 0, cmid: 0, bcld: 0, spp: 0, actrp: 0, skrt: 0, rpt: 0, trid: null, tts: null, actrd: 0, gdc: 0, eml: null, shousd: false, crt: 10, lgt: 0, exp: 85800, trcd: 0, sbrt: 0, ysct: 0, vip: true, sbid: null, vexp: 1965298000, fak: null}, uid: "123"}}]
Thu Jan 9 17:17:03 GMT+0300 2020 [INFO] Server said: 17: ["skiResort_sr1_1", "130"]
Thu Jan 9 17:17:03 GMT+0300 2020 [INFO] Server said: 34: ["o.r.lv", {uid: "130"}]
Thu Jan 9 17:16:56 GMT+0300 2020 [INFO] Server said: 34: ["rl.new", {rlt: {s: 20, p: 0, ut: 1578579495, st: 1578579495, t: null}, uid: "130"}]
Thu Jan 9 17:16:52 GMT+0300 2020 [INFO] Client said: 34: [null, "o.gr", {lid: "salon", gid: "sn1"}]
Thu Jan 9 17:16:52 GMT+0300 2020 [INFO] Client said: 17: ["skiResort_sr1_1"]
Thu Jan 9 17:16:48 GMT+0300 2020 [INFO] Client said: 34: [null, "rl.crt", {s: 20, cnf: "assoc", uid: "130"}]
Thu Jan 9 17:16:48 GMT+0300 2020 [INFO] Server said: 34: ["cf.uca", {at: "assoc", uid: "130"}]
Thu Jan 9 17:16:48 GMT+0300 2020 [INFO] Client said: 34: ["skiResort_sr1_1", "o.r.u", {x: 10.19, st: 23, y: 31.23, at: "", d: 6, uid: "123"}]
Thu Jan 9 17:16:47 GMT+0300 2020 [INFO] Client said: 34: ["skiResort_sr1_1", "o.r.m", {uid: "123", sx: 12.01, dx: 10.19, dy: 31.23, sy: 29.74}]
Thu Jan 9 17:16:43 GMT+0300 2020 [INFO] Client said: 34: [null, "crq.urst", {}]
Thu Jan 9 17:16:42 GMT+0300 2020 [INFO] Client said: 34: [null, "cln.grci", {clid: "grcm"}]
Thu Jan 9 17:16:36 GMT+0300 2020 [INFO] Client said: 34: ["skiResort_sr1_1", "o.r.u", {x: 12.01, st: 0, d: 7, y: 29.74, uid: "123"}]
Thu Jan 9 17:16:34 GMT+0300 2020 [INFO] Client said: 34: [null, "cf.uc", {at: "assoc", uid: "130"}]
Thu Jan 9 17:16:20 GMT+0300 2020 [INFO] Server said: 34: ["pl.gos", {clid: "online", onl: {}}]
Thu Jan 9 17:16:20 GMT+0300 2020 [INFO] Client said: 34: [null, "pl.gos", {clid: "online", uids: []}]
Thu Jan 9 17:16:17 GMT+0300 2020 [INFO] Server said: 34: ["cp.cht.sm", {rid: "skiResort_sr1_1", msg: {mid: null, cid: null, sid: "123", msg: "Привет", tag: null, tp: "chatTextMessage"}}]
Thu Jan 9 17:16:17 GMT+0300 2020 [INFO] Client said: 34: [null, "cp.cht.sm", {rid: "skiResort_sr1_1", msg: {mid: null, cid: null, sid: "123", msg: "Привет", tag: null, tp: "chatTextMessage"}}]
Thu Jan 9 17:16:07 GMT+0300 2020 [INFO] Server said: 34: ["pl.gos", {clid: "online", onl: {}}]
Thu Jan 9 17:16:07 GMT+0300 2020 [INFO] Client said: 34: [null, "pl.gos", {clid: "online", uids: []}]
Thu Jan 9 17:16:05 GMT+0300 2020 [INFO] Client said: 34: [null, "rl.crs", {s: 70, cnf: null, uid: "130", cs: 0}]
Thu Jan 9 17:16:04 GMT+0300 2020 [INFO] Server said: 34: ["o.r.u", {x: 12.5, st: 23, y: 28.75, at: "", d: 4, uid: "130"}]
Thu Jan 9 17:16:04 GMT+0300 2020 [INFO] Server said: 34: ["cp.cht.sm", {rid: "skiResort_sr1_1", msg: {mid: null, cid: null, sid: "130", msg: "прэвэт", tag: null, tp: "chatTextMessage"}}]
Thu Jan 9 17:16:04 GMT+0300 2020 [INFO] Server said: 34: ["cp.cht.sm", {rid: "skiResort_sr1_1", msg: {tp: "chatTypingMessage", cid: null, sid: "130"}}]
Thu Jan 9 17:16:03 GMT+0300 2020 [INFO] Server said: 34: ["o.r.m", {uid: "130", sx: 15, dx: 12.5, dy: 28.75, sy: 15.54}]
Thu Jan 9 17:16:03 GMT+0300 2020 [INFO] Server said: 34: ["o.r.m", {uid: "130", sx: 15, dx: 13.06, dy: 28.63, sy: 12.92}]
Thu Jan 9 17:16:03 GMT+0300 2020 [INFO] Server said: 34: ["o.r.m", {uid: "130", sx: 15, dx: 13.66, dy: 27.72, sy: 12}]
Thu Jan 9 17:15:55 GMT+0300 2020 [INFO] Server said: 34: ["pl.gos", {clid: "online", onl: {}}]