ClientError: Thu Jan 9 17:25:04 GMT+0300 2020 [CRITICAL] [couturier] *Uncaught Error* ErrorId: 1009 ErrorName: TypeError ErrorMessage:Error #1009 ErrorStackTrace:TypeError: Error #1009
	at _-0eV::RoomMemberContainer/addAvatar()
	at _-PQ::BaseRoomScreen/addAvatar()
	at _-PQ::BaseRoomScreen/onRefreshAvatar()
	at flash.events::EventDispatcher/dispatchEvent()
	at _-2CM::BaseRoomNetManager/onRefreshAvatar()
	at flash.events::EventDispatcher/dispatchEvent()
	at ags::_-2t/_-2dI()
	at flash.events::EventDispatcher/dispatchEvent()
	at _-0en::_-0O8/_-1LF()
	at _-0en::_-0O8/execute()
	at ags::AGSClient/_-0i9()
	at ags::AGSClient/_-2ZF()
	at ags::AGSClient/_-2Ea()
Thu Jan 9 17:25:04 GMT+0300 2020 [INFO] Server said: 34: ["o.r.ra", {plr: {apprnc: {fat: 0, brc: 29, ec: 1, et: 1, ss: 0, rc: 1, g: 1, brt: 16, pt: 0, rg: 0, shc: 1, bt: 0, sc: 2, sh: 0, fac: 1, mc: 3, fft: 3, n: "Макс", hc: 25, bc: 1, nct: 0, mt: 13, ssc: 1, ht: 60, pc: 1}, clths: {clths: [{tpid: "boyTShrtOutsrc2", clid: "17"}, {tpid: "boyPntsNYFtnss", clid: "4"}, {tpid: "boyJcktNYFtnss", clid: "4"}, {tpid: "boyBtsBnny", clid: "4"}]}, usrinf: {rl: 0}, mbm: {sk: "blackMobileSkin", ac: null}, locinfo: {l: "couturier_ctr1_1", x: 4.12, at: "sitItem6", pl: "", y: 5.54, s: "127.0.0.1", shlc: true, st: 1, d: 4}, pf: {pf: {grdnr: {pgs: 0, tp: "grdnr", l: 20}, jntr: {pgs: 0, tp: "jntr", l: 20}, phtghr: {pgs: 0, tp: "phtghr", l: 20}, vsgst: {pgs: 0, tp: "vsgst", l: 20}}}, ci: {vsexp: 1965298000, shcr: true, plcmt: {}, vsact: true, gtrfrd: 0, pamns: {amn: []}, as: null, vret: 0, strfrd: 0, crst: 0, lrnt: 0, vfgc: 0, rtrtm: 0, lvt: 1578578278, fexp: 0, ceid: 0, kyktid: null, skid: null, ys: 0, actrt: 0, lwts: 0, hrt: 224, dr: true, compid: 0, cmid: 0, bcld: 0, spp: 0, actrp: 0, skrt: 0, rpt: 0, trid: null, tts: null, actrd: 0, gdc: 0, eml: null, shousd: false, crt: 14475, lgt: 0, exp: 85800, trcd: 0, sbrt: 0, ysct: 0, vip: true, sbid: null, vexp: 1965298000, fak: null}, uid: "38"}}]
Thu Jan 9 17:25:02 GMT+0300 2020 [INFO] Client said: 34: ["couturier_ctr1_1", "o.r.info", {rid: "ctr1"}]
Thu Jan 9 17:25:02 GMT+0300 2020 [INFO] Server said: 34: ["o.gr", {rid: "couturier_ctr1_1"}]
Thu Jan 9 17:24:59 GMT+0300 2020 [INFO] Server said: 16: ["couturier_ctr1_1", "123"]
Thu Jan 9 17:24:59 GMT+0300 2020 [INFO] Server said: 34: ["o.r.jn", {plr: {apprnc: {fat: 0, brc: 3, ec: 16, et: 38, ss: 0, rc: 1, g: 2, brt: 5, pt: 0, rg: 0, shc: 12, bt: 0, sc: 1, sh: 24, fac: 1, mc: 14, fft: 2, n: "Pariska", hc: 8, bc: 1, nct: 0, mt: 19, ssc: 1, ht: 125, pc: 1}, clths: {clths: [{tpid: "girlTopNY20Gld", clid: null}, {tpid: "girlShoes14", clid: null}, {tpid: "girlPants9", clid: null}]}, usrinf: {rl: 0}, mbm: {sk: "blackMobileSkin", ac: null}, locinfo: {l: "couturier_ctr1_1", x: -1, at: "", pl: "", y: -1, s: "127.0.0.1", shlc: true, st: 0, d: 4}, pf: {pf: {grdnr: {pgs: 0, tp: "grdnr", l: 20}, jntr: {pgs: 0, tp: "jntr", l: 20}, phtghr: {pgs: 0, tp: "phtghr", l: 20}, vsgst: {pgs: 0, tp: "vsgst", l: 20}}}, ci: {vsexp: 1965298000, shcr: true, plcmt: {}, vsact: true, gtrfrd: 0, pamns: {amn: []}, as: null, vret: 0, strfrd: 0, crst: 0, lrnt: 0, vfgc: 0, rtrtm: 0, lvt: 1578578381, fexp: 0, ceid: 0, kyktid: null, skid: null, ys: 0, actrt: 0, lwts: 0, hrt: 174, dr: true, compid: 0, cmid: 0, bcld: 0, spp: 0, actrp: 0, skrt: 0, rpt: 0, trid: null, tts: null, actrd: 0, gdc: 0, eml: null, shousd: false, crt: 220, lgt: 0, exp: 85800, trcd: 0, sbrt: 0, ysct: 0, vip: true, sbid: null, vexp: 1965298000, fak: null}, uid: "123"}}]
Thu Jan 9 17:24:58 GMT+0300 2020 [INFO] Server said: 34: ["o.r.ra", {plr: {apprnc: {fat: 0, brc: 2, ec: 10, et: 37, ss: 3, rc: 1, g: 2, brt: 24, pt: 0, rg: 0, shc: 1, bt: 0, sc: 1, sh: 20, fac: 1, mc: 9, fft: 7, n: "комфортная", hc: 15, bc: 1, nct: 0, mt: 31, ssc: 1, ht: 123, pc: 1}, clths: {clths: [{tpid: "girlErrHp", clid: null}, {tpid: "girlJcktWnt19Brg", clid: null}, {tpid: "girlGlssYllw", clid: null}, {tpid: "girlStkNY20Slv", clid: null}, {tpid: "girlTShrtWnt19Pnk", clid: null}, {tpid: "girlShrtsLn", clid: null}, {tpid: "wdn15GWtBts", clid: null}]}, usrinf: {rl: 0}, mbm: {sk: "blackMobileSkin", ac: null}, locinfo: {l: "salon_sn1_1", x: 14.42, at: "", pl: "", y: 12.6, s: "127.0.0.1", shlc: true, st: 0, d: 4}, pf: {pf: {grdnr: {pgs: 0, tp: "grdnr", l: 20}, jntr: {pgs: 0, tp: "jntr", l: 20}, phtghr: {pgs: 0, tp: "phtghr", l: 20}, vsgst: {pgs: 0, tp: "vsgst", l: 20}}}, ci: {vsexp: 1965298000, shcr: true, plcmt: {}, vsact: true, gtrfrd: 0, pamns: {amn: []}, as: null, vret: 0, strfrd: 0, crst: 0, lrnt: 0, vfgc: 0, rtrtm: 0, lvt: 1578579093, fexp: 0, ceid: 0, kyktid: null, skid: null, ys: 0, actrt: 0, lwts: 0, hrt: 224, dr: true, compid: 0, cmid: 0, bcld: 0, spp: 0, actrp: 0, skrt: 0, rpt: 0, trid: "freelanceMicrophone", tts: null, actrd: 0, gdc: 0, eml: null, shousd: false, crt: 615, lgt: 0, exp: 85800, trcd: 0, sbrt: 0, ysct: 0, vip: true, sbid: null, vexp: 1965298000, fak: null}, uid: "260"}}]
Thu Jan 9 17:24:56 GMT+0300 2020 [INFO] Server said: 34: ["o.r.u", {x: 10.61, st: 23, y: 8.86, at: "", d: 4, uid: "130"}]
Thu Jan 9 17:24:56 GMT+0300 2020 [INFO] Client said: 34: [null, "o.gr", {lid: "couturier", gid: "ctr1"}]
Thu Jan 9 17:24:56 GMT+0300 2020 [INFO] Loaded  LoadingItem(url: http://62.113.113.58:8080/files/swf/Couturier_4e20b623ef65e53df4c6aebd774be260.swf, status: 2) 
Thu Jan 9 17:24:55 GMT+0300 2020 [INFO] Client said: 17: ["salon_sn1_1"]
Thu Jan 9 17:24:54 GMT+0300 2020 [INFO] Server said: 34: ["cp.cht.sm", {rid: "salon_sn1_1", msg: {mid: null, cid: null, sid: "188", msg: "это, а тут для меня мужечка не найдеться?", tag: null, tp: "chatTextMessage"}}]
Thu Jan 9 17:24:54 GMT+0300 2020 [INFO] Server said: 34: ["o.r.u", {x: 14.42, st: 0, d: 1, y: 12.6, uid: "260"}]
Thu Jan 9 17:24:53 GMT+0300 2020 [INFO] Server said: 34: ["o.r.ra", {plr: {apprnc: {fat: 0, brc: 1, ec: 9, et: 37, ss: 0, rc: 1, g: 2, brt: 22, pt: 0, rg: 0, shc: 35, bt: 0, sc: 2, sh: 23, fac: 1, mc: 29, fft: 7, n: "Пиписька", hc: 25, bc: 1, nct: 0, mt: 31, ssc: 1, ht: 122, pc: 1}, clths: {clths: [{tpid: "girlDrssNY20Emr", clid: null}, {tpid: "girlShoes14", clid: null}]}, usrinf: {rl: 0}, mbm: {sk: "blackMobileSkin", ac: null}, locinfo: {l: "salon_sn1_1", x: 8.23, at: "", pl: "", y: 2.3, s: "127.0.0.1", shlc: true, st: 23, d: 4}, pf: {pf: {grdnr: {pgs: 0, tp: "grdnr", l: 20}, jntr: {pgs: 0, tp: "jntr", l: 20}, phtghr: {pgs: 0, tp: "phtghr", l: 20}, vsgst: {pgs: 0, tp: "vsgst", l: 20}}}, ci: {vsexp: 1965298000, shcr: true, plcmt: {}, vsact: true, gtrfrd: 0, pamns: {amn: []}, as: null, vret: 0, strfrd: 0, crst: 0, lrnt: 0, vfgc: 0, rtrtm: 0, lvt: 1578579715, fexp: 0, ceid: 0, kyktid: null, skid: null, ys: 0, actrt: 0, lwts: 0, hrt: 174, dr: true, compid: 0, cmid: 0, bcld: 0, spp: 0, actrp: 0, skrt: 0, rpt: 0, trid: "avaBirthdayTrophy2016", tts: null, actrd: 0, gdc: 0, eml: null, shousd: false, crt: 800, lgt: 0, exp: 85800, trcd: 0, sbrt: 0, ysct: 0, vip: true, sbid: null, vexp: 1965298000, fak: null}, uid: "215"}}]
Thu Jan 9 17:24:52 GMT+0300 2020 [INFO] Server said: 34: ["o.r.m", {uid: "130", sx: 10.52, dx: 10.61, dy: 8.86, sy: 7.96}]
Thu Jan 9 17:24:52 GMT+0300 2020 [INFO] Server said: 34: ["cp.cht.sm", {rid: "salon_sn1_1", msg: {cid: null, tp: "chatTypingMessage", sid: "188"}}]
Thu Jan 9 17:24:50 GMT+0300 2020 [INFO] Server said: 34: ["o.r.u", {x: 14.42, at: "salonActiveChairItem21", y: 12.6, st: 1, d: 1, uid: "260"}]
Thu Jan 9 17:24:50 GMT+0300 2020 [INFO] Server said: 34: ["o.r.m", {uid: "130", sx: 12.06, dx: 9.97, dy: 5.59, sy: 10.5}]
Thu Jan 9 17:24:49 GMT+0300 2020 [INFO] Server said: 34: ["cp.cht.sm", {rid: "salon_sn1_1", msg: {cid: null, tp: "chatTypingMessage", sid: "188"}}]
Thu Jan 9 17:24:49 GMT+0300 2020 [INFO] Server said: 34: ["o.r.u", {x: 9.58, st: 23, y: 3.33, at: "", d: 6, uid: "293"}]
Thu Jan 9 17:24:48 GMT+0300 2020 [INFO] Server said: 34: ["o.r.u", {x: 14.42, at: "", y: 12.6, st: 23, d: 1, uid: "260"}]
Thu Jan 9 17:24:47 GMT+0300 2020 [INFO] Server said: 34: ["o.r.m", {uid: "293", sx: 10.09, dx: 9.58, dy: 3.33, sy: 3.03}]
Thu Jan 9 17:24:47 GMT+0300 2020 [INFO] Server said: 34: ["o.r.m", {uid: "130", sx: 12.06, dx: 10.47, dy: 4.47, sy: 12.19}]
Thu Jan 9 17:24:46 GMT+0300 2020 [INFO] Client said: 34: ["salon_sn1_1", "o.r.u", {x: 8.32, st: 23, y: 9.5, at: "", d: 5, uid: "123"}]
Thu Jan 9 17:24:46 GMT+0300 2020 [INFO] Server said: 34: ["o.r.m", {uid: "260", sx: 11.59, dx: 14.42, dy: 12.6, sy: 15.53}]
Thu Jan 9 17:24:46 GMT+0300 2020 [INFO] Server said: 34: ["cp.cht.sm", {rid: "salon_sn1_1", msg: {cid: null, tp: "chatTypingMessage", sid: "188"}}]
Thu Jan 9 17:24:46 GMT+0300 2020 [INFO] Server said: 34: ["o.r.u", {x: 10.09, st: 23, y: 3.03, at: "", d: 0, uid: "293"}]
Thu Jan 9 17:24:46 GMT+0300 2020 [INFO] Client said: 34: ["salon_sn1_1", "o.r.m", {uid: "123", sx: 9.98, dx: 8.32, dy: 9.5, sy: 7.96}]
Thu Jan 9 17:24:44 GMT+0300 2020 [INFO] Client said: 34: ["salon_sn1_1", "o.r.m", {uid: "123", sx: 9.98, dx: 9.96, dy: 10.84, sy: 5.34}]
Thu Jan 9 17:24:44 GMT+0300 2020 [INFO] Server said: 34: ["o.r.m", {uid: "293", sx: 10.47, dx: 10.09, dy: 3.03, sy: 2.59}]
Thu Jan 9 17:24:44 GMT+0300 2020 [INFO] Server said: 34: ["o.r.u", {x: 12.06, st: 23, y: 12.19, at: "", d: 3, uid: "130"}]
Thu Jan 9 17:24:43 GMT+0300 2020 [INFO] Server said: 34: ["o.r.u", {x: 10.47, st: 23, y: 2.59, at: "", d: 0, uid: "293"}]
Thu Jan 9 17:24:43 GMT+0300 2020 [INFO] Server said: 34: ["cp.cht.sm", {rid: "salon_sn1_1", msg: {cid: null, tp: "chatTypingMessage", sid: "188"}}]
Thu Jan 9 17:24:43 GMT+0300 2020 [INFO] Server said: 34: ["o.r.m", {uid: "130", sx: 10.59, dx: 12.06, dy: 12.19, sy: 11.41}]
Thu Jan 9 17:24:42 GMT+0300 2020 [INFO] Server said: 34: ["o.r.m", {uid: "293", sx: 10.86, dx: 10.47, dy: 2.59, sy: 2.55}]
Thu Jan 9 17:24:39 GMT+0300 2020 [INFO] Server said: 34: ["cp.cht.sm", {rid: "salon_sn1_1", msg: {cid: null, tp: "chatTypingMessage", sid: "188"}}]
Thu Jan 9 17:24:39 GMT+0300 2020 [INFO] Server said: 34: ["o.r.ra", {plr: {apprnc: {fat: 0, brc: 1, ec: 9, et: 37, ss: 0, rc: 1, g: 2, brt: 22, pt: 0, rg: 0, shc: 35, bt: 0, sc: 2, sh: 23, fac: 1, mc: 29, fft: 7, n: "Пиписька", hc: 25, bc: 1, nct: 0, mt: 31, ssc: 1, ht: 122, pc: 1}, clths: {clths: [{tpid: "girlDrssNY20Emr", clid: null}, {tpid: "girlShoes14", clid: null}]}, usrinf: {rl: 0}, mbm: {sk: "blackMobileSkin", ac: null}, locinfo: {l: "salon_sn1_1", x: 8.23, at: "", pl: "", y: 2.3, s: "127.0.0.1", shlc: true, st: 23, d: 4}, pf: {pf: {grdnr: {pgs: 0, tp: "grdnr", l: 20}, jntr: {pgs: 0, tp: "jntr", l: 20}, phtghr: {pgs: 0, tp: "phtghr", l: 20}, vsgst: {pgs: 0, tp: "vsgst", l: 20}}}, ci: {vsexp: 1965298000, shcr: true, plcmt: {}, vsact: true, gtrfrd: 0, pamns: {amn: []}, as: null, vret: 0, strfrd: 0, crst: 0, lrnt: 0, vfgc: 0, rtrtm: 0, lvt: 1578579715, fexp: 0, ceid: 0, kyktid: null, skid: null, ys: 0, actrt: 0, lwts: 0, hrt: 174, dr: true, compid: 0, cmid: 0, bcld: 0, spp: 0, actrp: 0, skrt: 0, rpt: 0, trid: "avaBirthdayTrophy2016", tts: null, actrd: 0, gdc: 0, eml: null, shousd: false, crt: 800, lgt: 0, exp: 85800, trcd: 0, sbrt: 0, ysct: 0, vip: true, sbid: null, vexp: 1965298000, fak: null}, uid: "215"}}]
Thu Jan 9 17:24:37 GMT+0300 2020 [INFO] Server said: 34: ["o.r.u", {x: 11.59, at: "", y: 15.53, st: 23, d: 6, uid: "260"}]
Thu Jan 9 17:24:37 GMT+0300 2020 [INFO] Server said: 34: ["o.r.u", {x: 17, st: 23, y: 16.88, at: "", d: 2, uid: "198"}]