ClientError: Thu Jan 9 17:19:41 GMT+0300 2020 [CRITICAL] [salon] *Uncaught Error* ErrorId: 1009 ErrorName: TypeError ErrorMessage:Error #1009 ErrorStackTrace:TypeError: Error #1009
	at _-0eV::RoomMemberContainer/addAvatar()
	at _-PQ::BaseRoomScreen/addAvatar()
	at _-PQ::BaseRoomScreen/onRefreshAvatar()
	at flash.events::EventDispatcher/dispatchEvent()
	at _-2CM::BaseRoomNetManager/onRefreshAvatar()
	at flash.events::EventDispatcher/dispatchEvent()
	at ags::_-2t/_-2dI()
	at flash.events::EventDispatcher/dispatchEvent()
	at _-0en::_-0O8/_-1LF()
	at _-0en::_-0O8/execute()
	at ags::AGSClient/_-0i9()
	at ags::AGSClient/_-2ZF()
	at ags::AGSClient/_-2Ea()
Thu Jan 9 17:19:41 GMT+0300 2020 [INFO] Server said: 34: ["o.r.ra", {plr: {apprnc: {fat: 0, brc: 19, ec: 29, et: 38, ss: 0, rc: 11, g: 2, brt: 23, pt: 0, rg: 2, shc: 13, bt: 0, sc: 2, sh: 23, fac: 1, mc: 5, fft: 15, n: "`moonlight`", hc: 7, bc: 1, nct: 0, mt: 23, ssc: 1, ht: 130, pc: 1}, clths: {clths: [{tpid: "girlPntsPnd", clid: null}, {tpid: "girlTShrtPnk23Feb19", clid: null}, {tpid: "csl15GCGJck", clid: null}, {tpid: "grlBtsDvl16", clid: null}]}, usrinf: {rl: 0}, mbm: {sk: "blackMobileSkin", ac: null}, locinfo: {l: "salon_sn1_1", x: 5.73, at: "sitItem13", pl: "", y: 8.31, s: "127.0.0.1", shlc: true, st: 1, d: 4}, pf: {pf: {grdnr: {pgs: 0, tp: "grdnr", l: 20}, jntr: {pgs: 0, tp: "jntr", l: 20}, phtghr: {pgs: 0, tp: "phtghr", l: 20}, vsgst: {pgs: 0, tp: "vsgst", l: 20}}}, ci: {vsexp: 1965298000, shcr: true, plcmt: {}, vsact: true, gtrfrd: 0, pamns: {amn: []}, as: null, vret: 0, strfrd: 0, crst: 0, lrnt: 0, vfgc: 0, rtrtm: 0, lvt: 1578579269, fexp: 0, ceid: 0, kyktid: null, skid: null, ys: 0, actrt: 0, lwts: 0, hrt: 1157, dr: true, compid: 0, cmid: 0, bcld: 0, spp: 0, actrp: 0, skrt: 0, rpt: 0, trid: "familyDay2016", tts: null, actrd: 0, gdc: 0, eml: null, shousd: false, crt: 602, lgt: 0, exp: 85800, trcd: 0, sbrt: 0, ysct: 0, vip: true, sbid: null, vexp: 1965298000, fak: null}, uid: "253"}}]
Thu Jan 9 17:19:39 GMT+0300 2020 [INFO] Server said: 16: ["salon_sn1_1", "113"]
Thu Jan 9 17:19:39 GMT+0300 2020 [INFO] Server said: 34: ["o.r.jn", {plr: {apprnc: {fat: 0, brc: 3, ec: 3, et: 19, ss: 0, rc: 1, g: 1, brt: 19, pt: 0, rg: 0, shc: 1, bt: 0, sc: 2, sh: 0, fac: 1, mc: 2, fft: 0, n: "Дождик", hc: 3, bc: 1, nct: 0, mt: 1, ssc: 1, ht: 87, pc: 1}, clths: {clths: [{tpid: "boyPntsWnt19Stl", clid: null}, {tpid: "boyTShrtJpn4", clid: null}, {tpid: "boyBtsSh", clid: null}]}, usrinf: {rl: 0}, mbm: {sk: "blackMobileSkin", ac: null}, locinfo: {l: "salon_sn1_1", x: -1, at: "", pl: "", y: -1, s: "127.0.0.1", shlc: true, st: 0, d: 4}, pf: {pf: {grdnr: {pgs: 0, tp: "grdnr", l: 20}, jntr: {pgs: 0, tp: "jntr", l: 20}, phtghr: {pgs: 0, tp: "phtghr", l: 20}, vsgst: {pgs: 0, tp: "vsgst", l: 20}}}, ci: {vsexp: 1965298000, shcr: true, plcmt: {}, vsact: true, gtrfrd: 0, pamns: {amn: []}, as: null, vret: 0, strfrd: 0, crst: 0, lrnt: 0, vfgc: 0, rtrtm: 0, lvt: 1578579006, fexp: 0, ceid: 0, kyktid: null, skid: null, ys: 0, actrt: 0, lwts: 0, hrt: 174, dr: true, compid: 0, cmid: 0, bcld: 0, spp: 0, actrp: 0, skrt: 0, rpt: 0, trid: null, tts: null, actrd: 0, gdc: 0, eml: null, shousd: false, crt: 286, lgt: 0, exp: 85800, trcd: 0, sbrt: 0, ysct: 0, vip: true, sbid: null, vexp: 1965298000, fak: null}, uid: "113"}}]
Thu Jan 9 17:19:39 GMT+0300 2020 [INFO] Server said: 34: ["o.r.m", {uid: "260", sx: 14, dx: 12.27, dy: 6.77, sy: 6}]
Thu Jan 9 17:19:39 GMT+0300 2020 [INFO] Server said: 34: ["o.r.u", {x: 14.42, st: 0, d: 1, y: 5.6, uid: "260"}]
Thu Jan 9 17:19:38 GMT+0300 2020 [INFO] Server said: 17: ["salon_sn1_1", "335"]
Thu Jan 9 17:19:38 GMT+0300 2020 [INFO] Server said: 34: ["o.r.lv", {uid: "335"}]
Thu Jan 9 17:19:38 GMT+0300 2020 [INFO] Server said: 34: ["o.r.u", {x: 14.42, at: "salonActiveChairItem22", y: 5.6, st: 1, d: 0, uid: "260"}]
Thu Jan 9 17:19:37 GMT+0300 2020 [INFO] Server said: 34: ["o.r.u", {x: 14.42, at: "", y: 5.6, st: 23, d: 0, uid: "260"}]