ClientError: Thu Jan 9 16:54:56 GMT+0300 2020 [CRITICAL] [salon] *Uncaught Error* ErrorId: 1010 ErrorName: TypeError ErrorMessage:Error #1010 ErrorStackTrace:TypeError: Error #1010
	at _-1u9::URL/parse()
	at _-1u9::URL()
	at _-18R::LoadingItem()
	at _-18R::SWFLoadingItem()
	at _-0bS::MassLoader/add()
	at _-0bS::MassLoader/_-2R5()
	at flash.events::EventDispatcher/dispatchEvent()
	at _-18R::LoadingItem/_-1Iu()
	at _-18R::LoadingItem/onError()
	at _-18R::SWFLoadingItem/onError()
	at flash.events::EventDispatcher/dispatchEvent()
	at flash.net::URLLoader/onComplete()
Thu Jan 9 16:54:32 GMT+0300 2020 [INFO] Client said: 17: ["house_123_livingroom"]
Thu Jan 9 16:54:27 GMT+0300 2020 [INFO] Client said: 34: ["house_123_livingroom", "h.r.u", {x: 3.14, at: "", st: 23, y: 8, uid: "123", d: 5}]
Thu Jan 9 16:54:25 GMT+0300 2020 [INFO] Client said: 34: ["house_123_livingroom", "h.r.m", {dx: 3.14, uid: "123", sx: 5.98, dy: 8, sy: 5.42}]
Thu Jan 9 16:54:23 GMT+0300 2020 [INFO] Client said: 34: ["house_123_livingroom", "h.r.m", {dx: 7.2, uid: "123", sx: 2.21, dy: 6.06, sy: 5.42}]
Thu Jan 9 16:53:42 GMT+0300 2020 [INFO] Server said: 34: ["ev.gse", {}]
Thu Jan 9 16:53:42 GMT+0300 2020 [INFO] Server said: 34: ["ev.get", {c: -1, evlst: [{id: 25, r: 8, st: 1578577514, l: "livingroom", tt: "УБУБУБУБ ВСЕМ КУ", fo: false, unm: "Трусы", ml: 1, ft: 1578579314, lg: 30, uid: "25", ci: 0, c: 0, ds: "УРА", tp: 0, ac: false}], tg: ""}]
Thu Jan 9 16:53:42 GMT+0300 2020 [INFO] Client said: 34: [null, "ev.gse", {}]
Thu Jan 9 16:53:42 GMT+0300 2020 [INFO] Client said: 34: [null, "ev.get", {c: -1, fof: false, tg: ""}]
Thu Jan 9 16:53:27 GMT+0300 2020 [INFO] Client said: 34: [null, "crq.urst", {}]
Thu Jan 9 16:53:21 GMT+0300 2020 [INFO] Client said: 34: [null, "cln.grci", {clid: "grcm"}]
Thu Jan 9 16:51:47 GMT+0300 2020 [INFO] [YandexMetrics.reachGoal] Call reach goal 'close_payment_dialog' for counter 31321471
Thu Jan 9 16:51:46 GMT+0300 2020 [INFO] [YandexMetrics.reachGoal] Call reach goal 'show_payment_dialog' for counter 31321471
Thu Jan 9 16:51:44 GMT+0300 2020 [INFO] Server said: 34: ["b.ingld", {ingld: 1500}]
Thu Jan 9 16:51:44 GMT+0300 2020 [INFO] Server said: 34: ["ntf.res", {res: {emd: 0, slvr: 10000, gld: 3100, enrg: 500}}]
Thu Jan 9 16:51:44 GMT+0300 2020 [INFO] [YandexMetrics.reachGoal] Call reach goal 'click_buy_product' for counter 31321471
Thu Jan 9 16:51:44 GMT+0300 2020 [INFO] Client said: 34: [null, "b.chkprchs", {prid: "pack1500", pmnt: null, qnt: 1}]
Thu Jan 9 16:51:42 GMT+0300 2020 [INFO] [YandexMetrics.reachGoal] Call reach goal 'show_payment_dialog' for counter 31321471
Thu Jan 9 16:51:41 GMT+0300 2020 [INFO] [YandexMetrics.onCounterInit] Yandex metrics counter 31321471 inited
Thu Jan 9 16:51:41 GMT+0300 2020 [INFO] [YandexMetrics.reachGoal] Call reach goal 'click_buy_product' for counter 31321471
Thu Jan 9 16:51:41 GMT+0300 2020 [INFO] [YandexMetrics.reachGoal] Call reach goal 'show_payment_dialog' for counter 31321471
Thu Jan 9 16:51:40 GMT+0300 2020 [INFO] Server said: 34: ["b.ingld", {ingld: 1500}]
Thu Jan 9 16:51:40 GMT+0300 2020 [INFO] Server said: 34: ["ntf.res", {res: {emd: 0, slvr: 10000, gld: 1600, enrg: 500}}]
Thu Jan 9 16:51:40 GMT+0300 2020 [INFO] Client said: 34: [null, "b.chkprchs", {prid: "pack1500", pmnt: null, qnt: 1}]
Thu Jan 9 16:51:39 GMT+0300 2020 [INFO] Server said: 34: ["spt.init", {a: false}]
Thu Jan 9 16:51:39 GMT+0300 2020 [INFO] [YandexMetrics.initCounter] Try to init Yandex metrics counter 31321471
Thu Jan 9 16:51:39 GMT+0300 2020 [INFO] Client said: 34: [null, "spt.init", {}]
Thu Jan 9 16:51:26 GMT+0300 2020 [INFO] Client said: 34: ["house_123_livingroom", "h.r.u", {x: 2.21, at: "", st: 23, y: 5.42, uid: "123", d: 4}]
Thu Jan 9 16:51:23 GMT+0300 2020 [INFO] Client said: 34: ["house_123_livingroom", "h.r.m", {dx: 2.21, uid: "123", sx: 4.05, dy: 5.42, sy: 0.1}]
Thu Jan 9 16:51:22 GMT+0300 2020 [INFO] Client said: 34: ["house_123_livingroom", "h.r.u", {x: 4.05, uid: "123", st: 0, d: 4, y: 0.1}]
Thu Jan 9 16:51:22 GMT+0300 2020 [INFO] Server said: 34: ["lg.lst", {glst: []}]
Thu Jan 9 16:51:22 GMT+0300 2020 [INFO] Client said: 34: ["house_123_livingroom", "lg.lst", {}]
Thu Jan 9 16:51:22 GMT+0300 2020 [INFO] Server said: 34: ["h.r.info", {evn: null, rmmb: [{mbm: {ac: null, sk: "blackMobileSkin"}, apprnc: {ht: 9, fac: 1, rc: 1, g: 2, pc: 1, fft: 0, ssc: 1, pt: 0, nct: 0, fat: 0, shc: 1, bt: 0, brc: 3, ss: 0, rg: 0, mc: 2, sh: 0, n: "Pariska", ec: 1, bc: 1, mt: 1, hc: 4, brt: 5, sc: 1, et: 2}, clths: {clths: [{tpid: "girlShirt12", clid: null}, {tpid: "girlShoes14", clid: null}, {tpid: "girlPants9", clid: null}]}, usrinf: {rl: 0}, ci: {bcld: 0, lwts: 0, skrt: 0, compid: 0, trid: null, kyktid: null, fak: null, vexp: 1965298000, trcd: 0, cmid: 0, shcr: true, actrp: 0, sbid: null, actrd: 0, sbrt: 0, pamns: {amn: []}, vsexp: 1965298000, plcmt: {}, dr: true, ys: 0, vsact: true, spp: 0, gtrfrd: 0, as: null, fexp: 0, strfrd: 0, lvt: 1578577871, crst: 0, shousd: false, tts: null, vip: true, vret: 0, eml: null, rtrtm: 0, vfgc: 0, crt: 10, rpt: 0, lrnt: 0, exp: 85800, skid: null, hrt: 174, lgt: 0, ceid: 0, gdc: 0, ysct: 0, actrt: 0}, locinfo: {l: "house_123_livingroom", x: -1, st: 0, pl: "", y: -1, s: "127.0.0.1", at: "", d: 4, shlc: true}, uid: "123", pf: {pf: {phtghr: {pgs: 0, tp: "phtghr", l: 20}, jntr: {pgs: 0, tp: "jntr", l: 20}, grdnr: {pgs: 0, tp: "grdnr", l: 20}, vsgst: {pgs: 0, tp: "vsgst", l: 20}}}}], rm: {l: 13, f: [{x: 0, tpid: "floor4", y: 0, lid: 3, z: 0, d: 5}, {x: 3, rid: "outside", tpid: "door4", y: 0, lid: 4, z: 0, d: 3}, {x: 13, tpid: "wall15", y: 0, lid: 2, z: 0, d: 5}, {x: 0, tpid: "wall15", y: 0, lid: 1, z: 0, d: 3}], id: "livingroom", w: 13, nm: "#livingRoom", lev: 1}}]
Thu Jan 9 16:51:22 GMT+0300 2020 [INFO] Client said: 34: ["house_123_livingroom", "h.r.info", {rid: "livingroom", uid: "123"}]
Thu Jan 9 16:51:22 GMT+0300 2020 [INFO] Server said: 34: ["h.gr", {rid: "house_123_livingroom"}]
Thu Jan 9 16:51:22 GMT+0300 2020 [INFO] Server said: 16: ["house_123_livingroom", "123"]
Thu Jan 9 16:51:22 GMT+0300 2020 [INFO] Server said: 34: ["h.r.jn", {plr: {mbm: {ac: null, sk: "blackMobileSkin"}, apprnc: {ht: 9, fac: 1, rc: 1, g: 2, pc: 1, fft: 0, ssc: 1, pt: 0, nct: 0, fat: 0, shc: 1, bt: 0, brc: 3, ss: 0, rg: 0, mc: 2, sh: 0, n: "Pariska", ec: 1, bc: 1, mt: 1, hc: 4, brt: 5, sc: 1, et: 2}, clths: {clths: [{tpid: "girlShirt12", clid: null}, {tpid: "girlShoes14", clid: null}, {tpid: "girlPants9", clid: null}]}, usrinf: {rl: 0}, ci: {bcld: 0, lwts: 0, skrt: 0, compid: 0, trid: null, kyktid: null, fak: null, vexp: 1965298000, trcd: 0, cmid: 0, shcr: true, actrp: 0, sbid: null, actrd: 0, sbrt: 0, pamns: {amn: []}, vsexp: 1965298000, plcmt: {}, dr: true, ys: 0, vsact: true, spp: 0, gtrfrd: 0, as: null, fexp: 0, strfrd: 0, lvt: 1578577871, crst: 0, shousd: false, tts: null, vip: true, vret: 0, eml: null, rtrtm: 0, vfgc: 0, crt: 10, rpt: 0, lrnt: 0, exp: 85800, skid: null, hrt: 174, lgt: 0, ceid: 0, gdc: 0, ysct: 0, actrt: 0}, locinfo: {l: "house_123_livingroom", x: -1, st: 0, pl: "", y: -1, s: "127.0.0.1", at: "", d: 4, shlc: true}, uid: "123", pf: {pf: {phtghr: {pgs: 0, tp: "phtghr", l: 20}, jntr: {pgs: 0, tp: "jntr", l: 20}, grdnr: {pgs: 0, tp: "grdnr", l: 20}, vsgst: {pgs: 0, tp: "vsgst", l: 20}}}}}]
Thu Jan 9 16:51:22 GMT+0300 2020 [INFO] Client said: 34: [null, "h.gr", {lid: "house", rid: "livingroom", gid: "123"}]
Thu Jan 9 16:51:22 GMT+0300 2020 [INFO] Loaded  LoadingItem(url: http://62.113.113.58:8080/files/swf/furniture/house/WallPoppy.swf, status: 2) 