ClientError: Thu Jan 9 18:36:25 GMT+0300 2020 [CRITICAL] [house] *Uncaught Error* ErrorId: 1010 ErrorName: TypeError ErrorMessage:Error #1010 ErrorStackTrace:TypeError: Error #1010
	at _-1u9::URL/parse()
	at _-1u9::URL()
	at _-18R::LoadingItem()
	at _-18R::SWFLoadingItem()
	at _-0bS::MassLoader/add()
	at _-0bS::MassLoader/_-2R5()
	at flash.events::EventDispatcher/dispatchEvent()
	at _-18R::LoadingItem/_-1Iu()
	at _-18R::LoadingItem/onError()
	at _-18R::SWFLoadingItem/onError()
	at flash.events::EventDispatcher/dispatchEvent()
	at flash.net::URLLoader/onComplete()
Thu Jan 9 18:36:05 GMT+0300 2020 [INFO] Server said: 34: ["srqst.gtrq", {rqlst: {lapt: {}, rsprlst: {}, shwdt: 0, rlst: {}}}]
Thu Jan 9 18:36:05 GMT+0300 2020 [INFO] Server said: 34: ["srqst.gtrq", {rqlst: {lapt: {}, rsprlst: {}, shwdt: 0, rlst: {}}}]
Thu Jan 9 18:36:05 GMT+0300 2020 [INFO] Server said: 34: ["srqst.gtrq", {rqlst: {lapt: {}, rsprlst: {}, shwdt: 0, rlst: {}}}]
Thu Jan 9 18:36:05 GMT+0300 2020 [INFO] Server said: 34: ["srqst.gtrq", {rqlst: {lapt: {}, rsprlst: {}, shwdt: 0, rlst: {}}}]
Thu Jan 9 18:36:05 GMT+0300 2020 [INFO] Server said: 34: ["srqst.gtrq", {rqlst: {lapt: {}, rsprlst: {}, shwdt: 0, rlst: {}}}]
Thu Jan 9 18:36:05 GMT+0300 2020 [INFO] Server said: 34: ["srqst.gtrq", {rqlst: {lapt: {}, rsprlst: {}, shwdt: 0, rlst: {}}}]
Thu Jan 9 18:36:05 GMT+0300 2020 [INFO] Server said: 34: ["srqst.gtrq", {rqlst: {lapt: {}, rsprlst: {}, shwdt: 0, rlst: {}}}]
Thu Jan 9 18:36:05 GMT+0300 2020 [INFO] Server said: 34: ["srqst.gtrq", {rqlst: {lapt: {}, rsprlst: {}, shwdt: 0, rlst: {}}}]
Thu Jan 9 18:36:05 GMT+0300 2020 [INFO] Server said: 34: ["srqst.gtrq", {rqlst: {lapt: {}, rsprlst: {}, shwdt: 0, rlst: {}}}]
Thu Jan 9 18:36:04 GMT+0300 2020 [INFO] Server said: 34: ["srqst.gtrq", {rqlst: {lapt: {}, rsprlst: {}, shwdt: 0, rlst: {}}}]
Thu Jan 9 18:36:04 GMT+0300 2020 [INFO] Server said: 34: ["srqst.gtrq", {rqlst: {lapt: {}, rsprlst: {}, shwdt: 0, rlst: {}}}]
Thu Jan 9 18:36:04 GMT+0300 2020 [INFO] Client said: 34: [null, "nws.getglbl", {}]
Thu Jan 9 18:36:04 GMT+0300 2020 [INFO] Server said: 34: ["nws.hasnews", {gnunr: true, gnexst: true}]
Thu Jan 9 18:36:04 GMT+0300 2020 [INFO] Server said: 34: ["cp.cht.gbl", {blcklst: {uids: []}}]