ClientError: Thu Jan 9 21:14:57 GMT+0600 2020 [CRITICAL] [house] *Uncaught Error* ErrorId: 1009 ErrorName: TypeError ErrorMessage:Error #1009 ErrorStackTrace:TypeError: Error #1009
	at _-371::SupportNetManager/init()
	at _-4I::_-Ss/init()
	at _-Qp::_-1DK/onAddedToStage()
	at _-0qh::UIManager/_-1oS()
	at _-0qh::UIManager/showModal()
	at _-Qp::_-1DK/showModal()
	at _-19Y::TopPanel/_-3oC()
Thu Jan 9 21:14:55 GMT+0600 2020 [INFO] Server said: 34: ["h.oinfo", {hs: {lt: 0, r: [{lev: 2, nm: "Комната 3", id: "3", f: [{tpid: "wall15", x: 0, y: 0, lid: 1, z: 0, d: 3}, {tpid: "door4", x: 3, y: 0, lid: 4, z: 0, d: 3, rid: "outside"}, {tpid: "wall15", x: 13, y: 0, lid: 2, z: 0, d: 5}, {tpid: "floor4", x: 0, y: 0, lid: 3, z: 0, d: 5}], l: 13, w: 13}, {lev: 2, nm: "Комната 5", id: "5", f: [{tpid: "wall15", x: 0, y: 0, lid: 1, z: 0, d: 3}, {tpid: "door4", x: 3, y: 0, lid: 4, z: 0, d: 3, rid: "outside"}, {tpid: "wall15", x: 13, y: 0, lid: 2, z: 0, d: 5}, {tpid: "floor4", x: 0, y: 0, lid: 3, z: 0, d: 5}], l: 13, w: 13}, {lev: 2, nm: "Комната 2", id: "2", f: [{tpid: "wall15", x: 0, y: 0, lid: 1, z: 0, d: 3}, {tpid: "door4", x: 3, y: 0, lid: 4, z: 0, d: 3, rid: "outside"}, {tpid: "wall15", x: 13, y: 0, lid: 2, z: 0, d: 5}, {tpid: "floor4", x: 0, y: 0, lid: 3, z: 0, d: 5}], l: 13, w: 13}, {lev: 2, nm: "Комната 1", id: "1", f: [{tpid: "wall15", x: 0, y: 0, lid: 1, z: 0, d: 3}, {tpid: "door4", x: 3, y: 0, lid: 4, z: 0, d: 3, rid: "outside"}, {tpid: "wall15", x: 13, y: 0, lid: 2, z: 0, d: 5}, {tpid: "floor4", x: 0, y: 0, lid: 3, z: 0, d: 5}], l: 13, w: 13}, {lev: 1, nm: "#livingRoom", id: "livingroom", f: [{tpid: "wllNYRf", x: 0, y: 0, lid: 27078986, z: 0, d: 3}, {tpid: "wllNYRf", x: 13, y: 0, lid: 27078987, z: 0, d: 5}, {tpid: "intFlr1", x: 0, y: 0, lid: 50355158, z: 0, d: 5}, {tpid: "door4", x: 3, y: 0, lid: 4, z: 0, d: 3, rid: "outside"}], l: 13, w: 13}, {lev: 2, nm: "Комната 4", id: "4", f: [{tpid: "wall15", x: 0, y: 0, lid: 1, z: 0, d: 3}, {tpid: "door4", x: 3, y: 0, lid: 4, z: 0, d: 3, rid: "outside"}, {tpid: "wall15", x: 13, y: 0, lid: 2, z: 0, d: 5}, {tpid: "floor4", x: 0, y: 0, lid: 3, z: 0, d: 5}], l: 13, w: 13}]}, ath: false, plr: {ci: {sbrt: 0, rtrtm: 0, eml: null, lrnt: 0, actrp: 0, crt: 933, tts: null, ysct: 0, compid: 0, ys: 0, vip: true, gdc: 0, vsexp: 1965298000, cmid: 0, lvt: 1578582512, vsact: true, strfrd: 0, dr: true, ceid: 0, spp: 0, shcr: true, as: null, gtrfrd: 0, kyktid: null, shousd: false, lgt: 0, skrt: 0, fak: null, trid: null, vexp: 1965298000, lwts: 0, vfgc: 0, vret: 0, sbid: null, skid: null, bcld: 0, rpt: 0, fexp: 0, hrt: 2153, actrd: 0, trcd: 0, pamns: {amn: []}, exp: 85800, actrt: 0, crst: 0, plcmt: {}}, pf: {pf: {phtghr: {tp: "phtghr", pgs: 0, l: 20}, vsgst: {tp: "vsgst", pgs: 0, l: 20}, grdnr: {tp: "grdnr", pgs: 0, l: 20}, jntr: {tp: "jntr", pgs: 0, l: 20}}}, clths: {clths: [{tpid: "girlTShrtPnk23Feb19", clid: null}, {tpid: "girlShoes14", clid: null}, {tpid: "girlPants9", clid: null}]}, usrinf: {rl: 0}, apprnc: {pc: 1, rc: 1, bt: 0, g: 2, mc: 4, hc: 3, rg: 0, fat: 0, brc: 5, fac: 1, ht: 122, shc: 1, n: "Узницаада", ss: 0, pt: 0, nct: 0, brt: 1, sc: 1, sh: 0, bc: 1, et: 8, fft: 0, ec: 1, mt: 4, ssc: 1}, mbm: {sk: "blackMobileSkin", ac: null}, uid: "191"}}]
Thu Jan 9 21:14:49 GMT+0600 2020 [INFO] Client said: 34: [null, "h.gr", {gid: "191", rid: "1", lid: "house"}]
Thu Jan 9 21:14:42 GMT+0600 2020 [INFO] Client said: 34: [null, "h.gr", {gid: "191", rid: "1", lid: "house"}]
Thu Jan 9 21:14:41 GMT+0600 2020 [INFO] Server said: 34: ["h.oinfo", {hs: {lt: 0, r: [{lev: 2, nm: "Комната 3", id: "3", f: [{tpid: "wall15", x: 0, y: 0, lid: 1, z: 0, d: 3}, {tpid: "door4", x: 3, y: 0, lid: 4, z: 0, d: 3, rid: "outside"}, {tpid: "wall15", x: 13, y: 0, lid: 2, z: 0, d: 5}, {tpid: "floor4", x: 0, y: 0, lid: 3, z: 0, d: 5}], l: 13, w: 13}, {lev: 2, nm: "Комната 5", id: "5", f: [{tpid: "wall15", x: 0, y: 0, lid: 1, z: 0, d: 3}, {tpid: "door4", x: 3, y: 0, lid: 4, z: 0, d: 3, rid: "outside"}, {tpid: "wall15", x: 13, y: 0, lid: 2, z: 0, d: 5}, {tpid: "floor4", x: 0, y: 0, lid: 3, z: 0, d: 5}], l: 13, w: 13}, {lev: 2, nm: "Комната 2", id: "2", f: [{tpid: "wall15", x: 0, y: 0, lid: 1, z: 0, d: 3}, {tpid: "door4", x: 3, y: 0, lid: 4, z: 0, d: 3, rid: "outside"}, {tpid: "wall15", x: 13, y: 0, lid: 2, z: 0, d: 5}, {tpid: "floor4", x: 0, y: 0, lid: 3, z: 0, d: 5}], l: 13, w: 13}, {lev: 2, nm: "Комната 1", id: "1", f: [{tpid: "wall15", x: 0, y: 0, lid: 1, z: 0, d: 3}, {tpid: "door4", x: 3, y: 0, lid: 4, z: 0, d: 3, rid: "outside"}, {tpid: "wall15", x: 13, y: 0, lid: 2, z: 0, d: 5}, {tpid: "floor4", x: 0, y: 0, lid: 3, z: 0, d: 5}], l: 13, w: 13}, {lev: 1, nm: "#livingRoom", id: "livingroom", f: [{tpid: "wllNYRf", x: 0, y: 0, lid: 27078986, z: 0, d: 3}, {tpid: "wllNYRf", x: 13, y: 0, lid: 27078987, z: 0, d: 5}, {tpid: "intFlr1", x: 0, y: 0, lid: 50355158, z: 0, d: 5}, {tpid: "door4", x: 3, y: 0, lid: 4, z: 0, d: 3, rid: "outside"}], l: 13, w: 13}, {lev: 2, nm: "Комната 4", id: "4", f: [{tpid: "wall15", x: 0, y: 0, lid: 1, z: 0, d: 3}, {tpid: "door4", x: 3, y: 0, lid: 4, z: 0, d: 3, rid: "outside"}, {tpid: "wall15", x: 13, y: 0, lid: 2, z: 0, d: 5}, {tpid: "floor4", x: 0, y: 0, lid: 3, z: 0, d: 5}], l: 13, w: 13}]}, ath: false, plr: {ci: {sbrt: 0, rtrtm: 0, eml: null, lrnt: 0, actrp: 0, crt: 933, tts: null, ysct: 0, compid: 0, ys: 0, vip: true, gdc: 0, vsexp: 1965298000, cmid: 0, lvt: 1578582512, vsact: true, strfrd: 0, dr: true, ceid: 0, spp: 0, shcr: true, as: null, gtrfrd: 0, kyktid: null, shousd: false, lgt: 0, skrt: 0, fak: null, trid: null, vexp: 1965298000, lwts: 0, vfgc: 0, vret: 0, sbid: null, skid: null, bcld: 0, rpt: 0, fexp: 0, hrt: 2153, actrd: 0, trcd: 0, pamns: {amn: []}, exp: 85800, actrt: 0, crst: 0, plcmt: {}}, pf: {pf: {phtghr: {tp: "phtghr", pgs: 0, l: 20}, vsgst: {tp: "vsgst", pgs: 0, l: 20}, grdnr: {tp: "grdnr", pgs: 0, l: 20}, jntr: {tp: "jntr", pgs: 0, l: 20}}}, clths: {clths: [{tpid: "girlTShrtPnk23Feb19", clid: null}, {tpid: "girlShoes14", clid: null}, {tpid: "girlPants9", clid: null}]}, usrinf: {rl: 0}, apprnc: {pc: 1, rc: 1, bt: 0, g: 2, mc: 4, hc: 3, rg: 0, fat: 0, brc: 5, fac: 1, ht: 122, shc: 1, n: "Узницаада", ss: 0, pt: 0, nct: 0, brt: 1, sc: 1, sh: 0, bc: 1, et: 8, fft: 0, ec: 1, mt: 4, ssc: 1}, mbm: {sk: "blackMobileSkin", ac: null}, uid: "191"}}]
Thu Jan 9 21:14:37 GMT+0600 2020 [INFO] Client said: 34: ["house_191_livingroom", "frn.save", {f: []}]
Thu Jan 9 21:14:34 GMT+0600 2020 [INFO] Client said: 34: ["house_191_livingroom", "frn.save", {f: []}]
Thu Jan 9 21:14:32 GMT+0600 2020 [INFO] Client said: 34: [null, "h.gr", {gid: "191", rid: "1", lid: "house"}]
Thu Jan 9 21:14:32 GMT+0600 2020 [INFO] Client said: 17: ["house_191_livingroom"]
Thu Jan 9 21:14:25 GMT+0600 2020 [INFO] Server said: 34: ["h.oinfo", {hs: {lt: 0, r: [{lev: 2, nm: "Комната 3", id: "3", f: [{tpid: "wall15", x: 0, y: 0, lid: 1, z: 0, d: 3}, {tpid: "door4", x: 3, y: 0, lid: 4, z: 0, d: 3, rid: "outside"}, {tpid: "wall15", x: 13, y: 0, lid: 2, z: 0, d: 5}, {tpid: "floor4", x: 0, y: 0, lid: 3, z: 0, d: 5}], l: 13, w: 13}, {lev: 2, nm: "Комната 5", id: "5", f: [{tpid: "wall15", x: 0, y: 0, lid: 1, z: 0, d: 3}, {tpid: "door4", x: 3, y: 0, lid: 4, z: 0, d: 3, rid: "outside"}, {tpid: "wall15", x: 13, y: 0, lid: 2, z: 0, d: 5}, {tpid: "floor4", x: 0, y: 0, lid: 3, z: 0, d: 5}], l: 13, w: 13}, {lev: 2, nm: "Комната 2", id: "2", f: [{tpid: "wall15", x: 0, y: 0, lid: 1, z: 0, d: 3}, {tpid: "door4", x: 3, y: 0, lid: 4, z: 0, d: 3, rid: "outside"}, {tpid: "wall15", x: 13, y: 0, lid: 2, z: 0, d: 5}, {tpid: "floor4", x: 0, y: 0, lid: 3, z: 0, d: 5}], l: 13, w: 13}, {lev: 2, nm: "Комната 1", id: "1", f: [{tpid: "wall15", x: 0, y: 0, lid: 1, z: 0, d: 3}, {tpid: "door4", x: 3, y: 0, lid: 4, z: 0, d: 3, rid: "outside"}, {tpid: "wall15", x: 13, y: 0, lid: 2, z: 0, d: 5}, {tpid: "floor4", x: 0, y: 0, lid: 3, z: 0, d: 5}], l: 13, w: 13}, {lev: 1, nm: "#livingRoom", id: "livingroom", f: [{tpid: "wllNYRf", x: 0, y: 0, lid: 27078986, z: 0, d: 3}, {tpid: "wllNYRf", x: 13, y: 0, lid: 27078987, z: 0, d: 5}, {tpid: "intFlr1", x: 0, y: 0, lid: 50355158, z: 0, d: 5}, {tpid: "door4", x: 3, y: 0, lid: 4, z: 0, d: 3, rid: "outside"}], l: 13, w: 13}, {lev: 2, nm: "Комната 4", id: "4", f: [{tpid: "wall15", x: 0, y: 0, lid: 1, z: 0, d: 3}, {tpid: "door4", x: 3, y: 0, lid: 4, z: 0, d: 3, rid: "outside"}, {tpid: "wall15", x: 13, y: 0, lid: 2, z: 0, d: 5}, {tpid: "floor4", x: 0, y: 0, lid: 3, z: 0, d: 5}], l: 13, w: 13}]}, ath: false, plr: {ci: {sbrt: 0, rtrtm: 0, eml: null, lrnt: 0, actrp: 0, crt: 933, tts: null, ysct: 0, compid: 0, ys: 0, vip: true, gdc: 0, vsexp: 1965298000, cmid: 0, lvt: 1578582512, vsact: true, strfrd: 0, dr: true, ceid: 0, spp: 0, shcr: true, as: null, gtrfrd: 0, kyktid: null, shousd: false, lgt: 0, skrt: 0, fak: null, trid: null, vexp: 1965298000, lwts: 0, vfgc: 0, vret: 0, sbid: null, skid: null, bcld: 0, rpt: 0, fexp: 0, hrt: 2153, actrd: 0, trcd: 0, pamns: {amn: []}, exp: 85800, actrt: 0, crst: 0, plcmt: {}}, pf: {pf: {phtghr: {tp: "phtghr", pgs: 0, l: 20}, vsgst: {tp: "vsgst", pgs: 0, l: 20}, grdnr: {tp: "grdnr", pgs: 0, l: 20}, jntr: {tp: "jntr", pgs: 0, l: 20}}}, clths: {clths: [{tpid: "girlTShrtPnk23Feb19", clid: null}, {tpid: "girlShoes14", clid: null}, {tpid: "girlPants9", clid: null}]}, usrinf: {rl: 0}, apprnc: {pc: 1, rc: 1, bt: 0, g: 2, mc: 4, hc: 3, rg: 0, fat: 0, brc: 5, fac: 1, ht: 122, shc: 1, n: "Узницаада", ss: 0, pt: 0, nct: 0, brt: 1, sc: 1, sh: 0, bc: 1, et: 8, fft: 0, ec: 1, mt: 4, ssc: 1}, mbm: {sk: "blackMobileSkin", ac: null}, uid: "191"}}]
Thu Jan 9 21:14:21 GMT+0600 2020 [INFO] Client said: 34: [null, "h.oinfo", {uid: "191"}]
Thu Jan 9 21:14:20 GMT+0600 2020 [INFO] Client said: 34: [null, "h.oinfo", {uid: "191"}]
Thu Jan 9 21:14:19 GMT+0600 2020 [INFO] Client said: 34: [null, "h.oinfo", {uid: "191"}]
Thu Jan 9 21:14:16 GMT+0600 2020 [INFO] Client said: 34: [null, "h.oinfo", {uid: "191"}]
Thu Jan 9 21:14:15 GMT+0600 2020 [INFO] Client said: 34: [null, "h.oinfo", {uid: "191"}]
Thu Jan 9 21:14:13 GMT+0600 2020 [INFO] Client said: 34: [null, "h.oinfo", {uid: "191"}]
Thu Jan 9 21:14:11 GMT+0600 2020 [INFO] Client said: 34: [null, "h.oinfo", {uid: "191"}]
Thu Jan 9 21:14:09 GMT+0600 2020 [INFO] Server said: 34: ["ntf.res", {res: {slvr: 10000, enrg: 500, emd: 0, gld: 933}}]
Thu Jan 9 21:14:08 GMT+0600 2020 [INFO] Server said: 34: ["ntf.inv", {it: {tid: "wllAq1", iid: "", c: 1}}]
Thu Jan 9 21:14:06 GMT+0600 2020 [INFO] Client said: 34: [null, "frn.buy", {tpid: "wllAq1", cnt: 1, pind: 1}]
Thu Jan 9 21:14:01 GMT+0600 2020 [INFO] Server said: 34: ["ntf.res", {res: {slvr: 10000, enrg: 500, emd: 0, gld: 2432}}]
Thu Jan 9 21:14:01 GMT+0600 2020 [INFO] Server said: 34: ["ntf.inv", {it: {tid: "flrAq1", iid: "", c: 1}}]
Thu Jan 9 21:13:59 GMT+0600 2020 [INFO] Client said: 34: [null, "frn.buy", {tpid: "flrAq1", cnt: 1, pind: 1}]
Thu Jan 9 21:13:54 GMT+0600 2020 [INFO] Server said: 34: ["ntf.res", {res: {slvr: 10000, enrg: 500, emd: 0, gld: 4431}}]
Thu Jan 9 21:13:54 GMT+0600 2020 [INFO] Server said: 34: ["ntf.inv", {it: {tid: "carJeepYel", iid: "", c: 1}}]
Thu Jan 9 21:13:52 GMT+0600 2020 [INFO] Client said: 34: [null, "frn.buy", {tpid: "carJeepYel", cnt: 1, pind: 1}]
Thu Jan 9 21:13:51 GMT+0600 2020 [INFO] Loaded  LoadingItem(url: http://62.113.113.58:8080/files/swf/furniture/decor/CarJeepYellow.swf, status: 2) 
Thu Jan 9 21:13:44 GMT+0600 2020 [INFO] Loaded  LoadingItem(url: http://62.113.113.58:8080/files/swf/furniture/decor/CarJeepMilitary.swf, status: 2) 
Thu Jan 9 21:13:14 GMT+0600 2020 [INFO] Loaded  LoadingItem(url: http://62.113.113.58:8080/files/swf/furniture/decor/JanitorRailway.swf, status: 2) 
Thu Jan 9 21:13:06 GMT+0600 2020 [INFO] Server said: 34: ["ntf.res", {res: {slvr: 10000, enrg: 500, emd: 0, gld: 4780}}]
Thu Jan 9 21:13:06 GMT+0600 2020 [INFO] Server said: 34: ["ntf.inv", {it: {tid: "colorWheel", iid: "", c: 1}}]
Thu Jan 9 21:13:04 GMT+0600 2020 [INFO] Client said: 34: [null, "frn.buy", {tpid: "colorWheel", cnt: 1, pind: 1}]
Thu Jan 9 21:13:00 GMT+0600 2020 [INFO] Loaded  LoadingItem(url: http://62.113.113.58:8080/files/swf/furniture/decor/ColorWheel.swf, status: 2) 
Thu Jan 9 21:12:49 GMT+0600 2020 [INFO] Server said: 34: ["b.ingld", {ingld: 1500}]
Thu Jan 9 21:12:48 GMT+0600 2020 [INFO] Server said: 34: ["ntf.res", {res: {slvr: 10000, enrg: 500, emd: 0, gld: 4880}}]
Thu Jan 9 21:12:46 GMT+0600 2020 [INFO] [YandexMetrics.reachGoal] Call reach goal 'click_buy_product' for counter 31321471
Thu Jan 9 21:12:46 GMT+0600 2020 [INFO] Client said: 34: [null, "b.chkprchs", {qnt: 1, pmnt: null, prid: "pack1500"}]