ClientError: Thu Jan 9 18:24:00 GMT+0300 2020 [CRITICAL] [house] *Uncaught Error* ErrorId: 1010 ErrorName: TypeError ErrorMessage:Error #1010 ErrorStackTrace:TypeError: Error #1010
	at _-1u9::URL/parse()
	at _-1u9::URL()
	at _-18R::LoadingItem()
	at _-18R::SWFLoadingItem()
	at _-0bS::MassLoader/add()
	at _-0bS::MassLoader/_-2R5()
	at flash.events::EventDispatcher/dispatchEvent()
	at _-18R::LoadingItem/_-1Iu()
	at _-18R::LoadingItem/onError()
	at _-18R::SWFLoadingItem/onError()
	at flash.events::EventDispatcher/dispatchEvent()
	at flash.net::URLLoader/onComplete()
Thu Jan 9 18:23:16 GMT+0300 2020 [INFO] Loaded  LoadingItem(url: http://62.113.113.58:8080/files/swf/furniture/house/FloorCarpetGrass.swf, status: 2) 
Thu Jan 9 18:23:12 GMT+0300 2020 [INFO] Server said: 34: ["srqst.gtrq", {rqlst: {rlst: {}, shwdt: 0, rsprlst: {}, lapt: {}}}]
Thu Jan 9 18:23:11 GMT+0300 2020 [INFO] Client said: 34: [null, "nws.getglbl", {}]
Thu Jan 9 18:23:11 GMT+0300 2020 [INFO] Server said: 34: ["nws.hasnews", {gnunr: true, gnexst: true}]
Thu Jan 9 18:23:11 GMT+0300 2020 [INFO] Server said: 34: ["cp.cht.gbl", {blcklst: {uids: []}}]
Thu Jan 9 18:23:11 GMT+0300 2020 [INFO] Client said: 34: [null, "crq.lrui", {uid: 270}]
Thu Jan 9 18:23:11 GMT+0300 2020 [INFO] Server said: 34: ["cm.new", {campaigns: [{tp: 9, iu: "", st: 1, cil: [{sc: 0, gl: 0, tid: "clans", si: 0, cid: 643, id: 8151}, {sc: 0, gl: 0, tid: "clanRating_off", si: 0, cid: 643, id: 8152}], v: 1, ed: 2442905160000, id: 643}, {tp: 9, iu: "", st: 1, cil: [{sc: 0, gl: 0, tid: "mobile", si: 0, cid: 316, id: 2514}], v: 1, ed: 1659222000000, id: 316}, {tp: 9, iu: "", st: 2, cil: [{sc: 0, gl: 0, tid: "fortune2", si: 0, cid: 299, id: 2434}], v: 1, ed: 1919631600000, id: 299}, {tp: 9, iu: "", st: 1, cil: [{sc: 0, gl: 0, tid: "professions", si: 0, cid: 114, id: 1110}, {sc: 0, gl: 0, tid: "grdnr", si: 0, cid: 114, id: 1111}, {sc: 0, gl: 0, tid: "jntr", si: 0, cid: 114, id: 1112}, {sc: 0, gl: 0, tid: "vsgst", si: 0, cid: 114, id: 1577}, {sc: 0, gl: 0, tid: "phtghr", si: 0, cid: 114, id: 1578}], v: 1, ed: 1440630000000, id: 114}]}]
Thu Jan 9 18:23:07 GMT+0300 2020 [INFO] Client said: 34: [null, "srqst.gtrq", {}]
Thu Jan 9 18:23:07 GMT+0300 2020 [INFO] Server said: 34: ["h.minfo", {tm: 1, plr: {uid: "270", ci: {crst: 0, shousd: false, pamns: {amn: []}, lrnt: 0, hrt: 174, lvt: 1578582822, strfrd: 0, vret: 0, rtrtm: 0, skid: null, ys: 0, eml: null, gdc: 0, skrt: 0, lwts: 0, kyktid: null, vfgc: 0, vip: true, lgt: 0, ceid: 0, crt: 10, bcld: 0, compid: 0, trcd: 0, rpt: 0, actrt: 0, trid: null, actrp: 0, cmid: 0, plcmt: {}, ysct: 0, actrd: 0, dr: true, fak: null, vexp: 1965298000, sbrt: 0, fexp: 0, sbid: null, vsexp: 1965298000, spp: 0, exp: 85800, shcr: true, as: null, tts: null, gtrfrd: 0, vsact: true}, usrinf: {rl: 0}, hs: {lt: 0, r: [{nm: "Комната 3", l: 13, lev: 2, w: 13, id: "3", f: [{x: 0, lid: 1, y: 0, z: 0, d: 3, tpid: "wall15"}, {x: 3, lid: 4, y: 0, z: 0, rid: "outside", d: 3, tpid: "door4"}, {x: 13, lid: 2, y: 0, z: 0, d: 5, tpid: "wall15"}, {x: 0, lid: 3, y: 0, z: 0, d: 5, tpid: "floor4"}]}, {nm: "Комната 5", l: 13, lev: 2, w: 13, id: "5", f: [{x: 0, lid: 1, y: 0, z: 0, d: 3, tpid: "wall15"}, {x: 3, lid: 4, y: 0, z: 0, rid: "outside", d: 3, tpid: "door4"}, {x: 13, lid: 2, y: 0, z: 0, d: 5, tpid: "wall15"}, {x: 0, lid: 3, y: 0, z: 0, d: 5, tpid: "floor4"}]}, {nm: "Комната 2", l: 13, lev: 2, w: 13, id: "2", f: [{x: 0, lid: 1, y: 0, z: 0, d: 3, tpid: "wall15"}, {x: 3, lid: 4, y: 0, z: 0, rid: "outside", d: 3, tpid: "door4"}, {x: 13, lid: 2, y: 0, z: 0, d: 5, tpid: "wall15"}, {x: 0, lid: 3, y: 0, z: 0, d: 5, tpid: "floor4"}]}, {nm: "Комната 1", l: 13, lev: 2, w: 13, id: "1", f: [{x: 0, lid: 1, y: 0, z: 0, d: 3, tpid: "wall15"}, {x: 3, lid: 4, y: 0, z: 0, rid: "outside", d: 3, tpid: "door4"}, {x: 13, lid: 2, y: 0, z: 0, d: 5, tpid: "wall15"}, {x: 0, lid: 3, y: 0, z: 0, d: 5, tpid: "floor4"}]}, {nm: "#livingRoom", l: 13, lev: 1, w: 13, id: "livingroom", f: [{x: 0, lid: 1, y: 0, z: 0, d: 3, tpid: "wall15"}, {x: 3, lid: 4, y: 0, z: 0, rid: "outside", d: 3, tpid: "door4"}, {x: 13, lid: 2, y: 0, z: 0, d: 5, tpid: "wall15"}, {x: 0, lid: 3, y: 0, z: 0, d: 5, tpid: "floor4"}]}, {nm: "Комната 4", l: 13, lev: 2, w: 13, id: "4", f: [{x: 0, lid: 1, y: 0, z: 0, d: 3, tpid: "wall15"}, {x: 3, lid: 4, y: 0, z: 0, rid: "outside", d: 3, tpid: "door4"}, {x: 13, lid: 2, y: 0, z: 0, d: 5, tpid: "wall15"}, {x: 0, lid: 3, y: 0, z: 0, d: 5, tpid: "floor4"}]}]}, locinfo: {x: 0, st: 0, at: "", l: "", y: 0, pl: "", s: "127.0.0.1", shlc: true, d: 4}, cs: {ccltns: {casual: {cct: ["girlShirt12", "girlShoes14", "girlPants9"], ctp: "casual", cn: ""}}, cc: "casual"}, inv: {c: {lt: {id: "lt", it: []}, act: {id: "act", it: []}, cls: {id: "cls", it: [{c: 1, tid: "girlUnderdress1", iid: ""}, {c: 1, tid: "girlUnderdress2", iid: ""}]}, gm: {id: "gm", it: [{c: 1, iid: "", tid: "blackMobileSkin"}]}, frn: {id: "frn", it: []}}}, onl: true, apprnc: {sc: 2, fft: 0, nct: 0, fat: 0, mc: 4, g: 2, bt: 0, rg: 0, mt: 5, shc: 1, brt: 28, hc: 7, et: 1, ec: 4, ht: 122, ss: 0, bc: 1, fac: 1, n: "Хочу спатб", pc: 1, ssc: 1, pt: 0, rc: 1, sh: 0, brc: 4}, clths: {clths: [{clid: null, tpid: "girlShirt12"}, {clid: null, tpid: "girlShoes14"}, {clid: null, tpid: "girlPants9"}]}, achc: {ac: {meerkatBear: {p: 0, aId: "meerkatBear", l: 3, nWct: 0}, snowboarder: {p: 0, aId: "snowboarder", l: 3, nWct: 0}, magnate: {p: 0, aId: "magnate", l: 3, nWct: 0}, goodFriend: {p: 0, aId: "goodFriend", l: 3, nWct: 0}, crafter: {p: 0, aId: "crafter", l: 3, nWct: 0}, subscription: {p: 0, aId: "subscription", l: 3, nWct: 0}, carRaceChamp: {p: 0, aId: "carRaceChamp", l: 3, nWct: 0}, beachRaceChamp: {p: 0, aId: "beachRaceChamp", l: 3, nWct: 0}, workaholic: {p: 0, aId: "workaholic", l: 3, nWct: 0}, shopaholic: {p: 0, aId: "shopaholic", l: 3, nWct: 0}, vip: {p: 0, aId: "vip", l: 3, nWct: 0}, activityWinner: {p: 0, aId: "activityWinner", l: 3, nWct: 0}, pilowChamp: {p: 0, aId: "pilowChamp", l: 3, nWct: 0}, generous: {p: 0, aId: "generous", l: 3, nWct: 0}}, tr: {newYear2020hero: {trrt: 0, trcd: 0, trid: "newYear2020hero"}, avatarBirthday: {trrt: 0, trcd: 0, trid: "avatarBirthday"}, firstApril2018: {trrt: 0, trcd: 0, trid: "firstApril2018"}, snowboardPlace3: {trrt: 0, trcd: 0, trid: "snowboardPlace3"}, freelanceModerator: {trrt: 0, trcd: 0, trid: "freelanceModerator"}, freelanceTwitterInstagram: {trrt: 0, trcd: 0, trid: "freelanceTwitterInstagram"}, avaBirthdayTrophy2016: {trrt: 0, trcd: 0, trid: "avaBirthdayTrophy2016"}, firstApril16Place3: {trrt: 0, trcd: 0, trid: "firstApril16Place3"}, firstApril16Place1: {trrt: 0, trcd: 0, trid: "firstApril16Place1"}, halloween2016: {trrt: 0, trcd: 0, trid: "halloween2016"}, freelanceCup: {trrt: 0, trcd: 0, trid: "freelanceCup"}, stVal2018: {trrt: 0, trcd: 0, trid: "stVal2018"}, freelanceSupport: {trrt: 0, trcd: 0, trid: "freelanceSupport"}, freelanceMicrophone: {trrt: 0, trcd: 0, trid: "freelanceMicrophone"}, firstApril16Place4: {trrt: 0, trcd: 0, trid: "firstApril16Place4"}, snowboardPlace2: {trrt: 0, trcd: 0, trid: "snowboardPlace2"}, newYear2018: {trrt: 0, trcd: 0, trid: "newYear2018"}, autumnEvent2019: {trrt: 0, trcd: 0, trid: "autumnEvent2019"}, dzo2019: {trrt: 0, trcd: 0, trid: "dzo2019"}, weddingDay: {trrt: 0, trcd: 0, trid: "weddingDay"}, freelanceJournal: {trrt: 0, trcd: 0, trid: "freelanceJournal"}, halloween2017: {trrt: 0, trcd: 0, trid: "halloween2017"}, activityPlace2: {trrt: 0, trcd: 0, trid: "activityPlace2"}, activityPlace1: {trrt: 0, trcd: 0, trid: "activityPlace1"}, halloween2018: {trrt: 0, trcd: 0, trid: "halloween2018"}, activityPlace3: {trrt: 0, trcd: 0, trid: "activityPlace3"}, mittens2020: {trrt: 0, trcd: 0, trid: "mittens2020"}, firstApril16Place2: {trrt: 0, trcd: 0, trid: "firstApril16Place2"}, newYear2017: {trrt: 0, trcd: 0, trid: "newYear2017"}, freelanceVideo: {trrt: 0, trcd: 0, trid: "freelanceVideo"}, springDay2018: {trrt: 0, trcd: 0, trid: "springDay2018"}, springDay2017: {trrt: 0, trcd: 0, trid: "springDay2017"}, freelanceExchange: {trrt: 0, trcd: 0, trid: "freelanceExchange"}, newYear2019: {trrt: 0, trcd: 0, trid: "newYear2019"}, familyDay2016: {trrt: 0, trcd: 0, trid: "familyDay2016"}, firstApril16Place5: {trrt: 0, trcd: 0, trid: "firstApril16Place5"}, firstApril2019: {trrt: 0, trcd: 0, trid: "firstApril2019"}, yearAvatar: {trrt: 0, trcd: 0, trid: "yearAvatar"}, snowboardPlace1: {trrt: 0, trcd: 0, trid: "snowboardPlace1"}}}, mbm: {ac: null, sk: "blackMobileSkin"}, pf: {pf: {jntr: {tp: "jntr", pgs: 0, l: 20}, grdnr: {tp: "grdnr", pgs: 0, l: 20}, vsgst: {tp: "vsgst", pgs: 0, l: 20}, phtghr: {tp: "phtghr", pgs: 0, l: 20}}}, res: {enrg: 500, slvr: 10000, emd: 0, gld: 100}}}]
Thu Jan 9 18:22:41 GMT+0300 2020 [INFO] Server said: 34: ["a.apprnc.save", {apprnc: {sc: 2, fft: 0, nct: 0, fat: 0, mc: 4, g: 2, bt: 0, rg: 0, mt: 5, shc: 1, brt: 28, hc: 7, et: 1, ec: 4, ht: 122, ss: 0, bc: 1, fac: 1, n: "Хочу спатб", pc: 1, ssc: 1, pt: 0, rc: 1, sh: 0, brc: 4}}]
Thu Jan 9 18:22:40 GMT+0300 2020 [INFO] Server said: 34: ["a.apprnc.save", {apprnc: {sc: 2, fft: 0, nct: 0, fat: 0, mc: 4, g: 2, bt: 0, rg: 0, mt: 5, shc: 1, brt: 28, hc: 7, et: 1, ec: 4, ht: 122, ss: 0, bc: 1, fac: 1, n: "Хочу спатб", pc: 1, ssc: 1, pt: 0, rc: 1, sh: 0, brc: 4}}]
Thu Jan 9 18:22:38 GMT+0300 2020 [INFO] Server said: 34: ["a.apprnc.save", {apprnc: {sc: 2, fft: 0, nct: 0, fat: 0, mc: 4, g: 2, bt: 0, rg: 0, mt: 5, shc: 1, brt: 28, hc: 7, et: 1, ec: 4, ht: 122, ss: 0, bc: 1, fac: 1, n: "Хочу спатб", pc: 1, ssc: 1, pt: 0, rc: 1, sh: 0, brc: 4}}]
Thu Jan 9 18:22:37 GMT+0300 2020 [INFO] Client said: 34: [null, "h.minfo", {tm: 1578583357, onl: false}]
Thu Jan 9 18:22:37 GMT+0300 2020 [INFO] Server said: 34: ["a.apprnc.save", {apprnc: {sc: 2, fft: 0, nct: 0, fat: 0, mc: 4, g: 2, bt: 0, rg: 0, mt: 5, shc: 1, brt: 28, hc: 7, et: 1, ec: 4, ht: 122, ss: 0, bc: 1, fac: 1, n: "Хочу спатб", pc: 1, ssc: 1, pt: 0, rc: 1, sh: 0, brc: 4}}]
Thu Jan 9 18:22:36 GMT+0300 2020 [INFO] Client said: 34: [null, "a.apprnc.save", {apprnc: {sc: 2, sh: 0, nct: 0, fat: 0, mc: 4, g: 2, bt: 0, rg: 0, mt: 5, shc: 1, brt: 28, hc: 7, bc: 1, ec: 4, ht: 122, ss: 0, et: 1, fac: 1, n: "Хочу спатб", pc: 1, ssc: 1, pt: 0, rc: 1, fft: 0, brc: 4}}]
Thu Jan 9 18:22:35 GMT+0300 2020 [INFO] Client said: 34: [null, "a.apprnc.save", {apprnc: {sc: 2, sh: 0, nct: 0, fat: 0, mc: 4, g: 2, bt: 0, rg: 0, mt: 5, shc: 1, brt: 28, hc: 7, bc: 1, ec: 4, ht: 122, ss: 0, et: 1, fac: 1, n: "Хочу спатб", pc: 1, ssc: 1, pt: 0, rc: 1, fft: 0, brc: 4}}]
Thu Jan 9 18:22:20 GMT+0300 2020 [INFO] Client said: 34: [null, "a.apprnc.save", {apprnc: {sc: 2, sh: 0, nct: 0, fat: 0, mc: 4, g: 2, bt: 0, rg: 0, mt: 5, shc: 1, brt: 28, hc: 7, bc: 1, ec: 4, ht: 122, ss: 0, et: 1, fac: 1, n: "Хочу спатб", pc: 1, ssc: 1, pt: 0, rc: 1, fft: 0, brc: 4}}]
Thu Jan 9 18:22:10 GMT+0300 2020 [INFO] Client said: 34: [null, "a.apprnc.save", {apprnc: {sc: 2, sh: 0, nct: 0, fat: 0, mc: 4, g: 2, bt: 0, rg: 0, mt: 5, shc: 1, brt: 28, hc: 7, bc: 1, ec: 4, ht: 122, ss: 0, et: 1, fac: 1, n: "Хочу спатб", pc: 1, ssc: 1, pt: 0, rc: 1, fft: 0, brc: 4}}]
Thu Jan 9 18:20:38 GMT+0300 2020 [INFO] Server said: 34: ["h.minfo", {has.avtr: false}]
Thu Jan 9 18:20:36 GMT+0300 2020 [INFO] Server said: 34: ["ctmr.get", {tu: {snowboardRating: []}}]
Thu Jan 9 18:20:36 GMT+0300 2020 [INFO] Server said: 34: ["ur.get", {bt: [{hr: 600374, cr: 76611, uid: 39}, {hr: 413116, cr: 20930, uid: 14}, {hr: 251420, cr: 6295, uid: 70}, {hr: 240220, cr: 1609, uid: 71}, {hr: 192469, cr: 29541, uid: 68}, {hr: 121044, cr: 23433, uid: 64}, {hr: 93928, cr: 2664, uid: 97}, {hr: 65707, cr: 9252, uid: 80}, {hr: 40174, cr: 1066, uid: 18}, {hr: 32583, cr: 1682, uid: 55}]}]
Thu Jan 9 18:13:53 GMT+0300 2020 [INFO] Server said: 34: ["mail.gc", {out: [], in: []}]
Thu Jan 9 18:13:52 GMT+0300 2020 [INFO] Server said: 34: ["rl.get", {rlts: {}, uid: "270"}]
Thu Jan 9 18:13:51 GMT+0300 2020 [INFO] Client said: 34: [null, "h.minfo", {tm: 1578582831, onl: false}]
Thu Jan 9 18:13:51 GMT+0300 2020 [INFO] Client said: 34: [null, "ctmr.get", {}]
Thu Jan 9 18:13:51 GMT+0300 2020 [INFO] Client said: 34: [null, "ur.get", {}]
Thu Jan 9 18:13:51 GMT+0300 2020 [INFO] Client said: 34: [null, "mail.gc", {}]
Thu Jan 9 18:13:51 GMT+0300 2020 [INFO] Client said: 34: [null, "rl.get", {}]
Thu Jan 9 18:13:51 GMT+0300 2020 [INFO] Server said: 1: ["270", true, false, false]
Thu Jan 9 18:13:48 GMT+0300 2020 [INFO] Client said: 1: ["house", "270", "TjBWFZnfQxvARGMEjWWJ", {pht: "http://vkontakte.ru/images/question_b.gif", ctr: 0, fn: "", sid: "270", nk: "", bd: "", rd: 0, gdr: 0, ln: "", lng: "ru", cty: 0, clvrn: "84.0.4", v: 2, lcl: "ru", rfid: null, rftp: null}]
Thu Jan 9 18:13:28 GMT+0300 2020 [INFO] /social?method=getProfiles&uids=270&user_id=270&
Thu Jan 9 18:13:15 GMT+0300 2020 [INFO] Loaded  LoadingItem(url: http://62.113.113.58:8080/files/swf/AvatarAppearance_1e1ed62894725e25bd68d58230e86917.swf, status: 2) 
Thu Jan 9 18:13:12 GMT+0300 2020 [INFO] Loaded  LoadingItem(url: http://62.113.113.58:8080/files/swf/Decor_72d07277bd6a6eb1f4e69942bd0e3c1b.swf, status: 2) 
Thu Jan 9 18:13:12 GMT+0300 2020 [INFO] Loaded  LoadingItem(url: http://62.113.113.58:8080/files/swf/AppearanceIcons_e9022a5f87864a9b30db5e83dfcb652b.swf, status: 2) 
Thu Jan 9 18:13:06 GMT+0300 2020 [INFO] Loaded  LoadingItem(url: http://62.113.113.58:8080/files/swf/Memories_a50a340c64f54fbb2b03592ba10dfc83.swf, status: 2) 
Thu Jan 9 18:13:06 GMT+0300 2020 [INFO] Loaded  LoadingItem(url: http://62.113.113.58:8080/files/swf/modules/FirstApril2019_c61d0c4ae4ed7bf2bb6c56a0b0aef0cd.swf, status: 2) 
Thu Jan 9 18:13:06 GMT+0300 2020 [INFO] Loaded  LoadingItem(url: http://62.113.113.58:8080/files/swf/Offers_08f83bd4633fc1b13de275590af3237e.swf, status: 2) 
Thu Jan 9 18:13:06 GMT+0300 2020 [INFO] Loaded  LoadingItem(url: http://62.113.113.58:8080/files/swf/clothes/GirlClubClothes_6e4a39e042b84f6ed48af97bf6de6f15.swf, status: 2) 