ClientError: Thu Jan 9 17:06:43 GMT+0300 2020 [CRITICAL] [house] *Uncaught Error* ErrorId: 2007 ErrorName: TypeError ErrorMessage:Error #2007 ErrorStackTrace:TypeError: Error #2007
	at _-0qh::TextHelper$/createTextField()
	at _-4Ta::_-1X-/_-41t()
	at _-4Ta::_-1X-/onAvatarChanged()
	at flash.events::EventDispatcher/dispatchEvent()
	at _-0Q0::_-3v3/_-3b0()
	at flash.events::EventDispatcher/dispatchEvent()
	at ags::_-2t/_-2dI()
	at flash.events::EventDispatcher/dispatchEvent()
	at _-0en::_-0O8/_-1LF()
	at _-0en::_-0O8/execute()
	at ags::AGSClient/_-0i9()
	at ags::AGSClient/_-2ZF()
	at ags::AGSClient/_-2Ea()
Thu Jan 9 17:06:43 GMT+0300 2020 [INFO] Client said: 34: ["house_173_livingroom", "h.r.ra", {}]
Thu Jan 9 17:06:43 GMT+0300 2020 [INFO] Server said: 34: ["a.clths.wear", {ccltn: {cct: ["girlSbBtsCrft", "anmGAnmPll", "girlTShrtDmnHnt", "girlSktDmn", "girlTghtAlice"]}, ctp: "casual", clths: {clths: [{tpid: "girlSbBtsCrft", clid: null}, {tpid: "anmGAnmPll", clid: null}, {tpid: "girlTShrtDmnHnt", clid: null}, {tpid: "girlSktDmn", clid: null}, {tpid: "girlTghtAlice", clid: null}]}, inv: {c: {cls: {id: "cls", it: [{c: 1, tid: "girlUnderdress1", iid: ""}, {c: 1, tid: "girlUnderdress2", iid: ""}, {c: 1, tid: "girlShirt12", iid: ""}, {c: 1, tid: "girlPants9", iid: ""}, {c: 1, tid: "girlShrtsJrnl", iid: ""}, {c: 1, tid: "girlShoes14", iid: ""}, {c: 1, tid: "gShsPsln8", iid: ""}]}, act: {id: "act", it: []}, frn: {id: "frn", it: []}, lt: {id: "lt", it: []}, gm: {id: "gm", it: [{c: 1, tid: "blackMobileSkin", iid: ""}]}}}, cn: ""}]
Thu Jan 9 17:06:43 GMT+0300 2020 [INFO] Client said: 34: [null, "psp.sttrph", {trid: "freelanceMicrophone"}]
Thu Jan 9 17:06:42 GMT+0300 2020 [INFO] Client said: 34: [null, "psp.sttrph", {trid: "freelanceMicrophone"}]
Thu Jan 9 17:06:42 GMT+0300 2020 [INFO] Client said: 34: [null, "psp.sttrph", {trid: "freelanceMicrophone"}]
Thu Jan 9 17:06:42 GMT+0300 2020 [INFO] Client said: 34: [null, "psp.sttrph", {trid: "freelanceMicrophone"}]
Thu Jan 9 17:06:40 GMT+0300 2020 [INFO] Client said: 34: [null, "psp.sttrph", {trid: "freelanceMicrophone"}]
Thu Jan 9 17:06:40 GMT+0300 2020 [INFO] Client said: 34: [null, "psp.sttrph", {trid: "freelanceMicrophone"}]
Thu Jan 9 17:06:40 GMT+0300 2020 [INFO] Client said: 34: [null, "psp.sttrph", {trid: "freelanceMicrophone"}]
Thu Jan 9 17:06:39 GMT+0300 2020 [INFO] Client said: 34: [null, "psp.sttrph", {trid: "freelanceMicrophone"}]
Thu Jan 9 17:06:35 GMT+0300 2020 [INFO] Client said: 34: ["house_173_livingroom", "h.r.u", {x: 0.5, st: 23, y: 10.8, uid: "173", at: "", d: 4}]
Thu Jan 9 17:06:34 GMT+0300 2020 [INFO] Server said: 34: ["h.r.ra", {plr: {apprnc: {pc: 1, ht: 121, ec: 5, rc: 1, g: 2, brt: 29, fac: 1, pt: 0, hc: 7, ss: 0, mt: 3, brc: 1, bt: 0, sc: 4, fft: 0, et: 5, sh: 0, fat: 0, nct: 0, shc: 1, bc: 1, mc: 1, ssc: 1, n: "отличнеца ", rg: 0}, pf: {pf: {vsgst: {tp: "vsgst", l: 20, pgs: 0}, phtghr: {tp: "phtghr", l: 20, pgs: 0}, jntr: {tp: "jntr", l: 20, pgs: 0}, grdnr: {tp: "grdnr", l: 20, pgs: 0}}}, mbm: {ac: null, sk: "blackMobileSkin"}, clths: {clths: [{tpid: "girlSbBtsCrft", clid: null}, {tpid: "anmGAnmPll", clid: null}, {tpid: "girlTShrtDmnHnt", clid: null}, {tpid: "girlSktDmn", clid: null}, {tpid: "girlTghtAlice", clid: null}]}, locinfo: {l: "house_173_livingroom", x: 3.39, shlc: true, st: 23, y: 8.27, s: "127.0.0.1", d: 4, at: "", pl: ""}, uid: "173", usrinf: {rl: 0}, ci: {actrd: 0, fexp: 0, vexp: 1965298000, tts: null, compid: 0, skrt: 0, vsexp: 1965298000, trcd: 0, rtrtm: 0, as: null, eml: null, rpt: 0, hrt: 224, vsact: true, sbid: null, trid: null, kyktid: null, vret: 0, sbrt: 0, ys: 0, ysct: 0, lvt: 1578578319, actrt: 0, vfgc: 0, fak: null, crst: 0, lrnt: 0, ceid: 0, pamns: {amn: []}, gdc: 0, skid: null, shcr: true, lwts: 0, actrp: 0, cmid: 0, gtrfrd: 0, crt: 886, plcmt: {}, lgt: 0, exp: 85800, vip: true, bcld: 0, strfrd: 0, dr: true, shousd: false, spp: 0}}}]
Thu Jan 9 17:06:33 GMT+0300 2020 [INFO] Client said: 34: ["house_173_livingroom", "h.r.m", {dy: 10.8, sx: 2.8, uid: "173", dx: 0.5, sy: 6.98}]
Thu Jan 9 17:06:33 GMT+0300 2020 [INFO] Client said: 34: ["house_173_livingroom", "h.r.u", {x: 2.8, st: 23, y: 6.98, uid: "173", at: "", d: 7}]
Thu Jan 9 17:06:32 GMT+0300 2020 [INFO] Client said: 34: ["house_173_livingroom", "h.r.ra", {}]
Thu Jan 9 17:06:32 GMT+0300 2020 [INFO] Server said: 34: ["a.clths.wear", {ccltn: {cct: ["girlSbBtsCrft", "anmGAnmPll", "girlTShrtDmnHnt", "girlSktDmn", "girlTghtAlice"]}, ctp: "casual", clths: {clths: [{tpid: "girlSbBtsCrft", clid: null}, {tpid: "anmGAnmPll", clid: null}, {tpid: "girlTShrtDmnHnt", clid: null}, {tpid: "girlSktDmn", clid: null}, {tpid: "girlTghtAlice", clid: null}]}, inv: {c: {cls: {id: "cls", it: [{c: 1, tid: "girlUnderdress1", iid: ""}, {c: 1, tid: "girlUnderdress2", iid: ""}, {c: 1, tid: "girlShirt12", iid: ""}, {c: 1, tid: "girlPants9", iid: ""}, {c: 1, tid: "girlShrtsJrnl", iid: ""}, {c: 1, tid: "girlShoes14", iid: ""}, {c: 1, tid: "gShsPsln8", iid: ""}]}, act: {id: "act", it: []}, frn: {id: "frn", it: []}, lt: {id: "lt", it: []}, gm: {id: "gm", it: [{c: 1, tid: "blackMobileSkin", iid: ""}]}}}, cn: ""}]
Thu Jan 9 17:06:32 GMT+0300 2020 [INFO] Client said: 34: ["house_173_livingroom", "h.r.m", {dy: 6.98, sx: 3.47, uid: "173", dx: 2.8, sy: 9.66}]
Thu Jan 9 17:06:31 GMT+0300 2020 [INFO] Client said: 34: ["house_173_livingroom", "h.r.u", {x: 3.47, st: 23, y: 9.66, uid: "173", at: "", d: 0}]
Thu Jan 9 17:06:30 GMT+0300 2020 [INFO] Client said: 34: ["house_173_livingroom", "h.r.m", {dy: 9.66, sx: 3.39, uid: "173", dx: 3.47, sy: 8.27}]
Thu Jan 9 17:06:28 GMT+0300 2020 [INFO] Client said: 34: [null, "a.clths.wear", {clths: [{tpid: "anmGAnmPll", clid: null}, {tpid: "girlTghtAlice", clid: null}, {tpid: "girlTShrtDmnHnt", clid: null}, {tpid: "girlSktDmn", clid: null}, {tpid: "girlSbBtsCrft", clid: ""}], ctp: "casual"}]
Thu Jan 9 17:06:27 GMT+0300 2020 [INFO] Client said: 34: [null, "a.clths.wear", {clths: [{tpid: "anmGAnmPll", clid: null}, {tpid: "girlTghtAlice", clid: null}, {tpid: "girlTShrtDmnHnt", clid: null}, {tpid: "girlSktDmn", clid: null}, {tpid: "girlSbBtsCrft", clid: ""}], ctp: "casual"}]
Thu Jan 9 17:06:19 GMT+0300 2020 [INFO] Client said: 34: ["house_173_livingroom", "h.r.u", {x: 3.39, st: 23, y: 8.27, uid: "173", at: "", d: 5}]
Thu Jan 9 17:06:17 GMT+0300 2020 [INFO] Client said: 34: ["house_173_livingroom", "h.r.m", {dy: 8.27, sx: 4.11, uid: "173", dx: 3.39, sy: 5.23}]
Thu Jan 9 17:06:15 GMT+0300 2020 [INFO] Server said: 34: ["h.r.ra", {plr: {apprnc: {pc: 1, ht: 121, ec: 5, rc: 1, g: 2, brt: 29, fac: 1, pt: 0, hc: 7, ss: 0, mt: 3, brc: 1, bt: 0, sc: 4, fft: 0, et: 5, sh: 0, fat: 0, nct: 0, shc: 1, bc: 1, mc: 1, ssc: 1, n: "отличнеца ", rg: 0}, pf: {pf: {vsgst: {tp: "vsgst", l: 20, pgs: 0}, phtghr: {tp: "phtghr", l: 20, pgs: 0}, jntr: {tp: "jntr", l: 20, pgs: 0}, grdnr: {tp: "grdnr", l: 20, pgs: 0}}}, mbm: {ac: null, sk: "blackMobileSkin"}, clths: {clths: [{tpid: "anmGAnmPll", clid: null}, {tpid: "girlTghtAlice", clid: null}, {tpid: "girlTShrtDmnHnt", clid: null}, {tpid: "girlSktDmn", clid: null}, {tpid: "gShsPsln8", clid: null}]}, locinfo: {l: "house_173_livingroom", x: 4.11, shlc: true, st: 23, y: 5.23, s: "127.0.0.1", d: 4, at: "", pl: ""}, uid: "173", usrinf: {rl: 0}, ci: {actrd: 0, fexp: 0, vexp: 1965298000, tts: null, compid: 0, skrt: 0, vsexp: 1965298000, trcd: 0, rtrtm: 0, as: null, eml: null, rpt: 0, hrt: 224, vsact: true, sbid: null, trid: null, kyktid: null, vret: 0, sbrt: 0, ys: 0, ysct: 0, lvt: 1578578319, actrt: 0, vfgc: 0, fak: null, crst: 0, lrnt: 0, ceid: 0, pamns: {amn: []}, gdc: 0, skid: null, shcr: true, lwts: 0, actrp: 0, cmid: 0, gtrfrd: 0, crt: 886, plcmt: {}, lgt: 0, exp: 85800, vip: true, bcld: 0, strfrd: 0, dr: true, shousd: false, spp: 0}}}]
Thu Jan 9 17:06:14 GMT+0300 2020 [INFO] Client said: 34: ["house_173_livingroom", "h.r.ra", {}]
Thu Jan 9 17:06:14 GMT+0300 2020 [INFO] Server said: 34: ["a.clths.buy", {ccltn: {ctp: "casual", cn: "", cct: ["anmGAnmPll", "girlTghtAlice", "girlTShrtDmnHnt", "girlSktDmn", "gShsPsln8"]}, crt: 886, res: {emd: 0, slvr: 10000, enrg: 500, gld: 473}, clths: {clths: [{tpid: "anmGAnmPll", clid: null}, {tpid: "girlTghtAlice", clid: null}, {tpid: "girlTShrtDmnHnt", clid: null}, {tpid: "girlSktDmn", clid: null}, {tpid: "gShsPsln8", clid: null}]}, inv: {c: {cls: {id: "cls", it: [{c: 1, tid: "girlUnderdress1", iid: ""}, {c: 1, tid: "girlUnderdress2", iid: ""}, {c: 1, tid: "girlShirt12", iid: ""}, {c: 1, tid: "girlPants9", iid: ""}, {c: 1, tid: "girlShrtsJrnl", iid: ""}, {c: 1, tid: "girlShoes14", iid: ""}, {c: 1, tid: "girlSbBtsCrft", iid: ""}]}, act: {id: "act", it: []}, frn: {id: "frn", it: []}, lt: {id: "lt", it: []}, gm: {id: "gm", it: [{c: 1, tid: "blackMobileSkin", iid: ""}]}}}}]
Thu Jan 9 17:06:12 GMT+0300 2020 [INFO] Client said: 34: [null, "a.clths.buy", {ctp: "casual", tpid: "gShsPsln8", pind: 1}]
Thu Jan 9 17:05:52 GMT+0300 2020 [INFO] Server said: 34: ["h.r.ra", {plr: {apprnc: {pc: 1, ht: 121, ec: 5, rc: 1, g: 2, brt: 29, fac: 1, pt: 0, hc: 7, ss: 0, mt: 3, brc: 1, bt: 0, sc: 4, fft: 0, et: 5, sh: 0, fat: 0, nct: 0, shc: 1, bc: 1, mc: 1, ssc: 1, n: "отличнеца ", rg: 0}, pf: {pf: {vsgst: {tp: "vsgst", l: 20, pgs: 0}, phtghr: {tp: "phtghr", l: 20, pgs: 0}, jntr: {tp: "jntr", l: 20, pgs: 0}, grdnr: {tp: "grdnr", l: 20, pgs: 0}}}, mbm: {ac: null, sk: "blackMobileSkin"}, clths: {clths: [{tpid: "girlSbBtsCrft", clid: null}, {tpid: "anmGAnmPll", clid: null}, {tpid: "girlTghtAlice", clid: null}, {tpid: "girlTShrtDmnHnt", clid: null}, {tpid: "girlSktDmn", clid: null}]}, locinfo: {l: "house_173_livingroom", x: 4.11, shlc: true, st: 23, y: 5.23, s: "127.0.0.1", d: 4, at: "", pl: ""}, uid: "173", usrinf: {rl: 0}, ci: {actrd: 0, fexp: 0, vexp: 1965298000, tts: null, compid: 0, skrt: 0, vsexp: 1965298000, trcd: 0, rtrtm: 0, as: null, eml: null, rpt: 0, hrt: 224, vsact: true, sbid: null, trid: null, kyktid: null, vret: 0, sbrt: 0, ys: 0, ysct: 0, lvt: 1578578319, actrt: 0, vfgc: 0, fak: null, crst: 0, lrnt: 0, ceid: 0, pamns: {amn: []}, gdc: 0, skid: null, shcr: true, lwts: 0, actrp: 0, cmid: 0, gtrfrd: 0, crt: 801, plcmt: {}, lgt: 0, exp: 85800, vip: true, bcld: 0, strfrd: 0, dr: true, shousd: false, spp: 0}}}]
Thu Jan 9 17:05:51 GMT+0300 2020 [INFO] Client said: 34: ["house_173_livingroom", "h.r.ra", {}]
Thu Jan 9 17:05:51 GMT+0300 2020 [INFO] Server said: 34: ["a.clths.buy", {ccltn: {ctp: "casual", cn: "", cct: ["girlSbBtsCrft", "anmGAnmPll", "girlTghtAlice", "girlTShrtDmnHnt", "girlSktDmn"]}, crt: 801, res: {emd: 0, slvr: 10000, enrg: 500, gld: 506}, clths: {clths: [{tpid: "girlSbBtsCrft", clid: null}, {tpid: "anmGAnmPll", clid: null}, {tpid: "girlTghtAlice", clid: null}, {tpid: "girlTShrtDmnHnt", clid: null}, {tpid: "girlSktDmn", clid: null}]}, inv: {c: {cls: {id: "cls", it: [{c: 1, tid: "girlUnderdress1", iid: ""}, {c: 1, tid: "girlUnderdress2", iid: ""}, {c: 1, tid: "girlShirt12", iid: ""}, {c: 1, tid: "girlPants9", iid: ""}, {c: 1, tid: "girlShrtsJrnl", iid: ""}, {c: 1, tid: "girlShoes14", iid: ""}]}, act: {id: "act", it: []}, frn: {id: "frn", it: []}, lt: {id: "lt", it: []}, gm: {id: "gm", it: [{c: 1, tid: "blackMobileSkin", iid: ""}]}}}}]
Thu Jan 9 17:05:49 GMT+0300 2020 [INFO] Client said: 34: [null, "a.clths.buy", {ctp: "casual", tpid: "girlSbBtsCrft", pind: 1}]
Thu Jan 9 17:05:46 GMT+0300 2020 [INFO] Server said: 34: ["b.ingld", {ingld: 9999}]
Thu Jan 9 17:05:46 GMT+0300 2020 [INFO] Server said: 34: ["ntf.res", {res: {emd: 0, slvr: 10000, enrg: 500, gld: 100505}}]
Thu Jan 9 17:05:46 GMT+0300 2020 [INFO] [YandexMetrics.reachGoal] Call reach goal 'click_buy_product' for counter 31321471
Thu Jan 9 17:05:46 GMT+0300 2020 [INFO] Client said: 34: [null, "b.chkprchs", {qnt: 1, prid: "pack9999", pmnt: {srv: 1, ctx: {dialogSource: "clothesShopDialog"}, ct3: null, ct1: null, ct2: null, tpid: "girlSbBtsCrft"}}]
Thu Jan 9 17:05:45 GMT+0300 2020 [INFO] [YandexMetrics.reachGoal] Call reach goal 'show_payment_dialog' for counter 31321471
Thu Jan 9 17:05:44 GMT+0300 2020 [INFO] Server said: 34: ["b.ingld", {ingld: 9999}]
Thu Jan 9 17:05:44 GMT+0300 2020 [INFO] Server said: 34: ["ntf.res", {res: {emd: 0, slvr: 10000, enrg: 500, gld: 90506}}]