ClientError: Thu Jan 9 17:06:55 GMT+0300 2020 [ERROR] Invalid linkage: GirlBootsCraftSnowboardB@girlAvatarClothes
Thu Jan 9 17:06:55 GMT+0300 2020 [INFO] Client said: 34: ["house_173_livingroom", "h.r.m", {dy: 4.23, sx: 0.5, uid: "173", dx: 1.98, sy: 10.8}]
Thu Jan 9 17:06:55 GMT+0300 2020 [INFO] Client said: 34: ["house_173_livingroom", "h.r.ra", {}]
Thu Jan 9 17:06:55 GMT+0300 2020 [INFO] Server said: 34: ["psp.sttrph", {trid: "freelanceMicrophone"}]
Thu Jan 9 17:06:55 GMT+0300 2020 [INFO] Client said: 34: ["house_173_livingroom", "h.r.ra", {}]
Thu Jan 9 17:06:55 GMT+0300 2020 [INFO] Server said: 34: ["psp.sttrph", {trid: "freelanceMicrophone"}]
Thu Jan 9 17:06:54 GMT+0300 2020 [INFO] Client said: 34: ["house_173_livingroom", "h.r.ra", {}]
Thu Jan 9 17:06:54 GMT+0300 2020 [INFO] Server said: 34: ["psp.sttrph", {trid: "freelanceMicrophone"}]
Thu Jan 9 17:06:54 GMT+0300 2020 [INFO] Client said: 34: ["house_173_livingroom", "h.r.ra", {}]
Thu Jan 9 17:06:54 GMT+0300 2020 [INFO] Server said: 34: ["psp.sttrph", {trid: "freelanceMicrophone"}]
Thu Jan 9 17:06:53 GMT+0300 2020 [INFO] Client said: 34: ["house_173_livingroom", "h.r.ra", {}]
Thu Jan 9 17:06:53 GMT+0300 2020 [INFO] Server said: 34: ["psp.sttrph", {trid: "freelanceMicrophone"}]
Thu Jan 9 17:06:53 GMT+0300 2020 [INFO] Client said: 34: ["house_173_livingroom", "h.r.ra", {}]
Thu Jan 9 17:06:53 GMT+0300 2020 [INFO] Server said: 34: ["psp.sttrph", {trid: "freelanceMicrophone"}]
Thu Jan 9 17:06:53 GMT+0300 2020 [INFO] Client said: 34: ["house_173_livingroom", "h.r.ra", {}]
Thu Jan 9 17:06:53 GMT+0300 2020 [INFO] Server said: 34: ["psp.sttrph", {trid: "freelanceMicrophone"}]
Thu Jan 9 17:06:52 GMT+0300 2020 [INFO] Client said: 34: ["house_173_livingroom", "h.r.ra", {}]
Thu Jan 9 17:06:52 GMT+0300 2020 [INFO] Server said: 34: ["psp.sttrph", {trid: "freelanceMicrophone"}]
Thu Jan 9 17:06:52 GMT+0300 2020 [INFO] Server said: 34: ["h.r.ra", {plr: {apprnc: {pc: 1, ht: 121, ec: 5, rc: 1, g: 2, brt: 29, fac: 1, pt: 0, hc: 7, ss: 0, mt: 3, brc: 1, bt: 0, sc: 4, fft: 0, et: 5, sh: 0, fat: 0, nct: 0, shc: 1, bc: 1, mc: 1, ssc: 1, n: "отличнеца ", rg: 0}, pf: {pf: {vsgst: {tp: "vsgst", l: 20, pgs: 0}, phtghr: {tp: "phtghr", l: 20, pgs: 0}, jntr: {tp: "jntr", l: 20, pgs: 0}, grdnr: {tp: "grdnr", l: 20, pgs: 0}}}, mbm: {ac: null, sk: "blackMobileSkin"}, clths: {clths: [{tpid: "girlSbBtsCrft", clid: null}, {tpid: "anmGAnmPll", clid: null}, {tpid: "girlTShrtDmnHnt", clid: null}, {tpid: "girlSktDmn", clid: null}, {tpid: "girlTghtAlice", clid: null}]}, locinfo: {l: "house_173_livingroom", x: 0.5, shlc: true, st: 23, y: 10.8, s: "127.0.0.1", d: 4, at: "", pl: ""}, uid: "173", usrinf: {rl: 0}, ci: {actrd: 0, fexp: 0, vexp: 1965298000, tts: null, compid: 0, skrt: 0, vsexp: 1965298000, trcd: 0, rtrtm: 0, as: null, eml: null, rpt: 0, hrt: 224, vsact: true, sbid: null, trid: "freelanceMicrophone", kyktid: null, vret: 0, sbrt: 0, ys: 0, ysct: 0, lvt: 1578578319, actrt: 0, vfgc: 0, fak: null, crst: 0, lrnt: 0, ceid: 0, pamns: {amn: []}, gdc: 0, skid: null, shcr: true, lwts: 0, actrp: 0, cmid: 0, gtrfrd: 0, crt: 886, plcmt: {}, lgt: 0, exp: 85800, vip: true, bcld: 0, strfrd: 0, dr: true, shousd: false, spp: 0}}}]
Thu Jan 9 17:06:51 GMT+0300 2020 [INFO] Client said: 34: ["house_173_livingroom", "h.r.ra", {}]
Thu Jan 9 17:06:51 GMT+0300 2020 [INFO] Server said: 34: ["psp.sttrph", {trid: "freelanceMicrophone"}]
Thu Jan 9 17:06:51 GMT+0300 2020 [INFO] Client said: 34: ["house_173_livingroom", "h.r.ra", {}]
Thu Jan 9 17:06:51 GMT+0300 2020 [INFO] Server said: 34: ["psp.sttrph", {trid: "freelanceMicrophone"}]
Thu Jan 9 17:06:51 GMT+0300 2020 [INFO] Client said: 34: [null, "psp.sttrph", {trid: "freelanceMicrophone"}]
Thu Jan 9 17:06:51 GMT+0300 2020 [INFO] Client said: 34: ["house_173_livingroom", "h.r.ra", {}]
Thu Jan 9 17:06:51 GMT+0300 2020 [INFO] Server said: 34: ["psp.sttrph", {trid: "freelanceMicrophone"}]
Thu Jan 9 17:06:51 GMT+0300 2020 [INFO] Client said: 34: [null, "psp.sttrph", {trid: "freelanceMicrophone"}]
Thu Jan 9 17:06:51 GMT+0300 2020 [INFO] Client said: 34: [null, "psp.sttrph", {trid: "freelanceMicrophone"}]
Thu Jan 9 17:06:51 GMT+0300 2020 [INFO] Client said: 34: ["house_173_livingroom", "h.r.ra", {}]
Thu Jan 9 17:06:51 GMT+0300 2020 [INFO] Server said: 34: ["psp.sttrph", {trid: "freelanceMicrophone"}]
Thu Jan 9 17:06:50 GMT+0300 2020 [INFO] Client said: 34: [null, "psp.sttrph", {trid: "freelanceMicrophone"}]
Thu Jan 9 17:06:50 GMT+0300 2020 [INFO] Client said: 34: [null, "psp.sttrph", {trid: "freelanceMicrophone"}]
Thu Jan 9 17:06:50 GMT+0300 2020 [INFO] Client said: 34: ["house_173_livingroom", "h.r.ra", {}]
Thu Jan 9 17:06:50 GMT+0300 2020 [INFO] Server said: 34: ["psp.sttrph", {trid: "freelanceMicrophone"}]
Thu Jan 9 17:06:50 GMT+0300 2020 [INFO] Client said: 34: [null, "psp.sttrph", {trid: "freelanceMicrophone"}]
Thu Jan 9 17:06:50 GMT+0300 2020 [INFO] Client said: 34: [null, "psp.sttrph", {trid: "freelanceMicrophone"}]
Thu Jan 9 17:06:50 GMT+0300 2020 [INFO] Client said: 34: ["house_173_livingroom", "h.r.ra", {}]
Thu Jan 9 17:06:50 GMT+0300 2020 [INFO] Server said: 34: ["psp.sttrph", {trid: "freelanceMicrophone"}]
Thu Jan 9 17:06:50 GMT+0300 2020 [INFO] Client said: 34: ["house_173_livingroom", "h.r.ra", {}]