ClientError: Thu Jan 9 18:33:05 GMT+0300 2020 [CRITICAL] [house] *Uncaught Error* ErrorId: 1009 ErrorName: TypeError ErrorMessage:Error #1009 ErrorStackTrace:TypeError: Error #1009
	at MethodInfo-2()
	at flash.events::EventDispatcher/dispatchEvent()
	at _-jr::FurnitureLoader/_-2qc()
	at flash.events::EventDispatcher/dispatchEvent()
	at _-0bS::MassLoader/_-4Ql()
	at _-0bS::MassLoader/_-WZ()
	at flash.events::EventDispatcher/dispatchEvent()
	at _-18R::LoadingItem/onComplete()
	at _-18R::SWFLoadingItem/onComplete()
	at MethodInfo-7()
	at MethodInfo-517()
	at SetIntervalTimer/onTimer()
	at flash.utils::Timer/tick()
Thu Jan 9 18:33:05 GMT+0300 2020 [INFO] Loaded  LoadingItem(url: http://62.113.113.58:8080/files/swf/furniture/house/DoorPianoRoom.swf, status: 2) 
Thu Jan 9 18:32:59 GMT+0300 2020 [INFO] Server said: 34: ["h.r.rfr", {rm: {nm: "#livingRoom", f: [{x: 0, y: 0, d: 3, z: 0, lid: 33307835, tpid: "pnRmWll"}, {x: 0, y: 0, d: 5, z: 0, lid: 40129821, tpid: "pnRmFlr"}, {x: 3, rid: "outside", y: 0, d: 3, z: 0, lid: 4, tpid: "door4"}, {x: 13, y: 0, d: 5, z: 0, lid: 33307836, tpid: "pnRmWll"}], l: 13, w: 13, lev: 1}}]
Thu Jan 9 18:32:56 GMT+0300 2020 [INFO] Server said: 34: ["frn.save", {hs: {lev: 1, nm: "house", id: "livingroom", f: [{x: 0, y: 0, d: 3, z: 0, lid: 33307835, tpid: "pnRmWll"}, {x: 0, y: 0, d: 5, z: 0, lid: 40129821, tpid: "pnRmFlr"}, {x: 3, rid: "outside", y: 0, d: 3, z: 0, lid: 4, tpid: "door4"}, {x: 13, y: 0, d: 5, z: 0, lid: 33307836, tpid: "pnRmWll"}], l: 13, w: 13}, inv: {c: {gm: {it: [{tid: "blackMobileSkin", c: 1, iid: ""}], id: "gm"}, act: {it: [], id: "act"}, lt: {it: [], id: "lt"}, frn: {it: [{c: 1, iid: "", tid: "floor4"}, {c: 1, iid: "", tid: "wall15"}], id: "frn"}, cls: {it: [{c: 1, iid: "", tid: "girlUnderdress1"}, {c: 1, iid: "", tid: "girlUnderdress2"}], id: "cls"}}}, ci: {kyktid: null, eml: null, cmid: 0, crt: 10, ceid: 0, vfgc: 0, fexp: 0, trcd: 0, bcld: 0, sbid: null, spp: 0, shcr: true, lvt: 1578583698, strfrd: 0, crst: 0, ys: 0, pamns: {amn: []}, vsexp: 1965298000, rpt: 0, vip: true, vsact: true, plcmt: {}, vret: 0, tts: null, skrt: 0, vexp: 1965298000, hrt: 333, shousd: false, lwts: 0, lrnt: 0, lgt: 0, actrp: 0, trid: "familyDay2016", sbrt: 0, gdc: 0, skid: null, rtrtm: 0, actrt: 0, compid: 0, actrd: 0, as: null, exp: 85800, gtrfrd: 0, dr: true, fak: null, ysct: 0}}]
Thu Jan 9 18:32:40 GMT+0300 2020 [INFO] Client said: 34: ["house_616_livingroom", "h.r.u", {st: 23, x: 3.72, uid: "616", at: "", y: 4.59, d: 0}]
Thu Jan 9 18:32:37 GMT+0300 2020 [INFO] Client said: 34: ["house_616_livingroom", "h.r.m", {dy: 4.59, sy: 10.2, uid: "616", sx: 2.02, dx: 3.72}]
Thu Jan 9 18:32:33 GMT+0300 2020 [INFO] Client said: 34: ["house_616_livingroom", "h.r.rfr", {}]
Thu Jan 9 18:32:33 GMT+0300 2020 [INFO] Server said: 34: ["frn.save", {hs: {lev: 1, nm: "house", id: "livingroom", f: [{x: 0, y: 0, d: 3, z: 0, lid: 33307835, tpid: "pnRmWll"}, {x: 0, y: 0, d: 5, z: 0, lid: 40129821, tpid: "pnRmFlr"}, {x: 3, rid: "outside", y: 0, d: 3, z: 0, lid: 4, tpid: "door4"}, {x: 13, y: 0, d: 5, z: 0, lid: 33307836, tpid: "pnRmWll"}], l: 13, w: 13}, inv: {c: {gm: {it: [{tid: "blackMobileSkin", c: 1, iid: ""}], id: "gm"}, act: {it: [], id: "act"}, lt: {it: [], id: "lt"}, frn: {it: [{c: 1, iid: "", tid: "floor4"}, {c: 1, iid: "", tid: "wall15"}], id: "frn"}, cls: {it: [{c: 1, iid: "", tid: "girlUnderdress1"}, {c: 1, iid: "", tid: "girlUnderdress2"}], id: "cls"}}}, ci: {kyktid: null, eml: null, cmid: 0, crt: 10, ceid: 0, vfgc: 0, fexp: 0, trcd: 0, bcld: 0, sbid: null, spp: 0, shcr: true, lvt: 1578583698, strfrd: 0, crst: 0, ys: 0, pamns: {amn: []}, vsexp: 1965298000, rpt: 0, vip: true, vsact: true, plcmt: {}, vret: 0, tts: null, skrt: 0, vexp: 1965298000, hrt: 333, shousd: false, lwts: 0, lrnt: 0, lgt: 0, actrp: 0, trid: "familyDay2016", sbrt: 0, gdc: 0, skid: null, rtrtm: 0, actrt: 0, compid: 0, actrd: 0, as: null, exp: 85800, gtrfrd: 0, dr: true, fak: null, ysct: 0}}]
Thu Jan 9 18:32:27 GMT+0300 2020 [INFO] Client said: 34: ["house_616_livingroom", "frn.save", {f: [{oid: 40129821, tm: 1578583925016, tpid: "pnRmFlr", t: 0}, {oid: 33307835, tm: 1578583924341, tpid: "pnRmWll", t: 0}]}]
Thu Jan 9 18:32:24 GMT+0300 2020 [INFO] Loaded  LoadingItem(url: http://62.113.113.58:8080/files/swf/furniture/house/WallPianoRoom.swf, status: 2) 
Thu Jan 9 18:32:24 GMT+0300 2020 [INFO] Loaded  LoadingItem(url: http://62.113.113.58:8080/files/swf/furniture/house/WallPianoRoom.swf, status: 2) 
Thu Jan 9 18:32:24 GMT+0300 2020 [INFO] Loaded  LoadingItem(url: http://62.113.113.58:8080/files/swf/furniture/house/WallPianoRoom.swf, status: 2) 
Thu Jan 9 18:32:24 GMT+0300 2020 [INFO] Loaded  LoadingItem(url: http://62.113.113.58:8080/files/swf/furniture/house/WallPianoRoom.swf, status: 2) 
Thu Jan 9 18:32:10 GMT+0300 2020 [INFO] Loaded  LoadingItem(url: http://62.113.113.58:8080/files/swf/furniture/house/FloorPianoRoom.swf, status: 2) 
Thu Jan 9 18:32:07 GMT+0300 2020 [INFO] Client said: 34: ["house_616_livingroom", "frn.save", {f: [{oid: 40129821, tm: 1578583925016, tpid: "pnRmFlr", t: 0}, {oid: 33307835, tm: 1578583924341, tpid: "pnRmWll", t: 0}]}]
Thu Jan 9 18:32:00 GMT+0300 2020 [INFO] Server said: 34: ["ntf.res", {res: {gld: 1780, slvr: 3500, enrg: 500, emd: 0}}]
Thu Jan 9 18:31:58 GMT+0300 2020 [INFO] Server said: 34: ["ntf.inv", {it: {tid: "pnRmWll", c: 1, iid: ""}}]
Thu Jan 9 18:31:55 GMT+0300 2020 [INFO] Client said: 34: [null, "frn.buy", {cnt: 1, pind: 2, tpid: "pnRmWll"}]
Thu Jan 9 18:31:52 GMT+0300 2020 [INFO] Server said: 34: ["ntf.res", {res: {gld: 1780, slvr: 10000, enrg: 500, emd: 0}}]
Thu Jan 9 18:31:51 GMT+0300 2020 [INFO] Server said: 34: ["ntf.inv", {it: {tid: "pnRmFlr", c: 1, iid: ""}}]
Thu Jan 9 18:31:49 GMT+0300 2020 [INFO] Client said: 34: [null, "frn.buy", {cnt: 1, pind: 1, tpid: "pnRmFlr"}]
Thu Jan 9 18:31:11 GMT+0300 2020 [INFO] Client said: 34: ["house_616_livingroom", "h.r.u", {st: 23, x: 2.02, uid: "616", at: "", y: 10.2, d: 6}]
Thu Jan 9 18:31:10 GMT+0300 2020 [INFO] Client said: 34: ["house_616_livingroom", "h.r.m", {dy: 10.2, sy: 9.19, uid: "616", sx: 3.78, dx: 2.02}]
Thu Jan 9 18:31:09 GMT+0300 2020 [INFO] Client said: 34: ["house_616_livingroom", "h.r.m", {dy: 9.91, sy: 7.1, uid: "616", sx: 3.72, dx: 4.28}]
Thu Jan 9 18:31:07 GMT+0300 2020 [INFO] Client said: 34: ["house_616_livingroom", "h.r.m", {dy: 8.05, sy: 6.33, uid: "616", sx: 0.95, dx: 6.67}]
Thu Jan 9 18:31:04 GMT+0300 2020 [INFO] Server said: 34: ["ev.gse", {}]
Thu Jan 9 18:31:04 GMT+0300 2020 [INFO] Server said: 34: ["ev.get", {evlst: [{st: 1578582046, ft: 1578583846, id: 333, uid: "333", ac: false, r: 8, unm: "настя", tt: "вииииип", ml: 1, ci: 0, tp: 1, lg: 30, c: 0, ds: "иди", l: "club_v1e", fo: false}, {st: 1578583005, ft: 1578590205, id: 245, uid: "245", ac: false, r: 8, unm: "..:::КнОпос", tt: "СаЛаМ", ml: 59, ci: 0, tp: 1, lg: 30, c: 0, ds: "заходите", l: "club_v1e", fo: false}, {st: 1578583230, ft: 1578590430, id: 871, uid: "871", ac: false, r: 8, unm: "Майонез", tt: "чё)", ml: 1, ci: 0, tp: 0, lg: 30, c: 0, ds: ".", l: "livingroom", fo: false}], c: -1, tg: ""}]
Thu Jan 9 18:31:02 GMT+0300 2020 [INFO] Client said: 34: [null, "ev.gse", {}]
Thu Jan 9 18:31:02 GMT+0300 2020 [INFO] Client said: 34: [null, "ev.get", {c: -1, fof: false, tg: ""}]
Thu Jan 9 18:30:58 GMT+0300 2020 [INFO] Client said: 34: ["house_616_livingroom", "h.r.u", {st: 23, x: 0.95, uid: "616", at: "", y: 6.33, d: 5}]
Thu Jan 9 18:30:58 GMT+0300 2020 [INFO] Client said: 34: ["house_616_livingroom", "h.r.m", {dy: 6.33, sy: 5.19, uid: "616", sx: 1.88, dx: 0.95}]
Thu Jan 9 18:30:53 GMT+0300 2020 [INFO] Client said: 34: ["house_616_livingroom", "h.r.u", {st: 23, x: 1.88, uid: "616", at: "", y: 5.19, d: 7}]
Thu Jan 9 18:30:52 GMT+0300 2020 [INFO] Client said: 34: ["house_616_livingroom", "h.r.m", {dy: 5.19, sy: 7.05, uid: "616", sx: 3.92, dx: 1.88}]
Thu Jan 9 18:30:51 GMT+0300 2020 [INFO] Server said: 34: ["h.r.ra", {plr: {locinfo: {st: 23, x: 6.39, s: "127.0.0.1", y: 5.14, shlc: true, at: "", d: 4, l: "house_616_livingroom", pl: ""}, uid: "616", pf: {pf: {jntr: {pgs: 0, l: 20, tp: "jntr"}, grdnr: {pgs: 0, l: 20, tp: "grdnr"}, phtghr: {pgs: 0, l: 20, tp: "phtghr"}, vsgst: {pgs: 0, l: 20, tp: "vsgst"}}}, apprnc: {fac: 1, pc: 1, ssc: 1, shc: 1, g: 2, mc: 4, fft: 0, fat: 0, bc: 1, ec: 1, ss: 0, n: "ĐьЯßоŁицã ду", hc: 5, rg: 0, sc: 1, sh: 0, nct: 0, bt: 0, pt: 0, mt: 4, rc: 1, brc: 1, et: 2, ht: 130, brt: 1}, ci: {kyktid: null, eml: null, cmid: 0, crt: 10, ceid: 0, vfgc: 0, fexp: 0, trcd: 0, bcld: 0, sbid: null, spp: 0, shcr: true, lvt: 1578583698, strfrd: 0, crst: 0, ys: 0, pamns: {amn: []}, vsexp: 1965298000, rpt: 0, vip: true, vsact: true, plcmt: {}, vret: 0, tts: null, skrt: 0, vexp: 1965298000, hrt: 174, shousd: false, lwts: 0, lrnt: 0, lgt: 0, actrp: 0, trid: "familyDay2016", sbrt: 0, gdc: 0, skid: null, rtrtm: 0, actrt: 0, compid: 0, actrd: 0, as: null, exp: 85800, gtrfrd: 0, dr: true, fak: null, ysct: 0}, usrinf: {rl: 0}, mbm: {sk: "blackMobileSkin", ac: null}, clths: {clths: [{tpid: "girlShirt12", clid: null}, {tpid: "girlShoes14", clid: null}, {tpid: "girlPants9", clid: null}]}}}]
Thu Jan 9 18:30:50 GMT+0300 2020 [INFO] Server said: 34: ["h.r.ra", {plr: {locinfo: {st: 23, x: 6.39, s: "127.0.0.1", y: 5.14, shlc: true, at: "", d: 4, l: "house_616_livingroom", pl: ""}, uid: "616", pf: {pf: {jntr: {pgs: 0, l: 20, tp: "jntr"}, grdnr: {pgs: 0, l: 20, tp: "grdnr"}, phtghr: {pgs: 0, l: 20, tp: "phtghr"}, vsgst: {pgs: 0, l: 20, tp: "vsgst"}}}, apprnc: {fac: 1, pc: 1, ssc: 1, shc: 1, g: 2, mc: 4, fft: 0, fat: 0, bc: 1, ec: 1, ss: 0, n: "ĐьЯßоŁицã ду", hc: 5, rg: 0, sc: 1, sh: 0, nct: 0, bt: 0, pt: 0, mt: 4, rc: 1, brc: 1, et: 2, ht: 130, brt: 1}, ci: {kyktid: null, eml: null, cmid: 0, crt: 10, ceid: 0, vfgc: 0, fexp: 0, trcd: 0, bcld: 0, sbid: null, spp: 0, shcr: true, lvt: 1578583698, strfrd: 0, crst: 0, ys: 0, pamns: {amn: []}, vsexp: 1965298000, rpt: 0, vip: true, vsact: true, plcmt: {}, vret: 0, tts: null, skrt: 0, vexp: 1965298000, hrt: 174, shousd: false, lwts: 0, lrnt: 0, lgt: 0, actrp: 0, trid: "familyDay2016", sbrt: 0, gdc: 0, skid: null, rtrtm: 0, actrt: 0, compid: 0, actrd: 0, as: null, exp: 85800, gtrfrd: 0, dr: true, fak: null, ysct: 0}, usrinf: {rl: 0}, mbm: {sk: "blackMobileSkin", ac: null}, clths: {clths: [{tpid: "girlShirt12", clid: null}, {tpid: "girlShoes14", clid: null}, {tpid: "girlPants9", clid: null}]}}}]
Thu Jan 9 18:30:48 GMT+0300 2020 [INFO] Client said: 34: ["house_616_livingroom", "h.r.u", {st: 23, x: 3.92, uid: "616", at: "", y: 7.05, d: 5}]
Thu Jan 9 18:30:47 GMT+0300 2020 [INFO] Client said: 34: ["house_616_livingroom", "h.r.ra", {}]
Thu Jan 9 18:30:47 GMT+0300 2020 [INFO] Server said: 34: ["psp.sttrph", {trid: "familyDay2016"}]
Thu Jan 9 18:30:47 GMT+0300 2020 [INFO] Client said: 34: ["house_616_livingroom", "h.r.m", {dy: 7.05, sy: 5.14, uid: "616", sx: 6.39, dx: 3.92}]