ClientError: Thu Jan 9 18:36:13 GMT+0300 2020 [CRITICAL] [house] *Uncaught Error* ErrorId: 1010 ErrorName: TypeError ErrorMessage:Error #1010 ErrorStackTrace:TypeError: Error #1010
	at _-1u9::URL/parse()
	at _-1u9::URL()
	at _-18R::LoadingItem()
	at _-18R::SWFLoadingItem()
	at _-0bS::MassLoader/add()
	at _-0bS::MassLoader/_-2R5()
	at flash.events::EventDispatcher/dispatchEvent()
	at _-18R::LoadingItem/_-1Iu()
	at _-18R::LoadingItem/onError()
	at _-18R::SWFLoadingItem/onError()
	at flash.events::EventDispatcher/dispatchEvent()
	at flash.net::URLLoader/onComplete()
Thu Jan 9 18:35:54 GMT+0300 2020 [INFO] Server said: 34: ["ntf.res", {res: {gld: 1405, slvr: 16000, enrg: 500, emd: 0}}]
Thu Jan 9 18:35:52 GMT+0300 2020 [INFO] Server said: 34: ["ntf.inv", {it: {tid: "drAln1", c: 1, iid: ""}}]
Thu Jan 9 18:35:49 GMT+0300 2020 [INFO] Client said: 34: [null, "frn.buy", {cnt: 1, pind: 1, tpid: "drAln1"}]
Thu Jan 9 18:35:35 GMT+0300 2020 [INFO] Loaded  LoadingItem(url: http://62.113.113.58:8080/files/swf/furniture/house/DoorAlien.swf, status: 2) 
Thu Jan 9 18:35:27 GMT+0300 2020 [INFO] Server said: 34: ["ntf.res", {res: {gld: 1434, slvr: 16000, enrg: 500, emd: 0}}]
Thu Jan 9 18:35:27 GMT+0300 2020 [INFO] Server said: 34: ["ntf.inv", {it: {tid: "wallAln1", c: 1, iid: ""}}]
Thu Jan 9 18:35:24 GMT+0300 2020 [INFO] Client said: 34: [null, "frn.buy", {cnt: 1, pind: 2, tpid: "wallAln1"}]
Thu Jan 9 18:35:21 GMT+0300 2020 [INFO] Server said: 34: ["ntf.res", {res: {gld: 1434, slvr: 28500, enrg: 500, emd: 0}}]
Thu Jan 9 18:35:21 GMT+0300 2020 [INFO] Server said: 34: ["ntf.inv", {it: {tid: "chrAln3", c: 1, iid: ""}}]
Thu Jan 9 18:35:18 GMT+0300 2020 [INFO] Client said: 34: [null, "frn.buy", {cnt: 1, pind: 1, tpid: "chrAln3"}]