ClientError: Thu Jan 9 16:55:29 GMT+0300 2020 [CRITICAL] [house] *Uncaught Error* ErrorId: 1010 ErrorName: TypeError ErrorMessage:Error #1010 ErrorStackTrace:TypeError: Error #1010
	at _-1u9::URL/parse()
	at _-1u9::URL()
	at _-18R::LoadingItem()
	at _-18R::SWFLoadingItem()
	at _-0bS::MassLoader/add()
	at _-0bS::MassLoader/_-2R5()
	at flash.events::EventDispatcher/dispatchEvent()
	at _-18R::LoadingItem/_-1Iu()
	at _-18R::LoadingItem/onError()
	at _-18R::SWFLoadingItem/onError()
	at flash.events::EventDispatcher/dispatchEvent()
	at flash.net::URLLoader/onComplete()
Thu Jan 9 16:55:21 GMT+0300 2020 [INFO] Client said: 34: ["house_58_livingroom", "h.r.u", {uid: "58", x: 7.36, y: 10.23, at: "", st: 23, d: 4}]
Thu Jan 9 16:55:18 GMT+0300 2020 [INFO] Client said: 34: ["house_58_livingroom", "h.r.m", {uid: "58", dy: 10.23, sy: 5.06, dx: 7.36, sx: 7.31}]
Thu Jan 9 16:53:58 GMT+0300 2020 [INFO] Server said: 34: ["h.r.ra", {plr: {uid: "58", pf: {pf: {jntr: {pgs: 0, tp: "jntr", l: 20}, grdnr: {pgs: 0, tp: "grdnr", l: 20}, vsgst: {pgs: 0, tp: "vsgst", l: 20}, phtghr: {pgs: 0, tp: "phtghr", l: 20}}}, mbm: {ac: null, sk: "blackMobileSkin"}, clths: {clths: [{tpid: "girlShirt12", clid: null}, {tpid: "girlShoes14", clid: null}, {tpid: "girlKgrmDr", clid: null}, {tpid: "girlPants9", clid: null}]}, ci: {sbid: null, actrp: 0, as: null, lwts: 0, crt: 4415, ysct: 0, gdc: 0, shousd: false, lgt: 0, crst: 0, vip: true, sbrt: 0, fak: null, bcld: 0, actrd: 0, shcr: true, gtrfrd: 0, rpt: 0, skid: null, vexp: 1965298000, strfrd: 0, rtrtm: 0, vsexp: 1965298000, trid: null, vsact: true, eml: null, vret: 0, vfgc: 0, ys: 0, ceid: 0, fexp: 0, pamns: {amn: []}, actrt: 0, cmid: 0, kyktid: null, skrt: 0, dr: true, lvt: 1578577733, hrt: 174, spp: 0, lrnt: 0, exp: 85800, tts: null, plcmt: {}, trcd: 0, compid: 0}, locinfo: {x: 7.31, s: "127.0.0.1", y: 5.06, l: "house_58_livingroom", at: "", st: 23, shlc: true, d: 4, pl: ""}, apprnc: {bc: 1, sc: 1, nct: 0, rc: 1, ht: 128, bt: 0, ec: 3, fat: 0, ssc: 1, ss: 0, g: 2, pt: 0, rg: 0, hc: 1, mt: 4, n: "₭ổ®ổζèβã™", fft: 0, shc: 1, brt: 1, mc: 1, et: 2, sh: 0, brc: 5, fac: 1, pc: 1}, usrinf: {rl: 0}}}]
Thu Jan 9 16:53:58 GMT+0300 2020 [INFO] Client said: 34: ["house_58_livingroom", "h.r.ra", {}]
Thu Jan 9 16:53:58 GMT+0300 2020 [INFO] Server said: 34: ["a.clths.buy", {crt: 4415, inv: {c: {gm: {it: [{c: 1, iid: "", tid: "blackMobileSkin"}], id: "gm"}, frn: {it: [], id: "frn"}, act: {it: [], id: "act"}, lt: {it: [], id: "lt"}, cls: {it: [{c: 1, iid: "", tid: "girlUnderdress1"}, {c: 1, iid: "", tid: "girlUnderdress2"}, {c: 1, iid: "", tid: "girlDmnOvrl"}, {c: 1, iid: "", tid: "girlKgrmBr"}, {c: 1, iid: "", tid: "girlKgrmCt"}], id: "cls"}}}, ccltn: {cct: ["girlShirt12", "girlShoes14", "girlKgrmDr", "girlPants9"], cn: "", ctp: "casual"}, clths: {clths: [{tpid: "girlShirt12", clid: null}, {tpid: "girlShoes14", clid: null}, {tpid: "girlKgrmDr", clid: null}, {tpid: "girlPants9", clid: null}]}, res: {gld: 560, emd: 0, slvr: 0, enrg: 500}}]
Thu Jan 9 16:53:58 GMT+0300 2020 [INFO] Client said: 34: [null, "a.clths.buy", {tpid: "girlKgrmDr", ctp: "casual", pind: 2}]
Thu Jan 9 16:53:56 GMT+0300 2020 [INFO] Server said: 34: ["b.inslv", {inslv: 199000}]
Thu Jan 9 16:53:56 GMT+0300 2020 [INFO] Server said: 34: ["ntf.res", {res: {gld: 560, slvr: 199000, enrg: 500, emd: 0}}]
Thu Jan 9 16:53:56 GMT+0300 2020 [INFO] Client said: 34: [null, "b.bs", {gld: 1990}]
Thu Jan 9 16:53:52 GMT+0300 2020 [INFO] Server said: 34: ["h.r.ra", {plr: {uid: "58", pf: {pf: {jntr: {pgs: 0, tp: "jntr", l: 20}, grdnr: {pgs: 0, tp: "grdnr", l: 20}, vsgst: {pgs: 0, tp: "vsgst", l: 20}, phtghr: {pgs: 0, tp: "phtghr", l: 20}}}, mbm: {ac: null, sk: "blackMobileSkin"}, clths: {clths: [{tpid: "girlShirt12", clid: null}, {tpid: "girlShoes14", clid: null}, {tpid: "girlKgrmCt", clid: null}, {tpid: "girlPants9", clid: null}]}, ci: {sbid: null, actrp: 0, as: null, lwts: 0, crt: 2425, ysct: 0, gdc: 0, shousd: false, lgt: 0, crst: 0, vip: true, sbrt: 0, fak: null, bcld: 0, actrd: 0, shcr: true, gtrfrd: 0, rpt: 0, skid: null, vexp: 1965298000, strfrd: 0, rtrtm: 0, vsexp: 1965298000, trid: null, vsact: true, eml: null, vret: 0, vfgc: 0, ys: 0, ceid: 0, fexp: 0, pamns: {amn: []}, actrt: 0, cmid: 0, kyktid: null, skrt: 0, dr: true, lvt: 1578577733, hrt: 174, spp: 0, lrnt: 0, exp: 85800, tts: null, plcmt: {}, trcd: 0, compid: 0}, locinfo: {x: 7.31, s: "127.0.0.1", y: 5.06, l: "house_58_livingroom", at: "", st: 23, shlc: true, d: 4, pl: ""}, apprnc: {bc: 1, sc: 1, nct: 0, rc: 1, ht: 128, bt: 0, ec: 3, fat: 0, ssc: 1, ss: 0, g: 2, pt: 0, rg: 0, hc: 1, mt: 4, n: "₭ổ®ổζèβã™", fft: 0, shc: 1, brt: 1, mc: 1, et: 2, sh: 0, brc: 5, fac: 1, pc: 1}, usrinf: {rl: 0}}}]
Thu Jan 9 16:53:52 GMT+0300 2020 [INFO] Client said: 34: ["house_58_livingroom", "h.r.ra", {}]
Thu Jan 9 16:53:52 GMT+0300 2020 [INFO] Server said: 34: ["a.clths.buy", {crt: 2425, inv: {c: {gm: {it: [{c: 1, iid: "", tid: "blackMobileSkin"}], id: "gm"}, frn: {it: [], id: "frn"}, act: {it: [], id: "act"}, lt: {it: [], id: "lt"}, cls: {it: [{c: 1, iid: "", tid: "girlUnderdress1"}, {c: 1, iid: "", tid: "girlUnderdress2"}, {c: 1, iid: "", tid: "girlDmnOvrl"}, {c: 1, iid: "", tid: "girlKgrmBr"}], id: "cls"}}}, ccltn: {cct: ["girlShirt12", "girlShoes14", "girlKgrmCt", "girlPants9"], cn: "", ctp: "casual"}, clths: {clths: [{tpid: "girlShirt12", clid: null}, {tpid: "girlShoes14", clid: null}, {tpid: "girlKgrmCt", clid: null}, {tpid: "girlPants9", clid: null}]}, res: {gld: 2550, emd: 0, slvr: 0, enrg: 500}}]
Thu Jan 9 16:53:52 GMT+0300 2020 [INFO] Client said: 34: [null, "a.clths.buy", {tpid: "girlKgrmCt", ctp: "casual", pind: 1}]
Thu Jan 9 16:53:20 GMT+0300 2020 [INFO] Server said: 34: ["h.r.ra", {plr: {uid: "58", pf: {pf: {jntr: {pgs: 0, tp: "jntr", l: 20}, grdnr: {pgs: 0, tp: "grdnr", l: 20}, vsgst: {pgs: 0, tp: "vsgst", l: 20}, phtghr: {pgs: 0, tp: "phtghr", l: 20}}}, mbm: {ac: null, sk: "blackMobileSkin"}, clths: {clths: [{tpid: "girlKgrmBr", clid: null}, {tpid: "girlShirt12", clid: null}, {tpid: "girlShoes14", clid: null}, {tpid: "girlPants9", clid: null}]}, ci: {sbid: null, actrp: 0, as: null, lwts: 0, crt: 2150, ysct: 0, gdc: 0, shousd: false, lgt: 0, crst: 0, vip: true, sbrt: 0, fak: null, bcld: 0, actrd: 0, shcr: true, gtrfrd: 0, rpt: 0, skid: null, vexp: 1965298000, strfrd: 0, rtrtm: 0, vsexp: 1965298000, trid: null, vsact: true, eml: null, vret: 0, vfgc: 0, ys: 0, ceid: 0, fexp: 0, pamns: {amn: []}, actrt: 0, cmid: 0, kyktid: null, skrt: 0, dr: true, lvt: 1578577733, hrt: 174, spp: 0, lrnt: 0, exp: 85800, tts: null, plcmt: {}, trcd: 0, compid: 0}, locinfo: {x: 7.31, s: "127.0.0.1", y: 5.06, l: "house_58_livingroom", at: "", st: 23, shlc: true, d: 4, pl: ""}, apprnc: {bc: 1, sc: 1, nct: 0, rc: 1, ht: 128, bt: 0, ec: 3, fat: 0, ssc: 1, ss: 0, g: 2, pt: 0, rg: 0, hc: 1, mt: 4, n: "₭ổ®ổζèβã™", fft: 0, shc: 1, brt: 1, mc: 1, et: 2, sh: 0, brc: 5, fac: 1, pc: 1}, usrinf: {rl: 0}}}]
Thu Jan 9 16:53:19 GMT+0300 2020 [INFO] Client said: 34: ["house_58_livingroom", "h.r.ra", {}]
Thu Jan 9 16:53:19 GMT+0300 2020 [INFO] Server said: 34: ["a.clths.buy", {crt: 2150, inv: {c: {gm: {it: [{c: 1, iid: "", tid: "blackMobileSkin"}], id: "gm"}, frn: {it: [], id: "frn"}, act: {it: [], id: "act"}, lt: {it: [], id: "lt"}, cls: {it: [{c: 1, iid: "", tid: "girlUnderdress1"}, {c: 1, iid: "", tid: "girlUnderdress2"}, {c: 1, iid: "", tid: "girlDmnOvrl"}], id: "cls"}}}, ccltn: {cct: ["girlKgrmBr", "girlShirt12", "girlShoes14", "girlPants9"], cn: "", ctp: "casual"}, clths: {clths: [{tpid: "girlKgrmBr", clid: null}, {tpid: "girlShirt12", clid: null}, {tpid: "girlShoes14", clid: null}, {tpid: "girlPants9", clid: null}]}, res: {gld: 2660, emd: 0, slvr: 0, enrg: 500}}]
Thu Jan 9 16:53:19 GMT+0300 2020 [INFO] Client said: 34: [null, "a.clths.buy", {tpid: "girlKgrmBr", ctp: "casual", pind: 2}]
Thu Jan 9 16:53:17 GMT+0300 2020 [INFO] Server said: 34: ["b.inslv", {inslv: 189000}]
Thu Jan 9 16:53:17 GMT+0300 2020 [INFO] Server said: 34: ["ntf.res", {res: {gld: 2660, slvr: 199000, enrg: 500, emd: 0}}]
Thu Jan 9 16:53:17 GMT+0300 2020 [INFO] Client said: 34: [null, "b.bs", {gld: 1890}]
Thu Jan 9 16:53:12 GMT+0300 2020 [INFO] Server said: 34: ["h.r.ra", {plr: {uid: "58", pf: {pf: {jntr: {pgs: 0, tp: "jntr", l: 20}, grdnr: {pgs: 0, tp: "grdnr", l: 20}, vsgst: {pgs: 0, tp: "vsgst", l: 20}, phtghr: {pgs: 0, tp: "phtghr", l: 20}}}, mbm: {ac: null, sk: "blackMobileSkin"}, clths: {clths: [{tpid: "girlDmnOvrl", clid: null}, {tpid: "girlShirt12", clid: null}, {tpid: "girlShoes14", clid: null}, {tpid: "girlPants9", clid: null}]}, ci: {sbid: null, actrp: 0, as: null, lwts: 0, crt: 160, ysct: 0, gdc: 0, shousd: false, lgt: 0, crst: 0, vip: true, sbrt: 0, fak: null, bcld: 0, actrd: 0, shcr: true, gtrfrd: 0, rpt: 0, skid: null, vexp: 1965298000, strfrd: 0, rtrtm: 0, vsexp: 1965298000, trid: null, vsact: true, eml: null, vret: 0, vfgc: 0, ys: 0, ceid: 0, fexp: 0, pamns: {amn: []}, actrt: 0, cmid: 0, kyktid: null, skrt: 0, dr: true, lvt: 1578577733, hrt: 174, spp: 0, lrnt: 0, exp: 85800, tts: null, plcmt: {}, trcd: 0, compid: 0}, locinfo: {x: 7.31, s: "127.0.0.1", y: 5.06, l: "house_58_livingroom", at: "", st: 23, shlc: true, d: 4, pl: ""}, apprnc: {bc: 1, sc: 1, nct: 0, rc: 1, ht: 128, bt: 0, ec: 3, fat: 0, ssc: 1, ss: 0, g: 2, pt: 0, rg: 0, hc: 1, mt: 4, n: "₭ổ®ổζèβã™", fft: 0, shc: 1, brt: 1, mc: 1, et: 2, sh: 0, brc: 5, fac: 1, pc: 1}, usrinf: {rl: 0}}}]
Thu Jan 9 16:53:12 GMT+0300 2020 [INFO] Client said: 34: ["house_58_livingroom", "h.r.ra", {}]
Thu Jan 9 16:53:12 GMT+0300 2020 [INFO] Server said: 34: ["a.clths.buy", {crt: 160, inv: {c: {gm: {it: [{c: 1, iid: "", tid: "blackMobileSkin"}], id: "gm"}, frn: {it: [], id: "frn"}, act: {it: [], id: "act"}, lt: {it: [], id: "lt"}, cls: {it: [{c: 1, iid: "", tid: "girlUnderdress1"}, {c: 1, iid: "", tid: "girlUnderdress2"}], id: "cls"}}}, ccltn: {cct: ["girlDmnOvrl", "girlShirt12", "girlShoes14", "girlPants9"], cn: "", ctp: "casual"}, clths: {clths: [{tpid: "girlDmnOvrl", clid: null}, {tpid: "girlShirt12", clid: null}, {tpid: "girlShoes14", clid: null}, {tpid: "girlPants9", clid: null}]}, res: {gld: 4550, emd: 0, slvr: 10000, enrg: 500}}]
Thu Jan 9 16:53:12 GMT+0300 2020 [INFO] Client said: 34: [null, "a.clths.buy", {tpid: "girlDmnOvrl", ctp: "casual", pind: 1}]
Thu Jan 9 16:53:03 GMT+0300 2020 [INFO] Client said: 34: ["house_58_livingroom", "h.r.u", {uid: "58", x: 7.31, y: 5.06, at: "", st: 23, d: 3}]
Thu Jan 9 16:53:01 GMT+0300 2020 [INFO] Client said: 34: ["house_58_livingroom", "h.r.m", {uid: "58", dy: 5.06, sy: 0.1, dx: 7.31, sx: 4.05}]
Thu Jan 9 16:52:41 GMT+0300 2020 [INFO] Client said: 34: ["house_58_livingroom", "h.r.u", {uid: "58", x: 4.05, st: 0, y: 0.1, d: 4}]
Thu Jan 9 16:52:41 GMT+0300 2020 [INFO] Server said: 34: ["lg.lst", {glst: []}]
Thu Jan 9 16:52:41 GMT+0300 2020 [INFO] Client said: 34: ["house_58_livingroom", "lg.lst", {}]
Thu Jan 9 16:52:41 GMT+0300 2020 [INFO] Server said: 34: ["h.r.info", {rmmb: [{uid: "58", pf: {pf: {jntr: {pgs: 0, tp: "jntr", l: 20}, grdnr: {pgs: 0, tp: "grdnr", l: 20}, vsgst: {pgs: 0, tp: "vsgst", l: 20}, phtghr: {pgs: 0, tp: "phtghr", l: 20}}}, mbm: {ac: null, sk: "blackMobileSkin"}, clths: {clths: [{tpid: "girlShirt12", clid: null}, {tpid: "girlShoes14", clid: null}, {tpid: "girlPants9", clid: null}]}, ci: {sbid: null, actrp: 0, as: null, lwts: 0, crt: 10, ysct: 0, gdc: 0, shousd: false, lgt: 0, crst: 0, vip: true, sbrt: 0, fak: null, bcld: 0, actrd: 0, shcr: true, gtrfrd: 0, rpt: 0, skid: null, vexp: 1965298000, strfrd: 0, rtrtm: 0, vsexp: 1965298000, trid: null, vsact: true, eml: null, vret: 0, vfgc: 0, ys: 0, ceid: 0, fexp: 0, pamns: {amn: []}, actrt: 0, cmid: 0, kyktid: null, skrt: 0, dr: true, lvt: 1578577733, hrt: 174, spp: 0, lrnt: 0, exp: 85800, tts: null, plcmt: {}, trcd: 0, compid: 0}, locinfo: {x: -1, s: "127.0.0.1", y: -1, l: "house_58_livingroom", at: "", st: 0, shlc: true, d: 4, pl: ""}, apprnc: {bc: 1, sc: 1, nct: 0, rc: 1, ht: 128, bt: 0, ec: 3, fat: 0, ssc: 1, ss: 0, g: 2, pt: 0, rg: 0, hc: 1, mt: 4, n: "₭ổ®ổζèβã™", fft: 0, shc: 1, brt: 1, mc: 1, et: 2, sh: 0, brc: 5, fac: 1, pc: 1}, usrinf: {rl: 0}}], evn: null, rm: {id: "livingroom", l: 13, nm: "#livingRoom", f: [{x: 0, lid: 3, y: 0, z: 0, tpid: "floor4", d: 5}, {x: 3, lid: 4, rid: "outside", y: 0, z: 0, tpid: "door4", d: 3}, {x: 13, lid: 2, y: 0, z: 0, tpid: "wall15", d: 5}, {x: 0, lid: 1, y: 0, z: 0, tpid: "wall15", d: 3}], lev: 1, w: 13}}]
Thu Jan 9 16:52:41 GMT+0300 2020 [INFO] Client said: 34: ["house_58_livingroom", "h.r.info", {uid: "58", rid: "livingroom"}]
Thu Jan 9 16:52:41 GMT+0300 2020 [INFO] Server said: 34: ["h.gr", {rid: "house_58_livingroom"}]
Thu Jan 9 16:52:41 GMT+0300 2020 [INFO] Server said: 16: ["house_58_livingroom", "58"]
Thu Jan 9 16:52:41 GMT+0300 2020 [INFO] Server said: 34: ["h.r.jn", {plr: {uid: "58", pf: {pf: {jntr: {pgs: 0, tp: "jntr", l: 20}, grdnr: {pgs: 0, tp: "grdnr", l: 20}, vsgst: {pgs: 0, tp: "vsgst", l: 20}, phtghr: {pgs: 0, tp: "phtghr", l: 20}}}, mbm: {ac: null, sk: "blackMobileSkin"}, clths: {clths: [{tpid: "girlShirt12", clid: null}, {tpid: "girlShoes14", clid: null}, {tpid: "girlPants9", clid: null}]}, ci: {sbid: null, actrp: 0, as: null, lwts: 0, crt: 10, ysct: 0, gdc: 0, shousd: false, lgt: 0, crst: 0, vip: true, sbrt: 0, fak: null, bcld: 0, actrd: 0, shcr: true, gtrfrd: 0, rpt: 0, skid: null, vexp: 1965298000, strfrd: 0, rtrtm: 0, vsexp: 1965298000, trid: null, vsact: true, eml: null, vret: 0, vfgc: 0, ys: 0, ceid: 0, fexp: 0, pamns: {amn: []}, actrt: 0, cmid: 0, kyktid: null, skrt: 0, dr: true, lvt: 1578577733, hrt: 174, spp: 0, lrnt: 0, exp: 85800, tts: null, plcmt: {}, trcd: 0, compid: 0}, locinfo: {x: -1, s: "127.0.0.1", y: -1, l: "house_58_livingroom", at: "", st: 0, shlc: true, d: 4, pl: ""}, apprnc: {bc: 1, sc: 1, nct: 0, rc: 1, ht: 128, bt: 0, ec: 3, fat: 0, ssc: 1, ss: 0, g: 2, pt: 0, rg: 0, hc: 1, mt: 4, n: "₭ổ®ổζèβã™", fft: 0, shc: 1, brt: 1, mc: 1, et: 2, sh: 0, brc: 5, fac: 1, pc: 1}, usrinf: {rl: 0}}}]
Thu Jan 9 16:52:41 GMT+0300 2020 [INFO] Server said: 34: ["srqst.gtrq", {rqlst: {rsprlst: {}, shwdt: 0, lapt: {}, rlst: {}}}]
Thu Jan 9 16:52:40 GMT+0300 2020 [INFO] Client said: 34: [null, "nws.getglbl", {}]
Thu Jan 9 16:52:40 GMT+0300 2020 [INFO] Server said: 34: ["nws.hasnews", {gnunr: true, gnexst: true}]
Thu Jan 9 16:52:40 GMT+0300 2020 [INFO] Server said: 34: ["cp.cht.gbl", {blcklst: {uids: []}}]