ClientError: Thu Jan 9 18:24:23 GMT+0300 2020 [CRITICAL] [salon] *Uncaught Error* ErrorId: 1009 ErrorName: TypeError ErrorMessage:Error #1009 ErrorStackTrace:TypeError: Error #1009
	at _-0eV::RoomMemberContainer/addAvatar()
	at _-PQ::BaseRoomScreen/addAvatar()
	at _-PQ::BaseRoomScreen/onRefreshAvatar()
	at flash.events::EventDispatcher/dispatchEvent()
	at _-2CM::BaseRoomNetManager/onRefreshAvatar()
	at flash.events::EventDispatcher/dispatchEvent()
	at ags::_-2t/_-2dI()
	at flash.events::EventDispatcher/dispatchEvent()
	at _-0en::_-0O8/_-1LF()
	at _-0en::_-0O8/execute()
	at ags::AGSClient/_-0i9()
	at ags::AGSClient/_-2ZF()
	at ags::AGSClient/_-2Ea()
Thu Jan 9 18:24:23 GMT+0300 2020 [INFO] Server said: 34: ["o.r.ra", {plr: {uid: "350", ci: {exp: 85800, cmid: 0, crt: 562, strfrd: 0, vsact: true, lgt: 0, shcr: true, lwts: 0, sbid: null, skrt: 0, as: null, fexp: 0, vip: true, ceid: 0, pamns: {amn: []}, ysct: 0, vfgc: 0, fak: null, shousd: false, tts: null, bcld: 0, sbrt: 0, vsexp: 1965298000, lvt: 1578583174, actrp: 0, eml: null, actrt: 0, rpt: 0, ys: 0, vret: 0, actrd: 0, plcmt: {}, trid: "freelanceModerator", kyktid: null, gdc: 0, lrnt: 0, compid: 0, crst: 0, gtrfrd: 0, dr: true, hrt: 10173, trcd: 0, rtrtm: 0, skid: null, vexp: 1965298000, spp: 0}, usrinf: {rl: 0}, mbm: {ac: null, sk: "blackMobileSkin"}, apprnc: {sc: 1, fac: 1, pt: 0, rg: 1, rc: 11, fat: 0, bt: 0, shc: 12, fft: 7, ec: 5, et: 37, g: 2, nct: 0, sh: 1, pc: 1, brt: 23, n: "Хейзерша", mc: 15, hc: 20, mt: 31, ht: 129, ssc: 1, brc: 1, bc: 1, ss: 0}, clths: {clths: [{tpid: "grlSD16Dcr", clid: null}, {tpid: "girlShirt12", clid: null}, {tpid: "girlPants9", clid: null}, {tpid: "grlSD16Ovrl", clid: null}, {tpid: "grlSD16Shs", clid: null}, {tpid: "grlSD16Stk", clid: null}, {tpid: "grlSD16Brcl", clid: null}]}, locinfo: {x: 12.25, s: "127.0.0.1", st: 23, y: 14.63, d: 4, at: "", shlc: true, l: "salon_sn1_1", pl: ""}, pf: {pf: {grdnr: {pgs: 0, tp: "grdnr", l: 20}, phtghr: {pgs: 0, tp: "phtghr", l: 20}, jntr: {pgs: 0, tp: "jntr", l: 20}, vsgst: {pgs: 0, tp: "vsgst", l: 20}}}}}]
Thu Jan 9 18:24:23 GMT+0300 2020 [INFO] Server said: 16: ["salon_sn1_1", "735"]
Thu Jan 9 18:24:23 GMT+0300 2020 [INFO] Server said: 34: ["o.r.jn", {plr: {uid: "735", ci: {exp: 85800, cmid: 0, crt: 5770, strfrd: 0, vsact: true, lgt: 0, shcr: true, lwts: 0, sbid: null, skrt: 0, as: null, fexp: 0, vip: true, ceid: 0, pamns: {amn: []}, ysct: 0, vfgc: 0, fak: null, shousd: false, tts: null, bcld: 0, sbrt: 0, vsexp: 1965298000, lvt: 1578583431, actrp: 0, eml: null, actrt: 0, rpt: 0, ys: 0, vret: 0, actrd: 0, plcmt: {}, trid: null, kyktid: null, gdc: 0, lrnt: 0, compid: 0, crst: 0, gtrfrd: 0, dr: true, hrt: 220, trcd: 0, rtrtm: 0, skid: null, vexp: 1965298000, spp: 0}, usrinf: {rl: 0}, mbm: {ac: null, sk: "blackMobileSkin"}, apprnc: {sc: 1, fac: 1, pt: 0, rg: 0, rc: 1, fat: 0, bt: 0, shc: 1, fft: 0, ec: 2, et: 2, g: 2, nct: 0, sh: 0, pc: 1, brt: 28, n: "КоСмОс", mc: 1, hc: 5, mt: 3, ht: 130, ssc: 1, brc: 3, bc: 1, ss: 0}, clths: {clths: [{tpid: "girlGlssYllw", clid: null}, {tpid: "girlSktWnt19Wrm", clid: null}, {tpid: "girlTShrtPnd", clid: null}, {tpid: "grlDrlBkrTto", clid: null}, {tpid: "grlPnkRsShs", clid: null}]}, locinfo: {x: -1, s: "127.0.0.1", st: 0, y: -1, d: 4, at: "", shlc: true, l: "salon_sn1_1", pl: ""}, pf: {pf: {grdnr: {pgs: 0, tp: "grdnr", l: 20}, phtghr: {pgs: 0, tp: "phtghr", l: 20}, jntr: {pgs: 0, tp: "jntr", l: 20}, vsgst: {pgs: 0, tp: "vsgst", l: 20}}}}}]
Thu Jan 9 18:24:21 GMT+0300 2020 [INFO] Server said: 16: ["salon_sn1_1", "286"]
Thu Jan 9 18:24:21 GMT+0300 2020 [INFO] Server said: 34: ["o.r.jn", {plr: {uid: "286", ci: {exp: 85800, cmid: 0, crt: 9882, strfrd: 0, vsact: true, lgt: 0, shcr: true, lwts: 0, sbid: null, skrt: 0, as: null, fexp: 0, vip: true, ceid: 0, pamns: {amn: []}, ysct: 0, vfgc: 0, fak: null, shousd: false, tts: null, bcld: 0, sbrt: 0, vsexp: 1965298000, lvt: 1578583353, actrp: 0, eml: null, actrt: 0, rpt: 0, ys: 0, vret: 0, actrd: 0, plcmt: {}, trid: null, kyktid: null, gdc: 0, lrnt: 0, compid: 0, crst: 0, gtrfrd: 0, dr: true, hrt: 208, trcd: 0, rtrtm: 0, skid: null, vexp: 1965298000, spp: 0}, usrinf: {rl: 0}, mbm: {ac: null, sk: "blackMobileSkin"}, apprnc: {sc: 1, fac: 1, pt: 0, rg: 0, rc: 1, fat: 0, bt: 0, shc: 1, fft: 0, ec: 3, et: 8, g: 2, nct: 0, sh: 0, pc: 1, brt: 29, n: "ϟ Боϟ ", mc: 3, hc: 5, mt: 4, ht: 130, ssc: 1, brc: 1, bc: 1, ss: 0}, clths: {clths: [{tpid: "girlAcsFri", clid: null}, {tpid: "girlTShrtInnknt", clid: null}, {tpid: "girlShrtsJrnl", clid: null}, {tpid: "girlStkFri", clid: null}, {tpid: "girlBtsStPtr19", clid: null}, {tpid: "girlNY20VKGiftHtDr", clid: null}]}, locinfo: {x: -1, s: "127.0.0.1", st: 0, y: -1, d: 4, at: "", shlc: true, l: "salon_sn1_1", pl: ""}, pf: {pf: {grdnr: {pgs: 0, tp: "grdnr", l: 20}, phtghr: {pgs: 0, tp: "phtghr", l: 20}, jntr: {pgs: 0, tp: "jntr", l: 20}, vsgst: {pgs: 0, tp: "vsgst", l: 20}}}}}]
Thu Jan 9 18:24:20 GMT+0300 2020 [INFO] Server said: 17: ["salon_sn1_1", "498"]
Thu Jan 9 18:24:20 GMT+0300 2020 [INFO] Server said: 34: ["o.r.lv", {uid: "498"}]