ClientError: Thu Jan 9 18:13:49 GMT+0300 2020 [CRITICAL] [salon] *Uncaught Error* ErrorId: 1009 ErrorName: TypeError ErrorMessage:Error #1009 ErrorStackTrace:TypeError: Error #1009
	at _-0eV::RoomMemberContainer/addAvatar()
	at _-PQ::BaseRoomScreen/addAvatar()
	at _-PQ::BaseRoomScreen/onRefreshAvatar()
	at flash.events::EventDispatcher/dispatchEvent()
	at _-2CM::BaseRoomNetManager/onRefreshAvatar()
	at flash.events::EventDispatcher/dispatchEvent()
	at ags::_-2t/_-2dI()
	at flash.events::EventDispatcher/dispatchEvent()
	at _-0en::_-0O8/_-1LF()
	at _-0en::_-0O8/execute()
	at ags::AGSClient/_-0i9()
	at ags::AGSClient/_-2ZF()
	at ags::AGSClient/_-2Ea()
Thu Jan 9 18:13:49 GMT+0300 2020 [INFO] Server said: 34: ["o.r.ra", {plr: {uid: "647", pf: {pf: {vsgst: {pgs: 0, tp: "vsgst", l: 20}, phtghr: {pgs: 0, tp: "phtghr", l: 20}, grdnr: {pgs: 0, tp: "grdnr", l: 20}, jntr: {pgs: 0, tp: "jntr", l: 20}}}, locinfo: {at: "", st: 23, shlc: true, y: 7.69, x: 12.31, s: "127.0.0.1", d: 4, pl: "", l: "salon_sn1_1"}, usrinf: {rl: 0}, apprnc: {brc: 2, ht: 124, brt: 31, sc: 1, mt: 31, ss: 0, g: 2, ssc: 1, bc: 1, shc: 1, et: 19, n: "SOSKKA", nct: 0, sh: 0, rg: 1, rc: 11, ec: 20, bt: 0, pt: 0, fac: 1, fat: 0, fft: 9, mc: 9, hc: 7, pc: 1}, mbm: {sk: "blackMobileSkin", ac: null}, ci: {bcld: 0, kyktid: null, skrt: 0, sbrt: 0, rpt: 0, tts: null, pamns: {amn: []}, lwts: 0, cmid: 0, fak: null, crt: 10, plcmt: {}, skid: null, ys: 0, spp: 0, vip: true, shcr: true, hrt: 174, rtrtm: 0, eml: null, vfgc: 0, crst: 0, actrd: 0, fexp: 0, gdc: 0, vexp: 1965298000, vret: 0, vsexp: 1965298000, ysct: 0, shousd: false, vsact: true, dr: true, ceid: 0, lgt: 0, actrt: 0, compid: 0, lvt: 1578582682, lrnt: 0, as: null, sbid: null, trcd: 0, actrp: 0, exp: 85800, trid: null, gtrfrd: 0, strfrd: 0}, clths: {clths: [{tpid: "girlShirt12", clid: null}, {tpid: "girlShoes14", clid: null}, {tpid: "girlPants9", clid: null}]}}}]
Thu Jan 9 18:13:39 GMT+0300 2020 [INFO] Server said: 17: ["salon_sn1_1", "111"]
Thu Jan 9 18:13:39 GMT+0300 2020 [INFO] Server said: 34: ["o.r.lv", {uid: "111"}]
Thu Jan 9 18:13:38 GMT+0300 2020 [INFO] Server said: 17: ["salon_sn1_1", "801"]
Thu Jan 9 18:13:38 GMT+0300 2020 [INFO] Server said: 34: ["o.r.lv", {uid: "801"}]
Thu Jan 9 18:13:37 GMT+0300 2020 [INFO] Server said: 34: ["o.r.u", {at: "", st: 23, y: 2.06, x: 13.81, d: 5, uid: "111"}]
Thu Jan 9 18:13:36 GMT+0300 2020 [INFO] Server said: 34: ["o.r.m", {dy: 2.06, uid: "111", sy: 2.06, dx: 13.81, sx: 13.81}]
Thu Jan 9 18:13:34 GMT+0300 2020 [INFO] Client said: 34: ["salon_sn1_1", "o.r.info", {rid: "sn1"}]
Thu Jan 9 18:13:34 GMT+0300 2020 [INFO] Server said: 34: ["o.gr", {rid: "salon_sn1_1"}]
Thu Jan 9 18:13:34 GMT+0300 2020 [INFO] Server said: 16: ["salon_sn1_1", "148"]
Thu Jan 9 18:13:34 GMT+0300 2020 [INFO] Server said: 34: ["o.r.jn", {plr: {uid: "148", pf: {pf: {vsgst: {pgs: 0, tp: "vsgst", l: 20}, phtghr: {pgs: 0, tp: "phtghr", l: 20}, grdnr: {pgs: 0, tp: "grdnr", l: 20}, jntr: {pgs: 0, tp: "jntr", l: 20}}}, locinfo: {at: "", st: 0, shlc: true, y: -1, x: -1, s: "127.0.0.1", d: 4, pl: "", l: "salon_sn1_1"}, usrinf: {rl: 0}, apprnc: {brc: 5, ht: 68, brt: 3, sc: 2, mt: 6, ss: 0, g: 1, ssc: 1, bc: 1, shc: 1, et: 19, n: "огурчик", nct: 0, sh: 0, rg: 0, rc: 1, ec: 5, bt: 0, pt: 0, fac: 1, fat: 0, fft: 0, mc: 4, hc: 6, pc: 1}, mbm: {sk: "blackMobileSkin", ac: null}, ci: {bcld: 0, kyktid: null, skrt: 0, sbrt: 0, rpt: 0, tts: null, pamns: {amn: []}, lwts: 0, cmid: 0, fak: null, crt: 18, plcmt: {}, skid: null, ys: 0, spp: 0, vip: true, shcr: true, hrt: 174, rtrtm: 0, eml: null, vfgc: 0, crst: 0, actrd: 0, fexp: 0, gdc: 0, vexp: 1965298000, vret: 0, vsexp: 1965298000, ysct: 0, shousd: false, vsact: true, dr: true, ceid: 0, lgt: 0, actrt: 0, compid: 0, lvt: 1578582796, lrnt: 0, as: null, sbid: null, trcd: 0, actrp: 0, exp: 85800, trid: null, gtrfrd: 0, strfrd: 0}, clths: {clths: [{tpid: "boyShirt14", clid: null}, {tpid: "boyShoes8", clid: null}, {tpid: "boyPants10", clid: null}]}}}]
Thu Jan 9 18:13:33 GMT+0300 2020 [INFO] Server said: 34: ["o.r.m", {dy: 2.06, uid: "111", sy: 1.5, dx: 13.81, sx: 15.5}]
Thu Jan 9 18:13:32 GMT+0300 2020 [INFO] Server said: 34: ["o.r.ra", {plr: {uid: "111", pf: {pf: {vsgst: {pgs: 0, tp: "vsgst", l: 20}, phtghr: {pgs: 0, tp: "phtghr", l: 20}, grdnr: {pgs: 0, tp: "grdnr", l: 20}, jntr: {pgs: 0, tp: "jntr", l: 20}}}, locinfo: {at: "", st: 0, shlc: true, y: 1.5, x: 15.5, s: "127.0.0.1", d: 4, pl: "", l: "salon_sn1_1"}, usrinf: {rl: 0}, apprnc: {brc: 16, ht: 119, brt: 31, sc: 2, mt: 31, ss: 0, g: 2, ssc: 1, bc: 1, shc: 1, et: 40, n: "ЛенинII", nct: 0, sh: 0, rg: 0, rc: 1, ec: 1, bt: 0, pt: 0, fac: 1, fat: 0, fft: 11, mc: 18, hc: 17, pc: 1}, mbm: {sk: "blackMobileSkin", ac: null}, ci: {bcld: 0, kyktid: null, skrt: 0, sbrt: 0, rpt: 0, tts: null, pamns: {amn: []}, lwts: 0, cmid: 0, fak: null, crt: 10, plcmt: {}, skid: null, ys: 0, spp: 0, vip: true, shcr: true, hrt: 174, rtrtm: 0, eml: null, vfgc: 0, crst: 0, actrd: 0, fexp: 0, gdc: 0, vexp: 1965298000, vret: 0, vsexp: 1965298000, ysct: 0, shousd: false, vsact: true, dr: true, ceid: 0, lgt: 0, actrt: 0, compid: 0, lvt: 1578582689, lrnt: 0, as: null, sbid: null, trcd: 0, actrp: 0, exp: 85800, trid: "firstApril16Place4", gtrfrd: 0, strfrd: 0}, clths: {clths: [{tpid: "girlShirt12", clid: null}, {tpid: "girlShoes14", clid: null}, {tpid: "girlPants9", clid: null}]}}}]
Thu Jan 9 18:13:31 GMT+0300 2020 [INFO] Server said: 17: ["salon_sn1_1", "328"]
Thu Jan 9 18:13:31 GMT+0300 2020 [INFO] Server said: 34: ["o.r.lv", {uid: "328"}]
Thu Jan 9 18:13:17 GMT+0300 2020 [INFO] Client said: 34: [null, "o.gr", {gid: "sn1", lid: "salon"}]
Thu Jan 9 18:13:17 GMT+0300 2020 [INFO] Server said: 1: ["148", true, false, false]
Thu Jan 9 18:13:07 GMT+0300 2020 [INFO] Client said: 1: ["street", "148", "nUoaPsVQZNivtcjWqlaR", {clvrn: "84.0.4", v: 2}]
Thu Jan 9 18:13:04 GMT+0300 2020 [INFO] Client said: 2: []
Thu Jan 9 18:13:04 GMT+0300 2020 [INFO] Loaded  LoadingItem(url: http://62.113.113.58:8080/files/swf/Salon_1fe14ef0cdf189794ef74d591993d3f5.swf, status: 2) 
Thu Jan 9 18:12:59 GMT+0300 2020 [INFO] Client said: 17: ["house_148_livingroom"]
Thu Jan 9 18:12:55 GMT+0300 2020 [INFO] Server said: 34: ["ev.gse", {}]
Thu Jan 9 18:12:55 GMT+0300 2020 [INFO] Server said: 34: ["ev.get", {evlst: [{ml: 1, uid: "333", id: 333, tt: "вииииип", ds: "иди", lg: 30, unm: "настя", tp: 1, r: 8, ft: 1578583846, st: 1578582046, ac: false, ci: 0, c: 0, fo: false, l: "club_v1e"}], tg: "", c: -1}]
Thu Jan 9 18:12:55 GMT+0300 2020 [INFO] Client said: 34: [null, "ev.gse", {}]
Thu Jan 9 18:12:55 GMT+0300 2020 [INFO] Client said: 34: [null, "ev.get", {fof: false, tg: "", c: -1}]
Thu Jan 9 18:12:54 GMT+0300 2020 [INFO] Client said: 34: ["house_148_livingroom", "h.r.u", {uid: "148", st: 23, y: 9.5, x: 5.81, d: 5, at: ""}]
Thu Jan 9 18:12:49 GMT+0300 2020 [INFO] Client said: 34: ["house_148_livingroom", "h.r.m", {dy: 9.5, uid: "148", sy: 0.5, dx: 5.81, sx: 11.5}]
Thu Jan 9 18:12:28 GMT+0300 2020 [INFO] Client said: 34: [null, "cln.crt", {ctg: "ат", cin: "68", pc: "1046", rtid: "glamour", ctl: "АрМиЯ ТрУсОв"}]
Thu Jan 9 18:11:03 GMT+0300 2020 [INFO] Client said: 34: [null, "cln.grci", {clid: "grcm"}]
Thu Jan 9 18:10:56 GMT+0300 2020 [INFO] Server said: 34: ["b.inslv", {inslv: 740000}]
Thu Jan 9 18:10:56 GMT+0300 2020 [INFO] Server said: 34: ["ntf.res", {res: {enrg: 500, slvr: 750000, emd: 0, gld: 88191}}]
Thu Jan 9 18:10:56 GMT+0300 2020 [INFO] Client said: 34: [null, "b.bs", {gld: 7400}]
Thu Jan 9 18:10:33 GMT+0300 2020 [INFO] Loaded  LoadingItem(url: http://62.113.113.58:8080/files/swf/furniture/decor/CarPontiacBlack.swf, status: 2) 