ClientError: Thu Jan 9 18:07:50 GMT+0300 2020 [CRITICAL] [house] *Uncaught Error* ErrorId: 1010 ErrorName: TypeError ErrorMessage:Error #1010 ErrorStackTrace:TypeError: Error #1010
	at _-1u9::URL/parse()
	at _-1u9::URL()
	at _-18R::LoadingItem()
	at _-18R::SWFLoadingItem()
	at _-0bS::MassLoader/add()
	at _-0bS::MassLoader/_-2R5()
	at flash.events::EventDispatcher/dispatchEvent()
	at _-18R::LoadingItem/_-1Iu()
	at _-18R::LoadingItem/onError()
	at _-18R::SWFLoadingItem/onError()
	at flash.events::EventDispatcher/dispatchEvent()
	at flash.net::URLLoader/onComplete()
Thu Jan 9 18:07:04 GMT+0300 2020 [INFO] Server said: 34: ["b.ingld", {ingld: 1500}]
Thu Jan 9 18:07:03 GMT+0300 2020 [INFO] Server said: 34: ["ntf.res", {res: {enrg: 500, slvr: 10000, emd: 0, gld: 3100}}]
Thu Jan 9 18:07:03 GMT+0300 2020 [INFO] [YandexMetrics.reachGoal] Call reach goal 'click_buy_product' for counter 31321471
Thu Jan 9 18:07:03 GMT+0300 2020 [INFO] Client said: 34: [null, "b.chkprchs", {prid: "pack1500", qnt: 1, pmnt: null}]
Thu Jan 9 18:07:02 GMT+0300 2020 [INFO] [YandexMetrics.reachGoal] Call reach goal 'show_payment_dialog' for counter 31321471
Thu Jan 9 18:07:01 GMT+0300 2020 [INFO] Client said: 34: ["house_148_livingroom", "h.r.u", {uid: "148", st: 23, y: 0.5, x: 11.5, d: 0, at: ""}]
Thu Jan 9 18:06:56 GMT+0300 2020 [INFO] Client said: 34: ["house_148_livingroom", "h.r.m", {dy: 0.5, uid: "148", sy: 0.1, dx: 11.5, sx: 4.05}]
Thu Jan 9 18:06:51 GMT+0300 2020 [INFO] Server said: 34: ["b.ingld", {ingld: 1500}]
Thu Jan 9 18:06:51 GMT+0300 2020 [INFO] Server said: 34: ["ntf.res", {res: {enrg: 500, slvr: 10000, emd: 0, gld: 1600}}]
Thu Jan 9 18:06:51 GMT+0300 2020 [INFO] [YandexMetrics.onCounterInit] Yandex metrics counter 31321471 inited
Thu Jan 9 18:06:51 GMT+0300 2020 [INFO] [YandexMetrics.reachGoal] Call reach goal 'click_buy_product' for counter 31321471
Thu Jan 9 18:06:51 GMT+0300 2020 [INFO] [YandexMetrics.reachGoal] Call reach goal 'show_payment_dialog' for counter 31321471
Thu Jan 9 18:06:50 GMT+0300 2020 [INFO] Client said: 34: [null, "b.chkprchs", {prid: "pack1500", qnt: 1, pmnt: null}]
Thu Jan 9 18:06:49 GMT+0300 2020 [INFO] Server said: 34: ["spt.init", {a: false}]
Thu Jan 9 18:06:49 GMT+0300 2020 [INFO] [YandexMetrics.initCounter] Try to init Yandex metrics counter 31321471
Thu Jan 9 18:06:49 GMT+0300 2020 [INFO] Client said: 34: [null, "spt.init", {}]
Thu Jan 9 18:06:02 GMT+0300 2020 [INFO] Server said: 34: ["lg.lst", {glst: []}]
Thu Jan 9 18:06:02 GMT+0300 2020 [INFO] Client said: 34: ["house_148_livingroom", "h.r.u", {uid: "148", x: 4.05, d: 4, y: 0.1, st: 0}]
Thu Jan 9 18:06:02 GMT+0300 2020 [INFO] Client said: 34: ["house_148_livingroom", "lg.lst", {}]
Thu Jan 9 18:06:01 GMT+0300 2020 [INFO] Server said: 34: ["h.r.info", {rm: {lev: 1, id: "livingroom", f: [{tpid: "wall15", x: 0, y: 0, z: 0, d: 3, lid: 1}, {tpid: "door4", x: 3, y: 0, z: 0, d: 3, lid: 4, rid: "outside"}, {tpid: "wall15", x: 13, y: 0, z: 0, d: 5, lid: 2}, {tpid: "floor4", x: 0, y: 0, z: 0, d: 5, lid: 3}], nm: "#livingRoom", l: 13, w: 13}, rmmb: [{uid: "148", pf: {pf: {vsgst: {pgs: 0, tp: "vsgst", l: 20}, phtghr: {pgs: 0, tp: "phtghr", l: 20}, grdnr: {pgs: 0, tp: "grdnr", l: 20}, jntr: {pgs: 0, tp: "jntr", l: 20}}}, locinfo: {at: "", st: 0, shlc: true, y: -1, x: -1, s: "127.0.0.1", d: 4, pl: "", l: "house_148_livingroom"}, usrinf: {rl: 0}, apprnc: {brc: 5, ht: 68, brt: 3, sc: 2, mt: 6, ss: 0, g: 1, ssc: 1, bc: 1, shc: 1, et: 19, n: "огурчик", nct: 0, sh: 0, rg: 0, rc: 1, ec: 5, bt: 0, pt: 0, fac: 1, fat: 0, fft: 0, mc: 4, hc: 6, pc: 1}, mbm: {sk: "blackMobileSkin", ac: null}, ci: {bcld: 0, kyktid: null, skrt: 0, sbrt: 0, rpt: 0, tts: null, pamns: {amn: []}, lwts: 0, cmid: 0, fak: null, crt: 18, plcmt: {}, skid: null, ys: 0, spp: 0, vip: true, shcr: true, hrt: 174, rtrtm: 0, eml: null, vfgc: 0, crst: 0, actrd: 0, fexp: 0, gdc: 0, vexp: 1965298000, vret: 0, vsexp: 1965298000, ysct: 0, shousd: false, vsact: true, dr: true, ceid: 0, lgt: 0, actrt: 0, compid: 0, lvt: 1578581995, lrnt: 0, as: null, sbid: null, trcd: 0, actrp: 0, exp: 85800, trid: null, gtrfrd: 0, strfrd: 0}, clths: {clths: [{tpid: "boyShirt14", clid: null}, {tpid: "boyShoes8", clid: null}, {tpid: "boyPants10", clid: null}]}}], evn: null}]
Thu Jan 9 18:05:58 GMT+0300 2020 [INFO] Client said: 34: ["house_148_livingroom", "h.r.info", {uid: "148", rid: "livingroom"}]
Thu Jan 9 18:05:58 GMT+0300 2020 [INFO] Server said: 34: ["h.gr", {rid: "house_148_livingroom"}]
Thu Jan 9 18:05:58 GMT+0300 2020 [INFO] Server said: 16: ["house_148_livingroom", "148"]
Thu Jan 9 18:05:58 GMT+0300 2020 [INFO] Server said: 34: ["h.r.jn", {plr: {uid: "148", pf: {pf: {vsgst: {pgs: 0, tp: "vsgst", l: 20}, phtghr: {pgs: 0, tp: "phtghr", l: 20}, grdnr: {pgs: 0, tp: "grdnr", l: 20}, jntr: {pgs: 0, tp: "jntr", l: 20}}}, locinfo: {at: "", st: 0, shlc: true, y: -1, x: -1, s: "127.0.0.1", d: 4, pl: "", l: "house_148_livingroom"}, usrinf: {rl: 0}, apprnc: {brc: 5, ht: 68, brt: 3, sc: 2, mt: 6, ss: 0, g: 1, ssc: 1, bc: 1, shc: 1, et: 19, n: "огурчик", nct: 0, sh: 0, rg: 0, rc: 1, ec: 5, bt: 0, pt: 0, fac: 1, fat: 0, fft: 0, mc: 4, hc: 6, pc: 1}, mbm: {sk: "blackMobileSkin", ac: null}, ci: {bcld: 0, kyktid: null, skrt: 0, sbrt: 0, rpt: 0, tts: null, pamns: {amn: []}, lwts: 0, cmid: 0, fak: null, crt: 18, plcmt: {}, skid: null, ys: 0, spp: 0, vip: true, shcr: true, hrt: 174, rtrtm: 0, eml: null, vfgc: 0, crst: 0, actrd: 0, fexp: 0, gdc: 0, vexp: 1965298000, vret: 0, vsexp: 1965298000, ysct: 0, shousd: false, vsact: true, dr: true, ceid: 0, lgt: 0, actrt: 0, compid: 0, lvt: 1578581995, lrnt: 0, as: null, sbid: null, trcd: 0, actrp: 0, exp: 85800, trid: null, gtrfrd: 0, strfrd: 0}, clths: {clths: [{tpid: "boyShirt14", clid: null}, {tpid: "boyShoes8", clid: null}, {tpid: "boyPants10", clid: null}]}}}]
Thu Jan 9 18:05:57 GMT+0300 2020 [INFO] Client said: 34: [null, "h.gr", {gid: "148", lid: "house", rid: "livingroom"}]
Thu Jan 9 18:05:57 GMT+0300 2020 [INFO] Loaded  LoadingItem(url: http://62.113.113.58:8080/files/swf/furniture/house/DoorWood.swf, status: 2) 
Thu Jan 9 18:05:53 GMT+0300 2020 [INFO] Loaded  LoadingItem(url: http://62.113.113.58:8080/files/swf/furniture/house/WallPoppy.swf, status: 2) 
Thu Jan 9 18:05:43 GMT+0300 2020 [INFO] Loaded  LoadingItem(url: http://62.113.113.58:8080/files/swf/furniture/house/FloorCarpetGrass.swf, status: 2) 
Thu Jan 9 18:05:33 GMT+0300 2020 [INFO] Server said: 34: ["srqst.gtrq", {rqlst: {rlst: {}, lapt: {}, rsprlst: {}, shwdt: 0}}]
Thu Jan 9 18:05:33 GMT+0300 2020 [INFO] Client said: 34: [null, "nws.getglbl", {}]
Thu Jan 9 18:05:33 GMT+0300 2020 [INFO] Server said: 34: ["nws.hasnews", {gnexst: true, gnunr: true}]
Thu Jan 9 18:05:33 GMT+0300 2020 [INFO] Server said: 34: ["cp.cht.gbl", {blcklst: {uids: []}}]
Thu Jan 9 18:05:33 GMT+0300 2020 [INFO] Client said: 34: [null, "crq.lrui", {uid: 148}]
Thu Jan 9 18:05:33 GMT+0300 2020 [INFO] Server said: 34: ["cm.new", {campaigns: [{st: 1, v: 1, ed: 2442905160000, id: 643, cil: [{cid: 643, si: 0, gl: 0, tid: "clans", id: 8151, sc: 0}, {cid: 643, si: 0, gl: 0, tid: "clanRating_off", id: 8152, sc: 0}], tp: 9, iu: ""}, {st: 1, v: 1, ed: 1659222000000, id: 316, cil: [{cid: 316, si: 0, gl: 0, tid: "mobile", id: 2514, sc: 0}], tp: 9, iu: ""}, {st: 2, v: 1, ed: 1919631600000, id: 299, cil: [{cid: 299, si: 0, gl: 0, tid: "fortune2", id: 2434, sc: 0}], tp: 9, iu: ""}, {st: 1, v: 1, ed: 1440630000000, id: 114, cil: [{cid: 114, si: 0, gl: 0, tid: "professions", id: 1110, sc: 0}, {cid: 114, si: 0, gl: 0, tid: "grdnr", id: 1111, sc: 0}, {cid: 114, si: 0, gl: 0, tid: "jntr", id: 1112, sc: 0}, {cid: 114, si: 0, gl: 0, tid: "vsgst", id: 1577, sc: 0}, {cid: 114, si: 0, gl: 0, tid: "phtghr", id: 1578, sc: 0}], tp: 9, iu: ""}]}]
Thu Jan 9 18:05:32 GMT+0300 2020 [INFO] Client said: 34: [null, "srqst.gtrq", {}]
Thu Jan 9 18:05:32 GMT+0300 2020 [INFO] Server said: 34: ["h.minfo", {plr: {uid: "148", pf: {pf: {vsgst: {pgs: 0, tp: "vsgst", l: 20}, phtghr: {pgs: 0, tp: "phtghr", l: 20}, grdnr: {pgs: 0, tp: "grdnr", l: 20}, jntr: {pgs: 0, tp: "jntr", l: 20}}}, locinfo: {at: "", st: 0, shlc: true, y: 0, x: 0, s: "127.0.0.1", d: 4, pl: "", l: ""}, usrinf: {rl: 0}, clths: {clths: [{tpid: "boyShirt14", clid: null}, {tpid: "boyShoes8", clid: null}, {tpid: "boyPants10", clid: null}]}, apprnc: {brc: 5, ht: 68, brt: 3, sc: 2, mt: 6, ss: 0, g: 1, ssc: 1, bc: 1, shc: 1, et: 19, n: "огурчик", nct: 0, sh: 0, rg: 0, rc: 1, ec: 5, bt: 0, pt: 0, fac: 1, fat: 0, fft: 0, mc: 4, hc: 6, pc: 1}, achc: {tr: {activityPlace3: {trcd: 0, trid: "activityPlace3", trrt: 0}, snowboardPlace1: {trcd: 0, trid: "snowboardPlace1", trrt: 0}, snowboardPlace3: {trcd: 0, trid: "snowboardPlace3", trrt: 0}, activityPlace2: {trcd: 0, trid: "activityPlace2", trrt: 0}, halloween2017: {trcd: 0, trid: "halloween2017", trrt: 0}, familyDay2016: {trcd: 0, trid: "familyDay2016", trrt: 0}, freelanceCup: {trcd: 0, trid: "freelanceCup", trrt: 0}, newYear2019: {trcd: 0, trid: "newYear2019", trrt: 0}, freelanceModerator: {trcd: 0, trid: "freelanceModerator", trrt: 0}, springDay2018: {trcd: 0, trid: "springDay2018", trrt: 0}, firstApril2018: {trcd: 0, trid: "firstApril2018", trrt: 0}, freelanceExchange: {trcd: 0, trid: "freelanceExchange", trrt: 0}, newYear2017: {trcd: 0, trid: "newYear2017", trrt: 0}, newYear2020hero: {trcd: 0, trid: "newYear2020hero", trrt: 0}, avatarBirthday: {trcd: 0, trid: "avatarBirthday", trrt: 0}, freelanceSupport: {trcd: 0, trid: "freelanceSupport", trrt: 0}, halloween2016: {trcd: 0, trid: "halloween2016", trrt: 0}, freelanceMicrophone: {trcd: 0, trid: "freelanceMicrophone", trrt: 0}, firstApril16Place4: {trcd: 0, trid: "firstApril16Place4", trrt: 0}, freelanceTwitterInstagram: {trcd: 0, trid: "freelanceTwitterInstagram", trrt: 0}, halloween2018: {trcd: 0, trid: "halloween2018", trrt: 0}, yearAvatar: {trcd: 0, trid: "yearAvatar", trrt: 0}, firstApril16Place5: {trcd: 0, trid: "firstApril16Place5", trrt: 0}, firstApril16Place3: {trcd: 0, trid: "firstApril16Place3", trrt: 0}, freelanceVideo: {trcd: 0, trid: "freelanceVideo", trrt: 0}, dzo2019: {trcd: 0, trid: "dzo2019", trrt: 0}, mittens2020: {trcd: 0, trid: "mittens2020", trrt: 0}, springDay2017: {trcd: 0, trid: "springDay2017", trrt: 0}, newYear2018: {trcd: 0, trid: "newYear2018", trrt: 0}, firstApril16Place1: {trcd: 0, trid: "firstApril16Place1", trrt: 0}, firstApril2019: {trcd: 0, trid: "firstApril2019", trrt: 0}, snowboardPlace2: {trcd: 0, trid: "snowboardPlace2", trrt: 0}, stVal2018: {trcd: 0, trid: "stVal2018", trrt: 0}, firstApril16Place2: {trcd: 0, trid: "firstApril16Place2", trrt: 0}, weddingDay: {trcd: 0, trid: "weddingDay", trrt: 0}, freelanceJournal: {trcd: 0, trid: "freelanceJournal", trrt: 0}, avaBirthdayTrophy2016: {trcd: 0, trid: "avaBirthdayTrophy2016", trrt: 0}, activityPlace1: {trcd: 0, trid: "activityPlace1", trrt: 0}, autumnEvent2019: {trcd: 0, trid: "autumnEvent2019", trrt: 0}}, ac: {goodFriend: {p: 0, l: 3, nWct: 0, aId: "goodFriend"}, generous: {p: 0, l: 3, nWct: 0, aId: "generous"}, activityWinner: {p: 0, l: 3, nWct: 0, aId: "activityWinner"}, beachRaceChamp: {p: 0, l: 3, nWct: 0, aId: "beachRaceChamp"}, subscription: {p: 0, l: 3, nWct: 0, aId: "subscription"}, workaholic: {p: 0, l: 3, nWct: 0, aId: "workaholic"}, crafter: {p: 0, l: 3, nWct: 0, aId: "crafter"}, meerkatBear: {p: 0, l: 3, nWct: 0, aId: "meerkatBear"}, snowboarder: {p: 0, l: 3, nWct: 0, aId: "snowboarder"}, magnate: {p: 0, l: 3, nWct: 0, aId: "magnate"}, vip: {p: 0, l: 3, nWct: 0, aId: "vip"}, pilowChamp: {p: 0, l: 3, nWct: 0, aId: "pilowChamp"}, carRaceChamp: {p: 0, l: 3, nWct: 0, aId: "carRaceChamp"}, shopaholic: {p: 0, l: 3, nWct: 0, aId: "shopaholic"}}}, onl: true, res: {enrg: 500, emd: 0, slvr: 10000, gld: 100}, ci: {bcld: 0, kyktid: null, skrt: 0, sbrt: 0, rpt: 0, tts: null, pamns: {amn: []}, lwts: 0, cmid: 0, fak: null, crt: 18, plcmt: {}, skid: null, ys: 0, spp: 0, vip: true, shcr: true, hrt: 174, rtrtm: 0, eml: null, vfgc: 0, crst: 0, actrd: 0, fexp: 0, gdc: 0, vexp: 1965298000, vret: 0, vsexp: 1965298000, ysct: 0, shousd: false, vsact: true, dr: true, ceid: 0, lgt: 0, actrt: 0, compid: 0, lvt: 1578581995, lrnt: 0, as: null, sbid: null, trcd: 0, actrp: 0, exp: 85800, trid: null, gtrfrd: 0, strfrd: 0}, hs: {lt: 0, r: [{lev: 2, id: "3", f: [{tpid: "wall15", x: 0, y: 0, z: 0, d: 3, lid: 1}, {tpid: "door4", x: 3, y: 0, z: 0, d: 3, lid: 4, rid: "outside"}, {tpid: "wall15", x: 13, y: 0, z: 0, d: 5, lid: 2}, {tpid: "floor4", x: 0, y: 0, z: 0, d: 5, lid: 3}], nm: "Комната 3", l: 13, w: 13}, {lev: 2, id: "5", f: [{tpid: "wall15", x: 0, y: 0, z: 0, d: 3, lid: 1}, {tpid: "door4", x: 3, y: 0, z: 0, d: 3, lid: 4, rid: "outside"}, {tpid: "wall15", x: 13, y: 0, z: 0, d: 5, lid: 2}, {tpid: "floor4", x: 0, y: 0, z: 0, d: 5, lid: 3}], nm: "Комната 5", l: 13, w: 13}, {lev: 2, id: "2", f: [{tpid: "wall15", x: 0, y: 0, z: 0, d: 3, lid: 1}, {tpid: "door4", x: 3, y: 0, z: 0, d: 3, lid: 4, rid: "outside"}, {tpid: "wall15", x: 13, y: 0, z: 0, d: 5, lid: 2}, {tpid: "floor4", x: 0, y: 0, z: 0, d: 5, lid: 3}], nm: "Комната 2", l: 13, w: 13}, {lev: 2, id: "1", f: [{tpid: "wall15", x: 0, y: 0, z: 0, d: 3, lid: 1}, {tpid: "door4", x: 3, y: 0, z: 0, d: 3, lid: 4, rid: "outside"}, {tpid: "wall15", x: 13, y: 0, z: 0, d: 5, lid: 2}, {tpid: "floor4", x: 0, y: 0, z: 0, d: 5, lid: 3}], nm: "Комната 1", l: 13, w: 13}, {lev: 1, id: "livingroom", f: [{tpid: "wall15", x: 0, y: 0, z: 0, d: 3, lid: 1}, {tpid: "door4", x: 3, y: 0, z: 0, d: 3, lid: 4, rid: "outside"}, {tpid: "wall15", x: 13, y: 0, z: 0, d: 5, lid: 2}, {tpid: "floor4", x: 0, y: 0, z: 0, d: 5, lid: 3}], nm: "#livingRoom", l: 13, w: 13}, {lev: 2, id: "4", f: [{tpid: "wall15", x: 0, y: 0, z: 0, d: 3, lid: 1}, {tpid: "door4", x: 3, y: 0, z: 0, d: 3, lid: 4, rid: "outside"}, {tpid: "wall15", x: 13, y: 0, z: 0, d: 5, lid: 2}, {tpid: "floor4", x: 0, y: 0, z: 0, d: 5, lid: 3}], nm: "Комната 4", l: 13, w: 13}]}, mbm: {sk: "blackMobileSkin", ac: null}, cs: {ccltns: {casual: {cct: ["boyShirt14", "boyShoes8", "boyPants10"], cn: "", ctp: "casual"}}, cc: "casual"}, inv: {c: {act: {id: "act", it: []}, lt: {id: "lt", it: []}, gm: {id: "gm", it: [{tid: "blackMobileSkin", iid: "", c: 1}]}, frn: {id: "frn", it: []}, cls: {id: "cls", it: [{tid: "boyUnderdress1", iid: "", c: 1}]}}}}, tm: 1}]
Thu Jan 9 18:05:19 GMT+0300 2020 [INFO] Server said: 34: ["a.apprnc.save", {apprnc: {brc: 5, ht: 68, brt: 3, sc: 2, mt: 6, ss: 0, g: 1, ssc: 1, bc: 1, shc: 1, et: 19, n: "огурчик", nct: 0, sh: 0, rg: 0, rc: 1, ec: 5, bt: 0, pt: 0, fac: 1, fat: 0, fft: 0, mc: 4, hc: 6, pc: 1}}]
Thu Jan 9 18:05:17 GMT+0300 2020 [INFO] Server said: 34: ["a.apprnc.save", {apprnc: {brc: 5, ht: 68, brt: 3, sc: 2, mt: 6, ss: 0, g: 1, ssc: 1, bc: 1, shc: 1, et: 19, n: "огурчик", nct: 0, sh: 0, rg: 0, rc: 1, ec: 5, bt: 0, pt: 0, fac: 1, fat: 0, fft: 0, mc: 4, hc: 6, pc: 1}}]