ClientError: Thu Jan 9 17:20:28 GMT+0300 2020 [CRITICAL] [house] *Uncaught Error* ErrorId: 1009 ErrorName: TypeError ErrorMessage:Error #1009 ErrorStackTrace:TypeError: Error #1009
	at _-3t9::UserRatingBaseTopPanel/_-wZ()
	at _-3t9::UserRatingBaseTopPanel/update()
	at _-3t9::UserRatingBaseTopPanel/set dataProvider()
	at _-4Jz::_-2U7/_-20p()
	at MethodInfo-8()
	at _-1El::PlayersManager/_-3Q-()
	at flash.events::EventDispatcher/dispatchEvent()
	at _-37q::_-G5/_-1Ef()
	at flash.events::EventDispatcher/dispatchEvent()
	at ags::_-2t/_-2dI()
	at flash.events::EventDispatcher/dispatchEvent()
	at _-0en::_-0O8/_-1LF()
	at _-0en::_-0O8/execute()
	at ags::AGSClient/_-0i9()
	at ags::AGSClient/_-2ZF()
	at ags::AGSClient/_-2Ea()
Thu Jan 9 17:20:28 GMT+0300 2020 [INFO] Server said: 34: ["pl.get", {clid: "userTop", plrs: [{mbm: {sk: "blackMobileSkin", ac: null}, usrinf: {rl: 0}, apprnc: {brc: 7, ss: 0, pt: 0, rg: 0, rc: 1, sh: 20, bt: 0, g: 2, mt: 31, brt: 23, et: 37, ht: 123, fac: 1, pc: 1, n: "мастурбация", shc: 13, ssc: 1, mc: 15, ec: 23, hc: 1, bc: 1, sc: 1, fft: 7, nct: 0, fat: 0}, pf: {pf: {jntr: {pgs: 0, l: 20, tp: "jntr"}, phtghr: {pgs: 0, l: 20, tp: "phtghr"}, grdnr: {pgs: 0, l: 20, tp: "grdnr"}, vsgst: {pgs: 0, l: 20, tp: "vsgst"}}}, ci: {vip: true, eml: null, spp: 0, rtrtm: 0, actrp: 0, lrnt: 0, crt: 19240, vfgc: 0, gtrfrd: 0, exp: 85800, vexp: 1965298000, crst: 0, fak: null, cmid: 0, as: null, compid: 0, bcld: 0, vsexp: 1965298000, skid: null, shcr: true, lvt: 1578578349, ysct: 0, rpt: 0, kyktid: null, dr: true, hrt: 413116, pamns: {amn: []}, lgt: 0, actrd: 0, sbid: null, lwts: 0, plcmt: {}, ys: 0, fexp: 0, shousd: false, actrt: 0, strfrd: 0, skrt: 0, trcd: 0, ceid: 0, gdc: 0, vsact: true, sbrt: 0, vret: 0, tts: null, trid: null}, uid: "14", clths: {clths: [{tpid: "girlBtsSport", clid: "5"}, {tpid: "girlPntsNYElgnc", clid: "5"}, {tpid: "girlErrWnt19Pnk", clid: null}, {tpid: "gFRY14Rim2", clid: null}, {tpid: "girlTShrtOutsrc2", clid: "5"}, {tpid: "girlJcktNYElgnc", clid: "5"}]}}, {mbm: {sk: "blackMobileSkin", ac: null}, usrinf: {rl: 0}, apprnc: {brc: 5, ss: 0, pt: 0, rg: 0, rc: 1, sh: 0, bt: 0, g: 2, mt: 5, brt: 4, et: 2, ht: 125, fac: 1, pc: 1, n: "я тупая", shc: 1, ssc: 1, mc: 2, ec: 5, hc: 3, bc: 1, sc: 4, fft: 0, nct: 0, fat: 0}, pf: {pf: {jntr: {pgs: 0, l: 20, tp: "jntr"}, phtghr: {pgs: 0, l: 20, tp: "phtghr"}, grdnr: {pgs: 0, l: 20, tp: "grdnr"}, vsgst: {pgs: 0, l: 20, tp: "vsgst"}}}, ci: {vip: true, eml: null, spp: 0, rtrtm: 0, actrp: 0, lrnt: 0, crt: 6295, vfgc: 0, gtrfrd: 0, exp: 85800, vexp: 1965298000, crst: 0, fak: null, cmid: 0, as: null, compid: 0, bcld: 0, vsexp: 1965298000, skid: null, shcr: true, lvt: 1578578815, ysct: 0, rpt: 0, kyktid: null, dr: true, hrt: 251420, pamns: {amn: []}, lgt: 0, actrd: 0, sbid: null, lwts: 0, plcmt: {}, ys: 0, fexp: 0, shousd: false, actrt: 0, strfrd: 0, skrt: 0, trcd: 0, ceid: 0, gdc: 0, vsact: true, sbrt: 0, vret: 0, tts: null, trid: "freelanceSupport"}, uid: "70", clths: {clths: [{tpid: "girlNcklFrog", clid: null}, {tpid: "grlAprChrMst", clid: null}, {tpid: "grlIvyHlm", clid: null}, {tpid: "girlTShrtFrog", clid: null}, {tpid: "grlAprChrShs", clid: null}, {tpid: "grlAprChrOvr", clid: null}, {tpid: "girlPntsFrog", clid: null}, {tpid: "grlAprChrHat", clid: null}, {tpid: "grlAprChrStc", clid: null}]}}, {mbm: {sk: "blackMobileSkin", ac: null}, usrinf: {rl: 0}, apprnc: {brc: 3, ss: 0, pt: 0, rg: 0, rc: 1, sh: 0, bt: 0, g: 2, mt: 14, brt: 29, et: 17, ht: 132, fac: 1, pc: 1, n: "Goner 88", shc: 1, ssc: 1, mc: 29, ec: 5, hc: 5, bc: 1, sc: 4, fft: 7, nct: 0, fat: 0}, pf: {pf: {jntr: {pgs: 0, l: 20, tp: "jntr"}, phtghr: {pgs: 0, l: 20, tp: "phtghr"}, grdnr: {pgs: 0, l: 20, tp: "grdnr"}, vsgst: {pgs: 0, l: 20, tp: "vsgst"}}}, ci: {vip: true, eml: null, spp: 0, rtrtm: 0, actrp: 0, lrnt: 0, crt: 9849, vfgc: 0, gtrfrd: 0, exp: 85800, vexp: 1965298000, crst: 0, fak: null, cmid: 0, as: null, compid: 0, bcld: 0, vsexp: 1965298000, skid: null, shcr: true, lvt: 1578578779, ysct: 0, rpt: 0, kyktid: null, dr: true, hrt: 121044, pamns: {amn: []}, lgt: 0, actrd: 0, sbid: null, lwts: 0, plcmt: {}, ys: 0, fexp: 0, shousd: false, actrt: 0, strfrd: 0, skrt: 0, trcd: 0, ceid: 0, gdc: 0, vsact: true, sbrt: 0, vret: 0, tts: null, trid: "freelanceModerator"}, uid: "64", clths: {clths: [{tpid: "girlKgrmUncrn", clid: null}, {tpid: "east15GJpnDss", clid: null}, {tpid: "csl15GCGJck", clid: null}, {tpid: "east15GJpnHr", clid: null}, {tpid: "csl15GCGRm", clid: null}, {tpid: "east15GJpnPdt", clid: null}, {tpid: "csl15GCGErr", clid: null}, {tpid: "grlPrtSbr", clid: null}, {tpid: "csl15GScnGlv", clid: null}, {tpid: "grlPrtBrcl", clid: null}, {tpid: "east15GJpnSks", clid: null}, {tpid: "east15GJpnBts", clid: null}]}}, {mbm: {sk: "blackMobileSkin", ac: null}, usrinf: {rl: 0}, apprnc: {brc: 2, ss: 0, pt: 0, rg: 0, rc: 1, sh: 0, bt: 0, g: 1, mt: 20, brt: 6, et: 5, ht: 85, fac: 1, pc: 1, n: "ЧИТЕР 1 ЫЕ", shc: 1, ssc: 1, mc: 2, ec: 3, hc: 7, bc: 1, sc: 1, fft: 0, nct: 0, fat: 0}, pf: {pf: {jntr: {pgs: 0, l: 20, tp: "jntr"}, phtghr: {pgs: 0, l: 20, tp: "phtghr"}, grdnr: {pgs: 0, l: 20, tp: "grdnr"}, vsgst: {pgs: 0, l: 20, tp: "vsgst"}}}, ci: {vip: true, eml: null, spp: 0, rtrtm: 0, actrp: 0, lrnt: 0, crt: 1066, vfgc: 0, gtrfrd: 0, exp: 85800, vexp: 1965298000, crst: 0, fak: null, cmid: 0, as: null, compid: 0, bcld: 0, vsexp: 1965298000, skid: null, shcr: true, lvt: 1578579325, ysct: 0, rpt: 0, kyktid: null, dr: true, hrt: 40174, pamns: {amn: []}, lgt: 0, actrd: 0, sbid: null, lwts: 0, plcmt: {}, ys: 0, fexp: 0, shousd: false, actrt: 0, strfrd: 0, skrt: 0, trcd: 0, ceid: 0, gdc: 0, vsact: true, sbrt: 0, vret: 0, tts: null, trid: "freelanceSupport"}, uid: "18", clths: {clths: [{tpid: "boyBgGlss", clid: null}, {tpid: "boyBgPlv", clid: null}, {tpid: "boyBgBag", clid: null}, {tpid: "boyErrFrog", clid: null}, {tpid: "boyBgBts", clid: null}, {tpid: "boyBgPnts", clid: null}]}}, {mbm: {sk: "blackMobileSkin", ac: null}, usrinf: {rl: 0}, apprnc: {brc: 3, ss: 0, pt: 0, rg: 0, rc: 1, sh: 0, bt: 0, g: 2, mt: 31, brt: 14, et: 34, ht: 129, fac: 1, pc: 1, n: "какадуша", shc: 1, ssc: 1, mc: 28, ec: 5, hc: 4, bc: 1, sc: 2, fft: 12, nct: 0, fat: 0}, pf: {pf: {jntr: {pgs: 0, l: 20, tp: "jntr"}, phtghr: {pgs: 0, l: 20, tp: "phtghr"}, grdnr: {pgs: 0, l: 20, tp: "grdnr"}, vsgst: {pgs: 0, l: 20, tp: "vsgst"}}}, ci: {vip: true, eml: null, spp: 0, rtrtm: 0, actrp: 0, lrnt: 0, crt: 73007, vfgc: 0, gtrfrd: 0, exp: 85800, vexp: 1965298000, crst: 0, fak: null, cmid: 0, as: null, compid: 0, bcld: 0, vsexp: 1965298000, skid: null, shcr: true, lvt: 1578577610, ysct: 0, rpt: 0, kyktid: null, dr: true, hrt: 25373, pamns: {amn: []}, lgt: 0, actrd: 0, sbid: null, lwts: 0, plcmt: {}, ys: 0, fexp: 0, shousd: false, actrt: 0, strfrd: 0, skrt: 0, trcd: 0, ceid: 0, gdc: 0, vsact: true, sbrt: 0, vret: 0, tts: null, trid: null}, uid: "22", clths: {clths: [{tpid: "grlDrlBkrOvr", clid: null}, {tpid: "girlNY15Pdt", clid: null}, {tpid: "grlSP14Stc", clid: null}, {tpid: "gSMR14Tto1", clid: null}, {tpid: "grlSV14rim", clid: null}, {tpid: "grlSP14Bot", clid: null}, {tpid: "hlwn2015GPlrn", clid: null}, {tpid: "gSMR15TSht1", clid: null}, {tpid: "girlFA18Msk1", clid: null}, {tpid: "gSMRGls1", clid: null}, {tpid: "grlCtHstrSprg15", clid: null}, {tpid: "grlSP14Glv", clid: null}, {tpid: "grlNY15Errngs", clid: null}, {tpid: "grlTalDvl16", clid: null}, {tpid: "girlHlwn12", clid: null}, {tpid: "gSMR14Brcl2", clid: null}]}}, {mbm: {sk: "blackMobileSkin", ac: null}, usrinf: {rl: 0}, apprnc: {brc: 2, ss: 0, pt: 0, rg: 0, rc: 1, sh: 0, bt: 0, g: 1, mt: 1, brt: 6, et: 7, ht: 23, fac: 1, pc: 1, n: "Лунтик", shc: 1, ssc: 1, mc: 2, ec: 2, hc: 12, bc: 1, sc: 1, fft: 0, nct: 0, fat: 0}, pf: {pf: {jntr: {pgs: 0, l: 20, tp: "jntr"}, phtghr: {pgs: 0, l: 20, tp: "phtghr"}, grdnr: {pgs: 0, l: 20, tp: "grdnr"}, vsgst: {pgs: 0, l: 20, tp: "vsgst"}}}, ci: {vip: true, eml: null, spp: 0, rtrtm: 0, actrp: 0, lrnt: 0, crt: 1304, vfgc: 0, gtrfrd: 0, exp: 85800, vexp: 1965298000, crst: 0, fak: null, cmid: 0, as: null, compid: 0, bcld: 0, vsexp: 1965298000, skid: null, shcr: true, lvt: 1578578250, ysct: 0, rpt: 0, kyktid: null, dr: true, hrt: 91173, pamns: {amn: []}, lgt: 0, actrd: 0, sbid: null, lwts: 0, plcmt: {}, ys: 0, fexp: 0, shousd: false, actrt: 0, strfrd: 0, skrt: 0, trcd: 0, ceid: 0, gdc: 0, vsact: true, sbrt: 0, vret: 0, tts: null, trid: "freelanceModerator"}, uid: "97", clths: {clths: [{tpid: "boyTrvlGls", clid: null}, {tpid: "bNY16FCt", clid: null}, {tpid: "boyShirt14", clid: null}, {tpid: "boyNY15Hat", clid: null}, {tpid: "boySMR14Sh3", clid: null}, {tpid: "bSP14Gun", clid: null}, {tpid: "boySMR14Pants2", clid: null}]}}, {mbm: {sk: "blackMobileSkin", ac: null}, usrinf: {rl: 0}, apprnc: {brc: 1, ss: 0, pt: 6, rg: 0, rc: 1, sh: 15, bt: 0, g: 2, mt: 31, brt: 18, et: 31, ht: 125, fac: 1, pc: 1, n: "Одна жизнь.", shc: 28, ssc: 1, mc: 19, ec: 21, hc: 14, bc: 1, sc: 3, fft: 7, nct: 0, fat: 0}, pf: {pf: {jntr: {pgs: 0, l: 20, tp: "jntr"}, phtghr: {pgs: 0, l: 20, tp: "phtghr"}, grdnr: {pgs: 0, l: 20, tp: "grdnr"}, vsgst: {pgs: 0, l: 20, tp: "vsgst"}}}, ci: {vip: true, eml: null, spp: 0, rtrtm: 0, actrp: 0, lrnt: 0, crt: 32919, vfgc: 0, gtrfrd: 0, exp: 85800, vexp: 1965298000, crst: 0, fak: null, cmid: 0, as: null, compid: 0, bcld: 0, vsexp: 1965298000, skid: null, shcr: true, lvt: 1578579675, ysct: 0, rpt: 0, kyktid: null, dr: true, hrt: 24539, pamns: {amn: []}, lgt: 0, actrd: 0, sbid: null, lwts: 0, plcmt: {}, ys: 0, fexp: 0, shousd: false, actrt: 0, strfrd: 0, skrt: 0, trcd: 0, ceid: 0, gdc: 0, vsact: true, sbrt: 0, vret: 0, tts: null, trid: "freelanceVideo"}, uid: "52", clths: {clths: [{tpid: "grlDrlBkrHat", clid: null}, {tpid: "girlLcsJrnl", clid: null}, {tpid: "grlDrlBkrTto", clid: null}, {tpid: "girlGlssPxl", clid: null}, {tpid: "grlDrsPrfClr", clid: null}, {tpid: "grlBtsPrfClr", clid: null}, {tpid: "grlAprChrStc", clid: null}]}}, {mbm: {sk: "blackMobileSkin", ac: null}, usrinf: {rl: 0}, apprnc: {brc: 6, ss: 0, pt: 0, rg: 1, rc: 1, sh: 0, bt: 0, g: 2, mt: 19, brt: 14, et: 22, ht: 130, fac: 1, pc: 1, n: "Дошик", shc: 1, ssc: 1, mc: 18, ec: 18, hc: 19, bc: 1, sc: 1, fft: 2, nct: 0, fat: 0}, pf: {pf: {jntr: {pgs: 0, l: 20, tp: "jntr"}, phtghr: {pgs: 0, l: 20, tp: "phtghr"}, grdnr: {pgs: 0, l: 20, tp: "grdnr"}, vsgst: {pgs: 0, l: 20, tp: "vsgst"}}}, ci: {vip: true, eml: null, spp: 0, rtrtm: 0, actrp: 0, lrnt: 0, crt: 9158, vfgc: 0, gtrfrd: 0, exp: 85800, vexp: 1965298000, crst: 0, fak: null, cmid: 0, as: null, compid: 0, bcld: 0, vsexp: 1965298000, skid: null, shcr: true, lvt: 1578578607, ysct: 0, rpt: 0, kyktid: null, dr: true, hrt: 12979, pamns: {amn: []}, lgt: 0, actrd: 0, sbid: null, lwts: 0, plcmt: {}, ys: 0, fexp: 0, shousd: false, actrt: 0, strfrd: 0, skrt: 0, trcd: 0, ceid: 0, gdc: 0, vsact:...
Thu Jan 9 17:20:21 GMT+0300 2020 [INFO] Client said: 34: [null, "pl.gid", {uids: ["14", "70", "64", "18", "22", "97", "52", "32", "17", "62"], clid: "userTop"}]
Thu Jan 9 17:20:12 GMT+0300 2020 [INFO] Server said: 34: ["b.ingld", {ingld: 1500}]
Thu Jan 9 17:20:12 GMT+0300 2020 [INFO] Server said: 34: ["ntf.res", {res: {slvr: 0, enrg: 500, gld: 21015, emd: 0}}]
Thu Jan 9 17:20:12 GMT+0300 2020 [INFO] [YandexMetrics.reachGoal] Call reach goal 'click_buy_product' for counter 31321471
Thu Jan 9 17:20:12 GMT+0300 2020 [INFO] Client said: 34: [null, "b.chkprchs", {pmnt: null, prid: "pack1500", qnt: 1}]
Thu Jan 9 17:20:11 GMT+0300 2020 [INFO] [YandexMetrics.reachGoal] Call reach goal 'show_payment_dialog' for counter 31321471
Thu Jan 9 17:20:09 GMT+0300 2020 [INFO] Server said: 34: ["b.ingld", {ingld: 1500}]
Thu Jan 9 17:20:09 GMT+0300 2020 [INFO] Server said: 34: ["ntf.res", {res: {slvr: 0, enrg: 500, gld: 19515, emd: 0}}]
Thu Jan 9 17:20:08 GMT+0300 2020 [INFO] [YandexMetrics.reachGoal] Call reach goal 'click_buy_product' for counter 31321471
Thu Jan 9 17:20:08 GMT+0300 2020 [INFO] Client said: 34: [null, "b.chkprchs", {pmnt: null, prid: "pack1500", qnt: 1}]
Thu Jan 9 17:20:07 GMT+0300 2020 [INFO] [YandexMetrics.reachGoal] Call reach goal 'show_payment_dialog' for counter 31321471
Thu Jan 9 17:20:06 GMT+0300 2020 [INFO] Server said: 34: ["b.ingld", {ingld: 1500}]
Thu Jan 9 17:20:06 GMT+0300 2020 [INFO] Server said: 34: ["ntf.res", {res: {slvr: 0, enrg: 500, gld: 18015, emd: 0}}]
Thu Jan 9 17:20:05 GMT+0300 2020 [INFO] [YandexMetrics.reachGoal] Call reach goal 'click_buy_product' for counter 31321471
Thu Jan 9 17:20:05 GMT+0300 2020 [INFO] Client said: 34: [null, "b.chkprchs", {pmnt: null, prid: "pack1500", qnt: 1}]
Thu Jan 9 17:20:04 GMT+0300 2020 [INFO] [YandexMetrics.reachGoal] Call reach goal 'show_payment_dialog' for counter 31321471
Thu Jan 9 17:20:03 GMT+0300 2020 [INFO] Server said: 34: ["b.ingld", {ingld: 1500}]
Thu Jan 9 17:20:03 GMT+0300 2020 [INFO] Server said: 34: ["ntf.res", {res: {slvr: 0, enrg: 500, gld: 16515, emd: 0}}]
Thu Jan 9 17:20:02 GMT+0300 2020 [INFO] [YandexMetrics.reachGoal] Call reach goal 'click_buy_product' for counter 31321471
Thu Jan 9 17:20:02 GMT+0300 2020 [INFO] Client said: 34: [null, "b.chkprchs", {pmnt: null, prid: "pack1500", qnt: 1}]
Thu Jan 9 17:20:01 GMT+0300 2020 [INFO] [YandexMetrics.reachGoal] Call reach goal 'show_payment_dialog' for counter 31321471
Thu Jan 9 17:19:59 GMT+0300 2020 [INFO] Server said: 34: ["b.ingld", {ingld: 1500}]
Thu Jan 9 17:19:59 GMT+0300 2020 [INFO] Server said: 34: ["ntf.res", {res: {slvr: 0, enrg: 500, gld: 15015, emd: 0}}]
Thu Jan 9 17:19:59 GMT+0300 2020 [INFO] [YandexMetrics.reachGoal] Call reach goal 'click_buy_product' for counter 31321471
Thu Jan 9 17:19:59 GMT+0300 2020 [INFO] Client said: 34: [null, "b.chkprchs", {pmnt: null, prid: "pack1500", qnt: 1}]
Thu Jan 9 17:19:56 GMT+0300 2020 [INFO] [YandexMetrics.reachGoal] Call reach goal 'show_payment_dialog' for counter 31321471
Thu Jan 9 17:19:54 GMT+0300 2020 [INFO] Server said: 34: ["b.ingld", {ingld: 1500}]
Thu Jan 9 17:19:54 GMT+0300 2020 [INFO] Server said: 34: ["ntf.res", {res: {slvr: 0, enrg: 500, gld: 13515, emd: 0}}]
Thu Jan 9 17:19:53 GMT+0300 2020 [INFO] [YandexMetrics.reachGoal] Call reach goal 'click_buy_product' for counter 31321471
Thu Jan 9 17:19:53 GMT+0300 2020 [INFO] Client said: 34: [null, "b.chkprchs", {pmnt: null, prid: "pack1500", qnt: 1}]
Thu Jan 9 17:19:50 GMT+0300 2020 [INFO] [YandexMetrics.reachGoal] Call reach goal 'show_payment_dialog' for counter 31321471
Thu Jan 9 17:19:48 GMT+0300 2020 [INFO] Server said: 34: ["b.ingld", {ingld: 1500}]
Thu Jan 9 17:19:48 GMT+0300 2020 [INFO] Server said: 34: ["ntf.res", {res: {slvr: 0, enrg: 500, gld: 12015, emd: 0}}]
Thu Jan 9 17:19:48 GMT+0300 2020 [INFO] [YandexMetrics.reachGoal] Call reach goal 'click_buy_product' for counter 31321471
Thu Jan 9 17:19:48 GMT+0300 2020 [INFO] Client said: 34: [null, "b.chkprchs", {pmnt: null, prid: "pack1500", qnt: 1}]
Thu Jan 9 17:19:47 GMT+0300 2020 [INFO] [YandexMetrics.reachGoal] Call reach goal 'show_payment_dialog' for counter 31321471
Thu Jan 9 17:19:45 GMT+0300 2020 [INFO] Server said: 34: ["b.ingld", {ingld: 1500}]