ClientError: Thu Jan 9 16:27:18 GMT+0200 2020 [CRITICAL] [house] *Uncaught Error* ErrorId: 1009 ErrorName: TypeError ErrorMessage:Error #1009 ErrorStackTrace:TypeError: Error #1009
	at _-371::SupportNetManager/init()
	at _-4I::_-Ss/init()
	at _-4I::NotEnoughGoldProductDialog/init()
	at _-Qp::_-1DK/onAddedToStage()
	at _-0qh::UIManager/_-1oS()
	at _-0qh::UIManager/showModal()
	at _-Qp::_-1DK/showModal()
	at _-1Dw::PaymentService/checkGold()
	at _-1Dw::PaymentService/checkPrice()
	at _-06H::BuyFurnitureDialog/onGoldBuyClick()
Thu Jan 9 16:27:03 GMT+0200 2020 [INFO] Server said: 34: ["ntf.res", {res: {slvr: 55000, emd: 0, gld: 4479, enrg: 500}}]
Thu Jan 9 16:27:03 GMT+0200 2020 [INFO] Server said: 34: ["ntf.inv", {it: {c: 1, tid: "dirol15Wardrobe", iid: ""}}]
Thu Jan 9 16:27:01 GMT+0200 2020 [INFO] Client said: 34: [null, "frn.buy", {cnt: 1, tpid: "dirol15Wardrobe", pind: 1}]
Thu Jan 9 16:27:00 GMT+0200 2020 [INFO] Loaded  LoadingItem(url: http://62.113.113.58:8080/files/swf/furniture/furniture/Dirol15Wardrobe.swf, status: 2) 
Thu Jan 9 16:27:00 GMT+0200 2020 [INFO] Server said: 34: ["ntf.res", {res: {slvr: 55000, emd: 0, gld: 14478, enrg: 500}}]
Thu Jan 9 16:26:59 GMT+0200 2020 [INFO] Server said: 34: ["ntf.inv", {it: {c: 1, tid: "csCtr", iid: ""}}]
Thu Jan 9 16:26:59 GMT+0200 2020 [INFO] Client said: 34: [null, "frn.buy", {cnt: 1, tpid: "csCtr", pind: 1}]
Thu Jan 9 16:26:58 GMT+0200 2020 [INFO] Loaded  LoadingItem(url: http://62.113.113.58:8080/files/swf/furniture/furniture/CaseCountry.swf?2, status: 2) 
Thu Jan 9 16:24:29 GMT+0200 2020 [INFO] Server said: 34: ["b.ingld", {ingld: 1500}]
Thu Jan 9 16:24:29 GMT+0200 2020 [INFO] Server said: 34: ["ntf.res", {res: {slvr: 55000, emd: 0, gld: 14557, enrg: 500}}]
Thu Jan 9 16:24:23 GMT+0200 2020 [INFO] Server said: 34: ["b.ingld", {ingld: 1500}]
Thu Jan 9 16:24:23 GMT+0200 2020 [INFO] Server said: 34: ["ntf.res", {res: {slvr: 55000, emd: 0, gld: 13057, enrg: 500}}]
Thu Jan 9 16:24:21 GMT+0200 2020 [INFO] [YandexMetrics.reachGoal] Call reach goal 'click_buy_product' for counter 31321471
Thu Jan 9 16:24:21 GMT+0200 2020 [INFO] Client said: 34: [null, "b.chkprchs", {prid: "pack1500", pmnt: null, qnt: 1}]