ClientError: Thu Jan 9 16:24:06 GMT+0200 2020 [CRITICAL] [house] *Uncaught Error* ErrorId: 1009 ErrorName: TypeError ErrorMessage:Error #1009 ErrorStackTrace:TypeError: Error #1009
	at _-371::SupportNetManager/init()
	at _-4I::_-Ss/init()
	at _-Qp::_-1DK/onAddedToStage()
	at _-0qh::UIManager/_-1oS()
	at _-0qh::UIManager/showModal()
	at _-Qp::_-1DK/showModal()
	at _-19Y::TopPanel/_-3oC()
Thu Jan 9 16:24:05 GMT+0200 2020 [INFO] Client said: 34: ["house_166_livingroom", "h.r.m", {uid: "166", dy: 3.94, dx: 4, sx: 4.05, sy: 0.1}]
Thu Jan 9 16:23:30 GMT+0200 2020 [INFO] Client said: 34: ["house_166_livingroom", "h.r.u", {st: 0, x: 4.05, d: 4, y: 0.1, uid: "166"}]
Thu Jan 9 16:23:30 GMT+0200 2020 [INFO] Server said: 34: ["lg.lst", {glst: []}]
Thu Jan 9 16:23:30 GMT+0200 2020 [INFO] Client said: 34: ["house_166_livingroom", "lg.lst", {}]
Thu Jan 9 16:23:27 GMT+0200 2020 [INFO] Server said: 34: ["h.r.info", {rm: {lev: 1, l: 13, nm: "#livingRoom", f: [{x: 0, tpid: "floor4", y: 0, lid: 3, z: 0, d: 5}, {x: 3, tpid: "door4", rid: "outside", y: 0, lid: 4, z: 0, d: 3}, {x: 13, tpid: "wall15", y: 0, lid: 2, z: 0, d: 5}, {x: 0, tpid: "wall15", y: 0, lid: 1, z: 0, d: 3}], id: "livingroom", w: 13}, rmmb: [{pf: {pf: {grdnr: {tp: "grdnr", l: 20, pgs: 0}, vsgst: {tp: "vsgst", l: 20, pgs: 0}, phtghr: {tp: "phtghr", l: 20, pgs: 0}, jntr: {tp: "jntr", l: 20, pgs: 0}}}, apprnc: {mt: 7, et: 1, rc: 1, g: 2, brt: 5, ss: 0, sc: 2, pc: 1, ssc: 1, hc: 1, brc: 5, bt: 0, ht: 125, nct: 0, rg: 0, fac: 1, shc: 1, n: "Че за баба", bc: 1, fat: 0, pt: 0, sh: 0, ec: 1, mc: 2, fft: 0}, mbm: {sk: "blackMobileSkin", ac: null}, ci: {pamns: {amn: []}, ys: 0, vret: 0, strfrd: 0, sbid: null, crst: 0, vfgc: 0, rtrtm: 0, fexp: 0, ceid: 0, kyktid: null, skid: null, cmid: 0, actrt: 0, lwts: 0, hrt: 174, dr: true, compid: 0, bcld: 0, spp: 0, actrp: 0, skrt: 0, rpt: 0, trid: null, tts: null, actrd: 0, gdc: 0, eml: null, shousd: false, lgt: 0, vip: true, trcd: 0, sbrt: 0, ysct: 0, as: null, crt: 730, vexp: 1965298000, exp: 85800, lvt: 1578579711, vsexp: 1965298000, shcr: true, lrnt: 0, plcmt: {}, fak: null, vsact: true, gtrfrd: 0}, locinfo: {shlc: true, x: -1, pl: "", y: -1, st: 0, s: "127.0.0.1", l: "house_166_livingroom", at: "", d: 4}, clths: {clths: [{clid: null, tpid: "girlNY20VKGiftPllvCnd"}, {clid: null, tpid: "girlShoes14"}, {clid: null, tpid: "girlPants9"}]}, usrinf: {rl: 0}, uid: "166"}], evn: null}]
Thu Jan 9 16:23:26 GMT+0200 2020 [INFO] Client said: 34: ["house_166_livingroom", "h.r.info", {rid: "livingroom", uid: "166"}]
Thu Jan 9 16:23:26 GMT+0200 2020 [INFO] Server said: 34: ["h.gr", {rid: "house_166_livingroom"}]
Thu Jan 9 16:23:26 GMT+0200 2020 [INFO] Server said: 16: ["house_166_livingroom", "166"]
Thu Jan 9 16:23:26 GMT+0200 2020 [INFO] Server said: 34: ["h.r.jn", {plr: {pf: {pf: {grdnr: {tp: "grdnr", l: 20, pgs: 0}, vsgst: {tp: "vsgst", l: 20, pgs: 0}, phtghr: {tp: "phtghr", l: 20, pgs: 0}, jntr: {tp: "jntr", l: 20, pgs: 0}}}, apprnc: {mt: 7, et: 1, rc: 1, g: 2, brt: 5, ss: 0, sc: 2, pc: 1, ssc: 1, hc: 1, brc: 5, bt: 0, ht: 125, nct: 0, rg: 0, fac: 1, shc: 1, n: "Че за баба", bc: 1, fat: 0, pt: 0, sh: 0, ec: 1, mc: 2, fft: 0}, mbm: {sk: "blackMobileSkin", ac: null}, ci: {pamns: {amn: []}, ys: 0, vret: 0, strfrd: 0, sbid: null, crst: 0, vfgc: 0, rtrtm: 0, fexp: 0, ceid: 0, kyktid: null, skid: null, cmid: 0, actrt: 0, lwts: 0, hrt: 174, dr: true, compid: 0, bcld: 0, spp: 0, actrp: 0, skrt: 0, rpt: 0, trid: null, tts: null, actrd: 0, gdc: 0, eml: null, shousd: false, lgt: 0, vip: true, trcd: 0, sbrt: 0, ysct: 0, as: null, crt: 730, vexp: 1965298000, exp: 85800, lvt: 1578579711, vsexp: 1965298000, shcr: true, lrnt: 0, plcmt: {}, fak: null, vsact: true, gtrfrd: 0}, locinfo: {shlc: true, x: -1, pl: "", y: -1, st: 0, s: "127.0.0.1", l: "house_166_livingroom", at: "", d: 4}, clths: {clths: [{clid: null, tpid: "girlNY20VKGiftPllvCnd"}, {clid: null, tpid: "girlShoes14"}, {clid: null, tpid: "girlPants9"}]}, usrinf: {rl: 0}, uid: "166"}}]
Thu Jan 9 16:23:23 GMT+0200 2020 [INFO] Server said: 34: ["srqst.gtrq", {rqlst: {lapt: {}, rlst: {}, shwdt: 0, rsprlst: {}}}]
Thu Jan 9 16:23:23 GMT+0200 2020 [INFO] Server said: 34: ["srqst.gtrq", {rqlst: {lapt: {}, rlst: {}, shwdt: 0, rsprlst: {}}}]
Thu Jan 9 16:23:22 GMT+0200 2020 [INFO] Server said: 34: ["srqst.gtrq", {rqlst: {lapt: {}, rlst: {}, shwdt: 0, rsprlst: {}}}]
Thu Jan 9 16:23:22 GMT+0200 2020 [INFO] Server said: 34: ["srqst.gtrq", {rqlst: {lapt: {}, rlst: {}, shwdt: 0, rsprlst: {}}}]
Thu Jan 9 16:23:22 GMT+0200 2020 [INFO] Server said: 34: ["srqst.gtrq", {rqlst: {lapt: {}, rlst: {}, shwdt: 0, rsprlst: {}}}]
Thu Jan 9 16:23:22 GMT+0200 2020 [INFO] Server said: 34: ["srqst.gtrq", {rqlst: {lapt: {}, rlst: {}, shwdt: 0, rsprlst: {}}}]
Thu Jan 9 16:23:22 GMT+0200 2020 [INFO] Server said: 34: ["srqst.gtrq", {rqlst: {lapt: {}, rlst: {}, shwdt: 0, rsprlst: {}}}]
Thu Jan 9 16:23:22 GMT+0200 2020 [INFO] Server said: 34: ["srqst.gtrq", {rqlst: {lapt: {}, rlst: {}, shwdt: 0, rsprlst: {}}}]
Thu Jan 9 16:23:22 GMT+0200 2020 [INFO] Server said: 34: ["srqst.gtrq", {rqlst: {lapt: {}, rlst: {}, shwdt: 0, rsprlst: {}}}]
Thu Jan 9 16:23:22 GMT+0200 2020 [INFO] Client said: 34: [null, "h.gr", {lid: "house", gid: "166", rid: "livingroom"}]
Thu Jan 9 16:23:22 GMT+0200 2020 [INFO] Loaded  LoadingItem(url: http://62.113.113.58:8080/files/swf/furniture/house/DoorWood.swf, status: 2) 
Thu Jan 9 16:23:21 GMT+0200 2020 [INFO] Server said: 34: ["srqst.gtrq", {rqlst: {lapt: {}, rlst: {}, shwdt: 0, rsprlst: {}}}]
Thu Jan 9 16:23:21 GMT+0200 2020 [INFO] Client said: 34: [null, "nws.getglbl", {}]
Thu Jan 9 16:23:21 GMT+0200 2020 [INFO] Server said: 34: ["nws.hasnews", {gnunr: true, gnexst: true}]
Thu Jan 9 16:23:21 GMT+0200 2020 [INFO] Loaded  LoadingItem(url: http://62.113.113.58:8080/files/swf/furniture/house/WallPoppy.swf, status: 2) 
Thu Jan 9 16:23:21 GMT+0200 2020 [INFO] Server said: 34: ["cp.cht.gbl", {blcklst: {uids: []}}]