ClientError: Thu Jan 9 17:21:00 GMT+0200 2020 [CRITICAL] [house] *Uncaught Error* ErrorId: 1009 ErrorName: TypeError ErrorMessage:Error #1009 ErrorStackTrace:TypeError: Error #1009
	at _-2HI::_-3j3/set scrollX()
	at com.greensock::TweenLite/render()
	at com.greensock.core::SimpleTimeline/render()
	at com.greensock.core::Animation$/_-1IG()
Thu Jan 9 17:21:00 GMT+0200 2020 [INFO] Client said: 34: [null, "h.minfo", {onl: false, tm: 1578583260}]
Thu Jan 9 17:21:00 GMT+0200 2020 [INFO] Server said: 34: ["a.apprnc.save", {apprnc: {sh: 0, rg: 0, ssc: 1, ss: 0, rc: 1, g: 2, pc: 1, nct: 0, fac: 1, sc: 1, ht: 121, bt: 0, et: 2, fat: 0, brt: 28, hc: 6, ec: 5, fft: 0, n: "млечный путь", mc: 4, brc: 2, bc: 1, mt: 7, pt: 0, shc: 1}}]
Thu Jan 9 17:20:51 GMT+0200 2020 [INFO] Client said: 34: [null, "a.apprnc.save", {apprnc: {sh: 0, rg: 0, ssc: 1, ss: 0, rc: 1, g: 2, pc: 1, nct: 0, fac: 1, sc: 1, ht: 121, bt: 0, et: 2, fat: 0, brt: 28, hc: 6, ec: 5, fft: 0, n: "млечный путь", mc: 4, brc: 2, bc: 1, mt: 7, pt: 0, shc: 1}}]
Thu Jan 9 17:20:40 GMT+0200 2020 [INFO] Client said: 34: [null, "a.apprnc.save", {apprnc: {sh: 0, rg: 0, ssc: 1, ss: 0, rc: 1, g: 2, pc: 1, nct: 0, fac: 1, sc: 1, ht: 121, bt: 0, et: 2, fat: 0, brt: 28, hc: 6, ec: 5, fft: 0, n: "млечный путь", mc: 4, brc: 2, bc: 1, mt: 7, pt: 0, shc: 1}}]
Thu Jan 9 17:18:22 GMT+0200 2020 [INFO] Server said: 34: ["h.minfo", {has.avtr: false}]
Thu Jan 9 17:18:22 GMT+0200 2020 [INFO] Server said: 34: ["ctmr.get", {tu: {snowboardRating: []}}]
Thu Jan 9 17:18:21 GMT+0200 2020 [INFO] Server said: 34: ["ur.get", {bt: [{cr: 76611, hr: 600374, uid: 39}, {cr: 20930, hr: 413116, uid: 14}, {cr: 6295, hr: 251420, uid: 70}, {cr: 1609, hr: 240220, uid: 71}, {cr: 29541, hr: 192469, uid: 68}, {cr: 23433, hr: 121044, uid: 64}, {cr: 2664, hr: 93928, uid: 97}, {cr: 9252, hr: 65707, uid: 80}, {cr: 1066, hr: 40174, uid: 18}, {cr: 1682, hr: 32583, uid: 55}]}]
Thu Jan 9 17:12:55 GMT+0200 2020 [INFO] Server said: 34: ["mail.gc", {out: [], in: []}]
Thu Jan 9 17:12:55 GMT+0200 2020 [INFO] Server said: 34: ["rl.get", {rlts: {}, uid: "243"}]
Thu Jan 9 17:12:55 GMT+0200 2020 [INFO] Client said: 34: [null, "h.minfo", {onl: false, tm: 1578582775}]
Thu Jan 9 17:12:55 GMT+0200 2020 [INFO] Client said: 34: [null, "ctmr.get", {}]
Thu Jan 9 17:12:55 GMT+0200 2020 [INFO] Client said: 34: [null, "ur.get", {}]
Thu Jan 9 17:12:55 GMT+0200 2020 [INFO] Client said: 34: [null, "mail.gc", {}]
Thu Jan 9 17:12:55 GMT+0200 2020 [INFO] Client said: 34: [null, "rl.get", {}]
Thu Jan 9 17:12:55 GMT+0200 2020 [INFO] Server said: 1: ["243", true, false, false]
Thu Jan 9 17:12:53 GMT+0200 2020 [INFO] Client said: 1: ["house", "243", "DHmslfLPQcegzJZpuIOP", {cty: 0, pht: "http://vkontakte.ru/images/question_b.gif", nk: "", rftp: null, rfid: null, clvrn: "84.0.4", ctr: 0, gdr: 0, lcl: "ru", sid: "243", lng: "ru", v: 2, bd: "", ln: "", rd: 0, fn: ""}]