ClientError: Thu Jan 9 17:07:35 GMT+0300 2020 [CRITICAL] [salon] *Uncaught Error* ErrorId: 1009 ErrorName: TypeError ErrorMessage:Error #1009 ErrorStackTrace:TypeError: Error #1009
	at _-0eV::RoomMemberContainer/addAvatar()
	at _-PQ::BaseRoomScreen/addAvatar()
	at _-PQ::BaseRoomScreen/onRefreshAvatar()
	at flash.events::EventDispatcher/dispatchEvent()
	at _-2CM::BaseRoomNetManager/onRefreshAvatar()
	at flash.events::EventDispatcher/dispatchEvent()
	at ags::_-2t/_-2dI()
	at flash.events::EventDispatcher/dispatchEvent()
	at _-0en::_-0O8/_-1LF()
	at _-0en::_-0O8/execute()
	at ags::AGSClient/_-0i9()
	at ags::AGSClient/_-2ZF()
	at ags::AGSClient/_-2Ea()
Thu Jan 9 17:07:35 GMT+0300 2020 [INFO] Server said: 34: ["o.r.ra", {plr: {ci: {vsexp: 1965298000, ysct: 0, sbid: null, vsact: true, fak: null, sbrt: 0, shousd: false, vret: 0, shcr: true, plcmt: {}, as: null, vfgc: 0, gtrfrd: 0, pamns: {amn: []}, fexp: 0, ceid: 0, strfrd: 0, crst: 0, lrnt: 0, rtrtm: 0, lvt: 1578578494, hrt: 174, cmid: 0, kyktid: null, ys: 0, skid: null, dr: true, actrt: 0, lwts: 0, rpt: 0, skrt: 0, compid: 0, gdc: 0, spp: 0, actrp: 0, crt: 10, lgt: 0, exp: 85800, actrd: 0, bcld: 0, trcd: 0, eml: null, vip: true, trid: null, tts: null, vexp: 1965298000}, pf: {pf: {phtghr: {tp: "phtghr", pgs: 0, l: 20}, grdnr: {tp: "grdnr", pgs: 0, l: 20}, jntr: {tp: "jntr", pgs: 0, l: 20}, vsgst: {tp: "vsgst", pgs: 0, l: 20}}}, clths: {clths: [{clid: null, tpid: "girlShirt12"}, {clid: null, tpid: "girlShoes14"}, {clid: null, tpid: "girlPants9"}]}, locinfo: {at: "", x: 15.5, shlc: true, st: 0, y: 1.5, s: "127.0.0.1", l: "salon_sn1_1", d: 4, pl: ""}, mbm: {sk: "blackMobileSkin", ac: null}, apprnc: {brc: 1, pc: 1, hc: 7, ht: 123, g: 2, fat: 0, rc: 1, et: 37, rg: 0, sh: 23, sc: 1, shc: 4, ss: 0, nct: 0, ssc: 1, ec: 2, fft: 9, bt: 0, mt: 29, n: "курт кобейн", brt: 33, mc: 17, pt: 0, fac: 1, bc: 1}, usrinf: {rl: 0}, uid: "152"}}]
Thu Jan 9 17:07:35 GMT+0300 2020 [INFO] Client said: 34: ["salon_sn1_1", "o.r.info", {rid: "sn1"}]
Thu Jan 9 17:07:35 GMT+0300 2020 [INFO] Server said: 34: ["o.gr", {rid: "salon_sn1_1"}]
Thu Jan 9 17:07:33 GMT+0300 2020 [INFO] Server said: 34: ["o.r.ra", {plr: {ci: {vsexp: 1965298000, ysct: 0, sbid: null, vsact: true, fak: null, sbrt: 0, shousd: false, vret: 0, shcr: true, plcmt: {}, as: null, vfgc: 0, gtrfrd: 0, pamns: {amn: []}, fexp: 0, ceid: 0, strfrd: 0, crst: 0, lrnt: 0, rtrtm: 0, lvt: 1578578155, hrt: 916, cmid: 0, kyktid: null, ys: 0, skid: null, dr: true, actrt: 0, lwts: 0, rpt: 0, skrt: 0, compid: 0, gdc: 0, spp: 0, actrp: 0, crt: 4951, lgt: 0, exp: 85800, actrd: 0, bcld: 0, trcd: 0, eml: null, vip: true, trid: null, tts: null, vexp: 1965298000}, pf: {pf: {phtghr: {tp: "phtghr", pgs: 0, l: 20}, grdnr: {tp: "grdnr", pgs: 0, l: 20}, jntr: {tp: "jntr", pgs: 0, l: 20}, vsgst: {tp: "vsgst", pgs: 0, l: 20}}}, clths: {clths: [{clid: null, tpid: "boyTShrtSV19"}, {clid: null, tpid: "boyBtsSV19"}, {clid: null, tpid: "boyPslnGloves1"}, {clid: null, tpid: "boyStrtBrcl"}, {clid: null, tpid: "boyErrHp"}, {clid: null, tpid: "boyPntsWnt19Yllw"}, {clid: null, tpid: "boyFb23Hat"}, {clid: null, tpid: "boyScksWnt19Wht"}, {clid: null, tpid: "csl15BBrvPdt"}, {clid: null, tpid: "boyGlsStrpd"}, {clid: null, tpid: "boyJcktSV19"}]}, locinfo: {at: "", x: 10.33, shlc: true, st: 23, y: 12.2, s: "127.0.0.1", l: "salon_sn1_1", d: 4, pl: ""}, mbm: {sk: "blackMobileSkin", ac: null}, apprnc: {brc: 1, pc: 1, hc: 25, ht: 55, g: 1, fat: 0, rc: 1, et: 7, rg: 0, sh: 0, sc: 2, shc: 1, ss: 0, nct: 0, ssc: 1, ec: 5, fft: 2, bt: 15, mt: 7, n: "Трусы", brt: 17, mc: 2, pt: 0, fac: 1, bc: 25}, usrinf: {rl: 0}, uid: "25"}}]
Thu Jan 9 17:07:33 GMT+0300 2020 [INFO] Server said: 16: ["salon_sn1_1", "160"]
Thu Jan 9 17:07:33 GMT+0300 2020 [INFO] Server said: 34: ["o.r.jn", {plr: {ci: {vsexp: 1965298000, ysct: 0, sbid: null, vsact: true, fak: null, sbrt: 0, shousd: false, vret: 0, shcr: true, plcmt: {}, as: null, vfgc: 0, gtrfrd: 0, pamns: {amn: []}, fexp: 0, ceid: 0, strfrd: 0, crst: 0, lrnt: 0, rtrtm: 0, lvt: 1578578445, hrt: 174, cmid: 0, kyktid: null, ys: 0, skid: null, dr: true, actrt: 0, lwts: 0, rpt: 0, skrt: 0, compid: 0, gdc: 0, spp: 0, actrp: 0, crt: 10, lgt: 0, exp: 85800, actrd: 0, bcld: 0, trcd: 0, eml: null, vip: true, trid: "halloween2018", tts: null, vexp: 1965298000}, pf: {pf: {phtghr: {tp: "phtghr", pgs: 0, l: 20}, grdnr: {tp: "grdnr", pgs: 0, l: 20}, jntr: {tp: "jntr", pgs: 0, l: 20}, vsgst: {tp: "vsgst", pgs: 0, l: 20}}}, clths: {clths: [{clid: null, tpid: "girlShirt12"}, {clid: null, tpid: "girlShoes14"}, {clid: null, tpid: "girlPants9"}]}, locinfo: {at: "", x: -1, shlc: true, st: 0, y: -1, s: "127.0.0.1", l: "salon_sn1_1", d: 4, pl: ""}, mbm: {sk: "blackMobileSkin", ac: null}, apprnc: {brc: 3, pc: 1, hc: 3, ht: 105, g: 2, fat: 0, rc: 1, et: 5, rg: 0, sh: 0, sc: 1, shc: 1, ss: 0, nct: 0, ssc: 1, ec: 2, fft: 0, bt: 0, mt: 5, n: "Moona", brt: 5, mc: 2, pt: 0, fac: 1, bc: 1}, usrinf: {rl: 0}, uid: "160"}}]
Thu Jan 9 17:07:32 GMT+0300 2020 [INFO] Server said: 34: ["o.r.u", {x: 10.02, st: 23, y: 5.95, at: "", d: 6, uid: "158"}]
Thu Jan 9 17:07:30 GMT+0300 2020 [INFO] Server said: 34: ["o.r.ra", {plr: {ci: {vsexp: 1965298000, ysct: 0, sbid: null, vsact: true, fak: null, sbrt: 0, shousd: false, vret: 0, shcr: true, plcmt: {}, as: null, vfgc: 0, gtrfrd: 0, pamns: {amn: []}, fexp: 0, ceid: 0, strfrd: 0, crst: 0, lrnt: 0, rtrtm: 0, lvt: 1578578408, hrt: 174, cmid: 0, kyktid: null, ys: 0, skid: null, dr: true, actrt: 0, lwts: 0, rpt: 0, skrt: 0, compid: 0, gdc: 0, spp: 0, actrp: 0, crt: 10, lgt: 0, exp: 85800, actrd: 0, bcld: 0, trcd: 0, eml: null, vip: true, trid: null, tts: null, vexp: 1965298000}, pf: {pf: {phtghr: {tp: "phtghr", pgs: 0, l: 20}, grdnr: {tp: "grdnr", pgs: 0, l: 20}, jntr: {tp: "jntr", pgs: 0, l: 20}, vsgst: {tp: "vsgst", pgs: 0, l: 20}}}, clths: {clths: [{clid: null, tpid: "girlShirt12"}, {clid: null, tpid: "girlShoes14"}, {clid: null, tpid: "girlPants9"}]}, locinfo: {at: "", x: 11.92, shlc: true, st: 23, y: 6.8, s: "127.0.0.1", l: "salon_sn1_1", d: 4, pl: ""}, mbm: {sk: "blackMobileSkin", ac: null}, apprnc: {brc: 4, pc: 1, hc: 27, ht: 112, g: 2, fat: 0, rc: 1, et: 38, rg: 0, sh: 0, sc: 1, shc: 1, ss: 0, nct: 0, ssc: 1, ec: 31, fft: 0, bt: 0, mt: 23, n: "Aesthetic", brt: 6, mc: 1, pt: 0, fac: 1, bc: 1}, usrinf: {rl: 0}, uid: "158"}}]
Thu Jan 9 17:01:36 GMT+0300 2020 [INFO] Client said: 34: [null, "o.gr", {lid: "salon", gid: "sn1"}]
Thu Jan 9 17:01:36 GMT+0300 2020 [INFO] Server said: 1: ["160", true, false, false]
Thu Jan 9 17:01:35 GMT+0300 2020 [INFO] Client said: 1: ["street", "160", "uSLGmnfnPETUMmHviYOX", {clvrn: "84.0.4", v: 2}]
Thu Jan 9 17:01:34 GMT+0300 2020 [INFO] Client said: 2: []
Thu Jan 9 17:01:34 GMT+0300 2020 [INFO] Loaded  LoadingItem(url: http://62.113.113.58:8080/files/swf/Salon_1fe14ef0cdf189794ef74d591993d3f5.swf, status: 2) 
Thu Jan 9 17:01:33 GMT+0300 2020 [INFO] Client said: 17: ["house_160_livingroom"]
Thu Jan 9 17:01:22 GMT+0300 2020 [INFO] Server said: 34: ["b.ingld", {ingld: 1500}]
Thu Jan 9 17:01:22 GMT+0300 2020 [INFO] Server said: 34: ["ntf.res", {res: {slvr: 10000, gld: 10610, enrg: 500, emd: 0}}]
Thu Jan 9 17:01:22 GMT+0300 2020 [INFO] [YandexMetrics.reachGoal] Call reach goal 'click_buy_product' for counter 31321471
Thu Jan 9 17:01:22 GMT+0300 2020 [INFO] Client said: 34: [null, "b.chkprchs", {qnt: 1, prid: "pack1500", pmnt: null}]
Thu Jan 9 17:01:19 GMT+0300 2020 [INFO] [YandexMetrics.reachGoal] Call reach goal 'show_payment_dialog' for counter 31321471
Thu Jan 9 17:01:17 GMT+0300 2020 [INFO] Server said: 34: ["b.ingld", {ingld: 1500}]
Thu Jan 9 17:01:16 GMT+0300 2020 [INFO] Server said: 34: ["ntf.res", {res: {slvr: 10000, gld: 9110, enrg: 500, emd: 0}}]
Thu Jan 9 17:01:16 GMT+0300 2020 [INFO] [YandexMetrics.reachGoal] Call reach goal 'click_buy_product' for counter 31321471
Thu Jan 9 17:01:16 GMT+0300 2020 [INFO] Client said: 34: [null, "b.chkprchs", {qnt: 1, prid: "pack1500", pmnt: null}]
Thu Jan 9 17:01:16 GMT+0300 2020 [INFO] [YandexMetrics.reachGoal] Call reach goal 'show_payment_dialog' for counter 31321471
Thu Jan 9 17:01:13 GMT+0300 2020 [INFO] Server said: 34: ["b.ingld", {ingld: 1500}]
Thu Jan 9 17:01:13 GMT+0300 2020 [INFO] Server said: 34: ["ntf.res", {res: {slvr: 10000, gld: 7610, enrg: 500, emd: 0}}]
Thu Jan 9 17:01:13 GMT+0300 2020 [INFO] [YandexMetrics.reachGoal] Call reach goal 'click_buy_product' for counter 31321471
Thu Jan 9 17:01:13 GMT+0300 2020 [INFO] Client said: 34: [null, "b.chkprchs", {qnt: 1, prid: "pack1500", pmnt: null}]
Thu Jan 9 17:01:12 GMT+0300 2020 [INFO] [YandexMetrics.reachGoal] Call reach goal 'show_payment_dialog' for counter 31321471
Thu Jan 9 17:01:09 GMT+0300 2020 [INFO] Server said: 34: ["b.ingld", {ingld: 10}]
Thu Jan 9 17:01:09 GMT+0300 2020 [INFO] Server said: 34: ["ntf.res", {res: {slvr: 10000, gld: 6110, enrg: 500, emd: 0}}]
Thu Jan 9 17:01:09 GMT+0300 2020 [INFO] [YandexMetrics.reachGoal] Call reach goal 'click_buy_product' for counter 31321471
Thu Jan 9 17:01:09 GMT+0300 2020 [INFO] Client said: 34: [null, "b.chkprchs", {qnt: 1, prid: "pack10", pmnt: null}]
Thu Jan 9 17:01:08 GMT+0300 2020 [INFO] [YandexMetrics.reachGoal] Call reach goal 'show_payment_dialog' for counter 31321471
Thu Jan 9 17:01:05 GMT+0300 2020 [INFO] Server said: 34: ["b.ingld", {ingld: 1500}]
Thu Jan 9 17:01:05 GMT+0300 2020 [INFO] Server said: 34: ["ntf.res", {res: {slvr: 10000, gld: 6100, enrg: 500, emd: 0}}]
Thu Jan 9 17:01:05 GMT+0300 2020 [INFO] [YandexMetrics.reachGoal] Call reach goal 'click_buy_product' for counter 31321471
Thu Jan 9 17:01:05 GMT+0300 2020 [INFO] Client said: 34: [null, "b.chkprchs", {qnt: 1, prid: "pack1500", pmnt: null}]