ClientError: Thu Jan 9 17:51:36 GMT+0300 2020 [CRITICAL] [house] *Uncaught Error* ErrorId: 1502 ErrorName: Error ErrorMessage:Error #1502 ErrorStackTrace:Error: Error #1502
	at _-1oL::AvatarIconService/_-09D()
	at _-1oL::AvatarIconService/_-2z1()
	at _-1oL::AvatarIconService/_-02W()
	at _-2g8::_-07K/createAvatarIcon()
	at _-2g8::_-0pf()
	at _-2g8::_-07K()
	at _-19Y::_-Y8/_-1h9()
	at _-19Y::_-Y8/renderFriends()
	at _-19Y::_-42Y/_-0mo()
	at _-19Y::_-42Y/resize()
	at _-3qw::_-1od/resize()
	at _-3qw::_-3MH/resize()
	at _-PQ::BaseRoomScreen/resize()
	at _-XG::SelfHouseRoomScreen/resize()
	at _-PQ::BaseRoomScreen/exitGame()
	at _-PQ::BaseRoomScreen/destroy()
	at _-XG::HouseRoomScreen/destroy()
	at _-XG::SelfHouseRoomScreen/destroy()
	at _-1UR::BaseLocation/destroy()
	at _-0sZ::HouseLocation/destroy()
	at _-1ZQ::Context$/set currentLocation()
	at penzville::AppManager/_-48z()
	at _-XG::HouseRoomScreen/onBeforeTick()
	at flash.events::EventDispatcher/dispatchEvent()
	at _-332::World/tick()
	at _-332::World/_-4C6()
Thu Jan 9 17:50:14 GMT+0300 2020 [INFO] Client said: 17: ["house_37_livingroom"]