ClientError: Thu Jan 9 23:54:25 GMT+1000 2020 [CRITICAL] [house] *Uncaught Error* ErrorId: 1009 ErrorName: TypeError ErrorMessage:Error #1009 ErrorStackTrace:TypeError: Error #1009
	at MethodInfo-2()
	at flash.events::EventDispatcher/dispatchEvent()
	at _-jr::FurnitureLoader/_-2qc()
	at flash.events::EventDispatcher/dispatchEvent()
	at _-0bS::MassLoader/_-4Ql()
	at _-0bS::MassLoader/_-WZ()
	at flash.events::EventDispatcher/dispatchEvent()
	at _-18R::LoadingItem/onComplete()
	at _-18R::SWFLoadingItem/onComplete()
	at MethodInfo-7()
	at _-0hx::_-15t/_-2O-()
	at _-0hx::_-15t/tick()
	at _-1sv::Avatar/tick()
	at _-332::World/_-4Y4()
	at _-332::World/tick()
	at _-332::World/_-4C6()
Thu Jan 9 23:54:25 GMT+1000 2020 [INFO] Loaded  LoadingItem(url: http://62.113.113.58:8080/files/swf/furniture/furniture/CaseCountry.swf?2, status: 2) 
Thu Jan 9 23:53:16 GMT+1000 2020 [INFO] Client said: 34: ["house_49_livingroom", "h.r.u", {x: 2.88, uid: "49", y: 6.19, at: "", d: 5, st: 23}]
Thu Jan 9 23:53:14 GMT+1000 2020 [INFO] Client said: 34: ["house_49_livingroom", "h.r.m", {sy: 4.06, dx: 2.88, dy: 6.19, uid: "49", sx: 3.56}]
Thu Jan 9 23:52:53 GMT+1000 2020 [INFO] Server said: 34: ["h.r.ra", {plr: {usrinf: {rl: 0}, clths: {clths: [{tpid: "girlBgGrn", clid: null}, {tpid: "girlHatWnt19Pnk", clid: null}, {tpid: "girlPntsWnt19Pnk", clid: null}, {tpid: "girlBtsWnt19Pnk", clid: null}, {tpid: "girlTShrtWnt19Pnk", clid: null}, {tpid: "girlErrWnt19Pnk", clid: null}, {tpid: "girlSktGrn", clid: null}, {tpid: "girlNcklGrn", clid: null}, {tpid: "girlJcktWnt19Pnk", clid: null}]}, mbm: {ac: null, sk: "blackMobileSkin"}, uid: "49", apprnc: {nct: 0, ssc: 1, g: 2, rg: 0, sh: 0, et: 2, mc: 4, bc: 1, ss: 0, brt: 29, hc: 5, bt: 0, fat: 0, brc: 2, mt: 7, rc: 1, shc: 1, sc: 2, n: ".sunset.", pc: 1, fac: 1, ec: 3, ht: 132, fft: 0, pt: 0}, pf: {pf: {vsgst: {tp: "vsgst", pgs: 0, l: 20}, phtghr: {tp: "phtghr", pgs: 0, l: 20}, jntr: {tp: "jntr", pgs: 0, l: 20}, grdnr: {tp: "grdnr", pgs: 0, l: 20}}}, locinfo: {x: 3.56, pl: "", l: "house_49_livingroom", y: 4.06, s: "127.0.0.1", at: "", d: 4, st: 23, shlc: true}, ci: {skid: null, cmid: 0, lwts: 0, hrt: 174, dr: true, kyktid: null, bcld: 0, spp: 0, skrt: 0, actrt: 0, vip: true, tts: null, rpt: 0, compid: 0, gdc: 0, eml: null, trid: "freelanceMicrophone", actrp: 0, lgt: 0, trcd: 0, actrd: 0, sbrt: 0, ysct: 0, ys: 0, sbid: null, shousd: false, vexp: 1965298000, fak: null, vsexp: 1965298000, shcr: true, plcmt: {}, as: null, vsact: true, gtrfrd: 0, crt: 940, pamns: {amn: []}, lvt: 1578577515, exp: 85800, strfrd: 0, crst: 0, lrnt: 0, vfgc: 0, rtrtm: 0, vret: 0, fexp: 0, ceid: 0}}}]
Thu Jan 9 23:52:50 GMT+1000 2020 [INFO] Client said: 34: ["house_49_livingroom", "h.r.ra", {}]
Thu Jan 9 23:52:50 GMT+1000 2020 [INFO] Server said: 34: ["a.clths.buy", {crt: 940, res: {slvr: 15000, enrg: 500, gld: 23470, emd: 0}, clths: {clths: [{tpid: "girlBgGrn", clid: null}, {tpid: "girlHatWnt19Pnk", clid: null}, {tpid: "girlPntsWnt19Pnk", clid: null}, {tpid: "girlBtsWnt19Pnk", clid: null}, {tpid: "girlTShrtWnt19Pnk", clid: null}, {tpid: "girlErrWnt19Pnk", clid: null}, {tpid: "girlSktGrn", clid: null}, {tpid: "girlNcklGrn", clid: null}, {tpid: "girlJcktWnt19Pnk", clid: null}]}, inv: {c: {frn: {id: "frn", it: []}, lt: {id: "lt", it: []}, cls: {id: "cls", it: [{c: 1, tid: "girlUnderdress1", iid: ""}, {c: 1, tid: "girlUnderdress2", iid: ""}, {c: 1, tid: "girlShirt12", iid: ""}, {c: 1, tid: "girlShoes14", iid: ""}, {c: 1, tid: "girlTShrtGrn", iid: ""}, {c: 1, tid: "girlPants9", iid: ""}, {c: 1, tid: "girlBtsGrn", iid: ""}, {c: 1, tid: "girlErrGrn", iid: ""}]}, gm: {id: "gm", it: [{c: 1, tid: "blackMobileSkin", iid: ""}]}, act: {id: "act", it: []}}}, ccltn: {ctp: "casual", cct: ["girlBgGrn", "girlHatWnt19Pnk", "girlPntsWnt19Pnk", "girlBtsWnt19Pnk", "girlTShrtWnt19Pnk", "girlErrWnt19Pnk", "girlSktGrn", "girlNcklGrn", "girlJcktWnt19Pnk"], cn: ""}}]
Thu Jan 9 23:52:50 GMT+1000 2020 [INFO] Client said: 34: [null, "a.clths.bst", {pind: 1, ctp: "casual", tpid: "girlWnt19PnkSet"}]
Thu Jan 9 23:52:36 GMT+1000 2020 [INFO] Server said: 34: ["h.r.ra", {plr: {usrinf: {rl: 0}, clths: {clths: [{tpid: "girlBgGrn", clid: null}, {tpid: "girlSktGrn", clid: null}, {tpid: "girlNcklGrn", clid: null}, {tpid: "girlPants9", clid: null}, {tpid: "girlTShrtGrn", clid: null}, {tpid: "girlErrGrn", clid: null}, {tpid: "girlBtsGrn", clid: null}]}, mbm: {ac: null, sk: "blackMobileSkin"}, uid: "49", apprnc: {nct: 0, ssc: 1, g: 2, rg: 0, sh: 0, et: 2, mc: 4, bc: 1, ss: 0, brt: 29, hc: 5, bt: 0, fat: 0, brc: 2, mt: 7, rc: 1, shc: 1, sc: 2, n: ".sunset.", pc: 1, fac: 1, ec: 3, ht: 132, fft: 0, pt: 0}, pf: {pf: {vsgst: {tp: "vsgst", pgs: 0, l: 20}, phtghr: {tp: "phtghr", pgs: 0, l: 20}, jntr: {tp: "jntr", pgs: 0, l: 20}, grdnr: {tp: "grdnr", pgs: 0, l: 20}}}, locinfo: {x: 3.56, pl: "", l: "house_49_livingroom", y: 4.06, s: "127.0.0.1", at: "", d: 4, st: 23, shlc: true}, ci: {skid: null, cmid: 0, lwts: 0, hrt: 174, dr: true, kyktid: null, bcld: 0, spp: 0, skrt: 0, actrt: 0, vip: true, tts: null, rpt: 0, compid: 0, gdc: 0, eml: null, trid: "freelanceMicrophone", actrp: 0, lgt: 0, trcd: 0, actrd: 0, sbrt: 0, ysct: 0, ys: 0, sbid: null, shousd: false, vexp: 1965298000, fak: null, vsexp: 1965298000, shcr: true, plcmt: {}, as: null, vsact: true, gtrfrd: 0, crt: 330, pamns: {amn: []}, lvt: 1578577515, exp: 85800, strfrd: 0, crst: 0, lrnt: 0, vfgc: 0, rtrtm: 0, vret: 0, fexp: 0, ceid: 0}}}]
Thu Jan 9 23:52:27 GMT+1000 2020 [INFO] Client said: 34: ["house_49_livingroom", "h.r.ra", {}]
Thu Jan 9 23:52:27 GMT+1000 2020 [INFO] Server said: 34: ["a.clths.buy", {crt: 330, res: {slvr: 43000, enrg: 500, gld: 23601, emd: 0}, clths: {clths: [{tpid: "girlBgGrn", clid: null}, {tpid: "girlSktGrn", clid: null}, {tpid: "girlNcklGrn", clid: null}, {tpid: "girlPants9", clid: null}, {tpid: "girlTShrtGrn", clid: null}, {tpid: "girlErrGrn", clid: null}, {tpid: "girlBtsGrn", clid: null}]}, inv: {c: {frn: {id: "frn", it: []}, lt: {id: "lt", it: []}, cls: {id: "cls", it: [{c: 1, tid: "girlUnderdress1", iid: ""}, {c: 1, tid: "girlUnderdress2", iid: ""}, {c: 1, tid: "girlShirt12", iid: ""}, {c: 1, tid: "girlShoes14", iid: ""}]}, gm: {id: "gm", it: [{c: 1, tid: "blackMobileSkin", iid: ""}]}, act: {id: "act", it: []}}}, ccltn: {ctp: "casual", cct: ["girlBgGrn", "girlSktGrn", "girlNcklGrn", "girlPants9", "girlTShrtGrn", "girlErrGrn", "girlBtsGrn"], cn: ""}}]
Thu Jan 9 23:52:27 GMT+1000 2020 [INFO] Client said: 34: [null, "a.clths.bst", {pind: 1, ctp: "casual", tpid: "girlGreenSet"}]
Thu Jan 9 23:52:01 GMT+1000 2020 [INFO] Server said: 34: ["b.ingld", {ingld: 1500}]
Thu Jan 9 23:52:00 GMT+1000 2020 [INFO] Server said: 34: ["ntf.res", {res: {slvr: 50000, enrg: 500, gld: 23700, emd: 0}}]
Thu Jan 9 23:52:00 GMT+1000 2020 [INFO] [YandexMetrics.reachGoal] Call reach goal 'click_buy_product' for counter 31321471
Thu Jan 9 23:52:00 GMT+1000 2020 [INFO] Client said: 34: [null, "b.chkprchs", {pmnt: null, qnt: 1, prid: "pack1500"}]
Thu Jan 9 23:51:59 GMT+1000 2020 [INFO] [YandexMetrics.reachGoal] Call reach goal 'show_payment_dialog' for counter 31321471
Thu Jan 9 23:51:57 GMT+1000 2020 [INFO] Server said: 34: ["b.ingld", {ingld: 1500}]
Thu Jan 9 23:51:56 GMT+1000 2020 [INFO] Server said: 34: ["ntf.res", {res: {slvr: 50000, enrg: 500, gld: 22200, emd: 0}}]
Thu Jan 9 23:51:56 GMT+1000 2020 [INFO] [YandexMetrics.reachGoal] Call reach goal 'click_buy_product' for counter 31321471
Thu Jan 9 23:51:56 GMT+1000 2020 [INFO] Client said: 34: [null, "b.chkprchs", {pmnt: null, qnt: 1, prid: "pack1500"}]
Thu Jan 9 23:51:55 GMT+1000 2020 [INFO] [YandexMetrics.reachGoal] Call reach goal 'show_payment_dialog' for counter 31321471
Thu Jan 9 23:51:52 GMT+1000 2020 [INFO] Server said: 34: ["b.inslv", {inslv: 5000}]
Thu Jan 9 23:51:52 GMT+1000 2020 [INFO] Server said: 34: ["ntf.res", {res: {slvr: 50000, enrg: 500, gld: 20700, emd: 0}}]
Thu Jan 9 23:51:52 GMT+1000 2020 [INFO] Client said: 34: [null, "b.bs", {gld: 50}]
Thu Jan 9 23:51:44 GMT+1000 2020 [INFO] Server said: 34: ["b.inslv", {inslv: 5000}]
Thu Jan 9 23:51:44 GMT+1000 2020 [INFO] Server said: 34: ["ntf.res", {res: {slvr: 45000, enrg: 500, gld: 20750, emd: 0}}]
Thu Jan 9 23:51:44 GMT+1000 2020 [INFO] Client said: 34: [null, "b.bs", {gld: 50}]
Thu Jan 9 23:51:38 GMT+1000 2020 [INFO] Server said: 34: ["b.inslv", {inslv: 5000}]
Thu Jan 9 23:51:38 GMT+1000 2020 [INFO] Server said: 34: ["ntf.res", {res: {slvr: 40000, enrg: 500, gld: 20800, emd: 0}}]
Thu Jan 9 23:51:38 GMT+1000 2020 [INFO] Client said: 34: [null, "b.bs", {gld: 50}]
Thu Jan 9 23:51:33 GMT+1000 2020 [INFO] Server said: 34: ["b.inslv", {inslv: 5000}]
Thu Jan 9 23:51:32 GMT+1000 2020 [INFO] Server said: 34: ["ntf.res", {res: {slvr: 35000, enrg: 500, gld: 20850, emd: 0}}]
Thu Jan 9 23:51:32 GMT+1000 2020 [INFO] Client said: 34: [null, "b.bs", {gld: 50}]
Thu Jan 9 23:51:29 GMT+1000 2020 [INFO] Server said: 34: ["b.inslv", {inslv: 5000}]
Thu Jan 9 23:51:28 GMT+1000 2020 [INFO] Server said: 34: ["ntf.res", {res: {slvr: 30000, enrg: 500, gld: 20900, emd: 0}}]
Thu Jan 9 23:51:28 GMT+1000 2020 [INFO] Client said: 34: [null, "b.bs", {gld: 50}]
Thu Jan 9 23:51:24 GMT+1000 2020 [INFO] Server said: 34: ["b.inslv", {inslv: 5000}]
Thu Jan 9 23:51:24 GMT+1000 2020 [INFO] Server said: 34: ["ntf.res", {res: {slvr: 25000, enrg: 500, gld: 20950, emd: 0}}]