ClientError: Thu Jan 9 16:54:03 GMT+0300 2020 [CRITICAL] [house] *Uncaught Error* ErrorId: 1010 ErrorName: TypeError ErrorMessage:Error #1010 ErrorStackTrace:TypeError: Error #1010
	at _-1u9::URL/parse()
	at _-1u9::URL()
	at _-18R::LoadingItem()
	at _-18R::SWFLoadingItem()
	at _-0bS::MassLoader/add()
	at _-0bS::MassLoader/_-2R5()
	at flash.events::EventDispatcher/dispatchEvent()
	at _-18R::LoadingItem/_-1Iu()
	at _-18R::LoadingItem/onError()
	at _-18R::SWFLoadingItem/onError()
	at flash.events::EventDispatcher/dispatchEvent()
	at flash.net::URLLoader/onComplete()
Thu Jan 9 16:53:49 GMT+0300 2020 [INFO] Client said: 34: ["house_28_livingroom", "h.r.u", {uid: "28", x: 6.03, y: 4.47, st: 23, at: "", d: 4}]
Thu Jan 9 16:53:46 GMT+0300 2020 [INFO] Client said: 34: ["house_28_livingroom", "h.r.m", {uid: "28", sy: 1.56, dx: 6.03, dy: 4.47, sx: 11.5}]
Thu Jan 9 16:52:54 GMT+0300 2020 [INFO] Server said: 34: ["ntf.res", {res: {slvr: 85000, enrg: 500, emd: 0, gld: 2711}}]
Thu Jan 9 16:52:53 GMT+0300 2020 [INFO] Server said: 34: ["ntf.inv", {it: {tid: "armchairVip2", c: 3, iid: ""}}]
Thu Jan 9 16:52:53 GMT+0300 2020 [INFO] Client said: 34: [null, "frn.buy", {tpid: "armchairVip2", cnt: 3, pind: 1}]
Thu Jan 9 16:52:50 GMT+0300 2020 [INFO] Loaded  LoadingItem(url: http://62.113.113.58:8080/files/swf/furniture/furniture/ArmchairHeart.swf, status: 2) 
Thu Jan 9 16:52:49 GMT+0300 2020 [INFO] Server said: 34: ["ntf.res", {res: {slvr: 85000, enrg: 500, emd: 0, gld: 2885}}]
Thu Jan 9 16:52:49 GMT+0300 2020 [INFO] Server said: 34: ["ntf.inv", {it: {tid: "hlwnBlrmSf", c: 3, iid: ""}}]
Thu Jan 9 16:52:48 GMT+0300 2020 [INFO] Client said: 34: [null, "frn.buy", {tpid: "hlwnBlrmSf", cnt: 3, pind: 1}]
Thu Jan 9 16:52:46 GMT+0300 2020 [INFO] Loaded  LoadingItem(url: http://62.113.113.58:8080/files/swf/furniture/furniture/SofaHalloweenBallroom.swf, status: 2) 
Thu Jan 9 16:52:43 GMT+0300 2020 [INFO] Server said: 34: ["ntf.res", {res: {slvr: 85000, enrg: 500, emd: 0, gld: 3332}}]
Thu Jan 9 16:52:42 GMT+0300 2020 [INFO] Server said: 34: ["ntf.inv", {it: {tid: "lvprpvnSV15", c: 1, iid: ""}}]
Thu Jan 9 16:52:42 GMT+0300 2020 [INFO] Client said: 34: [null, "frn.buy", {tpid: "lvprpvnSV15", cnt: 1, pind: 1}]
Thu Jan 9 16:52:41 GMT+0300 2020 [INFO] Loaded  LoadingItem(url: http://62.113.113.58:8080/files/swf/furniture/furniture/PavillionSV15.swf, status: 2) 
Thu Jan 9 16:52:39 GMT+0300 2020 [INFO] Server said: 34: ["ntf.res", {res: {slvr: 85000, enrg: 500, emd: 0, gld: 3407}}]
Thu Jan 9 16:52:38 GMT+0300 2020 [INFO] Server said: 34: ["ntf.inv", {it: {tid: "armchairSV18", c: 10, iid: ""}}]
Thu Jan 9 16:52:38 GMT+0300 2020 [INFO] Client said: 34: [null, "frn.buy", {tpid: "armchairSV18", cnt: 10, pind: 1}]
Thu Jan 9 16:52:33 GMT+0300 2020 [INFO] Loaded  LoadingItem(url: http://62.113.113.58:8080/files/swf/furniture/furniture/DoubleArmchair.swf, status: 2) 
Thu Jan 9 16:52:17 GMT+0300 2020 [INFO] Loaded  LoadingItem(url: http://62.113.113.58:8080/files/swf/furniture/furniture/ArmchairPirateRoom.swf, status: 2) 
Thu Jan 9 16:52:13 GMT+0300 2020 [INFO] Server said: 34: ["ntf.res", {res: {slvr: 85000, enrg: 500, emd: 0, gld: 4397}}]
Thu Jan 9 16:52:12 GMT+0300 2020 [INFO] Server said: 34: ["ntf.inv", {it: {tid: "poolBch", c: 1, iid: ""}}]
Thu Jan 9 16:52:12 GMT+0300 2020 [INFO] Client said: 34: [null, "frn.buy", {tpid: "poolBch", cnt: 1, pind: 1}]
Thu Jan 9 16:52:11 GMT+0300 2020 [INFO] Loaded  LoadingItem(url: http://62.113.113.58:8080/files/swf/furniture/decor/PoolBeach.swf, status: 2) 
Thu Jan 9 16:52:06 GMT+0300 2020 [INFO] Server said: 34: ["ntf.res", {res: {slvr: 85000, enrg: 500, emd: 0, gld: 4672}}]
Thu Jan 9 16:52:05 GMT+0300 2020 [INFO] Server said: 34: ["ntf.inv", {it: {tid: "sofaVip1", c: 2, iid: ""}}]
Thu Jan 9 16:52:05 GMT+0300 2020 [INFO] Client said: 34: [null, "frn.buy", {tpid: "sofaVip1", cnt: 2, pind: 1}]
Thu Jan 9 16:52:02 GMT+0300 2020 [INFO] Loaded  LoadingItem(url: http://62.113.113.58:8080/files/swf/furniture/furniture/SofaGold.swf, status: 2) 
Thu Jan 9 16:51:33 GMT+0300 2020 [INFO] Client said: 34: ["house_28_livingroom", "h.r.u", {uid: "28", x: 11.5, y: 1.56, st: 23, at: "", d: 1}]
Thu Jan 9 16:51:29 GMT+0300 2020 [INFO] Client said: 34: ["house_28_livingroom", "h.r.m", {uid: "28", sy: 4.2, dx: 11.5, dy: 1.56, sx: 2.7}]
Thu Jan 9 16:51:14 GMT+0300 2020 [INFO] Server said: 34: ["pl.get", {plrs: [{uid: "8", mbm: {ac: null, sk: "blackMobileSkin"}, pf: {pf: {jntr: {pgs: 0, l: 20, tp: "jntr"}, grdnr: {pgs: 0, l: 20, tp: "grdnr"}, vsgst: {pgs: 0, l: 20, tp: "vsgst"}, phtghr: {pgs: 0, l: 20, tp: "phtghr"}}}, usrinf: {rl: 0}, clths: {clths: [{tpid: "girlJcktLn", clid: null}, {tpid: "grlNY14Drss", clid: null}, {tpid: "girlErrIris", clid: null}, {tpid: "girlHlwn31", clid: null}, {tpid: "grlLmnGls", clid: null}, {tpid: "grlLmnShs", clid: null}]}, ci: {as: null, plcmt: {}, crst: 0, rpt: 0, pamns: {amn: []}, crt: 23661, lgt: 0, lrnt: 0, lvt: 1578576993, vexp: 1965298000, vip: true, vsexp: 1965298000, vsact: true, fak: null, lwts: 0, vret: 0, shcr: true, skid: null, vfgc: 0, gtrfrd: 0, actrp: 0, ceid: 0, strfrd: 0, hrt: 261, skrt: 0, fexp: 0, bcld: 0, cmid: 0, kyktid: null, ys: 0, actrt: 0, trid: "yearAvatar", spp: 0, trcd: 0, tts: null, compid: 0, dr: true, eml: null, sbid: null, sbrt: 0, gdc: 0, actrd: 0, exp: 85800, shousd: false, ysct: 0, rtrtm: 0}, apprnc: {fac: 1, pt: 0, fft: 0, rc: 1, mt: 2, pc: 1, bt: 0, ec: 4, mc: 2, ss: 0, brt: 5, g: 2, ht: 106, rg: 0, nct: 0, shc: 1, n: "ПиЗдЮчКа", sc: 1, hc: 3, sh: 0, ssc: 1, brc: 2, et: 36, fat: 0, bc: 1}}, {uid: "20", mbm: {ac: null, sk: "blackMobileSkin"}, pf: {pf: {jntr: {pgs: 0, l: 20, tp: "jntr"}, grdnr: {pgs: 0, l: 20, tp: "grdnr"}, vsgst: {pgs: 0, l: 20, tp: "vsgst"}, phtghr: {pgs: 0, l: 20, tp: "phtghr"}}}, usrinf: {rl: 0}, clths: {clths: [{tpid: "girlNcklFrog", clid: null}, {tpid: "grlSP14Drs", clid: null}, {tpid: "girlErrHp", clid: null}, {tpid: "gFRY14Brcl1", clid: null}, {tpid: "gSP14Gun", clid: null}, {tpid: "grlSP14Stc", clid: null}, {tpid: "grlSP14Bot", clid: null}, {tpid: "gFRY14Pdt1", clid: null}, {tpid: "grlSP14Glv", clid: null}, {tpid: "girlDcrClnGlmr", clid: "9"}, {tpid: "grlSP14Hat", clid: null}, {tpid: "hspGRtrOvr", clid: null}, {tpid: "girlCtHp", clid: null}]}, ci: {as: null, plcmt: {}, crst: 0, rpt: 0, pamns: {amn: []}, crt: 17195, lgt: 0, lrnt: 0, lvt: 1578577728, vexp: 1965298000, vip: true, vsexp: 1965298000, vsact: true, fak: null, lwts: 0, vret: 0, shcr: true, skid: null, vfgc: 0, gtrfrd: 0, actrp: 0, ceid: 0, strfrd: 0, hrt: 274, skrt: 0, fexp: 0, bcld: 0, cmid: 0, kyktid: null, ys: 0, actrt: 0, trid: "familyDay2016", spp: 0, trcd: 0, tts: null, compid: 0, dr: true, eml: null, sbid: null, sbrt: 0, gdc: 0, actrd: 0, exp: 85800, shousd: false, ysct: 0, rtrtm: 0}, apprnc: {fac: 1, pt: 0, fft: 7, rc: 1, mt: 27, pc: 1, bt: 0, ec: 26, mc: 10, ss: 0, brt: 26, g: 2, ht: 124, rg: 0, nct: 0, shc: 19, n: "alliko", sc: 1, hc: 23, sh: 1, ssc: 1, brc: 1, et: 34, fat: 0, bc: 1}}, {uid: "21", mbm: {ac: null, sk: "blackMobileSkin"}, pf: {pf: {jntr: {pgs: 0, l: 20, tp: "jntr"}, grdnr: {pgs: 0, l: 20, tp: "grdnr"}, vsgst: {pgs: 0, l: 20, tp: "vsgst"}, phtghr: {pgs: 0, l: 20, tp: "phtghr"}}}, usrinf: {rl: 0}, clths: {clths: [{tpid: "grlDrlBkrOvr", clid: null}, {tpid: "gSMR14TSht2", clid: null}, {tpid: "sphrAvgrlDcr", clid: null}, {tpid: "gSMR14Shs1", clid: null}, {tpid: "gSMR14Brcl1", clid: null}, {tpid: "gSMR14Stck1", clid: null}, {tpid: "gSMR14Tto1", clid: null}, {tpid: "gFRY14Pdt1", clid: null}, {tpid: "gSMR14Nckl1", clid: null}, {tpid: "gSMRCoat1", clid: null}, {tpid: "gSMR14Ear1", clid: null}, {tpid: "gSMR14Bag1", clid: null}, {tpid: "csl15GScnGlv", clid: null}, {tpid: "gSMR14Rim2", clid: null}, {tpid: "gSMR14Skrt1", clid: null}]}, ci: {as: null, plcmt: {}, crst: 0, rpt: 0, pamns: {amn: []}, crt: 52056, lgt: 0, lrnt: 0, lvt: 1578577038, vexp: 1965298000, vip: true, vsexp: 1965298000, vsact: true, fak: null, lwts: 0, vret: 0, shcr: true, skid: null, vfgc: 0, gtrfrd: 0, actrp: 0, ceid: 0, strfrd: 0, hrt: 374, skrt: 0, fexp: 0, bcld: 0, cmid: 0, kyktid: null, ys: 0, actrt: 0, trid: null, spp: 0, trcd: 0, tts: null, compid: 0, dr: true, eml: null, sbid: null, sbrt: 0, gdc: 0, actrd: 0, exp: 85800, shousd: false, ysct: 0, rtrtm: 0}, apprnc: {fac: 1, pt: 0, fft: 0, rc: 1, mt: 6, pc: 1, bt: 0, ec: 4, mc: 4, ss: 0, brt: 4, g: 2, ht: 106, rg: 0, nct: 0, shc: 1, n: "lipsius", sc: 1, hc: 6, sh: 0, ssc: 1, brc: 2, et: 3, fat: 0, bc: 1}}, {uid: "26", mbm: {ac: null, sk: "blackMobileSkin"}, pf: {pf: {jntr: {pgs: 0, l: 20, tp: "jntr"}, grdnr: {pgs: 0, l: 20, tp: "grdnr"}, vsgst: {pgs: 0, l: 20, tp: "vsgst"}, phtghr: {pgs: 0, l: 20, tp: "phtghr"}}}, usrinf: {rl: 0}, clths: {clths: [{tpid: "boyDrlCookOvr", clid: null}, {tpid: "boySMR14Hdpns", clid: null}, {tpid: "boySMR14Sh4", clid: null}, {tpid: "boySMR14TShirt3", clid: null}, {tpid: "boySP14Glv", clid: null}, {tpid: "boySMR14Pants2", clid: null}, {tpid: "east15NjScf", clid: null}, {tpid: "boySMR14Gls2", clid: null}, {tpid: "boyDrlCookHat", clid: null}, {tpid: "boyErrFrog", clid: null}, {tpid: "boySMR14Jckt2", clid: null}, {tpid: "gstrBBssPdt", clid: null}]}, ci: {as: null, plcmt: {}, crst: 0, rpt: 0, pamns: {amn: []}, crt: 36209, lgt: 0, lrnt: 0, lvt: 1578577062, vexp: 1965298000, vip: true, vsexp: 1965298000, vsact: true, fak: null, lwts: 0, vret: 0, shcr: true, skid: null, vfgc: 0, gtrfrd: 0, actrp: 0, ceid: 0, strfrd: 0, hrt: 374, skrt: 0, fexp: 0, bcld: 0, cmid: 0, kyktid: null, ys: 0, actrt: 0, trid: null, spp: 0, trcd: 0, tts: null, compid: 0, dr: true, eml: null, sbid: null, sbrt: 0, gdc: 0, actrd: 0, exp: 85800, shousd: false, ysct: 0, rtrtm: 0}, apprnc: {fac: 1, pt: 0, fft: 0, rc: 1, mt: 21, pc: 1, bt: 0, ec: 5, mc: 4, ss: 0, brt: 3, g: 1, ht: 85, rg: 0, nct: 0, shc: 1, n: "Ṧªτªη", sc: 1, hc: 1, sh: 0, ssc: 1, brc: 5, et: 19, fat: 0, bc: 1}}], clid: "userTop"}]
Thu Jan 9 16:51:14 GMT+0300 2020 [INFO] Client said: 34: [null, "pl.gid", {uids: ["8", "20", "21", "26"], clid: "userTop"}]
Thu Jan 9 16:51:03 GMT+0300 2020 [INFO] Client said: 34: ["house_28_livingroom", "h.r.u", {uid: "28", x: 2.7, y: 4.2, st: 23, at: "", d: 6}]
Thu Jan 9 16:51:02 GMT+0300 2020 [INFO] Client said: 34: ["house_28_livingroom", "h.r.m", {uid: "28", sy: 5.56, dx: 2.7, dy: 4.2, sx: 5.44}]
Thu Jan 9 16:51:02 GMT+0300 2020 [INFO] Client said: 34: ["house_28_livingroom", "h.r.u", {uid: "28", x: 5.44, y: 5.56, st: 23, at: "", d: 0}]
Thu Jan 9 16:51:01 GMT+0300 2020 [INFO] Client said: 34: ["house_28_livingroom", "h.r.m", {uid: "28", sy: 6.5, dx: 5.44, dy: 5.56, sx: 5.19}]
Thu Jan 9 16:50:55 GMT+0300 2020 [INFO] Client said: 34: ["house_28_livingroom", "h.r.u", {uid: "28", x: 5.19, y: 6.5, st: 23, at: "", d: 0}]
Thu Jan 9 16:50:51 GMT+0300 2020 [INFO] Client said: 34: ["house_28_livingroom", "h.r.m", {uid: "28", sy: 7.69, dx: 5.19, dy: 6.5, sx: 7.56}]
Thu Jan 9 16:50:37 GMT+0300 2020 [INFO] Client said: 34: ["house_28_livingroom", "h.r.u", {uid: "28", x: 7.56, y: 7.69, st: 23, at: "", d: 3}]