ClientError: Thu Jan 9 19:21:22 GMT+0500 2020 [CRITICAL] [salon] *Uncaught Error* ErrorId: 1009 ErrorName: TypeError ErrorMessage:Error #1009 ErrorStackTrace:TypeError: Error #1009
	at _-0eV::RoomMemberContainer/addAvatar()
	at _-PQ::BaseRoomScreen/addAvatar()
	at _-PQ::BaseRoomScreen/onRefreshAvatar()
	at flash.events::EventDispatcher/dispatchEvent()
	at _-2CM::BaseRoomNetManager/onRefreshAvatar()
	at flash.events::EventDispatcher/dispatchEvent()
	at ags::_-2t/_-2dI()
	at flash.events::EventDispatcher/dispatchEvent()
	at _-0en::_-0O8/_-1LF()
	at _-0en::_-0O8/execute()
	at ags::AGSClient/_-0i9()
	at ags::AGSClient/_-2ZF()
	at ags::AGSClient/_-2Ea()
Thu Jan 9 19:21:22 GMT+0500 2020 [INFO] Server said: 34: ["o.r.ra", {plr: {usrinf: {rl: 0}, locinfo: {x: 8.59, shlc: true, l: "salon_sn1_1", y: 10.09, pl: "", s: "127.0.0.1", at: "", d: 4, st: 23}, mbm: {sk: "blackMobileSkin", ac: null}, clths: {clths: [{tpid: "boyGlssNY20Gld", clid: null}, {tpid: "boyPldJckt", clid: null}, {tpid: "boyPldTShrt", clid: null}, {tpid: "boyPldBts", clid: null}, {tpid: "boyPldPnts", clid: null}]}, pf: {pf: {jntr: {tp: "jntr", pgs: 0, l: 20}, phtghr: {tp: "phtghr", pgs: 0, l: 20}, grdnr: {tp: "grdnr", pgs: 0, l: 20}, vsgst: {tp: "vsgst", pgs: 0, l: 20}}}, apprnc: {mt: 16, pt: 0, brc: 1, fat: 0, ec: 20, rg: 0, g: 1, hc: 1, et: 23, rc: 1, fac: 1, bt: 0, ss: 0, pc: 1, nct: 0, fft: 7, mc: 2, brt: 24, n: "  ЭТОСАМОЕ", shc: 1, bc: 1, sc: 1, ssc: 1, ht: 74, sh: 0}, ci: {lvt: 1578579201, sbrt: 0, cmid: 0, ys: 0, vsexp: 1965298000, gdc: 0, lrnt: 0, shcr: true, skid: null, as: null, vfgc: 0, lwts: 0, ceid: 0, eml: null, trid: null, shousd: false, actrt: 0, kyktid: null, vret: 0, rpt: 0, actrd: 0, tts: null, vsact: true, actrp: 0, bcld: 0, strfrd: 0, skrt: 0, rtrtm: 0, gtrfrd: 0, ysct: 0, hrt: 174, trcd: 0, spp: 0, vexp: 1965298000, crst: 0, crt: 717, vip: true, plcmt: {}, exp: 85800, pamns: {amn: []}, compid: 0, fexp: 0, fak: null, sbid: null, dr: true, lgt: 0}, uid: "208"}}]
Thu Jan 9 19:21:22 GMT+0500 2020 [INFO] Server said: 16: ["salon_sn1_1", "237"]
Thu Jan 9 19:21:22 GMT+0500 2020 [INFO] Server said: 34: ["o.r.jn", {plr: {usrinf: {rl: 0}, locinfo: {x: -1, shlc: true, l: "salon_sn1_1", y: -1, pl: "", s: "127.0.0.1", at: "", d: 4, st: 0}, mbm: {sk: "blackMobileSkin", ac: null}, clths: {clths: [{tpid: "girlHdbndCt", clid: null}, {tpid: "girlKgrmCt", clid: null}, {tpid: "girlShoes14", clid: null}, {tpid: "girlPants9", clid: null}, {tpid: "girlShirt12", clid: null}]}, pf: {pf: {jntr: {tp: "jntr", pgs: 0, l: 20}, phtghr: {tp: "phtghr", pgs: 0, l: 20}, grdnr: {tp: "grdnr", pgs: 0, l: 20}, vsgst: {tp: "vsgst", pgs: 0, l: 20}}}, apprnc: {mt: 2, pt: 0, brc: 3, fat: 0, ec: 3, rg: 0, g: 2, hc: 1, et: 1, rc: 1, fac: 1, bt: 0, ss: 0, pc: 1, nct: 0, fft: 0, mc: 2, brt: 1, n: "Екатеритзе20", shc: 1, bc: 1, sc: 1, ssc: 1, ht: 130, sh: 0}, ci: {lvt: 1578579646, sbrt: 0, cmid: 0, ys: 0, vsexp: 1965298000, gdc: 0, lrnt: 0, shcr: true, skid: null, as: null, vfgc: 0, lwts: 0, ceid: 0, eml: null, trid: null, shousd: false, actrt: 0, kyktid: null, vret: 0, rpt: 0, actrd: 0, tts: null, vsact: true, actrp: 0, bcld: 0, strfrd: 0, skrt: 0, rtrtm: 0, gtrfrd: 0, ysct: 0, hrt: 174, trcd: 0, spp: 0, vexp: 1965298000, crst: 0, crt: 393, vip: true, plcmt: {}, exp: 85800, pamns: {amn: []}, compid: 0, fexp: 0, fak: null, sbid: null, dr: true, lgt: 0}, uid: "237"}}]
Thu Jan 9 19:21:21 GMT+0500 2020 [INFO] Client said: 34: ["salon_sn1_1", "o.r.info", {rid: "sn1"}]
Thu Jan 9 19:21:21 GMT+0500 2020 [INFO] Server said: 34: ["o.gr", {rid: "salon_sn1_1"}]
Thu Jan 9 19:21:21 GMT+0500 2020 [INFO] Server said: 16: ["salon_sn1_1", "130"]
Thu Jan 9 19:21:21 GMT+0500 2020 [INFO] Server said: 34: ["o.r.u", {x: 11.59, y: 15.53, at: "", d: 6, st: 23, uid: "260"}]
Thu Jan 9 19:21:21 GMT+0500 2020 [INFO] Server said: 34: ["o.r.jn", {plr: {usrinf: {rl: 0}, locinfo: {x: -1, shlc: true, l: "salon_sn1_1", y: -1, pl: "", s: "127.0.0.1", at: "", d: 4, st: 0}, mbm: {sk: "blackMobileSkin", ac: null}, clths: {clths: [{tpid: "girlNY20VKGiftPllvDr", clid: null}, {tpid: "girlGlssYllw", clid: null}, {tpid: "girlNY20VKGiftHtPngv", clid: null}, {tpid: "girlBtsJpn2", clid: null}, {tpid: "girlPntsNY20Gld", clid: null}]}, pf: {pf: {jntr: {tp: "jntr", pgs: 0, l: 20}, phtghr: {tp: "phtghr", pgs: 0, l: 20}, grdnr: {tp: "grdnr", pgs: 0, l: 20}, vsgst: {tp: "vsgst", pgs: 0, l: 20}}}, apprnc: {mt: 2, pt: 0, brc: 5, fat: 0, ec: 1, rg: 0, g: 2, hc: 7, et: 6, rc: 1, fac: 1, bt: 0, ss: 0, pc: 1, nct: 0, fft: 0, mc: 4, brt: 28, n: "Секси Бейба", shc: 1, bc: 1, sc: 1, ssc: 1, ht: 127, sh: 0}, ci: {lvt: 1578579578, sbrt: 0, cmid: 0, ys: 0, vsexp: 1965298000, gdc: 0, lrnt: 0, shcr: true, skid: null, as: null, vfgc: 0, lwts: 0, ceid: 0, eml: null, trid: null, shousd: false, actrt: 0, kyktid: null, vret: 0, rpt: 0, actrd: 0, tts: null, vsact: true, actrp: 0, bcld: 0, strfrd: 0, skrt: 0, rtrtm: 0, gtrfrd: 0, ysct: 0, hrt: 183, trcd: 0, spp: 0, vexp: 1965298000, crst: 0, crt: 568, vip: true, plcmt: {}, exp: 85800, pamns: {amn: []}, compid: 0, fexp: 0, fak: null, sbid: null, dr: true, lgt: 0}, uid: "130"}}]
Thu Jan 9 19:21:20 GMT+0500 2020 [INFO] Server said: 34: ["o.r.m", {sx: 13.91, dy: 15.53, dx: 11.59, sy: 12.28, uid: "260"}]
Thu Jan 9 19:21:20 GMT+0500 2020 [INFO] Server said: 34: ["o.r.u", {x: 13.91, y: 12.28, at: "", d: 0, st: 23, uid: "260"}]
Thu Jan 9 19:21:19 GMT+0500 2020 [INFO] Server said: 34: ["o.r.m", {sx: 12.61, dy: 12.28, dx: 13.91, sy: 14.92, uid: "260"}]
Thu Jan 9 19:21:19 GMT+0500 2020 [INFO] Server said: 34: ["o.r.u", {uid: "123", x: 15.5, d: 4, st: 0, y: 1.5}]
Thu Jan 9 19:21:18 GMT+0500 2020 [INFO] Server said: 34: ["o.r.ra", {plr: {usrinf: {rl: 0}, locinfo: {x: 8.59, shlc: true, l: "salon_sn1_1", y: 10.09, pl: "", s: "127.0.0.1", at: "", d: 4, st: 23}, mbm: {sk: "blackMobileSkin", ac: null}, clths: {clths: [{tpid: "boyGlssNY20Gld", clid: null}, {tpid: "boyPldJckt", clid: null}, {tpid: "boyPldTShrt", clid: null}, {tpid: "boyPldBts", clid: null}, {tpid: "boyPldPnts", clid: null}]}, pf: {pf: {jntr: {tp: "jntr", pgs: 0, l: 20}, phtghr: {tp: "phtghr", pgs: 0, l: 20}, grdnr: {tp: "grdnr", pgs: 0, l: 20}, vsgst: {tp: "vsgst", pgs: 0, l: 20}}}, apprnc: {mt: 16, pt: 0, brc: 1, fat: 0, ec: 20, rg: 0, g: 1, hc: 1, et: 23, rc: 1, fac: 1, bt: 0, ss: 0, pc: 1, nct: 0, fft: 7, mc: 2, brt: 24, n: "  ЭТОСАМОЕ", shc: 1, bc: 1, sc: 1, ssc: 1, ht: 74, sh: 0}, ci: {lvt: 1578579201, sbrt: 0, cmid: 0, ys: 0, vsexp: 1965298000, gdc: 0, lrnt: 0, shcr: true, skid: null, as: null, vfgc: 0, lwts: 0, ceid: 0, eml: null, trid: null, shousd: false, actrt: 0, kyktid: null, vret: 0, rpt: 0, actrd: 0, tts: null, vsact: true, actrp: 0, bcld: 0, strfrd: 0, skrt: 0, rtrtm: 0, gtrfrd: 0, ysct: 0, hrt: 174, trcd: 0, spp: 0, vexp: 1965298000, crst: 0, crt: 717, vip: true, plcmt: {}, exp: 85800, pamns: {amn: []}, compid: 0, fexp: 0, fak: null, sbid: null, dr: true, lgt: 0}, uid: "208"}}]
Thu Jan 9 19:21:18 GMT+0500 2020 [INFO] Server said: 17: ["salon_sn1_1", "264"]
Thu Jan 9 19:21:18 GMT+0500 2020 [INFO] Server said: 34: ["o.r.lv", {uid: "264"}]
Thu Jan 9 19:21:18 GMT+0500 2020 [INFO] Server said: 34: ["o.r.u", {x: 12.61, y: 14.92, at: "", d: 5, st: 23, uid: "260"}]
Thu Jan 9 19:21:17 GMT+0500 2020 [INFO] Server said: 34: ["o.r.m", {sx: 13.48, dy: 14.92, dx: 12.61, sy: 13.73, uid: "260"}]
Thu Jan 9 19:20:39 GMT+0500 2020 [INFO] Client said: 34: [null, "o.gr", {lid: "salon", gid: "sn1"}]
Thu Jan 9 19:20:39 GMT+0500 2020 [INFO] Loaded  LoadingItem(url: http://62.113.113.58:8080/files/swf/Salon_1fe14ef0cdf189794ef74d591993d3f5.swf, status: 2) 
Thu Jan 9 19:20:38 GMT+0500 2020 [INFO] Client said: 17: ["park_p1e_70"]
Thu Jan 9 19:20:34 GMT+0500 2020 [INFO] Client said: 34: ["park_p1e_70", "o.r.u", {x: 13.14, y: 19.08, at: "", d: 0, st: 23, uid: "130"}]
Thu Jan 9 19:20:33 GMT+0500 2020 [INFO] Client said: 34: ["park_p1e_70", "o.r.m", {sx: 14.61, dy: 19.08, dx: 13.14, sy: 18.23, uid: "130"}]
Thu Jan 9 19:20:30 GMT+0500 2020 [INFO] Server said: 34: ["o.r.ra", {plr: {usrinf: {rl: 0}, locinfo: {x: 14.61, shlc: true, l: "park_p1e_70", y: 18.23, pl: "", s: "127.0.0.1", at: "", d: 4, st: 23}, mbm: {sk: "blackMobileSkin", ac: null}, clths: {clths: [{tpid: "girlNY20VKGiftPllvDr", clid: null}, {tpid: "girlGlssYllw", clid: null}, {tpid: "girlNY20VKGiftHtPngv", clid: null}, {tpid: "girlBtsJpn2", clid: null}, {tpid: "girlPntsNY20Gld", clid: null}]}, pf: {pf: {jntr: {tp: "jntr", pgs: 0, l: 20}, phtghr: {tp: "phtghr", pgs: 0, l: 20}, grdnr: {tp: "grdnr", pgs: 0, l: 20}, vsgst: {tp: "vsgst", pgs: 0, l: 20}}}, apprnc: {mt: 2, pt: 0, brc: 5, fat: 0, ec: 1, rg: 0, g: 2, hc: 7, et: 6, rc: 1, fac: 1, bt: 0, ss: 0, pc: 1, nct: 0, fft: 0, mc: 4, brt: 28, n: "Секси Бейба", shc: 1, bc: 1, sc: 1, ssc: 1, ht: 127, sh: 0}, ci: {lvt: 1578579578, sbrt: 0, cmid: 0, ys: 0, vsexp: 1965298000, gdc: 0, lrnt: 0, shcr: true, skid: null, as: null, vfgc: 0, lwts: 0, ceid: 0, eml: null, trid: null, shousd: false, actrt: 0, kyktid: null, vret: 0, rpt: 0, actrd: 0, tts: null, vsact: true, actrp: 0, bcld: 0, strfrd: 0, skrt: 0, rtrtm: 0, gtrfrd: 0, ysct: 0, hrt: 183, trcd: 0, spp: 0, vexp: 1965298000, crst: 0, crt: 568, vip: true, plcmt: {}, exp: 85800, pamns: {amn: []}, compid: 0, fexp: 0, fak: null, sbid: null, dr: true, lgt: 0}, uid: "130"}}]
Thu Jan 9 19:20:29 GMT+0500 2020 [INFO] Client said: 34: ["park_p1e_70", "o.r.ra", {}]
Thu Jan 9 19:20:29 GMT+0500 2020 [INFO] Server said: 34: ["a.apprnc.rnn", {res: {enrg: 500, slvr: 5100, emd: 0, gld: 2555}, unm: "Секси Бейба"}]
Thu Jan 9 19:20:29 GMT+0500 2020 [INFO] Client said: 34: [null, "a.apprnc.rnn", {unm: "Секси Бейба"}]
Thu Jan 9 19:20:08 GMT+0500 2020 [INFO] Client said: 34: ["park_p1e_70", "o.r.u", {x: 14.61, y: 18.23, at: "", d: 1, st: 23, uid: "130"}]
Thu Jan 9 19:20:08 GMT+0500 2020 [INFO] Client said: 34: ["park_p1e_70", "o.r.m", {sx: 13.11, dy: 18.23, dx: 14.61, sy: 19.98, uid: "130"}]
Thu Jan 9 19:20:07 GMT+0500 2020 [INFO] Client said: 34: ["park_p1e_70", "o.r.u", {x: 13.11, y: 19.98, at: "", d: 4, st: 23, uid: "130"}]
Thu Jan 9 19:20:07 GMT+0500 2020 [INFO] Client said: 34: ["park_p1e_70", "o.r.m", {sx: 13.17, dy: 19.98, dx: 13.11, sy: 19.48, uid: "130"}]
Thu Jan 9 19:20:06 GMT+0500 2020 [INFO] Client said: 34: ["park_p1e_70", "o.r.u", {x: 13.17, y: 19.48, at: "", d: 7, st: 23, uid: "130"}]
Thu Jan 9 19:20:05 GMT+0500 2020 [INFO] Client said: 34: ["park_p1e_70", "o.r.m", {sx: 15.25, dy: 19.48, dx: 13.17, sy: 20.44, uid: "130"}]
Thu Jan 9 19:20:03 GMT+0500 2020 [INFO] Server said: 34: ["cp.cht.sm", {rid: "park_p1e_70", msg: {tag: null, sid: "130", msg: "привет", tp: "chatTextMessage", mid: null, cid: null}}]
Thu Jan 9 19:20:03 GMT+0500 2020 [INFO] Client said: 34: [null, "cp.cht.sm", {rid: "park_p1e_70", msg: {tag: null, sid: "130", msg: "привет", tp: "chatTextMessage", mid: null, cid: null}}]
Thu Jan 9 19:20:02 GMT+0500 2020 [INFO] Server said: 34: ["cp.cht.sm", {rid: "park_p1e_70", msg: {tp: "chatTypingMessage", sid: "130", cid: null}}]
Thu Jan 9 19:20:02 GMT+0500 2020 [INFO] Client said: 34: [null, "cp.cht.sm", {rid: "park_p1e_70", msg: {tp: "chatTypingMessage", sid: "130", cid: null}}]
Thu Jan 9 19:20:01 GMT+0500 2020 [INFO] Server said: 17: ["park_p1e_70", "70"]
Thu Jan 9 19:20:01 GMT+0500 2020 [INFO] Server said: 34: ["o.r.lv", {uid: "70"}]