ClientError: Thu Jan 9 20:56:24 GMT+0700 2020 [CRITICAL] [house] *Uncaught Error* ErrorId: 1010 ErrorName: TypeError ErrorMessage:Error #1010 ErrorStackTrace:TypeError: Error #1010
	at _-1u9::URL/parse()
	at _-1u9::URL()
	at _-18R::LoadingItem()
	at _-18R::SWFLoadingItem()
	at _-0bS::MassLoader/add()
	at _-0bS::MassLoader/_-2R5()
	at flash.events::EventDispatcher/dispatchEvent()
	at _-18R::LoadingItem/_-1Iu()
	at _-18R::LoadingItem/onError()
	at _-18R::SWFLoadingItem/onError()
	at flash.events::EventDispatcher/dispatchEvent()
	at flash.net::URLLoader/onComplete()
Thu Jan 9 20:56:22 GMT+0700 2020 [INFO] Server said: 34: ["ntf.res", {res: {gld: 54485, enrg: 500, emd: 0, slvr: 53500}}]
Thu Jan 9 20:56:21 GMT+0700 2020 [INFO] Server said: 34: ["ntf.inv", {it: {c: 1, iid: "", tid: "pnRmWll"}}]
Thu Jan 9 20:56:21 GMT+0700 2020 [INFO] Client said: 34: [null, "frn.buy", {pind: 2, cnt: 1, tpid: "pnRmWll"}]
Thu Jan 9 20:56:20 GMT+0700 2020 [INFO] Server said: 34: ["ntf.res", {res: {gld: 54485, enrg: 500, emd: 0, slvr: 60000}}]
Thu Jan 9 20:56:20 GMT+0700 2020 [INFO] Server said: 34: ["ntf.inv", {it: {c: 1, iid: "", tid: "pnRmFlr"}}]
Thu Jan 9 20:56:20 GMT+0700 2020 [INFO] Client said: 34: [null, "frn.buy", {pind: 1, cnt: 1, tpid: "pnRmFlr"}]
Thu Jan 9 20:56:04 GMT+0700 2020 [INFO] Client said: 34: ["house_84_livingroom", "h.r.u", {x: 1.61, y: 11.5, at: "", uid: "84", st: 23, d: 6}]
Thu Jan 9 20:56:01 GMT+0700 2020 [INFO] Client said: 34: ["house_84_livingroom", "h.r.m", {sy: 7.18, uid: "84", sx: 8.26, dx: 1.61, dy: 11.5}]
Thu Jan 9 20:56:00 GMT+0700 2020 [INFO] Client said: 34: ["house_84_livingroom", "h.r.m", {sy: 10.72, uid: "84", sx: 4.72, dx: 11.5, dy: 3.06}]
Thu Jan 9 20:55:39 GMT+0700 2020 [INFO] Server said: 34: ["h.r.ra", {plr: {apprnc: {hc: 4, sh: 0, et: 5, mt: 7, g: 2, fac: 1, fft: 0, rc: 1, pt: 0, ss: 0, brt: 28, pc: 1, bt: 0, shc: 1, nct: 0, ht: 123, brc: 2, mc: 4, rg: 0, n: "Математичка", bc: 1, sc: 2, ec: 5, ssc: 1, fat: 0}, ci: {lgt: 0, trcd: 0, sbrt: 0, ysct: 0, sbid: null, shousd: false, vexp: 1965298000, fak: null, vsexp: 1965298000, shcr: true, plcmt: {}, as: null, vsact: true, gtrfrd: 0, pamns: {amn: []}, lvt: 1578577796, ys: 0, strfrd: 0, crst: 0, lrnt: 0, vfgc: 0, rtrtm: 0, vret: 0, fexp: 0, ceid: 0, kyktid: null, skid: null, vip: true, actrt: 0, lwts: 0, hrt: 174, dr: true, compid: 0, crt: 261, cmid: 0, bcld: 0, exp: 85800, actrp: 0, skrt: 0, rpt: 0, trid: "freelanceMicrophone", tts: null, actrd: 0, spp: 0, gdc: 0, eml: null}, locinfo: {l: "house_84_livingroom", x: 4.72, pl: "", y: 10.72, s: "127.0.0.1", at: "", st: 23, d: 4, shlc: true}, clths: {clths: [{clid: null, tpid: "girlPntsNY20Nght"}, {clid: null, tpid: "gShsPsln7"}, {clid: null, tpid: "girlTShrtWnt19Pnk"}]}, usrinf: {rl: 0}, uid: "84", pf: {pf: {grdnr: {tp: "grdnr", l: 20, pgs: 0}, vsgst: {tp: "vsgst", l: 20, pgs: 0}, phtghr: {tp: "phtghr", l: 20, pgs: 0}, jntr: {tp: "jntr", l: 20, pgs: 0}}}, mbm: {ac: null, sk: "blackMobileSkin"}}}]
Thu Jan 9 20:55:39 GMT+0700 2020 [INFO] Client said: 34: ["house_84_livingroom", "h.r.ra", {}]
Thu Jan 9 20:55:39 GMT+0700 2020 [INFO] Server said: 34: ["a.clths.buy", {inv: {c: {lt: {id: "lt", it: []}, cls: {id: "cls", it: [{c: 1, iid: "", tid: "girlUnderdress1"}, {c: 1, iid: "", tid: "girlUnderdress2"}, {c: 1, iid: "", tid: "girlShirt12"}, {c: 1, iid: "", tid: "girlPants9"}, {c: 1, iid: "", tid: "girlShoes14"}]}, act: {id: "act", it: []}, gm: {id: "gm", it: [{c: 1, iid: "", tid: "blackMobileSkin"}]}, frn: {id: "frn", it: []}}}, ccltn: {cn: "", ctp: "casual", cct: ["girlPntsNY20Nght", "gShsPsln7", "girlTShrtWnt19Pnk"]}, crt: 261, res: {gld: 54505, emd: 0, enrg: 500, slvr: 60000}, clths: {clths: [{clid: null, tpid: "girlPntsNY20Nght"}, {clid: null, tpid: "gShsPsln7"}, {clid: null, tpid: "girlTShrtWnt19Pnk"}]}}]
Thu Jan 9 20:55:38 GMT+0700 2020 [INFO] Client said: 34: [null, "a.clths.buy", {pind: 1, ctp: "casual", tpid: "gShsPsln7"}]
Thu Jan 9 20:55:16 GMT+0700 2020 [INFO] Server said: 34: ["h.r.ra", {plr: {apprnc: {hc: 4, sh: 0, et: 5, mt: 7, g: 2, fac: 1, fft: 0, rc: 1, pt: 0, ss: 0, brt: 28, pc: 1, bt: 0, shc: 1, nct: 0, ht: 123, brc: 2, mc: 4, rg: 0, n: "Математичка", bc: 1, sc: 2, ec: 5, ssc: 1, fat: 0}, ci: {lgt: 0, trcd: 0, sbrt: 0, ysct: 0, sbid: null, shousd: false, vexp: 1965298000, fak: null, vsexp: 1965298000, shcr: true, plcmt: {}, as: null, vsact: true, gtrfrd: 0, pamns: {amn: []}, lvt: 1578577796, ys: 0, strfrd: 0, crst: 0, lrnt: 0, vfgc: 0, rtrtm: 0, vret: 0, fexp: 0, ceid: 0, kyktid: null, skid: null, vip: true, actrt: 0, lwts: 0, hrt: 174, dr: true, compid: 0, crt: 203, cmid: 0, bcld: 0, exp: 85800, actrp: 0, skrt: 0, rpt: 0, trid: "freelanceMicrophone", tts: null, actrd: 0, spp: 0, gdc: 0, eml: null}, locinfo: {l: "house_84_livingroom", x: 4.72, pl: "", y: 10.72, s: "127.0.0.1", at: "", st: 23, d: 4, shlc: true}, clths: {clths: [{clid: null, tpid: "girlPntsNY20Nght"}, {clid: null, tpid: "girlShoes14"}, {clid: null, tpid: "girlTShrtWnt19Pnk"}]}, usrinf: {rl: 0}, uid: "84", pf: {pf: {grdnr: {tp: "grdnr", l: 20, pgs: 0}, vsgst: {tp: "vsgst", l: 20, pgs: 0}, phtghr: {tp: "phtghr", l: 20, pgs: 0}, jntr: {tp: "jntr", l: 20, pgs: 0}}}, mbm: {ac: null, sk: "blackMobileSkin"}}}]
Thu Jan 9 20:55:16 GMT+0700 2020 [INFO] Client said: 34: ["house_84_livingroom", "h.r.ra", {}]
Thu Jan 9 20:55:16 GMT+0700 2020 [INFO] Server said: 34: ["a.clths.buy", {inv: {c: {lt: {id: "lt", it: []}, cls: {id: "cls", it: [{c: 1, iid: "", tid: "girlUnderdress1"}, {c: 1, iid: "", tid: "girlUnderdress2"}, {c: 1, iid: "", tid: "girlShirt12"}, {c: 1, iid: "", tid: "girlPants9"}]}, act: {id: "act", it: []}, gm: {id: "gm", it: [{c: 1, iid: "", tid: "blackMobileSkin"}]}, frn: {id: "frn", it: []}}}, ccltn: {cn: "", ctp: "casual", cct: ["girlPntsNY20Nght", "girlShoes14", "girlTShrtWnt19Pnk"]}, crt: 203, res: {gld: 54531, emd: 0, enrg: 500, slvr: 60000}, clths: {clths: [{clid: null, tpid: "girlPntsNY20Nght"}, {clid: null, tpid: "girlShoes14"}, {clid: null, tpid: "girlTShrtWnt19Pnk"}]}}]
Thu Jan 9 20:55:16 GMT+0700 2020 [INFO] Client said: 34: [null, "a.clths.buy", {pind: 1, ctp: "casual", tpid: "girlPntsNY20Nght"}]
Thu Jan 9 20:55:10 GMT+0700 2020 [INFO] Server said: 34: ["h.r.ra", {plr: {apprnc: {hc: 4, sh: 0, et: 5, mt: 7, g: 2, fac: 1, fft: 0, rc: 1, pt: 0, ss: 0, brt: 28, pc: 1, bt: 0, shc: 1, nct: 0, ht: 123, brc: 2, mc: 4, rg: 0, n: "Математичка", bc: 1, sc: 2, ec: 5, ssc: 1, fat: 0}, ci: {lgt: 0, trcd: 0, sbrt: 0, ysct: 0, sbid: null, shousd: false, vexp: 1965298000, fak: null, vsexp: 1965298000, shcr: true, plcmt: {}, as: null, vsact: true, gtrfrd: 0, pamns: {amn: []}, lvt: 1578577796, ys: 0, strfrd: 0, crst: 0, lrnt: 0, vfgc: 0, rtrtm: 0, vret: 0, fexp: 0, ceid: 0, kyktid: null, skid: null, vip: true, actrt: 0, lwts: 0, hrt: 174, dr: true, compid: 0, crt: 83, cmid: 0, bcld: 0, exp: 85800, actrp: 0, skrt: 0, rpt: 0, trid: "freelanceMicrophone", tts: null, actrd: 0, spp: 0, gdc: 0, eml: null}, locinfo: {l: "house_84_livingroom", x: 4.72, pl: "", y: 10.72, s: "127.0.0.1", at: "", st: 23, d: 4, shlc: true}, clths: {clths: [{clid: null, tpid: "girlShoes14"}, {clid: null, tpid: "girlPants9"}, {clid: null, tpid: "girlTShrtWnt19Pnk"}]}, usrinf: {rl: 0}, uid: "84", pf: {pf: {grdnr: {tp: "grdnr", l: 20, pgs: 0}, vsgst: {tp: "vsgst", l: 20, pgs: 0}, phtghr: {tp: "phtghr", l: 20, pgs: 0}, jntr: {tp: "jntr", l: 20, pgs: 0}}}, mbm: {ac: null, sk: "blackMobileSkin"}}}]
Thu Jan 9 20:55:10 GMT+0700 2020 [INFO] Client said: 34: ["house_84_livingroom", "h.r.ra", {}]
Thu Jan 9 20:55:10 GMT+0700 2020 [INFO] Server said: 34: ["a.clths.buy", {inv: {c: {lt: {id: "lt", it: []}, cls: {id: "cls", it: [{c: 1, iid: "", tid: "girlUnderdress1"}, {c: 1, iid: "", tid: "girlUnderdress2"}, {c: 1, iid: "", tid: "girlShirt12"}]}, act: {id: "act", it: []}, gm: {id: "gm", it: [{c: 1, iid: "", tid: "blackMobileSkin"}]}, frn: {id: "frn", it: []}}}, ccltn: {cn: "", ctp: "casual", cct: ["girlShoes14", "girlPants9", "girlTShrtWnt19Pnk"]}, crt: 83, res: {gld: 54571, emd: 0, enrg: 500, slvr: 60000}, clths: {clths: [{clid: null, tpid: "girlShoes14"}, {clid: null, tpid: "girlPants9"}, {clid: null, tpid: "girlTShrtWnt19Pnk"}]}}]
Thu Jan 9 20:55:09 GMT+0700 2020 [INFO] Client said: 34: [null, "a.clths.buy", {pind: 1, ctp: "casual", tpid: "girlTShrtWnt19Pnk"}]
Thu Jan 9 20:54:51 GMT+0700 2020 [INFO] Server said: 34: ["b.ingld", {ingld: 1500}]
Thu Jan 9 20:54:50 GMT+0700 2020 [INFO] Server said: 34: ["ntf.res", {res: {gld: 54600, enrg: 500, emd: 0, slvr: 60000}}]
Thu Jan 9 20:54:50 GMT+0700 2020 [INFO] [YandexMetrics.reachGoal] Call reach goal 'click_buy_product' for counter 31321471
Thu Jan 9 20:54:50 GMT+0700 2020 [INFO] Client said: 34: [null, "b.chkprchs", {pmnt: null, prid: "pack1500", qnt: 1}]
Thu Jan 9 20:54:49 GMT+0700 2020 [INFO] [YandexMetrics.reachGoal] Call reach goal 'show_payment_dialog' for counter 31321471
Thu Jan 9 20:54:46 GMT+0700 2020 [INFO] Server said: 34: ["b.ingld", {ingld: 1500}]
Thu Jan 9 20:54:46 GMT+0700 2020 [INFO] Server said: 34: ["ntf.res", {res: {gld: 53100, enrg: 500, emd: 0, slvr: 60000}}]
Thu Jan 9 20:54:46 GMT+0700 2020 [INFO] [YandexMetrics.reachGoal] Call reach goal 'click_buy_product' for counter 31321471
Thu Jan 9 20:54:46 GMT+0700 2020 [INFO] Client said: 34: [null, "b.chkprchs", {pmnt: null, prid: "pack1500", qnt: 1}]
Thu Jan 9 20:54:45 GMT+0700 2020 [INFO] [YandexMetrics.reachGoal] Call reach goal 'show_payment_dialog' for counter 31321471
Thu Jan 9 20:54:43 GMT+0700 2020 [INFO] Server said: 34: ["b.ingld", {ingld: 1500}]
Thu Jan 9 20:54:43 GMT+0700 2020 [INFO] Server said: 34: ["ntf.res", {res: {gld: 51600, enrg: 500, emd: 0, slvr: 60000}}]
Thu Jan 9 20:54:43 GMT+0700 2020 [INFO] [YandexMetrics.reachGoal] Call reach goal 'click_buy_product' for counter 31321471
Thu Jan 9 20:54:43 GMT+0700 2020 [INFO] Client said: 34: [null, "b.chkprchs", {pmnt: null, prid: "pack1500", qnt: 1}]
Thu Jan 9 20:54:42 GMT+0700 2020 [INFO] [YandexMetrics.reachGoal] Call reach goal 'show_payment_dialog' for counter 31321471
Thu Jan 9 20:54:40 GMT+0700 2020 [INFO] Server said: 34: ["b.ingld", {ingld: 1500}]
Thu Jan 9 20:54:40 GMT+0700 2020 [INFO] Server said: 34: ["ntf.res", {res: {gld: 50100, enrg: 500, emd: 0, slvr: 60000}}]