ClientError: Thu Jan 9 18:19:22 GMT+0400 2020 [CRITICAL] [house] *Uncaught Error* ErrorId: 1009 ErrorName: TypeError ErrorMessage:Error #1009 ErrorStackTrace:TypeError: Error #1009
	at MethodInfo-2()
	at flash.events::EventDispatcher/dispatchEvent()
	at _-jr::FurnitureLoader/_-2qc()
	at flash.events::EventDispatcher/dispatchEvent()
	at _-0bS::MassLoader/_-4Ql()
	at _-0bS::MassLoader/_-WZ()
	at flash.events::EventDispatcher/dispatchEvent()
	at _-18R::LoadingItem/onComplete()
	at _-18R::SWFLoadingItem/onComplete()
	at MethodInfo-7()
Thu Jan 9 18:19:22 GMT+0400 2020 [INFO] Loaded  LoadingItem(url: http://62.113.113.58:8080/files/swf/furniture/furniture/BedArtdeko.swf, status: 2) 
Thu Jan 9 18:18:46 GMT+0400 2020 [INFO] Server said: 34: ["h.r.rfr", {rm: {lev: 1, nm: "#livingRoom", f: [{x: 0, y: 0, z: 0, d: 3, lid: 1, tpid: "wall15"}, {x: 3, y: 0, z: 0, rid: "outside", d: 3, lid: 4, tpid: "door4"}, {x: 13, y: 0, z: 0, d: 5, lid: 2, tpid: "wall15"}, {x: 0, y: 0, z: 0, d: 5, lid: 3, tpid: "floor4"}], l: 13, w: 13}}]
Thu Jan 9 18:18:44 GMT+0400 2020 [INFO] Server said: 34: ["frn.save", {inv: {c: {cls: {id: "cls", it: [{tid: "boyNY15Tsht", iid: "", c: 1}, {tid: "boyUnderdress1", iid: "", c: 1}, {tid: "boyPants10", iid: "", c: 1}, {tid: "boyNY20VKGiftPllvCnd", iid: "", c: 1}, {tid: "boyShirt14", iid: "", c: 1}]}, gm: {id: "gm", it: [{tid: "blackMobileSkin", iid: "", c: 1}]}, frn: {id: "frn", it: []}, act: {id: "act", it: []}, lt: {id: "lt", it: []}}}, hs: {nm: "house", lev: 1, id: "livingroom", f: [{x: 0, y: 0, z: 0, d: 3, lid: 1, tpid: "wall15"}, {x: 3, y: 0, z: 0, rid: "outside", d: 3, lid: 4, tpid: "door4"}, {x: 13, y: 0, z: 0, d: 5, lid: 2, tpid: "wall15"}, {x: 0, y: 0, z: 0, d: 5, lid: 3, tpid: "floor4"}], l: 13, w: 13}, ci: {kyktid: null, strfrd: 0, pamns: {amn: []}, lgt: 0, fak: null, shcr: true, bcld: 0, actrt: 0, eml: null, crt: 953, spp: 0, vip: true, dr: true, rpt: 0, lwts: 0, compid: 0, vfgc: 0, ysct: 0, trid: null, tts: null, vsact: true, shousd: false, rtrtm: 0, ceid: 0, lrnt: 0, vexp: 1965298000, as: null, plcmt: {}, vsexp: 1965298000, hrt: 174, vret: 0, ys: 0, fexp: 0, trcd: 0, actrp: 0, cmid: 0, gdc: 0, crst: 0, skid: null, gtrfrd: 0, sbid: null, lvt: 1578582926, exp: 85800, skrt: 0, actrd: 0, sbrt: 0}}]
Thu Jan 9 18:18:42 GMT+0400 2020 [INFO] Client said: 34: ["house_293_livingroom", "h.r.u", {at: "", x: 7.66, y: 4.84, st: 23, d: 7, uid: "293"}]
Thu Jan 9 18:18:41 GMT+0400 2020 [INFO] Client said: 34: ["house_293_livingroom", "h.r.m", {dx: 7.66, sx: 8.89, dy: 4.84, uid: "293", sy: 5.39}]
Thu Jan 9 18:18:40 GMT+0400 2020 [INFO] Client said: 34: ["house_293_livingroom", "h.r.rfr", {}]
Thu Jan 9 18:18:40 GMT+0400 2020 [INFO] Server said: 34: ["frn.save", {inv: {c: {cls: {id: "cls", it: [{tid: "boyNY15Tsht", iid: "", c: 1}, {tid: "boyUnderdress1", iid: "", c: 1}, {tid: "boyPants10", iid: "", c: 1}, {tid: "boyNY20VKGiftPllvCnd", iid: "", c: 1}, {tid: "boyShirt14", iid: "", c: 1}]}, gm: {id: "gm", it: [{tid: "blackMobileSkin", iid: "", c: 1}]}, frn: {id: "frn", it: []}, act: {id: "act", it: []}, lt: {id: "lt", it: []}}}, hs: {nm: "house", lev: 1, id: "livingroom", f: [{x: 0, y: 0, z: 0, d: 3, lid: 1, tpid: "wall15"}, {x: 3, y: 0, z: 0, rid: "outside", d: 3, lid: 4, tpid: "door4"}, {x: 13, y: 0, z: 0, d: 5, lid: 2, tpid: "wall15"}, {x: 0, y: 0, z: 0, d: 5, lid: 3, tpid: "floor4"}], l: 13, w: 13}, ci: {kyktid: null, strfrd: 0, pamns: {amn: []}, lgt: 0, fak: null, shcr: true, bcld: 0, actrt: 0, eml: null, crt: 953, spp: 0, vip: true, dr: true, rpt: 0, lwts: 0, compid: 0, vfgc: 0, ysct: 0, trid: null, tts: null, vsact: true, shousd: false, rtrtm: 0, ceid: 0, lrnt: 0, vexp: 1965298000, as: null, plcmt: {}, vsexp: 1965298000, hrt: 174, vret: 0, ys: 0, fexp: 0, trcd: 0, actrp: 0, cmid: 0, gdc: 0, crst: 0, skid: null, gtrfrd: 0, sbid: null, lvt: 1578582926, exp: 85800, skrt: 0, actrd: 0, sbrt: 0}}]
Thu Jan 9 18:18:35 GMT+0400 2020 [INFO] Server said: 34: ["h.oinfo", {ath: false, hs: {lt: 0, r: [{nm: "Комната 3", lev: 2, id: "3", f: [{x: 0, y: 0, z: 0, d: 3, lid: 1, tpid: "wall15"}, {x: 3, y: 0, z: 0, rid: "outside", d: 3, lid: 4, tpid: "door4"}, {x: 13, y: 0, z: 0, d: 5, lid: 2, tpid: "wall15"}, {x: 0, y: 0, z: 0, d: 5, lid: 3, tpid: "floor4"}], l: 13, w: 13}, {nm: "Комната 5", lev: 2, id: "5", f: [{x: 0, y: 0, z: 0, d: 3, lid: 1, tpid: "wall15"}, {x: 3, y: 0, z: 0, rid: "outside", d: 3, lid: 4, tpid: "door4"}, {x: 13, y: 0, z: 0, d: 5, lid: 2, tpid: "wall15"}, {x: 0, y: 0, z: 0, d: 5, lid: 3, tpid: "floor4"}], l: 13, w: 13}, {nm: "Комната 2", lev: 2, id: "2", f: [{x: 0, y: 0, z: 0, d: 3, lid: 1, tpid: "wall15"}, {x: 3, y: 0, z: 0, rid: "outside", d: 3, lid: 4, tpid: "door4"}, {x: 13, y: 0, z: 0, d: 5, lid: 2, tpid: "wall15"}, {x: 0, y: 0, z: 0, d: 5, lid: 3, tpid: "floor4"}], l: 13, w: 13}, {nm: "Комната 1", lev: 2, id: "1", f: [{x: 0, y: 0, z: 0, d: 3, lid: 1, tpid: "wall15"}, {x: 3, y: 0, z: 0, rid: "outside", d: 3, lid: 4, tpid: "door4"}, {x: 13, y: 0, z: 0, d: 5, lid: 2, tpid: "wall15"}, {x: 0, y: 0, z: 0, d: 5, lid: 3, tpid: "floor4"}], l: 13, w: 13}, {nm: "#livingRoom", lev: 1, id: "livingroom", f: [{x: 0, y: 0, z: 0, d: 3, lid: 1, tpid: "wall15"}, {x: 3, y: 0, z: 0, rid: "outside", d: 3, lid: 4, tpid: "door4"}, {x: 13, y: 0, z: 0, d: 5, lid: 2, tpid: "wall15"}, {x: 0, y: 0, z: 0, d: 5, lid: 3, tpid: "floor4"}], l: 13, w: 13}, {nm: "Комната 4", lev: 2, id: "4", f: [{x: 0, y: 0, z: 0, d: 3, lid: 1, tpid: "wall15"}, {x: 3, y: 0, z: 0, rid: "outside", d: 3, lid: 4, tpid: "door4"}, {x: 13, y: 0, z: 0, d: 5, lid: 2, tpid: "wall15"}, {x: 0, y: 0, z: 0, d: 5, lid: 3, tpid: "floor4"}], l: 13, w: 13}]}, plr: {apprnc: {nct: 0, pt: 0, rc: 1, brt: 14, ssc: 1, bt: 0, g: 1, hc: 25, ss: 0, mt: 9, et: 23, sc: 1, n: "●●ßǻŧ®ůwkǻ●", ht: 87, ec: 12, fft: 2, brc: 2, shc: 1, pc: 1, rg: 0, mc: 24, fat: 0, fac: 1, bc: 1, sh: 0}, pf: {pf: {phtghr: {pgs: 0, tp: "phtghr", l: 20}, jntr: {pgs: 0, tp: "jntr", l: 20}, vsgst: {pgs: 0, tp: "vsgst", l: 20}, grdnr: {pgs: 0, tp: "grdnr", l: 20}}}, clths: {clths: [{clid: null, tpid: "boyShrtNY20Emr"}, {clid: null, tpid: "boyPntsFrog"}, {clid: null, tpid: "boyShoes8"}]}, mbm: {ac: null, sk: "blackMobileSkin"}, ci: {kyktid: null, strfrd: 0, pamns: {amn: []}, lgt: 0, fak: null, shcr: true, bcld: 0, actrt: 0, eml: null, crt: 953, spp: 0, vip: true, dr: true, rpt: 0, lwts: 0, compid: 0, vfgc: 0, ysct: 0, trid: null, tts: null, vsact: true, shousd: false, rtrtm: 0, ceid: 0, lrnt: 0, vexp: 1965298000, as: null, plcmt: {}, vsexp: 1965298000, hrt: 174, vret: 0, ys: 0, fexp: 0, trcd: 0, actrp: 0, cmid: 0, gdc: 0, crst: 0, skid: null, gtrfrd: 0, sbid: null, lvt: 1578582926, exp: 85800, skrt: 0, actrd: 0, sbrt: 0}, uid: "293", usrinf: {rl: 0}}}]
Thu Jan 9 18:18:32 GMT+0400 2020 [INFO] Client said: 34: ["house_293_livingroom", "frn.save", {f: []}]
Thu Jan 9 18:18:25 GMT+0400 2020 [INFO] Server said: 34: ["h.oinfo", {ath: false, hs: {lt: 0, r: [{nm: "Комната 3", lev: 2, id: "3", f: [{x: 0, y: 0, z: 0, d: 3, lid: 1, tpid: "wall15"}, {x: 3, y: 0, z: 0, rid: "outside", d: 3, lid: 4, tpid: "door4"}, {x: 13, y: 0, z: 0, d: 5, lid: 2, tpid: "wall15"}, {x: 0, y: 0, z: 0, d: 5, lid: 3, tpid: "floor4"}], l: 13, w: 13}, {nm: "Комната 5", lev: 2, id: "5", f: [{x: 0, y: 0, z: 0, d: 3, lid: 1, tpid: "wall15"}, {x: 3, y: 0, z: 0, rid: "outside", d: 3, lid: 4, tpid: "door4"}, {x: 13, y: 0, z: 0, d: 5, lid: 2, tpid: "wall15"}, {x: 0, y: 0, z: 0, d: 5, lid: 3, tpid: "floor4"}], l: 13, w: 13}, {nm: "Комната 2", lev: 2, id: "2", f: [{x: 0, y: 0, z: 0, d: 3, lid: 1, tpid: "wall15"}, {x: 3, y: 0, z: 0, rid: "outside", d: 3, lid: 4, tpid: "door4"}, {x: 13, y: 0, z: 0, d: 5, lid: 2, tpid: "wall15"}, {x: 0, y: 0, z: 0, d: 5, lid: 3, tpid: "floor4"}], l: 13, w: 13}, {nm: "Комната 1", lev: 2, id: "1", f: [{x: 0, y: 0, z: 0, d: 3, lid: 1, tpid: "wall15"}, {x: 3, y: 0, z: 0, rid: "outside", d: 3, lid: 4, tpid: "door4"}, {x: 13, y: 0, z: 0, d: 5, lid: 2, tpid: "wall15"}, {x: 0, y: 0, z: 0, d: 5, lid: 3, tpid: "floor4"}], l: 13, w: 13}, {nm: "#livingRoom", lev: 1, id: "livingroom", f: [{x: 0, y: 0, z: 0, d: 3, lid: 1, tpid: "wall15"}, {x: 3, y: 0, z: 0, rid: "outside", d: 3, lid: 4, tpid: "door4"}, {x: 13, y: 0, z: 0, d: 5, lid: 2, tpid: "wall15"}, {x: 0, y: 0, z: 0, d: 5, lid: 3, tpid: "floor4"}], l: 13, w: 13}, {nm: "Комната 4", lev: 2, id: "4", f: [{x: 0, y: 0, z: 0, d: 3, lid: 1, tpid: "wall15"}, {x: 3, y: 0, z: 0, rid: "outside", d: 3, lid: 4, tpid: "door4"}, {x: 13, y: 0, z: 0, d: 5, lid: 2, tpid: "wall15"}, {x: 0, y: 0, z: 0, d: 5, lid: 3, tpid: "floor4"}], l: 13, w: 13}]}, plr: {apprnc: {nct: 0, pt: 0, rc: 1, brt: 14, ssc: 1, bt: 0, g: 1, hc: 25, ss: 0, mt: 9, et: 23, sc: 1, n: "●●ßǻŧ®ůwkǻ●", ht: 87, ec: 12, fft: 2, brc: 2, shc: 1, pc: 1, rg: 0, mc: 24, fat: 0, fac: 1, bc: 1, sh: 0}, pf: {pf: {phtghr: {pgs: 0, tp: "phtghr", l: 20}, jntr: {pgs: 0, tp: "jntr", l: 20}, vsgst: {pgs: 0, tp: "vsgst", l: 20}, grdnr: {pgs: 0, tp: "grdnr", l: 20}}}, clths: {clths: [{clid: null, tpid: "boyShrtNY20Emr"}, {clid: null, tpid: "boyPntsFrog"}, {clid: null, tpid: "boyShoes8"}]}, mbm: {ac: null, sk: "blackMobileSkin"}, ci: {kyktid: null, strfrd: 0, pamns: {amn: []}, lgt: 0, fak: null, shcr: true, bcld: 0, actrt: 0, eml: null, crt: 953, spp: 0, vip: true, dr: true, rpt: 0, lwts: 0, compid: 0, vfgc: 0, ysct: 0, trid: null, tts: null, vsact: true, shousd: false, rtrtm: 0, ceid: 0, lrnt: 0, vexp: 1965298000, as: null, plcmt: {}, vsexp: 1965298000, hrt: 174, vret: 0, ys: 0, fexp: 0, trcd: 0, actrp: 0, cmid: 0, gdc: 0, crst: 0, skid: null, gtrfrd: 0, sbid: null, lvt: 1578582926, exp: 85800, skrt: 0, actrd: 0, sbrt: 0}, uid: "293", usrinf: {rl: 0}}}]
Thu Jan 9 18:18:19 GMT+0400 2020 [INFO] Client said: 34: ["house_293_livingroom", "frn.save", {f: []}]
Thu Jan 9 18:18:17 GMT+0400 2020 [INFO] Client said: 34: [null, "h.oinfo", {uid: "293"}]
Thu Jan 9 18:18:13 GMT+0400 2020 [INFO] Client said: 34: [null, "h.oinfo", {uid: "293"}]
Thu Jan 9 18:17:54 GMT+0400 2020 [INFO] Client said: 34: ["house_293_livingroom", "h.r.u", {at: "", x: 8.89, y: 5.39, st: 23, d: 1, uid: "293"}]
Thu Jan 9 18:17:51 GMT+0400 2020 [INFO] Client said: 34: ["house_293_livingroom", "h.r.m", {dx: 8.89, sx: 3.27, dy: 5.39, uid: "293", sy: 9.02}]
Thu Jan 9 18:17:48 GMT+0400 2020 [INFO] Server said: 34: ["b.inslv", {inslv: 5000}]
Thu Jan 9 18:17:48 GMT+0400 2020 [INFO] Server said: 34: ["ntf.res", {res: {enrg: 500, emd: 0, gld: 8740, slvr: 15100}}]
Thu Jan 9 18:17:47 GMT+0400 2020 [INFO] Client said: 34: [null, "b.bs", {gld: 50}]
Thu Jan 9 18:17:44 GMT+0400 2020 [INFO] Server said: 34: ["b.inslv", {inslv: 5000}]
Thu Jan 9 18:17:44 GMT+0400 2020 [INFO] Server said: 34: ["ntf.res", {res: {enrg: 500, emd: 0, gld: 8790, slvr: 10100}}]
Thu Jan 9 18:17:41 GMT+0400 2020 [INFO] Client said: 34: [null, "b.bs", {gld: 50}]
Thu Jan 9 18:17:38 GMT+0400 2020 [INFO] Server said: 34: ["b.inslv", {inslv: 5000}]
Thu Jan 9 18:17:37 GMT+0400 2020 [INFO] Server said: 34: ["ntf.res", {res: {enrg: 500, emd: 0, gld: 8840, slvr: 5100}}]
Thu Jan 9 18:17:36 GMT+0400 2020 [INFO] Client said: 34: [null, "b.bs", {gld: 50}]
Thu Jan 9 18:17:34 GMT+0400 2020 [INFO] Client said: 34: ["house_293_livingroom", "h.r.u", {at: "", x: 3.27, y: 9.02, st: 23, d: 5, uid: "293"}]
Thu Jan 9 18:17:33 GMT+0400 2020 [INFO] Client said: 34: ["house_293_livingroom", "h.r.m", {dx: 3.27, sx: 5.84, dy: 9.02, uid: "293", sy: 5.83}]
Thu Jan 9 18:17:33 GMT+0400 2020 [INFO] Client said: 34: ["house_293_livingroom", "h.r.m", {dx: 11.5, sx: 5.77, dy: 5.55, uid: "293", sy: 5.83}]
Thu Jan 9 18:17:21 GMT+0400 2020 [INFO] Server said: 34: ["b.ingld", {ingld: 1500}]
Thu Jan 9 18:17:21 GMT+0400 2020 [INFO] Server said: 34: ["ntf.res", {res: {enrg: 500, emd: 0, gld: 8890, slvr: 100}}]
Thu Jan 9 18:17:21 GMT+0400 2020 [INFO] [YandexMetrics.reachGoal] Call reach goal 'click_buy_product' for counter 31321471
Thu Jan 9 18:17:21 GMT+0400 2020 [INFO] Client said: 34: [null, "b.chkprchs", {qnt: 1, pmnt: null, prid: "pack1500"}]
Thu Jan 9 18:17:20 GMT+0400 2020 [INFO] [YandexMetrics.onCounterInit] Yandex metrics counter 31321471 inited
Thu Jan 9 18:17:20 GMT+0400 2020 [INFO] [YandexMetrics.reachGoal] Call reach goal 'show_payment_dialog' for counter 31321471
Thu Jan 9 18:17:20 GMT+0400 2020 [INFO] Client said: 34: ["house_293_livingroom", "h.r.u", {at: "", x: 5.77, y: 5.83, st: 23, d: 4, uid: "293"}]
Thu Jan 9 18:17:17 GMT+0400 2020 [INFO] Server said: 34: ["spt.init", {a: false}]
Thu Jan 9 18:17:16 GMT+0400 2020 [INFO] [YandexMetrics.initCounter] Try to init Yandex metrics counter 31321471
Thu Jan 9 18:17:16 GMT+0400 2020 [INFO] Client said: 34: [null, "spt.init", {}]
Thu Jan 9 18:17:13 GMT+0400 2020 [INFO] Client said: 34: ["house_293_livingroom", "h.r.m", {dx: 5.77, sx: 4.05, dy: 5.83, uid: "293", sy: 0.1}]