ClientError: Thu Jan 9 18:24:01 GMT+0400 2020 [CRITICAL] [couturier] *Uncaught Error* ErrorId: 1009 ErrorName: TypeError ErrorMessage:Error #1009 ErrorStackTrace:TypeError: Error #1009
	at _-0eV::RoomMemberContainer/addAvatar()
	at _-PQ::BaseRoomScreen/addAvatar()
	at _-PQ::BaseRoomScreen/onRefreshAvatar()
	at flash.events::EventDispatcher/dispatchEvent()
	at _-2CM::BaseRoomNetManager/onRefreshAvatar()
	at flash.events::EventDispatcher/dispatchEvent()
	at ags::_-2t/_-2dI()
	at flash.events::EventDispatcher/dispatchEvent()
	at _-0en::_-0O8/_-1LF()
	at _-0en::_-0O8/execute()
	at ags::AGSClient/_-0i9()
	at ags::AGSClient/_-2ZF()
	at ags::AGSClient/_-2Ea()
Thu Jan 9 18:24:01 GMT+0400 2020 [INFO] Server said: 34: ["o.r.ra", {plr: {apprnc: {nct: 0, pt: 0, rc: 1, brt: 32, ssc: 1, bt: 0, g: 2, hc: 6, ss: 0, mt: 31, et: 38, sc: 2, n: "Жру Камень", ht: 125, ec: 31, fft: 7, brc: 2, shc: 15, pc: 1, rg: 0, mc: 29, fat: 0, fac: 1, bc: 1, sh: 25}, uid: "230", pf: {pf: {phtghr: {pgs: 0, tp: "phtghr", l: 20}, jntr: {pgs: 0, tp: "jntr", l: 20}, vsgst: {pgs: 0, tp: "vsgst", l: 20}, grdnr: {pgs: 0, tp: "grdnr", l: 20}}}, clths: {clths: [{clid: "4", tpid: "girlPntsNYFtnss"}, {clid: "4", tpid: "girlBtsCtrOutsrc2"}, {clid: "16", tpid: "girlErrNYLv"}, {clid: "16", tpid: "girlGlssRbbt"}, {clid: "16", tpid: "girlTShrtNYElgnc"}, {clid: "16", tpid: "grlGlvCtr1"}, {clid: "16", tpid: "girlBatClnPstpc"}]}, mbm: {ac: null, sk: "blackMobileSkin"}, ci: {kyktid: null, strfrd: 0, pamns: {amn: []}, lgt: 0, fak: null, shcr: true, bcld: 0, actrt: 0, eml: null, crt: 5501, spp: 0, vip: true, dr: true, rpt: 0, lwts: 0, compid: 0, vfgc: 0, ysct: 0, trid: "freelanceMicrophone", tts: null, vsact: true, shousd: false, rtrtm: 0, ceid: 0, lrnt: 0, vexp: 1965298000, as: null, plcmt: {}, vsexp: 1965298000, hrt: 485, vret: 0, ys: 0, fexp: 0, trcd: 0, actrp: 0, cmid: 0, gdc: 0, crst: 0, skid: null, gtrfrd: 0, sbid: null, lvt: 1578582469, exp: 85800, skrt: 0, actrd: 0, sbrt: 0}, locinfo: {at: "sitItem4", x: 10.02, s: "127.0.0.1", y: 14.52, l: "couturier_ctr1_1", st: 1, d: 4, shlc: true, pl: ""}, usrinf: {rl: 0}}}]
Thu Jan 9 18:23:58 GMT+0400 2020 [INFO] Client said: 34: ["couturier_ctr1_1", "o.r.info", {rid: "ctr1"}]
Thu Jan 9 18:23:58 GMT+0400 2020 [INFO] Server said: 34: ["o.gr", {rid: "couturier_ctr1_1"}]
Thu Jan 9 18:23:57 GMT+0400 2020 [INFO] Server said: 16: ["couturier_ctr1_1", "293"]
Thu Jan 9 18:23:57 GMT+0400 2020 [INFO] Server said: 34: ["o.r.jn", {plr: {apprnc: {nct: 0, pt: 0, rc: 1, brt: 14, ssc: 1, bt: 0, g: 1, hc: 25, ss: 0, mt: 9, et: 23, sc: 1, n: "●●ßǻŧ®ůwkǻ●", ht: 87, ec: 12, fft: 2, brc: 2, shc: 1, pc: 1, rg: 0, mc: 24, fat: 0, fac: 1, bc: 1, sh: 0}, uid: "293", pf: {pf: {phtghr: {pgs: 0, tp: "phtghr", l: 20}, jntr: {pgs: 0, tp: "jntr", l: 20}, vsgst: {pgs: 0, tp: "vsgst", l: 20}, grdnr: {pgs: 0, tp: "grdnr", l: 20}}}, clths: {clths: [{clid: null, tpid: "boyBtsHp"}, {clid: null, tpid: "boyGlssHp"}, {clid: null, tpid: "boyTtHp"}, {clid: null, tpid: "boyErrHp"}, {clid: null, tpid: "boyPntsHp"}, {clid: null, tpid: "boyTShrtHp"}, {clid: null, tpid: "boyNY15Vst"}]}, mbm: {ac: null, sk: "blackMobileSkin"}, ci: {kyktid: null, strfrd: 0, pamns: {amn: []}, lgt: 0, fak: null, shcr: true, bcld: 0, actrt: 0, eml: null, crt: 1782, spp: 0, vip: true, dr: true, rpt: 0, lwts: 0, compid: 0, vfgc: 0, ysct: 0, trid: null, tts: null, vsact: true, shousd: false, rtrtm: 0, ceid: 0, lrnt: 0, vexp: 1965298000, as: null, plcmt: {}, vsexp: 1965298000, hrt: 374, vret: 0, ys: 0, fexp: 0, trcd: 0, actrp: 0, cmid: 0, gdc: 0, crst: 0, skid: null, gtrfrd: 0, sbid: null, lvt: 1578583692, exp: 85800, skrt: 0, actrd: 0, sbrt: 0}, locinfo: {at: "", x: -1, s: "127.0.0.1", y: -1, l: "couturier_ctr1_1", st: 0, d: 4, shlc: true, pl: ""}, usrinf: {rl: 0}}}]
Thu Jan 9 18:23:50 GMT+0400 2020 [INFO] Client said: 34: [null, "o.gr", {lid: "couturier", gid: "ctr1"}]
Thu Jan 9 18:23:50 GMT+0400 2020 [INFO] Server said: 1: ["293", true, false, false]
Thu Jan 9 18:23:45 GMT+0400 2020 [INFO] Client said: 1: ["street", "293", "vmZUkzpTdbtbpWxWULEu", {clvrn: "84.0.4", v: 2}]
Thu Jan 9 18:23:44 GMT+0400 2020 [INFO] Client said: 2: []
Thu Jan 9 18:23:44 GMT+0400 2020 [INFO] Loaded  LoadingItem(url: http://62.113.113.58:8080/files/swf/Couturier_4e20b623ef65e53df4c6aebd774be260.swf, status: 2) 
Thu Jan 9 18:23:38 GMT+0400 2020 [INFO] Client said: 17: ["house_293_livingroom"]
Thu Jan 9 18:23:30 GMT+0400 2020 [INFO] Server said: 34: ["b.ingld", {ingld: 1500}]
Thu Jan 9 18:23:29 GMT+0400 2020 [INFO] Server said: 34: ["ntf.res", {res: {enrg: 500, emd: 0, gld: 15915, slvr: 12400}}]
Thu Jan 9 18:23:29 GMT+0400 2020 [INFO] [YandexMetrics.reachGoal] Call reach goal 'click_buy_product' for counter 31321471
Thu Jan 9 18:23:29 GMT+0400 2020 [INFO] Client said: 34: [null, "b.chkprchs", {qnt: 1, pmnt: null, prid: "pack1500"}]
Thu Jan 9 18:23:28 GMT+0400 2020 [INFO] [YandexMetrics.reachGoal] Call reach goal 'show_payment_dialog' for counter 31321471
Thu Jan 9 18:23:26 GMT+0400 2020 [INFO] Server said: 34: ["b.ingld", {ingld: 1500}]
Thu Jan 9 18:23:25 GMT+0400 2020 [INFO] Server said: 34: ["ntf.res", {res: {enrg: 500, emd: 0, gld: 14415, slvr: 12400}}]
Thu Jan 9 18:23:25 GMT+0400 2020 [INFO] [YandexMetrics.reachGoal] Call reach goal 'click_buy_product' for counter 31321471
Thu Jan 9 18:23:25 GMT+0400 2020 [INFO] Client said: 34: [null, "b.chkprchs", {qnt: 1, pmnt: null, prid: "pack1500"}]
Thu Jan 9 18:23:23 GMT+0400 2020 [INFO] [YandexMetrics.reachGoal] Call reach goal 'show_payment_dialog' for counter 31321471
Thu Jan 9 18:23:20 GMT+0400 2020 [INFO] Server said: 34: ["b.ingld", {ingld: 1500}]
Thu Jan 9 18:23:19 GMT+0400 2020 [INFO] Server said: 34: ["ntf.res", {res: {enrg: 500, emd: 0, gld: 12915, slvr: 12400}}]
Thu Jan 9 18:23:19 GMT+0400 2020 [INFO] [YandexMetrics.reachGoal] Call reach goal 'click_buy_product' for counter 31321471
Thu Jan 9 18:23:19 GMT+0400 2020 [INFO] Client said: 34: [null, "b.chkprchs", {qnt: 1, pmnt: null, prid: "pack1500"}]
Thu Jan 9 18:23:18 GMT+0400 2020 [INFO] [YandexMetrics.reachGoal] Call reach goal 'show_payment_dialog' for counter 31321471
Thu Jan 9 18:23:15 GMT+0400 2020 [INFO] Server said: 34: ["b.ingld", {ingld: 1500}]
Thu Jan 9 18:23:15 GMT+0400 2020 [INFO] Server said: 34: ["ntf.res", {res: {enrg: 500, emd: 0, gld: 11415, slvr: 12400}}]
Thu Jan 9 18:23:14 GMT+0400 2020 [INFO] [YandexMetrics.reachGoal] Call reach goal 'click_buy_product' for counter 31321471
Thu Jan 9 18:23:14 GMT+0400 2020 [INFO] Client said: 34: [null, "b.chkprchs", {qnt: 1, pmnt: null, prid: "pack1500"}]
Thu Jan 9 18:23:13 GMT+0400 2020 [INFO] [YandexMetrics.reachGoal] Call reach goal 'show_payment_dialog' for counter 31321471
Thu Jan 9 18:23:11 GMT+0400 2020 [INFO] Server said: 34: ["h.r.ra", {plr: {apprnc: {nct: 0, pt: 0, rc: 1, brt: 14, ssc: 1, bt: 0, g: 1, hc: 25, ss: 0, mt: 9, et: 23, sc: 1, n: "●●ßǻŧ®ůwkǻ●", ht: 87, ec: 12, fft: 2, brc: 2, shc: 1, pc: 1, rg: 0, mc: 24, fat: 0, fac: 1, bc: 1, sh: 0}, uid: "293", pf: {pf: {phtghr: {pgs: 0, tp: "phtghr", l: 20}, jntr: {pgs: 0, tp: "jntr", l: 20}, vsgst: {pgs: 0, tp: "vsgst", l: 20}, grdnr: {pgs: 0, tp: "grdnr", l: 20}}}, clths: {clths: [{clid: null, tpid: "boyBtsHp"}, {clid: null, tpid: "boyGlssHp"}, {clid: null, tpid: "boyTtHp"}, {clid: null, tpid: "boyErrHp"}, {clid: null, tpid: "boyPntsHp"}, {clid: null, tpid: "boyTShrtHp"}, {clid: null, tpid: "boyNY15Vst"}]}, mbm: {ac: null, sk: "blackMobileSkin"}, ci: {kyktid: null, strfrd: 0, pamns: {amn: []}, lgt: 0, fak: null, shcr: true, bcld: 0, actrt: 0, eml: null, crt: 1782, spp: 0, vip: true, dr: true, rpt: 0, lwts: 0, compid: 0, vfgc: 0, ysct: 0, trid: null, tts: null, vsact: true, shousd: false, rtrtm: 0, ceid: 0, lrnt: 0, vexp: 1965298000, as: null, plcmt: {}, vsexp: 1965298000, hrt: 374, vret: 0, ys: 0, fexp: 0, trcd: 0, actrp: 0, cmid: 0, gdc: 0, crst: 0, skid: null, gtrfrd: 0, sbid: null, lvt: 1578582926, exp: 85800, skrt: 0, actrd: 0, sbrt: 0}, locinfo: {at: "", x: 4.83, s: "127.0.0.1", y: 10.02, l: "house_293_livingroom", st: 23, d: 4, shlc: true, pl: ""}, usrinf: {rl: 0}}}]
Thu Jan 9 18:23:11 GMT+0400 2020 [INFO] Server said: 34: ["b.ingld", {ingld: 1500}]
Thu Jan 9 18:23:10 GMT+0400 2020 [INFO] Server said: 34: ["ntf.res", {res: {enrg: 500, emd: 0, gld: 9915, slvr: 12400}}]
Thu Jan 9 18:23:09 GMT+0400 2020 [INFO] Server said: 34: ["h.r.ra", {plr: {apprnc: {nct: 0, pt: 0, rc: 1, brt: 14, ssc: 1, bt: 0, g: 1, hc: 25, ss: 0, mt: 9, et: 23, sc: 1, n: "●●ßǻŧ®ůwkǻ●", ht: 87, ec: 12, fft: 2, brc: 2, shc: 1, pc: 1, rg: 0, mc: 24, fat: 0, fac: 1, bc: 1, sh: 0}, uid: "293", pf: {pf: {phtghr: {pgs: 0, tp: "phtghr", l: 20}, jntr: {pgs: 0, tp: "jntr", l: 20}, vsgst: {pgs: 0, tp: "vsgst", l: 20}, grdnr: {pgs: 0, tp: "grdnr", l: 20}}}, clths: {clths: [{clid: null, tpid: "boyBtsHp"}, {clid: null, tpid: "boyGlssHp"}, {clid: null, tpid: "boyTtHp"}, {clid: null, tpid: "boyErrHp"}, {clid: null, tpid: "boyPntsHp"}, {clid: null, tpid: "boyTShrtHp"}, {clid: null, tpid: "boyNY15Vst"}]}, mbm: {ac: null, sk: "blackMobileSkin"}, ci: {kyktid: null, strfrd: 0, pamns: {amn: []}, lgt: 0, fak: null, shcr: true, bcld: 0, actrt: 0, eml: null, crt: 1782, spp: 0, vip: true, dr: true, rpt: 0, lwts: 0, compid: 0, vfgc: 0, ysct: 0, trid: null, tts: null, vsact: true, shousd: false, rtrtm: 0, ceid: 0, lrnt: 0, vexp: 1965298000, as: null, plcmt: {}, vsexp: 1965298000, hrt: 374, vret: 0, ys: 0, fexp: 0, trcd: 0, actrp: 0, cmid: 0, gdc: 0, crst: 0, skid: null, gtrfrd: 0, sbid: null, lvt: 1578582926, exp: 85800, skrt: 0, actrd: 0, sbrt: 0}, locinfo: {at: "", x: 4.83, s: "127.0.0.1", y: 10.02, l: "house_293_livingroom", st: 23, d: 4, shlc: true, pl: ""}, usrinf: {rl: 0}}}]
Thu Jan 9 18:23:08 GMT+0400 2020 [INFO] Server said: 34: ["h.r.ra", {plr: {apprnc: {nct: 0, pt: 0, rc: 1, brt: 14, ssc: 1, bt: 0, g: 1, hc: 25, ss: 0, mt: 9, et: 23, sc: 1, n: "●●ßǻŧ®ůwkǻ●", ht: 87, ec: 12, fft: 2, brc: 2, shc: 1, pc: 1, rg: 0, mc: 24, fat: 0, fac: 1, bc: 1, sh: 0}, uid: "293", pf: {pf: {phtghr: {pgs: 0, tp: "phtghr", l: 20}, jntr: {pgs: 0, tp: "jntr", l: 20}, vsgst: {pgs: 0, tp: "vsgst", l: 20}, grdnr: {pgs: 0, tp: "grdnr", l: 20}}}, clths: {clths: [{clid: null, tpid: "boyBtsHp"}, {clid: null, tpid: "boyGlssHp"}, {clid: null, tpid: "boyTtHp"}, {clid: null, tpid: "boyErrHp"}, {clid: null, tpid: "boyPntsHp"}, {clid: null, tpid: "boyTShrtHp"}, {clid: null, tpid: "boyNY15Vst"}]}, mbm: {ac: null, sk: "blackMobileSkin"}, ci: {kyktid: null, strfrd: 0, pamns: {amn: []}, lgt: 0, fak: null, shcr: true, bcld: 0, actrt: 0, eml: null, crt: 1782, spp: 0, vip: true, dr: true, rpt: 0, lwts: 0, compid: 0, vfgc: 0, ysct: 0, trid: null, tts: null, vsact: true, shousd: false, rtrtm: 0, ceid: 0, lrnt: 0, vexp: 1965298000, as: null, plcmt: {}, vsexp: 1965298000, hrt: 374, vret: 0, ys: 0, fexp: 0, trcd: 0, actrp: 0, cmid: 0, gdc: 0, crst: 0, skid: null, gtrfrd: 0, sbid: null, lvt: 1578582926, exp: 85800, skrt: 0, actrd: 0, sbrt: 0}, locinfo: {at: "", x: 4.2, s: "127.0.0.1", y: 8.64, l: "house_293_livingroom", st: 23, d: 4, shlc: true, pl: ""}, usrinf: {rl: 0}}}]
Thu Jan 9 18:23:07 GMT+0400 2020 [INFO] Client said: 34: ["house_293_livingroom", "h.r.ra", {}]
Thu Jan 9 18:23:07 GMT+0400 2020 [INFO] Server said: 34: ["a.clths.wear", {clths: {clths: [{clid: null, tpid: "boyBtsHp"}, {clid: null, tpid: "boyGlssHp"}, {clid: null, tpid: "boyTtHp"}, {clid: null, tpid: "boyErrHp"}, {clid: null, tpid: "boyPntsHp"}, {clid: null, tpid: "boyTShrtHp"}, {clid: null, tpid: "boyNY15Vst"}]}, inv: {c: {cls: {id: "cls", it: [{tid: "boyNY15Tsht", iid: "", c: 1}, {tid: "boyUnderdress1", iid: "", c: 1}, {tid: "boyPants10", iid: "", c: 1}, {tid: "boyNY20VKGiftPllvCnd", iid: "", c: 1}, {tid: "boyShirt14", iid: "", c: 1}, {tid: "boyShrtNY20Emr", iid: "", c: 1}, {tid: "boyPntsFrog", iid: "", c: 1}, {tid: "boyShoes8", iid: "", c: 1}, {tid: "boyCtlTshUsa5", iid: "", c: 1}, {tid: "boyCltPtsUsa8", iid: "", c: 1}, {tid: "boyCtlShUsa1", iid: "", c: 1}]}, gm: {id: "gm", it: [{tid: "blackMobileSkin", iid: "", c: 1}]}, frn: {id: "frn", it: []}, act: {id: "act", it: []}, lt: {id: "lt", it: []}}}, ccltn: {cct: ["boyBtsHp", "boyGlssHp", "boyTtHp", "boyErrHp", "boyPntsHp", "boyTShrtHp", "boyNY15Vst"]}, cn: "", ctp: "casual"}]