ClientError: Thu Jan 9 18:20:05 GMT+0400 2020 [CRITICAL] [house] *Uncaught Error* ErrorId: 1009 ErrorName: TypeError ErrorMessage:Error #1009 ErrorStackTrace:TypeError: Error #1009
	at MethodInfo-2()
	at flash.events::EventDispatcher/dispatchEvent()
	at _-jr::FurnitureLoader/_-2qc()
	at flash.events::EventDispatcher/dispatchEvent()
	at _-0bS::MassLoader/_-4Ql()
	at _-0bS::MassLoader/_-WZ()
	at flash.events::EventDispatcher/dispatchEvent()
	at _-18R::LoadingItem/onComplete()
	at _-18R::SWFLoadingItem/onComplete()
	at MethodInfo-7()
	at _-0hx::_-15t/_-2O-()
	at _-0hx::_-15t/tick()
	at _-1sv::Avatar/tick()
	at _-332::World/_-4Y4()
	at _-332::World/tick()
	at _-332::World/_-4C6()
Thu Jan 9 18:20:05 GMT+0400 2020 [INFO] Loaded  LoadingItem(url: http://62.113.113.58:8080/files/swf/furniture/furniture/Dirol15Wardrobe.swf, status: 2) 
Thu Jan 9 18:20:05 GMT+0400 2020 [INFO] Client said: 34: ["house_293_livingroom", "h.r.m", {dx: 5.89, sx: 7.66, dy: 9.39, uid: "293", sy: 4.84}]
Thu Jan 9 18:20:04 GMT+0400 2020 [INFO] Client said: 34: ["house_293_livingroom", "h.r.rfr", {}]
Thu Jan 9 18:20:04 GMT+0400 2020 [INFO] Server said: 34: ["frn.save", {inv: {c: {cls: {id: "cls", it: [{tid: "boyNY15Tsht", iid: "", c: 1}, {tid: "boyUnderdress1", iid: "", c: 1}, {tid: "boyPants10", iid: "", c: 1}, {tid: "boyNY20VKGiftPllvCnd", iid: "", c: 1}, {tid: "boyShirt14", iid: "", c: 1}]}, gm: {id: "gm", it: [{tid: "blackMobileSkin", iid: "", c: 1}]}, frn: {id: "frn", it: []}, act: {id: "act", it: []}, lt: {id: "lt", it: []}}}, hs: {nm: "house", l: 13, id: "livingroom", f: [{x: 0, y: 0, z: 0, d: 5, lid: 3, tpid: "floor4"}, {x: 12, y: 0, z: 0, d: 5, lid: 46767604, tpid: "csCtr"}, {x: 13, y: 0, z: 0, d: 5, lid: 2, tpid: "wall15"}, {x: 0, y: 0, z: 0, d: 3, lid: 1, tpid: "wall15"}, {x: 3, y: 0, z: 0, rid: "outside", d: 3, lid: 4, tpid: "door4"}], lev: 1, w: 13}, ci: {kyktid: null, strfrd: 0, pamns: {amn: []}, lgt: 0, fak: null, shcr: true, bcld: 0, actrt: 0, eml: null, crt: 953, spp: 0, vip: true, dr: true, rpt: 0, lwts: 0, compid: 0, vfgc: 0, ysct: 0, trid: null, tts: null, vsact: true, shousd: false, rtrtm: 0, ceid: 0, lrnt: 0, vexp: 1965298000, as: null, plcmt: {}, vsexp: 1965298000, hrt: 374, vret: 0, ys: 0, fexp: 0, trcd: 0, actrp: 0, cmid: 0, gdc: 0, crst: 0, skid: null, gtrfrd: 0, sbid: null, lvt: 1578582926, exp: 85800, skrt: 0, actrd: 0, sbrt: 0}}]
Thu Jan 9 18:20:04 GMT+0400 2020 [INFO] Client said: 34: ["house_293_livingroom", "frn.save", {f: [{oid: 46767604, tm: 1578579597261, y: 0, t: 1, tpid: "csCtr", x: 12, d: 5, z: 0}]}]
Thu Jan 9 18:19:58 GMT+0400 2020 [INFO] Client said: 34: ["house_293_livingroom", "frn.save", {f: [{oid: 46767604, tm: 1578579597261, y: 0, t: 1, tpid: "csCtr", x: 12, d: 5, z: 0}]}]
Thu Jan 9 18:19:53 GMT+0400 2020 [INFO] Server said: 34: ["ntf.res", {res: {enrg: 500, emd: 0, gld: 8661, slvr: 15100}}]
Thu Jan 9 18:19:52 GMT+0400 2020 [INFO] Server said: 34: ["ntf.inv", {it: {tid: "csCtr", iid: "", c: 1}}]
Thu Jan 9 18:19:50 GMT+0400 2020 [INFO] Client said: 34: [null, "frn.buy", {pind: 1, cnt: 1, tpid: "csCtr"}]
Thu Jan 9 18:19:49 GMT+0400 2020 [INFO] Loaded  LoadingItem(url: http://62.113.113.58:8080/files/swf/furniture/furniture/CaseCountry.swf?2, status: 2) 