ClientError: Thu Jan 9 21:19:25 GMT+0600 2020 [CRITICAL] [couturier] *Uncaught Error* ErrorId: 1010 ErrorName: TypeError ErrorMessage:Error #1010 ErrorStackTrace:TypeError: Error #1010
	at _-1u9::URL/parse()
	at _-1u9::URL()
	at _-18R::LoadingItem()
	at _-18R::SWFLoadingItem()
	at _-0bS::MassLoader/add()
	at _-0bS::MassLoader/_-2R5()
	at flash.events::EventDispatcher/dispatchEvent()
	at _-18R::LoadingItem/_-1Iu()
	at _-18R::LoadingItem/onError()
	at _-18R::SWFLoadingItem/onError()
	at flash.events::EventDispatcher/dispatchEvent()
	at flash.net::URLLoader/onComplete()
Thu Jan 9 21:19:24 GMT+0600 2020 [INFO] Server said: 34: ["cp.cht.sm", {msg: {cid: null, tp: "chatTypingMessage", sid: "498"}, rid: "salon_sn1_1"}]
Thu Jan 9 21:19:22 GMT+0600 2020 [INFO] Server said: 34: ["o.r.u", {x: 15.5, st: 0, d: 4, uid: "867", y: 1.5}]
Thu Jan 9 21:19:10 GMT+0600 2020 [INFO] Server said: 34: ["o.r.ra", {plr: {usrinf: {rl: 0}, apprnc: {hc: 4, sh: 1, brc: 1, ec: 6, sc: 2, bt: 0, brt: 23, g: 2, ht: 111, mc: 17, fat: 0, mt: 14, pc: 1, et: 31, n: "ilomilo", fac: 1, ssc: 1, ss: 4, bc: 1, shc: 6, nct: 0, pt: 0, fft: 9, rg: 0, rc: 1}, uid: "498", pf: {pf: {vsgst: {tp: "vsgst", l: 20, pgs: 0}, grdnr: {tp: "grdnr", l: 20, pgs: 0}, jntr: {tp: "jntr", l: 20, pgs: 0}, phtghr: {tp: "phtghr", l: 20, pgs: 0}}}, clths: {clths: [{clid: null, tpid: "gNY16BArt"}, {clid: null, tpid: "gDrssCoc1"}, {clid: null, tpid: "gShsCoc1"}, {clid: null, tpid: "gNcklCoc3"}]}, mbm: {sk: "blackMobileSkin", ac: null}, locinfo: {x: 11.3, s: "127.0.0.1", pl: "", y: 4.92, shlc: true, st: 23, d: 4, at: "", l: "salon_sn1_1"}, ci: {crt: 466, eml: null, sbid: null, vip: true, ysct: 0, bcld: 0, fak: null, fexp: 0, shcr: true, trcd: 0, crst: 0, gtrfrd: 0, hrt: 174, strfrd: 0, sbrt: 0, rtrtm: 0, plcmt: {}, trid: null, kyktid: null, gdc: 0, actrt: 0, lgt: 0, ys: 0, actrp: 0, vexp: 1965298000, actrd: 0, vsexp: 1965298000, compid: 0, shousd: false, vsact: true, pamns: {amn: []}, vret: 0, exp: 85800, vfgc: 0, lvt: 1578582879, ceid: 0, lrnt: 0, cmid: 0, as: null, rpt: 0, dr: true, skid: null, spp: 0, skrt: 0, tts: null, lwts: 0}}}]
Thu Jan 9 21:19:03 GMT+0600 2020 [INFO] Client said: 17: ["salon_sn1_1"]
Thu Jan 9 21:18:54 GMT+0600 2020 [INFO] Client said: 34: ["salon_sn1_1", "o.r.u", {x: 9.81, st: 23, uid: "498", d: 5, y: 7.13, at: ""}]
Thu Jan 9 21:18:52 GMT+0600 2020 [INFO] Client said: 34: ["salon_sn1_1", "o.r.m", {sy: 4.92, dx: 9.81, uid: "498", sx: 11.3, dy: 7.13}]
Thu Jan 9 21:18:50 GMT+0600 2020 [INFO] Server said: 16: ["salon_sn1_1", "328"]
Thu Jan 9 21:18:50 GMT+0600 2020 [INFO] Server said: 34: ["o.r.jn", {plr: {usrinf: {rl: 0}, apprnc: {hc: 7, sh: 0, brc: 1, ec: 1, sc: 2, bt: 0, brt: 28, g: 2, ht: 119, mc: 2, fat: 0, mt: 6, pc: 1, et: 8, n: "ДОХЛАЯ", fac: 1, ssc: 1, ss: 0, bc: 1, shc: 1, nct: 0, pt: 0, fft: 7, rg: 0, rc: 1}, uid: "328", pf: {pf: {vsgst: {tp: "vsgst", l: 20, pgs: 0}, grdnr: {tp: "grdnr", l: 20, pgs: 0}, jntr: {tp: "jntr", l: 20, pgs: 0}, phtghr: {tp: "phtghr", l: 20, pgs: 0}}}, clths: {clths: [{clid: null, tpid: "girlShirt12"}, {clid: null, tpid: "girlShoes14"}, {clid: null, tpid: "girlPants9"}]}, mbm: {sk: "blackMobileSkin", ac: null}, locinfo: {x: -1, s: "127.0.0.1", pl: "", y: -1, shlc: true, st: 0, d: 4, at: "", l: "salon_sn1_1"}, ci: {crt: 1134, eml: null, sbid: null, vip: true, ysct: 0, bcld: 0, fak: null, fexp: 0, shcr: true, trcd: 0, crst: 0, gtrfrd: 0, hrt: 374, strfrd: 0, sbrt: 0, rtrtm: 0, plcmt: {}, trid: null, kyktid: null, gdc: 0, actrt: 0, lgt: 0, ys: 0, actrp: 0, vexp: 1965298000, actrd: 0, vsexp: 1965298000, compid: 0, shousd: false, vsact: true, pamns: {amn: []}, vret: 0, exp: 85800, vfgc: 0, lvt: 1578583127, ceid: 0, lrnt: 0, cmid: 0, as: null, rpt: 0, dr: true, skid: null, spp: 0, skrt: 0, tts: null, lwts: 0}}}]
Thu Jan 9 21:18:50 GMT+0600 2020 [INFO] Client said: 34: [null, "cp.cht.sm", {msg: {cid: null, tag: null, mid: null, msg: "нууу", tp: "chatTextMessage", sid: "498"}, rid: "salon_sn1_1"}]
Thu Jan 9 21:18:50 GMT+0600 2020 [INFO] Client said: 34: [null, "cp.cht.sm", {msg: {cid: null, tp: "chatTypingMessage", sid: "498"}, rid: "salon_sn1_1"}]
Thu Jan 9 21:18:49 GMT+0600 2020 [INFO] Server said: 16: ["salon_sn1_1", "867"]
Thu Jan 9 21:18:49 GMT+0600 2020 [INFO] Server said: 34: ["o.r.jn", {plr: {usrinf: {rl: 0}, apprnc: {hc: 5, sh: 0, brc: 4, ec: 2, sc: 3, bt: 0, brt: 7, g: 2, ht: 107, mc: 1, fat: 0, mt: 5, pc: 1, et: 3, n: "красотка", fac: 1, ssc: 1, ss: 0, bc: 1, shc: 1, nct: 0, pt: 0, fft: 0, rg: 0, rc: 1}, uid: "867", pf: {pf: {vsgst: {tp: "vsgst", l: 20, pgs: 0}, grdnr: {tp: "grdnr", l: 20, pgs: 0}, jntr: {tp: "jntr", l: 20, pgs: 0}, phtghr: {tp: "phtghr", l: 20, pgs: 0}}}, clths: {clths: [{clid: null, tpid: "girlTShrtPnk23Feb19"}, {clid: null, tpid: "girlFbrdBts"}, {clid: null, tpid: "girlPntsWnt19Pnk"}]}, mbm: {sk: "blackMobileSkin", ac: null}, locinfo: {x: -1, s: "127.0.0.1", pl: "", y: -1, shlc: true, st: 0, d: 4, at: "", l: "salon_sn1_1"}, ci: {crt: 219, eml: null, sbid: null, vip: true, ysct: 0, bcld: 0, fak: null, fexp: 0, shcr: true, trcd: 0, crst: 0, gtrfrd: 0, hrt: 174, strfrd: 0, sbrt: 0, rtrtm: 0, plcmt: {}, trid: null, kyktid: null, gdc: 0, actrt: 0, lgt: 0, ys: 0, actrp: 0, vexp: 1965298000, actrd: 0, vsexp: 1965298000, compid: 0, shousd: false, vsact: true, pamns: {amn: []}, vret: 0, exp: 85800, vfgc: 0, lvt: 1578583122, ceid: 0, lrnt: 0, cmid: 0, as: null, rpt: 0, dr: true, skid: null, spp: 0, skrt: 0, tts: null, lwts: 0}}}]
Thu Jan 9 21:18:49 GMT+0600 2020 [INFO] Server said: 34: ["o.r.ra", {plr: {usrinf: {rl: 0}, apprnc: {hc: 4, sh: 1, brc: 1, ec: 6, sc: 2, bt: 0, brt: 23, g: 2, ht: 111, mc: 17, fat: 0, mt: 14, pc: 1, et: 31, n: "ilomilo", fac: 1, ssc: 1, ss: 4, bc: 1, shc: 6, nct: 0, pt: 0, fft: 9, rg: 0, rc: 1}, uid: "498", pf: {pf: {vsgst: {tp: "vsgst", l: 20, pgs: 0}, grdnr: {tp: "grdnr", l: 20, pgs: 0}, jntr: {tp: "jntr", l: 20, pgs: 0}, phtghr: {tp: "phtghr", l: 20, pgs: 0}}}, clths: {clths: [{clid: null, tpid: "gNY16BArt"}, {clid: null, tpid: "gDrssCoc1"}, {clid: null, tpid: "gShsCoc1"}, {clid: null, tpid: "gNcklCoc3"}]}, mbm: {sk: "blackMobileSkin", ac: null}, locinfo: {x: 11.3, s: "127.0.0.1", pl: "", y: 4.92, shlc: true, st: 23, d: 4, at: "", l: "salon_sn1_1"}, ci: {crt: 466, eml: null, sbid: null, vip: true, ysct: 0, bcld: 0, fak: null, fexp: 0, shcr: true, trcd: 0, crst: 0, gtrfrd: 0, hrt: 174, strfrd: 0, sbrt: 0, rtrtm: 0, plcmt: {}, trid: null, kyktid: null, gdc: 0, actrt: 0, lgt: 0, ys: 0, actrp: 0, vexp: 1965298000, actrd: 0, vsexp: 1965298000, compid: 0, shousd: false, vsact: true, pamns: {amn: []}, vret: 0, exp: 85800, vfgc: 0, lvt: 1578582879, ceid: 0, lrnt: 0, cmid: 0, as: null, rpt: 0, dr: true, skid: null, spp: 0, skrt: 0, tts: null, lwts: 0}}}]
Thu Jan 9 21:18:47 GMT+0600 2020 [INFO] Client said: 34: [null, "cp.cht.sm", {msg: {cid: null, tp: "chatTypingMessage", sid: "498"}, rid: "salon_sn1_1"}]
Thu Jan 9 21:18:41 GMT+0600 2020 [INFO] Client said: 34: ["salon_sn1_1", "o.r.ra", {}]
Thu Jan 9 21:18:41 GMT+0600 2020 [INFO] Client said: 34: ["salon_sn1_1", "o.r.ra", {}]
Thu Jan 9 21:18:41 GMT+0600 2020 [INFO] Server said: 34: ["a.apprnc.save", {apprnc: {hc: 4, sh: 1, brc: 1, ec: 6, sc: 2, bt: 0, brt: 23, g: 2, ht: 111, mc: 17, fat: 0, mt: 14, pc: 1, et: 31, n: "ilomilo", fac: 1, ssc: 1, ss: 4, bc: 1, shc: 6, nct: 0, pt: 0, fft: 9, rg: 0, rc: 1}}]
Thu Jan 9 21:18:37 GMT+0600 2020 [INFO] Client said: 34: [null, "a.apprnc.save", {apprnc: {hc: 4, sh: 1, brc: 1, ec: 6, sc: 2, bt: 0, brt: 23, g: 2, fat: 0, mc: 17, ht: 111, mt: 14, pc: 1, et: 31, n: "ilomilo", fac: 1, ssc: 1, ss: 4, bc: 1, shc: 6, nct: 0, pt: 0, fft: 9, rg: 0, rc: 1}}]
Thu Jan 9 21:18:35 GMT+0600 2020 [INFO] Server said: 34: ["cp.cht.sm", {msg: {cid: null, tag: null, tp: "chatTextMessage", msg: "КАК КРАСИВО ТУУТ", mid: null, sid: "586"}, rid: "salon_sn1_1"}]
Thu Jan 9 21:18:34 GMT+0600 2020 [INFO] Server said: 34: ["cp.cht.sm", {msg: {cid: null, tp: "chatTypingMessage", sid: "586"}, rid: "salon_sn1_1"}]
Thu Jan 9 21:18:32 GMT+0600 2020 [INFO] Server said: 34: ["cp.cht.sm", {msg: {cid: null, tp: "chatTypingMessage", sid: "586"}, rid: "salon_sn1_1"}]
Thu Jan 9 21:18:31 GMT+0600 2020 [INFO] Server said: 34: ["cp.cht.sm", {msg: {cid: null, tag: null, tp: "chatTextMessage", msg: "КРАСАТАААААААА", mid: null, sid: "586"}, rid: "salon_sn1_1"}]
Thu Jan 9 21:18:30 GMT+0600 2020 [INFO] Server said: 34: ["cp.cht.sm", {msg: {cid: null, tp: "chatTypingMessage", sid: "586"}, rid: "salon_sn1_1"}]
Thu Jan 9 21:18:29 GMT+0600 2020 [INFO] Server said: 34: ["o.r.u", {x: 10.45, d: 4, y: 13.27, st: 23, uid: "586", at: ""}]
Thu Jan 9 21:18:27 GMT+0600 2020 [INFO] Server said: 34: ["o.r.m", {sy: 13.77, dx: 10.45, uid: "586", sx: 12.77, dy: 13.27}]
Thu Jan 9 21:18:25 GMT+0600 2020 [INFO] Server said: 34: ["o.r.u", {x: 12.77, d: 6, y: 13.77, st: 23, uid: "586", at: ""}]
Thu Jan 9 21:18:24 GMT+0600 2020 [INFO] Server said: 34: ["o.r.m", {sy: 13, dx: 12.77, uid: "586", sx: 14, dy: 13.77}]
Thu Jan 9 21:18:16 GMT+0600 2020 [INFO] Server said: 34: ["o.r.ra", {plr: {usrinf: {rl: 0}, apprnc: {hc: 8, sh: 0, brc: 5, ec: 14, sc: 2, bt: 0, brt: 28, g: 2, ht: 88, mc: 4, fat: 0, mt: 23, pc: 1, et: 31, n: "Ariana Grand", fac: 1, ssc: 1, ss: 0, bc: 1, shc: 1, nct: 0, pt: 0, fft: 0, rg: 0, rc: 1}, uid: "586", pf: {pf: {vsgst: {tp: "vsgst", l: 20, pgs: 0}, grdnr: {tp: "grdnr", l: 20, pgs: 0}, jntr: {tp: "jntr", l: 20, pgs: 0}, phtghr: {tp: "phtghr", l: 20, pgs: 0}}}, clths: {clths: [{clid: null, tpid: "girlBtsWnt19Rd"}, {clid: null, tpid: "girlPntsWnt19Rd"}, {clid: null, tpid: "girlBgWnt19Rd"}, {clid: null, tpid: "girlErrWnt19Rd"}, {clid: null, tpid: "girlPlvWnt19Rd"}]}, mbm: {sk: "blackMobileSkin", ac: null}, locinfo: {x: 14.42, s: "127.0.0.1", pl: "", y: 12.6, shlc: true, st: 0, d: 4, at: "", l: "salon_sn1_1"}, ci: {crt: 409, eml: null, sbid: null, vip: true, ysct: 0, bcld: 0, fak: null, fexp: 0, shcr: true, trcd: 0, crst: 0, gtrfrd: 0, hrt: 1880, strfrd: 0, sbrt: 0, rtrtm: 0, plcmt: {}, trid: "yearAvatar", kyktid: null, gdc: 0, actrt: 0, lgt: 0, ys: 0, actrp: 0, vexp: 1965298000, actrd: 0, vsexp: 1965298000, compid: 0, shousd: false, vsact: true, pamns: {amn: []}, vret: 0, exp: 85800, vfgc: 0, lvt: 1578582881, ceid: 0, lrnt: 0, cmid: 0, as: null, rpt: 0, dr: true, skid: null, spp: 0, skrt: 0, tts: null, lwts: 0}}}]
Thu Jan 9 21:18:07 GMT+0600 2020 [INFO] Server said: 34: ["o.r.ra", {plr: {usrinf: {rl: 0}, apprnc: {hc: 8, sh: 0, brc: 5, ec: 14, sc: 2, bt: 0, brt: 28, g: 2, ht: 88, mc: 4, fat: 0, mt: 23, pc: 1, et: 31, n: "Ariana Grand", fac: 1, ssc: 1, ss: 0, bc: 1, shc: 1, nct: 0, pt: 0, fft: 0, rg: 0, rc: 1}, uid: "586", pf: {pf: {vsgst: {tp: "vsgst", l: 20, pgs: 0}, grdnr: {tp: "grdnr", l: 20, pgs: 0}, jntr: {tp: "jntr", l: 20, pgs: 0}, phtghr: {tp: "phtghr", l: 20, pgs: 0}}}, clths: {clths: [{clid: null, tpid: "girlBtsWnt19Rd"}, {clid: null, tpid: "girlPntsWnt19Rd"}, {clid: null, tpid: "girlBgWnt19Rd"}, {clid: null, tpid: "girlErrWnt19Rd"}, {clid: null, tpid: "girlPlvWnt19Rd"}]}, mbm: {sk: "blackMobileSkin", ac: null}, locinfo: {x: 14.42, s: "127.0.0.1", pl: "", y: 12.6, shlc: true, st: 0, d: 4, at: "", l: "salon_sn1_1"}, ci: {crt: 409, eml: null, sbid: null, vip: true, ysct: 0, bcld: 0, fak: null, fexp: 0, shcr: true, trcd: 0, crst: 0, gtrfrd: 0, hrt: 1880, strfrd: 0, sbrt: 0, rtrtm: 0, plcmt: {}, trid: "yearAvatar", kyktid: null, gdc: 0, actrt: 0, lgt: 0, ys: 0, actrp: 0, vexp: 1965298000, actrd: 0, vsexp: 1965298000, compid: 0, shousd: false, vsact: true, pamns: {amn: []}, vret: 0, exp: 85800, vfgc: 0, lvt: 1578582881, ceid: 0, lrnt: 0, cmid: 0, as: null, rpt: 0, dr: true, skid: null, spp: 0, skrt: 0, tts: null, lwts: 0}}}]
Thu Jan 9 21:18:03 GMT+0600 2020 [INFO] Server said: 34: ["o.r.u", {x: 14.42, st: 0, d: 1, y: 12.6, uid: "586"}]
Thu Jan 9 21:17:42 GMT+0600 2020 [INFO] Server said: 34: ["o.r.m", {sy: 2.31, dx: 10.22, uid: "1068", sx: 12.73, dy: 0.5}]
Thu Jan 9 21:17:41 GMT+0600 2020 [INFO] Server said: 34: ["o.r.u", {x: 12.73, st: 1, uid: "1068", y: 2.31, d: 5, at: "sitItem12"}]
Thu Jan 9 21:17:40 GMT+0600 2020 [INFO] Server said: 34: ["o.r.u", {x: 12.73, st: 23, uid: "1068", y: 2.31, d: 5, at: ""}]
Thu Jan 9 21:17:38 GMT+0600 2020 [INFO] Server said: 34: ["o.r.m", {sy: 1.5, dx: 12.73, uid: "1068", sx: 15.5, dy: 2.31}]
Thu Jan 9 21:17:37 GMT+0600 2020 [INFO] Server said: 34: ["o.r.u", {x: 15.5, d: 4, st: 0, uid: "1068", y: 1.5}]
Thu Jan 9 21:17:23 GMT+0600 2020 [INFO] Server said: 34: ["o.r.u", {x: 14.42, d: 2, y: 12.6, st: 1, uid: "586", at: "salonActiveChairItem21"}]
Thu Jan 9 21:17:22 GMT+0600 2020 [INFO] Server said: 34: ["o.r.u", {x: 14.42, d: 2, y: 12.6, st: 23, uid: "586", at: ""}]
Thu Jan 9 21:17:19 GMT+0600 2020 [INFO] Server said: 16: ["salon_sn1_1", "1068"]