ClientError: Thu Jan 9 21:29:11 GMT+0700 2020 [CRITICAL] [house] *Uncaught Error* ErrorId: 2007 ErrorName: TypeError ErrorMessage:Error #2007 ErrorStackTrace:TypeError: Error #2007
	at _-0qh::TextHelper$/createTextField()
	at _-4Ta::_-1X-/_-41t()
	at _-4Ta::_-1X-/onAvatarChanged()
	at flash.events::EventDispatcher/dispatchEvent()
	at _-0Q0::_-3v3/_-3b0()
	at flash.events::EventDispatcher/dispatchEvent()
	at ags::_-2t/_-2dI()
	at flash.events::EventDispatcher/dispatchEvent()
	at _-0en::_-0O8/_-1LF()
	at _-0en::_-0O8/execute()
	at ags::AGSClient/_-0i9()
	at ags::AGSClient/_-2ZF()
	at ags::AGSClient/_-2Ea()
Thu Jan 9 21:29:11 GMT+0700 2020 [INFO] Client said: 34: ["house_194_livingroom", "h.r.ra", {}]
Thu Jan 9 21:29:11 GMT+0700 2020 [INFO] Server said: 34: ["a.clths.wear", {ccltn: {cct: ["girlTShrtCllPnd", "girlPntsPnd", "girlTShrtPnd", "girlBckPckPnd", "girlBtsPnd"]}, inv: {c: {cls: {id: "cls", it: [{c: 1, iid: "", tid: "girlUnderdress1"}, {c: 1, iid: "", tid: "girlUnderdress2"}, {tid: "girlShirt12", c: 1, iid: ""}, {tid: "girlShoes14", c: 1, iid: ""}, {tid: "girlPants9", c: 1, iid: ""}, {tid: "girlNY20VKGiftPllvCnd", c: 1, iid: ""}, {tid: "girlFA18Wig", c: 1, iid: ""}, {tid: "girlFA18Skt", c: 1, iid: ""}, {tid: "girlFA18TShrt", c: 1, iid: ""}, {tid: "girlFA18Bts", c: 1, iid: ""}, {tid: "girlFA18Tghts", c: 1, iid: ""}, {tid: "girlFA18Bag", c: 1, iid: ""}]}, gm: {id: "gm", it: [{tid: "blackMobileSkin", c: 1, iid: ""}]}, frn: {id: "frn", it: []}, lt: {id: "lt", it: []}, act: {id: "act", it: []}}}, cn: "", clths: {clths: [{tpid: "girlTShrtCllPnd", clid: null}, {tpid: "girlPntsPnd", clid: null}, {tpid: "girlTShrtPnd", clid: null}, {tpid: "girlBckPckPnd", clid: null}, {tpid: "girlBtsPnd", clid: null}]}, ctp: "casual"}]
Thu Jan 9 21:29:06 GMT+0700 2020 [INFO] Client said: 34: [null, "psp.sttrph", {trid: "firstApril16Place3"}]
Thu Jan 9 21:29:02 GMT+0700 2020 [INFO] Client said: 34: ["house_194_livingroom", "h.r.u", {x: 5.75, st: 23, y: 8, at: "", uid: "194", d: 4}]
Thu Jan 9 21:29:01 GMT+0700 2020 [INFO] Client said: 34: ["house_194_livingroom", "h.r.m", {dx: 5.75, sy: 7.25, uid: "194", dy: 8, sx: 5.75}]
Thu Jan 9 21:29:01 GMT+0700 2020 [INFO] Client said: 34: ["house_194_livingroom", "h.r.u", {x: 5.75, st: 3, y: 7.25, at: "danceGirl2", uid: "194", d: 5}]
Thu Jan 9 21:28:58 GMT+0700 2020 [INFO] Server said: 34: ["h.r.ra", {plr: {pf: {pf: {vsgst: {tp: "vsgst", pgs: 0, l: 20}, grdnr: {tp: "grdnr", pgs: 0, l: 20}, jntr: {tp: "jntr", pgs: 0, l: 20}, phtghr: {tp: "phtghr", pgs: 0, l: 20}}}, usrinf: {rl: 0}, locinfo: {x: 8.33, s: "127.0.0.1", st: 23, y: 9.39, d: 4, shlc: true, at: "", l: "house_194_livingroom", pl: ""}, ci: {plcmt: {}, exp: 85800, ysct: 0, pamns: {amn: []}, crt: 1965, fak: null, crst: 0, gdc: 0, lwts: 0, shcr: true, lgt: 0, vip: true, gtrfrd: 0, strfrd: 0, rtrtm: 0, vexp: 1965298000, kyktid: null, vsexp: 1965298000, ys: 0, actrt: 0, vsact: true, skid: null, compid: 0, vret: 0, skrt: 0, trcd: 0, vfgc: 0, bcld: 0, trid: null, actrd: 0, ceid: 0, actrp: 0, shousd: false, cmid: 0, sbrt: 0, fexp: 0, rpt: 0, dr: true, lvt: 1578579794, spp: 0, sbid: null, lrnt: 0, tts: null, as: null, eml: null, hrt: 174}, uid: "194", mbm: {sk: "blackMobileSkin", ac: null}, apprnc: {ssc: 1, sc: 3, ht: 125, brt: 29, ss: 0, rg: 0, ec: 1, g: 2, sh: 0, mt: 4, fft: 0, fac: 1, n: "Julia", bc: 1, mc: 4, hc: 3, pt: 0, pc: 1, et: 36, fat: 0, shc: 1, nct: 0, bt: 0, brc: 3, rc: 1}, clths: {clths: [{tpid: "girlFA18Wig", clid: null}, {tpid: "girlFA18Skt", clid: null}, {tpid: "girlFA18TShrt", clid: null}, {tpid: "girlFA18Bts", clid: null}, {tpid: "girlFA18Tghts", clid: null}, {tpid: "girlFA18Bag", clid: null}]}}}]
Thu Jan 9 21:28:55 GMT+0700 2020 [INFO] Client said: 34: ["house_194_livingroom", "h.r.u", {x: 5.75, st: 23, y: 7.25, at: "", uid: "194", d: 5}]
Thu Jan 9 21:28:55 GMT+0700 2020 [INFO] Client said: 34: ["house_194_livingroom", "h.r.m", {dx: 5.75, sy: 6.4, uid: "194", dy: 7.25, sx: 6.79}]
Thu Jan 9 21:28:54 GMT+0700 2020 [INFO] Client said: 34: ["house_194_livingroom", "h.r.m", {dx: 7.05, sy: 7.09, uid: "194", dy: 4.98, sx: 6.09}]
Thu Jan 9 21:28:53 GMT+0700 2020 [INFO] Client said: 34: ["house_194_livingroom", "h.r.ra", {}]
Thu Jan 9 21:28:53 GMT+0700 2020 [INFO] Server said: 34: ["a.clths.buy", {ccltn: {cct: ["girlFA18Wig", "girlFA18Skt", "girlFA18TShrt", "girlFA18Bts", "girlFA18Tghts", "girlFA18Bag"], cn: "", ctp: "casual"}, crt: 1965, inv: {c: {cls: {id: "cls", it: [{c: 1, iid: "", tid: "girlUnderdress1"}, {c: 1, iid: "", tid: "girlUnderdress2"}, {tid: "girlShirt12", c: 1, iid: ""}, {tid: "girlShoes14", c: 1, iid: ""}, {tid: "girlPants9", c: 1, iid: ""}, {tid: "girlNY20VKGiftPllvCnd", c: 1, iid: ""}, {tid: "girlTShrtPnd", c: 1, iid: ""}, {tid: "girlTShrtCllPnd", c: 1, iid: ""}, {tid: "girlPntsPnd", c: 1, iid: ""}, {tid: "girlBtsPnd", c: 1, iid: ""}, {tid: "girlBckPckPnd", c: 1, iid: ""}]}, gm: {id: "gm", it: [{tid: "blackMobileSkin", c: 1, iid: ""}]}, frn: {id: "frn", it: []}, lt: {id: "lt", it: []}, act: {id: "act", it: []}}}, clths: {clths: [{tpid: "girlFA18Wig", clid: null}, {tpid: "girlFA18Skt", clid: null}, {tpid: "girlFA18TShrt", clid: null}, {tpid: "girlFA18Bts", clid: null}, {tpid: "girlFA18Tghts", clid: null}, {tpid: "girlFA18Bag", clid: null}]}, res: {emd: 0, slvr: 12000, enrg: 500, gld: 2384}}]
Thu Jan 9 21:28:47 GMT+0700 2020 [INFO] Client said: 34: [null, "a.clths.wear", {clths: [{tpid: "girlTShrtCllPnd", clid: null}, {tpid: "girlBckPckPnd", clid: null}, {tpid: "girlBtsPnd", clid: null}, {tpid: "girlTShrtPnd", clid: ""}, {tpid: "girlPntsPnd", clid: ""}], ctp: "casual"}]
Thu Jan 9 21:28:36 GMT+0700 2020 [INFO] Client said: 34: ["house_194_livingroom", "h.r.u", {x: 6.09, st: 23, y: 7.09, at: "", uid: "194", d: 7}]
Thu Jan 9 21:28:34 GMT+0700 2020 [INFO] Client said: 34: ["house_194_livingroom", "h.r.m", {dx: 6.09, sy: 7.75, uid: "194", dy: 7.09, sx: 7.91}]
Thu Jan 9 21:28:33 GMT+0700 2020 [INFO] Client said: 34: ["house_194_livingroom", "h.r.m", {dx: 7.13, sy: 9.39, uid: "194", dy: 6.56, sx: 8.33}]
Thu Jan 9 21:28:33 GMT+0700 2020 [INFO] Client said: 34: ["house_194_livingroom", "h.r.ra", {}]
Thu Jan 9 21:28:33 GMT+0700 2020 [INFO] Server said: 34: ["a.clths.buy", {ccltn: {cct: ["girlTShrtCllPnd", "girlPntsPnd", "girlTShrtPnd", "girlBckPckPnd", "girlBtsPnd"], cn: "", ctp: "casual"}, crt: 565, inv: {c: {cls: {id: "cls", it: [{c: 1, iid: "", tid: "girlUnderdress1"}, {c: 1, iid: "", tid: "girlUnderdress2"}, {tid: "girlShirt12", c: 1, iid: ""}, {tid: "girlShoes14", c: 1, iid: ""}, {tid: "girlPants9", c: 1, iid: ""}, {tid: "girlNY20VKGiftPllvCnd", c: 1, iid: ""}]}, gm: {id: "gm", it: [{tid: "blackMobileSkin", c: 1, iid: ""}]}, frn: {id: "frn", it: []}, lt: {id: "lt", it: []}, act: {id: "act", it: []}}}, clths: {clths: [{tpid: "girlTShrtCllPnd", clid: null}, {tpid: "girlPntsPnd", clid: null}, {tpid: "girlTShrtPnd", clid: null}, {tpid: "girlBckPckPnd", clid: null}, {tpid: "girlBtsPnd", clid: null}]}, res: {emd: 0, slvr: 12000, enrg: 500, gld: 2882}}]
Thu Jan 9 21:28:20 GMT+0700 2020 [INFO] Client said: 34: [null, "a.clths.bst", {tpid: "girlFA2018Set", pind: 1, ctp: "casual"}]
Thu Jan 9 21:28:14 GMT+0700 2020 [INFO] Client said: 34: [null, "a.clths.bst", {tpid: "girlPndSet", pind: 1, ctp: "casual"}]
Thu Jan 9 21:27:59 GMT+0700 2020 [INFO] Server said: 34: ["b.inslv", {inslv: 1000}]
Thu Jan 9 21:27:59 GMT+0700 2020 [INFO] Server said: 34: ["ntf.res", {res: {emd: 0, slvr: 12000, gld: 3040, enrg: 500}}]
Thu Jan 9 21:27:59 GMT+0700 2020 [INFO] Client said: 34: [null, "b.bs", {gld: 10}]
Thu Jan 9 21:27:54 GMT+0700 2020 [INFO] Server said: 34: ["b.inslv", {inslv: 1000}]
Thu Jan 9 21:27:54 GMT+0700 2020 [INFO] Server said: 34: ["ntf.res", {res: {emd: 0, slvr: 11000, gld: 3050, enrg: 500}}]
Thu Jan 9 21:27:53 GMT+0700 2020 [INFO] Client said: 34: [null, "b.bs", {gld: 10}]
Thu Jan 9 21:27:39 GMT+0700 2020 [INFO] Server said: 34: ["h.r.ra", {plr: {pf: {pf: {vsgst: {tp: "vsgst", pgs: 0, l: 20}, grdnr: {tp: "grdnr", pgs: 0, l: 20}, jntr: {tp: "jntr", pgs: 0, l: 20}, phtghr: {tp: "phtghr", pgs: 0, l: 20}}}, usrinf: {rl: 0}, locinfo: {x: 8.33, s: "127.0.0.1", st: 23, y: 9.39, d: 4, shlc: true, at: "", l: "house_194_livingroom", pl: ""}, ci: {plcmt: {}, exp: 85800, ysct: 0, pamns: {amn: []}, crt: 170, fak: null, crst: 0, gdc: 0, lwts: 0, shcr: true, lgt: 0, vip: true, gtrfrd: 0, strfrd: 0, rtrtm: 0, vexp: 1965298000, kyktid: null, vsexp: 1965298000, ys: 0, actrt: 0, vsact: true, skid: null, compid: 0, vret: 0, skrt: 0, trcd: 0, vfgc: 0, bcld: 0, trid: null, actrd: 0, ceid: 0, actrp: 0, shousd: false, cmid: 0, sbrt: 0, fexp: 0, rpt: 0, dr: true, lvt: 1578579794, spp: 0, sbid: null, lrnt: 0, tts: null, as: null, eml: null, hrt: 174}, uid: "194", mbm: {sk: "blackMobileSkin", ac: null}, apprnc: {ssc: 1, sc: 3, ht: 125, brt: 29, ss: 0, rg: 0, ec: 1, g: 2, sh: 0, mt: 4, fft: 0, fac: 1, n: "Julia", bc: 1, mc: 4, hc: 3, pt: 0, pc: 1, et: 36, fat: 0, shc: 1, nct: 0, bt: 0, brc: 3, rc: 1}, clths: {clths: [{tpid: "girlNY20VKGiftPllvCnd", clid: null}, {tpid: "girlShoes14", clid: null}, {tpid: "girlPants9", clid: null}]}}}]
Thu Jan 9 21:27:35 GMT+0700 2020 [INFO] Client said: 34: ["house_194_livingroom", "h.r.ra", {}]
Thu Jan 9 21:27:35 GMT+0700 2020 [INFO] Server said: 34: ["a.clths.buy", {ccltn: {cct: ["girlNY20VKGiftPllvCnd", "girlShoes14", "girlPants9"], cn: "", ctp: "casual"}, crt: 170, inv: {c: {cls: {id: "cls", it: [{c: 1, iid: "", tid: "girlUnderdress1"}, {c: 1, iid: "", tid: "girlUnderdress2"}, {tid: "girlShirt12", c: 1, iid: ""}]}, gm: {id: "gm", it: [{tid: "blackMobileSkin", c: 1, iid: ""}]}, frn: {id: "frn", it: []}, lt: {id: "lt", it: []}, act: {id: "act", it: []}}}, clths: {clths: [{tpid: "girlNY20VKGiftPllvCnd", clid: null}, {tpid: "girlShoes14", clid: null}, {tpid: "girlPants9", clid: null}]}, res: {emd: 0, slvr: 10000, enrg: 500, gld: 3060}}]
Thu Jan 9 21:27:30 GMT+0700 2020 [INFO] Client said: 34: [null, "a.clths.buy", {tpid: "girlNY20VKGiftPllvCnd", pind: 1, ctp: "casual"}]
Thu Jan 9 21:27:09 GMT+0700 2020 [INFO] Client said: 34: ["house_194_livingroom", "h.r.u", {x: 8.33, st: 23, y: 9.39, at: "", uid: "194", d: 4}]
Thu Jan 9 21:27:05 GMT+0700 2020 [INFO] Client said: 34: ["house_194_livingroom", "h.r.m", {dx: 8.33, sy: 2, uid: "194", dy: 9.39, sx: 5.94}]
Thu Jan 9 21:26:50 GMT+0700 2020 [INFO] Server said: 34: ["b.ingld", {ingld: 1500}]
Thu Jan 9 21:26:49 GMT+0700 2020 [INFO] Server said: 34: ["ntf.res", {res: {emd: 0, slvr: 10000, gld: 3100, enrg: 500}}]
Thu Jan 9 21:26:49 GMT+0700 2020 [INFO] [YandexMetrics.reachGoal] Call reach goal 'click_buy_product' for counter 31321471
Thu Jan 9 21:26:49 GMT+0700 2020 [INFO] Client said: 34: [null, "b.chkprchs", {qnt: 1, prid: "pack1500", pmnt: null}]
Thu Jan 9 21:26:48 GMT+0700 2020 [INFO] [YandexMetrics.reachGoal] Call reach goal 'show_payment_dialog' for counter 31321471
Thu Jan 9 21:26:45 GMT+0700 2020 [INFO] Server said: 34: ["b.ingld", {ingld: 1500}]