ClientError: Thu Jan 9 22:04:31 GMT+0700 2020 [CRITICAL] [salon] *Uncaught Error* ErrorId: 1009 ErrorName: TypeError ErrorMessage:Error #1009 ErrorStackTrace:TypeError: Error #1009
	at _-0eV::RoomMemberContainer/addAvatar()
	at _-PQ::BaseRoomScreen/addAvatar()
	at _-PQ::BaseRoomScreen/onRefreshAvatar()
	at flash.events::EventDispatcher/dispatchEvent()
	at _-2CM::BaseRoomNetManager/onRefreshAvatar()
	at flash.events::EventDispatcher/dispatchEvent()
	at ags::_-2t/_-2dI()
	at flash.events::EventDispatcher/dispatchEvent()
	at _-0en::_-0O8/_-1LF()
	at _-0en::_-0O8/execute()
	at ags::AGSClient/_-0i9()
	at ags::AGSClient/_-2ZF()
	at ags::AGSClient/_-2Ea()
Thu Jan 9 22:04:31 GMT+0700 2020 [INFO] Server said: 34: ["o.r.ra", {plr: {apprnc: {hc: 7, nct: 0, rc: 1, bt: 0, g: 2, pc: 1, fac: 1, et: 34, sc: 2, n: "ДОХЛАЯ", brt: 18, rg: 0, pt: 0, shc: 1, fat: 0, ht: 129, brc: 1, ss: 0, sh: 0, bc: 1, ssc: 1, mc: 2, ec: 1, fft: 7, mt: 31}, pf: {pf: {vsgst: {tp: "vsgst", pgs: 0, l: 20}, jntr: {tp: "jntr", pgs: 0, l: 20}, phtghr: {tp: "phtghr", pgs: 0, l: 20}, grdnr: {tp: "grdnr", pgs: 0, l: 20}}}, ci: {bcld: 0, rtrtm: 0, actrt: 0, trid: null, fexp: 0, eml: null, crt: 10, lvt: 1578581990, sbid: null, actrd: 0, lrnt: 0, sbrt: 0, ys: 0, vip: true, skid: null, compid: 0, rpt: 0, fak: null, cmid: 0, spp: 0, hrt: 174, vfgc: 0, as: null, skrt: 0, pamns: {amn: []}, gtrfrd: 0, trcd: 0, dr: true, gdc: 0, lwts: 0, lgt: 0, strfrd: 0, tts: null, shousd: false, plcmt: {}, vret: 0, vexp: 1965298000, ceid: 0, shcr: true, vsexp: 1965298000, ysct: 0, exp: 85800, actrp: 0, crst: 0, vsact: true, kyktid: null}, mbm: {sk: "blackMobileSkin", ac: null}, usrinf: {rl: 0}, locinfo: {x: 9.08, s: "127.0.0.1", y: 2.64, at: "", st: 23, d: 4, pl: "", l: "salon_sn1_1", shlc: true}, uid: "328", clths: {clths: [{clid: null, tpid: "girlShirt12"}, {clid: null, tpid: "girlShoes14"}, {clid: null, tpid: "girlPants9"}]}}}]
Thu Jan 9 22:04:28 GMT+0700 2020 [INFO] Server said: 34: ["cp.cht.sm", {rid: "salon_sn1_1", msg: {tp: "chatTypingMessage", sid: "624", cid: null}}]
Thu Jan 9 22:04:28 GMT+0700 2020 [INFO] Client said: 34: ["salon_sn1_1", "o.r.info", {rid: "sn1"}]
Thu Jan 9 22:04:28 GMT+0700 2020 [INFO] Server said: 34: ["o.gr", {rid: "salon_sn1_1"}]
Thu Jan 9 22:04:28 GMT+0700 2020 [INFO] Server said: 16: ["salon_sn1_1", "194"]
Thu Jan 9 22:04:28 GMT+0700 2020 [INFO] Server said: 34: ["o.r.m", {dx: 9.8, dy: 6.55, sx: 15.5, sy: 1.5, uid: "140"}]
Thu Jan 9 22:04:28 GMT+0700 2020 [INFO] Server said: 34: ["o.r.jn", {plr: {apprnc: {hc: 3, nct: 0, rc: 1, bt: 0, g: 2, pc: 1, fac: 1, et: 36, sc: 3, n: "Julia", brt: 29, rg: 0, pt: 0, shc: 1, fat: 0, ht: 125, brc: 3, ss: 0, sh: 0, bc: 1, ssc: 1, mc: 4, ec: 1, fft: 0, mt: 4}, pf: {pf: {vsgst: {tp: "vsgst", pgs: 0, l: 20}, jntr: {tp: "jntr", pgs: 0, l: 20}, phtghr: {tp: "phtghr", pgs: 0, l: 20}, grdnr: {tp: "grdnr", pgs: 0, l: 20}}}, ci: {bcld: 0, rtrtm: 0, actrt: 0, trid: "freelanceModerator", fexp: 0, eml: null, crt: 6705, lvt: 1578582253, sbid: null, actrd: 0, lrnt: 0, sbrt: 0, ys: 0, vip: true, skid: null, compid: 0, rpt: 0, fak: null, cmid: 0, spp: 0, hrt: 1287, vfgc: 0, as: null, skrt: 0, pamns: {amn: []}, gtrfrd: 0, trcd: 0, dr: true, gdc: 0, lwts: 0, lgt: 0, strfrd: 0, tts: null, shousd: false, plcmt: {}, vret: 0, vexp: 1965298000, ceid: 0, shcr: true, vsexp: 1965298000, ysct: 0, exp: 85800, actrp: 0, crst: 0, vsact: true, kyktid: null}, mbm: {sk: "blackMobileSkin", ac: null}, usrinf: {rl: 0}, locinfo: {x: -1, s: "127.0.0.1", y: -1, at: "", st: 0, d: 4, pl: "", l: "salon_sn1_1", shlc: true}, uid: "194", clths: {clths: [{clid: null, tpid: "girlPntsPnd"}, {clid: null, tpid: "girlNY20VKGiftPllvDr"}, {clid: null, tpid: "girlBtsPnd"}, {clid: null, tpid: "girlCrwnNY19"}]}}}]
Thu Jan 9 22:04:25 GMT+0700 2020 [INFO] Server said: 34: ["cp.cht.sm", {rid: "salon_sn1_1", msg: {tp: "chatTypingMessage", sid: "624", cid: null}}]
Thu Jan 9 22:04:22 GMT+0700 2020 [INFO] Server said: 34: ["o.r.u", {x: 15.5, st: 0, d: 4, y: 1.5, uid: "140"}]
Thu Jan 9 22:04:21 GMT+0700 2020 [INFO] Server said: 34: ["cp.cht.sm", {rid: "salon_sn1_1", msg: {tp: "chatTypingMessage", sid: "624", cid: null}}]
Thu Jan 9 22:04:19 GMT+0700 2020 [INFO] Server said: 34: ["o.r.u", {x: 9.56, st: 23, y: 13.06, at: "", d: 5, uid: "634"}]
Thu Jan 9 22:04:16 GMT+0700 2020 [INFO] Server said: 34: ["o.r.m", {dx: 9.56, sx: 10.64, dy: 13.06, sy: 12.14, uid: "634"}]
Thu Jan 9 22:04:14 GMT+0700 2020 [INFO] Server said: 34: ["o.r.u", {x: 10.64, st: 23, y: 12.14, at: "", d: 0, uid: "634"}]
Thu Jan 9 22:04:14 GMT+0700 2020 [INFO] Server said: 34: ["o.r.u", {x: 9.89, d: 5, y: 7.08, at: "", st: 23, uid: "849"}]
Thu Jan 9 22:04:13 GMT+0700 2020 [INFO] Server said: 34: ["o.r.m", {dx: 10.92, sx: 15.5, dy: 7.17, sy: 1.5, uid: "558"}]
Thu Jan 9 22:04:13 GMT+0700 2020 [INFO] Server said: 34: ["o.r.m", {dx: 10.64, sx: 10.27, dy: 12.14, sy: 13.33, uid: "634"}]
Thu Jan 9 22:04:12 GMT+0700 2020 [INFO] Client said: 34: [null, "o.gr", {gid: "sn1", lid: "salon"}]
Thu Jan 9 22:04:12 GMT+0700 2020 [INFO] Server said: 1: ["194", true, false, false]
Thu Jan 9 22:04:04 GMT+0700 2020 [INFO] Client said: 1: ["street", "194", "kTDwIGKeeDwLQGJGziei", {clvrn: "84.0.4", v: 2}]
Thu Jan 9 22:04:02 GMT+0700 2020 [INFO] Client said: 2: []
Thu Jan 9 22:04:02 GMT+0700 2020 [INFO] Loaded  LoadingItem(url: http://62.113.113.58:8080/files/swf/Salon_1fe14ef0cdf189794ef74d591993d3f5.swf, status: 2) 
Thu Jan 9 22:04:01 GMT+0700 2020 [INFO] Client said: 17: ["house_194_livingroom"]
Thu Jan 9 22:03:53 GMT+0700 2020 [INFO] Server said: 34: ["ev.evi", {id: 333, ev: {tp: 1, st: 1578582046, l: "club_v1e", lg: 30, ml: 1, id: 333, fo: false, uid: "333", r: 8, ac: false, tt: "вииииип", ci: 0, ds: "иди", unm: "настя", ft: 1578583846, c: 0}, plr: {apprnc: {hc: 2, nct: 0, rc: 1, bt: 0, g: 2, pc: 1, fac: 1, et: 2, sc: 1, n: "настя", brt: 29, rg: 0, pt: 0, shc: 1, fat: 0, ht: 130, brc: 4, ss: 0, sh: 0, bc: 1, ssc: 1, mc: 4, ec: 2, fft: 0, mt: 4}, uid: "333", clths: {clths: [{clid: null, tpid: "girlTShrtIris"}, {clid: null, tpid: "girlPants9"}, {clid: null, tpid: "girlShoes14"}]}}}]
Thu Jan 9 22:03:52 GMT+0700 2020 [INFO] Server said: 34: ["ev.evi", {id: 333, ev: {tp: 1, st: 1578582046, l: "club_v1e", lg: 30, ml: 1, id: 333, fo: false, uid: "333", r: 8, ac: false, tt: "вииииип", ci: 0, ds: "иди", unm: "настя", ft: 1578583846, c: 0}, plr: {apprnc: {hc: 2, nct: 0, rc: 1, bt: 0, g: 2, pc: 1, fac: 1, et: 2, sc: 1, n: "настя", brt: 29, rg: 0, pt: 0, shc: 1, fat: 0, ht: 130, brc: 4, ss: 0, sh: 0, bc: 1, ssc: 1, mc: 4, ec: 2, fft: 0, mt: 4}, uid: "333", clths: {clths: [{clid: null, tpid: "girlTShrtIris"}, {clid: null, tpid: "girlPants9"}, {clid: null, tpid: "girlShoes14"}]}}}]
Thu Jan 9 22:03:47 GMT+0700 2020 [INFO] Server said: 34: ["ev.evi", {id: 333, ev: {tp: 1, st: 1578582046, l: "club_v1e", lg: 30, ml: 1, id: 333, fo: false, uid: "333", r: 8, ac: false, tt: "вииииип", ci: 0, ds: "иди", unm: "настя", ft: 1578583846, c: 0}, plr: {apprnc: {hc: 2, nct: 0, rc: 1, bt: 0, g: 2, pc: 1, fac: 1, et: 2, sc: 1, n: "настя", brt: 29, rg: 0, pt: 0, shc: 1, fat: 0, ht: 130, brc: 4, ss: 0, sh: 0, bc: 1, ssc: 1, mc: 4, ec: 2, fft: 0, mt: 4}, uid: "333", clths: {clths: [{clid: null, tpid: "girlTShrtIris"}, {clid: null, tpid: "girlPants9"}, {clid: null, tpid: "girlShoes14"}]}}}]
Thu Jan 9 22:03:46 GMT+0700 2020 [INFO] Server said: 34: ["ev.evi", {id: 333, ev: {tp: 1, st: 1578582046, l: "club_v1e", lg: 30, ml: 1, id: 333, fo: false, uid: "333", r: 8, ac: false, tt: "вииииип", ci: 0, ds: "иди", unm: "настя", ft: 1578583846, c: 0}, plr: {apprnc: {hc: 2, nct: 0, rc: 1, bt: 0, g: 2, pc: 1, fac: 1, et: 2, sc: 1, n: "настя", brt: 29, rg: 0, pt: 0, shc: 1, fat: 0, ht: 130, brc: 4, ss: 0, sh: 0, bc: 1, ssc: 1, mc: 4, ec: 2, fft: 0, mt: 4}, uid: "333", clths: {clths: [{clid: null, tpid: "girlTShrtIris"}, {clid: null, tpid: "girlPants9"}, {clid: null, tpid: "girlShoes14"}]}}}]
Thu Jan 9 22:03:43 GMT+0700 2020 [INFO] Server said: 34: ["ev.evi", {id: 333, ev: {tp: 1, st: 1578582046, l: "club_v1e", lg: 30, ml: 1, id: 333, fo: false, uid: "333", r: 8, ac: false, tt: "вииииип", ci: 0, ds: "иди", unm: "настя", ft: 1578583846, c: 0}, plr: {apprnc: {hc: 2, nct: 0, rc: 1, bt: 0, g: 2, pc: 1, fac: 1, et: 2, sc: 1, n: "настя", brt: 29, rg: 0, pt: 0, shc: 1, fat: 0, ht: 130, brc: 4, ss: 0, sh: 0, bc: 1, ssc: 1, mc: 4, ec: 2, fft: 0, mt: 4}, uid: "333", clths: {clths: [{clid: null, tpid: "girlTShrtIris"}, {clid: null, tpid: "girlPants9"}, {clid: null, tpid: "girlShoes14"}]}}}]
Thu Jan 9 22:03:41 GMT+0700 2020 [INFO] Server said: 34: ["ev.evi", {id: 333, ev: {tp: 1, st: 1578582046, l: "club_v1e", lg: 30, ml: 1, id: 333, fo: false, uid: "333", r: 8, ac: false, tt: "вииииип", ci: 0, ds: "иди", unm: "настя", ft: 1578583846, c: 0}, plr: {apprnc: {hc: 2, nct: 0, rc: 1, bt: 0, g: 2, pc: 1, fac: 1, et: 2, sc: 1, n: "настя", brt: 29, rg: 0, pt: 0, shc: 1, fat: 0, ht: 130, brc: 4, ss: 0, sh: 0, bc: 1, ssc: 1, mc: 4, ec: 2, fft: 0, mt: 4}, uid: "333", clths: {clths: [{clid: null, tpid: "girlTShrtIris"}, {clid: null, tpid: "girlPants9"}, {clid: null, tpid: "girlShoes14"}]}}}]
Thu Jan 9 22:03:41 GMT+0700 2020 [INFO] Client said: 34: [null, "ev.evi", {id: 333}]
Thu Jan 9 22:03:40 GMT+0700 2020 [INFO] Client said: 34: [null, "ev.evi", {id: 333}]
Thu Jan 9 22:03:40 GMT+0700 2020 [INFO] Client said: 34: [null, "ev.evi", {id: 333}]
Thu Jan 9 22:03:40 GMT+0700 2020 [INFO] Client said: 34: [null, "ev.evi", {id: 333}]
Thu Jan 9 22:03:40 GMT+0700 2020 [INFO] Client said: 34: [null, "ev.evi", {id: 333}]
Thu Jan 9 22:03:38 GMT+0700 2020 [INFO] Client said: 34: [null, "ev.evi", {id: 333}]
Thu Jan 9 22:03:36 GMT+0700 2020 [INFO] Server said: 34: ["ev.gse", {}]
Thu Jan 9 22:03:35 GMT+0700 2020 [INFO] Server said: 34: ["ev.get", {tg: "", evlst: [{tp: 1, st: 1578582046, l: "club_v1e", lg: 30, ml: 1, id: 333, fo: false, uid: "333", r: 8, ac: false, tt: "вииииип", ci: 0, ds: "иди", unm: "настя", ft: 1578583846, c: 0}], c: -1}]
Thu Jan 9 22:03:33 GMT+0700 2020 [INFO] Client said: 34: [null, "ev.gse", {}]
Thu Jan 9 22:03:33 GMT+0700 2020 [INFO] Client said: 34: [null, "ev.get", {fof: false, tg: "", c: -1}]