ClientError: Thu Jan 9 19:16:20 GMT+0400 2020 [CRITICAL] [house] *Uncaught Error* ErrorId: 1009 ErrorName: TypeError ErrorMessage:Error #1009 ErrorStackTrace:TypeError: Error #1009
	at _-371::SupportNetManager/init()
	at _-4I::_-Ss/init()
	at _-Qp::_-1DK/onAddedToStage()
	at _-0qh::UIManager/_-1oS()
	at _-0qh::UIManager/showModal()
	at _-Qp::_-1DK/showModal()
	at _-19Y::TopPanel/_-3oC()
Thu Jan 9 19:16:15 GMT+0400 2020 [INFO] Client said: 34: ["house_1068_livingroom", "h.r.u", {x: 7.81, uid: "1068", at: "", y: 1, d: 5, st: 23}]
Thu Jan 9 19:16:15 GMT+0400 2020 [INFO] Client said: 34: ["house_1068_livingroom", "h.r.m", {sx: 8.82, dx: 7.81, uid: "1068", sy: 0.1, dy: 1}]
Thu Jan 9 19:16:12 GMT+0400 2020 [INFO] Client said: 34: ["house_1068_livingroom", "h.r.m", {sx: 4.05, dx: 11.5, uid: "1068", sy: 0.1, dy: 0.5}]
Thu Jan 9 19:16:06 GMT+0400 2020 [INFO] Client said: 34: ["house_1068_livingroom", "h.r.u", {x: 4.05, uid: "1068", d: 4, y: 0.1, st: 0}]
Thu Jan 9 19:16:06 GMT+0400 2020 [INFO] Server said: 34: ["lg.lst", {glst: []}]
Thu Jan 9 19:16:06 GMT+0400 2020 [INFO] Client said: 34: ["house_1068_livingroom", "lg.lst", {}]
Thu Jan 9 19:16:05 GMT+0400 2020 [INFO] Server said: 34: ["h.r.info", {rm: {nm: "#livingRoom", lev: 1, l: 13, f: [{x: 0, y: 0, lid: 1, z: 0, tpid: "wall15", d: 3}, {x: 3, y: 0, lid: 4, rid: "outside", z: 0, tpid: "door4", d: 3}, {x: 13, y: 0, lid: 2, z: 0, tpid: "wall15", d: 5}, {x: 0, y: 0, lid: 3, z: 0, tpid: "floor4", d: 5}], w: 13, id: "livingroom"}, evn: null, rmmb: [{apprnc: {ss: 0, ht: 132, fat: 0, g: 2, sh: 0, rg: 0, sc: 3, hc: 7, mc: 3, rc: 1, ec: 5, bt: 0, fac: 1, pt: 0, et: 8, brc: 2, pc: 1, nct: 0, n: "Vaibornsizl", fft: 0, brt: 29, shc: 1, bc: 1, ssc: 1, mt: 4}, locinfo: {l: "house_1068_livingroom", x: -1, pl: "", at: "", st: 0, s: "127.0.0.1", shlc: true, d: 4, y: -1}, uid: "1068", clths: {clths: [{tpid: "girlShirt12", clid: null}, {tpid: "girlShoes14", clid: null}, {tpid: "girlPants9", clid: null}]}, pf: {pf: {grdnr: {pgs: 0, l: 20, tp: "grdnr"}, jntr: {pgs: 0, l: 20, tp: "jntr"}, phtghr: {pgs: 0, l: 20, tp: "phtghr"}, vsgst: {pgs: 0, l: 20, tp: "vsgst"}}}, usrinf: {rl: 0}, ci: {trcd: 0, bcld: 0, exp: 85800, spp: 0, sbid: null, ys: 0, skid: null, shousd: false, strfrd: 0, tts: null, sbrt: 0, gdc: 0, eml: null, rpt: 0, lgt: 0, rtrtm: 0, lwts: 0, kyktid: null, plcmt: {}, pamns: {amn: []}, lrnt: 0, as: null, ysct: 0, crst: 0, vexp: 1965298000, vfgc: 0, skrt: 0, fexp: 0, compid: 0, vip: true, fak: null, actrt: 0, vsexp: 1965298000, lvt: 1578582574, shcr: true, vsact: true, ceid: 0, cmid: 0, trid: null, hrt: 174, actrd: 0, gtrfrd: 0, actrp: 0, vret: 0, crt: 10, dr: true}, mbm: {sk: "blackMobileSkin", ac: null}}]}]
Thu Jan 9 19:16:01 GMT+0400 2020 [INFO] Client said: 34: ["house_1068_livingroom", "h.r.info", {uid: "1068", rid: "livingroom"}]
Thu Jan 9 19:16:01 GMT+0400 2020 [INFO] Server said: 34: ["h.gr", {rid: "house_1068_livingroom"}]
Thu Jan 9 19:16:01 GMT+0400 2020 [INFO] Server said: 16: ["house_1068_livingroom", "1068"]
Thu Jan 9 19:16:01 GMT+0400 2020 [INFO] Server said: 34: ["h.r.jn", {plr: {apprnc: {ss: 0, ht: 132, fat: 0, g: 2, sh: 0, rg: 0, sc: 3, hc: 7, mc: 3, rc: 1, ec: 5, bt: 0, fac: 1, pt: 0, et: 8, brc: 2, pc: 1, nct: 0, n: "Vaibornsizl", fft: 0, brt: 29, shc: 1, bc: 1, ssc: 1, mt: 4}, locinfo: {l: "house_1068_livingroom", x: -1, pl: "", at: "", st: 0, s: "127.0.0.1", shlc: true, d: 4, y: -1}, uid: "1068", clths: {clths: [{tpid: "girlShirt12", clid: null}, {tpid: "girlShoes14", clid: null}, {tpid: "girlPants9", clid: null}]}, pf: {pf: {grdnr: {pgs: 0, l: 20, tp: "grdnr"}, jntr: {pgs: 0, l: 20, tp: "jntr"}, phtghr: {pgs: 0, l: 20, tp: "phtghr"}, vsgst: {pgs: 0, l: 20, tp: "vsgst"}}}, usrinf: {rl: 0}, ci: {trcd: 0, bcld: 0, exp: 85800, spp: 0, sbid: null, ys: 0, skid: null, shousd: false, strfrd: 0, tts: null, sbrt: 0, gdc: 0, eml: null, rpt: 0, lgt: 0, rtrtm: 0, lwts: 0, kyktid: null, plcmt: {}, pamns: {amn: []}, lrnt: 0, as: null, ysct: 0, crst: 0, vexp: 1965298000, vfgc: 0, skrt: 0, fexp: 0, compid: 0, vip: true, fak: null, actrt: 0, vsexp: 1965298000, lvt: 1578582574, shcr: true, vsact: true, ceid: 0, cmid: 0, trid: null, hrt: 174, actrd: 0, gtrfrd: 0, actrp: 0, vret: 0, crt: 10, dr: true}, mbm: {sk: "blackMobileSkin", ac: null}}}]
Thu Jan 9 19:16:00 GMT+0400 2020 [INFO] Client said: 34: [null, "h.gr", {lid: "house", rid: "livingroom", gid: "1068"}]
Thu Jan 9 19:16:00 GMT+0400 2020 [INFO] Loaded  LoadingItem(url: http://62.113.113.58:8080/files/swf/furniture/house/DoorWood.swf, status: 2) 
Thu Jan 9 19:15:52 GMT+0400 2020 [INFO] Loaded  LoadingItem(url: http://62.113.113.58:8080/files/swf/furniture/house/WallPoppy.swf, status: 2) 
Thu Jan 9 19:15:46 GMT+0400 2020 [INFO] Server said: 34: ["srqst.gtrq", {rqlst: {rlst: {}, shwdt: 0, rsprlst: {}, lapt: {}}}]
Thu Jan 9 19:15:44 GMT+0400 2020 [INFO] Server said: 34: ["srqst.gtrq", {rqlst: {rlst: {}, shwdt: 0, rsprlst: {}, lapt: {}}}]
Thu Jan 9 19:15:44 GMT+0400 2020 [INFO] Loaded  LoadingItem(url: http://62.113.113.58:8080/files/swf/furniture/house/FloorCarpetGrass.swf, status: 2) 
Thu Jan 9 19:15:43 GMT+0400 2020 [INFO] Server said: 34: ["srqst.gtrq", {rqlst: {rlst: {}, shwdt: 0, rsprlst: {}, lapt: {}}}]
Thu Jan 9 19:15:42 GMT+0400 2020 [INFO] Server said: 34: ["srqst.gtrq", {rqlst: {rlst: {}, shwdt: 0, rsprlst: {}, lapt: {}}}]
Thu Jan 9 19:15:41 GMT+0400 2020 [INFO] Server said: 34: ["srqst.gtrq", {rqlst: {rlst: {}, shwdt: 0, rsprlst: {}, lapt: {}}}]
Thu Jan 9 19:15:39 GMT+0400 2020 [INFO] Server said: 34: ["srqst.gtrq", {rqlst: {rlst: {}, shwdt: 0, rsprlst: {}, lapt: {}}}]
Thu Jan 9 19:15:38 GMT+0400 2020 [INFO] Server said: 34: ["srqst.gtrq", {rqlst: {rlst: {}, shwdt: 0, rsprlst: {}, lapt: {}}}]
Thu Jan 9 19:15:37 GMT+0400 2020 [INFO] Server said: 34: ["srqst.gtrq", {rqlst: {rlst: {}, shwdt: 0, rsprlst: {}, lapt: {}}}]
Thu Jan 9 19:15:35 GMT+0400 2020 [INFO] Server said: 34: ["srqst.gtrq", {rqlst: {rlst: {}, shwdt: 0, rsprlst: {}, lapt: {}}}]
Thu Jan 9 19:15:34 GMT+0400 2020 [INFO] Client said: 34: [null, "nws.getglbl", {}]
Thu Jan 9 19:15:34 GMT+0400 2020 [INFO] Server said: 34: ["nws.hasnews", {gnexst: true, gnunr: true}]
Thu Jan 9 19:15:34 GMT+0400 2020 [INFO] Server said: 34: ["cp.cht.gbl", {blcklst: {uids: []}}]