ClientError: Thu Jan 9 19:15:32 GMT+0400 2020 [CRITICAL] [house] *Uncaught Error* ErrorId: 1009 ErrorName: TypeError ErrorMessage:Error #1009 ErrorStackTrace:TypeError: Error #1009
	at _-4WJ::EditAvatarAppearanceDialog/_-3EJ()
	at flash.events::EventDispatcher/dispatchEvent()
	at _-Qp::_-1DK/close()
	at _-4WJ::_-3BQ/_-1dw()
Thu Jan 9 19:15:20 GMT+0400 2020 [INFO] Server said: 34: ["a.apprnc.save", {apprnc: {ss: 0, ht: 132, fat: 0, g: 2, sh: 0, rg: 0, sc: 3, hc: 7, mc: 3, rc: 1, ec: 5, bt: 0, fac: 1, pt: 0, et: 8, brc: 2, pc: 1, nct: 0, n: "Vaibornsizl", fft: 0, brt: 29, shc: 1, bc: 1, ssc: 1, mt: 4}}]
Thu Jan 9 19:15:18 GMT+0400 2020 [INFO] Client said: 34: [null, "h.minfo", {tm: 1578582919, onl: false}]
Thu Jan 9 19:15:18 GMT+0400 2020 [INFO] Server said: 34: ["a.apprnc.save", {apprnc: {ss: 0, ht: 132, fat: 0, g: 2, sh: 0, rg: 0, sc: 3, hc: 7, mc: 3, rc: 1, ec: 5, bt: 0, fac: 1, pt: 0, et: 8, brc: 2, pc: 1, nct: 0, n: "VaibornsizlS", fft: 0, brt: 29, shc: 1, bc: 1, ssc: 1, mt: 4}}]
Thu Jan 9 19:15:07 GMT+0400 2020 [INFO] Client said: 34: [null, "a.apprnc.save", {apprnc: {ss: 0, bc: 1, ht: 132, g: 2, sh: 0, rg: 0, fat: 0, hc: 7, mc: 3, et: 8, ec: 5, bt: 0, fac: 1, nct: 0, rc: 1, brc: 2, pc: 1, pt: 0, n: "Vaibornsizl", fft: 0, brt: 29, shc: 1, ssc: 1, sc: 3, mt: 4}}]
Thu Jan 9 19:15:04 GMT+0400 2020 [INFO] Client said: 34: [null, "a.apprnc.save", {apprnc: {ss: 0, bc: 1, ht: 132, g: 2, sh: 0, rg: 0, fat: 0, hc: 7, mc: 3, et: 8, ec: 5, bt: 0, fac: 1, nct: 0, rc: 1, brc: 2, pc: 1, pt: 0, n: "VaibornsizlS", fft: 0, brt: 29, shc: 1, ssc: 1, sc: 3, mt: 4}}]
Thu Jan 9 19:13:39 GMT+0400 2020 [INFO] Server said: 34: ["h.minfo", {has.avtr: false}]
Thu Jan 9 19:13:39 GMT+0400 2020 [INFO] Server said: 34: ["ctmr.get", {tu: {snowboardRating: []}}]
Thu Jan 9 19:13:39 GMT+0400 2020 [INFO] Server said: 34: ["ur.get", {bt: [{uid: 39, hr: 600374, cr: 76611}, {uid: 14, hr: 413116, cr: 20930}, {uid: 70, hr: 251420, cr: 6295}, {uid: 71, hr: 240220, cr: 1609}, {uid: 68, hr: 192469, cr: 29541}, {uid: 64, hr: 121044, cr: 23433}, {uid: 97, hr: 93928, cr: 2664}, {uid: 80, hr: 65707, cr: 9252}, {uid: 18, hr: 40174, cr: 1066}, {uid: 55, hr: 32583, cr: 1682}]}]
Thu Jan 9 19:09:36 GMT+0400 2020 [INFO] Server said: 34: ["mail.gc", {in: [], out: []}]
Thu Jan 9 19:09:36 GMT+0400 2020 [INFO] Server said: 34: ["rl.get", {uid: "1068", rlts: {}}]
Thu Jan 9 19:09:36 GMT+0400 2020 [INFO] Client said: 34: [null, "h.minfo", {tm: 1578582576, onl: false}]
Thu Jan 9 19:09:36 GMT+0400 2020 [INFO] Client said: 34: [null, "ctmr.get", {}]
Thu Jan 9 19:09:36 GMT+0400 2020 [INFO] Client said: 34: [null, "ur.get", {}]
Thu Jan 9 19:09:36 GMT+0400 2020 [INFO] Client said: 34: [null, "mail.gc", {}]
Thu Jan 9 19:09:36 GMT+0400 2020 [INFO] Client said: 34: [null, "rl.get", {}]
Thu Jan 9 19:09:36 GMT+0400 2020 [INFO] Server said: 1: ["1068", true, false, false]
Thu Jan 9 19:09:35 GMT+0400 2020 [INFO] Client said: 1: ["house", "1068", "UqzohtFcpBWQFbFfYxmh", {sid: "1068", gdr: 0, lng: "ru", cty: 0, rfid: null, rftp: null, ln: "", ctr: 0, nk: "", rd: 0, lcl: "ru", fn: "", v: 2, bd: "", pht: "http://vkontakte.ru/images/question_b.gif", clvrn: "84.0.4"}]