ClientError: Thu Jan 9 18:16:13 GMT+0300 2020 [CRITICAL] [house] *Uncaught Error* ErrorId: 1009 ErrorName: TypeError ErrorMessage:Error #1009 ErrorStackTrace:TypeError: Error #1009
	at MethodInfo-2()
	at flash.events::EventDispatcher/dispatchEvent()
	at _-jr::FurnitureLoader/_-2qc()
	at flash.events::EventDispatcher/dispatchEvent()
	at _-0bS::MassLoader/_-4Ql()
	at _-0bS::MassLoader/_-WZ()
	at flash.events::EventDispatcher/dispatchEvent()
	at _-18R::LoadingItem/onComplete()
	at _-18R::SWFLoadingItem/onComplete()
	at MethodInfo-7()
	at _-0hx::_-15t/_-2O-()
	at _-0hx::_-15t/tick()
	at _-0hR::LovePredictionSwanController/tick()
	at _-0hR::LovePredictionPavilionObject/tick()
	at _-332::World/_-4Y4()
	at _-332::World/tick()
	at _-332::World/_-4C6()
Thu Jan 9 18:16:13 GMT+0300 2020 [INFO] Loaded  LoadingItem(url: http://62.113.113.58:8080/files/swf/furniture/furniture/WardrobeHW2019.swf, status: 2) 
Thu Jan 9 18:15:31 GMT+0300 2020 [INFO] Client said: 34: ["house_113_livingroom", "h.r.u", {uid: "113", x: 0.97, y: 11.16, st: 23, d: 5, at: ""}]
Thu Jan 9 18:15:29 GMT+0300 2020 [INFO] Client said: 34: ["house_113_livingroom", "h.r.m", {uid: "113", dx: 0.97, sy: 8, sx: 2, dy: 11.16}]
Thu Jan 9 18:15:27 GMT+0300 2020 [INFO] Server said: 34: ["h.r.ra", {plr: {uid: "113", mbm: {sk: "blackMobileSkin", ac: null}, locinfo: {shlc: true, x: 2, s: "127.0.0.1", y: 8, l: "house_113_livingroom", pl: "", st: 0, d: 4, at: ""}, usrinf: {rl: 0}, clths: {clths: [{clid: "17", tpid: "boyPntsClnSciFi"}, {clid: "17", tpid: "boyTShrtClnPstpc"}, {clid: "5", tpid: "boyBtsOutsrc2"}]}, ci: {plcmt: {}, spp: 0, actrp: 0, tts: null, crt: 842, eml: null, lwts: 0, actrd: 0, skid: null, pamns: {amn: []}, vip: true, shousd: false, ysct: 0, gdc: 0, fak: null, skrt: 0, lgt: 0, rpt: 0, bcld: 0, gtrfrd: 0, vexp: 1965298000, vsexp: 1965298000, strfrd: 0, vsact: true, crst: 0, trid: "avatarBirthday", sbid: null, as: null, fexp: 0, ys: 0, vret: 0, actrt: 0, sbrt: 0, rtrtm: 0, trcd: 0, kyktid: null, shcr: true, vfgc: 0, compid: 0, ceid: 0, lvt: 1578582121, exp: 85800, cmid: 0, lrnt: 0, hrt: 324, dr: true}, pf: {pf: {jntr: {pgs: 0, tp: "jntr", l: 20}, vsgst: {pgs: 0, tp: "vsgst", l: 20}, phtghr: {pgs: 0, tp: "phtghr", l: 20}, grdnr: {pgs: 0, tp: "grdnr", l: 20}}}, apprnc: {brc: 3, pc: 1, pt: 0, brt: 19, rc: 1, sh: 0, ssc: 1, bt: 0, mt: 1, shc: 1, ht: 87, g: 1, et: 19, rg: 0, mc: 2, n: "Дождик", nct: 0, fft: 0, ec: 3, hc: 3, sc: 2, fat: 0, fac: 1, bc: 1, ss: 0}}}]
Thu Jan 9 18:15:26 GMT+0300 2020 [INFO] Client said: 34: ["house_113_livingroom", "h.r.u", {uid: "113", x: 2, st: 0, y: 8, d: 5}]
Thu Jan 9 18:15:25 GMT+0300 2020 [INFO] Server said: 34: ["h.r.ra", {plr: {uid: "113", mbm: {sk: "blackMobileSkin", ac: null}, locinfo: {shlc: true, x: 2, s: "127.0.0.1", y: 8, l: "house_113_livingroom", pl: "", st: 0, d: 4, at: ""}, usrinf: {rl: 0}, clths: {clths: [{clid: "17", tpid: "boyPntsClnSciFi"}, {clid: "17", tpid: "boyTShrtClnPstpc"}, {clid: "5", tpid: "boyBtsOutsrc2"}]}, ci: {plcmt: {}, spp: 0, actrp: 0, tts: null, crt: 842, eml: null, lwts: 0, actrd: 0, skid: null, pamns: {amn: []}, vip: true, shousd: false, ysct: 0, gdc: 0, fak: null, skrt: 0, lgt: 0, rpt: 0, bcld: 0, gtrfrd: 0, vexp: 1965298000, vsexp: 1965298000, strfrd: 0, vsact: true, crst: 0, trid: "avatarBirthday", sbid: null, as: null, fexp: 0, ys: 0, vret: 0, actrt: 0, sbrt: 0, rtrtm: 0, trcd: 0, kyktid: null, shcr: true, vfgc: 0, compid: 0, ceid: 0, lvt: 1578582121, exp: 85800, cmid: 0, lrnt: 0, hrt: 324, dr: true}, pf: {pf: {jntr: {pgs: 0, tp: "jntr", l: 20}, vsgst: {pgs: 0, tp: "vsgst", l: 20}, phtghr: {pgs: 0, tp: "phtghr", l: 20}, grdnr: {pgs: 0, tp: "grdnr", l: 20}}}, apprnc: {brc: 3, pc: 1, pt: 0, brt: 19, rc: 1, sh: 0, ssc: 1, bt: 0, mt: 1, shc: 1, ht: 87, g: 1, et: 19, rg: 0, mc: 2, n: "Дождик", nct: 0, fft: 0, ec: 3, hc: 3, sc: 2, fat: 0, fac: 1, bc: 1, ss: 0}}}]
Thu Jan 9 18:15:23 GMT+0300 2020 [INFO] Client said: 34: ["house_113_livingroom", "h.r.ra", {}]
Thu Jan 9 18:15:23 GMT+0300 2020 [INFO] Client said: 34: ["house_113_livingroom", "h.r.ra", {}]
Thu Jan 9 18:15:23 GMT+0300 2020 [INFO] Server said: 34: ["a.clths.bcc", {clths: {clths: [{clid: "17", tpid: "boyPntsClnSciFi"}, {clid: "17", tpid: "boyTShrtClnPstpc"}, {clid: "5", tpid: "boyBtsOutsrc2"}]}, ccltn: {ctp: "casual", cct: ["boyPntsClnSciFi:17", "boyTShrtClnPstpc:17", "boyBtsOutsrc2:5"], cn: ""}, inv: {c: {cls: {it: [{c: 1, iid: "", tid: "boyShoes8"}, {c: 1, iid: "", tid: "boyUnderdress1"}, {c: 1, iid: "", tid: "boyPants10"}, {c: 1, iid: "", tid: "boyShirt14"}, {c: 1, iid: "", tid: "boyPntsWnt19Stl"}, {c: 1, iid: "", tid: "boyTShrtJpn4"}, {c: 1, iid: "", tid: "boyBtsSh"}], id: "cls"}, frn: {it: [], id: "frn"}, act: {it: [], id: "act"}, lt: {it: [], id: "lt"}, gm: {it: [{c: 1, iid: "", tid: "blackMobileSkin"}], id: "gm"}}}, res: {gld: 4404, emd: 0, slvr: 10000, enrg: 500}, crt: 842}]
Thu Jan 9 18:15:12 GMT+0300 2020 [INFO] Client said: 34: [null, "a.clths.bcc", {ctp: "casual", clths: [{clid: "17", tpid: "boyPntsClnSciFi"}, {clid: "17", tpid: "boyTShrtClnPstpc"}, {clid: "5", tpid: "boyBtsOutsrc2"}]}]
Thu Jan 9 18:13:20 GMT+0300 2020 [INFO] Client said: 34: ["house_113_livingroom", "h.r.u", {uid: "113", x: 2, st: 0, y: 8, d: 5}]
Thu Jan 9 18:13:20 GMT+0300 2020 [INFO] Server said: 34: ["h.r.rfr", {rm: {lev: 1, f: [{tpid: "floor4", lid: 3, y: 0, z: 0, x: 0, d: 5}, {tpid: "lvprpvnSV15", lid: 3263092, y: 3, z: 0, x: 3, d: 5}, {tpid: "wall15", lid: 2, y: 0, z: 0, x: 13, d: 5}, {tpid: "wall15", lid: 1, y: 0, z: 0, x: 0, d: 3}, {tpid: "door4", lid: 4, y: 0, z: 0, x: 3, rid: "outside", d: 3}], l: 13, w: 13, nm: "#livingRoom"}}]
Thu Jan 9 18:13:17 GMT+0300 2020 [INFO] Server said: 34: ["frn.save", {ci: {plcmt: {}, spp: 0, actrp: 0, tts: null, crt: 286, eml: null, lwts: 0, actrd: 0, skid: null, pamns: {amn: []}, vip: true, shousd: false, ysct: 0, gdc: 0, fak: null, skrt: 0, lgt: 0, rpt: 0, bcld: 0, gtrfrd: 0, vexp: 1965298000, vsexp: 1965298000, strfrd: 0, vsact: true, crst: 0, trid: "avatarBirthday", sbid: null, as: null, fexp: 0, ys: 0, vret: 0, actrt: 0, sbrt: 0, rtrtm: 0, trcd: 0, kyktid: null, shcr: true, vfgc: 0, compid: 0, ceid: 0, lvt: 1578582121, exp: 85800, cmid: 0, lrnt: 0, hrt: 324, dr: true}, hs: {lev: 1, nm: "house", id: "livingroom", f: [{tpid: "floor4", lid: 3, y: 0, z: 0, x: 0, d: 5}, {tpid: "lvprpvnSV15", lid: 3263092, y: 3, z: 0, x: 3, d: 5}, {tpid: "wall15", lid: 2, y: 0, z: 0, x: 13, d: 5}, {tpid: "wall15", lid: 1, y: 0, z: 0, x: 0, d: 3}, {tpid: "door4", lid: 4, y: 0, z: 0, x: 3, rid: "outside", d: 3}], l: 13, w: 13}, inv: {c: {cls: {it: [{c: 1, iid: "", tid: "boyShoes8"}, {c: 1, iid: "", tid: "boyUnderdress1"}, {c: 1, iid: "", tid: "boyPants10"}, {c: 1, iid: "", tid: "boyShirt14"}], id: "cls"}, frn: {it: [], id: "frn"}, act: {it: [], id: "act"}, lt: {it: [], id: "lt"}, gm: {it: [{c: 1, iid: "", tid: "blackMobileSkin"}], id: "gm"}}}}]
Thu Jan 9 18:13:15 GMT+0300 2020 [INFO] Client said: 34: ["house_113_livingroom", "h.r.u", {uid: "113", x: 2.08, y: 8.06, st: 1, d: 4, at: "89032833"}]
Thu Jan 9 18:13:15 GMT+0300 2020 [INFO] Client said: 34: ["house_113_livingroom", "h.r.u", {uid: "113", x: 2.08, y: 8.06, st: 23, d: 4, at: ""}]
Thu Jan 9 18:13:10 GMT+0300 2020 [INFO] Client said: 34: ["house_113_livingroom", "h.r.m", {uid: "113", dx: 2.08, sy: 2.52, sx: 4.64, dy: 8.06}]
Thu Jan 9 18:13:05 GMT+0300 2020 [INFO] Client said: 34: ["house_113_livingroom", "h.r.rfr", {}]
Thu Jan 9 18:13:05 GMT+0300 2020 [INFO] Server said: 34: ["frn.save", {ci: {plcmt: {}, spp: 0, actrp: 0, tts: null, crt: 286, eml: null, lwts: 0, actrd: 0, skid: null, pamns: {amn: []}, vip: true, shousd: false, ysct: 0, gdc: 0, fak: null, skrt: 0, lgt: 0, rpt: 0, bcld: 0, gtrfrd: 0, vexp: 1965298000, vsexp: 1965298000, strfrd: 0, vsact: true, crst: 0, trid: "avatarBirthday", sbid: null, as: null, fexp: 0, ys: 0, vret: 0, actrt: 0, sbrt: 0, rtrtm: 0, trcd: 0, kyktid: null, shcr: true, vfgc: 0, compid: 0, ceid: 0, lvt: 1578582121, exp: 85800, cmid: 0, lrnt: 0, hrt: 324, dr: true}, hs: {lev: 1, nm: "house", id: "livingroom", f: [{tpid: "floor4", lid: 3, y: 0, z: 0, x: 0, d: 5}, {tpid: "lvprpvnSV15", lid: 3263092, y: 3, z: 0, x: 3, d: 5}, {tpid: "wall15", lid: 2, y: 0, z: 0, x: 13, d: 5}, {tpid: "wall15", lid: 1, y: 0, z: 0, x: 0, d: 3}, {tpid: "door4", lid: 4, y: 0, z: 0, x: 3, rid: "outside", d: 3}], l: 13, w: 13}, inv: {c: {cls: {it: [{c: 1, iid: "", tid: "boyShoes8"}, {c: 1, iid: "", tid: "boyUnderdress1"}, {c: 1, iid: "", tid: "boyPants10"}, {c: 1, iid: "", tid: "boyShirt14"}], id: "cls"}, frn: {it: [], id: "frn"}, act: {it: [], id: "act"}, lt: {it: [], id: "lt"}, gm: {it: [{c: 1, iid: "", tid: "blackMobileSkin"}], id: "gm"}}}}]
Thu Jan 9 18:13:05 GMT+0300 2020 [INFO] Client said: 34: ["house_113_livingroom", "frn.save", {f: [{tpid: "lvprpvnSV15", x: 3, y: 3, t: 1, z: 0, oid: 89032833, d: 5, tm: 1578582783730}]}]
Thu Jan 9 18:12:55 GMT+0300 2020 [INFO] Server said: 34: ["frn.save", {ci: {plcmt: {}, spp: 0, actrp: 0, tts: null, crt: 286, eml: null, lwts: 0, actrd: 0, skid: null, pamns: {amn: []}, vip: true, shousd: false, ysct: 0, gdc: 0, fak: null, skrt: 0, lgt: 0, rpt: 0, bcld: 0, gtrfrd: 0, vexp: 1965298000, vsexp: 1965298000, strfrd: 0, vsact: true, crst: 0, trid: "avatarBirthday", sbid: null, as: null, fexp: 0, ys: 0, vret: 0, actrt: 0, sbrt: 0, rtrtm: 0, trcd: 0, kyktid: null, shcr: true, vfgc: 0, compid: 0, ceid: 0, lvt: 1578582121, exp: 85800, cmid: 0, lrnt: 0, hrt: 324, dr: true}, hs: {lev: 1, nm: "house", id: "livingroom", f: [{tpid: "floor4", lid: 3, y: 0, z: 0, x: 0, d: 5}, {tpid: "lvprpvnSV15", lid: 3263092, y: 3, z: 0, x: 3, d: 5}, {tpid: "wall15", lid: 2, y: 0, z: 0, x: 13, d: 5}, {tpid: "wall15", lid: 1, y: 0, z: 0, x: 0, d: 3}, {tpid: "door4", lid: 4, y: 0, z: 0, x: 3, rid: "outside", d: 3}], l: 13, w: 13}, inv: {c: {cls: {it: [{c: 1, iid: "", tid: "boyShoes8"}, {c: 1, iid: "", tid: "boyUnderdress1"}, {c: 1, iid: "", tid: "boyPants10"}, {c: 1, iid: "", tid: "boyShirt14"}], id: "cls"}, frn: {it: [], id: "frn"}, act: {it: [], id: "act"}, lt: {it: [], id: "lt"}, gm: {it: [{c: 1, iid: "", tid: "blackMobileSkin"}], id: "gm"}}}}]
Thu Jan 9 18:12:47 GMT+0300 2020 [INFO] Client said: 34: ["house_113_livingroom", "frn.save", {f: [{tpid: "lvprpvnSV15", x: 3, y: 3, t: 1, z: 0, oid: 3263092, d: 5, tm: 1578582762672}]}]
Thu Jan 9 18:12:44 GMT+0300 2020 [INFO] Client said: 34: ["house_113_livingroom", "frn.save", {f: [{tpid: "lvprpvnSV15", x: 3, y: 3, t: 1, z: 0, oid: 3263092, d: 5, tm: 1578582762672}]}]
Thu Jan 9 18:12:36 GMT+0300 2020 [INFO] Server said: 34: ["ntf.res", {res: {gld: 4439, enrg: 500, slvr: 10000, emd: 0}}]
Thu Jan 9 18:12:34 GMT+0300 2020 [INFO] Server said: 34: ["ntf.inv", {it: {c: 1, iid: "", tid: "lvprpvnSV15"}}]
Thu Jan 9 18:12:33 GMT+0300 2020 [INFO] Client said: 34: [null, "frn.buy", {tpid: "lvprpvnSV15", pind: 1, cnt: 1}]
Thu Jan 9 18:12:29 GMT+0300 2020 [INFO] Loaded  LoadingItem(url: http://62.113.113.58:8080/files/swf/furniture/furniture/PavillionSV15.swf, status: 2) 
Thu Jan 9 18:11:48 GMT+0300 2020 [INFO] Client said: 34: ["house_113_livingroom", "h.r.u", {uid: "113", x: 4.64, y: 2.52, st: 23, d: 6, at: ""}]
Thu Jan 9 18:11:46 GMT+0300 2020 [INFO] Client said: 34: ["house_113_livingroom", "h.r.m", {uid: "113", dx: 4.64, sy: 0.1, sx: 5.74, dy: 2.52}]
Thu Jan 9 18:11:45 GMT+0300 2020 [INFO] Client said: 34: ["house_113_livingroom", "h.r.m", {uid: "113", dx: 11.5, sy: 0.1, sx: 4.05, dy: 1.28}]
Thu Jan 9 18:08:25 GMT+0300 2020 [INFO] Server said: 34: ["lg.lst", {glst: []}]
Thu Jan 9 18:08:25 GMT+0300 2020 [INFO] Client said: 34: ["house_113_livingroom", "h.r.u", {uid: "113", x: 4.05, st: 0, y: 0.1, d: 4}]
Thu Jan 9 18:08:25 GMT+0300 2020 [INFO] Client said: 34: ["house_113_livingroom", "lg.lst", {}]
Thu Jan 9 18:08:24 GMT+0300 2020 [INFO] Server said: 34: ["h.r.info", {evn: null, rm: {nm: "#livingRoom", id: "livingroom", f: [{tpid: "wall15", lid: 1, y: 0, z: 0, x: 0, d: 3}, {tpid: "door4", lid: 4, y: 0, z: 0, x: 3, rid: "outside", d: 3}, {tpid: "wall15", lid: 2, y: 0, z: 0, x: 13, d: 5}, {tpid: "floor4", lid: 3, y: 0, z: 0, x: 0, d: 5}], lev: 1, l: 13, w: 13}, rmmb: [{uid: "113", mbm: {sk: "blackMobileSkin", ac: null}, locinfo: {shlc: true, x: -1, s: "127.0.0.1", y: -1, l: "house_113_livingroom", pl: "", st: 0, d: 4, at: ""}, usrinf: {rl: 0}, clths: {clths: [{clid: null, tpid: "boyBtsSh"}, {clid: null, tpid: "boyTShrtJpn4"}, {clid: null, tpid: "boyPntsWnt19Stl"}]}, ci: {plcmt: {}, spp: 0, actrp: 0, tts: null, crt: 286, eml: null, lwts: 0, actrd: 0, skid: null, pamns: {amn: []}, vip: true, shousd: false, ysct: 0, gdc: 0, fak: null, skrt: 0, lgt: 0, rpt: 0, bcld: 0, gtrfrd: 0, vexp: 1965298000, vsexp: 1965298000, strfrd: 0, vsact: true, crst: 0, trid: "avatarBirthday", sbid: null, as: null, fexp: 0, ys: 0, vret: 0, actrt: 0, sbrt: 0, rtrtm: 0, trcd: 0, kyktid: null, shcr: true, vfgc: 0, compid: 0, ceid: 0, lvt: 1578582121, exp: 85800, cmid: 0, lrnt: 0, hrt: 174, dr: true}, pf: {pf: {jntr: {pgs: 0, tp: "jntr", l: 20}, vsgst: {pgs: 0, tp: "vsgst", l: 20}, phtghr: {pgs: 0, tp: "phtghr", l: 20}, grdnr: {pgs: 0, tp: "grdnr", l: 20}}}, apprnc: {brc: 3, pc: 1, pt: 0, brt: 19, rc: 1, sh: 0, ssc: 1, bt: 0, mt: 1, shc: 1, ht: 87, g: 1, et: 19, rg: 0, mc: 2, n: "Дождик", nct: 0, fft: 0, ec: 3, hc: 3, sc: 2, fat: 0, fac: 1, bc: 1, ss: 0}}]}]
Thu Jan 9 18:08:22 GMT+0300 2020 [INFO] Client said: 34: ["house_113_livingroom", "h.r.info", {uid: "113", rid: "livingroom"}]
Thu Jan 9 18:08:22 GMT+0300 2020 [INFO] Server said: 34: ["h.gr", {rid: "house_113_livingroom"}]
Thu Jan 9 18:08:22 GMT+0300 2020 [INFO] Server said: 16: ["house_113_livingroom", "113"]
Thu Jan 9 18:08:22 GMT+0300 2020 [INFO] Server said: 34: ["h.r.jn", {plr: {uid: "113", mbm: {sk: "blackMobileSkin", ac: null}, locinfo: {shlc: true, x: -1, s: "127.0.0.1", y: -1, l: "house_113_livingroom", pl: "", st: 0, d: 4, at: ""}, usrinf: {rl: 0}, clths: {clths: [{clid: null, tpid: "boyBtsSh"}, {clid: null, tpid: "boyTShrtJpn4"}, {clid: null, tpid: "boyPntsWnt19Stl"}]}, ci: {plcmt: {}, spp: 0, actrp: 0, tts: null, crt: 286, eml: null, lwts: 0, actrd: 0, skid: null, pamns: {amn: []}, vip: true, shousd: false, ysct: 0, gdc: 0, fak: null, skrt: 0, lgt: 0, rpt: 0, bcld: 0, gtrfrd: 0, vexp: 1965298000, vsexp: 1965298000, strfrd: 0, vsact: true, crst: 0, trid: "avatarBirthday", sbid: null, as: null, fexp: 0, ys: 0, vret: 0, actrt: 0, sbrt: 0, rtrtm: 0, trcd: 0, kyktid: null, shcr: true, vfgc: 0, compid: 0, ceid: 0, lvt: 1578582121, exp: 85800, cmid: 0, lrnt: 0, hrt: 174, dr: true}, pf: {pf: {jntr: {pgs: 0, tp: "jntr", l: 20}, vsgst: {pgs: 0, tp: "vsgst", l: 20}, phtghr: {pgs: 0, tp: "phtghr", l: 20}, grdnr: {pgs: 0, tp: "grdnr", l: 20}}}, apprnc: {brc: 3, pc: 1, pt: 0, brt: 19, rc: 1, sh: 0, ssc: 1, bt: 0, mt: 1, shc: 1, ht: 87, g: 1, et: 19, rg: 0, mc: 2, n: "Дождик", nct: 0, fft: 0, ec: 3, hc: 3, sc: 2, fat: 0, fac: 1, bc: 1, ss: 0}}}]
Thu Jan 9 18:08:21 GMT+0300 2020 [INFO] Server said: 34: ["srqst.gtrq", {rqlst: {shwdt: 0, rsprlst: {}, lapt: {}, rlst: {}}}]