ClientError: Thu Jan 9 18:00:54 GMT+0300 2020 [CRITICAL] [salon] *Uncaught Error* ErrorId: 1009 ErrorName: TypeError ErrorMessage:Error #1009 ErrorStackTrace:TypeError: Error #1009
	at _-0eV::RoomMemberContainer/addAvatar()
	at _-PQ::BaseRoomScreen/addAvatar()
	at _-PQ::BaseRoomScreen/onRefreshAvatar()
	at flash.events::EventDispatcher/dispatchEvent()
	at _-2CM::BaseRoomNetManager/onRefreshAvatar()
	at flash.events::EventDispatcher/dispatchEvent()
	at ags::_-2t/_-2dI()
	at flash.events::EventDispatcher/dispatchEvent()
	at _-0en::_-0O8/_-1LF()
	at _-0en::_-0O8/execute()
	at ags::AGSClient/_-0i9()
	at ags::AGSClient/_-2ZF()
	at ags::AGSClient/_-2Ea()
Thu Jan 9 18:00:54 GMT+0300 2020 [INFO] Server said: 34: ["o.r.ra", {plr: {ci: {lrnt: 0, sbrt: 0, spp: 0, fexp: 0, crt: 10, compid: 0, gdc: 0, vexp: 1965298000, ys: 0, vip: true, rtrtm: 0, vsexp: 1965298000, gtrfrd: 0, hrt: 174, strfrd: 0, vfgc: 0, bcld: 0, actrt: 0, ysct: 0, dr: true, crst: 0, fak: null, vsact: true, vret: 0, rpt: 0, shcr: true, cmid: 0, trcd: 0, lgt: 0, eml: null, lvt: 1578581598, sbid: null, kyktid: null, actrd: 0, pamns: {amn: []}, skid: null, tts: null, actrp: 0, lwts: 0, skrt: 0, as: null, trid: null, exp: 85800, shousd: false, ceid: 0, plcmt: {}}, usrinf: {rl: 0}, mbm: {ac: null, sk: "blackMobileSkin"}, apprnc: {ssc: 1, mt: 11, rc: 1, ht: 64, bt: 0, mc: 29, g: 2, brt: 15, sc: 4, ec: 29, fft: 2, n: "Arianna", hc: 7, pc: 1, pt: 0, shc: 35, fac: 1, nct: 0, et: 37, bc: 1, ss: 0, rg: 0, sh: 23, brc: 3, fat: 0}, locinfo: {x: 14.42, s: "127.0.0.1", y: 5.6, l: "salon_sn1_1", at: "", st: 0, d: 4, pl: "", shlc: true}, uid: "669", clths: {clths: [{tpid: "girlShirt12", clid: null}, {tpid: "girlShoes14", clid: null}, {tpid: "girlPants9", clid: null}]}, pf: {pf: {jntr: {tp: "jntr", pgs: 0, l: 20}, grdnr: {tp: "grdnr", pgs: 0, l: 20}, phtghr: {tp: "phtghr", pgs: 0, l: 20}, vsgst: {tp: "vsgst", pgs: 0, l: 20}}}}}]
Thu Jan 9 18:00:52 GMT+0300 2020 [INFO] Server said: 34: ["cp.cht.sm", {msg: {tp: "chatTypingMessage", sid: "765", cid: null}, rid: "salon_sn1_1"}]
Thu Jan 9 18:00:51 GMT+0300 2020 [INFO] Client said: 34: ["salon_sn1_1", "o.r.info", {rid: "sn1"}]
Thu Jan 9 18:00:51 GMT+0300 2020 [INFO] Server said: 34: ["o.gr", {rid: "salon_sn1_1"}]
Thu Jan 9 18:00:50 GMT+0300 2020 [INFO] Server said: 34: ["cp.cht.sm", {msg: {tp: "chatTypingMessage", sid: "765", cid: null}, rid: "salon_sn1_1"}]
Thu Jan 9 18:00:48 GMT+0300 2020 [INFO] Server said: 16: ["salon_sn1_1", "515"]
Thu Jan 9 18:00:48 GMT+0300 2020 [INFO] Server said: 34: ["o.r.jn", {plr: {ci: {lrnt: 0, sbrt: 0, spp: 0, fexp: 0, crt: 2746, compid: 0, gdc: 0, vexp: 1965298000, ys: 0, vip: true, rtrtm: 0, vsexp: 1965298000, gtrfrd: 0, hrt: 840, strfrd: 0, vfgc: 0, bcld: 0, actrt: 0, ysct: 0, dr: true, crst: 0, fak: null, vsact: true, vret: 0, rpt: 0, shcr: true, cmid: 0, trcd: 0, lgt: 0, eml: null, lvt: 1578581957, sbid: null, kyktid: null, actrd: 0, pamns: {amn: []}, skid: null, tts: null, actrp: 0, lwts: 0, skrt: 0, as: null, trid: "freelanceSupport", exp: 85800, shousd: false, ceid: 0, plcmt: {}}, usrinf: {rl: 0}, mbm: {ac: null, sk: "blackMobileSkin"}, apprnc: {ssc: 1, mt: 31, rc: 1, ht: 127, bt: 0, mc: 15, g: 2, brt: 31, sc: 1, ec: 20, fft: 11, n: "чтооооооооо", hc: 1, pc: 1, pt: 0, shc: 1, fac: 1, nct: 0, et: 37, bc: 1, ss: 0, rg: 0, sh: 0, brc: 1, fat: 0}, locinfo: {x: -1, s: "127.0.0.1", y: -1, l: "salon_sn1_1", at: "", st: 0, d: 4, pl: "", shlc: true}, uid: "515", clths: {clths: [{tpid: "girlNoseEstr19", clid: null}, {tpid: "girlHtShrk", clid: null}, {tpid: "girlDrssAlice", clid: null}, {tpid: "girlMay1stTie", clid: null}, {tpid: "grlSD16Shs", clid: null}]}, pf: {pf: {jntr: {tp: "jntr", pgs: 0, l: 20}, grdnr: {tp: "grdnr", pgs: 0, l: 20}, phtghr: {tp: "phtghr", pgs: 0, l: 20}, vsgst: {tp: "vsgst", pgs: 0, l: 20}}}}}]
Thu Jan 9 18:00:45 GMT+0300 2020 [INFO] Server said: 34: ["o.r.ra", {plr: {ci: {lrnt: 0, sbrt: 0, spp: 0, fexp: 0, crt: 10, compid: 0, gdc: 0, vexp: 1965298000, ys: 0, vip: true, rtrtm: 0, vsexp: 1965298000, gtrfrd: 0, hrt: 174, strfrd: 0, vfgc: 0, bcld: 0, actrt: 0, ysct: 0, dr: true, crst: 0, fak: null, vsact: true, vret: 0, rpt: 0, shcr: true, cmid: 0, trcd: 0, lgt: 0, eml: null, lvt: 1578581935, sbid: null, kyktid: null, actrd: 0, pamns: {amn: []}, skid: null, tts: null, actrp: 0, lwts: 0, skrt: 0, as: null, trid: null, exp: 85800, shousd: false, ceid: 0, plcmt: {}}, usrinf: {rl: 0}, mbm: {ac: null, sk: "blackMobileSkin"}, apprnc: {ssc: 1, mt: 14, rc: 1, ht: 131, bt: 0, mc: 2, g: 2, brt: 13, sc: 2, ec: 5, fft: 12, n: "Ким Тэ Хён", hc: 5, pc: 1, pt: 0, shc: 1, fac: 1, nct: 0, et: 8, bc: 1, ss: 0, rg: 0, sh: 0, brc: 11, fat: 0}, locinfo: {x: 15.5, s: "127.0.0.1", y: 1.5, l: "salon_sn1_1", at: "", st: 0, d: 4, pl: "", shlc: true}, uid: "670", clths: {clths: [{tpid: "girlShirt12", clid: null}, {tpid: "girlShoes14", clid: null}, {tpid: "girlPants9", clid: null}]}, pf: {pf: {jntr: {tp: "jntr", pgs: 0, l: 20}, grdnr: {tp: "grdnr", pgs: 0, l: 20}, phtghr: {tp: "phtghr", pgs: 0, l: 20}, vsgst: {tp: "vsgst", pgs: 0, l: 20}}}}}]
Thu Jan 9 18:00:45 GMT+0300 2020 [INFO] Server said: 34: ["o.r.m", {dx: 12.56, dy: 17.63, sy: 6, uid: "669", sx: 14}]
Thu Jan 9 18:00:44 GMT+0300 2020 [INFO] Server said: 34: ["o.r.u", {x: 14.42, d: 1, st: 0, y: 5.6, uid: "669"}]
Thu Jan 9 18:00:44 GMT+0300 2020 [INFO] Server said: 34: ["o.r.u", {x: 8.28, d: 3, y: 8.59, at: "", st: 23, uid: "412"}]
Thu Jan 9 18:00:42 GMT+0300 2020 [INFO] Server said: 34: ["o.r.m", {dx: 8.28, dy: 8.59, sy: 8.31, uid: "412", sx: 5.73}]
Thu Jan 9 18:00:40 GMT+0300 2020 [INFO] Server said: 34: ["o.r.ra", {plr: {ci: {lrnt: 0, sbrt: 0, spp: 0, fexp: 0, crt: 1050, compid: 0, gdc: 0, vexp: 1965298000, ys: 0, vip: true, rtrtm: 0, vsexp: 1965298000, gtrfrd: 0, hrt: 174, strfrd: 0, vfgc: 0, bcld: 0, actrt: 0, ysct: 0, dr: true, crst: 0, fak: null, vsact: true, vret: 0, rpt: 0, shcr: true, cmid: 0, trcd: 0, lgt: 0, eml: null, lvt: 1578581924, sbid: null, kyktid: null, actrd: 0, pamns: {amn: []}, skid: null, tts: null, actrp: 0, lwts: 0, skrt: 0, as: null, trid: null, exp: 85800, shousd: false, ceid: 0, plcmt: {}}, usrinf: {rl: 0}, mbm: {ac: null, sk: "blackMobileSkin"}, apprnc: {ssc: 1, mt: 31, rc: 1, ht: 130, bt: 0, mc: 14, g: 2, brt: 30, sc: 2, ec: 2, fft: 0, n: "счастливая", hc: 5, pc: 1, pt: 0, shc: 1, fac: 1, nct: 0, et: 34, bc: 1, ss: 0, rg: 0, sh: 0, brc: 9, fat: 0}, locinfo: {x: 5.73, s: "127.0.0.1", y: 8.31, l: "salon_sn1_1", at: "sitItem13", st: 1, d: 4, pl: "", shlc: true}, uid: "412", clths: {clths: [{tpid: "grlLcsRcc", clid: null}, {tpid: "grlDrssRcc", clid: null}, {tpid: "grlShsRcc", clid: null}]}, pf: {pf: {jntr: {tp: "jntr", pgs: 0, l: 20}, grdnr: {tp: "grdnr", pgs: 0, l: 20}, phtghr: {tp: "phtghr", pgs: 0, l: 20}, vsgst: {tp: "vsgst", pgs: 0, l: 20}}}}}]
Thu Jan 9 18:00:36 GMT+0300 2020 [INFO] Server said: 34: ["cp.cht.sm", {msg: {tp: "chatStickerMessage", sid: "328", cid: null, stkid: 1, stkpkid: "catStickerPack"}, rid: "salon_sn1_1"}]
Thu Jan 9 17:59:27 GMT+0300 2020 [INFO] Client said: 34: [null, "o.gr", {gid: "sn1", lid: "salon"}]
Thu Jan 9 17:59:27 GMT+0300 2020 [INFO] Client said: 17: ["street_s1_1"]
Thu Jan 9 17:59:24 GMT+0300 2020 [INFO] Client said: 34: ["street_s1_1", "o.r.u", {x: 22.94, st: 23, y: 13.44, at: "", d: 6, uid: "515"}]
Thu Jan 9 17:59:24 GMT+0300 2020 [INFO] Client said: 34: ["street_s1_1", "o.r.m", {dx: 22.94, dy: 13.44, sy: 13.65, uid: "515", sx: 23.5}]
Thu Jan 9 17:59:22 GMT+0300 2020 [INFO] Client said: 34: ["street_s1_1", "o.r.m", {dx: 25.7, dy: 10.27, sy: 16.5, uid: "515", sx: 23.5}]
Thu Jan 9 17:59:14 GMT+0300 2020 [INFO] Server said: 34: ["ev.get", {evlst: [], c: -1, tg: ""}]
Thu Jan 9 17:59:14 GMT+0300 2020 [INFO] Client said: 34: [null, "ev.get", {fof: false, c: -1, tg: ""}]
Thu Jan 9 17:59:14 GMT+0300 2020 [INFO] Server said: 34: ["ev.gse", {}]
Thu Jan 9 17:59:14 GMT+0300 2020 [INFO] Server said: 34: ["ev.get", {evlst: [], c: -1, tg: ""}]
Thu Jan 9 17:59:14 GMT+0300 2020 [INFO] Client said: 34: [null, "ev.gse", {}]
Thu Jan 9 17:59:14 GMT+0300 2020 [INFO] Client said: 34: [null, "ev.get", {fof: false, c: -1, tg: ""}]
Thu Jan 9 17:59:07 GMT+0300 2020 [INFO] Server said: 34: ["o.r.ra", {plr: {ci: {lrnt: 0, sbrt: 0, spp: 0, fexp: 0, crt: 2746, compid: 0, gdc: 0, vexp: 1965298000, ys: 0, vip: true, rtrtm: 0, vsexp: 1965298000, gtrfrd: 0, hrt: 840, strfrd: 0, vfgc: 0, bcld: 0, actrt: 0, ysct: 0, dr: true, crst: 0, fak: null, vsact: true, vret: 0, rpt: 0, shcr: true, cmid: 0, trcd: 0, lgt: 0, eml: null, lvt: 1578581957, sbid: null, kyktid: null, actrd: 0, pamns: {amn: []}, skid: null, tts: null, actrp: 0, lwts: 0, skrt: 0, as: null, trid: "freelanceSupport", exp: 85800, shousd: false, ceid: 0, plcmt: {}}, usrinf: {rl: 0}, mbm: {ac: null, sk: "blackMobileSkin"}, apprnc: {ssc: 1, mt: 31, rc: 1, ht: 127, bt: 0, mc: 15, g: 2, brt: 31, sc: 1, ec: 20, fft: 11, n: "чтооооооооо", hc: 1, pc: 1, pt: 0, shc: 1, fac: 1, nct: 0, et: 37, bc: 1, ss: 0, rg: 0, sh: 0, brc: 1, fat: 0}, locinfo: {x: 23.5, s: "127.0.0.1", y: 16.5, l: "street_s1_1", at: "", st: 0, d: 4, pl: "", shlc: true}, uid: "515", clths: {clths: [{tpid: "girlNoseEstr19", clid: null}, {tpid: "girlHtShrk", clid: null}, {tpid: "girlDrssAlice", clid: null}, {tpid: "girlMay1stTie", clid: null}, {tpid: "grlSD16Shs", clid: null}]}, pf: {pf: {jntr: {tp: "jntr", pgs: 0, l: 20}, grdnr: {tp: "grdnr", pgs: 0, l: 20}, phtghr: {tp: "phtghr", pgs: 0, l: 20}, vsgst: {tp: "vsgst", pgs: 0, l: 20}}}}}]
Thu Jan 9 17:59:07 GMT+0300 2020 [INFO] Client said: 34: ["street_s1_1", "o.r.ra", {}]
Thu Jan 9 17:59:07 GMT+0300 2020 [INFO] Server said: 34: ["psp.sttrph", {trid: "freelanceSupport"}]
Thu Jan 9 17:59:07 GMT+0300 2020 [INFO] Client said: 34: [null, "psp.sttrph", {trid: "freelanceSupport"}]
Thu Jan 9 17:59:01 GMT+0300 2020 [INFO] Client said: 34: [null, "psp.pspdr", {dr: false}]
Thu Jan 9 17:58:44 GMT+0300 2020 [INFO] Client said: 34: ["street_s1_1", "o.r.u", {x: 23.5, d: 4, st: 0, y: 16.5, uid: "515"}]
Thu Jan 9 17:58:44 GMT+0300 2020 [INFO] Server said: 34: ["lg.lst", {glst: []}]
Thu Jan 9 17:58:44 GMT+0300 2020 [INFO] Client said: 34: ["street_s1_1", "lg.lst", {}]
Thu Jan 9 17:58:44 GMT+0300 2020 [INFO] Server said: 34: ["o.r.info", {evn: null, rmmb: [{ci: {lrnt: 0, sbrt: 0, spp: 0, fexp: 0, crt: 2746, compid: 0, gdc: 0, vexp: 1965298000, ys: 0, vip: true, rtrtm: 0, vsexp: 1965298000, gtrfrd: 0, hrt: 840, strfrd: 0, vfgc: 0, bcld: 0, actrt: 0, ysct: 0, dr: true, crst: 0, fak: null, vsact: true, vret: 0, rpt: 0, shcr: true, cmid: 0, trcd: 0, lgt: 0, eml: null, lvt: 1578581957, sbid: null, kyktid: null, actrd: 0, pamns: {amn: []}, skid: null, tts: null, actrp: 0, lwts: 0, skrt: 0, as: null, trid: "familyDay2016", exp: 85800, shousd: false, ceid: 0, plcmt: {}}, usrinf: {rl: 0}, mbm: {ac: null, sk: "blackMobileSkin"}, apprnc: {ssc: 1, mt: 31, rc: 1, ht: 127, bt: 0, mc: 15, g: 2, brt: 31, sc: 1, ec: 20, fft: 11, n: "чтооооооооо", hc: 1, pc: 1, pt: 0, shc: 1, fac: 1, nct: 0, et: 37, bc: 1, ss: 0, rg: 0, sh: 0, brc: 1, fat: 0}, locinfo: {x: -1, s: "127.0.0.1", y: -1, l: "street_s1_1", at: "", st: 0, d: 4, pl: "", shlc: true}, uid: "515", clths: {clths: [{tpid: "girlNoseEstr19", clid: null}, {tpid: "girlHtShrk", clid: null}, {tpid: "girlDrssAlice", clid: null}, {tpid: "girlMay1stTie", clid: null}, {tpid: "grlSD16Shs", clid: null}]}, pf: {pf: {jntr: {tp: "jntr", pgs: 0, l: 20}, grdnr: {tp: "grdnr", pgs: 0, l: 20}, phtghr: {tp: "phtghr", pgs: 0, l: 20}, vsgst: {tp: "vsgst", pgs: 0, l: 20}}}}]}]
Thu Jan 9 17:58:44 GMT+0300 2020 [INFO] Client said: 34: ["street_s1_1", "o.r.info", {rid: "s1"}]
Thu Jan 9 17:58:44 GMT+0300 2020 [INFO] Server said: 34: ["o.gr", {rid: "street_s1_1"}]
Thu Jan 9 17:58:44 GMT+0300 2020 [INFO] Server said: 16: ["street_s1_1", "515"]
Thu Jan 9 17:58:44 GMT+0300 2020 [INFO] Server said: 34: ["o.r.jn", {plr: {ci: {lrnt: 0, sbrt: 0, spp: 0, fexp: 0, crt: 2746, compid: 0, gdc: 0, vexp: 1965298000, ys: 0, vip: true, rtrtm: 0, vsexp: 1965298000, gtrfrd: 0, hrt: 840, strfrd: 0, vfgc: 0, bcld: 0, actrt: 0, ysct: 0, dr: true, crst: 0, fak: null, vsact: true, vret: 0, rpt: 0, shcr: true, cmid: 0, trcd: 0, lgt: 0, eml: null, lvt: 1578581957, sbid: null, kyktid: null, actrd: 0, pamns: {amn: []}, skid: null, tts: null, actrp: 0, lwts: 0, skrt: 0, as: null, trid: "familyDay2016", exp: 85800, shousd: false, ceid: 0, plcmt: {}}, usrinf: {rl: 0}, mbm: {ac: null, sk: "blackMobileSkin"}, apprnc: {ssc: 1, mt: 31, rc: 1, ht: 127, bt: 0, mc: 15, g: 2, brt: 31, sc: 1, ec: 20, fft: 11, n: "чтооооооооо", hc: 1, pc: 1, pt: 0, shc: 1, fac: 1, nct: 0, et: 37, bc: 1, ss: 0, rg: 0, sh: 0, brc: 1, fat: 0}, locinfo: {x: -1, s: "127.0.0.1", y: -1, l: "street_s1_1", at: "", st: 0, d: 4, pl: "", shlc: true}, uid: "515", clths: {clths: [{tpid: "girlNoseEstr19", clid: null}, {tpid: "girlHtShrk", clid: null}, {tpid: "girlDrssAlice", clid: null}, {tpid: "girlMay1stTie", clid: null}, {tpid: "grlSD16Shs", clid: null}]}, pf: {pf: {jntr: {tp: "jntr", pgs: 0, l: 20}, grdnr: {tp: "grdnr", pgs: 0, l: 20}, phtghr: {tp: "phtghr", pgs: 0, l: 20}, vsgst: {tp: "vsgst", pgs: 0, l: 20}}}}}]