ClientError: Thu Jan 9 18:08:10 GMT+0300 2020 [CRITICAL] [couturier] *Uncaught Error* ErrorId: 1009 ErrorName: TypeError ErrorMessage:Error #1009 ErrorStackTrace:TypeError: Error #1009
	at _-0eV::RoomMemberContainer/addAvatar()
	at _-PQ::BaseRoomScreen/addAvatar()
	at _-PQ::BaseRoomScreen/onRefreshAvatar()
	at flash.events::EventDispatcher/dispatchEvent()
	at _-2CM::BaseRoomNetManager/onRefreshAvatar()
	at flash.events::EventDispatcher/dispatchEvent()
	at ags::_-2t/_-2dI()
	at flash.events::EventDispatcher/dispatchEvent()
	at _-0en::_-0O8/_-1LF()
	at _-0en::_-0O8/execute()
	at ags::AGSClient/_-0i9()
	at ags::AGSClient/_-2ZF()
	at ags::AGSClient/_-2Ea()
Thu Jan 9 18:08:10 GMT+0300 2020 [INFO] Server said: 34: ["o.r.ra", {plr: {ci: {lrnt: 0, sbrt: 0, spp: 0, fexp: 0, crt: 650, compid: 0, gdc: 0, vexp: 1965298000, ys: 0, vip: true, rtrtm: 0, vsexp: 1965298000, gtrfrd: 0, hrt: 174, strfrd: 0, vfgc: 0, bcld: 0, actrt: 0, ysct: 0, dr: true, crst: 0, fak: null, vsact: true, vret: 0, rpt: 0, shcr: true, cmid: 0, trcd: 0, lgt: 0, eml: null, lvt: 1578582421, sbid: null, kyktid: null, actrd: 0, pamns: {amn: []}, skid: null, tts: null, actrp: 0, lwts: 0, skrt: 0, as: null, trid: null, exp: 85800, shousd: false, ceid: 0, plcmt: {}}, usrinf: {rl: 0}, mbm: {ac: null, sk: "blackMobileSkin"}, apprnc: {ssc: 1, mt: 11, rc: 1, ht: 64, bt: 0, mc: 29, g: 2, brt: 15, sc: 4, ec: 29, fft: 2, n: "Arianna", hc: 7, pc: 1, pt: 0, shc: 35, fac: 1, nct: 0, et: 37, bc: 1, ss: 0, rg: 0, sh: 23, brc: 3, fat: 0}, locinfo: {x: 8.5, s: "127.0.0.1", y: 7.5, l: "couturier_ctr1_1", at: "", st: 0, d: 4, pl: "", shlc: true}, uid: "669", clths: {clths: [{tpid: "girlPlvNYGrc", clid: "3"}, {tpid: "girlShoes14", clid: null}]}, pf: {pf: {jntr: {tp: "jntr", pgs: 0, l: 20}, grdnr: {tp: "grdnr", pgs: 0, l: 20}, phtghr: {tp: "phtghr", pgs: 0, l: 20}, vsgst: {tp: "vsgst", pgs: 0, l: 20}}}}}]
Thu Jan 9 18:08:10 GMT+0300 2020 [INFO] Client said: 34: ["couturier_ctr1_1", "o.r.info", {rid: "ctr1"}]
Thu Jan 9 18:08:10 GMT+0300 2020 [INFO] Server said: 34: ["o.gr", {rid: "couturier_ctr1_1"}]
Thu Jan 9 18:08:07 GMT+0300 2020 [INFO] Server said: 16: ["couturier_ctr1_1", "515"]
Thu Jan 9 18:08:07 GMT+0300 2020 [INFO] Server said: 34: ["o.r.jn", {plr: {ci: {lrnt: 0, sbrt: 0, spp: 0, fexp: 0, crt: 2746, compid: 0, gdc: 0, vexp: 1965298000, ys: 0, vip: true, rtrtm: 0, vsexp: 1965298000, gtrfrd: 0, hrt: 840, strfrd: 0, vfgc: 0, bcld: 0, actrt: 0, ysct: 0, dr: true, crst: 0, fak: null, vsact: true, vret: 0, rpt: 0, shcr: true, cmid: 0, trcd: 0, lgt: 0, eml: null, lvt: 1578581957, sbid: null, kyktid: null, actrd: 0, pamns: {amn: []}, skid: null, tts: null, actrp: 0, lwts: 0, skrt: 0, as: null, trid: "freelanceSupport", exp: 85800, shousd: false, ceid: 0, plcmt: {}}, usrinf: {rl: 0}, mbm: {ac: null, sk: "blackMobileSkin"}, apprnc: {ssc: 1, mt: 31, rc: 1, ht: 92, bt: 0, mc: 15, g: 2, brt: 31, sc: 1, ec: 20, fft: 7, n: "чтооооооооо", hc: 1, pc: 1, pt: 0, shc: 1, fac: 1, nct: 0, et: 37, bc: 1, ss: 0, rg: 0, sh: 0, brc: 1, fat: 0}, locinfo: {x: -1, s: "127.0.0.1", y: -1, l: "couturier_ctr1_1", at: "", st: 0, d: 4, pl: "", shlc: true}, uid: "515", clths: {clths: [{tpid: "girlNoseEstr19", clid: null}, {tpid: "girlHtShrk", clid: null}, {tpid: "girlDrssAlice", clid: null}, {tpid: "girlMay1stTie", clid: null}, {tpid: "grlSD16Shs", clid: null}]}, pf: {pf: {jntr: {tp: "jntr", pgs: 0, l: 20}, grdnr: {tp: "grdnr", pgs: 0, l: 20}, phtghr: {tp: "phtghr", pgs: 0, l: 20}, vsgst: {tp: "vsgst", pgs: 0, l: 20}}}}}]
Thu Jan 9 18:08:05 GMT+0300 2020 [INFO] Server said: 34: ["psp.psp", {psp: {ach: {ac: {workaholic: {aId: "workaholic", p: 0, l: 3, nWct: 0}, shopaholic: {aId: "shopaholic", p: 0, l: 3, nWct: 0}, carRaceChamp: {aId: "carRaceChamp", p: 0, l: 3, nWct: 0}, goodFriend: {aId: "goodFriend", p: 0, l: 3, nWct: 0}, snowboarder: {aId: "snowboarder", p: 0, l: 3, nWct: 0}, generous: {aId: "generous", p: 0, l: 3, nWct: 0}, vip: {aId: "vip", p: 0, l: 3, nWct: 0}, pilowChamp: {aId: "pilowChamp", p: 0, l: 3, nWct: 0}, activityWinner: {aId: "activityWinner", p: 0, l: 3, nWct: 0}, beachRaceChamp: {aId: "beachRaceChamp", p: 0, l: 3, nWct: 0}, meerkatBear: {aId: "meerkatBear", p: 0, l: 3, nWct: 0}, magnate: {aId: "magnate", p: 0, l: 3, nWct: 0}, subscription: {aId: "subscription", p: 0, l: 3, nWct: 0}, crafter: {aId: "crafter", p: 0, l: 3, nWct: 0}}, tr: {snowboardPlace1: {trrt: 0, trid: "snowboardPlace1", trcd: 0}, activityPlace2: {trrt: 0, trid: "activityPlace2", trcd: 0}, weddingDay: {trrt: 0, trid: "weddingDay", trcd: 0}, springDay2018: {trrt: 0, trid: "springDay2018", trcd: 0}, halloween2017: {trrt: 0, trid: "halloween2017", trcd: 0}, firstApril16Place4: {trrt: 0, trid: "firstApril16Place4", trcd: 0}, freelanceExchange: {trrt: 0, trid: "freelanceExchange", trcd: 0}, snowboardPlace2: {trrt: 0, trid: "snowboardPlace2", trcd: 0}, snowboardPlace3: {trrt: 0, trid: "snowboardPlace3", trcd: 0}, firstApril2018: {trrt: 0, trid: "firstApril2018", trcd: 0}, familyDay2016: {trrt: 0, trid: "familyDay2016", trcd: 0}, halloween2016: {trrt: 0, trid: "halloween2016", trcd: 0}, freelanceJournal: {trrt: 0, trid: "freelanceJournal", trcd: 0}, yearAvatar: {trrt: 0, trid: "yearAvatar", trcd: 0}, newYear2020hero: {trrt: 0, trid: "newYear2020hero", trcd: 0}, mittens2020: {trrt: 0, trid: "mittens2020", trcd: 0}, newYear2017: {trrt: 0, trid: "newYear2017", trcd: 0}, freelanceTwitterInstagram: {trrt: 0, trid: "freelanceTwitterInstagram", trcd: 0}, freelanceVideo: {trrt: 0, trid: "freelanceVideo", trcd: 0}, newYear2018: {trrt: 0, trid: "newYear2018", trcd: 0}, firstApril16Place5: {trrt: 0, trid: "firstApril16Place5", trcd: 0}, dzo2019: {trrt: 0, trid: "dzo2019", trcd: 0}, halloween2018: {trrt: 0, trid: "halloween2018", trcd: 0}, avatarBirthday: {trrt: 0, trid: "avatarBirthday", trcd: 0}, avaBirthdayTrophy2016: {trrt: 0, trid: "avaBirthdayTrophy2016", trcd: 0}, freelanceModerator: {trrt: 0, trid: "freelanceModerator", trcd: 0}, freelanceMicrophone: {trrt: 0, trid: "freelanceMicrophone", trcd: 0}, firstApril16Place3: {trrt: 0, trid: "firstApril16Place3", trcd: 0}, autumnEvent2019: {trrt: 0, trid: "autumnEvent2019", trcd: 0}, firstApril16Place2: {trrt: 0, trid: "firstApril16Place2", trcd: 0}, newYear2019: {trrt: 0, trid: "newYear2019", trcd: 0}, firstApril16Place1: {trrt: 0, trid: "firstApril16Place1", trcd: 0}, firstApril2019: {trrt: 0, trid: "firstApril2019", trcd: 0}, stVal2018: {trrt: 0, trid: "stVal2018", trcd: 0}, springDay2017: {trrt: 0, trid: "springDay2017", trcd: 0}, activityPlace1: {trrt: 0, trid: "activityPlace1", trcd: 0}, freelanceCup: {trrt: 0, trid: "freelanceCup", trcd: 0}, freelanceSupport: {trrt: 0, trid: "freelanceSupport", trcd: 0}, activityPlace3: {trrt: 0, trid: "activityPlace3", trcd: 0}}}, uid: "905", rel: {}}}]
Thu Jan 9 18:08:04 GMT+0300 2020 [INFO] Server said: 34: ["a.apprnc.save", {apprnc: {ssc: 1, mt: 31, rc: 1, ht: 92, bt: 0, mc: 15, g: 2, brt: 31, sc: 1, ec: 20, fft: 7, n: "чтооооооооо", hc: 1, pc: 1, pt: 0, shc: 1, fac: 1, nct: 0, et: 37, bc: 1, ss: 0, rg: 0, sh: 0, brc: 1, fat: 0}}]
Thu Jan 9 18:08:02 GMT+0300 2020 [INFO] Server said: 34: ["o.r.ra", {plr: {ci: {lrnt: 0, sbrt: 0, spp: 0, fexp: 0, crt: 1205, compid: 0, gdc: 0, vexp: 1965298000, ys: 0, vip: true, rtrtm: 0, vsexp: 1965298000, gtrfrd: 0, hrt: 843, strfrd: 0, vfgc: 0, bcld: 0, actrt: 0, ysct: 0, dr: true, crst: 0, fak: null, vsact: true, vret: 0, rpt: 0, shcr: true, cmid: 0, trcd: 0, lgt: 0, eml: null, lvt: 1578582309, sbid: null, kyktid: null, actrd: 0, pamns: {amn: []}, skid: null, tts: null, actrp: 0, lwts: 0, skrt: 0, as: null, trid: null, exp: 85800, shousd: false, ceid: 0, plcmt: {}}, usrinf: {rl: 0}, mbm: {ac: null, sk: "blackMobileSkin"}, apprnc: {ssc: 1, mt: 31, rc: 1, ht: 101, bt: 0, mc: 28, g: 2, brt: 4, sc: 1, ec: 5, fft: 7, n: "Жабуля)))", hc: 5, pc: 1, pt: 0, shc: 8, fac: 1, nct: 0, et: 34, bc: 1, ss: 0, rg: 0, sh: 19, brc: 3, fat: 0}, locinfo: {x: 10.86, s: "127.0.0.1", y: 8.05, l: "salon_sn1_1", at: "", st: 23, d: 4, pl: "", shlc: true}, uid: "500", clths: {clths: [{tpid: "girlBtsRbbt", clid: "2"}, {tpid: "girlSktRbbt", clid: "2"}, {tpid: "girlTShrtOutsrc2", clid: "8"}]}, pf: {pf: {jntr: {tp: "jntr", pgs: 0, l: 20}, grdnr: {tp: "grdnr", pgs: 0, l: 20}, phtghr: {tp: "phtghr", pgs: 0, l: 20}, vsgst: {tp: "vsgst", pgs: 0, l: 20}}}}}]
Thu Jan 9 18:07:59 GMT+0300 2020 [INFO] Server said: 34: ["a.apprnc.save", {apprnc: {ssc: 1, mt: 31, rc: 1, ht: 92, bt: 0, mc: 15, g: 2, brt: 31, sc: 1, ec: 20, fft: 7, n: "чтооооооооо", hc: 1, pc: 1, pt: 0, shc: 1, fac: 1, nct: 0, et: 37, bc: 1, ss: 0, rg: 0, sh: 0, brc: 1, fat: 0}}]
Thu Jan 9 18:07:58 GMT+0300 2020 [INFO] Server said: 34: ["lg.lst", {glst: []}]
Thu Jan 9 18:07:54 GMT+0300 2020 [INFO] Server said: 34: ["a.apprnc.save", {apprnc: {ssc: 1, mt: 31, rc: 1, ht: 92, bt: 0, mc: 15, g: 2, brt: 31, sc: 1, ec: 20, fft: 7, n: "чтооооооооо", hc: 1, pc: 1, pt: 0, shc: 1, fac: 1, nct: 0, et: 37, bc: 1, ss: 0, rg: 0, sh: 0, brc: 1, fat: 0}}]
Thu Jan 9 18:07:53 GMT+0300 2020 [INFO] Server said: 34: ["lg.lst", {glst: []}]
Thu Jan 9 18:07:52 GMT+0300 2020 [INFO] Server said: 17: ["salon_sn1_1", "483"]
Thu Jan 9 18:07:52 GMT+0300 2020 [INFO] Server said: 34: ["o.r.lv", {uid: "483"}]
Thu Jan 9 18:07:51 GMT+0300 2020 [INFO] Server said: 34: ["o.r.u", {x: 9.61, d: 7, y: 1.67, at: "", st: 23, uid: "905"}]
Thu Jan 9 18:07:51 GMT+0300 2020 [INFO] Server said: 34: ["o.r.m", {dx: 9.61, dy: 1.67, sy: 4.53, uid: "905", sx: 11.59}]
Thu Jan 9 18:07:51 GMT+0300 2020 [INFO] Server said: 34: ["o.r.u", {x: 13.36, d: 4, y: 8.73, at: "", st: 23, uid: "483"}]
Thu Jan 9 18:07:51 GMT+0300 2020 [INFO] Server said: 34: ["o.r.u", {x: 11.59, d: 5, st: 0, y: 4.53, uid: "905"}]
Thu Jan 9 18:07:51 GMT+0300 2020 [INFO] Server said: 34: ["o.r.m", {dx: 13.36, dy: 8.73, sy: 6, sx: 14, uid: "483"}]
Thu Jan 9 18:07:50 GMT+0300 2020 [INFO] Server said: 34: ["o.r.u", {x: 14.42, st: 0, d: 1, y: 5.6, uid: "483"}]
Thu Jan 9 18:07:50 GMT+0300 2020 [INFO] Server said: 34: ["o.r.u", {x: 11.59, d: 5, st: 0, y: 4.53, uid: "905"}]
Thu Jan 9 18:07:50 GMT+0300 2020 [INFO] Server said: 34: ["o.r.u", {x: 14.42, d: 0, y: 5.6, at: "salonActiveChairItem22", st: 1, uid: "483"}]
Thu Jan 9 18:07:50 GMT+0300 2020 [INFO] Server said: 34: ["o.r.u", {x: 11.59, d: 5, y: 4.53, at: "", st: 23, uid: "905"}]
Thu Jan 9 18:07:50 GMT+0300 2020 [INFO] Server said: 34: ["lg.lst", {glst: []}]
Thu Jan 9 18:07:49 GMT+0300 2020 [INFO] Server said: 34: ["o.r.m", {dx: 11.59, dy: 4.53, sy: 3.92, uid: "905", sx: 12.88}]
Thu Jan 9 18:07:49 GMT+0300 2020 [INFO] Server said: 34: ["o.r.u", {x: 14.42, d: 0, y: 5.6, at: "", st: 23, uid: "483"}]
Thu Jan 9 18:07:49 GMT+0300 2020 [INFO] Server said: 34: ["o.r.m", {dx: 14.42, dy: 5.6, sy: 6, sx: 14, uid: "483"}]
Thu Jan 9 18:07:49 GMT+0300 2020 [INFO] Server said: 34: ["o.r.m", {dx: 11.59, dy: 4.53, sy: 3.73, uid: "905", sx: 13.27}]
Thu Jan 9 18:07:49 GMT+0300 2020 [INFO] Server said: 34: ["o.r.m", {dx: 6.94, dy: 7.94, sy: 1.5, uid: "905", sx: 15.5}]
Thu Jan 9 18:07:48 GMT+0300 2020 [INFO] Server said: 34: ["o.r.u", {x: 14.42, st: 0, d: 1, y: 5.6, uid: "483"}]
Thu Jan 9 18:07:48 GMT+0300 2020 [INFO] Server said: 34: ["o.r.u", {x: 14.42, d: 4, y: 5.6, at: "salonActiveChairItem22", st: 1, uid: "483"}]
Thu Jan 9 18:07:48 GMT+0300 2020 [INFO] Server said: 34: ["o.r.u", {x: 14.42, d: 4, y: 5.6, at: "", st: 23, uid: "483"}]
Thu Jan 9 18:07:47 GMT+0300 2020 [INFO] Server said: 34: ["o.r.m", {dx: 14.42, dy: 5.6, sy: 1.5, sx: 15.5, uid: "483"}]
Thu Jan 9 18:07:47 GMT+0300 2020 [INFO] Server said: 17: ["salon_sn1_1", "760"]
Thu Jan 9 18:07:47 GMT+0300 2020 [INFO] Server said: 34: ["o.r.lv", {uid: "760"}]
Thu Jan 9 18:07:47 GMT+0300 2020 [INFO] Server said: 34: ["o.r.ra", {plr: {ci: {lrnt: 0, sbrt: 0, spp: 0, fexp: 0, crt: 18, compid: 0, gdc: 0, vexp: 1965298000, ys: 0, vip: true, rtrtm: 0, vsexp: 1965298000, gtrfrd: 0, hrt: 174, strfrd: 0, vfgc: 0, bcld: 0, actrt: 0, ysct: 0, dr: true, crst: 0, fak: null, vsact: true, vret: 0, rpt: 0, shcr: true, cmid: 0, trcd: 0, lgt: 0, eml: null, lvt: 1578582338, sbid: null, kyktid: null, actrd: 0, pamns: {amn: []}, skid: null, tts: null, actrp: 0, lwts: 0, skrt: 0, as: null, trid: null, exp: 85800, shousd: false, ceid: 0, plcmt: {}}, usrinf: {rl: 0}, mbm: {ac: null, sk: "blackMobileSkin"}, apprnc: {ssc: 1, mt: 11, rc: 1, ht: 61, bt: 0, mc: 2, g: 1, brt: 8, sc: 1, ec: 2, fft: 7, n: "dead inside", hc: 27, pc: 1, pt: 0, shc: 1, fac: 1, nct: 0, et: 15, bc: 1, ss: 0, rg: 0, sh: 0, brc: 8, fat: 0}, locinfo: {x: 15.5, s: "127.0.0.1", y: 1.5, l: "salon_sn1_1", at: "", st: 0, d: 4, pl: "", shlc: true}, uid: "905", clths: {clths: [{tpid: "boyShirt14", clid: null}, {tpid: "boyShoes8", clid: null}, {tpid: "boyPants10", clid: null}]}, pf: {pf: {jntr: {tp: "jntr", pgs: 0, l: 20}, grdnr: {tp: "grdnr", pgs: 0, l: 20}, phtghr: {tp: "phtghr", pgs: 0, l: 20}, vsgst: {tp: "vsgst", pgs: 0, l: 20}}}}}]
Thu Jan 9 18:07:47 GMT+0300 2020 [INFO] Server said: 34: ["o.r.u", {x: 15.5, st: 0, d: 4, y: 1.5, uid: "483"}]
Thu Jan 9 18:07:46 GMT+0300 2020 [INFO] Server said: 17: ["salon_sn1_1", "194"]