ClientError: Thu Jan 9 18:04:40 GMT+0300 2020 [CRITICAL] [salon] *Uncaught Error* ErrorId: 1009 ErrorName: TypeError ErrorMessage:Error #1009 ErrorStackTrace:TypeError: Error #1009
	at _-0eV::RoomMemberContainer/addAvatar()
	at _-PQ::BaseRoomScreen/addAvatar()
	at _-PQ::BaseRoomScreen/onRefreshAvatar()
	at flash.events::EventDispatcher/dispatchEvent()
	at _-2CM::BaseRoomNetManager/onRefreshAvatar()
	at flash.events::EventDispatcher/dispatchEvent()
	at ags::_-2t/_-2dI()
	at flash.events::EventDispatcher/dispatchEvent()
	at _-0en::_-0O8/_-1LF()
	at _-0en::_-0O8/execute()
	at ags::AGSClient/_-0i9()
	at ags::AGSClient/_-2ZF()
	at ags::AGSClient/_-2Ea()
Thu Jan 9 18:04:40 GMT+0300 2020 [INFO] Server said: 34: ["o.r.ra", {plr: {ci: {lrnt: 0, sbrt: 0, spp: 0, fexp: 0, crt: 839, compid: 0, gdc: 0, vexp: 1965298000, ys: 0, vip: true, rtrtm: 0, vsexp: 1965298000, gtrfrd: 0, hrt: 261, strfrd: 0, vfgc: 0, bcld: 0, actrt: 0, ysct: 0, dr: true, crst: 0, fak: null, vsact: true, vret: 0, rpt: 0, shcr: true, cmid: 0, trcd: 0, lgt: 0, eml: null, lvt: 1578581688, sbid: null, kyktid: null, actrd: 0, pamns: {amn: []}, skid: null, tts: null, actrp: 0, lwts: 0, skrt: 0, as: null, trid: "freelanceMicrophone", exp: 85800, shousd: false, ceid: 0, plcmt: {}}, usrinf: {rl: 0}, mbm: {ac: null, sk: "blackMobileSkin"}, apprnc: {ssc: 2, mt: 14, rc: 1, ht: 111, bt: 0, mc: 16, g: 2, brt: 22, sc: 1, ec: 6, fft: 2, n: "Вселенная ", hc: 5, pc: 1, pt: 3, shc: 24, fac: 10, nct: 0, et: 37, bc: 1, ss: 0, rg: 0, sh: 0, brc: 10, fat: 6}, locinfo: {x: 10.02, s: "127.0.0.1", y: 13.64, l: "salon_sn1_1", at: "", st: 23, d: 4, pl: "", shlc: true}, uid: "765", clths: {clths: [{tpid: "grlPnkRsPnts", clid: null}, {tpid: "girlTShrtSh", clid: null}, {tpid: "grlPnkRsShs", clid: null}]}, pf: {pf: {jntr: {tp: "jntr", pgs: 0, l: 20}, grdnr: {tp: "grdnr", pgs: 0, l: 20}, phtghr: {tp: "phtghr", pgs: 0, l: 20}, vsgst: {tp: "vsgst", pgs: 0, l: 20}}}}}]
Thu Jan 9 18:04:37 GMT+0300 2020 [INFO] Server said: 34: ["o.r.u", {x: 14.42, d: 0, y: 12.6, at: "salonActiveChairItem21", st: 1, uid: "328"}]
Thu Jan 9 18:04:36 GMT+0300 2020 [INFO] Server said: 34: ["o.r.u", {x: 14.42, d: 0, y: 12.6, at: "", st: 23, uid: "328"}]
Thu Jan 9 18:04:34 GMT+0300 2020 [INFO] Server said: 34: ["o.r.m", {dx: 14.42, dy: 12.6, sy: 13, sx: 14, uid: "328"}]
Thu Jan 9 18:04:32 GMT+0300 2020 [INFO] Server said: 34: ["o.r.u", {x: 14.42, st: 0, d: 1, y: 12.6, uid: "328"}]
Thu Jan 9 18:04:32 GMT+0300 2020 [INFO] Server said: 16: ["salon_sn1_1", "483"]
Thu Jan 9 18:04:32 GMT+0300 2020 [INFO] Server said: 34: ["o.r.jn", {plr: {ci: {lrnt: 0, sbrt: 0, spp: 0, fexp: 0, crt: 295, compid: 0, gdc: 0, vexp: 1965298000, ys: 0, vip: true, rtrtm: 0, vsexp: 1965298000, gtrfrd: 0, hrt: 174, strfrd: 0, vfgc: 0, bcld: 0, actrt: 0, ysct: 0, dr: true, crst: 0, fak: null, vsact: true, vret: 0, rpt: 0, shcr: true, cmid: 0, trcd: 0, lgt: 0, eml: null, lvt: 1578582296, sbid: null, kyktid: null, actrd: 0, pamns: {amn: []}, skid: null, tts: null, actrp: 0, lwts: 0, skrt: 0, as: null, trid: null, exp: 85800, shousd: false, ceid: 0, plcmt: {}}, usrinf: {rl: 0}, mbm: {ac: null, sk: "blackMobileSkin"}, apprnc: {ssc: 1, mt: 3, rc: 1, ht: 132, bt: 0, mc: 2, g: 2, brt: 28, sc: 1, ec: 5, fft: 0, n: "говнопепа", hc: 5, pc: 1, pt: 0, shc: 1, fac: 1, nct: 0, et: 2, bc: 1, ss: 0, rg: 0, sh: 0, brc: 2, fat: 0}, locinfo: {x: -1, s: "127.0.0.1", y: -1, l: "salon_sn1_1", at: "", st: 0, d: 4, pl: "", shlc: true}, uid: "483", clths: {clths: [{tpid: "anmGSchLcs", clid: null}, {tpid: "girlShrtsLn", clid: null}, {tpid: "girlJcktLn", clid: null}, {tpid: "girlTShrtGrn", clid: null}, {tpid: "grlPnkRsShs", clid: null}]}, pf: {pf: {jntr: {tp: "jntr", pgs: 0, l: 20}, grdnr: {tp: "grdnr", pgs: 0, l: 20}, phtghr: {tp: "phtghr", pgs: 0, l: 20}, vsgst: {tp: "vsgst", pgs: 0, l: 20}}}}}]
Thu Jan 9 18:04:31 GMT+0300 2020 [INFO] Server said: 34: ["o.r.u", {x: 9.22, d: 0, y: 3.97, at: "", st: 23, uid: "558"}]