ClientError: Thu Jan 9 18:04:26 GMT+0300 2020 [CRITICAL] [salon] *Uncaught Error* ErrorId: 1009 ErrorName: TypeError ErrorMessage:Error #1009 ErrorStackTrace:TypeError: Error #1009
	at _-0eV::RoomMemberContainer/addAvatar()
	at _-PQ::BaseRoomScreen/addAvatar()
	at _-PQ::BaseRoomScreen/onRefreshAvatar()
	at flash.events::EventDispatcher/dispatchEvent()
	at _-2CM::BaseRoomNetManager/onRefreshAvatar()
	at flash.events::EventDispatcher/dispatchEvent()
	at ags::_-2t/_-2dI()
	at flash.events::EventDispatcher/dispatchEvent()
	at _-0en::_-0O8/_-1LF()
	at _-0en::_-0O8/execute()
	at ags::AGSClient/_-0i9()
	at ags::AGSClient/_-2ZF()
	at ags::AGSClient/_-2Ea()
Thu Jan 9 18:04:26 GMT+0300 2020 [INFO] Server said: 34: ["o.r.ra", {plr: {ci: {lrnt: 0, sbrt: 0, spp: 0, fexp: 0, crt: 294, compid: 0, gdc: 0, vexp: 1965298000, ys: 0, vip: true, rtrtm: 0, vsexp: 1965298000, gtrfrd: 0, hrt: 174, strfrd: 0, vfgc: 0, bcld: 0, actrt: 0, ysct: 0, dr: true, crst: 0, fak: null, vsact: true, vret: 0, rpt: 0, shcr: true, cmid: 0, trcd: 0, lgt: 0, eml: null, lvt: 1578581968, sbid: null, kyktid: null, actrd: 0, pamns: {amn: []}, skid: null, tts: null, actrp: 0, lwts: 0, skrt: 0, as: null, trid: null, exp: 85800, shousd: false, ceid: 0, plcmt: {}}, usrinf: {rl: 0}, mbm: {ac: null, sk: "blackMobileSkin"}, apprnc: {ssc: 1, mt: 22, rc: 1, ht: 60, bt: 20, mc: 2, g: 1, brt: 16, sc: 1, ec: 3, fft: 0, n: "χøӎƳǻҹøk", hc: 4, pc: 1, pt: 0, shc: 1, fac: 1, nct: 0, et: 15, bc: 4, ss: 0, rg: 0, sh: 0, brc: 10, fat: 0}, locinfo: {x: 9.89, s: "127.0.0.1", y: 7.08, l: "salon_sn1_1", at: "", st: 23, d: 4, pl: "", shlc: true}, uid: "849", clths: {clths: [{tpid: "boyBtsHp", clid: null}, {tpid: "boyGlssHp", clid: null}, {tpid: "boyTtHp", clid: null}, {tpid: "boyErrHp", clid: null}, {tpid: "boyPntsHp", clid: null}, {tpid: "boyTShrtHp", clid: null}]}, pf: {pf: {jntr: {tp: "jntr", pgs: 0, l: 20}, grdnr: {tp: "grdnr", pgs: 0, l: 20}, phtghr: {tp: "phtghr", pgs: 0, l: 20}, vsgst: {tp: "vsgst", pgs: 0, l: 20}}}}}]
Thu Jan 9 18:04:26 GMT+0300 2020 [INFO] Server said: 34: ["o.r.u", {x: 14.42, d: 0, y: 12.6, at: "", st: 23, uid: "328"}]
Thu Jan 9 18:04:24 GMT+0300 2020 [INFO] Server said: 34: ["o.r.m", {dx: 14.42, dy: 12.6, sy: 13, sx: 14, uid: "328"}]
Thu Jan 9 18:04:24 GMT+0300 2020 [INFO] Server said: 34: ["o.r.m", {dx: 10.5, dy: 3.25, sy: 7.17, uid: "558", sx: 10.92}]
Thu Jan 9 18:04:23 GMT+0300 2020 [INFO] Server said: 34: ["o.r.u", {x: 14.42, st: 0, d: 1, y: 12.6, uid: "328"}]
Thu Jan 9 18:04:22 GMT+0300 2020 [INFO] Server said: 34: ["o.r.u", {x: 10.92, d: 5, y: 7.17, at: "", st: 23, uid: "558"}]
Thu Jan 9 18:04:21 GMT+0300 2020 [INFO] Client said: 34: ["salon_sn1_1", "o.r.info", {rid: "sn1"}]
Thu Jan 9 18:04:21 GMT+0300 2020 [INFO] Server said: 34: ["o.gr", {rid: "salon_sn1_1"}]
Thu Jan 9 18:04:20 GMT+0300 2020 [INFO] Server said: 34: ["o.r.u", {x: 14.42, st: 0, d: 1, y: 12.6, uid: "328"}]
Thu Jan 9 18:04:16 GMT+0300 2020 [INFO] Server said: 34: ["o.r.ra", {plr: {ci: {lrnt: 0, sbrt: 0, spp: 0, fexp: 0, crt: 839, compid: 0, gdc: 0, vexp: 1965298000, ys: 0, vip: true, rtrtm: 0, vsexp: 1965298000, gtrfrd: 0, hrt: 261, strfrd: 0, vfgc: 0, bcld: 0, actrt: 0, ysct: 0, dr: true, crst: 0, fak: null, vsact: true, vret: 0, rpt: 0, shcr: true, cmid: 0, trcd: 0, lgt: 0, eml: null, lvt: 1578581688, sbid: null, kyktid: null, actrd: 0, pamns: {amn: []}, skid: null, tts: null, actrp: 0, lwts: 0, skrt: 0, as: null, trid: "freelanceMicrophone", exp: 85800, shousd: false, ceid: 0, plcmt: {}}, usrinf: {rl: 0}, mbm: {ac: null, sk: "blackMobileSkin"}, apprnc: {ssc: 2, mt: 14, rc: 1, ht: 111, bt: 0, mc: 16, g: 2, brt: 22, sc: 1, ec: 6, fft: 2, n: "Вселенная ", hc: 5, pc: 1, pt: 3, shc: 24, fac: 10, nct: 0, et: 37, bc: 1, ss: 0, rg: 0, sh: 0, brc: 10, fat: 6}, locinfo: {x: 10.02, s: "127.0.0.1", y: 13.64, l: "salon_sn1_1", at: "", st: 23, d: 4, pl: "", shlc: true}, uid: "765", clths: {clths: [{tpid: "girlPntsLc", clid: null}, {tpid: "wdn15GRdShs", clid: null}, {tpid: "girlTShrtZdcCrfsh", clid: null}]}, pf: {pf: {jntr: {tp: "jntr", pgs: 0, l: 20}, grdnr: {tp: "grdnr", pgs: 0, l: 20}, phtghr: {tp: "phtghr", pgs: 0, l: 20}, vsgst: {tp: "vsgst", pgs: 0, l: 20}}}}}]
Thu Jan 9 18:04:15 GMT+0300 2020 [INFO] Server said: 34: ["o.r.u", {x: 14.42, d: 0, y: 12.6, at: "salonActiveChairItem21", st: 1, uid: "328"}]
Thu Jan 9 18:04:14 GMT+0300 2020 [INFO] Server said: 34: ["o.r.ra", {plr: {ci: {lrnt: 0, sbrt: 0, spp: 0, fexp: 0, crt: 319, compid: 0, gdc: 0, vexp: 1965298000, ys: 0, vip: true, rtrtm: 0, vsexp: 1965298000, gtrfrd: 0, hrt: 174, strfrd: 0, vfgc: 0, bcld: 0, actrt: 0, ysct: 0, dr: true, crst: 0, fak: null, vsact: true, vret: 0, rpt: 0, shcr: true, cmid: 0, trcd: 0, lgt: 0, eml: null, lvt: 1578581969, sbid: null, kyktid: null, actrd: 0, pamns: {amn: []}, skid: null, tts: null, actrp: 0, lwts: 0, skrt: 0, as: null, trid: "freelanceMicrophone", exp: 85800, shousd: false, ceid: 0, plcmt: {}}, usrinf: {rl: 0}, mbm: {ac: null, sk: "blackMobileSkin"}, apprnc: {ssc: 1, mt: 29, rc: 1, ht: 131, bt: 0, mc: 29, g: 2, brt: 14, sc: 2, ec: 5, fft: 16, n: "min yoongi", hc: 4, pc: 1, pt: 0, shc: 15, fac: 1, nct: 0, et: 34, bc: 1, ss: 0, rg: 0, sh: 19, brc: 10, fat: 0}, locinfo: {x: 14.42, s: "127.0.0.1", y: 5.6, l: "salon_sn1_1", at: "", st: 0, d: 4, pl: "", shlc: true}, uid: "506", clths: {clths: [{tpid: "girlGlssHp", clid: null}, {tpid: "girlCtHp", clid: null}, {tpid: "girlBtsHp", clid: null}, {tpid: "girlTShrtHp", clid: null}, {tpid: "girlErrHp", clid: null}, {tpid: "girlHtHp", clid: null}, {tpid: "girlPntsHp", clid: null}]}, pf: {pf: {jntr: {tp: "jntr", pgs: 0, l: 20}, grdnr: {tp: "grdnr", pgs: 0, l: 20}, phtghr: {tp: "phtghr", pgs: 0, l: 20}, vsgst: {tp: "vsgst", pgs: 0, l: 20}}}}}]
Thu Jan 9 18:04:14 GMT+0300 2020 [INFO] Server said: 34: ["o.r.u", {x: 14.42, d: 0, y: 12.6, at: "", st: 23, uid: "328"}]
Thu Jan 9 18:04:12 GMT+0300 2020 [INFO] Server said: 34: ["o.r.m", {dx: 14.42, dy: 12.6, sy: 13, sx: 14, uid: "328"}]
Thu Jan 9 18:04:12 GMT+0300 2020 [INFO] Server said: 34: ["o.r.ra", {plr: {ci: {lrnt: 0, sbrt: 0, spp: 0, fexp: 0, crt: 1887, compid: 0, gdc: 0, vexp: 1965298000, ys: 0, vip: true, rtrtm: 0, vsexp: 1965298000, gtrfrd: 0, hrt: 2919, strfrd: 0, vfgc: 0, bcld: 0, actrt: 0, ysct: 0, dr: true, crst: 0, fak: null, vsact: true, vret: 0, rpt: 0, shcr: true, cmid: 0, trcd: 0, lgt: 0, eml: null, lvt: 1578581938, sbid: null, kyktid: null, actrd: 0, pamns: {amn: []}, skid: null, tts: null, actrp: 0, lwts: 0, skrt: 0, as: null, trid: null, exp: 85800, shousd: false, ceid: 0, plcmt: {}}, usrinf: {rl: 0}, mbm: {ac: null, sk: "blackMobileSkin"}, apprnc: {ssc: 1, mt: 31, rc: 1, ht: 131, bt: 0, mc: 29, g: 2, brt: 23, sc: 1, ec: 25, fft: 2, n: "кто то там", hc: 2, pc: 1, pt: 0, shc: 34, fac: 1, nct: 0, et: 37, bc: 1, ss: 0, rg: 0, sh: 18, brc: 1, fat: 0}, locinfo: {x: 15.5, s: "127.0.0.1", y: 1.5, l: "salon_sn1_1", at: "", st: 0, d: 4, pl: "", shlc: true}, uid: "558", clths: {clths: [{tpid: "grlPnkRsJkt", clid: null}, {tpid: "grlLmnBrcl", clid: null}, {tpid: "grlPnkRsPnts", clid: null}, {tpid: "grlLmnTSht", clid: null}, {tpid: "grlLmnErr", clid: null}, {tpid: "grlPnkRsShs", clid: null}]}, pf: {pf: {jntr: {tp: "jntr", pgs: 0, l: 20}, grdnr: {tp: "grdnr", pgs: 0, l: 20}, phtghr: {tp: "phtghr", pgs: 0, l: 20}, vsgst: {tp: "vsgst", pgs: 0, l: 20}}}}}]
Thu Jan 9 18:04:11 GMT+0300 2020 [INFO] Server said: 34: ["o.r.u", {x: 14.42, st: 0, d: 1, y: 12.6, uid: "328"}]
Thu Jan 9 18:04:10 GMT+0300 2020 [INFO] Server said: 17: ["salon_sn1_1", "624"]
Thu Jan 9 18:04:10 GMT+0300 2020 [INFO] Server said: 34: ["o.r.lv", {uid: "624"}]
Thu Jan 9 18:04:09 GMT+0300 2020 [INFO] Server said: 16: ["salon_sn1_1", "515"]
Thu Jan 9 18:04:08 GMT+0300 2020 [INFO] Server said: 34: ["o.r.jn", {plr: {ci: {lrnt: 0, sbrt: 0, spp: 0, fexp: 0, crt: 2746, compid: 0, gdc: 0, vexp: 1965298000, ys: 0, vip: true, rtrtm: 0, vsexp: 1965298000, gtrfrd: 0, hrt: 840, strfrd: 0, vfgc: 0, bcld: 0, actrt: 0, ysct: 0, dr: true, crst: 0, fak: null, vsact: true, vret: 0, rpt: 0, shcr: true, cmid: 0, trcd: 0, lgt: 0, eml: null, lvt: 1578581957, sbid: null, kyktid: null, actrd: 0, pamns: {amn: []}, skid: null, tts: null, actrp: 0, lwts: 0, skrt: 0, as: null, trid: "freelanceSupport", exp: 85800, shousd: false, ceid: 0, plcmt: {}}, usrinf: {rl: 0}, mbm: {ac: null, sk: "blackMobileSkin"}, apprnc: {ssc: 1, mt: 31, rc: 1, ht: 127, bt: 0, mc: 15, g: 2, brt: 31, sc: 1, ec: 20, fft: 7, n: "чтооооооооо", hc: 1, pc: 1, pt: 0, shc: 1, fac: 1, nct: 0, et: 37, bc: 1, ss: 0, rg: 0, sh: 0, brc: 1, fat: 0}, locinfo: {x: -1, s: "127.0.0.1", y: -1, l: "salon_sn1_1", at: "", st: 0, d: 4, pl: "", shlc: true}, uid: "515", clths: {clths: [{tpid: "girlNoseEstr19", clid: null}, {tpid: "girlHtShrk", clid: null}, {tpid: "girlDrssAlice", clid: null}, {tpid: "girlMay1stTie", clid: null}, {tpid: "grlSD16Shs", clid: null}]}, pf: {pf: {jntr: {tp: "jntr", pgs: 0, l: 20}, grdnr: {tp: "grdnr", pgs: 0, l: 20}, phtghr: {tp: "phtghr", pgs: 0, l: 20}, vsgst: {tp: "vsgst", pgs: 0, l: 20}}}}}]
Thu Jan 9 18:04:07 GMT+0300 2020 [INFO] Server said: 34: ["o.r.u", {x: 14.42, d: 3, y: 12.6, at: "salonActiveChairItem21", st: 1, uid: "328"}]
Thu Jan 9 18:04:06 GMT+0300 2020 [INFO] Server said: 34: ["o.r.u", {x: 14.42, d: 3, y: 12.6, at: "", st: 23, uid: "328"}]
Thu Jan 9 18:04:05 GMT+0300 2020 [INFO] Server said: 34: ["o.r.m", {dx: 14.42, dy: 12.6, sy: 6.77, sx: 9.7, uid: "328"}]
Thu Jan 9 18:04:05 GMT+0300 2020 [INFO] Server said: 34: ["o.r.m", {dx: 11.19, dy: 8.69, sy: 6, sx: 14, uid: "506"}]
Thu Jan 9 18:04:03 GMT+0300 2020 [INFO] Server said: 34: ["o.r.u", {x: 9.7, d: 4, y: 6.77, at: "", st: 23, uid: "328"}]
Thu Jan 9 18:04:03 GMT+0300 2020 [INFO] Server said: 34: ["o.r.u", {x: 14.42, st: 0, d: 1, y: 5.6, uid: "506"}]
Thu Jan 9 18:04:01 GMT+0300 2020 [INFO] Server said: 34: ["o.r.m", {dx: 9.7, dy: 6.77, sy: 2.64, sx: 9.08, uid: "328"}]
Thu Jan 9 18:03:57 GMT+0300 2020 [INFO] Server said: 34: ["o.r.ra", {plr: {ci: {lrnt: 0, sbrt: 0, spp: 0, fexp: 0, crt: 839, compid: 0, gdc: 0, vexp: 1965298000, ys: 0, vip: true, rtrtm: 0, vsexp: 1965298000, gtrfrd: 0, hrt: 261, strfrd: 0, vfgc: 0, bcld: 0, actrt: 0, ysct: 0, dr: true, crst: 0, fak: null, vsact: true, vret: 0, rpt: 0, shcr: true, cmid: 0, trcd: 0, lgt: 0, eml: null, lvt: 1578581688, sbid: null, kyktid: null, actrd: 0, pamns: {amn: []}, skid: null, tts: null, actrp: 0, lwts: 0, skrt: 0, as: null, trid: "freelanceMicrophone", exp: 85800, shousd: false, ceid: 0, plcmt: {}}, usrinf: {rl: 0}, mbm: {ac: null, sk: "blackMobileSkin"}, apprnc: {ssc: 2, mt: 14, rc: 1, ht: 111, bt: 0, mc: 16, g: 2, brt: 22, sc: 1, ec: 6, fft: 2, n: "Вселенная ", hc: 5, pc: 1, pt: 3, shc: 24, fac: 10, nct: 0, et: 37, bc: 1, ss: 0, rg: 0, sh: 0, brc: 10, fat: 6}, locinfo: {x: 10.02, s: "127.0.0.1", y: 13.64, l: "salon_sn1_1", at: "", st: 23, d: 4, pl: "", shlc: true}, uid: "765", clths: {clths: [{tpid: "girlPntsLc", clid: null}, {tpid: "wdn15GRdShs", clid: null}, {tpid: "girlTShrtZdcCrfsh", clid: null}]}, pf: {pf: {jntr: {tp: "jntr", pgs: 0, l: 20}, grdnr: {tp: "grdnr", pgs: 0, l: 20}, phtghr: {tp: "phtghr", pgs: 0, l: 20}, vsgst: {tp: "vsgst", pgs: 0, l: 20}}}}}]
Thu Jan 9 18:03:56 GMT+0300 2020 [INFO] Server said: 34: ["o.r.u", {x: 9.8, d: 5, y: 6.55, at: "", st: 23, uid: "140"}]
Thu Jan 9 18:03:56 GMT+0300 2020 [INFO] Server said: 34: ["cp.cht.sm", {msg: {tag: null, sid: "624", mid: null, tp: "chatTextMessage", msg: "ладн я дом пой ду обустраивать", cid: null}, rid: "salon_sn1_1"}]
Thu Jan 9 18:03:51 GMT+0300 2020 [INFO] Client said: 34: [null, "o.gr", {gid: "sn1", lid: "salon"}]
Thu Jan 9 18:03:51 GMT+0300 2020 [INFO] Client said: 17: ["club_cl1_1"]
Thu Jan 9 18:03:51 GMT+0300 2020 [INFO] Server said: 34: ["mb.mkslf", {stg: null, zm: false, sow: "515"}]
Thu Jan 9 18:03:50 GMT+0300 2020 [INFO] Client said: 34: ["club_cl1_1", "o.r.u", {x: 22.5, st: 23, y: 1.5, at: "", d: 4, uid: "515"}]
Thu Jan 9 18:03:50 GMT+0300 2020 [INFO] Server said: 34: ["ntf.inv", {it: {tid: "film", c: 0, lid: ""}}]
Thu Jan 9 18:03:48 GMT+0300 2020 [INFO] Server said: 34: ["mb.mkslf", {stg: null, zm: false, sow: "515"}]
Thu Jan 9 18:03:48 GMT+0300 2020 [INFO] Server said: 34: ["ntf.inv", {it: {tid: "film", c: 1, lid: ""}}]
Thu Jan 9 18:03:45 GMT+0300 2020 [INFO] Client said: 34: [null, "mb.mkslf", {zm: false, stg: null}]