ClientError: Thu Jan 9 16:05:20 GMT+0200 2020 [CRITICAL] [salon] *Uncaught Error* ErrorId: 1009 ErrorName: TypeError ErrorMessage:Error #1009 ErrorStackTrace:TypeError: Error #1009
	at _-0eV::RoomMemberContainer/addAvatar()
	at _-PQ::BaseRoomScreen/addAvatar()
	at _-PQ::BaseRoomScreen/onRefreshAvatar()
	at flash.events::EventDispatcher/dispatchEvent()
	at _-2CM::BaseRoomNetManager/onRefreshAvatar()
	at flash.events::EventDispatcher/dispatchEvent()
	at ags::_-2t/_-2dI()
	at flash.events::EventDispatcher/dispatchEvent()
	at _-0en::_-0O8/_-1LF()
	at _-0en::_-0O8/execute()
	at ags::AGSClient/_-0i9()
	at ags::AGSClient/_-2ZF()
	at ags::AGSClient/_-2Ea()
Thu Jan 9 16:05:20 GMT+0200 2020 [INFO] Server said: 34: ["o.r.ra", {plr: {uid: "119", ci: {skid: null, tts: null, skrt: 0, eml: null, crt: 10, bcld: 0, fexp: 0, trid: null, ysct: 0, trcd: 0, fak: null, lvt: 1578578469, shcr: true, gtrfrd: 0, hrt: 174, sbid: null, strfrd: 0, vip: true, ceid: 0, crst: 0, rtrtm: 0, gdc: 0, kyktid: null, lgt: 0, rpt: 0, actrt: 0, compid: 0, lrnt: 0, actrp: 0, vexp: 1965298000, ys: 0, actrd: 0, pamns: {amn: []}, shousd: false, vsexp: 1965298000, vsact: true, sbrt: 0, as: null, vret: 0, cmid: 0, dr: true, exp: 85800, vfgc: 0, plcmt: {}, lwts: 0, spp: 0}, usrinf: {rl: 0}, clths: {clths: [{clid: null, tpid: "girlShirt12"}, {clid: null, tpid: "girlShoes14"}, {clid: null, tpid: "girlPants9"}]}, apprnc: {pt: 0, brc: 10, rc: 1, ec: 14, shc: 1, bt: 0, g: 2, et: 31, mc: 14, ht: 127, pc: 1, sh: 0, ssc: 1, mt: 31, rg: 0, nct: 0, fac: 1, fft: 2, n: "pizdeц", sc: 5, hc: 7, fat: 0, bc: 1, brt: 24, ss: 0}, mbm: {sk: "blackMobileSkin", ac: null}, locinfo: {x: 15.5, s: "127.0.0.1", y: 1.5, at: "", shlc: true, d: 4, st: 0, l: "salon_sn1_1", pl: ""}, pf: {pf: {grdnr: {pgs: 0, l: 20, tp: "grdnr"}, jntr: {pgs: 0, l: 20, tp: "jntr"}, phtghr: {pgs: 0, l: 20, tp: "phtghr"}, vsgst: {pgs: 0, l: 20, tp: "vsgst"}}}}}]
Thu Jan 9 16:05:20 GMT+0200 2020 [INFO] Server said: 34: ["o.r.m", {uid: "175", sy: 1.5, dy: 2.45, sx: 15.5, dx: 9.83}]
Thu Jan 9 16:05:19 GMT+0200 2020 [INFO] Server said: 34: ["o.r.u", {uid: "175", x: 15.5, d: 4, y: 1.5, st: 0}]
Thu Jan 9 16:05:13 GMT+0200 2020 [INFO] Server said: 16: ["salon_sn1_1", "137"]
Thu Jan 9 16:05:13 GMT+0200 2020 [INFO] Client said: 34: ["salon_sn1_1", "o.r.info", {rid: "sn1"}]
Thu Jan 9 16:05:13 GMT+0200 2020 [INFO] Server said: 34: ["o.gr", {rid: "salon_sn1_1"}]
Thu Jan 9 16:05:13 GMT+0200 2020 [INFO] Server said: 34: ["o.r.jn", {plr: {uid: "137", ci: {skid: null, tts: null, skrt: 0, eml: null, crt: 10, bcld: 0, fexp: 0, trid: null, ysct: 0, trcd: 0, fak: null, lvt: 1578578538, shcr: true, gtrfrd: 0, hrt: 174, sbid: null, strfrd: 0, vip: true, ceid: 0, crst: 0, rtrtm: 0, gdc: 0, kyktid: null, lgt: 0, rpt: 0, actrt: 0, compid: 0, lrnt: 0, actrp: 0, vexp: 1965298000, ys: 0, actrd: 0, pamns: {amn: []}, shousd: false, vsexp: 1965298000, vsact: true, sbrt: 0, as: null, vret: 0, cmid: 0, dr: true, exp: 85800, vfgc: 0, plcmt: {}, lwts: 0, spp: 0}, usrinf: {rl: 0}, clths: {clths: [{clid: null, tpid: "girlShirt12"}, {clid: null, tpid: "girlShoes14"}, {clid: null, tpid: "girlPants9"}]}, apprnc: {pt: 0, brc: 5, rc: 1, ec: 1, shc: 1, bt: 0, g: 2, et: 1, mc: 1, ht: 132, pc: 1, sh: 0, ssc: 1, mt: 5, rg: 0, nct: 0, fac: 1, fft: 0, n: "°•HoneY•° ", sc: 1, hc: 5, fat: 0, bc: 1, brt: 4, ss: 0}, mbm: {sk: "blackMobileSkin", ac: null}, locinfo: {x: -1, s: "127.0.0.1", y: -1, at: "", shlc: true, d: 4, st: 0, l: "salon_sn1_1", pl: ""}, pf: {pf: {grdnr: {pgs: 0, l: 20, tp: "grdnr"}, jntr: {pgs: 0, l: 20, tp: "jntr"}, phtghr: {pgs: 0, l: 20, tp: "phtghr"}, vsgst: {pgs: 0, l: 20, tp: "vsgst"}}}}}]
Thu Jan 9 16:05:12 GMT+0200 2020 [INFO] Server said: 16: ["salon_sn1_1", "230"]
Thu Jan 9 16:05:12 GMT+0200 2020 [INFO] Server said: 34: ["o.r.jn", {plr: {uid: "230", ci: {skid: null, tts: null, skrt: 0, eml: null, crt: 950, bcld: 0, fexp: 0, trid: null, ysct: 0, trcd: 0, fak: null, lvt: 1578578548, shcr: true, gtrfrd: 0, hrt: 174, sbid: null, strfrd: 0, vip: true, ceid: 0, crst: 0, rtrtm: 0, gdc: 0, kyktid: null, lgt: 0, rpt: 0, actrt: 0, compid: 0, lrnt: 0, actrp: 0, vexp: 1965298000, ys: 0, actrd: 0, pamns: {amn: []}, shousd: false, vsexp: 1965298000, vsact: true, sbrt: 0, as: null, vret: 0, cmid: 0, dr: true, exp: 85800, vfgc: 0, plcmt: {}, lwts: 0, spp: 0}, usrinf: {rl: 0}, clths: {clths: [{clid: null, tpid: "gSMR14Shs2"}, {clid: null, tpid: "gSMR14Rim1"}, {clid: null, tpid: "gSMR14Tto1"}, {clid: null, tpid: "gSMRGls1"}, {clid: null, tpid: "gSMRCrst1"}, {clid: null, tpid: "gSMR14TSht1"}, {clid: null, tpid: "gSMR14Ear1"}, {clid: null, tpid: "gSMR14Bag1"}, {clid: null, tpid: "gSMR14Pnts1"}, {clid: null, tpid: "gSMR14Brcl2"}]}, apprnc: {pt: 0, brc: 2, rc: 1, ec: 5, shc: 1, bt: 0, g: 2, et: 5, mc: 1, ht: 125, pc: 1, sh: 0, ssc: 1, mt: 3, rg: 0, nct: 0, fac: 1, fft: 0, n: "Жру Камень", sc: 1, hc: 6, fat: 0, bc: 1, brt: 28, ss: 0}, mbm: {sk: "blackMobileSkin", ac: null}, locinfo: {x: -1, s: "127.0.0.1", y: -1, at: "", shlc: true, d: 4, st: 0, l: "salon_sn1_1", pl: ""}, pf: {pf: {grdnr: {pgs: 0, l: 20, tp: "grdnr"}, jntr: {pgs: 0, l: 20, tp: "jntr"}, phtghr: {pgs: 0, l: 20, tp: "phtghr"}, vsgst: {pgs: 0, l: 20, tp: "vsgst"}}}}}]
Thu Jan 9 16:05:11 GMT+0200 2020 [INFO] Server said: 34: ["o.r.ra", {plr: {uid: "119", ci: {skid: null, tts: null, skrt: 0, eml: null, crt: 10, bcld: 0, fexp: 0, trid: null, ysct: 0, trcd: 0, fak: null, lvt: 1578578469, shcr: true, gtrfrd: 0, hrt: 174, sbid: null, strfrd: 0, vip: true, ceid: 0, crst: 0, rtrtm: 0, gdc: 0, kyktid: null, lgt: 0, rpt: 0, actrt: 0, compid: 0, lrnt: 0, actrp: 0, vexp: 1965298000, ys: 0, actrd: 0, pamns: {amn: []}, shousd: false, vsexp: 1965298000, vsact: true, sbrt: 0, as: null, vret: 0, cmid: 0, dr: true, exp: 85800, vfgc: 0, plcmt: {}, lwts: 0, spp: 0}, usrinf: {rl: 0}, clths: {clths: [{clid: null, tpid: "girlShirt12"}, {clid: null, tpid: "girlShoes14"}, {clid: null, tpid: "girlPants9"}]}, apprnc: {pt: 0, brc: 10, rc: 1, ec: 14, shc: 1, bt: 0, g: 2, et: 31, mc: 14, ht: 127, pc: 1, sh: 0, ssc: 1, mt: 31, rg: 0, nct: 0, fac: 1, fft: 2, n: "pizdeц", sc: 5, hc: 7, fat: 0, bc: 1, brt: 24, ss: 0}, mbm: {sk: "blackMobileSkin", ac: null}, locinfo: {x: 15.5, s: "127.0.0.1", y: 1.5, at: "", shlc: true, d: 4, st: 0, l: "salon_sn1_1", pl: ""}, pf: {pf: {grdnr: {pgs: 0, l: 20, tp: "grdnr"}, jntr: {pgs: 0, l: 20, tp: "jntr"}, phtghr: {pgs: 0, l: 20, tp: "phtghr"}, vsgst: {pgs: 0, l: 20, tp: "vsgst"}}}}}]
Thu Jan 9 16:05:08 GMT+0200 2020 [INFO] Server said: 34: ["o.r.ra", {plr: {uid: "25", ci: {skid: null, tts: null, skrt: 0, eml: null, crt: 4774, bcld: 0, fexp: 0, trid: null, ysct: 0, trcd: 0, fak: null, lvt: 1578578155, shcr: true, gtrfrd: 0, hrt: 916, sbid: null, strfrd: 0, vip: true, ceid: 0, crst: 0, rtrtm: 0, gdc: 0, kyktid: null, lgt: 0, rpt: 0, actrt: 0, compid: 0, lrnt: 0, actrp: 0, vexp: 1965298000, ys: 0, actrd: 0, pamns: {amn: []}, shousd: false, vsexp: 1965298000, vsact: true, sbrt: 0, as: null, vret: 0, cmid: 0, dr: true, exp: 85800, vfgc: 0, plcmt: {}, lwts: 0, spp: 0}, usrinf: {rl: 0}, clths: {clths: [{clid: null, tpid: "boyTShrtSV19"}, {clid: null, tpid: "boyBtsSV19"}, {clid: null, tpid: "boyPslnGloves1"}, {clid: null, tpid: "boyPntsWnt19Yllw"}, {clid: null, tpid: "boySMR15Wtch"}, {clid: null, tpid: "boyFb23Hat"}, {clid: null, tpid: "boyScksWnt19Wht"}, {clid: null, tpid: "boyGlsStrpd"}, {clid: null, tpid: "boyJcktSV19"}]}, apprnc: {pt: 0, brc: 1, rc: 1, ec: 5, shc: 1, bt: 15, g: 1, et: 7, mc: 2, ht: 55, pc: 1, sh: 0, ssc: 1, mt: 7, rg: 0, nct: 0, fac: 1, fft: 2, n: "Трусы", sc: 2, hc: 25, fat: 0, bc: 25, brt: 17, ss: 0}, mbm: {sk: "blackMobileSkin", ac: null}, locinfo: {x: 10.33, s: "127.0.0.1", y: 12.2, at: "", shlc: true, d: 4, st: 23, l: "salon_sn1_1", pl: ""}, pf: {pf: {grdnr: {pgs: 0, l: 20, tp: "grdnr"}, jntr: {pgs: 0, l: 20, tp: "jntr"}, phtghr: {pgs: 0, l: 20, tp: "phtghr"}, vsgst: {pgs: 0, l: 20, tp: "vsgst"}}}}}]
Thu Jan 9 16:05:04 GMT+0200 2020 [INFO] Server said: 34: ["o.r.m", {uid: "85", sy: 16.5, sx: 21.5, dx: 35.5, dy: 10.78}]
Thu Jan 9 16:05:00 GMT+0200 2020 [INFO] Server said: 34: ["o.r.u", {uid: "68", x: 21.5, d: 4, y: 16.5, st: 0}]
Thu Jan 9 16:04:55 GMT+0200 2020 [INFO] Server said: 34: ["o.r.u", {uid: "85", x: 21.5, d: 4, y: 16.5, st: 0}]
Thu Jan 9 16:04:54 GMT+0200 2020 [INFO] Server said: 16: ["cafe_cf1_1", "68"]
Thu Jan 9 16:04:54 GMT+0200 2020 [INFO] Server said: 34: ["o.r.jn", {plr: {uid: "68", ci: {skid: null, tts: null, skrt: 0, eml: null, crt: 29541, bcld: 0, fexp: 0, trid: null, ysct: 0, trcd: 0, fak: null, lvt: 1578578694, shcr: true, gtrfrd: 0, hrt: 224, sbid: null, strfrd: 0, vip: true, ceid: 0, crst: 0, rtrtm: 0, gdc: 0, kyktid: null, lgt: 0, rpt: 0, actrt: 0, compid: 0, lrnt: 0, actrp: 0, vexp: 1965298000, ys: 0, actrd: 0, pamns: {amn: []}, shousd: false, vsexp: 1965298000, vsact: true, sbrt: 0, as: null, vret: 0, cmid: 0, dr: true, exp: 85800, vfgc: 0, plcmt: {}, lwts: 0, spp: 0}, usrinf: {rl: 0}, clths: {clths: [{clid: null, tpid: "girlHdbndBr"}, {clid: null, tpid: "girlKgrmBr"}]}, apprnc: {pt: 0, brc: 3, rc: 1, ec: 1, shc: 1, bt: 0, g: 2, et: 2, mc: 3, ht: 122, pc: 1, sh: 0, ssc: 1, mt: 2, rg: 0, nct: 0, fac: 1, fft: 0, n: "LOVE", sc: 3, hc: 5, fat: 0, bc: 1, brt: 4, ss: 0}, mbm: {sk: "blackMobileSkin", ac: null}, locinfo: {x: -1, s: "127.0.0.1", y: -1, at: "", shlc: true, d: 4, st: 0, l: "cafe_cf1_1", pl: ""}, pf: {pf: {grdnr: {pgs: 0, l: 20, tp: "grdnr"}, jntr: {pgs: 0, l: 20, tp: "jntr"}, phtghr: {pgs: 0, l: 20, tp: "phtghr"}, vsgst: {pgs: 0, l: 20, tp: "vsgst"}}}}}]
Thu Jan 9 16:04:52 GMT+0200 2020 [INFO] Server said: 16: ["cafe_cf1_1", "85"]
Thu Jan 9 16:04:52 GMT+0200 2020 [INFO] Server said: 34: ["o.r.jn", {plr: {uid: "85", ci: {skid: null, tts: null, skrt: 0, eml: null, crt: 405, bcld: 0, fexp: 0, trid: "freelanceMicrophone", ysct: 0, trcd: 0, fak: null, lvt: 1578578693, shcr: true, gtrfrd: 0, hrt: 233, sbid: null, strfrd: 0, vip: true, ceid: 0, crst: 0, rtrtm: 0, gdc: 0, kyktid: null, lgt: 0, rpt: 0, actrt: 0, compid: 0, lrnt: 0, actrp: 0, vexp: 1965298000, ys: 0, actrd: 0, pamns: {amn: []}, shousd: false, vsexp: 1965298000, vsact: true, sbrt: 0, as: null, vret: 0, cmid: 0, dr: true, exp: 85800, vfgc: 0, plcmt: {}, lwts: 0, spp: 0}, usrinf: {rl: 0}, clths: {clths: [{clid: null, tpid: "gShsPsln11"}, {clid: null, tpid: "girlNY20VKGiftPllvDr"}, {clid: null, tpid: "girlPntsNY20Gld"}]}, apprnc: {pt: 0, brc: 2, rc: 1, ec: 5, shc: 24, bt: 0, g: 2, et: 33, mc: 17, ht: 132, pc: 1, sh: 11, ssc: 4, mt: 19, rg: 0, nct: 0, fac: 1, fft: 7, n: "BlAcK cAt", sc: 2, hc: 15, fat: 0, bc: 1, brt: 29, ss: 20}, mbm: {sk: "blackMobileSkin", ac: null}, locinfo: {x: -1, s: "127.0.0.1", y: -1, at: "", shlc: true, d: 4, st: 0, l: "cafe_cf1_1", pl: ""}, pf: {pf: {grdnr: {pgs: 0, l: 20, tp: "grdnr"}, jntr: {pgs: 0, l: 20, tp: "jntr"}, phtghr: {pgs: 0, l: 20, tp: "phtghr"}, vsgst: {pgs: 0, l: 20, tp: "vsgst"}}}}}]
Thu Jan 9 16:04:25 GMT+0200 2020 [INFO] Server said: 34: ["a.clths.buy", {res: {slvr: 10000, enrg: 500, emd: 0, gld: 4221}, crt: 950, ccltn: {ctp: "casual", cct: ["gSMR14Shs2", "gSMR14Rim1", "gSMR14Tto1", "gSMRGls1", "gSMRCrst1", "gSMR14TSht1", "gSMR14Ear1", "gSMR14Bag1", "gSMR14Pnts1", "gSMR14Brcl2"], cn: ""}, clths: {clths: [{clid: null, tpid: "gSMR14Shs2"}, {clid: null, tpid: "gSMR14Rim1"}, {clid: null, tpid: "gSMR14Tto1"}, {clid: null, tpid: "gSMRGls1"}, {clid: null, tpid: "gSMRCrst1"}, {clid: null, tpid: "gSMR14TSht1"}, {clid: null, tpid: "gSMR14Ear1"}, {clid: null, tpid: "gSMR14Bag1"}, {clid: null, tpid: "gSMR14Pnts1"}, {clid: null, tpid: "gSMR14Brcl2"}]}, inv: {c: {cls: {it: [{tid: "girlUnderdress1", c: 1, iid: ""}, {tid: "girlUnderdress2", c: 1, iid: ""}, {tid: "girlShoes14", c: 1, iid: ""}, {tid: "girlPants9", c: 1, iid: ""}, {tid: "girlShirt12", c: 1, iid: ""}], id: "cls"}, gm: {it: [{tid: "blackMobileSkin", c: 1, iid: ""}], id: "gm"}, frn: {it: [], id: "frn"}, act: {it: [], id: "act"}, lt: {it: [], id: "lt"}}}}]
Thu Jan 9 16:04:23 GMT+0200 2020 [INFO] Client said: 34: [null, "o.gr", {gid: "sn1", lid: "salon"}]
Thu Jan 9 16:04:23 GMT+0200 2020 [INFO] Loaded  LoadingItem(url: http://62.113.113.58:8080/files/swf/Salon_1fe14ef0cdf189794ef74d591993d3f5.swf, status: 2) 
Thu Jan 9 16:04:23 GMT+0200 2020 [INFO] Client said: 17: ["cafe_cf1_1"]
Thu Jan 9 16:04:19 GMT+0200 2020 [INFO] Client said: 34: ["cafe_cf1_1", "o.r.u", {uid: "230", x: 18.59, y: 14.41, at: "", d: 6, st: 23}]
Thu Jan 9 16:04:19 GMT+0200 2020 [INFO] Client said: 34: ["cafe_cf1_1", "o.r.m", {uid: "230", sy: 14.17, sx: 19.73, dx: 18.59, dy: 14.41}]
Thu Jan 9 16:04:07 GMT+0200 2020 [INFO] Client said: 34: [null, "a.clths.bst", {ctp: "casual", tpid: "smr14gst2", pind: 1}]
Thu Jan 9 16:03:05 GMT+0200 2020 [INFO] Server said: 34: ["b.ingld", {ingld: 1500}]
Thu Jan 9 16:03:05 GMT+0200 2020 [INFO] Server said: 34: ["ntf.res", {res: {slvr: 10000, enrg: 500, gld: 4600, emd: 0}}]
Thu Jan 9 16:03:04 GMT+0200 2020 [INFO] [YandexMetrics.reachGoal] Call reach goal 'click_buy_product' for counter 31321471
Thu Jan 9 16:03:04 GMT+0200 2020 [INFO] Client said: 34: [null, "b.chkprchs", {qnt: 1, prid: "pack1500", pmnt: null}]
Thu Jan 9 16:03:02 GMT+0200 2020 [INFO] Server said: 34: ["b.ingld", {ingld: 1500}]
Thu Jan 9 16:03:02 GMT+0200 2020 [INFO] [YandexMetrics.reachGoal] Call reach goal 'show_payment_dialog' for counter 31321471
Thu Jan 9 16:03:02 GMT+0200 2020 [INFO] Server said: 34: ["ntf.res", {res: {slvr: 10000, enrg: 500, gld: 3100, emd: 0}}]
Thu Jan 9 16:03:01 GMT+0200 2020 [INFO] [YandexMetrics.reachGoal] Call reach goal 'click_buy_product' for counter 31321471
Thu Jan 9 16:03:01 GMT+0200 2020 [INFO] Client said: 34: [null, "b.chkprchs", {qnt: 1, prid: "pack1500", pmnt: null}]
Thu Jan 9 16:03:00 GMT+0200 2020 [INFO] [YandexMetrics.reachGoal] Call reach goal 'show_payment_dialog' for counter 31321471
Thu Jan 9 16:02:57 GMT+0200 2020 [INFO] Client said: 34: ["cafe_cf1_1", "o.r.u", {uid: "230", x: 19.73, y: 14.17, at: "", d: 5, st: 23}]
Thu Jan 9 16:02:53 GMT+0200 2020 [INFO] Client said: 34: ["cafe_cf1_1", "o.r.m", {uid: "230", sy: 6.5, sx: 24.5, dx: 19.73, dy: 14.17}]
Thu Jan 9 16:02:52 GMT+0200 2020 [INFO] Server said: 34: ["lg.lst", {glst: []}]