ClientError: Thu Jan 9 17:01:19 GMT+0200 2020 [CRITICAL] [house] *Uncaught Error* ErrorId: 1009 ErrorName: TypeError ErrorMessage:Error #1009 ErrorStackTrace:TypeError: Error #1009
	at MethodInfo-2()
	at flash.events::EventDispatcher/dispatchEvent()
	at _-jr::FurnitureLoader/_-2qc()
	at flash.events::EventDispatcher/dispatchEvent()
	at _-0bS::MassLoader/_-4Ql()
	at _-0bS::MassLoader/_-WZ()
	at flash.events::EventDispatcher/dispatchEvent()
	at _-18R::LoadingItem/onComplete()
	at _-18R::SWFLoadingItem/onComplete()
	at MethodInfo-7()
	at MethodInfo-517()
	at SetIntervalTimer/onTimer()
	at flash.utils::Timer/tick()
Thu Jan 9 17:01:19 GMT+0200 2020 [INFO] Loaded  LoadingItem(url: http://62.113.113.58:8080/files/swf/furniture/furniture/Dirol15Wardrobe.swf, status: 2) 
Thu Jan 9 17:01:18 GMT+0200 2020 [INFO] Loaded  LoadingItem(url: http://62.113.113.58:8080/files/swf/furniture/furniture/WardrobeBase.swf, status: 2) 
Thu Jan 9 17:00:39 GMT+0200 2020 [INFO] Server said: 34: ["ntf.res", {res: {gld: 5721, slvr: 10000, enrg: 500, emd: 0}}]
Thu Jan 9 17:00:39 GMT+0200 2020 [INFO] Server said: 34: ["ntf.inv", {it: {tid: "wllSD14", iid: "", c: 1}}]
Thu Jan 9 17:00:38 GMT+0200 2020 [INFO] Client said: 34: [null, "frn.buy", {pind: 1, tpid: "wllSD14", cnt: 1}]
Thu Jan 9 17:00:36 GMT+0200 2020 [INFO] Server said: 34: ["b.ingld", {ingld: 9999}]
Thu Jan 9 17:00:36 GMT+0200 2020 [INFO] Server said: 34: ["ntf.res", {res: {gld: 15720, slvr: 10000, enrg: 500, emd: 0}}]
Thu Jan 9 17:00:35 GMT+0200 2020 [INFO] [YandexMetrics.reachGoal] Call reach goal 'click_buy_product' for counter 31321471
Thu Jan 9 17:00:35 GMT+0200 2020 [INFO] Client said: 34: [null, "b.chkprchs", {qnt: 1, prid: "pack9999", pmnt: {srv: 3, ct1: null, ct3: null, ct2: null, ctx: {dialogSource: "furnitureShopDialog"}, tpid: "wllSD14"}}]
Thu Jan 9 17:00:33 GMT+0200 2020 [INFO] [YandexMetrics.reachGoal] Call reach goal 'show_payment_dialog' for counter 31321471
Thu Jan 9 17:00:06 GMT+0200 2020 [INFO] [YandexMetrics.onCounterInit] Yandex metrics counter 31321471 inited
Thu Jan 9 17:00:06 GMT+0200 2020 [INFO] [YandexMetrics.reachGoal] Call reach goal 'click_buy_product' for counter 31321471
Thu Jan 9 17:00:06 GMT+0200 2020 [INFO] [YandexMetrics.reachGoal] Call reach goal 'show_payment_dialog' for counter 31321471
Thu Jan 9 17:00:06 GMT+0200 2020 [INFO] Server said: 34: ["b.ingld", {ingld: 1500}]
Thu Jan 9 17:00:06 GMT+0200 2020 [INFO] Server said: 34: ["ntf.res", {res: {gld: 5721, slvr: 10000, enrg: 500, emd: 0}}]
Thu Jan 9 17:00:05 GMT+0200 2020 [INFO] Client said: 34: [null, "b.chkprchs", {qnt: 1, prid: "pack1500", pmnt: null}]
Thu Jan 9 17:00:04 GMT+0200 2020 [INFO] Server said: 34: ["spt.init", {a: false}]
Thu Jan 9 17:00:04 GMT+0200 2020 [INFO] [YandexMetrics.initCounter] Try to init Yandex metrics counter 31321471
Thu Jan 9 17:00:04 GMT+0200 2020 [INFO] Client said: 34: [null, "spt.init", {}]
Thu Jan 9 16:59:51 GMT+0200 2020 [INFO] Server said: 34: ["h.r.ra", {plr: {uid: "230", locinfo: {st: 23, x: 6.91, s: "127.0.0.1", y: 4.84, at: "", shlc: true, d: 4, l: "house_230_livingroom", pl: ""}, apprnc: {ec: 31, pt: 0, rc: 1, bt: 0, g: 2, fat: 0, pc: 1, mc: 29, mt: 31, nct: 0, n: "Жру Камень", et: 38, ssc: 1, shc: 15, brt: 32, fac: 1, hc: 6, ss: 0, rg: 0, sc: 2, brc: 2, fft: 7, sh: 25, bc: 1, ht: 125}, mbm: {sk: "blackMobileSkin", ac: null}, ci: {as: null, fak: null, gtrfrd: 0, actrd: 0, actrp: 0, pamns: {amn: []}, crt: 950, lvt: 1578581803, tts: null, vexp: 1965298000, strfrd: 0, rpt: 0, lwts: 0, fexp: 0, bcld: 0, compid: 0, vsexp: 1965298000, vip: true, skrt: 0, actrt: 0, crst: 0, eml: null, spp: 0, trid: "freelanceMicrophone", kyktid: null, vsact: true, vfgc: 0, rtrtm: 0, ys: 0, skid: null, vret: 0, lgt: 0, hrt: 174, gdc: 0, ceid: 0, lrnt: 0, trcd: 0, shousd: false, plcmt: {}, cmid: 0, shcr: true, dr: true, exp: 85800, sbid: null, ysct: 0, sbrt: 0}, pf: {pf: {jntr: {pgs: 0, tp: "jntr", l: 20}, vsgst: {pgs: 0, tp: "vsgst", l: 20}, grdnr: {pgs: 0, tp: "grdnr", l: 20}, phtghr: {pgs: 0, tp: "phtghr", l: 20}}}, clths: {clths: [{tpid: "gSMRCrst1", clid: null}, {tpid: "gSMR14Rim1", clid: null}, {tpid: "gSMR14Brcl2", clid: null}, {tpid: "gSMR14Bag1", clid: null}, {tpid: "gSMR14Shs2", clid: null}, {tpid: "gSMR14Pnts1", clid: null}, {tpid: "gSMR14TSht1", clid: null}, {tpid: "gSMR14Tto1", clid: null}]}, usrinf: {rl: 0}}}]
Thu Jan 9 16:59:51 GMT+0200 2020 [INFO] Client said: 34: ["house_230_livingroom", "h.r.ra", {}]
Thu Jan 9 16:59:51 GMT+0200 2020 [INFO] Server said: 34: ["psp.sttrph", {trid: "freelanceMicrophone"}]
Thu Jan 9 16:59:50 GMT+0200 2020 [INFO] Client said: 34: [null, "psp.sttrph", {trid: "freelanceMicrophone"}]
Thu Jan 9 16:59:48 GMT+0200 2020 [INFO] Server said: 34: ["h.r.ra", {plr: {uid: "230", locinfo: {st: 23, x: 6.91, s: "127.0.0.1", y: 4.84, at: "", shlc: true, d: 4, l: "house_230_livingroom", pl: ""}, apprnc: {ec: 31, pt: 0, rc: 1, bt: 0, g: 2, fat: 0, pc: 1, mc: 29, mt: 31, nct: 0, n: "Жру Камень", et: 38, ssc: 1, shc: 15, brt: 32, fac: 1, hc: 6, ss: 0, rg: 0, sc: 2, brc: 2, fft: 7, sh: 25, bc: 1, ht: 125}, mbm: {sk: "blackMobileSkin", ac: null}, ci: {as: null, fak: null, gtrfrd: 0, actrd: 0, actrp: 0, pamns: {amn: []}, crt: 950, lvt: 1578581803, tts: null, vexp: 1965298000, strfrd: 0, rpt: 0, lwts: 0, fexp: 0, bcld: 0, compid: 0, vsexp: 1965298000, vip: true, skrt: 0, actrt: 0, crst: 0, eml: null, spp: 0, trid: "freelanceMicrophone", kyktid: null, vsact: true, vfgc: 0, rtrtm: 0, ys: 0, skid: null, vret: 0, lgt: 0, hrt: 174, gdc: 0, ceid: 0, lrnt: 0, trcd: 0, shousd: false, plcmt: {}, cmid: 0, shcr: true, dr: true, exp: 85800, sbid: null, ysct: 0, sbrt: 0}, pf: {pf: {jntr: {pgs: 0, tp: "jntr", l: 20}, vsgst: {pgs: 0, tp: "vsgst", l: 20}, grdnr: {pgs: 0, tp: "grdnr", l: 20}, phtghr: {pgs: 0, tp: "phtghr", l: 20}}}, clths: {clths: [{tpid: "gSMRCrst1", clid: null}, {tpid: "gSMR14Rim1", clid: null}, {tpid: "gSMR14Brcl2", clid: null}, {tpid: "gSMR14Bag1", clid: null}, {tpid: "gSMR14Shs2", clid: null}, {tpid: "gSMR14Pnts1", clid: null}, {tpid: "gSMR14TSht1", clid: null}, {tpid: "gSMR14Tto1", clid: null}]}, usrinf: {rl: 0}}}]
Thu Jan 9 16:59:47 GMT+0200 2020 [INFO] Client said: 34: ["house_230_livingroom", "h.r.ra", {}]
Thu Jan 9 16:59:47 GMT+0200 2020 [INFO] Server said: 34: ["psp.sttrph", {trid: "freelanceMicrophone"}]
Thu Jan 9 16:59:47 GMT+0200 2020 [INFO] Client said: 34: [null, "psp.sttrph", {trid: "freelanceMicrophone"}]
Thu Jan 9 16:59:38 GMT+0200 2020 [INFO] Client said: 34: ["house_230_livingroom", "h.r.u", {uid: "230", x: 6.91, y: 4.84, at: "", st: 23, d: 4}]
Thu Jan 9 16:59:36 GMT+0200 2020 [INFO] Client said: 34: ["house_230_livingroom", "h.r.m", {uid: "230", dx: 6.91, dy: 4.84, sy: 0.79, sx: 4.05}]
Thu Jan 9 16:59:36 GMT+0200 2020 [INFO] Server said: 34: ["h.r.ra", {plr: {uid: "230", locinfo: {st: 23, x: 4.05, s: "127.0.0.1", y: 0.1, at: "", shlc: true, d: 4, l: "house_230_livingroom", pl: ""}, apprnc: {ec: 31, pt: 0, rc: 1, bt: 0, g: 2, fat: 0, pc: 1, mc: 29, mt: 31, nct: 0, n: "Жру Камень", et: 38, ssc: 1, shc: 15, brt: 32, fac: 1, hc: 6, ss: 0, rg: 0, sc: 2, brc: 2, fft: 7, sh: 25, bc: 1, ht: 125}, mbm: {sk: "blackMobileSkin", ac: null}, ci: {as: null, fak: null, gtrfrd: 0, actrd: 0, actrp: 0, pamns: {amn: []}, crt: 950, lvt: 1578581803, tts: null, vexp: 1965298000, strfrd: 0, rpt: 0, lwts: 0, fexp: 0, bcld: 0, compid: 0, vsexp: 1965298000, vip: true, skrt: 0, actrt: 0, crst: 0, eml: null, spp: 0, trid: "freelanceModerator", kyktid: null, vsact: true, vfgc: 0, rtrtm: 0, ys: 0, skid: null, vret: 0, lgt: 0, hrt: 174, gdc: 0, ceid: 0, lrnt: 0, trcd: 0, shousd: false, plcmt: {}, cmid: 0, shcr: true, dr: true, exp: 85800, sbid: null, ysct: 0, sbrt: 0}, pf: {pf: {jntr: {pgs: 0, tp: "jntr", l: 20}, vsgst: {pgs: 0, tp: "vsgst", l: 20}, grdnr: {pgs: 0, tp: "grdnr", l: 20}, phtghr: {pgs: 0, tp: "phtghr", l: 20}}}, clths: {clths: [{tpid: "gSMRCrst1", clid: null}, {tpid: "gSMR14Rim1", clid: null}, {tpid: "gSMR14Brcl2", clid: null}, {tpid: "gSMR14Bag1", clid: null}, {tpid: "gSMR14Shs2", clid: null}, {tpid: "gSMR14Pnts1", clid: null}, {tpid: "gSMR14TSht1", clid: null}, {tpid: "gSMR14Tto1", clid: null}]}, usrinf: {rl: 0}}}]
Thu Jan 9 16:59:36 GMT+0200 2020 [INFO] Client said: 34: ["house_230_livingroom", "h.r.m", {uid: "230", dx: 4.28, dy: 11.5, sy: 0.1, sx: 4.05}]
Thu Jan 9 16:59:36 GMT+0200 2020 [INFO] Server said: 34: ["h.r.ra", {plr: {uid: "230", locinfo: {st: 23, x: 4.05, s: "127.0.0.1", y: 0.1, at: "", shlc: true, d: 4, l: "house_230_livingroom", pl: ""}, apprnc: {ec: 31, pt: 0, rc: 1, bt: 0, g: 2, fat: 0, pc: 1, mc: 29, mt: 31, nct: 0, n: "Жру Камень", et: 38, ssc: 1, shc: 15, brt: 32, fac: 1, hc: 6, ss: 0, rg: 0, sc: 2, brc: 2, fft: 7, sh: 25, bc: 1, ht: 125}, mbm: {sk: "blackMobileSkin", ac: null}, ci: {as: null, fak: null, gtrfrd: 0, actrd: 0, actrp: 0, pamns: {amn: []}, crt: 950, lvt: 1578581803, tts: null, vexp: 1965298000, strfrd: 0, rpt: 0, lwts: 0, fexp: 0, bcld: 0, compid: 0, vsexp: 1965298000, vip: true, skrt: 0, actrt: 0, crst: 0, eml: null, spp: 0, trid: "freelanceModerator", kyktid: null, vsact: true, vfgc: 0, rtrtm: 0, ys: 0, skid: null, vret: 0, lgt: 0, hrt: 174, gdc: 0, ceid: 0, lrnt: 0, trcd: 0, shousd: false, plcmt: {}, cmid: 0, shcr: true, dr: true, exp: 85800, sbid: null, ysct: 0, sbrt: 0}, pf: {pf: {jntr: {pgs: 0, tp: "jntr", l: 20}, vsgst: {pgs: 0, tp: "vsgst", l: 20}, grdnr: {pgs: 0, tp: "grdnr", l: 20}, phtghr: {pgs: 0, tp: "phtghr", l: 20}}}, clths: {clths: [{tpid: "gSMRCrst1", clid: null}, {tpid: "gSMR14Rim1", clid: null}, {tpid: "gSMR14Brcl2", clid: null}, {tpid: "gSMR14Bag1", clid: null}, {tpid: "gSMR14Shs2", clid: null}, {tpid: "gSMR14Pnts1", clid: null}, {tpid: "gSMR14TSht1", clid: null}, {tpid: "gSMR14Tto1", clid: null}]}, usrinf: {rl: 0}}}]
Thu Jan 9 16:59:36 GMT+0200 2020 [INFO] Client said: 34: ["house_230_livingroom", "h.r.ra", {}]
Thu Jan 9 16:59:36 GMT+0200 2020 [INFO] Server said: 34: ["a.clths.wear", {ctp: "casual", ccltn: {cct: ["gSMRCrst1", "gSMR14Rim1", "gSMR14Brcl2", "gSMR14Bag1", "gSMR14Shs2", "gSMR14Pnts1", "gSMR14TSht1", "gSMR14Tto1"]}, inv: {c: {frn: {it: [], id: "frn"}, act: {it: [], id: "act"}, cls: {it: [{tid: "girlShirt12", iid: "", c: 1}, {tid: "girlPants9", iid: "", c: 1}, {tid: "gSMR14Ear1", iid: "", c: 1}, {tid: "gSMRGls1", iid: "", c: 1}, {tid: "girlShoes14", iid: "", c: 1}, {tid: "girlUnderdress2", iid: "", c: 1}, {tid: "girlUnderdress1", iid: "", c: 1}], id: "cls"}, lt: {it: [], id: "lt"}, gm: {it: [{tid: "blackMobileSkin", iid: "", c: 1}], id: "gm"}}}, cn: "", clths: {clths: [{tpid: "gSMRCrst1", clid: null}, {tpid: "gSMR14Rim1", clid: null}, {tpid: "gSMR14Brcl2", clid: null}, {tpid: "gSMR14Bag1", clid: null}, {tpid: "gSMR14Shs2", clid: null}, {tpid: "gSMR14Pnts1", clid: null}, {tpid: "gSMR14TSht1", clid: null}, {tpid: "gSMR14Tto1", clid: null}]}}]
Thu Jan 9 16:59:34 GMT+0200 2020 [INFO] Client said: 34: [null, "a.clths.wear", {clths: [{tpid: "gSMRCrst1", clid: ""}, {tpid: "gSMR14TSht1", clid: ""}, {tpid: "gSMR14Pnts1", clid: ""}, {tpid: "gSMR14Shs2", clid: ""}, {tpid: "gSMR14Tto1", clid: ""}, {tpid: "gSMR14Rim1", clid: ""}, {tpid: "gSMR14Brcl2", clid: ""}, {tpid: "gSMR14Bag1", clid: ""}], ctp: "casual"}]