ClientError: Thu Jan 9 15:55:14 GMT+0200 2020 [CRITICAL] [house] *Uncaught Error* ErrorId: 1010 ErrorName: TypeError ErrorMessage:Error #1010 ErrorStackTrace:TypeError: Error #1010
	at _-1u9::URL/parse()
	at _-1u9::URL()
	at _-18R::LoadingItem()
	at _-18R::SWFLoadingItem()
	at _-0bS::MassLoader/add()
	at _-0bS::MassLoader/_-2R5()
	at flash.events::EventDispatcher/dispatchEvent()
	at _-18R::LoadingItem/_-1Iu()
	at _-18R::LoadingItem/onError()
	at _-18R::SWFLoadingItem/onError()
	at flash.events::EventDispatcher/dispatchEvent()
	at flash.net::URLLoader/onComplete()
Thu Jan 9 15:54:21 GMT+0200 2020 [INFO] Server said: 34: ["b.ingld", {ingld: 1500}]
Thu Jan 9 15:54:21 GMT+0200 2020 [INFO] Server said: 34: ["ntf.res", {res: {enrg: 500, slvr: 5000, emd: 0, gld: 8838}}]
Thu Jan 9 15:54:21 GMT+0200 2020 [INFO] [YandexMetrics.reachGoal] Call reach goal 'click_buy_product' for counter 31321471
Thu Jan 9 15:54:21 GMT+0200 2020 [INFO] Client said: 34: [null, "b.chkprchs", {pmnt: null, prid: "pack1500", qnt: 1}]
Thu Jan 9 15:54:20 GMT+0200 2020 [INFO] [YandexMetrics.reachGoal] Call reach goal 'show_payment_dialog' for counter 31321471
Thu Jan 9 15:54:18 GMT+0200 2020 [INFO] Server said: 34: ["b.ingld", {ingld: 1500}]
Thu Jan 9 15:54:18 GMT+0200 2020 [INFO] Server said: 34: ["ntf.res", {res: {enrg: 500, slvr: 5000, emd: 0, gld: 7338}}]
Thu Jan 9 15:54:18 GMT+0200 2020 [INFO] [YandexMetrics.reachGoal] Call reach goal 'click_buy_product' for counter 31321471
Thu Jan 9 15:54:18 GMT+0200 2020 [INFO] Client said: 34: [null, "b.chkprchs", {pmnt: null, prid: "pack1500", qnt: 1}]
Thu Jan 9 15:54:17 GMT+0200 2020 [INFO] [YandexMetrics.reachGoal] Call reach goal 'show_payment_dialog' for counter 31321471
Thu Jan 9 15:54:15 GMT+0200 2020 [INFO] Server said: 34: ["b.ingld", {ingld: 1500}]
Thu Jan 9 15:54:14 GMT+0200 2020 [INFO] Server said: 34: ["ntf.res", {res: {enrg: 500, slvr: 5000, emd: 0, gld: 5838}}]
Thu Jan 9 15:54:14 GMT+0200 2020 [INFO] [YandexMetrics.reachGoal] Call reach goal 'click_buy_product' for counter 31321471
Thu Jan 9 15:54:14 GMT+0200 2020 [INFO] Client said: 34: [null, "b.chkprchs", {pmnt: null, prid: "pack1500", qnt: 1}]
Thu Jan 9 15:54:10 GMT+0200 2020 [INFO] [YandexMetrics.reachGoal] Call reach goal 'show_payment_dialog' for counter 31321471
Thu Jan 9 15:54:08 GMT+0200 2020 [INFO] Server said: 34: ["b.inslv", {inslv: 5000}]
Thu Jan 9 15:54:08 GMT+0200 2020 [INFO] Server said: 34: ["ntf.res", {res: {enrg: 500, slvr: 5000, emd: 0, gld: 4338}}]
Thu Jan 9 15:54:08 GMT+0200 2020 [INFO] Client said: 34: [null, "b.bs", {gld: 50}]
Thu Jan 9 15:54:05 GMT+0200 2020 [INFO] Client said: 34: ["house_126_livingroom", "h.r.u", {x: 2.82, y: 4.37, at: "", uid: "126", st: 23, d: 5}]
Thu Jan 9 15:54:03 GMT+0200 2020 [INFO] Client said: 34: ["house_126_livingroom", "h.r.m", {dy: 4.37, uid: "126", sy: 0.1, sx: 4.05, dx: 2.82}]
Thu Jan 9 15:52:54 GMT+0200 2020 [INFO] Server said: 34: ["h.r.ra", {plr: {ci: {skid: null, cmid: 0, lwts: 0, ceid: 0, hrt: 174, dr: true, kyktid: null, bcld: 0, spp: 0, skrt: 0, actrt: 0, trid: null, tts: null, rpt: 0, compid: 0, gdc: 0, eml: null, actrp: 0, lgt: 0, trcd: 0, actrd: 0, sbrt: 0, ysct: 0, sbid: null, shousd: false, vexp: 1965298000, fak: null, vsexp: 1965298000, shcr: true, plcmt: {}, as: null, vsact: true, gtrfrd: 0, crt: 610, vip: true, lvt: 1578577861, exp: 85800, strfrd: 0, crst: 0, lrnt: 0, vfgc: 0, rtrtm: 0, pamns: {amn: []}, vret: 0, fexp: 0, ys: 0}, apprnc: {ht: 130, shc: 1, fat: 0, hc: 6, rc: 1, g: 2, pc: 1, ssc: 1, bt: 0, ec: 1, sc: 2, nct: 0, fft: 0, et: 8, brt: 29, mc: 4, sh: 0, n: "ĐьЯßøŁиЏã™", bc: 1, ss: 0, mt: 4, fac: 1, rg: 0, brc: 5, pt: 0}, locinfo: {l: "house_126_livingroom", x: 4.05, pl: "", y: 0.1, at: "", s: "127.0.0.1", shlc: true, st: 0, d: 4}, pf: {pf: {grdnr: {pgs: 0, tp: "grdnr", l: 20}, jntr: {pgs: 0, tp: "jntr", l: 20}, phtghr: {pgs: 0, tp: "phtghr", l: 20}, vsgst: {pgs: 0, tp: "vsgst", l: 20}}}, clths: {clths: [{clid: null, tpid: "girlNcklFrog"}, {clid: null, tpid: "girlTShrtFrog"}, {clid: null, tpid: "girlBtsFrog"}, {clid: null, tpid: "girlPntsFrog"}]}, uid: "126", mbm: {sk: "blackMobileSkin", ac: null}, usrinf: {rl: 0}}}]
Thu Jan 9 15:52:54 GMT+0200 2020 [INFO] Client said: 34: ["house_126_livingroom", "h.r.ra", {}]
Thu Jan 9 15:52:54 GMT+0200 2020 [INFO] Server said: 34: ["a.clths.buy", {clths: {clths: [{clid: null, tpid: "girlNcklFrog"}, {clid: null, tpid: "girlTShrtFrog"}, {clid: null, tpid: "girlBtsFrog"}, {clid: null, tpid: "girlPntsFrog"}]}, inv: {c: {act: {id: "act", it: []}, cls: {id: "cls", it: [{c: 1, tid: "girlUnderdress1", iid: ""}, {c: 1, tid: "girlUnderdress2", iid: ""}, {c: 1, tid: "girlShirt12", iid: ""}, {c: 1, tid: "girlPants9", iid: ""}, {c: 1, tid: "girlShoes14", iid: ""}]}, frn: {id: "frn", it: []}, gm: {id: "gm", it: [{c: 1, tid: "blackMobileSkin", iid: ""}]}, lt: {id: "lt", it: []}}}, crt: 610, ccltn: {cn: "", ctp: "casual", cct: ["girlNcklFrog", "girlTShrtFrog", "girlBtsFrog", "girlPntsFrog"]}, res: {enrg: 500, slvr: 0, emd: 0, gld: 4388}}]
Thu Jan 9 15:52:53 GMT+0200 2020 [INFO] Client said: 34: [null, "a.clths.bst", {ctp: "casual", tpid: "girlFrogSet", pind: 1}]
Thu Jan 9 15:52:52 GMT+0200 2020 [INFO] Server said: 34: ["b.inslv", {inslv: 2000}]
Thu Jan 9 15:52:52 GMT+0200 2020 [INFO] Server said: 34: ["ntf.res", {res: {enrg: 500, slvr: 12000, emd: 0, gld: 4580}}]
Thu Jan 9 15:52:52 GMT+0200 2020 [INFO] Client said: 34: [null, "b.bs", {gld: 20}]
Thu Jan 9 15:52:31 GMT+0200 2020 [INFO] Server said: 34: ["b.ingld", {ingld: 1500}]
Thu Jan 9 15:52:31 GMT+0200 2020 [INFO] Server said: 34: ["ntf.res", {res: {enrg: 500, slvr: 10000, emd: 0, gld: 4600}}]
Thu Jan 9 15:52:31 GMT+0200 2020 [INFO] [YandexMetrics.reachGoal] Call reach goal 'click_buy_product' for counter 31321471
Thu Jan 9 15:52:31 GMT+0200 2020 [INFO] Client said: 34: [null, "b.chkprchs", {pmnt: null, prid: "pack1500", qnt: 1}]
Thu Jan 9 15:52:30 GMT+0200 2020 [INFO] [YandexMetrics.reachGoal] Call reach goal 'show_payment_dialog' for counter 31321471
Thu Jan 9 15:52:28 GMT+0200 2020 [INFO] Server said: 34: ["b.ingld", {ingld: 1500}]
Thu Jan 9 15:52:28 GMT+0200 2020 [INFO] Server said: 34: ["ntf.res", {res: {enrg: 500, slvr: 10000, emd: 0, gld: 3100}}]
Thu Jan 9 15:52:28 GMT+0200 2020 [INFO] [YandexMetrics.reachGoal] Call reach goal 'click_buy_product' for counter 31321471
Thu Jan 9 15:52:28 GMT+0200 2020 [INFO] Client said: 34: [null, "b.chkprchs", {pmnt: null, prid: "pack1500", qnt: 1}]
Thu Jan 9 15:52:27 GMT+0200 2020 [INFO] [YandexMetrics.reachGoal] Call reach goal 'show_payment_dialog' for counter 31321471
Thu Jan 9 15:52:24 GMT+0200 2020 [INFO] [YandexMetrics.onCounterInit] Yandex metrics counter 31321471 inited