ClientError: Thu Jan 9 17:22:29 GMT+0200 2020 [CRITICAL] [house] *Uncaught Error* ErrorId: 1010 ErrorName: TypeError ErrorMessage:Error #1010 ErrorStackTrace:TypeError: Error #1010
	at _-1u9::URL/parse()
	at _-1u9::URL()
	at _-18R::LoadingItem()
	at _-18R::SWFLoadingItem()
	at _-0bS::MassLoader/add()
	at _-0bS::MassLoader/_-2R5()
	at flash.events::EventDispatcher/dispatchEvent()
	at _-18R::LoadingItem/_-1Iu()
	at _-18R::LoadingItem/onError()
	at _-18R::SWFLoadingItem/onError()
	at flash.events::EventDispatcher/dispatchEvent()
	at flash.net::URLLoader/onComplete()
Thu Jan 9 17:22:15 GMT+0200 2020 [INFO] Server said: 34: ["frn.save", {hs: {w: 13, l: 13, id: "livingroom", f: [{x: 0, lid: 1, tpid: "wall15", z: 0, d: 3, y: 0}, {x: 3, lid: 4, rid: "outside", tpid: "door4", z: 0, d: 3, y: 0}, {x: 13, lid: 2, tpid: "wall15", z: 0, d: 5, y: 0}, {x: 0, lid: 3, tpid: "floor4", z: 0, d: 5, y: 0}], lev: 1, nm: "house"}, inv: {c: {lt: {it: [], id: "lt"}, frn: {it: [{c: 1, tid: "wardrobeForget1", iid: ""}], id: "frn"}, act: {it: [], id: "act"}, gm: {it: [{c: 1, tid: "blackMobileSkin", iid: ""}], id: "gm"}, cls: {it: [{c: 1, tid: "girlUnderdress1", iid: ""}, {c: 1, tid: "girlUnderdress2", iid: ""}, {c: 1, tid: "girlShirt12", iid: ""}, {c: 1, tid: "girlPants9", iid: ""}, {c: 1, tid: "girlShoes14", iid: ""}], id: "cls"}}}, ci: {sbid: null, dr: true, tts: null, actrd: 0, sbrt: 0, crst: 0, eml: null, shousd: false, plcmt: {}, lgt: 0, vip: true, pamns: {amn: []}, ysct: 0, as: null, crt: 1163, vexp: 1965298000, fak: null, lvt: 1578582519, vsexp: 1965298000, shcr: true, lrnt: 0, exp: 85800, gtrfrd: 0, fexp: 0, vret: 0, strfrd: 0, skid: null, vsact: true, vfgc: 0, rtrtm: 0, hrt: 174, trcd: 0, ceid: 0, kyktid: null, bcld: 0, lwts: 0, cmid: 0, actrt: 0, trid: "freelanceSupport", rpt: 0, ys: 0, compid: 0, gdc: 0, skrt: 0, spp: 0, actrp: 0}}]
Thu Jan 9 17:22:06 GMT+0200 2020 [INFO] Client said: 34: ["house_460_livingroom", "frn.save", {f: []}]
Thu Jan 9 17:22:00 GMT+0200 2020 [INFO] Server said: 34: ["ntf.res", {res: {enrg: 500, emd: 0, slvr: 10000, gld: 1703}}]
Thu Jan 9 17:22:00 GMT+0200 2020 [INFO] Server said: 34: ["ntf.inv", {it: {c: 1, tid: "wardrobeForget1", iid: ""}}]
Thu Jan 9 17:21:56 GMT+0200 2020 [INFO] Client said: 34: [null, "frn.buy", {cnt: 1, pind: 1, tpid: "wardrobeForget1"}]
Thu Jan 9 17:21:55 GMT+0200 2020 [INFO] Loaded  LoadingItem(url: http://62.113.113.58:8080/files/swf/furniture/furniture/WardrobeForget.swf, status: 2) 
Thu Jan 9 17:20:52 GMT+0200 2020 [INFO] Server said: 34: ["h.r.ra", {plr: {pf: {pf: {phtghr: {tp: "phtghr", l: 20, pgs: 0}, grdnr: {tp: "grdnr", l: 20, pgs: 0}, vsgst: {tp: "vsgst", l: 20, pgs: 0}, jntr: {tp: "jntr", l: 20, pgs: 0}}}, ci: {sbid: null, dr: true, tts: null, actrd: 0, sbrt: 0, crst: 0, eml: null, shousd: false, plcmt: {}, lgt: 0, vip: true, pamns: {amn: []}, ysct: 0, as: null, crt: 1163, vexp: 1965298000, fak: null, lvt: 1578582519, vsexp: 1965298000, shcr: true, lrnt: 0, exp: 85800, gtrfrd: 0, fexp: 0, vret: 0, strfrd: 0, skid: null, vsact: true, vfgc: 0, rtrtm: 0, hrt: 174, trcd: 0, ceid: 0, kyktid: null, bcld: 0, lwts: 0, cmid: 0, actrt: 0, trid: "freelanceSupport", rpt: 0, ys: 0, compid: 0, gdc: 0, skrt: 0, spp: 0, actrp: 0}, clths: {clths: [{clid: null, tpid: "girlBtsNY20Gld"}, {clid: null, tpid: "girlNY20VKGiftPllvCnd"}, {clid: null, tpid: "girlDcrNY20Nght"}, {clid: null, tpid: "girlPntsWnt19Rd"}, {clid: null, tpid: "girlWngDmn"}]}, uid: "460", usrinf: {rl: 0}, mbm: {ac: null, sk: "blackMobileSkin"}, locinfo: {shlc: true, x: 5.38, pl: "", d: 4, y: 9.75, s: "127.0.0.1", st: 23, l: "house_460_livingroom", at: ""}, apprnc: {n: "S e M p A i", brc: 1, mt: 4, g: 2, brt: 7, pt: 0, et: 2, pc: 1, shc: 1, ssc: 1, bc: 1, mc: 3, fft: 0, bt: 0, fat: 0, rc: 1, hc: 7, ss: 0, ht: 104, ec: 5, sc: 3, rg: 0, fac: 1, nct: 0, sh: 0}}}]
Thu Jan 9 17:20:50 GMT+0200 2020 [INFO] Server said: 34: ["h.r.ra", {plr: {pf: {pf: {phtghr: {tp: "phtghr", l: 20, pgs: 0}, grdnr: {tp: "grdnr", l: 20, pgs: 0}, vsgst: {tp: "vsgst", l: 20, pgs: 0}, jntr: {tp: "jntr", l: 20, pgs: 0}}}, ci: {sbid: null, dr: true, tts: null, actrd: 0, sbrt: 0, crst: 0, eml: null, shousd: false, plcmt: {}, lgt: 0, vip: true, pamns: {amn: []}, ysct: 0, as: null, crt: 1163, vexp: 1965298000, fak: null, lvt: 1578582519, vsexp: 1965298000, shcr: true, lrnt: 0, exp: 85800, gtrfrd: 0, fexp: 0, vret: 0, strfrd: 0, skid: null, vsact: true, vfgc: 0, rtrtm: 0, hrt: 174, trcd: 0, ceid: 0, kyktid: null, bcld: 0, lwts: 0, cmid: 0, actrt: 0, trid: "freelanceSupport", rpt: 0, ys: 0, compid: 0, gdc: 0, skrt: 0, spp: 0, actrp: 0}, clths: {clths: [{clid: null, tpid: "girlBtsNY20Gld"}, {clid: null, tpid: "girlNY20VKGiftPllvCnd"}, {clid: null, tpid: "girlDcrNY20Nght"}, {clid: null, tpid: "girlPntsWnt19Rd"}, {clid: null, tpid: "girlWngDmn"}]}, uid: "460", usrinf: {rl: 0}, mbm: {ac: null, sk: "blackMobileSkin"}, locinfo: {shlc: true, x: 6.59, pl: "", d: 4, y: 5.53, s: "127.0.0.1", st: 23, l: "house_460_livingroom", at: ""}, apprnc: {n: "S e M p A i", brc: 1, mt: 4, g: 2, brt: 7, pt: 0, et: 2, pc: 1, shc: 1, ssc: 1, bc: 1, mc: 3, fft: 0, bt: 0, fat: 0, rc: 1, hc: 7, ss: 0, ht: 104, ec: 5, sc: 3, rg: 0, fac: 1, nct: 0, sh: 0}}}]
Thu Jan 9 17:20:50 GMT+0200 2020 [INFO] Client said: 34: ["house_460_livingroom", "h.r.ra", {}]
Thu Jan 9 17:20:50 GMT+0200 2020 [INFO] Server said: 34: ["a.clths.buy", {inv: {c: {lt: {it: [], id: "lt"}, frn: {it: [], id: "frn"}, act: {it: [], id: "act"}, gm: {it: [{c: 1, tid: "blackMobileSkin", iid: ""}], id: "gm"}, cls: {it: [{c: 1, tid: "girlUnderdress1", iid: ""}, {c: 1, tid: "girlUnderdress2", iid: ""}, {c: 1, tid: "girlShirt12", iid: ""}, {c: 1, tid: "girlPants9", iid: ""}, {c: 1, tid: "girlShoes14", iid: ""}], id: "cls"}}}, clths: {clths: [{clid: null, tpid: "girlBtsNY20Gld"}, {clid: null, tpid: "girlNY20VKGiftPllvCnd"}, {clid: null, tpid: "girlDcrNY20Nght"}, {clid: null, tpid: "girlPntsWnt19Rd"}, {clid: null, tpid: "girlWngDmn"}]}, crt: 1163, ccltn: {ctp: "casual", cct: ["girlBtsNY20Gld", "girlNY20VKGiftPllvCnd", "girlDcrNY20Nght", "girlPntsWnt19Rd", "girlWngDmn"], cn: ""}, res: {enrg: 500, emd: 0, slvr: 10000, gld: 1724}}]
Thu Jan 9 17:20:49 GMT+0200 2020 [INFO] Client said: 34: ["house_460_livingroom", "h.r.u", {x: 5.38, d: 3, y: 9.75, uid: "460", st: 23, at: ""}]
Thu Jan 9 17:20:47 GMT+0200 2020 [INFO] Client said: 34: ["house_460_livingroom", "h.r.m", {dx: 5.38, sx: 6.59, dy: 9.75, sy: 5.53, uid: "460"}]
Thu Jan 9 17:20:23 GMT+0200 2020 [INFO] Client said: 34: ["house_460_livingroom", "h.r.ra", {}]
Thu Jan 9 17:20:23 GMT+0200 2020 [INFO] Server said: 34: ["a.clths.buy", {inv: {c: {lt: {it: [], id: "lt"}, frn: {it: [], id: "frn"}, act: {it: [], id: "act"}, gm: {it: [{c: 1, tid: "blackMobileSkin", iid: ""}], id: "gm"}, cls: {it: [{c: 1, tid: "girlUnderdress1", iid: ""}, {c: 1, tid: "girlUnderdress2", iid: ""}, {c: 1, tid: "girlShirt12", iid: ""}, {c: 1, tid: "girlPants9", iid: ""}, {c: 1, tid: "girlShoes14", iid: ""}], id: "cls"}}}, clths: {clths: [{clid: null, tpid: "girlNY20VKGiftPllvCnd"}, {clid: null, tpid: "girlWngDmn"}, {clid: null, tpid: "girlPntsWnt19Rd"}, {clid: null, tpid: "girlBtsNY20Gld"}]}, crt: 1073, ccltn: {ctp: "casual", cct: ["girlNY20VKGiftPllvCnd", "girlWngDmn", "girlPntsWnt19Rd", "girlBtsNY20Gld"], cn: ""}, res: {enrg: 500, emd: 0, slvr: 10000, gld: 1754}}]
Thu Jan 9 17:20:23 GMT+0200 2020 [INFO] Client said: 34: [null, "a.clths.buy", {ctp: "casual", pind: 1, tpid: "girlDcrNY20Nght"}]
Thu Jan 9 17:20:19 GMT+0200 2020 [INFO] Client said: 34: [null, "a.clths.buy", {ctp: "casual", pind: 1, tpid: "girlWngDmn"}]
Thu Jan 9 17:20:15 GMT+0200 2020 [INFO] Server said: 34: ["b.ingld", {ingld: 1000}]
Thu Jan 9 17:20:15 GMT+0200 2020 [INFO] Server said: 34: ["ntf.res", {res: {enrg: 500, emd: 0, slvr: 10000, gld: 2004}}]
Thu Jan 9 17:20:14 GMT+0200 2020 [INFO] Server said: 34: ["spt.init", {a: false}]
Thu Jan 9 17:20:14 GMT+0200 2020 [INFO] Server said: 34: ["b.ingld", {ingld: 1000}]
Thu Jan 9 17:20:14 GMT+0200 2020 [INFO] Server said: 34: ["ntf.res", {res: {enrg: 500, emd: 0, slvr: 10000, gld: 1004}}]
Thu Jan 9 17:20:13 GMT+0200 2020 [INFO] [YandexMetrics.reachGoal] Call reach goal 'click_buy_product' for counter 31321471
Thu Jan 9 17:20:13 GMT+0200 2020 [INFO] Client said: 34: [null, "b.chkprchs", {pmnt: {srv: 1, ct1: null, ct3: null, tpid: "girlWngDmn", ct2: null, ctx: {dialogSource: "clothesShopDialog"}}, prid: "pack1000", qnt: 1}]
Thu Jan 9 17:20:13 GMT+0200 2020 [INFO] Server said: 34: ["spt.init", {a: false}]
Thu Jan 9 17:20:13 GMT+0200 2020 [INFO] Server said: 34: ["h.r.ra", {plr: {pf: {pf: {phtghr: {tp: "phtghr", l: 20, pgs: 0}, grdnr: {tp: "grdnr", l: 20, pgs: 0}, vsgst: {tp: "vsgst", l: 20, pgs: 0}, jntr: {tp: "jntr", l: 20, pgs: 0}}}, ci: {sbid: null, dr: true, tts: null, actrd: 0, sbrt: 0, crst: 0, eml: null, shousd: false, plcmt: {}, lgt: 0, vip: true, pamns: {amn: []}, ysct: 0, as: null, crt: 323, vexp: 1965298000, fak: null, lvt: 1578582519, vsexp: 1965298000, shcr: true, lrnt: 0, exp: 85800, gtrfrd: 0, fexp: 0, vret: 0, strfrd: 0, skid: null, vsact: true, vfgc: 0, rtrtm: 0, hrt: 174, trcd: 0, ceid: 0, kyktid: null, bcld: 0, lwts: 0, cmid: 0, actrt: 0, trid: "freelanceSupport", rpt: 0, ys: 0, compid: 0, gdc: 0, skrt: 0, spp: 0, actrp: 0}, clths: {clths: [{clid: null, tpid: "girlNY20VKGiftPllvCnd"}, {clid: null, tpid: "girlPntsWnt19Rd"}, {clid: null, tpid: "girlBtsNY20Gld"}]}, uid: "460", usrinf: {rl: 0}, mbm: {ac: null, sk: "blackMobileSkin"}, locinfo: {shlc: true, x: 6.59, pl: "", d: 4, y: 5.53, s: "127.0.0.1", st: 23, l: "house_460_livingroom", at: ""}, apprnc: {n: "S e M p A i", brc: 1, mt: 4, g: 2, brt: 7, pt: 0, et: 2, pc: 1, shc: 1, ssc: 1, bc: 1, mc: 3, fft: 0, bt: 0, fat: 0, rc: 1, hc: 7, ss: 0, ht: 104, ec: 5, sc: 3, rg: 0, fac: 1, nct: 0, sh: 0}}}]
Thu Jan 9 17:20:12 GMT+0200 2020 [INFO] [YandexMetrics.onCounterInit] Yandex metrics counter 31321471 inited
Thu Jan 9 17:20:12 GMT+0200 2020 [INFO] [YandexMetrics.reachGoal] Call reach goal 'show_payment_dialog' for counter 31321471
Thu Jan 9 17:20:12 GMT+0200 2020 [INFO] [YandexMetrics.reachGoal] Call reach goal 'click_buy_product' for counter 31321471
Thu Jan 9 17:20:12 GMT+0200 2020 [INFO] [YandexMetrics.reachGoal] Call reach goal 'show_payment_dialog' for counter 31321471
Thu Jan 9 17:20:11 GMT+0200 2020 [INFO] Client said: 34: [null, "spt.init", {}]
Thu Jan 9 17:20:11 GMT+0200 2020 [INFO] Server said: 34: ["h.r.ra", {plr: {pf: {pf: {phtghr: {tp: "phtghr", l: 20, pgs: 0}, grdnr: {tp: "grdnr", l: 20, pgs: 0}, vsgst: {tp: "vsgst", l: 20, pgs: 0}, jntr: {tp: "jntr", l: 20, pgs: 0}}}, ci: {sbid: null, dr: true, tts: null, actrd: 0, sbrt: 0, crst: 0, eml: null, shousd: false, plcmt: {}, lgt: 0, vip: true, pamns: {amn: []}, ysct: 0, as: null, crt: 323, vexp: 1965298000, fak: null, lvt: 1578582519, vsexp: 1965298000, shcr: true, lrnt: 0, exp: 85800, gtrfrd: 0, fexp: 0, vret: 0, strfrd: 0, skid: null, vsact: true, vfgc: 0, rtrtm: 0, hrt: 174, trcd: 0, ceid: 0, kyktid: null, bcld: 0, lwts: 0, cmid: 0, actrt: 0, trid: "freelanceSupport", rpt: 0, ys: 0, compid: 0, gdc: 0, skrt: 0, spp: 0, actrp: 0}, clths: {clths: [{clid: null, tpid: "girlNY20VKGiftPllvCnd"}, {clid: null, tpid: "girlPntsWnt19Rd"}, {clid: null, tpid: "girlBtsNY20Gld"}]}, uid: "460", usrinf: {rl: 0}, mbm: {ac: null, sk: "blackMobileSkin"}, locinfo: {shlc: true, x: 6.59, pl: "", d: 4, y: 5.53, s: "127.0.0.1", st: 23, l: "house_460_livingroom", at: ""}, apprnc: {n: "S e M p A i", brc: 1, mt: 4, g: 2, brt: 7, pt: 0, et: 2, pc: 1, shc: 1, ssc: 1, bc: 1, mc: 3, fft: 0, bt: 0, fat: 0, rc: 1, hc: 7, ss: 0, ht: 104, ec: 5, sc: 3, rg: 0, fac: 1, nct: 0, sh: 0}}}]
Thu Jan 9 17:20:10 GMT+0200 2020 [INFO] Client said: 34: [null, "b.chkprchs", {pmnt: {srv: 1, ct1: null, ct3: null, tpid: "girlWngDmn", ct2: null, ctx: {dialogSource: "clothesShopDialog"}}, prid: "pack1000", qnt: 1}]
Thu Jan 9 17:20:10 GMT+0200 2020 [INFO] Server said: 34: ["h.r.ra", {plr: {pf: {pf: {phtghr: {tp: "phtghr", l: 20, pgs: 0}, grdnr: {tp: "grdnr", l: 20, pgs: 0}, vsgst: {tp: "vsgst", l: 20, pgs: 0}, jntr: {tp: "jntr", l: 20, pgs: 0}}}, ci: {sbid: null, dr: true, tts: null, actrd: 0, sbrt: 0, crst: 0, eml: null, shousd: false, plcmt: {}, lgt: 0, vip: true, pamns: {amn: []}, ysct: 0, as: null, crt: 323, vexp: 1965298000, fak: null, lvt: 1578582519, vsexp: 1965298000, shcr: true, lrnt: 0, exp: 85800, gtrfrd: 0, fexp: 0, vret: 0, strfrd: 0, skid: null, vsact: true, vfgc: 0, rtrtm: 0, hrt: 174, trcd: 0, ceid: 0, kyktid: null, bcld: 0, lwts: 0, cmid: 0, actrt: 0, trid: "freelanceSupport", rpt: 0, ys: 0, compid: 0, gdc: 0, skrt: 0, spp: 0, actrp: 0}, clths: {clths: [{clid: null, tpid: "girlNY20VKGiftPllvCnd"}, {clid: null, tpid: "girlPntsWnt19Rd"}, {clid: null, tpid: "girlBtsNY20Gld"}]}, uid: "460", usrinf: {rl: 0}, mbm: {ac: null, sk: "blackMobileSkin"}, locinfo: {shlc: true, x: 6.59, pl: "", d: 4, y: 5.53, s: "127.0.0.1", st: 23, l: "house_460_livingroom", at: ""}, apprnc: {n: "S e M p A i", brc: 1, mt: 4, g: 2, brt: 7, pt: 0, et: 2, pc: 1, shc: 1, ssc: 1, bc: 1, mc: 3, fft: 0, bt: 0, fat: 0, rc: 1, hc: 7, ss: 0, ht: 104, ec: 5, sc: 3, rg: 0, fac: 1, nct: 0, sh: 0}}}]
Thu Jan 9 17:20:10 GMT+0200 2020 [INFO] [YandexMetrics.initCounter] Try to init Yandex metrics counter 31321471
Thu Jan 9 17:20:10 GMT+0200 2020 [INFO] Client said: 34: [null, "spt.init", {}]
Thu Jan 9 17:20:07 GMT+0200 2020 [INFO] Client said: 34: ["house_460_livingroom", "h.r.ra", {}]
Thu Jan 9 17:20:07 GMT+0200 2020 [INFO] Server said: 34: ["a.clths.buy", {inv: {c: {lt: {it: [], id: "lt"}, frn: {it: [], id: "frn"}, act: {it: [], id: "act"}, gm: {it: [{c: 1, tid: "blackMobileSkin", iid: ""}], id: "gm"}, cls: {it: [{c: 1, tid: "girlUnderdress1", iid: ""}, {c: 1, tid: "girlUnderdress2", iid: ""}, {c: 1, tid: "girlShirt12", iid: ""}, {c: 1, tid: "girlPants9", iid: ""}, {c: 1, tid: "girlShoes14", iid: ""}], id: "cls"}}}, clths: {clths: [{clid: null, tpid: "girlNY20VKGiftPllvCnd"}, {clid: null, tpid: "girlPntsWnt19Rd"}, {clid: null, tpid: "girlBtsNY20Gld"}]}, crt: 323, ccltn: {ctp: "casual", cct: ["girlNY20VKGiftPllvCnd", "girlPntsWnt19Rd", "girlBtsNY20Gld"], cn: ""}, res: {enrg: 500, emd: 0, slvr: 10000, gld: 4}}]
Thu Jan 9 17:20:07 GMT+0200 2020 [INFO] Client said: 34: ["house_460_livingroom", "h.r.ra", {}]