ClientError: Thu Jan 9 19:45:57 GMT+0500 2020 [CRITICAL] [salon] *Uncaught Error* ErrorId: 1009 ErrorName: TypeError ErrorMessage:Error #1009 ErrorStackTrace:TypeError: Error #1009
	at _-0eV::RoomMemberContainer/addAvatar()
	at _-PQ::BaseRoomScreen/addAvatar()
	at _-PQ::BaseRoomScreen/onRefreshAvatar()
	at flash.events::EventDispatcher/dispatchEvent()
	at _-2CM::BaseRoomNetManager/onRefreshAvatar()
	at flash.events::EventDispatcher/dispatchEvent()
	at ags::_-2t/_-2dI()
	at flash.events::EventDispatcher/dispatchEvent()
	at _-0en::_-0O8/_-1LF()
	at _-0en::_-0O8/execute()
	at ags::AGSClient/_-0i9()
	at ags::AGSClient/_-2ZF()
	at ags::AGSClient/_-2Ea()
Thu Jan 9 19:45:57 GMT+0500 2020 [INFO] Server said: 34: ["o.r.ra", {plr: {uid: "125", mbm: {ac: null, sk: "blackMobileSkin"}, ci: {trid: null, dr: true, pamns: {amn: []}, spp: 0, crt: 18, tts: null, sbid: null, eml: null, gdc: 0, as: null, sbrt: 0, lgt: 0, lvt: 1578580720, ysct: 0, vip: true, lrnt: 0, fak: null, lwts: 0, shcr: true, fexp: 0, gtrfrd: 0, skrt: 0, vexp: 1965298000, bcld: 0, strfrd: 0, skid: null, rtrtm: 0, kyktid: null, vsact: true, actrt: 0, trcd: 0, ys: 0, plcmt: {}, vret: 0, vsexp: 1965298000, rpt: 0, compid: 0, actrp: 0, crst: 0, actrd: 0, vfgc: 0, hrt: 174, exp: 85800, ceid: 0, shousd: false, cmid: 0}, locinfo: {x: 14.44, s: "127.0.0.1", shlc: true, y: 1.81, st: 23, d: 4, l: "salon_sn1_1", at: "", pl: ""}, pf: {pf: {jntr: {tp: "jntr", pgs: 0, l: 20}, phtghr: {tp: "phtghr", pgs: 0, l: 20}, vsgst: {tp: "vsgst", pgs: 0, l: 20}, grdnr: {tp: "grdnr", pgs: 0, l: 20}}}, clths: {clths: [{tpid: "boyShirt14", clid: null}, {tpid: "boyShoes8", clid: null}, {tpid: "boyPants10", clid: null}]}, usrinf: {rl: 0}, apprnc: {hc: 15, ssc: 1, sc: 3, pt: 0, et: 23, shc: 1, rc: 1, sh: 0, bt: 0, g: 1, fft: 7, ec: 1, ht: 58, brt: 16, ss: 0, rg: 0, pc: 1, fac: 1, n: "тапок", nct: 0, fat: 0, brc: 1, mt: 23, mc: 2, bc: 1}}}]
Thu Jan 9 19:45:55 GMT+0500 2020 [INFO] Server said: 34: ["o.r.u", {uid: "576", x: 11.95, y: 11.08, st: 23, d: 1, at: ""}]
Thu Jan 9 19:45:55 GMT+0500 2020 [INFO] Client said: 34: ["salon_sn1_1", "o.r.info", {rid: "sn1"}]
Thu Jan 9 19:45:55 GMT+0500 2020 [INFO] Server said: 34: ["o.gr", {rid: "salon_sn1_1"}]
Thu Jan 9 19:45:55 GMT+0500 2020 [INFO] Server said: 16: ["salon_sn1_1", "572"]
Thu Jan 9 19:45:54 GMT+0500 2020 [INFO] Server said: 34: ["o.r.jn", {plr: {uid: "572", mbm: {ac: null, sk: "blackMobileSkin"}, ci: {trid: null, dr: true, pamns: {amn: []}, spp: 0, crt: 18, tts: null, sbid: null, eml: null, gdc: 0, as: null, sbrt: 0, lgt: 0, lvt: 1578581080, ysct: 0, vip: true, lrnt: 0, fak: null, lwts: 0, shcr: true, fexp: 0, gtrfrd: 0, skrt: 0, vexp: 1965298000, bcld: 0, strfrd: 0, skid: null, rtrtm: 0, kyktid: null, vsact: true, actrt: 0, trcd: 0, ys: 0, plcmt: {}, vret: 0, vsexp: 1965298000, rpt: 0, compid: 0, actrp: 0, crst: 0, actrd: 0, vfgc: 0, hrt: 174, exp: 85800, ceid: 0, shousd: false, cmid: 0}, locinfo: {x: -1, s: "127.0.0.1", shlc: true, y: -1, st: 0, d: 4, l: "salon_sn1_1", at: "", pl: ""}, pf: {pf: {jntr: {tp: "jntr", pgs: 0, l: 20}, phtghr: {tp: "phtghr", pgs: 0, l: 20}, vsgst: {tp: "vsgst", pgs: 0, l: 20}, grdnr: {tp: "grdnr", pgs: 0, l: 20}}}, clths: {clths: [{tpid: "boyShirt14", clid: null}, {tpid: "boyShoes8", clid: null}, {tpid: "boyPants10", clid: null}]}, usrinf: {rl: 0}, apprnc: {hc: 7, ssc: 1, sc: 1, pt: 0, et: 5, shc: 1, rc: 1, sh: 0, bt: 0, g: 1, fft: 0, ec: 3, ht: 73, brt: 3, ss: 0, rg: 0, pc: 1, fac: 1, n: "force", nct: 0, fat: 0, brc: 1, mt: 1, mc: 4, bc: 1}}}]
Thu Jan 9 19:45:54 GMT+0500 2020 [INFO] Server said: 34: ["o.r.ra", {plr: {uid: "576", mbm: {ac: null, sk: "blackMobileSkin"}, ci: {trid: "freelanceVideo", dr: true, pamns: {amn: []}, spp: 0, crt: 10, tts: null, sbid: null, eml: null, gdc: 0, as: null, sbrt: 0, lgt: 0, lvt: 1578580693, ysct: 0, vip: true, lrnt: 0, fak: null, lwts: 0, shcr: true, fexp: 0, gtrfrd: 0, skrt: 0, vexp: 1965298000, bcld: 0, strfrd: 0, skid: null, rtrtm: 0, kyktid: null, vsact: true, actrt: 0, trcd: 0, ys: 0, plcmt: {}, vret: 0, vsexp: 1965298000, rpt: 0, compid: 0, actrp: 0, crst: 0, actrd: 0, vfgc: 0, hrt: 174, exp: 85800, ceid: 0, shousd: false, cmid: 0}, locinfo: {x: 7.79, s: "127.0.0.1", shlc: true, y: 11.29, st: 23, d: 4, l: "salon_sn1_1", at: "", pl: ""}, pf: {pf: {jntr: {tp: "jntr", pgs: 0, l: 20}, phtghr: {tp: "phtghr", pgs: 0, l: 20}, vsgst: {tp: "vsgst", pgs: 0, l: 20}, grdnr: {tp: "grdnr", pgs: 0, l: 20}}}, clths: {clths: [{tpid: "girlShirt12", clid: null}, {tpid: "girlShoes14", clid: null}, {tpid: "girlPants9", clid: null}]}, usrinf: {rl: 0}, apprnc: {hc: 4, ssc: 1, sc: 1, pt: 0, et: 31, shc: 11, rc: 11, sh: 17, bt: 0, g: 2, fft: 0, ec: 5, ht: 111, brt: 23, ss: 0, rg: 3, pc: 1, fac: 1, n: "Ava Spik :3", nct: 0, fat: 0, brc: 9, mt: 19, mc: 15, bc: 1}}}]
Thu Jan 9 19:45:51 GMT+0500 2020 [INFO] Server said: 34: ["o.r.ra", {plr: {uid: "506", mbm: {ac: null, sk: "blackMobileSkin"}, ci: {trid: "snowboardPlace3", dr: true, pamns: {amn: []}, spp: 0, crt: 319, tts: null, sbid: null, eml: null, gdc: 0, as: null, sbrt: 0, lgt: 0, lvt: 1578580719, ysct: 0, vip: true, lrnt: 0, fak: null, lwts: 0, shcr: true, fexp: 0, gtrfrd: 0, skrt: 0, vexp: 1965298000, bcld: 0, strfrd: 0, skid: null, rtrtm: 0, kyktid: null, vsact: true, actrt: 0, trcd: 0, ys: 0, plcmt: {}, vret: 0, vsexp: 1965298000, rpt: 0, compid: 0, actrp: 0, crst: 0, actrd: 0, vfgc: 0, hrt: 174, exp: 85800, ceid: 0, shousd: false, cmid: 0}, locinfo: {x: 12.44, s: "127.0.0.1", shlc: true, y: 8.38, st: 23, d: 4, l: "salon_sn1_1", at: "", pl: ""}, pf: {pf: {jntr: {tp: "jntr", pgs: 0, l: 20}, phtghr: {tp: "phtghr", pgs: 0, l: 20}, vsgst: {tp: "vsgst", pgs: 0, l: 20}, grdnr: {tp: "grdnr", pgs: 0, l: 20}}}, clths: {clths: [{tpid: "girlTShrtHp", clid: null}, {tpid: "girlErrHp", clid: null}, {tpid: "girlPntsHp", clid: null}, {tpid: "girlHtHp", clid: null}, {tpid: "girlGlssHp", clid: null}, {tpid: "girlBtsHp", clid: null}, {tpid: "girlCtHp", clid: null}]}, usrinf: {rl: 0}, apprnc: {hc: 4, ssc: 1, sc: 2, pt: 0, et: 2, shc: 1, rc: 1, sh: 0, bt: 0, g: 2, fft: 0, ec: 2, ht: 131, brt: 5, ss: 0, rg: 0, pc: 1, fac: 1, n: "min yoongi", nct: 0, fat: 0, brc: 5, mt: 2, mc: 1, bc: 1}}}]
Thu Jan 9 19:45:48 GMT+0500 2020 [INFO] Server said: 34: ["o.r.u", {uid: "389", x: 8.47, y: 10.84, st: 23, d: 5, at: ""}]
Thu Jan 9 19:44:35 GMT+0500 2020 [INFO] Client said: 34: [null, "o.gr", {gid: "sn1", lid: "salon"}]
Thu Jan 9 19:44:35 GMT+0500 2020 [INFO] Server said: 1: ["572", true, false, false]
Thu Jan 9 19:44:33 GMT+0500 2020 [INFO] Client said: 1: ["street", "572", "NlJXKaMIlnIwbakSiuXa", {clvrn: "84.0.4", v: 2}]
Thu Jan 9 19:44:31 GMT+0500 2020 [INFO] Client said: 2: []
Thu Jan 9 19:44:31 GMT+0500 2020 [INFO] Loaded  LoadingItem(url: http://62.113.113.58:8080/files/swf/Salon_1fe14ef0cdf189794ef74d591993d3f5.swf, status: 2) 
Thu Jan 9 19:44:30 GMT+0500 2020 [INFO] Client said: 17: ["house_572_livingroom"]
Thu Jan 9 19:44:29 GMT+0500 2020 [INFO] Client said: 34: ["house_572_livingroom", "h.r.u", {uid: "572", x: 2.95, y: 5.08, st: 23, d: 5, at: ""}]
Thu Jan 9 19:44:26 GMT+0500 2020 [INFO] Client said: 34: ["house_572_livingroom", "h.r.m", {uid: "572", dx: 2.95, sy: 0.1, dy: 5.08, sx: 4.05}]
Thu Jan 9 19:43:55 GMT+0500 2020 [INFO] Client said: 34: ["house_572_livingroom", "h.r.u", {uid: "572", x: 4.05, d: 4, st: 0, y: 0.1}]
Thu Jan 9 19:43:54 GMT+0500 2020 [INFO] Server said: 34: ["lg.lst", {glst: []}]
Thu Jan 9 19:43:54 GMT+0500 2020 [INFO] Client said: 34: ["house_572_livingroom", "lg.lst", {}]
Thu Jan 9 19:43:54 GMT+0500 2020 [INFO] Server said: 34: ["h.r.info", {evn: null, rm: {lev: 1, nm: "#livingRoom", id: "livingroom", f: [{tpid: "floor4", lid: 3, y: 0, z: 0, x: 0, d: 5}, {tpid: "door4", lid: 4, y: 0, z: 0, x: 3, d: 3, rid: "outside"}, {tpid: "wall15", lid: 2, y: 0, z: 0, x: 13, d: 5}, {tpid: "wall15", lid: 1, y: 0, z: 0, x: 0, d: 3}], l: 13, w: 13}, rmmb: [{uid: "572", mbm: {ac: null, sk: "blackMobileSkin"}, ci: {trid: null, dr: true, pamns: {amn: []}, spp: 0, crt: 18, tts: null, sbid: null, eml: null, gdc: 0, as: null, sbrt: 0, lgt: 0, lvt: 1578580915, ysct: 0, vip: true, lrnt: 0, fak: null, lwts: 0, shcr: true, fexp: 0, gtrfrd: 0, skrt: 0, vexp: 1965298000, bcld: 0, strfrd: 0, skid: null, rtrtm: 0, kyktid: null, vsact: true, actrt: 0, trcd: 0, ys: 0, plcmt: {}, vret: 0, vsexp: 1965298000, rpt: 0, compid: 0, actrp: 0, crst: 0, actrd: 0, vfgc: 0, hrt: 174, exp: 85800, ceid: 0, shousd: false, cmid: 0}, locinfo: {x: -1, s: "127.0.0.1", shlc: true, y: -1, st: 0, d: 4, l: "house_572_livingroom", at: "", pl: ""}, pf: {pf: {jntr: {tp: "jntr", pgs: 0, l: 20}, phtghr: {tp: "phtghr", pgs: 0, l: 20}, vsgst: {tp: "vsgst", pgs: 0, l: 20}, grdnr: {tp: "grdnr", pgs: 0, l: 20}}}, clths: {clths: [{tpid: "boyShirt14", clid: null}, {tpid: "boyShoes8", clid: null}, {tpid: "boyPants10", clid: null}]}, usrinf: {rl: 0}, apprnc: {hc: 7, ssc: 1, sc: 1, pt: 0, et: 5, shc: 1, rc: 1, sh: 0, bt: 0, g: 1, fft: 0, ec: 3, ht: 73, brt: 3, ss: 0, rg: 0, pc: 1, fac: 1, n: "force", nct: 0, fat: 0, brc: 1, mt: 1, mc: 4, bc: 1}}]}]
Thu Jan 9 19:43:52 GMT+0500 2020 [INFO] Client said: 34: ["house_572_livingroom", "h.r.info", {uid: "572", rid: "livingroom"}]
Thu Jan 9 19:43:52 GMT+0500 2020 [INFO] Server said: 34: ["h.gr", {rid: "house_572_livingroom"}]
Thu Jan 9 19:43:52 GMT+0500 2020 [INFO] Server said: 16: ["house_572_livingroom", "572"]
Thu Jan 9 19:43:52 GMT+0500 2020 [INFO] Server said: 34: ["h.r.jn", {plr: {uid: "572", mbm: {ac: null, sk: "blackMobileSkin"}, ci: {trid: null, dr: true, pamns: {amn: []}, spp: 0, crt: 18, tts: null, sbid: null, eml: null, gdc: 0, as: null, sbrt: 0, lgt: 0, lvt: 1578580915, ysct: 0, vip: true, lrnt: 0, fak: null, lwts: 0, shcr: true, fexp: 0, gtrfrd: 0, skrt: 0, vexp: 1965298000, bcld: 0, strfrd: 0, skid: null, rtrtm: 0, kyktid: null, vsact: true, actrt: 0, trcd: 0, ys: 0, plcmt: {}, vret: 0, vsexp: 1965298000, rpt: 0, compid: 0, actrp: 0, crst: 0, actrd: 0, vfgc: 0, hrt: 174, exp: 85800, ceid: 0, shousd: false, cmid: 0}, locinfo: {x: -1, s: "127.0.0.1", shlc: true, y: -1, st: 0, d: 4, l: "house_572_livingroom", at: "", pl: ""}, pf: {pf: {jntr: {tp: "jntr", pgs: 0, l: 20}, phtghr: {tp: "phtghr", pgs: 0, l: 20}, vsgst: {tp: "vsgst", pgs: 0, l: 20}, grdnr: {tp: "grdnr", pgs: 0, l: 20}}}, clths: {clths: [{tpid: "boyShirt14", clid: null}, {tpid: "boyShoes8", clid: null}, {tpid: "boyPants10", clid: null}]}, usrinf: {rl: 0}, apprnc: {hc: 7, ssc: 1, sc: 1, pt: 0, et: 5, shc: 1, rc: 1, sh: 0, bt: 0, g: 1, fft: 0, ec: 3, ht: 73, brt: 3, ss: 0, rg: 0, pc: 1, fac: 1, n: "force", nct: 0, fat: 0, brc: 1, mt: 1, mc: 4, bc: 1}}}]
Thu Jan 9 19:43:47 GMT+0500 2020 [INFO] Server said: 34: ["srqst.gtrq", {rqlst: {rsprlst: {}, lapt: {}, shwdt: 0, rlst: {}}}]
Thu Jan 9 19:43:46 GMT+0500 2020 [INFO] Server said: 34: ["srqst.gtrq", {rqlst: {rsprlst: {}, lapt: {}, shwdt: 0, rlst: {}}}]
Thu Jan 9 19:43:46 GMT+0500 2020 [INFO] Server said: 34: ["srqst.gtrq", {rqlst: {rsprlst: {}, lapt: {}, shwdt: 0, rlst: {}}}]
Thu Jan 9 19:43:46 GMT+0500 2020 [INFO] Server said: 34: ["srqst.gtrq", {rqlst: {rsprlst: {}, lapt: {}, shwdt: 0, rlst: {}}}]
Thu Jan 9 19:43:46 GMT+0500 2020 [INFO] Server said: 34: ["srqst.gtrq", {rqlst: {rsprlst: {}, lapt: {}, shwdt: 0, rlst: {}}}]
Thu Jan 9 19:43:46 GMT+0500 2020 [INFO] Server said: 34: ["srqst.gtrq", {rqlst: {rsprlst: {}, lapt: {}, shwdt: 0, rlst: {}}}]
Thu Jan 9 19:43:46 GMT+0500 2020 [INFO] Server said: 34: ["srqst.gtrq", {rqlst: {rsprlst: {}, lapt: {}, shwdt: 0, rlst: {}}}]
Thu Jan 9 19:43:46 GMT+0500 2020 [INFO] Server said: 34: ["srqst.gtrq", {rqlst: {rsprlst: {}, lapt: {}, shwdt: 0, rlst: {}}}]
Thu Jan 9 19:43:46 GMT+0500 2020 [INFO] Server said: 34: ["srqst.gtrq", {rqlst: {rsprlst: {}, lapt: {}, shwdt: 0, rlst: {}}}]
Thu Jan 9 19:43:46 GMT+0500 2020 [INFO] Server said: 34: ["srqst.gtrq", {rqlst: {rsprlst: {}, lapt: {}, shwdt: 0, rlst: {}}}]
Thu Jan 9 19:43:46 GMT+0500 2020 [INFO] Client said: 34: [null, "h.gr", {gid: "572", rid: "livingroom", lid: "house"}]
Thu Jan 9 19:43:46 GMT+0500 2020 [INFO] Loaded  LoadingItem(url: http://62.113.113.58:8080/files/swf/furniture/house/DoorWood.swf, status: 2) 
Thu Jan 9 19:43:46 GMT+0500 2020 [INFO] Loaded  LoadingItem(url: http://62.113.113.58:8080/files/swf/furniture/house/FloorCarpetGrass.swf, status: 2) 