ClientError: Thu Jan 9 20:06:43 GMT+0500 2020 [CRITICAL] [salon] *Uncaught Error* ErrorId: 1010 ErrorName: TypeError ErrorMessage:Error #1010 ErrorStackTrace:TypeError: Error #1010
	at _-1u9::URL/parse()
	at _-1u9::URL()
	at _-18R::LoadingItem()
	at _-18R::SWFLoadingItem()
	at _-0bS::MassLoader/add()
	at _-0bS::MassLoader/_-2R5()
	at flash.events::EventDispatcher/dispatchEvent()
	at _-18R::LoadingItem/_-1Iu()
	at _-18R::LoadingItem/onError()
	at _-18R::SWFLoadingItem/onError()
	at flash.events::EventDispatcher/dispatchEvent()
	at flash.net::URLLoader/onComplete()
Thu Jan 9 20:06:31 GMT+0500 2020 [INFO] Client said: 17: ["house_808_livingroom"]
Thu Jan 9 20:06:20 GMT+0500 2020 [INFO] Server said: 34: ["h.r.ra", {plr: {ci: {sbid: null, vip: true, compid: 0, tts: null, actrd: 0, sbrt: 0, skrt: 0, eml: null, shousd: false, plcmt: {}, lgt: 0, pamns: {amn: []}, ysct: 0, as: null, crst: 0, vexp: 1965298000, fak: null, lvt: 1578581704, vsexp: 1965298000, shcr: true, lrnt: 0, vsact: true, gtrfrd: 0, fexp: 0, vret: 0, strfrd: 0, skid: null, vfgc: 0, rtrtm: 0, hrt: 174, trcd: 0, ceid: 0, kyktid: null, bcld: 0, crt: 1665, lwts: 0, cmid: 0, exp: 85800, trid: "halloween2016", rpt: 0, dr: true, ys: 0, gdc: 0, actrt: 0, spp: 0, actrp: 0}, usrinf: {rl: 0}, apprnc: {shc: 1, ec: 5, nct: 0, rc: 1, g: 2, bc: 1, hc: 6, fac: 1, rg: 0, fft: 0, ht: 123, brc: 1, bt: 0, ss: 0, et: 2, brt: 4, ssc: 1, n: "ғʀɪᴅᴀʏ ɴɪɢʜᴛ", sc: 1, mc: 2, mt: 4, pt: 0, fat: 0, sh: 0, pc: 1}, mbm: {ac: null, sk: "blackMobileSkin"}, pf: {pf: {vsgst: {tp: "vsgst", pgs: 0, l: 20}, phtghr: {tp: "phtghr", pgs: 0, l: 20}, grdnr: {tp: "grdnr", pgs: 0, l: 20}, jntr: {tp: "jntr", pgs: 0, l: 20}}}, locinfo: {at: "", x: 4.05, shlc: true, y: 0.1, l: "house_808_livingroom", s: "127.0.0.1", st: 0, d: 4, pl: ""}, clths: {clths: [{clid: null, tpid: "grlFRY14Drs2"}, {clid: null, tpid: "gFRY14Wngs2"}, {clid: null, tpid: "gFRY14Shs1"}, {clid: null, tpid: "gFRY14Rim2"}, {clid: null, tpid: "gFRY14Brcl1"}]}, uid: "808"}}]
Thu Jan 9 20:06:17 GMT+0500 2020 [INFO] Client said: 34: ["house_808_livingroom", "h.r.ra", {}]
Thu Jan 9 20:06:17 GMT+0500 2020 [INFO] Server said: 34: ["a.clths.buy", {ccltn: {ctp: "casual", cct: ["grlFRY14Drs2", "gFRY14Wngs2", "gFRY14Shs1", "gFRY14Rim2", "gFRY14Brcl1"], cn: ""}, crt: 1665, res: {enrg: 500, gld: 22621, slvr: 10000, emd: 0}, clths: {clths: [{clid: null, tpid: "grlFRY14Drs2"}, {clid: null, tpid: "gFRY14Wngs2"}, {clid: null, tpid: "gFRY14Shs1"}, {clid: null, tpid: "gFRY14Rim2"}, {clid: null, tpid: "gFRY14Brcl1"}]}, inv: {c: {act: {id: "act", it: []}, lt: {id: "lt", it: []}, cls: {id: "cls", it: [{c: 1, iid: "", tid: "girlUnderdress1"}, {c: 1, iid: "", tid: "girlUnderdress2"}, {c: 1, iid: "", tid: "girlShirt12"}, {c: 1, iid: "", tid: "girlPants9"}, {c: 1, iid: "", tid: "grlDrsPrfClr"}, {c: 1, iid: "", tid: "girlShoes14"}]}, gm: {id: "gm", it: [{c: 1, iid: "", tid: "blackMobileSkin"}]}, frn: {id: "frn", it: []}}}}]
Thu Jan 9 20:06:08 GMT+0500 2020 [INFO] Client said: 34: [null, "a.clths.bst", {ctp: "casual", tpid: "fry14gst3", pind: 1}]
Thu Jan 9 20:03:21 GMT+0500 2020 [INFO] Server said: 34: ["b.ingld", {ingld: 9999}]
Thu Jan 9 20:03:21 GMT+0500 2020 [INFO] Server said: 34: ["ntf.res", {res: {gld: 23100, enrg: 500, slvr: 10000, emd: 0}}]
Thu Jan 9 20:03:20 GMT+0500 2020 [INFO] [YandexMetrics.reachGoal] Call reach goal 'click_buy_product' for counter 31321471
Thu Jan 9 20:03:20 GMT+0500 2020 [INFO] Client said: 34: [null, "b.chkprchs", {prid: "pack9999", qnt: 1, pmnt: {ct3: null, srv: 1, ct1: null, tpid: "grlDrsPrfVsg", ctx: {dialogSource: "clothesShopDialog"}, ct2: null}}]
Thu Jan 9 20:03:19 GMT+0500 2020 [INFO] [YandexMetrics.reachGoal] Call reach goal 'show_payment_dialog' for counter 31321471
Thu Jan 9 20:03:16 GMT+0500 2020 [INFO] Server said: 34: ["b.ingld", {ingld: 9999}]
Thu Jan 9 20:03:16 GMT+0500 2020 [INFO] Server said: 34: ["ntf.res", {res: {gld: 13101, enrg: 500, slvr: 10000, emd: 0}}]
Thu Jan 9 20:03:16 GMT+0500 2020 [INFO] [YandexMetrics.reachGoal] Call reach goal 'click_buy_product' for counter 31321471
Thu Jan 9 20:03:16 GMT+0500 2020 [INFO] Client said: 34: [null, "b.chkprchs", {prid: "pack9999", qnt: 1, pmnt: {ct3: null, srv: 1, ct1: null, tpid: "grlDrsPrfVsg", ctx: {dialogSource: "clothesShopDialog"}, ct2: null}}]
Thu Jan 9 20:03:14 GMT+0500 2020 [INFO] [YandexMetrics.reachGoal] Call reach goal 'show_payment_dialog' for counter 31321471
Thu Jan 9 20:02:57 GMT+0500 2020 [INFO] [YandexMetrics.reachGoal] Call reach goal 'close_payment_dialog' for counter 31321471
Thu Jan 9 20:02:53 GMT+0500 2020 [INFO] [YandexMetrics.reachGoal] Call reach goal 'show_payment_dialog' for counter 31321471
Thu Jan 9 20:02:43 GMT+0500 2020 [INFO] Server said: 34: ["h.r.ra", {plr: {ci: {sbid: null, vip: true, compid: 0, tts: null, actrd: 0, sbrt: 0, skrt: 0, eml: null, shousd: false, plcmt: {}, lgt: 0, pamns: {amn: []}, ysct: 0, as: null, crst: 0, vexp: 1965298000, fak: null, lvt: 1578581704, vsexp: 1965298000, shcr: true, lrnt: 0, vsact: true, gtrfrd: 0, fexp: 0, vret: 0, strfrd: 0, skid: null, vfgc: 0, rtrtm: 0, hrt: 174, trcd: 0, ceid: 0, kyktid: null, bcld: 0, crt: 460, lwts: 0, cmid: 0, exp: 85800, trid: "halloween2016", rpt: 0, dr: true, ys: 0, gdc: 0, actrt: 0, spp: 0, actrp: 0}, usrinf: {rl: 0}, apprnc: {shc: 1, ec: 5, nct: 0, rc: 1, g: 2, bc: 1, hc: 6, fac: 1, rg: 0, fft: 0, ht: 123, brc: 1, bt: 0, ss: 0, et: 2, brt: 4, ssc: 1, n: "ғʀɪᴅᴀʏ ɴɪɢʜᴛ", sc: 1, mc: 2, mt: 4, pt: 0, fat: 0, sh: 0, pc: 1}, mbm: {ac: null, sk: "blackMobileSkin"}, pf: {pf: {vsgst: {tp: "vsgst", pgs: 0, l: 20}, phtghr: {tp: "phtghr", pgs: 0, l: 20}, grdnr: {tp: "grdnr", pgs: 0, l: 20}, jntr: {tp: "jntr", pgs: 0, l: 20}}}, locinfo: {at: "", x: 4.05, shlc: true, y: 0.1, l: "house_808_livingroom", s: "127.0.0.1", st: 0, d: 4, pl: ""}, clths: {clths: [{clid: null, tpid: "girlShoes14"}, {clid: null, tpid: "grlDrsPrfClr"}]}, uid: "808"}}]
Thu Jan 9 20:02:42 GMT+0500 2020 [INFO] Client said: 34: ["house_808_livingroom", "h.r.ra", {}]
Thu Jan 9 20:02:42 GMT+0500 2020 [INFO] Server said: 34: ["psp.sttrph", {trid: "halloween2016"}]
Thu Jan 9 20:02:42 GMT+0500 2020 [INFO] Client said: 34: [null, "psp.sttrph", {trid: "halloween2016"}]
Thu Jan 9 20:02:40 GMT+0500 2020 [INFO] Server said: 34: ["h.r.ra", {plr: {ci: {sbid: null, vip: true, compid: 0, tts: null, actrd: 0, sbrt: 0, skrt: 0, eml: null, shousd: false, plcmt: {}, lgt: 0, pamns: {amn: []}, ysct: 0, as: null, crst: 0, vexp: 1965298000, fak: null, lvt: 1578581704, vsexp: 1965298000, shcr: true, lrnt: 0, vsact: true, gtrfrd: 0, fexp: 0, vret: 0, strfrd: 0, skid: null, vfgc: 0, rtrtm: 0, hrt: 174, trcd: 0, ceid: 0, kyktid: null, bcld: 0, crt: 460, lwts: 0, cmid: 0, exp: 85800, trid: "halloween2016", rpt: 0, dr: true, ys: 0, gdc: 0, actrt: 0, spp: 0, actrp: 0}, usrinf: {rl: 0}, apprnc: {shc: 1, ec: 5, nct: 0, rc: 1, g: 2, bc: 1, hc: 6, fac: 1, rg: 0, fft: 0, ht: 123, brc: 1, bt: 0, ss: 0, et: 2, brt: 4, ssc: 1, n: "ғʀɪᴅᴀʏ ɴɪɢʜᴛ", sc: 1, mc: 2, mt: 4, pt: 0, fat: 0, sh: 0, pc: 1}, mbm: {ac: null, sk: "blackMobileSkin"}, pf: {pf: {vsgst: {tp: "vsgst", pgs: 0, l: 20}, phtghr: {tp: "phtghr", pgs: 0, l: 20}, grdnr: {tp: "grdnr", pgs: 0, l: 20}, jntr: {tp: "jntr", pgs: 0, l: 20}}}, locinfo: {at: "", x: 4.05, shlc: true, y: 0.1, l: "house_808_livingroom", s: "127.0.0.1", st: 0, d: 4, pl: ""}, clths: {clths: [{clid: null, tpid: "girlShoes14"}, {clid: null, tpid: "grlDrsPrfClr"}]}, uid: "808"}}]
Thu Jan 9 20:02:38 GMT+0500 2020 [INFO] Client said: 34: ["house_808_livingroom", "h.r.ra", {}]
Thu Jan 9 20:02:38 GMT+0500 2020 [INFO] Server said: 34: ["psp.sttrph", {trid: "halloween2016"}]
Thu Jan 9 20:02:38 GMT+0500 2020 [INFO] Client said: 34: [null, "psp.sttrph", {trid: "halloween2016"}]
Thu Jan 9 20:02:34 GMT+0500 2020 [INFO] Server said: 34: ["h.r.ra", {plr: {ci: {sbid: null, vip: true, compid: 0, tts: null, actrd: 0, sbrt: 0, skrt: 0, eml: null, shousd: false, plcmt: {}, lgt: 0, pamns: {amn: []}, ysct: 0, as: null, crst: 0, vexp: 1965298000, fak: null, lvt: 1578581704, vsexp: 1965298000, shcr: true, lrnt: 0, vsact: true, gtrfrd: 0, fexp: 0, vret: 0, strfrd: 0, skid: null, vfgc: 0, rtrtm: 0, hrt: 174, trcd: 0, ceid: 0, kyktid: null, bcld: 0, crt: 460, lwts: 0, cmid: 0, exp: 85800, trid: "avatarBirthday", rpt: 0, dr: true, ys: 0, gdc: 0, actrt: 0, spp: 0, actrp: 0}, usrinf: {rl: 0}, apprnc: {shc: 1, ec: 5, nct: 0, rc: 1, g: 2, bc: 1, hc: 6, fac: 1, rg: 0, fft: 0, ht: 123, brc: 1, bt: 0, ss: 0, et: 2, brt: 4, ssc: 1, n: "ғʀɪᴅᴀʏ ɴɪɢʜᴛ", sc: 1, mc: 2, mt: 4, pt: 0, fat: 0, sh: 0, pc: 1}, mbm: {ac: null, sk: "blackMobileSkin"}, pf: {pf: {vsgst: {tp: "vsgst", pgs: 0, l: 20}, phtghr: {tp: "phtghr", pgs: 0, l: 20}, grdnr: {tp: "grdnr", pgs: 0, l: 20}, jntr: {tp: "jntr", pgs: 0, l: 20}}}, locinfo: {at: "", x: 4.05, shlc: true, y: 0.1, l: "house_808_livingroom", s: "127.0.0.1", st: 0, d: 4, pl: ""}, clths: {clths: [{clid: null, tpid: "girlShoes14"}, {clid: null, tpid: "grlDrsPrfClr"}]}, uid: "808"}}]
Thu Jan 9 20:02:32 GMT+0500 2020 [INFO] Client said: 34: ["house_808_livingroom", "h.r.ra", {}]
Thu Jan 9 20:02:32 GMT+0500 2020 [INFO] Server said: 34: ["psp.sttrph", {trid: "avatarBirthday"}]
Thu Jan 9 20:02:32 GMT+0500 2020 [INFO] Client said: 34: [null, "psp.sttrph", {trid: "avatarBirthday"}]
Thu Jan 9 20:02:12 GMT+0500 2020 [INFO] Server said: 34: ["h.r.ra", {plr: {ci: {sbid: null, vip: true, compid: 0, tts: null, actrd: 0, sbrt: 0, skrt: 0, eml: null, shousd: false, plcmt: {}, lgt: 0, pamns: {amn: []}, ysct: 0, as: null, crst: 0, vexp: 1965298000, fak: null, lvt: 1578581704, vsexp: 1965298000, shcr: true, lrnt: 0, vsact: true, gtrfrd: 0, fexp: 0, vret: 0, strfrd: 0, skid: null, vfgc: 0, rtrtm: 0, hrt: 174, trcd: 0, ceid: 0, kyktid: null, bcld: 0, crt: 460, lwts: 0, cmid: 0, exp: 85800, trid: null, rpt: 0, dr: true, ys: 0, gdc: 0, actrt: 0, spp: 0, actrp: 0}, usrinf: {rl: 0}, apprnc: {shc: 1, ec: 5, nct: 0, rc: 1, g: 2, bc: 1, hc: 6, fac: 1, rg: 0, fft: 0, ht: 123, brc: 1, bt: 0, ss: 0, et: 2, brt: 4, ssc: 1, n: "ғʀɪᴅᴀʏ ɴɪɢʜᴛ", sc: 1, mc: 2, mt: 4, pt: 0, fat: 0, sh: 0, pc: 1}, mbm: {ac: null, sk: "blackMobileSkin"}, pf: {pf: {vsgst: {tp: "vsgst", pgs: 0, l: 20}, phtghr: {tp: "phtghr", pgs: 0, l: 20}, grdnr: {tp: "grdnr", pgs: 0, l: 20}, jntr: {tp: "jntr", pgs: 0, l: 20}}}, locinfo: {at: "", x: 4.05, shlc: true, y: 0.1, l: "house_808_livingroom", s: "127.0.0.1", st: 0, d: 4, pl: ""}, clths: {clths: [{clid: null, tpid: "girlShoes14"}, {clid: null, tpid: "grlDrsPrfClr"}]}, uid: "808"}}]
Thu Jan 9 20:02:10 GMT+0500 2020 [INFO] Client said: 34: ["house_808_livingroom", "h.r.ra", {}]
Thu Jan 9 20:02:10 GMT+0500 2020 [INFO] Server said: 34: ["a.clths.buy", {ccltn: {ctp: "casual", cct: ["girlShoes14", "grlDrsPrfClr"], cn: ""}, crt: 460, res: {enrg: 500, gld: 3102, slvr: 10000, emd: 0}, clths: {clths: [{clid: null, tpid: "girlShoes14"}, {clid: null, tpid: "grlDrsPrfClr"}]}, inv: {c: {act: {id: "act", it: []}, lt: {id: "lt", it: []}, cls: {id: "cls", it: [{c: 1, iid: "", tid: "girlUnderdress1"}, {c: 1, iid: "", tid: "girlUnderdress2"}, {c: 1, iid: "", tid: "girlShirt12"}, {c: 1, iid: "", tid: "girlPants9"}]}, gm: {id: "gm", it: [{c: 1, iid: "", tid: "blackMobileSkin"}]}, frn: {id: "frn", it: []}}}}]
Thu Jan 9 20:02:05 GMT+0500 2020 [INFO] Client said: 34: [null, "a.clths.buy", {ctp: "casual", tpid: "grlDrsPrfClr", pind: 1}]
Thu Jan 9 20:02:02 GMT+0500 2020 [INFO] Server said: 34: ["b.ingld", {ingld: 5000}]
Thu Jan 9 20:02:02 GMT+0500 2020 [INFO] Server said: 34: ["ntf.res", {res: {gld: 103101, enrg: 500, slvr: 10000, emd: 0}}]
Thu Jan 9 20:02:01 GMT+0500 2020 [INFO] [YandexMetrics.reachGoal] Call reach goal 'click_buy_product' for counter 31321471
Thu Jan 9 20:02:01 GMT+0500 2020 [INFO] Client said: 34: [null, "b.chkprchs", {prid: "pack5000", qnt: 1, pmnt: {ct3: null, srv: 1, ct1: null, tpid: "grlDrsPrfClr", ctx: {dialogSource: "clothesShopDialog"}, ct2: null}}]
Thu Jan 9 20:02:00 GMT+0500 2020 [INFO] [YandexMetrics.reachGoal] Call reach goal 'show_payment_dialog' for counter 31321471