ClientError: Thu Jan 9 16:25:50 GMT+0200 2020 [CRITICAL] [house] *Uncaught Error* ErrorId: 1009 ErrorName: TypeError ErrorMessage:Error #1009 ErrorStackTrace:TypeError: Error #1009
	at _-371::SupportNetManager/init()
	at _-4I::_-Ss/init()
	at _-4I::NotEnoughGoldProductDialog/init()
	at _-Qp::_-1DK/onAddedToStage()
	at _-0qh::UIManager/_-1oS()
	at _-0qh::UIManager/showModal()
	at _-Qp::_-1DK/showModal()
	at _-1Dw::PaymentService/checkGold()
	at _-1Dw::PaymentService/checkPrice()
	at _-4I::BuySilverDialog/onBuySilverClick()
Thu Jan 9 16:25:45 GMT+0200 2020 [INFO] Server said: 34: ["b.ingld", {ingld: 9999}]
Thu Jan 9 16:25:45 GMT+0200 2020 [INFO] Server said: 34: ["ntf.res", {res: {slvr: 20000000, emd: 0, gld: 114647, enrg: 500}}]
Thu Jan 9 16:25:43 GMT+0200 2020 [INFO] Client said: 34: [null, "b.bs", {gld: 100000}]
Thu Jan 9 16:25:39 GMT+0200 2020 [INFO] Server said: 34: ["b.ingld", {ingld: 9999}]
Thu Jan 9 16:25:39 GMT+0200 2020 [INFO] Server said: 34: ["ntf.res", {res: {slvr: 20000000, emd: 0, gld: 104648, enrg: 500}}]
Thu Jan 9 16:25:39 GMT+0200 2020 [INFO] Server said: 34: ["b.ingld", {ingld: 9999}]
Thu Jan 9 16:25:39 GMT+0200 2020 [INFO] Server said: 34: ["ntf.res", {res: {slvr: 20000000, emd: 0, gld: 94649, enrg: 500}}]
Thu Jan 9 16:25:37 GMT+0200 2020 [INFO] Server said: 34: ["b.ingld", {ingld: 9999}]
Thu Jan 9 16:25:37 GMT+0200 2020 [INFO] Server said: 34: ["ntf.res", {res: {slvr: 20000000, emd: 0, gld: 84650, enrg: 500}}]
Thu Jan 9 16:25:35 GMT+0200 2020 [INFO] Server said: 34: ["b.ingld", {ingld: 9999}]
Thu Jan 9 16:25:35 GMT+0200 2020 [INFO] Server said: 34: ["ntf.res", {res: {slvr: 20000000, emd: 0, gld: 74651, enrg: 500}}]
Thu Jan 9 16:25:34 GMT+0200 2020 [INFO] [YandexMetrics.reachGoal] Call reach goal 'click_buy_product' for counter 31321471
Thu Jan 9 16:25:34 GMT+0200 2020 [INFO] Client said: 34: [null, "b.chkprchs", {qnt: 1, prid: "pack9999", pmnt: {ctx: {dialogSource: "buySilverDialog"}, srv: 7, tpid: "silverResource", ct1: null, ct3: null, ct2: null}}]