ClientError: Thu Jan 9 15:54:27 GMT+0200 2020 [CRITICAL] [house] *Uncaught Error* ErrorId: 1010 ErrorName: TypeError ErrorMessage:Error #1010 ErrorStackTrace:TypeError: Error #1010
	at _-1u9::URL/parse()
	at _-1u9::URL()
	at _-18R::LoadingItem()
	at _-18R::SWFLoadingItem()
	at _-0bS::MassLoader/add()
	at _-0bS::MassLoader/_-2R5()
	at flash.events::EventDispatcher/dispatchEvent()
	at _-18R::LoadingItem/_-1Iu()
	at _-18R::LoadingItem/onError()
	at _-18R::SWFLoadingItem/onError()
	at flash.events::EventDispatcher/dispatchEvent()
	at flash.net::URLLoader/onComplete()
Thu Jan 9 15:54:25 GMT+0200 2020 [INFO] Client said: 34: ["house_71_livingroom", "h.r.u", {st: 0, x: 4.05, d: 4, y: 0.1, uid: "71"}]
Thu Jan 9 15:53:26 GMT+0200 2020 [INFO] Server said: 34: ["b.ingld", {ingld: 9999}]
Thu Jan 9 15:53:26 GMT+0200 2020 [INFO] Server said: 34: ["ntf.res", {res: {enrg: 500, emd: 0, slvr: 5000, gld: 115135}}]
Thu Jan 9 15:53:25 GMT+0200 2020 [INFO] [YandexMetrics.reachGoal] Call reach goal 'click_buy_product' for counter 31321471
Thu Jan 9 15:53:25 GMT+0200 2020 [INFO] Client said: 34: [null, "b.chkprchs", {pmnt: {tpid: "silverResource", ct1: null, ct2: null, srv: 7, ct3: null, ctx: {dialogSource: "buySilverDialog"}}, prid: "pack9999", qnt: 1}]
Thu Jan 9 15:53:22 GMT+0200 2020 [INFO] [YandexMetrics.reachGoal] Call reach goal 'show_payment_dialog' for counter 31321471
Thu Jan 9 15:53:19 GMT+0200 2020 [INFO] Server said: 34: ["b.ingld", {ingld: 9999}]
Thu Jan 9 15:53:19 GMT+0200 2020 [INFO] Server said: 34: ["ntf.res", {res: {enrg: 500, emd: 0, slvr: 5000, gld: 105136}}]
Thu Jan 9 15:53:19 GMT+0200 2020 [INFO] [YandexMetrics.reachGoal] Call reach goal 'click_buy_product' for counter 31321471
Thu Jan 9 15:53:19 GMT+0200 2020 [INFO] Client said: 34: [null, "b.chkprchs", {pmnt: {tpid: "silverResource", ct1: null, ct2: null, srv: 7, ct3: null, ctx: {dialogSource: "buySilverDialog"}}, prid: "pack9999", qnt: 1}]
Thu Jan 9 15:53:18 GMT+0200 2020 [INFO] [YandexMetrics.reachGoal] Call reach goal 'show_payment_dialog' for counter 31321471
Thu Jan 9 15:53:16 GMT+0200 2020 [INFO] Server said: 34: ["b.ingld", {ingld: 9999}]
Thu Jan 9 15:53:16 GMT+0200 2020 [INFO] Server said: 34: ["ntf.res", {res: {enrg: 500, emd: 0, slvr: 5000, gld: 95137}}]
Thu Jan 9 15:53:16 GMT+0200 2020 [INFO] [YandexMetrics.reachGoal] Call reach goal 'click_buy_product' for counter 31321471
Thu Jan 9 15:53:16 GMT+0200 2020 [INFO] Client said: 34: [null, "b.chkprchs", {pmnt: {tpid: "silverResource", ct1: null, ct2: null, srv: 7, ct3: null, ctx: {dialogSource: "buySilverDialog"}}, prid: "pack9999", qnt: 1}]
Thu Jan 9 15:53:15 GMT+0200 2020 [INFO] [YandexMetrics.reachGoal] Call reach goal 'show_payment_dialog' for counter 31321471
Thu Jan 9 15:53:12 GMT+0200 2020 [INFO] Server said: 34: ["b.ingld", {ingld: 9999}]
Thu Jan 9 15:53:12 GMT+0200 2020 [INFO] Server said: 34: ["ntf.res", {res: {enrg: 500, emd: 0, slvr: 5000, gld: 85138}}]
Thu Jan 9 15:53:12 GMT+0200 2020 [INFO] [YandexMetrics.reachGoal] Call reach goal 'click_buy_product' for counter 31321471
Thu Jan 9 15:53:12 GMT+0200 2020 [INFO] Client said: 34: [null, "b.chkprchs", {pmnt: {tpid: "silverResource", ct1: null, ct2: null, srv: 7, ct3: null, ctx: {dialogSource: "buySilverDialog"}}, prid: "pack9999", qnt: 1}]
Thu Jan 9 15:53:11 GMT+0200 2020 [INFO] [YandexMetrics.reachGoal] Call reach goal 'show_payment_dialog' for counter 31321471
Thu Jan 9 15:53:09 GMT+0200 2020 [INFO] Server said: 34: ["b.ingld", {ingld: 9999}]
Thu Jan 9 15:53:09 GMT+0200 2020 [INFO] Server said: 34: ["ntf.res", {res: {enrg: 500, emd: 0, slvr: 5000, gld: 75139}}]
Thu Jan 9 15:53:09 GMT+0200 2020 [INFO] [YandexMetrics.reachGoal] Call reach goal 'click_buy_product' for counter 31321471
Thu Jan 9 15:53:09 GMT+0200 2020 [INFO] Client said: 34: [null, "b.chkprchs", {pmnt: {tpid: "silverResource", ct1: null, ct2: null, srv: 7, ct3: null, ctx: {dialogSource: "buySilverDialog"}}, prid: "pack9999", qnt: 1}]
Thu Jan 9 15:53:08 GMT+0200 2020 [INFO] [YandexMetrics.reachGoal] Call reach goal 'show_payment_dialog' for counter 31321471
Thu Jan 9 15:53:06 GMT+0200 2020 [INFO] Server said: 34: ["b.ingld", {ingld: 9999}]
Thu Jan 9 15:53:06 GMT+0200 2020 [INFO] Server said: 34: ["ntf.res", {res: {enrg: 500, emd: 0, slvr: 5000, gld: 65140}}]
Thu Jan 9 15:53:06 GMT+0200 2020 [INFO] [YandexMetrics.reachGoal] Call reach goal 'click_buy_product' for counter 31321471
Thu Jan 9 15:53:06 GMT+0200 2020 [INFO] Client said: 34: [null, "b.chkprchs", {pmnt: {tpid: "silverResource", ct1: null, ct2: null, srv: 7, ct3: null, ctx: {dialogSource: "buySilverDialog"}}, prid: "pack9999", qnt: 1}]
Thu Jan 9 15:53:05 GMT+0200 2020 [INFO] [YandexMetrics.reachGoal] Call reach goal 'show_payment_dialog' for counter 31321471
Thu Jan 9 15:53:04 GMT+0200 2020 [INFO] Server said: 34: ["b.ingld", {ingld: 9999}]
Thu Jan 9 15:53:04 GMT+0200 2020 [INFO] Server said: 34: ["ntf.res", {res: {enrg: 500, emd: 0, slvr: 5000, gld: 55141}}]
Thu Jan 9 15:53:04 GMT+0200 2020 [INFO] [YandexMetrics.reachGoal] Call reach goal 'click_buy_product' for counter 31321471
Thu Jan 9 15:53:04 GMT+0200 2020 [INFO] Client said: 34: [null, "b.chkprchs", {pmnt: {tpid: "silverResource", ct1: null, ct2: null, srv: 7, ct3: null, ctx: {dialogSource: "buySilverDialog"}}, prid: "pack9999", qnt: 1}]
Thu Jan 9 15:53:03 GMT+0200 2020 [INFO] [YandexMetrics.reachGoal] Call reach goal 'show_payment_dialog' for counter 31321471
Thu Jan 9 15:53:01 GMT+0200 2020 [INFO] Server said: 34: ["b.ingld", {ingld: 9999}]
Thu Jan 9 15:53:01 GMT+0200 2020 [INFO] Server said: 34: ["ntf.res", {res: {enrg: 500, emd: 0, slvr: 5000, gld: 45142}}]