ClientError: Thu Jan 9 16:27:32 GMT+0200 2020 [CRITICAL] [salon] *Uncaught Error* ErrorId: 1009 ErrorName: TypeError ErrorMessage:Error #1009 ErrorStackTrace:TypeError: Error #1009
	at _-0eV::RoomMemberContainer/addAvatar()
	at _-PQ::BaseRoomScreen/addAvatar()
	at _-PQ::BaseRoomScreen/onRefreshAvatar()
	at flash.events::EventDispatcher/dispatchEvent()
	at _-2CM::BaseRoomNetManager/onRefreshAvatar()
	at flash.events::EventDispatcher/dispatchEvent()
	at ags::_-2t/_-2dI()
	at flash.events::EventDispatcher/dispatchEvent()
	at _-0en::_-0O8/_-1LF()
	at _-0en::_-0O8/execute()
	at ags::AGSClient/_-0i9()
	at ags::AGSClient/_-2ZF()
	at ags::AGSClient/_-2Ea()
Thu Jan 9 16:27:32 GMT+0200 2020 [INFO] Server said: 34: ["o.r.ra", {plr: {locinfo: {x: 9.58, s: "127.0.0.1", st: 23, l: "salon_sn1_1", shlc: true, pl: "", y: 3.33, d: 4, at: ""}, ci: {bcld: 0, gdc: 0, skrt: 0, ysct: 0, crt: 953, vsexp: 1965298000, fak: null, rpt: 0, ys: 0, dr: true, sbrt: 0, eml: null, ceid: 0, actrp: 0, as: null, vip: true, spp: 0, vexp: 1965298000, tts: null, rtrtm: 0, shcr: true, vret: 0, actrd: 0, vfgc: 0, hrt: 174, shousd: false, crst: 0, pamns: {amn: []}, cmid: 0, trid: null, sbid: null, actrt: 0, lrnt: 0, lgt: 0, kyktid: null, plcmt: {}, vsact: true, skid: null, gtrfrd: 0, lwts: 0, exp: 85800, strfrd: 0, compid: 0, fexp: 0, trcd: 0, lvt: 1578579261}, clths: {clths: [{clid: null, tpid: "boyPntsFrog"}, {clid: null, tpid: "boyShrtNY20Emr"}, {clid: null, tpid: "boyShoes8"}]}, usrinf: {rl: 0}, pf: {pf: {phtghr: {tp: "phtghr", l: 20, pgs: 0}, jntr: {tp: "jntr", l: 20, pgs: 0}, vsgst: {tp: "vsgst", l: 20, pgs: 0}, grdnr: {tp: "grdnr", l: 20, pgs: 0}}}, mbm: {ac: null, sk: "blackMobileSkin"}, apprnc: {sh: 0, fft: 1, mt: 9, sc: 1, ec: 12, ht: 87, fat: 0, rc: 1, brt: 14, et: 23, fac: 1, g: 1, bt: 15, nct: 0, n: "●●ßǻŧ®ůwkǻ●", ssc: 1, ss: 0, pt: 0, hc: 25, pc: 1, mc: 24, brc: 2, rg: 0, shc: 1, bc: 25}, uid: "293"}}]
Thu Jan 9 16:27:32 GMT+0200 2020 [INFO] Client said: 34: ["salon_sn1_1", "o.r.info", {rid: "sn1"}]
Thu Jan 9 16:27:32 GMT+0200 2020 [INFO] Server said: 34: ["o.gr", {rid: "salon_sn1_1"}]
Thu Jan 9 16:27:32 GMT+0200 2020 [INFO] Server said: 16: ["salon_sn1_1", "267"]
Thu Jan 9 16:27:32 GMT+0200 2020 [INFO] Server said: 34: ["o.r.jn", {plr: {locinfo: {x: -1, s: "127.0.0.1", st: 0, l: "salon_sn1_1", shlc: true, pl: "", y: -1, d: 4, at: ""}, ci: {bcld: 0, gdc: 0, skrt: 0, ysct: 0, crt: 520, vsexp: 1965298000, fak: null, rpt: 0, ys: 0, dr: true, sbrt: 0, eml: null, ceid: 0, actrp: 0, as: null, vip: true, spp: 0, vexp: 1965298000, tts: null, rtrtm: 0, shcr: true, vret: 0, actrd: 0, vfgc: 0, hrt: 174, shousd: false, crst: 0, pamns: {amn: []}, cmid: 0, trid: null, sbid: null, actrt: 0, lrnt: 0, lgt: 0, kyktid: null, plcmt: {}, vsact: true, skid: null, gtrfrd: 0, lwts: 0, exp: 85800, strfrd: 0, compid: 0, fexp: 0, trcd: 0, lvt: 1578579917}, clths: {clths: [{clid: null, tpid: "girlTShrtNY20Nght"}, {clid: null, tpid: "girlShoes14"}, {clid: null, tpid: "girlPants9"}]}, usrinf: {rl: 0}, pf: {pf: {phtghr: {tp: "phtghr", l: 20, pgs: 0}, jntr: {tp: "jntr", l: 20, pgs: 0}, vsgst: {tp: "vsgst", l: 20, pgs: 0}, grdnr: {tp: "grdnr", l: 20, pgs: 0}}}, mbm: {ac: null, sk: "blackMobileSkin"}, apprnc: {sh: 0, fft: 0, mt: 2, sc: 1, ec: 4, ht: 105, fat: 0, rc: 1, brt: 4, et: 2, fac: 1, g: 2, bt: 0, nct: 0, n: "ϟсолнышкооо", ssc: 1, ss: 0, pt: 0, hc: 5, pc: 1, mc: 2, brc: 5, rg: 0, shc: 1, bc: 1}, uid: "267"}}]
Thu Jan 9 16:27:19 GMT+0200 2020 [INFO] Server said: 34: ["o.r.m", {dx: 8.59, sx: 15.5, dy: 8.53, uid: "221", sy: 1.5}]
Thu Jan 9 16:27:19 GMT+0200 2020 [INFO] Server said: 34: ["o.r.u", {x: 15.5, st: 0, d: 4, uid: "294", y: 1.5}]
Thu Jan 9 16:27:17 GMT+0200 2020 [INFO] Server said: 34: ["o.r.ra", {plr: {locinfo: {x: 14.42, s: "127.0.0.1", st: 0, l: "salon_sn1_1", shlc: true, pl: "", y: 12.6, d: 4, at: ""}, ci: {bcld: 0, gdc: 0, skrt: 0, ysct: 0, crt: 615, vsexp: 1965298000, fak: null, rpt: 0, ys: 0, dr: true, sbrt: 0, eml: null, ceid: 0, actrp: 0, as: null, vip: true, spp: 0, vexp: 1965298000, tts: null, rtrtm: 0, shcr: true, vret: 0, actrd: 0, vfgc: 0, hrt: 224, shousd: false, crst: 0, pamns: {amn: []}, cmid: 0, trid: "freelanceMicrophone", sbid: null, actrt: 0, lrnt: 0, lgt: 0, kyktid: null, plcmt: {}, vsact: true, skid: null, gtrfrd: 0, lwts: 0, exp: 85800, strfrd: 0, compid: 0, fexp: 0, trcd: 0, lvt: 1578579093}, clths: {clths: [{clid: null, tpid: "girlErrHp"}, {clid: null, tpid: "girlJcktWnt19Brg"}, {clid: null, tpid: "girlGlssYllw"}, {clid: null, tpid: "girlStkNY20Slv"}, {clid: null, tpid: "girlTShrtWnt19Pnk"}, {clid: null, tpid: "girlShrtsLn"}, {clid: null, tpid: "wdn15GWtBts"}]}, usrinf: {rl: 0}, pf: {pf: {phtghr: {tp: "phtghr", l: 20, pgs: 0}, jntr: {tp: "jntr", l: 20, pgs: 0}, vsgst: {tp: "vsgst", l: 20, pgs: 0}, grdnr: {tp: "grdnr", l: 20, pgs: 0}}}, mbm: {ac: null, sk: "blackMobileSkin"}, apprnc: {sh: 20, fft: 7, mt: 31, sc: 1, ec: 10, ht: 123, fat: 0, rc: 1, brt: 24, et: 37, fac: 1, g: 2, bt: 0, nct: 0, n: "комфортная", ssc: 1, ss: 3, pt: 0, hc: 15, pc: 1, mc: 9, brc: 2, rg: 0, shc: 1, bc: 1}, uid: "260"}}]
Thu Jan 9 16:27:14 GMT+0200 2020 [INFO] Server said: 34: ["o.r.ra", {plr: {locinfo: {x: 9.58, s: "127.0.0.1", st: 23, l: "salon_sn1_1", shlc: true, pl: "", y: 3.33, d: 4, at: ""}, ci: {bcld: 0, gdc: 0, skrt: 0, ysct: 0, crt: 953, vsexp: 1965298000, fak: null, rpt: 0, ys: 0, dr: true, sbrt: 0, eml: null, ceid: 0, actrp: 0, as: null, vip: true, spp: 0, vexp: 1965298000, tts: null, rtrtm: 0, shcr: true, vret: 0, actrd: 0, vfgc: 0, hrt: 174, shousd: false, crst: 0, pamns: {amn: []}, cmid: 0, trid: null, sbid: null, actrt: 0, lrnt: 0, lgt: 0, kyktid: null, plcmt: {}, vsact: true, skid: null, gtrfrd: 0, lwts: 0, exp: 85800, strfrd: 0, compid: 0, fexp: 0, trcd: 0, lvt: 1578579261}, clths: {clths: [{clid: null, tpid: "boyPntsFrog"}, {clid: null, tpid: "boyShrtNY20Emr"}, {clid: null, tpid: "boyShoes8"}]}, usrinf: {rl: 0}, pf: {pf: {phtghr: {tp: "phtghr", l: 20, pgs: 0}, jntr: {tp: "jntr", l: 20, pgs: 0}, vsgst: {tp: "vsgst", l: 20, pgs: 0}, grdnr: {tp: "grdnr", l: 20, pgs: 0}}}, mbm: {ac: null, sk: "blackMobileSkin"}, apprnc: {sh: 0, fft: 1, mt: 9, sc: 1, ec: 12, ht: 87, fat: 0, rc: 1, brt: 14, et: 23, fac: 1, g: 1, bt: 15, nct: 0, n: "●●ßǻŧ®ůwkǻ●", ssc: 1, ss: 0, pt: 0, hc: 25, pc: 1, mc: 24, brc: 2, rg: 0, shc: 1, bc: 25}, uid: "293"}}]
Thu Jan 9 16:27:13 GMT+0200 2020 [INFO] Server said: 34: ["o.r.ra", {plr: {locinfo: {x: 8.23, s: "127.0.0.1", st: 23, l: "salon_sn1_1", shlc: true, pl: "", y: 2.3, d: 4, at: ""}, ci: {bcld: 0, gdc: 0, skrt: 0, ysct: 0, crt: 800, vsexp: 1965298000, fak: null, rpt: 0, ys: 0, dr: true, sbrt: 0, eml: null, ceid: 0, actrp: 0, as: null, vip: true, spp: 0, vexp: 1965298000, tts: null, rtrtm: 0, shcr: true, vret: 0, actrd: 0, vfgc: 0, hrt: 174, shousd: false, crst: 0, pamns: {amn: []}, cmid: 0, trid: "avaBirthdayTrophy2016", sbid: null, actrt: 0, lrnt: 0, lgt: 0, kyktid: null, plcmt: {}, vsact: true, skid: null, gtrfrd: 0, lwts: 0, exp: 85800, strfrd: 0, compid: 0, fexp: 0, trcd: 0, lvt: 1578579715}, clths: {clths: [{clid: null, tpid: "girlDrssNY20Emr"}, {clid: null, tpid: "girlShoes14"}]}, usrinf: {rl: 0}, pf: {pf: {phtghr: {tp: "phtghr", l: 20, pgs: 0}, jntr: {tp: "jntr", l: 20, pgs: 0}, vsgst: {tp: "vsgst", l: 20, pgs: 0}, grdnr: {tp: "grdnr", l: 20, pgs: 0}}}, mbm: {ac: null, sk: "blackMobileSkin"}, apprnc: {sh: 23, fft: 7, mt: 31, sc: 2, ec: 9, ht: 122, fat: 0, rc: 1, brt: 22, et: 37, fac: 1, g: 2, bt: 0, nct: 0, n: "Пиписька", ssc: 1, ss: 0, pt: 0, hc: 25, pc: 1, mc: 29, brc: 1, rg: 0, shc: 35, bc: 1}, uid: "215"}}]
Thu Jan 9 16:27:06 GMT+0200 2020 [INFO] Server said: 34: ["o.r.u", {x: 10.61, y: 8.86, d: 4, st: 23, uid: "130", at: ""}]
Thu Jan 9 16:26:06 GMT+0200 2020 [INFO] Client said: 34: [null, "o.gr", {gid: "sn1", lid: "salon"}]
Thu Jan 9 16:26:06 GMT+0200 2020 [INFO] Server said: 1: ["267", true, false, false]
Thu Jan 9 16:26:03 GMT+0200 2020 [INFO] Client said: 1: ["street", "267", "zxgtmTSFBuYJIBPzkwET", {clvrn: "84.0.4", v: 2}]
Thu Jan 9 16:26:01 GMT+0200 2020 [INFO] Client said: 2: []
Thu Jan 9 16:26:01 GMT+0200 2020 [INFO] Loaded  LoadingItem(url: http://62.113.113.58:8080/files/swf/Salon_1fe14ef0cdf189794ef74d591993d3f5.swf, status: 2) 
Thu Jan 9 16:26:01 GMT+0200 2020 [INFO] Client said: 17: ["house_267_livingroom"]
Thu Jan 9 16:25:54 GMT+0200 2020 [INFO] Server said: 34: ["ntf.res", {res: {enrg: 500, emd: 0, gld: 1218, slvr: 40000}}]
Thu Jan 9 16:25:54 GMT+0200 2020 [INFO] Server said: 34: ["ntf.inv", {inv: {c: {cls: {id: "cls", it: [{iid: "", c: 1, tid: "girlUnderdress2"}, {iid: "", c: 1, tid: "girlUnderdress1"}, {iid: "", c: 1, tid: "girlShirt12"}, {iid: "", c: 1, tid: "girlNY20VKGiftPllvDr"}]}, frn: {id: "frn", it: []}, act: {id: "act", it: []}, gm: {id: "gm", it: [{iid: "", c: 1, tid: "blackMobileSkin"}]}, lt: {id: "lt", it: []}}}}]
Thu Jan 9 16:25:54 GMT+0200 2020 [INFO] Server said: 34: ["ntf.ci", {ci: {bcld: 0, gdc: 0, skrt: 0, ysct: 0, crt: 520, vsexp: 1965298000, fak: null, rpt: 0, ys: 0, dr: true, sbrt: 0, eml: null, ceid: 0, actrp: 0, as: null, vip: true, spp: 0, vexp: 1965298000, tts: null, rtrtm: 0, shcr: true, vret: 0, actrd: 0, vfgc: 0, hrt: 174, shousd: false, crst: 0, pamns: {amn: []}, cmid: 0, trid: null, sbid: null, actrt: 0, lrnt: 0, lgt: 0, kyktid: null, plcmt: {}, vsact: true, skid: null, gtrfrd: 0, lwts: 0, exp: 85800, strfrd: 0, compid: 0, fexp: 0, trcd: 0, lvt: 1578579699}}]
Thu Jan 9 16:25:53 GMT+0200 2020 [INFO] Client said: 34: [null, "tr.sale", {cnt: 1, tpid: "pearlNecklace"}]
Thu Jan 9 16:25:52 GMT+0200 2020 [INFO] Server said: 34: ["ntf.res", {res: {enrg: 500, emd: 0, gld: 1218, slvr: 25000}}]
Thu Jan 9 16:25:51 GMT+0200 2020 [INFO] Server said: 34: ["ntf.inv", {inv: {c: {cls: {id: "cls", it: [{iid: "", c: 1, tid: "girlUnderdress2"}, {iid: "", c: 1, tid: "girlUnderdress1"}, {iid: "", c: 1, tid: "girlShirt12"}, {iid: "", c: 1, tid: "girlNY20VKGiftPllvDr"}]}, frn: {id: "frn", it: []}, act: {id: "act", it: []}, gm: {id: "gm", it: [{iid: "", c: 1, tid: "blackMobileSkin"}, {iid: "", c: 1, tid: "pearlNecklace"}]}, lt: {id: "lt", it: []}}}}]
Thu Jan 9 16:25:51 GMT+0200 2020 [INFO] Server said: 34: ["ntf.ci", {ci: {bcld: 0, gdc: 0, skrt: 0, ysct: 0, crt: 520, vsexp: 1965298000, fak: null, rpt: 0, ys: 0, dr: true, sbrt: 0, eml: null, ceid: 0, actrp: 0, as: null, vip: true, spp: 0, vexp: 1965298000, tts: null, rtrtm: 0, shcr: true, vret: 0, actrd: 0, vfgc: 0, hrt: 174, shousd: false, crst: 0, pamns: {amn: []}, cmid: 0, trid: null, sbid: null, actrt: 0, lrnt: 0, lgt: 0, kyktid: null, plcmt: {}, vsact: true, skid: null, gtrfrd: 0, lwts: 0, exp: 85800, strfrd: 0, compid: 0, fexp: 0, trcd: 0, lvt: 1578579699}}]
Thu Jan 9 16:25:47 GMT+0200 2020 [INFO] Client said: 34: [null, "tr.sale", {cnt: 1, tpid: "pearlNecklace"}]
Thu Jan 9 16:25:46 GMT+0200 2020 [INFO] Client said: 34: [null, "tr.sale", {cnt: 1, tpid: "pearlNecklace"}]