ClientError: Thu Jan 9 17:57:24 GMT+0300 2020 [CRITICAL] [park] *Uncaught Error* ErrorId: 1010 ErrorName: TypeError ErrorMessage:Error #1010 ErrorStackTrace:TypeError: Error #1010
	at _-1u9::URL/parse()
	at _-1u9::URL()
	at _-18R::LoadingItem()
	at _-18R::SWFLoadingItem()
	at _-0bS::MassLoader/add()
	at _-0bS::MassLoader/_-2R5()
	at flash.events::EventDispatcher/dispatchEvent()
	at _-18R::LoadingItem/_-1Iu()
	at _-18R::LoadingItem/onError()
	at _-18R::SWFLoadingItem/onError()
	at flash.events::EventDispatcher/dispatchEvent()
	at flash.net::URLLoader/onComplete()
Thu Jan 9 17:56:01 GMT+0300 2020 [INFO] Client said: 17: ["ballroom_br1_1"]
Thu Jan 9 17:55:58 GMT+0300 2020 [INFO] Client said: 34: ["ballroom_br1_1", "o.r.u", {x: 11.5, st: 0, d: 4, y: 6.5, uid: "414"}]
Thu Jan 9 17:55:58 GMT+0300 2020 [INFO] Server said: 34: ["lg.lst", {glst: []}]
Thu Jan 9 17:55:58 GMT+0300 2020 [INFO] Client said: 34: ["ballroom_br1_1", "lg.lst", {}]
Thu Jan 9 17:55:58 GMT+0300 2020 [INFO] Server said: 34: ["o.r.info", {rmmb: [{mbm: {ac: null, sk: "blackMobileSkin"}, ci: {crst: 0, vip: true, bcld: 0, lwts: 0, skrt: 0, actrt: 0, trid: null, kyktid: null, dr: true, compid: 0, gdc: 0, spp: 0, actrp: 0, lgt: 0, rpt: 0, tts: null, actrd: 0, sbrt: 0, eml: null, ys: 0, vexp: 1965298000, trcd: 0, vsexp: 1965298000, shousd: false, ysct: 0, as: null, vsact: true, fak: null, lvt: 1578581743, vret: 0, sbid: null, shcr: true, lrnt: 0, vfgc: 0, crt: 551, pamns: {amn: []}, gtrfrd: 0, fexp: 0, ceid: 0, plcmt: {}, strfrd: 0, skid: null, cmid: 0, exp: 85800, rtrtm: 0, hrt: 174}, apprnc: {ssc: 1, brc: 1, rc: 1, g: 1, fac: 1, pt: 0, sh: 0, mt: 19, rg: 0, sc: 3, bt: 21, nct: 0, ht: 91, ss: 0, shc: 1, hc: 1, ec: 1, mc: 1, bc: 1, pc: 1, n: "сосун.", et: 1, fat: 0, fft: 0, brt: 3}, pf: {pf: {phtghr: {pgs: 0, l: 20, tp: "phtghr"}, vsgst: {pgs: 0, l: 20, tp: "vsgst"}, jntr: {pgs: 0, l: 20, tp: "jntr"}, grdnr: {pgs: 0, l: 20, tp: "grdnr"}}}, clths: {clths: [{tpid: "boyHdbndCt", clid: null}, {tpid: "boyPslnPants5", clid: null}, {tpid: "boyJmpNY20Gld", clid: null}, {tpid: "boyBtsNY20Gld", clid: null}]}, usrinf: {rl: 0}, locinfo: {l: "ballroom_br1_1", x: -1, pl: "", at: "", s: "127.0.0.1", shlc: true, st: 0, d: 4, y: -1}, uid: "414"}], evn: null}]
Thu Jan 9 17:55:58 GMT+0300 2020 [INFO] Client said: 34: ["ballroom_br1_1", "o.r.info", {rid: "br1"}]
Thu Jan 9 17:55:58 GMT+0300 2020 [INFO] Server said: 34: ["o.gr", {rid: "ballroom_br1_1"}]
Thu Jan 9 17:55:58 GMT+0300 2020 [INFO] Server said: 16: ["ballroom_br1_1", "414"]
Thu Jan 9 17:55:58 GMT+0300 2020 [INFO] Server said: 34: ["o.r.jn", {plr: {mbm: {ac: null, sk: "blackMobileSkin"}, ci: {crst: 0, vip: true, bcld: 0, lwts: 0, skrt: 0, actrt: 0, trid: null, kyktid: null, dr: true, compid: 0, gdc: 0, spp: 0, actrp: 0, lgt: 0, rpt: 0, tts: null, actrd: 0, sbrt: 0, eml: null, ys: 0, vexp: 1965298000, trcd: 0, vsexp: 1965298000, shousd: false, ysct: 0, as: null, vsact: true, fak: null, lvt: 1578581743, vret: 0, sbid: null, shcr: true, lrnt: 0, vfgc: 0, crt: 551, pamns: {amn: []}, gtrfrd: 0, fexp: 0, ceid: 0, plcmt: {}, strfrd: 0, skid: null, cmid: 0, exp: 85800, rtrtm: 0, hrt: 174}, apprnc: {ssc: 1, brc: 1, rc: 1, g: 1, fac: 1, pt: 0, sh: 0, mt: 19, rg: 0, sc: 3, bt: 21, nct: 0, ht: 91, ss: 0, shc: 1, hc: 1, ec: 1, mc: 1, bc: 1, pc: 1, n: "сосун.", et: 1, fat: 0, fft: 0, brt: 3}, pf: {pf: {phtghr: {pgs: 0, l: 20, tp: "phtghr"}, vsgst: {pgs: 0, l: 20, tp: "vsgst"}, jntr: {pgs: 0, l: 20, tp: "jntr"}, grdnr: {pgs: 0, l: 20, tp: "grdnr"}}}, clths: {clths: [{tpid: "boyHdbndCt", clid: null}, {tpid: "boyPslnPants5", clid: null}, {tpid: "boyJmpNY20Gld", clid: null}, {tpid: "boyBtsNY20Gld", clid: null}]}, usrinf: {rl: 0}, locinfo: {l: "ballroom_br1_1", x: -1, pl: "", at: "", s: "127.0.0.1", shlc: true, st: 0, d: 4, y: -1}, uid: "414"}}]
Thu Jan 9 17:55:58 GMT+0300 2020 [INFO] Client said: 34: [null, "o.gr", {lid: "ballroom", gid: "br1"}]
Thu Jan 9 17:55:58 GMT+0300 2020 [INFO] Loaded  LoadingItem(url: http://62.113.113.58:8080/files/swf/Ballroom_7aab4bda726af70d4233c2e42a9fa9e6.swf, status: 2) 
Thu Jan 9 17:55:58 GMT+0300 2020 [INFO] Client said: 17: ["street_s1_1"]
Thu Jan 9 17:55:54 GMT+0300 2020 [INFO] Client said: 34: ["street_s1_1", "o.r.u", {x: 19.88, at: "", st: 23, d: 5, y: 15.31, uid: "414"}]
Thu Jan 9 17:55:52 GMT+0300 2020 [INFO] Client said: 34: ["street_s1_1", "o.r.m", {sx: 23.5, sy: 16.5, dx: 19.88, dy: 15.31, uid: "414"}]
Thu Jan 9 17:55:51 GMT+0300 2020 [INFO] Server said: 34: ["lg.lst", {glst: []}]
Thu Jan 9 17:55:51 GMT+0300 2020 [INFO] Client said: 34: ["street_s1_1", "o.r.u", {x: 23.5, st: 0, d: 4, y: 16.5, uid: "414"}]
Thu Jan 9 17:55:51 GMT+0300 2020 [INFO] Client said: 34: ["street_s1_1", "lg.lst", {}]
Thu Jan 9 17:55:50 GMT+0300 2020 [INFO] Server said: 34: ["o.r.info", {rmmb: [{mbm: {ac: null, sk: "blackMobileSkin"}, ci: {crst: 0, vip: true, bcld: 0, lwts: 0, skrt: 0, actrt: 0, trid: null, kyktid: null, dr: true, compid: 0, gdc: 0, spp: 0, actrp: 0, lgt: 0, rpt: 0, tts: null, actrd: 0, sbrt: 0, eml: null, ys: 0, vexp: 1965298000, trcd: 0, vsexp: 1965298000, shousd: false, ysct: 0, as: null, vsact: true, fak: null, lvt: 1578581743, vret: 0, sbid: null, shcr: true, lrnt: 0, vfgc: 0, crt: 551, pamns: {amn: []}, gtrfrd: 0, fexp: 0, ceid: 0, plcmt: {}, strfrd: 0, skid: null, cmid: 0, exp: 85800, rtrtm: 0, hrt: 174}, apprnc: {ssc: 1, brc: 1, rc: 1, g: 1, fac: 1, pt: 0, sh: 0, mt: 19, rg: 0, sc: 3, bt: 21, nct: 0, ht: 91, ss: 0, shc: 1, hc: 1, ec: 1, mc: 1, bc: 1, pc: 1, n: "сосун.", et: 1, fat: 0, fft: 0, brt: 3}, pf: {pf: {phtghr: {pgs: 0, l: 20, tp: "phtghr"}, vsgst: {pgs: 0, l: 20, tp: "vsgst"}, jntr: {pgs: 0, l: 20, tp: "jntr"}, grdnr: {pgs: 0, l: 20, tp: "grdnr"}}}, clths: {clths: [{tpid: "boyHdbndCt", clid: null}, {tpid: "boyPslnPants5", clid: null}, {tpid: "boyJmpNY20Gld", clid: null}, {tpid: "boyBtsNY20Gld", clid: null}]}, usrinf: {rl: 0}, locinfo: {l: "street_s1_1", x: -1, pl: "", at: "", s: "127.0.0.1", shlc: true, st: 0, d: 4, y: -1}, uid: "414"}], evn: null}]
Thu Jan 9 17:55:50 GMT+0300 2020 [INFO] Client said: 34: ["street_s1_1", "o.r.info", {rid: "s1"}]
Thu Jan 9 17:55:50 GMT+0300 2020 [INFO] Server said: 34: ["o.gr", {rid: "street_s1_1"}]
Thu Jan 9 17:55:50 GMT+0300 2020 [INFO] Server said: 16: ["street_s1_1", "414"]
Thu Jan 9 17:55:50 GMT+0300 2020 [INFO] Server said: 34: ["o.r.jn", {plr: {mbm: {ac: null, sk: "blackMobileSkin"}, ci: {crst: 0, vip: true, bcld: 0, lwts: 0, skrt: 0, actrt: 0, trid: null, kyktid: null, dr: true, compid: 0, gdc: 0, spp: 0, actrp: 0, lgt: 0, rpt: 0, tts: null, actrd: 0, sbrt: 0, eml: null, ys: 0, vexp: 1965298000, trcd: 0, vsexp: 1965298000, shousd: false, ysct: 0, as: null, vsact: true, fak: null, lvt: 1578581743, vret: 0, sbid: null, shcr: true, lrnt: 0, vfgc: 0, crt: 551, pamns: {amn: []}, gtrfrd: 0, fexp: 0, ceid: 0, plcmt: {}, strfrd: 0, skid: null, cmid: 0, exp: 85800, rtrtm: 0, hrt: 174}, apprnc: {ssc: 1, brc: 1, rc: 1, g: 1, fac: 1, pt: 0, sh: 0, mt: 19, rg: 0, sc: 3, bt: 21, nct: 0, ht: 91, ss: 0, shc: 1, hc: 1, ec: 1, mc: 1, bc: 1, pc: 1, n: "сосун.", et: 1, fat: 0, fft: 0, brt: 3}, pf: {pf: {phtghr: {pgs: 0, l: 20, tp: "phtghr"}, vsgst: {pgs: 0, l: 20, tp: "vsgst"}, jntr: {pgs: 0, l: 20, tp: "jntr"}, grdnr: {pgs: 0, l: 20, tp: "grdnr"}}}, clths: {clths: [{tpid: "boyHdbndCt", clid: null}, {tpid: "boyPslnPants5", clid: null}, {tpid: "boyJmpNY20Gld", clid: null}, {tpid: "boyBtsNY20Gld", clid: null}]}, usrinf: {rl: 0}, locinfo: {l: "street_s1_1", x: -1, pl: "", at: "", s: "127.0.0.1", shlc: true, st: 0, d: 4, y: -1}, uid: "414"}}]
Thu Jan 9 17:55:50 GMT+0300 2020 [INFO] Client said: 34: [null, "o.gr", {lid: "street", gid: "s1"}]
Thu Jan 9 17:55:50 GMT+0300 2020 [INFO] Loaded  LoadingItem(url: http://62.113.113.58:8080/files/swf/Street_feedda40b168ba0967b62816d1471957.swf, status: 2) 
Thu Jan 9 17:55:50 GMT+0300 2020 [INFO] Client said: 17: ["yard_y1_1"]
Thu Jan 9 17:55:46 GMT+0300 2020 [INFO] Client said: 34: ["yard_y1_1", "o.r.m", {sx: 33.5, sy: 14.5, dx: 23.91, dy: 16.53, uid: "414"}]
Thu Jan 9 17:55:45 GMT+0300 2020 [INFO] Server said: 34: ["lg.lst", {glst: []}]
Thu Jan 9 17:55:45 GMT+0300 2020 [INFO] Client said: 34: ["yard_y1_1", "o.r.u", {x: 33.5, st: 0, d: 4, y: 14.5, uid: "414"}]
Thu Jan 9 17:55:45 GMT+0300 2020 [INFO] Client said: 34: ["yard_y1_1", "lg.lst", {}]
Thu Jan 9 17:55:44 GMT+0300 2020 [INFO] Server said: 34: ["o.r.info", {rmmb: [{mbm: {ac: null, sk: "blackMobileSkin"}, ci: {crst: 0, vip: true, bcld: 0, lwts: 0, skrt: 0, actrt: 0, trid: null, kyktid: null, dr: true, compid: 0, gdc: 0, spp: 0, actrp: 0, lgt: 0, rpt: 0, tts: null, actrd: 0, sbrt: 0, eml: null, ys: 0, vexp: 1965298000, trcd: 0, vsexp: 1965298000, shousd: false, ysct: 0, as: null, vsact: true, fak: null, lvt: 1578581743, vret: 0, sbid: null, shcr: true, lrnt: 0, vfgc: 0, crt: 551, pamns: {amn: []}, gtrfrd: 0, fexp: 0, ceid: 0, plcmt: {}, strfrd: 0, skid: null, cmid: 0, exp: 85800, rtrtm: 0, hrt: 174}, apprnc: {ssc: 1, brc: 1, rc: 1, g: 1, fac: 1, pt: 0, sh: 0, mt: 19, rg: 0, sc: 3, bt: 21, nct: 0, ht: 91, ss: 0, shc: 1, hc: 1, ec: 1, mc: 1, bc: 1, pc: 1, n: "сосун.", et: 1, fat: 0, fft: 0, brt: 3}, pf: {pf: {phtghr: {pgs: 0, l: 20, tp: "phtghr"}, vsgst: {pgs: 0, l: 20, tp: "vsgst"}, jntr: {pgs: 0, l: 20, tp: "jntr"}, grdnr: {pgs: 0, l: 20, tp: "grdnr"}}}, clths: {clths: [{tpid: "boyHdbndCt", clid: null}, {tpid: "boyPslnPants5", clid: null}, {tpid: "boyJmpNY20Gld", clid: null}, {tpid: "boyBtsNY20Gld", clid: null}]}, usrinf: {rl: 0}, locinfo: {l: "yard_y1_1", x: -1, pl: "", at: "", s: "127.0.0.1", shlc: true, st: 0, d: 4, y: -1}, uid: "414"}], evn: null}]
Thu Jan 9 17:55:44 GMT+0300 2020 [INFO] Client said: 34: ["yard_y1_1", "o.r.info", {rid: "y1"}]
Thu Jan 9 17:55:44 GMT+0300 2020 [INFO] Server said: 34: ["o.gr", {rid: "yard_y1_1"}]
Thu Jan 9 17:55:44 GMT+0300 2020 [INFO] Server said: 16: ["yard_y1_1", "414"]
Thu Jan 9 17:55:44 GMT+0300 2020 [INFO] Server said: 34: ["o.r.jn", {plr: {mbm: {ac: null, sk: "blackMobileSkin"}, ci: {crst: 0, vip: true, bcld: 0, lwts: 0, skrt: 0, actrt: 0, trid: null, kyktid: null, dr: true, compid: 0, gdc: 0, spp: 0, actrp: 0, lgt: 0, rpt: 0, tts: null, actrd: 0, sbrt: 0, eml: null, ys: 0, vexp: 1965298000, trcd: 0, vsexp: 1965298000, shousd: false, ysct: 0, as: null, vsact: true, fak: null, lvt: 1578581743, vret: 0, sbid: null, shcr: true, lrnt: 0, vfgc: 0, crt: 551, pamns: {amn: []}, gtrfrd: 0, fexp: 0, ceid: 0, plcmt: {}, strfrd: 0, skid: null, cmid: 0, exp: 85800, rtrtm: 0, hrt: 174}, apprnc: {ssc: 1, brc: 1, rc: 1, g: 1, fac: 1, pt: 0, sh: 0, mt: 19, rg: 0, sc: 3, bt: 21, nct: 0, ht: 91, ss: 0, shc: 1, hc: 1, ec: 1, mc: 1, bc: 1, pc: 1, n: "сосун.", et: 1, fat: 0, fft: 0, brt: 3}, pf: {pf: {phtghr: {pgs: 0, l: 20, tp: "phtghr"}, vsgst: {pgs: 0, l: 20, tp: "vsgst"}, jntr: {pgs: 0, l: 20, tp: "jntr"}, grdnr: {pgs: 0, l: 20, tp: "grdnr"}}}, clths: {clths: [{tpid: "boyHdbndCt", clid: null}, {tpid: "boyPslnPants5", clid: null}, {tpid: "boyJmpNY20Gld", clid: null}, {tpid: "boyBtsNY20Gld", clid: null}]}, usrinf: {rl: 0}, locinfo: {l: "yard_y1_1", x: -1, pl: "", at: "", s: "127.0.0.1", shlc: true, st: 0, d: 4, y: -1}, uid: "414"}}]
Thu Jan 9 17:55:44 GMT+0300 2020 [INFO] Client said: 34: [null, "o.gr", {lid: "yard", gid: "y1"}]
Thu Jan 9 17:55:44 GMT+0300 2020 [INFO] Server said: 1: ["414", true, false, false]
Thu Jan 9 17:55:44 GMT+0300 2020 [INFO] Client said: 1: ["street", "414", "GooWtBABLuvJghaqJmDu", {clvrn: "84.0.4", v: 2}]
Thu Jan 9 17:55:42 GMT+0300 2020 [INFO] Client said: 2: []