ClientError: Thu Jan 9 17:50:57 GMT+0300 2020 [CRITICAL] [yard] *Uncaught Error* ErrorId: 1009 ErrorName: TypeError ErrorMessage:Error #1009 ErrorStackTrace:TypeError: Error #1009
	at _-0R4::RelationsListDialog/_-16C()
	at _-0R4::RelationsListDialog/update()
	at _-0R4::RelationsListDialog/_-3PS()
	at _-1El::PlayersManager/_-TY()
	at flash.events::EventDispatcher/dispatchEvent()
	at _-37q::_-G5/_-2WM()
	at flash.events::EventDispatcher/dispatchEvent()
	at ags::_-2t/_-2dI()
	at flash.events::EventDispatcher/dispatchEvent()
	at _-0en::_-0O8/_-1LF()
	at _-0en::_-0O8/execute()
	at ags::AGSClient/_-0i9()
	at ags::AGSClient/_-2ZF()
	at ags::AGSClient/_-2Ea()
Thu Jan 9 17:50:57 GMT+0300 2020 [INFO] Server said: 34: ["pl.gos", {clid: "online", onl: {}}]
Thu Jan 9 17:50:56 GMT+0300 2020 [INFO] Server said: 34: ["psp.psp", {psp: {rel: {}, uid: "144", ach: {tr: {autumnEvent2019: {trid: "autumnEvent2019", trrt: 0, trcd: 0}, freelanceExchange: {trid: "freelanceExchange", trrt: 0, trcd: 0}, halloween2018: {trid: "halloween2018", trrt: 0, trcd: 0}, newYear2017: {trid: "newYear2017", trrt: 0, trcd: 0}, springDay2018: {trid: "springDay2018", trrt: 0, trcd: 0}, springDay2017: {trid: "springDay2017", trrt: 0, trcd: 0}, freelanceMicrophone: {trid: "freelanceMicrophone", trrt: 0, trcd: 0}, familyDay2016: {trid: "familyDay2016", trrt: 0, trcd: 0}, firstApril16Place5: {trid: "firstApril16Place5", trrt: 0, trcd: 0}, weddingDay: {trid: "weddingDay", trrt: 0, trcd: 0}, firstApril16Place3: {trid: "firstApril16Place3", trrt: 0, trcd: 0}, freelanceVideo: {trid: "freelanceVideo", trrt: 0, trcd: 0}, newYear2019: {trid: "newYear2019", trrt: 0, trcd: 0}, firstApril16Place1: {trid: "firstApril16Place1", trrt: 0, trcd: 0}, freelanceSupport: {trid: "freelanceSupport", trrt: 0, trcd: 0}, snowboardPlace2: {trid: "snowboardPlace2", trrt: 0, trcd: 0}, activityPlace2: {trid: "activityPlace2", trrt: 0, trcd: 0}, halloween2016: {trid: "halloween2016", trrt: 0, trcd: 0}, newYear2018: {trid: "newYear2018", trrt: 0, trcd: 0}, newYear2020hero: {trid: "newYear2020hero", trrt: 0, trcd: 0}, yearAvatar: {trid: "yearAvatar", trrt: 0, trcd: 0}, freelanceJournal: {trid: "freelanceJournal", trrt: 0, trcd: 0}, firstApril2019: {trid: "firstApril2019", trrt: 0, trcd: 0}, freelanceCup: {trid: "freelanceCup", trrt: 0, trcd: 0}, firstApril2018: {trid: "firstApril2018", trrt: 0, trcd: 0}, freelanceModerator: {trid: "freelanceModerator", trrt: 0, trcd: 0}, stVal2018: {trid: "stVal2018", trrt: 0, trcd: 0}, mittens2020: {trid: "mittens2020", trrt: 0, trcd: 0}, freelanceTwitterInstagram: {trid: "freelanceTwitterInstagram", trrt: 0, trcd: 0}, avatarBirthday: {trid: "avatarBirthday", trrt: 0, trcd: 0}, firstApril16Place4: {trid: "firstApril16Place4", trrt: 0, trcd: 0}, dzo2019: {trid: "dzo2019", trrt: 0, trcd: 0}, firstApril16Place2: {trid: "firstApril16Place2", trrt: 0, trcd: 0}, halloween2017: {trid: "halloween2017", trrt: 0, trcd: 0}, snowboardPlace3: {trid: "snowboardPlace3", trrt: 0, trcd: 0}, activityPlace3: {trid: "activityPlace3", trrt: 0, trcd: 0}, snowboardPlace1: {trid: "snowboardPlace1", trrt: 0, trcd: 0}, activityPlace1: {trid: "activityPlace1", trrt: 0, trcd: 0}, avaBirthdayTrophy2016: {trid: "avaBirthdayTrophy2016", trrt: 0, trcd: 0}}, ac: {crafter: {p: 0, aId: "crafter", nWct: 0, l: 3}, goodFriend: {p: 0, aId: "goodFriend", nWct: 0, l: 3}, subscription: {p: 0, aId: "subscription", nWct: 0, l: 3}, workaholic: {p: 0, aId: "workaholic", nWct: 0, l: 3}, beachRaceChamp: {p: 0, aId: "beachRaceChamp", nWct: 0, l: 3}, activityWinner: {p: 0, aId: "activityWinner", nWct: 0, l: 3}, pilowChamp: {p: 0, aId: "pilowChamp", nWct: 0, l: 3}, carRaceChamp: {p: 0, aId: "carRaceChamp", nWct: 0, l: 3}, generous: {p: 0, aId: "generous", nWct: 0, l: 3}, snowboarder: {p: 0, aId: "snowboarder", nWct: 0, l: 3}, vip: {p: 0, aId: "vip", nWct: 0, l: 3}, shopaholic: {p: 0, aId: "shopaholic", nWct: 0, l: 3}, meerkatBear: {p: 0, aId: "meerkatBear", nWct: 0, l: 3}, magnate: {p: 0, aId: "magnate", nWct: 0, l: 3}}}}}]
Thu Jan 9 17:50:54 GMT+0300 2020 [INFO] Server said: 34: ["lg.lst", {glst: []}]
Thu Jan 9 17:50:04 GMT+0300 2020 [INFO] Client said: 34: [null, "o.gr", {lid: "yard", gid: "y1"}]
Thu Jan 9 17:50:04 GMT+0300 2020 [INFO] Client said: 17: ["street_s1_1"]
Thu Jan 9 17:49:52 GMT+0300 2020 [INFO] Client said: 34: [null, "pl.gos", {uids: [], clid: "online"}]
Thu Jan 9 17:49:43 GMT+0300 2020 [INFO] Client said: 34: [null, "psp.psp", {uid: "144"}]
Thu Jan 9 17:49:37 GMT+0300 2020 [INFO] Client said: 34: ["street_s1_1", "o.r.u", {x: 23.5, st: 0, uid: "414", d: 4, y: 16.5}]
Thu Jan 9 17:49:37 GMT+0300 2020 [INFO] Client said: 34: ["street_s1_1", "lg.lst", {}]
Thu Jan 9 17:49:37 GMT+0300 2020 [INFO] Server said: 34: ["o.r.info", {rmmb: [{uid: "144", mbm: {sk: "blackMobileSkin", ac: null}, usrinf: {rl: 0}, pf: {pf: {grdnr: {pgs: 0, l: 20, tp: "grdnr"}, vsgst: {pgs: 0, l: 20, tp: "vsgst"}, jntr: {pgs: 0, l: 20, tp: "jntr"}, phtghr: {pgs: 0, l: 20, tp: "phtghr"}}}, locinfo: {l: "street_s1_1", at: "", x: 14.53, pl: "", y: 18.47, s: "127.0.0.1", st: 23, d: 4, shlc: true}, apprnc: {fat: 0, shc: 1, g: 2, ss: 0, hc: 5, pt: 0, rc: 1, pc: 1, ec: 3, rg: 0, sc: 1, mt: 2, brc: 5, et: 6, ssc: 1, n: "ЌąŤя", ht: 130, bt: 0, nct: 0, mc: 1, fac: 1, brt: 29, sh: 0, fft: 0, bc: 1}, clths: {clths: [{tpid: "girlPntsNY20Nght", clid: null}, {tpid: "girlShoes14", clid: null}, {tpid: "girlJcktNY20Emr", clid: null}, {tpid: "girlNY20VKGiftPllvCnd", clid: null}]}, ci: {trcd: 0, pamns: {amn: []}, vret: 0, strfrd: 0, sbid: null, crst: 0, vfgc: 0, rtrtm: 0, fexp: 0, ceid: 0, kyktid: null, skid: null, cmid: 0, actrt: 0, lwts: 0, hrt: 224, dr: true, compid: 0, bcld: 0, ys: 0, actrp: 0, skrt: 0, rpt: 0, trid: "familyDay2016", tts: null, actrd: 0, spp: 0, gdc: 0, eml: null, shousd: false, lgt: 0, lrnt: 0, sbrt: 0, ysct: 0, as: null, crt: 1090, vexp: 1965298000, exp: 85800, lvt: 1578580037, vsexp: 1965298000, shcr: true, vip: true, plcmt: {}, fak: null, vsact: true, gtrfrd: 0}}, {uid: "414", mbm: {sk: "blackMobileSkin", ac: null}, usrinf: {rl: 0}, pf: {pf: {grdnr: {pgs: 0, l: 20, tp: "grdnr"}, vsgst: {pgs: 0, l: 20, tp: "vsgst"}, jntr: {pgs: 0, l: 20, tp: "jntr"}, phtghr: {pgs: 0, l: 20, tp: "phtghr"}}}, locinfo: {l: "street_s1_1", at: "", x: -1, pl: "", y: -1, s: "127.0.0.1", st: 0, d: 4, shlc: true}, apprnc: {fat: 0, shc: 1, g: 1, ss: 0, hc: 1, pt: 0, rc: 1, pc: 1, ec: 1, rg: 0, sc: 3, mt: 19, brc: 1, et: 1, ssc: 1, n: "сосун.", ht: 91, bt: 21, nct: 0, mc: 1, fac: 1, brt: 3, sh: 0, fft: 0, bc: 1}, clths: {clths: [{tpid: "boyHdbndCt", clid: null}, {tpid: "boyPslnPants5", clid: null}, {tpid: "boyJmpNY20Gld", clid: null}, {tpid: "boyBtsNY20Gld", clid: null}]}, ci: {trcd: 0, pamns: {amn: []}, vret: 0, strfrd: 0, sbid: null, crst: 0, vfgc: 0, rtrtm: 0, fexp: 0, ceid: 0, kyktid: null, skid: null, cmid: 0, actrt: 0, lwts: 0, hrt: 174, dr: true, compid: 0, bcld: 0, ys: 0, actrp: 0, skrt: 0, rpt: 0, trid: null, tts: null, actrd: 0, spp: 0, gdc: 0, eml: null, shousd: false, lgt: 0, lrnt: 0, sbrt: 0, ysct: 0, as: null, crt: 551, vexp: 1965298000, exp: 85800, lvt: 1578581253, vsexp: 1965298000, shcr: true, vip: true, plcmt: {}, fak: null, vsact: true, gtrfrd: 0}}], evn: null}]