ClientError: Thu Jan 9 17:30:08 GMT+0300 2020 [CRITICAL] [house] *Uncaught Error* ErrorId: 1009 ErrorName: TypeError ErrorMessage:Error #1009 ErrorStackTrace:TypeError: Error #1009
	at _-3t9::UserRatingBaseTopPanel/_-wZ()
	at _-3t9::UserRatingBaseTopPanel/update()
	at _-3t9::UserRatingBaseTopPanel/set dataProvider()
	at _-4Jz::_-2U7/_-20p()
	at MethodInfo-8()
	at _-1El::PlayersManager/_-3Q-()
	at flash.events::EventDispatcher/dispatchEvent()
	at _-37q::_-G5/_-1Ef()
	at flash.events::EventDispatcher/dispatchEvent()
	at ags::_-2t/_-2dI()
	at flash.events::EventDispatcher/dispatchEvent()
	at _-0en::_-0O8/_-1LF()
	at _-0en::_-0O8/execute()
	at ags::AGSClient/_-0i9()
	at ags::AGSClient/_-2ZF()
	at ags::AGSClient/_-2Ea()
Thu Jan 9 17:30:08 GMT+0300 2020 [INFO] Server said: 34: ["pl.get", {clid: "userTop", plrs: [{clths: {clths: [{clid: null, tpid: "grlGlsPrfClr"}, {clid: null, tpid: "girlBtsAlice"}, {clid: null, tpid: "girlJcktNY20Emr"}, {clid: null, tpid: "gPslnTop1"}, {clid: null, tpid: "girlNY1"}, {clid: null, tpid: "grlAprChrStc"}, {clid: null, tpid: "girlSktDmn"}]}, ci: {lrnt: 0, hrt: 600374, exp: 85800, lwts: 0, vsact: true, actrd: 0, vret: 0, shousd: false, shcr: true, vfgc: 0, dr: true, strfrd: 0, sbid: null, gtrfrd: 0, spp: 0, ceid: 0, skid: null, gdc: 0, rtrtm: 0, as: null, ys: 0, lgt: 0, kyktid: null, plcmt: {}, pamns: {amn: []}, eml: null, sbrt: 0, lvt: 1578579626, tts: null, rpt: 0, actrt: 0, trcd: 0, skrt: 0, vexp: 1965298000, compid: 0, crst: 0, crt: 71509, fexp: 0, ysct: 0, bcld: 0, vsexp: 1965298000, actrp: 0, vip: true, trid: null, fak: null, cmid: 0}, apprnc: {et: 34, brt: 9, brc: 6, pt: 0, g: 2, rc: 1, ht: 83, fat: 0, fac: 1, mt: 7, mc: 31, rg: 0, bt: 0, ec: 6, pc: 1, ssc: 1, fft: 9, hc: 7, n: "овца", ss: 0, sh: 25, sc: 1, nct: 0, shc: 1, bc: 1}, mbm: {sk: "blackMobileSkin", ac: null}, usrinf: {rl: 0}, pf: {pf: {phtghr: {tp: "phtghr", pgs: 0, l: 20}, vsgst: {tp: "vsgst", pgs: 0, l: 20}, grdnr: {tp: "grdnr", pgs: 0, l: 20}, jntr: {tp: "jntr", pgs: 0, l: 20}}}, uid: "39"}, {clths: {clths: [{clid: null, tpid: "girlErrWnt19Pnk"}, {clid: "18", tpid: "girlJcktNYElgnc"}, {clid: null, tpid: "gFRY14Rim2"}, {clid: "18", tpid: "girlBtsRbbt"}, {clid: "18", tpid: "girlTShrtNYElgnc"}, {clid: "18", tpid: "girlPntsNYElgnc"}]}, ci: {lrnt: 0, hrt: 413116, exp: 85800, lwts: 0, vsact: true, actrd: 0, vret: 0, shousd: false, shcr: true, vfgc: 0, dr: true, strfrd: 0, sbid: null, gtrfrd: 0, spp: 0, ceid: 0, skid: null, gdc: 0, rtrtm: 0, as: null, ys: 0, lgt: 0, kyktid: null, plcmt: {}, pamns: {amn: []}, eml: null, sbrt: 0, lvt: 1578578349, tts: null, rpt: 0, actrt: 0, trcd: 0, skrt: 0, vexp: 1965298000, compid: 0, crst: 0, crt: 20930, fexp: 0, ysct: 0, bcld: 0, vsexp: 1965298000, actrp: 0, vip: true, trid: null, fak: null, cmid: 0}, apprnc: {et: 37, brt: 23, brc: 7, pt: 0, g: 2, rc: 1, ht: 123, fat: 0, fac: 1, mt: 31, mc: 15, rg: 0, bt: 0, ec: 23, pc: 1, ssc: 1, fft: 7, hc: 1, n: "мастурбация", ss: 0, sh: 20, sc: 1, nct: 0, shc: 13, bc: 1}, mbm: {sk: "blackMobileSkin", ac: null}, usrinf: {rl: 0}, pf: {pf: {phtghr: {tp: "phtghr", pgs: 0, l: 20}, vsgst: {tp: "vsgst", pgs: 0, l: 20}, grdnr: {tp: "grdnr", pgs: 0, l: 20}, jntr: {tp: "jntr", pgs: 0, l: 20}}}, uid: "14"}, {clths: {clths: [{clid: null, tpid: "girlNcklFrog"}, {clid: null, tpid: "grlAprChrMst"}, {clid: null, tpid: "grlIvyHlm"}, {clid: null, tpid: "girlTShrtFrog"}, {clid: null, tpid: "grlAprChrShs"}, {clid: null, tpid: "grlAprChrOvr"}, {clid: null, tpid: "girlPntsFrog"}, {clid: null, tpid: "grlAprChrHat"}, {clid: null, tpid: "grlAprChrStc"}]}, ci: {lrnt: 0, hrt: 251420, exp: 85800, lwts: 0, vsact: true, actrd: 0, vret: 0, shousd: false, shcr: true, vfgc: 0, dr: true, strfrd: 0, sbid: null, gtrfrd: 0, spp: 0, ceid: 0, skid: null, gdc: 0, rtrtm: 0, as: null, ys: 0, lgt: 0, kyktid: null, plcmt: {}, pamns: {amn: []}, eml: null, sbrt: 0, lvt: 1578578815, tts: null, rpt: 0, actrt: 0, trcd: 0, skrt: 0, vexp: 1965298000, compid: 0, crst: 0, crt: 6295, fexp: 0, ysct: 0, bcld: 0, vsexp: 1965298000, actrp: 0, vip: true, trid: "freelanceSupport", fak: null, cmid: 0}, apprnc: {et: 2, brt: 4, brc: 5, pt: 0, g: 2, rc: 1, ht: 125, fat: 0, fac: 1, mt: 5, mc: 2, rg: 0, bt: 0, ec: 5, pc: 1, ssc: 1, fft: 0, hc: 3, n: "я тупая", ss: 0, sh: 0, sc: 4, nct: 0, shc: 1, bc: 1}, mbm: {sk: "blackMobileSkin", ac: null}, usrinf: {rl: 0}, pf: {pf: {phtghr: {tp: "phtghr", pgs: 0, l: 20}, vsgst: {tp: "vsgst", pgs: 0, l: 20}, grdnr: {tp: "grdnr", pgs: 0, l: 20}, jntr: {tp: "jntr", pgs: 0, l: 20}}}, uid: "70"}, {clths: {clths: [{clid: null, tpid: "girlNcklFrog"}, {clid: null, tpid: "girlTShrtFrog"}, {clid: null, tpid: "girlBtsFrog"}, {clid: null, tpid: "girlPntsFrog"}]}, ci: {lrnt: 0, hrt: 240220, exp: 85800, lwts: 0, vsact: true, actrd: 0, vret: 0, shousd: false, shcr: true, vfgc: 0, dr: true, strfrd: 0, sbid: null, gtrfrd: 0, spp: 0, ceid: 0, skid: null, gdc: 0, rtrtm: 0, as: null, ys: 0, lgt: 0, kyktid: null, plcmt: {}, pamns: {amn: []}, eml: null, sbrt: 0, lvt: 1578579733, tts: null, rpt: 0, actrt: 0, trcd: 0, skrt: 0, vexp: 1965298000, compid: 0, crst: 0, crt: 610, fexp: 0, ysct: 0, bcld: 0, vsexp: 1965298000, actrp: 0, vip: true, trid: null, fak: null, cmid: 0}, apprnc: {et: 19, brt: 13, brc: 1, pt: 0, g: 2, rc: 1, ht: 18, fat: 0, fac: 1, mt: 14, mc: 5, rg: 0, bt: 0, ec: 6, pc: 1, ssc: 1, fft: 0, hc: 7, n: "фууууу,стрём", ss: 0, sh: 22, sc: 1, nct: 0, shc: 1, bc: 1}, mbm: {sk: "blackMobileSkin", ac: null}, usrinf: {rl: 0}, pf: {pf: {phtghr: {tp: "phtghr", pgs: 0, l: 20}, vsgst: {tp: "vsgst", pgs: 0, l: 20}, grdnr: {tp: "grdnr", pgs: 0, l: 20}, jntr: {tp: "jntr", pgs: 0, l: 20}}}, uid: "71"}, {clths: {clths: [{clid: null, tpid: "grlSP14Drs"}, {clid: null, tpid: "gSP14Gun"}, {clid: null, tpid: "grlIvyOvr"}, {clid: null, tpid: "gSMR14Jckt1"}, {clid: null, tpid: "grlSP14Stc"}, {clid: null, tpid: "grlIvyHlm"}, {clid: null, tpid: "grlSP14Bot"}, {clid: null, tpid: "gSMR14Ear2"}, {clid: null, tpid: "gFRY14Pdt1"}, {clid: null, tpid: "grlSP14Glv"}, {clid: null, tpid: "grlSP14Hat"}, {clid: null, tpid: "grlPrtBrcl"}, {clid: null, tpid: "gSMR14Nckl2"}]}, ci: {lrnt: 0, hrt: 121044, exp: 85800, lwts: 0, vsact: true, actrd: 0, vret: 0, shousd: false, shcr: true, vfgc: 0, dr: true, strfrd: 0, sbid: null, gtrfrd: 0, spp: 0, ceid: 0, skid: null, gdc: 0, rtrtm: 0, as: null, ys: 0, lgt: 0, kyktid: null, plcmt: {}, pamns: {amn: []}, eml: null, sbrt: 0, lvt: 1578578779, tts: null, rpt: 0, actrt: 0, trcd: 0, skrt: 0, vexp: 1965298000, compid: 0, crst: 0, crt: 18893, fexp: 0, ysct: 0, bcld: 0, vsexp: 1965298000, actrp: 0, vip: true, trid: "freelanceModerator", fak: null, cmid: 0}, apprnc: {et: 17, brt: 29, brc: 3, pt: 0, g: 2, rc: 1, ht: 132, fat: 0, fac: 1, mt: 14, mc: 29, rg: 0, bt: 0, ec: 5, pc: 1, ssc: 1, fft: 7, hc: 5, n: "Goner 88", ss: 0, sh: 0, sc: 4, nct: 0, shc: 1, bc: 1}, mbm: {sk: "blackMobileSkin", ac: null}, usrinf: {rl: 0}, pf: {pf: {phtghr: {tp: "phtghr", pgs: 0, l: 20}, vsgst: {tp: "vsgst", pgs: 0, l: 20}, grdnr: {tp: "grdnr", pgs: 0, l: 20}, jntr: {tp: "jntr", pgs: 0, l: 20}}}, uid: "64"}, {clths: {clths: [{clid: null, tpid: "boyTrvlGls"}, {clid: null, tpid: "bNY16FCt"}, {clid: null, tpid: "boyShirt14"}, {clid: null, tpid: "boyNY15Hat"}, {clid: null, tpid: "boySMR14Sh3"}, {clid: null, tpid: "bSP14Gun"}, {clid: null, tpid: "boySMR14Pants2"}]}, ci: {lrnt: 0, hrt: 91173, exp: 85800, lwts: 0, vsact: true, actrd: 0, vret: 0, shousd: false, shcr: true, vfgc: 0, dr: true, strfrd: 0, sbid: null, gtrfrd: 0, spp: 0, ceid: 0, skid: null, gdc: 0, rtrtm: 0, as: null, ys: 0, lgt: 0, kyktid: null, plcmt: {}, pamns: {amn: []}, eml: null, sbrt: 0, lvt: 1578579778, tts: null, rpt: 0, actrt: 0, trcd: 0, skrt: 0, vexp: 1965298000, compid: 0, crst: 0, crt: 1304, fexp: 0, ysct: 0, bcld: 0, vsexp: 1965298000, actrp: 0, vip: true, trid: "freelanceModerator", fak: null, cmid: 0}, apprnc: {et: 7, brt: 6, brc: 2, pt: 0, g: 1, rc: 1, ht: 23, fat: 0, fac: 1, mt: 1, mc: 2, rg: 0, bt: 0, ec: 2, pc: 1, ssc: 1, fft: 0, hc: 12, n: "Лунтик", ss: 0, sh: 0, sc: 1, nct: 0, shc: 1, bc: 1}, mbm: {sk: "blackMobileSkin", ac: null}, usrinf: {rl: 0}, pf: {pf: {phtghr: {tp: "phtghr", pgs: 0, l: 20}, vsgst: {tp: "vsgst", pgs: 0, l: 20}, grdnr: {tp: "grdnr", pgs: 0, l: 20}, jntr: {tp: "jntr", pgs: 0, l: 20}}}, uid: "97"}, {clths: {clths: [{clid: null, tpid: "girlBtsEstr19"}, {clid: null, tpid: "girlDrsHlwnCll"}]}, ci: {lrnt: 0, hrt: 65707, exp: 85800, lwts: 0, vsact: true, actrd: 0, vret: 0, shousd: false, shcr: true, vfgc: 0, dr: true, strfrd: 0, sbid: null, gtrfrd: 0, spp: 0, ceid: 0, skid: null, gdc: 0, rtrtm: 0, as: null, ys: 0, lgt: 0, kyktid: null, plcmt: {}, pamns: {amn: []}, eml: null, sbrt: 0, lvt: 1578579763, tts: null, rpt: 0, actrt: 0, trcd: 0, skrt: 0, vexp: 1965298000, compid: 0, crst: 0, crt: 9252, fexp: 0, ysct: 0, bcld: 0, vsexp: 1965298000, actrp: 0, vip: true, trid: "freelanceVideo", fak: null, cmid: 0}, apprnc: {et: 36, brt: 29, brc: 1, pt: 0, g: 2, rc: 1, ht: 125, fat: 0, fac: 1, mt: 7, mc: 2, rg: 0, bt: 0, ec: 2, pc: 1, ssc: 1, fft: 0, hc: 7, n: "СЕМИЦВЕТИК", ss: 0, sh: 0, sc: 1, nct: 0, shc: 1, bc: 1}, mbm: {sk: "blackMobileSkin", ac: null}, usrinf: {rl: 0}, pf: {pf: {phtghr: {tp: "phtghr", pgs: 0, l: 20}, vsgst: {tp: "vsgst", pgs: 0, l: 20}, grdnr: {tp: "grdnr", pgs: 0, l: 20}, jntr: {tp: "jntr", pgs: 0, l: 20}}}, uid: "80"}, {clths: {clths: [{clid: null, tpid: "boyBgGlss"}, {clid: null, tpid: "boyBgPlv"}, {clid: null, tpid: "boyBgBag"}, {clid: null, tpid: "boyErrFrog"}, {clid: null, tpid: "boyBgBts"}, {clid: null, tpid: "boyBgPnts"}]}, ci: {lrnt: 0, hrt: 40174, exp: 85800, lwts: 0, vsact: true, actrd: 0, vret: 0, shousd: false, shcr: true, vfgc: 0, dr: true, strfrd: 0, sbid: null, gtrfrd: 0, spp: 0, ceid: 0, skid: null, gdc: 0, rtrtm: 0, as: null, ys: 0, lgt: 0, kyktid: null, plcmt: {}, pamns: {amn: []}, eml: null, sbrt: 0, lvt: 1578579325, tts: null, rpt: 0, actrt: 0, trcd: 0, skrt: 0, vexp: 1965298000, compid: 0, crst: 0, crt: 1066, fexp: 0, ysct: 0, bcld: 0, vsexp: 1965298000, actrp: 0, vip: true, trid: "freelanceSupport", fak: null, cmid: 0}, apprnc: {et: 5, brt: 6, brc: 2, pt: 0, g: 1, rc: 1, ht: 85, fat: 0, fac: 1, mt: 20, mc: 2, rg: 0, bt: 0, ec: 3, pc: 1, ssc: 1, fft: 0, hc: 7, n: "ЧИТЕР 1 ЫЕ", ss: 0, sh: 0, sc: 1, nct: 0, shc: 1, bc: 1}, mbm: {sk: "blackMobileSkin", ac: null}, usrinf: {rl: 0}, pf: {pf: {phtghr: {tp: "phtghr", pgs: 0, l: 20}, vsgst: {tp: "vsgst", pgs: 0, l: 20}, grdnr: {tp: "grdnr", pgs: 0, l: 20}, jntr: {tp: "jntr", pgs: 0, l: 20}}}, uid: "18"}, {clths: {clths: [{clid: null, tpid: "gShsPsln9"}, {clid: null, tpid: "girlPslnEar2"}, {clid: null, tpid: "girlAcsNY20Gld"}, {clid: null, tpid: "girlDrssSV19"}]}, ci: {lrnt: 0, hrt: 32583, exp: 85800, lwts: 0, vsact: true, actrd: 0, vret: 0, shousd: false, shcr:...
Thu Jan 9 17:29:56 GMT+0300 2020 [INFO] Client said: 34: [null, "pl.gid", {clid: "userTop", uids: ["39", "14", "70", "71", "64", "97", "80", "18", "55", "22"]}]
Thu Jan 9 17:29:53 GMT+0300 2020 [INFO] Server said: 34: ["b.ingld", {ingld: 9999}]
Thu Jan 9 17:29:53 GMT+0300 2020 [INFO] Server said: 34: ["ntf.res", {res: {enrg: 500, slvr: 10000, emd: 0, gld: 105910}}]
Thu Jan 9 17:29:52 GMT+0300 2020 [INFO] Server said: 34: ["b.ingld", {ingld: 9999}]
Thu Jan 9 17:29:52 GMT+0300 2020 [INFO] [YandexMetrics.reachGoal] Call reach goal 'click_buy_product' for counter 31321471
Thu Jan 9 17:29:52 GMT+0300 2020 [INFO] Client said: 34: [null, "b.chkprchs", {pmnt: {srv: 3, ct1: null, ctx: {dialogSource: "furnitureShopDialog"}, ct3: null, tpid: "carJntr", ct2: null}, prid: "pack9999", qnt: 1}]
Thu Jan 9 17:29:51 GMT+0300 2020 [INFO] Server said: 34: ["ntf.res", {res: {enrg: 500, slvr: 10000, emd: 0, gld: 95911}}]
Thu Jan 9 17:29:51 GMT+0300 2020 [INFO] [YandexMetrics.reachGoal] Call reach goal 'show_payment_dialog' for counter 31321471
Thu Jan 9 17:29:50 GMT+0300 2020 [INFO] [YandexMetrics.reachGoal] Call reach goal 'click_buy_product' for counter 31321471
Thu Jan 9 17:29:50 GMT+0300 2020 [INFO] Client said: 34: [null, "b.chkprchs", {pmnt: {srv: 3, ct1: null, ctx: {dialogSource: "furnitureShopDialog"}, ct3: null, tpid: "carJntr", ct2: null}, prid: "pack9999", qnt: 1}]
Thu Jan 9 17:29:49 GMT+0300 2020 [INFO] Server said: 34: ["b.ingld", {ingld: 9999}]
Thu Jan 9 17:29:48 GMT+0300 2020 [INFO] Server said: 34: ["ntf.res", {res: {enrg: 500, slvr: 10000, emd: 0, gld: 85912}}]
Thu Jan 9 17:29:48 GMT+0300 2020 [INFO] [YandexMetrics.reachGoal] Call reach goal 'show_payment_dialog' for counter 31321471
Thu Jan 9 17:29:47 GMT+0300 2020 [INFO] [YandexMetrics.reachGoal] Call reach goal 'click_buy_product' for counter 31321471
Thu Jan 9 17:29:47 GMT+0300 2020 [INFO] Client said: 34: [null, "b.chkprchs", {pmnt: {srv: 3, ct1: null, ctx: {dialogSource: "furnitureShopDialog"}, ct3: null, tpid: "carJntr", ct2: null}, prid: "pack9999", qnt: 1}]
Thu Jan 9 17:29:46 GMT+0300 2020 [INFO] Server said: 34: ["b.ingld", {ingld: 9999}]
Thu Jan 9 17:29:46 GMT+0300 2020 [INFO] Server said: 34: ["ntf.res", {res: {enrg: 500, slvr: 10000, emd: 0, gld: 75913}}]
Thu Jan 9 17:29:45 GMT+0300 2020 [INFO] [YandexMetrics.reachGoal] Call reach goal 'show_payment_dialog' for counter 31321471
Thu Jan 9 17:29:43 GMT+0300 2020 [INFO] [YandexMetrics.reachGoal] Call reach goal 'click_buy_product' for counter 31321471
Thu Jan 9 17:29:43 GMT+0300 2020 [INFO] Client said: 34: [null, "b.chkprchs", {pmnt: {srv: 3, ct1: null, ctx: {dialogSource: "furnitureShopDialog"}, ct3: null, tpid: "carJntr", ct2: null}, prid: "pack9999", qnt: 1}]
Thu Jan 9 17:29:42 GMT+0300 2020 [INFO] [YandexMetrics.reachGoal] Call reach goal 'show_payment_dialog' for counter 31321471
Thu Jan 9 17:29:40 GMT+0300 2020 [INFO] Server said: 34: ["b.ingld", {ingld: 9999}]
Thu Jan 9 17:29:40 GMT+0300 2020 [INFO] Server said: 34: ["ntf.res", {res: {enrg: 500, slvr: 10000, emd: 0, gld: 65914}}]
Thu Jan 9 17:29:39 GMT+0300 2020 [INFO] [YandexMetrics.reachGoal] Call reach goal 'click_buy_product' for counter 31321471
Thu Jan 9 17:29:39 GMT+0300 2020 [INFO] Client said: 34: [null, "b.chkprchs", {pmnt: {srv: 3, ct1: null, ctx: {dialogSource: "furnitureShopDialog"}, ct3: null, tpid: "carJntr", ct2: null}, prid: "pack9999", qnt: 1}]
Thu Jan 9 17:29:39 GMT+0300 2020 [INFO] [YandexMetrics.reachGoal] Call reach goal 'show_payment_dialog' for counter 31321471
Thu Jan 9 17:29:38 GMT+0300 2020 [INFO] Server said: 34: ["b.ingld", {ingld: 9999}]
Thu Jan 9 17:29:37 GMT+0300 2020 [INFO] Server said: 34: ["ntf.res", {res: {enrg: 500, slvr: 10000, emd: 0, gld: 55915}}]
Thu Jan 9 17:29:36 GMT+0300 2020 [INFO] [YandexMetrics.reachGoal] Call reach goal 'click_buy_product' for counter 31321471
Thu Jan 9 17:29:36 GMT+0300 2020 [INFO] Client said: 34: [null, "b.chkprchs", {pmnt: {srv: 3, ct1: null, ctx: {dialogSource: "furnitureShopDialog"}, ct3: null, tpid: "carJntr", ct2: null}, prid: "pack9999", qnt: 1}]
Thu Jan 9 17:29:36 GMT+0300 2020 [INFO] [YandexMetrics.reachGoal] Call reach goal 'show_payment_dialog' for counter 31321471
Thu Jan 9 17:29:34 GMT+0300 2020 [INFO] Server said: 34: ["b.ingld", {ingld: 9999}]
Thu Jan 9 17:29:34 GMT+0300 2020 [INFO] Server said: 34: ["ntf.res", {res: {enrg: 500, slvr: 10000, emd: 0, gld: 45916}}]
Thu Jan 9 17:29:34 GMT+0300 2020 [INFO] [YandexMetrics.reachGoal] Call reach goal 'click_buy_product' for counter 31321471
Thu Jan 9 17:29:34 GMT+0300 2020 [INFO] Client said: 34: [null, "b.chkprchs", {pmnt: {srv: 3, ct1: null, ctx: {dialogSource: "furnitureShopDialog"}, ct3: null, tpid: "carJntr", ct2: null}, prid: "pack9999", qnt: 1}]
Thu Jan 9 17:29:33 GMT+0300 2020 [INFO] [YandexMetrics.reachGoal] Call reach goal 'show_payment_dialog' for counter 31321471
Thu Jan 9 17:29:32 GMT+0300 2020 [INFO] Server said: 34: ["b.ingld", {ingld: 9999}]