ClientError: Thu Jan 9 22:00:34 GMT+0700 2020 [CRITICAL] [house] *Uncaught Error* ErrorId: 1010 ErrorName: TypeError ErrorMessage:Error #1010 ErrorStackTrace:TypeError: Error #1010
	at _-1u9::URL/parse()
	at _-1u9::URL()
	at _-18R::LoadingItem()
	at _-18R::SWFLoadingItem()
	at _-0bS::MassLoader/add()
	at _-0bS::MassLoader/_-2R5()
	at flash.events::EventDispatcher/dispatchEvent()
	at _-18R::LoadingItem/_-1Iu()
	at _-18R::LoadingItem/onError()
	at _-18R::SWFLoadingItem/onError()
	at flash.events::EventDispatcher/dispatchEvent()
	at flash.net::URLLoader/onComplete()
Thu Jan 9 22:00:13 GMT+0700 2020 [INFO] Client said: 34: ["house_342_livingroom", "h.r.u", {uid: "342", x: 6.88, y: 6.81, st: 23, d: 5, at: ""}]
Thu Jan 9 22:00:12 GMT+0700 2020 [INFO] Client said: 34: ["house_342_livingroom", "h.r.m", {uid: "342", dy: 6.81, sx: 8.2, sy: 4.83, dx: 6.88}]
Thu Jan 9 21:59:01 GMT+0700 2020 [INFO] Server said: 34: ["h.r.ra", {plr: {uid: "342", mbm: {ac: null, sk: "blackMobileSkin"}, usrinf: {rl: 0}, locinfo: {x: 8.2, s: "127.0.0.1", y: 4.83, shlc: true, l: "house_342_livingroom", st: 23, d: 4, at: "", pl: ""}, apprnc: {nct: 0, brt: 28, pt: 0, rc: 1, bt: 0, sc: 1, shc: 1, ssc: 1, fat: 0, sh: 0, hc: 7, g: 2, rg: 0, n: "ĎӦҸЬ", ht: 122, et: 1, mc: 3, ss: 0, brc: 1, fft: 0, pc: 1, fac: 1, bc: 1, ec: 5, mt: 6}, ci: {vret: 0, lrnt: 0, spp: 0, actrp: 0, compid: 0, crt: 730, lvt: 1578581638, hrt: 174, tts: null, bcld: 0, sbid: null, skid: null, vip: true, fexp: 0, shousd: false, kyktid: null, as: null, pamns: {amn: []}, dr: true, lwts: 0, plcmt: {}, fak: null, gtrfrd: 0, vsexp: 1965298000, vsact: true, strfrd: 0, vfgc: 0, eml: null, trid: null, lgt: 0, crst: 0, ceid: 0, rpt: 0, gdc: 0, ys: 0, shcr: true, vexp: 1965298000, ysct: 0, rtrtm: 0, actrd: 0, exp: 85800, cmid: 0, skrt: 0, sbrt: 0, trcd: 0, actrt: 0}, clths: {clths: [{clid: null, tpid: "girlNY20VKGiftPllvCnd"}, {clid: null, tpid: "girlPants9"}, {clid: null, tpid: "girlShoes14"}]}, pf: {pf: {phtghr: {tp: "phtghr", pgs: 0, l: 20}, jntr: {tp: "jntr", pgs: 0, l: 20}, vsgst: {tp: "vsgst", pgs: 0, l: 20}, grdnr: {tp: "grdnr", pgs: 0, l: 20}}}}}]
Thu Jan 9 21:59:00 GMT+0700 2020 [INFO] Client said: 34: ["house_342_livingroom", "h.r.ra", {}]
Thu Jan 9 21:59:00 GMT+0700 2020 [INFO] Server said: 34: ["a.clths.buy", {ccltn: {ctp: "casual", cct: ["girlNY20VKGiftPllvCnd", "girlPants9", "girlShoes14"], cn: ""}, clths: {clths: [{clid: null, tpid: "girlNY20VKGiftPllvCnd"}, {clid: null, tpid: "girlPants9"}, {clid: null, tpid: "girlShoes14"}]}, crt: 730, inv: {c: {frn: {id: "frn", it: []}, gm: {id: "gm", it: [{tid: "blackMobileSkin", c: 1, iid: ""}]}, cls: {id: "cls", it: [{tid: "girlUnderdress1", c: 1, iid: ""}, {tid: "girlUnderdress2", c: 1, iid: ""}, {tid: "girlShirt12", c: 1, iid: ""}, {tid: "girlNY20VKGiftPllvDr", c: 1, iid: ""}, {tid: "girlNY20VKGiftPllvChrst", c: 1, iid: ""}]}, act: {id: "act", it: []}, lt: {id: "lt", it: []}}}, res: {gld: 13370, emd: 0, slvr: 15000, enrg: 500}}]
Thu Jan 9 21:58:59 GMT+0700 2020 [INFO] Client said: 34: [null, "a.clths.buy", {ctp: "casual", pind: 1, tpid: "girlNY20VKGiftPllvCnd"}]
Thu Jan 9 21:58:57 GMT+0700 2020 [INFO] Server said: 34: ["h.r.ra", {plr: {uid: "342", mbm: {ac: null, sk: "blackMobileSkin"}, usrinf: {rl: 0}, locinfo: {x: 8.2, s: "127.0.0.1", y: 4.83, shlc: true, l: "house_342_livingroom", st: 23, d: 4, at: "", pl: ""}, apprnc: {nct: 0, brt: 28, pt: 0, rc: 1, bt: 0, sc: 1, shc: 1, ssc: 1, fat: 0, sh: 0, hc: 7, g: 2, rg: 0, n: "ĎӦҸЬ", ht: 122, et: 1, mc: 3, ss: 0, brc: 1, fft: 0, pc: 1, fac: 1, bc: 1, ec: 5, mt: 6}, ci: {vret: 0, lrnt: 0, spp: 0, actrp: 0, compid: 0, crt: 570, lvt: 1578581638, hrt: 174, tts: null, bcld: 0, sbid: null, skid: null, vip: true, fexp: 0, shousd: false, kyktid: null, as: null, pamns: {amn: []}, dr: true, lwts: 0, plcmt: {}, fak: null, gtrfrd: 0, vsexp: 1965298000, vsact: true, strfrd: 0, vfgc: 0, eml: null, trid: null, lgt: 0, crst: 0, ceid: 0, rpt: 0, gdc: 0, ys: 0, shcr: true, vexp: 1965298000, ysct: 0, rtrtm: 0, actrd: 0, exp: 85800, cmid: 0, skrt: 0, sbrt: 0, trcd: 0, actrt: 0}, clths: {clths: [{clid: null, tpid: "girlShoes14"}, {clid: null, tpid: "girlNY20VKGiftPllvChrst"}, {clid: null, tpid: "girlPants9"}]}, pf: {pf: {phtghr: {tp: "phtghr", pgs: 0, l: 20}, jntr: {tp: "jntr", pgs: 0, l: 20}, vsgst: {tp: "vsgst", pgs: 0, l: 20}, grdnr: {tp: "grdnr", pgs: 0, l: 20}}}}}]
Thu Jan 9 21:58:56 GMT+0700 2020 [INFO] Client said: 34: ["house_342_livingroom", "h.r.ra", {}]
Thu Jan 9 21:58:56 GMT+0700 2020 [INFO] Server said: 34: ["a.clths.buy", {ccltn: {ctp: "casual", cct: ["girlShoes14", "girlNY20VKGiftPllvChrst", "girlPants9"], cn: ""}, clths: {clths: [{clid: null, tpid: "girlShoes14"}, {clid: null, tpid: "girlNY20VKGiftPllvChrst"}, {clid: null, tpid: "girlPants9"}]}, crt: 570, inv: {c: {frn: {id: "frn", it: []}, gm: {id: "gm", it: [{tid: "blackMobileSkin", c: 1, iid: ""}]}, cls: {id: "cls", it: [{tid: "girlUnderdress1", c: 1, iid: ""}, {tid: "girlUnderdress2", c: 1, iid: ""}, {tid: "girlShirt12", c: 1, iid: ""}, {tid: "girlNY20VKGiftPllvDr", c: 1, iid: ""}]}, act: {id: "act", it: []}, lt: {id: "lt", it: []}}}, res: {gld: 13410, emd: 0, slvr: 15000, enrg: 500}}]
Thu Jan 9 21:58:56 GMT+0700 2020 [INFO] Client said: 34: [null, "a.clths.buy", {ctp: "casual", pind: 1, tpid: "girlNY20VKGiftPllvChrst"}]
Thu Jan 9 21:58:52 GMT+0700 2020 [INFO] Server said: 34: ["h.r.ra", {plr: {uid: "342", mbm: {ac: null, sk: "blackMobileSkin"}, usrinf: {rl: 0}, locinfo: {x: 8.2, s: "127.0.0.1", y: 4.83, shlc: true, l: "house_342_livingroom", st: 23, d: 4, at: "", pl: ""}, apprnc: {nct: 0, brt: 28, pt: 0, rc: 1, bt: 0, sc: 1, shc: 1, ssc: 1, fat: 0, sh: 0, hc: 7, g: 2, rg: 0, n: "ĎӦҸЬ", ht: 122, et: 1, mc: 3, ss: 0, brc: 1, fft: 0, pc: 1, fac: 1, bc: 1, ec: 5, mt: 6}, ci: {vret: 0, lrnt: 0, spp: 0, actrp: 0, compid: 0, crt: 250, lvt: 1578581638, hrt: 174, tts: null, bcld: 0, sbid: null, skid: null, vip: true, fexp: 0, shousd: false, kyktid: null, as: null, pamns: {amn: []}, dr: true, lwts: 0, plcmt: {}, fak: null, gtrfrd: 0, vsexp: 1965298000, vsact: true, strfrd: 0, vfgc: 0, eml: null, trid: null, lgt: 0, crst: 0, ceid: 0, rpt: 0, gdc: 0, ys: 0, shcr: true, vexp: 1965298000, ysct: 0, rtrtm: 0, actrd: 0, exp: 85800, cmid: 0, skrt: 0, sbrt: 0, trcd: 0, actrt: 0}, clths: {clths: [{clid: null, tpid: "girlNY20VKGiftPllvDr"}, {clid: null, tpid: "girlPants9"}, {clid: null, tpid: "girlShoes14"}]}, pf: {pf: {phtghr: {tp: "phtghr", pgs: 0, l: 20}, jntr: {tp: "jntr", pgs: 0, l: 20}, vsgst: {tp: "vsgst", pgs: 0, l: 20}, grdnr: {tp: "grdnr", pgs: 0, l: 20}}}}}]
Thu Jan 9 21:58:51 GMT+0700 2020 [INFO] Client said: 34: ["house_342_livingroom", "h.r.ra", {}]
Thu Jan 9 21:58:51 GMT+0700 2020 [INFO] Server said: 34: ["a.clths.buy", {ccltn: {ctp: "casual", cct: ["girlNY20VKGiftPllvDr", "girlPants9", "girlShoes14"], cn: ""}, clths: {clths: [{clid: null, tpid: "girlNY20VKGiftPllvDr"}, {clid: null, tpid: "girlPants9"}, {clid: null, tpid: "girlShoes14"}]}, crt: 250, inv: {c: {frn: {id: "frn", it: []}, gm: {id: "gm", it: [{tid: "blackMobileSkin", c: 1, iid: ""}]}, cls: {id: "cls", it: [{tid: "girlUnderdress1", c: 1, iid: ""}, {tid: "girlUnderdress2", c: 1, iid: ""}, {tid: "girlShirt12", c: 1, iid: ""}]}, act: {id: "act", it: []}, lt: {id: "lt", it: []}}}, res: {gld: 13490, emd: 0, slvr: 15000, enrg: 500}}]
Thu Jan 9 21:58:50 GMT+0700 2020 [INFO] Client said: 34: [null, "a.clths.buy", {ctp: "casual", pind: 1, tpid: "girlNY20VKGiftPllvDr"}]
Thu Jan 9 21:58:21 GMT+0700 2020 [INFO] Server said: 34: ["h.oinfo", {hs: {lt: 0, r: [{nm: "Комната 3", lev: 2, id: "3", f: [{x: 0, y: 0, z: 0, lid: 1, tpid: "wall15", d: 3}, {x: 3, y: 0, z: 0, lid: 4, tpid: "door4", rid: "outside", d: 3}, {x: 13, y: 0, z: 0, lid: 2, tpid: "wall15", d: 5}, {x: 0, y: 0, z: 0, lid: 3, tpid: "floor4", d: 5}], l: 13, w: 13}, {nm: "Комната 5", lev: 2, id: "5", f: [{x: 0, y: 0, z: 0, lid: 1, tpid: "wall15", d: 3}, {x: 3, y: 0, z: 0, lid: 4, tpid: "door4", rid: "outside", d: 3}, {x: 13, y: 0, z: 0, lid: 2, tpid: "wall15", d: 5}, {x: 0, y: 0, z: 0, lid: 3, tpid: "floor4", d: 5}], l: 13, w: 13}, {nm: "Комната 2", lev: 2, id: "2", f: [{x: 0, y: 0, z: 0, lid: 1, tpid: "wall15", d: 3}, {x: 3, y: 0, z: 0, lid: 4, tpid: "door4", rid: "outside", d: 3}, {x: 13, y: 0, z: 0, lid: 2, tpid: "wall15", d: 5}, {x: 0, y: 0, z: 0, lid: 3, tpid: "floor4", d: 5}], l: 13, w: 13}, {nm: "Комната 1", lev: 2, id: "1", f: [{x: 0, y: 0, z: 0, lid: 1, tpid: "wall15", d: 3}, {x: 3, y: 0, z: 0, lid: 4, tpid: "door4", rid: "outside", d: 3}, {x: 13, y: 0, z: 0, lid: 2, tpid: "wall15", d: 5}, {x: 0, y: 0, z: 0, lid: 3, tpid: "floor4", d: 5}], l: 13, w: 13}, {nm: "#livingRoom", lev: 1, id: "livingroom", f: [{x: 0, y: 0, z: 0, lid: 1, tpid: "wall15", d: 3}, {x: 3, y: 0, z: 0, lid: 4, tpid: "door4", rid: "outside", d: 3}, {x: 13, y: 0, z: 0, lid: 2, tpid: "wall15", d: 5}, {x: 0, y: 0, z: 0, lid: 3, tpid: "floor4", d: 5}], l: 13, w: 13}, {nm: "Комната 4", lev: 2, id: "4", f: [{x: 0, y: 0, z: 0, lid: 1, tpid: "wall15", d: 3}, {x: 3, y: 0, z: 0, lid: 4, tpid: "door4", rid: "outside", d: 3}, {x: 13, y: 0, z: 0, lid: 2, tpid: "wall15", d: 5}, {x: 0, y: 0, z: 0, lid: 3, tpid: "floor4", d: 5}], l: 13, w: 13}]}, plr: {uid: "342", mbm: {ac: null, sk: "blackMobileSkin"}, usrinf: {rl: 0}, apprnc: {nct: 0, brt: 28, pt: 0, rc: 1, bt: 0, sc: 1, shc: 1, ssc: 1, fat: 0, sh: 0, hc: 7, g: 2, rg: 0, n: "ĎӦҸЬ", ht: 122, et: 1, mc: 3, ss: 0, brc: 1, fft: 0, pc: 1, fac: 1, bc: 1, ec: 5, mt: 6}, ci: {vret: 0, lrnt: 0, spp: 0, actrp: 0, compid: 0, crt: 10, lvt: 1578581638, hrt: 174, tts: null, bcld: 0, sbid: null, skid: null, vip: true, fexp: 0, shousd: false, kyktid: null, as: null, pamns: {amn: []}, dr: true, lwts: 0, plcmt: {}, fak: null, gtrfrd: 0, vsexp: 1965298000, vsact: true, strfrd: 0, vfgc: 0, eml: null, trid: null, lgt: 0, crst: 0, ceid: 0, rpt: 0, gdc: 0, ys: 0, shcr: true, vexp: 1965298000, ysct: 0, rtrtm: 0, actrd: 0, exp: 85800, cmid: 0, skrt: 0, sbrt: 0, trcd: 0, actrt: 0}, clths: {clths: [{clid: null, tpid: "girlShirt12"}, {clid: null, tpid: "girlShoes14"}, {clid: null, tpid: "girlPants9"}]}, pf: {pf: {phtghr: {tp: "phtghr", pgs: 0, l: 20}, jntr: {tp: "jntr", pgs: 0, l: 20}, vsgst: {tp: "vsgst", pgs: 0, l: 20}, grdnr: {tp: "grdnr", pgs: 0, l: 20}}}}, ath: false}]
Thu Jan 9 21:58:21 GMT+0700 2020 [INFO] Client said: 34: [null, "h.oinfo", {uid: "342"}]
Thu Jan 9 21:58:17 GMT+0700 2020 [INFO] Server said: 34: ["b.ingld", {ingld: 1500}]
Thu Jan 9 21:58:17 GMT+0700 2020 [INFO] Server said: 34: ["ntf.res", {res: {gld: 13550, slvr: 15000, emd: 0, enrg: 500}}]
Thu Jan 9 21:58:17 GMT+0700 2020 [INFO] [YandexMetrics.reachGoal] Call reach goal 'click_buy_product' for counter 31321471
Thu Jan 9 21:58:17 GMT+0700 2020 [INFO] Client said: 34: [null, "b.chkprchs", {prid: "pack1500", pmnt: null, qnt: 1}]
Thu Jan 9 21:58:16 GMT+0700 2020 [INFO] [YandexMetrics.reachGoal] Call reach goal 'show_payment_dialog' for counter 31321471
Thu Jan 9 21:58:12 GMT+0700 2020 [INFO] Server said: 34: ["b.inslv", {inslv: 5000}]
Thu Jan 9 21:58:12 GMT+0700 2020 [INFO] Server said: 34: ["ntf.res", {res: {gld: 12050, slvr: 15000, emd: 0, enrg: 500}}]
Thu Jan 9 21:58:12 GMT+0700 2020 [INFO] Client said: 34: [null, "b.bs", {gld: 50}]
Thu Jan 9 21:58:10 GMT+0700 2020 [INFO] Server said: 34: ["b.ingld", {ingld: 1500}]
Thu Jan 9 21:58:10 GMT+0700 2020 [INFO] Server said: 34: ["ntf.res", {res: {gld: 12100, slvr: 10000, emd: 0, enrg: 500}}]
Thu Jan 9 21:58:09 GMT+0700 2020 [INFO] [YandexMetrics.reachGoal] Call reach goal 'click_buy_product' for counter 31321471
Thu Jan 9 21:58:09 GMT+0700 2020 [INFO] Client said: 34: [null, "b.chkprchs", {prid: "pack1500", pmnt: null, qnt: 1}]
Thu Jan 9 21:58:08 GMT+0700 2020 [INFO] [YandexMetrics.reachGoal] Call reach goal 'show_payment_dialog' for counter 31321471
Thu Jan 9 21:58:07 GMT+0700 2020 [INFO] Server said: 34: ["b.ingld", {ingld: 1500}]
Thu Jan 9 21:58:06 GMT+0700 2020 [INFO] Server said: 34: ["ntf.res", {res: {gld: 10600, slvr: 10000, emd: 0, enrg: 500}}]
Thu Jan 9 21:58:06 GMT+0700 2020 [INFO] [YandexMetrics.reachGoal] Call reach goal 'click_buy_product' for counter 31321471
Thu Jan 9 21:58:06 GMT+0700 2020 [INFO] Client said: 34: [null, "b.chkprchs", {prid: "pack1500", pmnt: null, qnt: 1}]
Thu Jan 9 21:58:05 GMT+0700 2020 [INFO] [YandexMetrics.reachGoal] Call reach goal 'show_payment_dialog' for counter 31321471
Thu Jan 9 21:58:04 GMT+0700 2020 [INFO] Server said: 34: ["b.ingld", {ingld: 1500}]
Thu Jan 9 21:58:04 GMT+0700 2020 [INFO] Server said: 34: ["ntf.res", {res: {gld: 9100, slvr: 10000, emd: 0, enrg: 500}}]
Thu Jan 9 21:58:04 GMT+0700 2020 [INFO] [YandexMetrics.reachGoal] Call reach goal 'click_buy_product' for counter 31321471
Thu Jan 9 21:58:04 GMT+0700 2020 [INFO] Client said: 34: [null, "b.chkprchs", {prid: "pack1500", pmnt: null, qnt: 1}]