ClientError: Thu Jan 9 22:19:52 GMT+0700 2020 [CRITICAL] [salon] *Uncaught Error* ErrorId: 1010 ErrorName: TypeError ErrorMessage:Error #1010 ErrorStackTrace:TypeError: Error #1010
	at _-1u9::URL/parse()
	at _-1u9::URL()
	at _-18R::LoadingItem()
	at _-18R::SWFLoadingItem()
	at _-0bS::MassLoader/add()
	at _-0bS::MassLoader/_-2R5()
	at flash.events::EventDispatcher/dispatchEvent()
	at _-18R::LoadingItem/_-1Iu()
	at _-18R::LoadingItem/onError()
	at _-18R::SWFLoadingItem/onError()
	at flash.events::EventDispatcher/dispatchEvent()
	at flash.net::URLLoader/onComplete()
Thu Jan 9 22:19:35 GMT+0700 2020 [INFO] Client said: 17: ["house_342_livingroom"]
Thu Jan 9 22:19:31 GMT+0700 2020 [INFO] Client said: 34: ["house_342_livingroom", "h.r.u", {uid: "342", x: 7.2, y: 6.95, at: "", st: 23, d: 6}]
Thu Jan 9 22:19:30 GMT+0700 2020 [INFO] Server said: 34: ["b.ingld", {ingld: 1500}]
Thu Jan 9 22:19:30 GMT+0700 2020 [INFO] Server said: 34: ["ntf.res", {res: {emd: 0, gld: 14455, slvr: 15000, enrg: 500}}]
Thu Jan 9 22:19:30 GMT+0700 2020 [INFO] Client said: 34: ["house_342_livingroom", "h.r.m", {uid: "342", sx: 8.95, dy: 6.95, sy: 5.58, dx: 7.2}]
Thu Jan 9 22:19:29 GMT+0700 2020 [INFO] Server said: 34: ["spt.init", {a: false}]
Thu Jan 9 22:19:28 GMT+0700 2020 [INFO] Server said: 34: ["h.r.rfr", {rm: {lev: 1, f: [{x: 0, y: 0, z: 0, lid: 3, tpid: "floor4", d: 5}, {x: 0, y: 0, z: 0, lid: 1, tpid: "wall15", d: 3}, {x: 13, y: 0, z: 0, lid: 2, tpid: "wall15", d: 5}, {x: 3, y: 0, z: 0, lid: 4, tpid: "door4", rid: "outside", d: 3}], nm: "#livingRoom", l: 13, w: 13}}]
Thu Jan 9 22:19:27 GMT+0700 2020 [INFO] Server said: 34: ["frn.save", {inv: {c: {frn: {id: "frn", it: [{tid: "gasStnGRtr", c: 1, iid: ""}]}, cls: {id: "cls", it: [{tid: "girlUnderdress1", c: 1, iid: ""}, {tid: "girlShirt12", c: 1, iid: ""}, {tid: "girlNY20VKGiftPllvDr", c: 1, iid: ""}, {tid: "girlUnderdress2", c: 1, iid: ""}, {tid: "girlNY20VKGiftPllvChrst", c: 1, iid: ""}]}, gm: {id: "gm", it: [{tid: "blackMobileSkin", c: 1, iid: ""}]}, act: {id: "act", it: []}, lt: {id: "lt", it: []}}}, ci: {vfgc: 0, lwts: 0, tts: null, gdc: 0, actrd: 0, actrp: 0, crt: 730, compid: 0, kyktid: null, eml: null, trid: null, trcd: 0, skrt: 0, plcmt: {}, vip: true, lrnt: 0, ysct: 0, sbid: null, pamns: {amn: []}, sbrt: 0, rpt: 0, crst: 0, spp: 0, skid: null, as: null, shcr: true, strfrd: 0, vsact: true, vret: 0, rtrtm: 0, actrt: 0, hrt: 174, vexp: 1965298000, lvt: 1578582627, ys: 0, gtrfrd: 0, vsexp: 1965298000, cmid: 0, ceid: 0, shousd: false, exp: 85800, dr: true, bcld: 0, fexp: 0, lgt: 0, fak: null}, hs: {lev: 1, nm: "house", id: "livingroom", f: [{x: 0, y: 0, z: 0, lid: 3, tpid: "floor4", d: 5}, {x: 0, y: 0, z: 0, lid: 1, tpid: "wall15", d: 3}, {x: 13, y: 0, z: 0, lid: 2, tpid: "wall15", d: 5}, {x: 3, y: 0, z: 0, lid: 4, tpid: "door4", rid: "outside", d: 3}], l: 13, w: 13}}]
Thu Jan 9 22:19:24 GMT+0700 2020 [INFO] [YandexMetrics.onCounterInit] Yandex metrics counter 31321471 inited
Thu Jan 9 22:19:24 GMT+0700 2020 [INFO] [YandexMetrics.reachGoal] Call reach goal 'click_buy_product' for counter 31321471
Thu Jan 9 22:19:24 GMT+0700 2020 [INFO] [YandexMetrics.reachGoal] Call reach goal 'show_payment_dialog' for counter 31321471
Thu Jan 9 22:19:23 GMT+0700 2020 [INFO] Client said: 34: [null, "b.chkprchs", {pmnt: null, qnt: 1, prid: "pack1500"}]
Thu Jan 9 22:19:22 GMT+0700 2020 [INFO] Server said: 34: ["frn.save", {inv: {c: {frn: {id: "frn", it: [{tid: "gasStnGRtr", c: 1, iid: ""}]}, cls: {id: "cls", it: [{tid: "girlUnderdress1", c: 1, iid: ""}, {tid: "girlShirt12", c: 1, iid: ""}, {tid: "girlNY20VKGiftPllvDr", c: 1, iid: ""}, {tid: "girlUnderdress2", c: 1, iid: ""}, {tid: "girlNY20VKGiftPllvChrst", c: 1, iid: ""}]}, gm: {id: "gm", it: [{tid: "blackMobileSkin", c: 1, iid: ""}]}, act: {id: "act", it: []}, lt: {id: "lt", it: []}}}, ci: {vfgc: 0, lwts: 0, tts: null, gdc: 0, actrd: 0, actrp: 0, crt: 730, compid: 0, kyktid: null, eml: null, trid: null, trcd: 0, skrt: 0, plcmt: {}, vip: true, lrnt: 0, ysct: 0, sbid: null, pamns: {amn: []}, sbrt: 0, rpt: 0, crst: 0, spp: 0, skid: null, as: null, shcr: true, strfrd: 0, vsact: true, vret: 0, rtrtm: 0, actrt: 0, hrt: 174, vexp: 1965298000, lvt: 1578582627, ys: 0, gtrfrd: 0, vsexp: 1965298000, cmid: 0, ceid: 0, shousd: false, exp: 85800, dr: true, bcld: 0, fexp: 0, lgt: 0, fak: null}, hs: {lev: 1, nm: "house", id: "livingroom", f: [{x: 0, y: 0, z: 0, lid: 3, tpid: "floor4", d: 5}, {x: 0, y: 0, z: 0, lid: 1, tpid: "wall15", d: 3}, {x: 13, y: 0, z: 0, lid: 2, tpid: "wall15", d: 5}, {x: 3, y: 0, z: 0, lid: 4, tpid: "door4", rid: "outside", d: 3}], l: 13, w: 13}}]
Thu Jan 9 22:19:22 GMT+0700 2020 [INFO] [YandexMetrics.initCounter] Try to init Yandex metrics counter 31321471
Thu Jan 9 22:19:21 GMT+0700 2020 [INFO] Client said: 34: [null, "spt.init", {}]
Thu Jan 9 22:19:21 GMT+0700 2020 [INFO] Client said: 34: ["house_342_livingroom", "h.r.u", {uid: "342", x: 8.95, y: 5.58, at: "", st: 23, d: 1}]
Thu Jan 9 22:19:19 GMT+0700 2020 [INFO] Client said: 34: ["house_342_livingroom", "h.r.m", {uid: "342", sx: 5.22, dy: 5.58, sy: 3.22, dx: 8.95}]
Thu Jan 9 22:19:18 GMT+0700 2020 [INFO] Client said: 34: ["house_342_livingroom", "h.r.rfr", {}]
Thu Jan 9 22:19:18 GMT+0700 2020 [INFO] Server said: 34: ["frn.save", {inv: {c: {frn: {id: "frn", it: [{tid: "gasStnGRtr", c: 1, iid: ""}]}, cls: {id: "cls", it: [{tid: "girlUnderdress1", c: 1, iid: ""}, {tid: "girlShirt12", c: 1, iid: ""}, {tid: "girlNY20VKGiftPllvDr", c: 1, iid: ""}, {tid: "girlUnderdress2", c: 1, iid: ""}, {tid: "girlNY20VKGiftPllvChrst", c: 1, iid: ""}]}, gm: {id: "gm", it: [{tid: "blackMobileSkin", c: 1, iid: ""}]}, act: {id: "act", it: []}, lt: {id: "lt", it: []}}}, ci: {vfgc: 0, lwts: 0, tts: null, gdc: 0, actrd: 0, actrp: 0, crt: 730, compid: 0, kyktid: null, eml: null, trid: null, trcd: 0, skrt: 0, plcmt: {}, vip: true, lrnt: 0, ysct: 0, sbid: null, pamns: {amn: []}, sbrt: 0, rpt: 0, crst: 0, spp: 0, skid: null, as: null, shcr: true, strfrd: 0, vsact: true, vret: 0, rtrtm: 0, actrt: 0, hrt: 174, vexp: 1965298000, lvt: 1578582627, ys: 0, gtrfrd: 0, vsexp: 1965298000, cmid: 0, ceid: 0, shousd: false, exp: 85800, dr: true, bcld: 0, fexp: 0, lgt: 0, fak: null}, hs: {lev: 1, nm: "house", id: "livingroom", f: [{x: 0, y: 0, z: 0, lid: 3, tpid: "floor4", d: 5}, {x: 0, y: 0, z: 0, lid: 1, tpid: "wall15", d: 3}, {x: 13, y: 0, z: 0, lid: 2, tpid: "wall15", d: 5}, {x: 3, y: 0, z: 0, lid: 4, tpid: "door4", rid: "outside", d: 3}], l: 13, w: 13}}]
Thu Jan 9 22:19:18 GMT+0700 2020 [INFO] Client said: 34: ["house_342_livingroom", "frn.save", {f: [{oid: 45140084, tpid: "gasStnGRtr", t: 2, tm: 1578583151291}]}]