ClientError: Thu Jan 9 17:51:07 GMT+0300 2020 [CRITICAL] [couturier] *Uncaught Error* ErrorId: 1009 ErrorName: TypeError ErrorMessage:Error #1009 ErrorStackTrace:TypeError: Error #1009
	at _-0eV::RoomMemberContainer/addAvatar()
	at _-PQ::BaseRoomScreen/addAvatar()
	at _-PQ::BaseRoomScreen/onRefreshAvatar()
	at flash.events::EventDispatcher/dispatchEvent()
	at _-2CM::BaseRoomNetManager/onRefreshAvatar()
	at flash.events::EventDispatcher/dispatchEvent()
	at ags::_-2t/_-2dI()
	at flash.events::EventDispatcher/dispatchEvent()
	at _-0en::_-0O8/_-1LF()
	at _-0en::_-0O8/execute()
	at ags::AGSClient/_-0i9()
	at ags::AGSClient/_-2ZF()
	at ags::AGSClient/_-2Ea()
Thu Jan 9 17:51:07 GMT+0300 2020 [INFO] Server said: 34: ["o.r.ra", {plr: {usrinf: {rl: 0}, clths: {clths: [{clid: "16", tpid: "girlPlvNYGrc"}, {clid: null, tpid: "grlPnkRsShs"}, {clid: null, tpid: "girlShrtsLn"}]}, ci: {skrt: 0, lrnt: 0, kyktid: null, lgt: 0, actrd: 0, crt: 1739, bcld: 0, lvt: 1578578367, plcmt: {}, crst: 0, actrp: 0, ys: 0, vip: true, actrt: 0, pamns: {amn: []}, shousd: false, strfrd: 0, sbid: null, fexp: 0, vexp: 1965298000, eml: null, skid: null, compid: 0, vret: 0, vfgc: 0, rtrtm: 0, fak: null, tts: null, gdc: 0, cmid: 0, dr: true, trcd: 0, ceid: 0, spp: 0, hrt: 174, gtrfrd: 0, trid: "freelanceVideo", vsexp: 1965298000, sbrt: 0, ysct: 0, as: null, lwts: 0, exp: 85800, vsact: true, shcr: true, rpt: 0}, apprnc: {ht: 112, ss: 0, rc: 1, brt: 22, brc: 1, shc: 35, g: 2, bt: 0, sh: 23, fat: 0, sc: 1, rg: 0, ec: 31, mc: 28, ssc: 1, n: "-КАКТУС ЯНА-", pt: 0, et: 38, hc: 27, fac: 1, fft: 2, nct: 0, bc: 1, pc: 1, mt: 29}, pf: {pf: {vsgst: {l: 20, tp: "vsgst", pgs: 0}, jntr: {l: 20, tp: "jntr", pgs: 0}, phtghr: {l: 20, tp: "phtghr", pgs: 0}, grdnr: {l: 20, tp: "grdnr", pgs: 0}}}, locinfo: {x: 8.5, s: "127.0.0.1", at: "", l: "couturier_ctr1_1", st: 0, shlc: true, d: 4, y: 7.5, pl: ""}, mbm: {sk: "blackMobileSkin", ac: null}, uid: "50"}}]
Thu Jan 9 17:51:06 GMT+0300 2020 [INFO] Client said: 34: ["couturier_ctr1_1", "o.r.info", {rid: "ctr1"}]
Thu Jan 9 17:51:06 GMT+0300 2020 [INFO] Server said: 34: ["o.gr", {rid: "couturier_ctr1_1"}]
Thu Jan 9 17:51:06 GMT+0300 2020 [INFO] Server said: 16: ["couturier_ctr1_1", "38"]
Thu Jan 9 17:51:05 GMT+0300 2020 [INFO] Server said: 34: ["o.r.jn", {plr: {usrinf: {rl: 0}, clths: {clths: [{clid: null, tpid: "boyHrEstr19"}, {clid: null, tpid: "boyBtsEstr19"}, {clid: null, tpid: "boyPntsEstr19"}, {clid: null, tpid: "boyTShrtEstr19"}]}, ci: {skrt: 0, lrnt: 0, kyktid: null, lgt: 0, actrd: 0, crt: 496, bcld: 0, lvt: 1578578278, plcmt: {}, crst: 0, actrp: 0, ys: 0, vip: true, actrt: 0, pamns: {amn: []}, shousd: false, strfrd: 0, sbid: null, fexp: 0, vexp: 1965298000, eml: null, skid: null, compid: 0, vret: 0, vfgc: 0, rtrtm: 0, fak: null, tts: null, gdc: 0, cmid: 0, dr: true, trcd: 0, ceid: 0, spp: 0, hrt: 224, gtrfrd: 0, trid: null, vsexp: 1965298000, sbrt: 0, ysct: 0, as: null, lwts: 0, exp: 85800, vsact: true, shcr: true, rpt: 0}, apprnc: {ht: 60, ss: 0, rc: 1, brt: 16, brc: 29, shc: 1, g: 1, bt: 0, sh: 0, fat: 0, sc: 2, rg: 0, ec: 1, mc: 3, ssc: 1, n: "Макс", pt: 0, et: 1, hc: 25, fac: 1, fft: 3, nct: 0, bc: 1, pc: 1, mt: 13}, pf: {pf: {vsgst: {l: 20, tp: "vsgst", pgs: 0}, jntr: {l: 20, tp: "jntr", pgs: 0}, phtghr: {l: 20, tp: "phtghr", pgs: 0}, grdnr: {l: 20, tp: "grdnr", pgs: 0}}}, locinfo: {x: -1, s: "127.0.0.1", at: "", l: "couturier_ctr1_1", st: 0, shlc: true, d: 4, y: -1, pl: ""}, mbm: {sk: "blackMobileSkin", ac: null}, uid: "38"}}]
Thu Jan 9 17:51:05 GMT+0300 2020 [INFO] Server said: 34: ["o.r.ra", {plr: {usrinf: {rl: 0}, clths: {clths: [{clid: "16", tpid: "girlPlvNYGrc"}, {clid: null, tpid: "grlPnkRsShs"}, {clid: null, tpid: "girlShrtsLn"}]}, ci: {skrt: 0, lrnt: 0, kyktid: null, lgt: 0, actrd: 0, crt: 1739, bcld: 0, lvt: 1578578367, plcmt: {}, crst: 0, actrp: 0, ys: 0, vip: true, actrt: 0, pamns: {amn: []}, shousd: false, strfrd: 0, sbid: null, fexp: 0, vexp: 1965298000, eml: null, skid: null, compid: 0, vret: 0, vfgc: 0, rtrtm: 0, fak: null, tts: null, gdc: 0, cmid: 0, dr: true, trcd: 0, ceid: 0, spp: 0, hrt: 174, gtrfrd: 0, trid: "freelanceVideo", vsexp: 1965298000, sbrt: 0, ysct: 0, as: null, lwts: 0, exp: 85800, vsact: true, shcr: true, rpt: 0}, apprnc: {ht: 112, ss: 0, rc: 1, brt: 22, brc: 1, shc: 35, g: 2, bt: 0, sh: 23, fat: 0, sc: 1, rg: 0, ec: 31, mc: 28, ssc: 1, n: "-КАКТУС ЯНА-", pt: 0, et: 38, hc: 27, fac: 1, fft: 2, nct: 0, bc: 1, pc: 1, mt: 29}, pf: {pf: {vsgst: {l: 20, tp: "vsgst", pgs: 0}, jntr: {l: 20, tp: "jntr", pgs: 0}, phtghr: {l: 20, tp: "phtghr", pgs: 0}, grdnr: {l: 20, tp: "grdnr", pgs: 0}}}, locinfo: {x: 8.5, s: "127.0.0.1", at: "", l: "couturier_ctr1_1", st: 0, shlc: true, d: 4, y: 7.5, pl: ""}, mbm: {sk: "blackMobileSkin", ac: null}, uid: "50"}}]
Thu Jan 9 17:51:04 GMT+0300 2020 [INFO] Server said: 34: ["o.r.m", {sy: 10.81, sx: 11.69, uid: "25", dx: 9.94, dy: 11.94}]
Thu Jan 9 17:51:03 GMT+0300 2020 [INFO] Client said: 34: [null, "o.gr", {lid: "couturier", gid: "ctr1"}]
Thu Jan 9 17:51:03 GMT+0300 2020 [INFO] Client said: 17: ["salon_sn1_1"]
Thu Jan 9 17:51:02 GMT+0300 2020 [INFO] Server said: 34: ["o.r.u", {x: 11.95, at: "", st: 23, d: 0, y: 14.52, uid: "102"}]
Thu Jan 9 17:51:01 GMT+0300 2020 [INFO] Server said: 34: ["o.r.m", {sy: 14.3, sx: 10.48, dx: 11.95, uid: "102", dy: 14.52}]
Thu Jan 9 17:51:00 GMT+0300 2020 [INFO] Server said: 34: ["o.r.u", {x: 10.48, at: "", st: 23, d: 7, y: 14.3, uid: "102"}]
Thu Jan 9 17:51:00 GMT+0300 2020 [INFO] Server said: 34: ["o.r.m", {sy: 15, sx: 11.38, dx: 10.48, uid: "102", dy: 14.3}]
Thu Jan 9 17:51:00 GMT+0300 2020 [INFO] Client said: 34: ["salon_sn1_1", "o.r.m", {sy: 2, sx: 11, uid: "38", dx: 8.63, dy: 9.88}]
Thu Jan 9 17:50:59 GMT+0300 2020 [INFO] Server said: 34: ["o.r.ra", {plr: {usrinf: {rl: 0}, clths: {clths: [{clid: null, tpid: "boyNY20VKGiftPllvDr"}, {clid: null, tpid: "boyBtsJpn3"}, {clid: null, tpid: "boyHdbndUncrn"}, {clid: null, tpid: "boyKgrmUncrn"}]}, ci: {skrt: 0, lrnt: 0, kyktid: null, lgt: 0, actrd: 0, crt: 704, bcld: 0, lvt: 1578577924, plcmt: {}, crst: 0, actrp: 0, ys: 0, vip: true, actrt: 0, pamns: {amn: []}, shousd: false, strfrd: 0, sbid: null, fexp: 0, vexp: 1965298000, eml: null, skid: null, compid: 0, vret: 0, vfgc: 0, rtrtm: 0, fak: null, tts: null, gdc: 0, cmid: 0, dr: true, trcd: 0, ceid: 0, spp: 0, hrt: 174, gtrfrd: 0, trid: "activityPlace1", vsexp: 1965298000, sbrt: 0, ysct: 0, as: null, lwts: 0, exp: 85800, vsact: true, shcr: true, rpt: 0}, apprnc: {ht: 60, ss: 0, rc: 1, brt: 4, brc: 3, shc: 1, g: 1, bt: 0, sh: 0, fat: 4, sc: 3, rg: 0, ec: 10, mc: 3, ssc: 1, n: "Никита", pt: 0, et: 10, hc: 5, fac: 10, fft: 9, nct: 0, bc: 1, pc: 1, mt: 20}, pf: {pf: {vsgst: {l: 20, tp: "vsgst", pgs: 0}, jntr: {l: 20, tp: "jntr", pgs: 0}, phtghr: {l: 20, tp: "phtghr", pgs: 0}, grdnr: {l: 20, tp: "grdnr", pgs: 0}}}, locinfo: {x: 11.38, s: "127.0.0.1", at: "", l: "salon_sn1_1", st: 23, shlc: true, d: 4, y: 15, pl: ""}, mbm: {sk: "blackMobileSkin", ac: null}, uid: "102"}}]
Thu Jan 9 17:50:58 GMT+0300 2020 [INFO] Client said: 34: ["salon_sn1_1", "o.r.u", {x: 10.74, d: 3, y: 2.39, uid: "38", st: 0}]
Thu Jan 9 17:50:58 GMT+0300 2020 [INFO] Server said: 34: ["pl.flw", {locinfo: {x: -1, s: "127.0.0.1", at: null, l: "couturier_ctr1_1", st: 0, shlc: true, d: 0, y: -1, pl: ""}, scs: "success"}]
Thu Jan 9 17:50:58 GMT+0300 2020 [INFO] Client said: 34: [null, "pl.flw", {uid: "61"}]
Thu Jan 9 17:50:57 GMT+0300 2020 [INFO] Server said: 34: ["pl.gos", {clid: "online", onl: {61: true, 14: true}}]
Thu Jan 9 17:50:57 GMT+0300 2020 [INFO] Client said: 34: [null, "pl.gos", {uids: ["61", "14"], clid: "online"}]
Thu Jan 9 17:50:56 GMT+0300 2020 [INFO] Server said: 34: ["o.r.ra", {plr: {usrinf: {rl: 0}, clths: {clths: [{clid: null, tpid: "boyNY20VKGiftPllvDr"}, {clid: null, tpid: "boyBtsJpn3"}, {clid: null, tpid: "boyHdbndUncrn"}, {clid: null, tpid: "boyKgrmUncrn"}]}, ci: {skrt: 0, lrnt: 0, kyktid: null, lgt: 0, actrd: 0, crt: 704, bcld: 0, lvt: 1578577924, plcmt: {}, crst: 0, actrp: 0, ys: 0, vip: true, actrt: 0, pamns: {amn: []}, shousd: false, strfrd: 0, sbid: null, fexp: 0, vexp: 1965298000, eml: null, skid: null, compid: 0, vret: 0, vfgc: 0, rtrtm: 0, fak: null, tts: null, gdc: 0, cmid: 0, dr: true, trcd: 0, ceid: 0, spp: 0, hrt: 174, gtrfrd: 0, trid: "activityPlace1", vsexp: 1965298000, sbrt: 0, ysct: 0, as: null, lwts: 0, exp: 85800, vsact: true, shcr: true, rpt: 0}, apprnc: {ht: 60, ss: 0, rc: 1, brt: 4, brc: 3, shc: 1, g: 1, bt: 0, sh: 0, fat: 4, sc: 3, rg: 0, ec: 10, mc: 3, ssc: 1, n: "Никита", pt: 0, et: 10, hc: 5, fac: 10, fft: 9, nct: 0, bc: 1, pc: 1, mt: 20}, pf: {pf: {vsgst: {l: 20, tp: "vsgst", pgs: 0}, jntr: {l: 20, tp: "jntr", pgs: 0}, phtghr: {l: 20, tp: "phtghr", pgs: 0}, grdnr: {l: 20, tp: "grdnr", pgs: 0}}}, locinfo: {x: 11.38, s: "127.0.0.1", at: "", l: "salon_sn1_1", st: 23, shlc: true, d: 4, y: 15, pl: ""}, mbm: {sk: "blackMobileSkin", ac: null}, uid: "102"}}]
Thu Jan 9 17:50:55 GMT+0300 2020 [INFO] Server said: 34: ["pl.flw", {locinfo: {x: -1, s: "127.0.0.1", at: null, l: "couturier_ctr1_1", st: 0, shlc: true, d: 0, y: -1, pl: ""}, scs: "success"}]
Thu Jan 9 17:50:55 GMT+0300 2020 [INFO] Client said: 34: [null, "pl.flw", {uid: "61"}]
Thu Jan 9 17:50:54 GMT+0300 2020 [INFO] Server said: 34: ["pl.gos", {clid: "online", onl: {61: true, 14: true}}]
Thu Jan 9 17:50:54 GMT+0300 2020 [INFO] Server said: 34: ["o.r.u", {x: 11.69, at: "", st: 23, d: 4, y: 10.81, uid: "25"}]
Thu Jan 9 17:50:54 GMT+0300 2020 [INFO] Client said: 34: [null, "pl.gos", {uids: ["61", "14"], clid: "online"}]
Thu Jan 9 17:50:53 GMT+0300 2020 [INFO] Server said: 34: ["o.r.m", {sy: 9.94, sx: 10.44, uid: "25", dx: 11.69, dy: 10.81}]
Thu Jan 9 17:50:50 GMT+0300 2020 [INFO] Server said: 34: ["o.r.u", {x: 15.5, d: 4, y: 1.5, uid: "123", st: 0}]
Thu Jan 9 17:50:50 GMT+0300 2020 [INFO] Server said: 34: ["pl.flw", {locinfo: {x: -1, s: "127.0.0.1", at: null, l: "couturier_ctr1_1", st: 0, shlc: true, d: 0, y: -1, pl: ""}, scs: "success"}]
Thu Jan 9 17:50:50 GMT+0300 2020 [INFO] Client said: 34: [null, "pl.flw", {uid: "61"}]
Thu Jan 9 17:50:49 GMT+0300 2020 [INFO] Server said: 34: ["pl.gos", {clid: "online", onl: {61: true, 14: true}}]
Thu Jan 9 17:50:48 GMT+0300 2020 [INFO] Client said: 34: [null, "pl.gos", {uids: ["61", "14"], clid: "online"}]
Thu Jan 9 17:50:48 GMT+0300 2020 [INFO] Server said: 16: ["salon_sn1_1", "123"]
Thu Jan 9 17:50:48 GMT+0300 2020 [INFO] Server said: 34: ["o.r.jn", {plr: {usrinf: {rl: 0}, clths: {clths: [{clid: null, tpid: "girlShirt12"}, {clid: null, tpid: "girlShoes14"}, {clid: null, tpid: "girlPants9"}]}, ci: {skrt: 0, lrnt: 0, kyktid: null, lgt: 0, actrd: 0, crt: 10, bcld: 0, lvt: 1578578381, plcmt: {}, crst: 0, actrp: 0, ys: 0, vip: true, actrt: 0, pamns: {amn: []}, shousd: false, strfrd: 0, sbid: null, fexp: 0, vexp: 1965298000, eml: null, skid: null, compid: 0, vret: 0, vfgc: 0, rtrtm: 0, fak: null, tts: null, gdc: 0, cmid: 0, dr: true, trcd: 0, ceid: 0, spp: 0, hrt: 174, gtrfrd: 0, trid: null, vsexp: 1965298000, sbrt: 0, ysct: 0, as: null, lwts: 0, exp: 85800, vsact: true, shcr: true, rpt: 0}, apprnc: {ht: 9, ss: 0, rc: 1, brt: 5, brc: 3, shc: 1, g: 2, bt: 0, sh: 0, fat: 0, sc: 1, rg: 0, ec: 1, mc: 2, ssc: 1, n: "Pariska", pt: 0, et: 2, hc: 4, fac: 1, fft: 0, nct: 0, bc: 1, pc: 1, mt: 1}, pf: {pf: {vsgst: {l: 20, tp: "vsgst", pgs: 0}, jntr: {l: 20, tp: "jntr", pgs: 0}, phtghr: {l: 20, tp: "phtghr", pgs: 0}, grdnr: {l: 20, tp: "grdnr", pgs: 0}}}, locinfo: {x: -1, s: "127.0.0.1", at: "", l: "salon_sn1_1", st: 0, shlc: true, d: 4, y: -1, pl: ""}, mbm: {sk: "blackMobileSkin", ac: null}, uid: "123"}}]
Thu Jan 9 17:50:47 GMT+0300 2020 [INFO] Server said: 17: ["salon_sn1_1", "61"]
Thu Jan 9 17:50:47 GMT+0300 2020 [INFO] Server said: 34: ["o.r.lv", {uid: "61"}]
Thu Jan 9 17:50:41 GMT+0300 2020 [INFO] Server said: 34: ["cp.cht.sm", {msg: {msg: "го", sid: "61", tp: "chatTextMessage", mid: null, tag: null, cid: "38_61"}, rid: "salon_sn1_1"}]
Thu Jan 9 17:50:39 GMT+0300 2020 [INFO] Client said: 34: ["salon_sn1_1", "o.r.u", {x: 10.74, y: 2.39, st: 1, d: 6, at: "sitItem12", uid: "38"}]