ClientError: Thu Jan 9 17:47:26 GMT+0300 2020 [CRITICAL] [salon] *Uncaught Error* ErrorId: 1010 ErrorName: TypeError ErrorMessage:Error #1010 ErrorStackTrace:TypeError: Error #1010
	at _-1u9::URL/parse()
	at _-1u9::URL()
	at _-18R::LoadingItem()
	at _-18R::SWFLoadingItem()
	at _-0bS::MassLoader/add()
	at _-0bS::MassLoader/_-2R5()
	at flash.events::EventDispatcher/dispatchEvent()
	at _-18R::LoadingItem/_-1Iu()
	at _-18R::LoadingItem/onError()
	at _-18R::SWFLoadingItem/onError()
	at flash.events::EventDispatcher/dispatchEvent()
	at flash.net::URLLoader/onComplete()
Thu Jan 9 17:47:26 GMT+0300 2020 [INFO] Server said: 34: ["o.r.ra", {plr: {usrinf: {rl: 0}, clths: {clths: [{clid: null, tpid: "girlDcrNY20Gld"}, {clid: "15", tpid: "girlPntsNYElgnc"}, {clid: null, tpid: "grlAprChrMst"}, {clid: null, tpid: "girlGlssYllw"}, {clid: null, tpid: "girlTopNY20Gld"}, {clid: null, tpid: "girlAcsCll"}, {clid: null, tpid: "girlJcktNY20Gld"}, {clid: null, tpid: "girlBtsNY20Nght"}]}, ci: {skrt: 0, lrnt: 0, kyktid: null, lgt: 0, actrd: 0, crt: 2080, bcld: 0, lvt: 1578577405, plcmt: {}, crst: 0, actrp: 0, ys: 0, vip: true, actrt: 0, pamns: {amn: []}, shousd: false, strfrd: 0, sbid: null, fexp: 0, vexp: 1965298000, eml: null, skid: null, compid: 0, vret: 0, vfgc: 0, rtrtm: 0, fak: null, tts: null, gdc: 0, cmid: 0, dr: true, trcd: 0, ceid: 0, spp: 0, hrt: 220, gtrfrd: 0, trid: "freelanceMicrophone", vsexp: 1965298000, sbrt: 0, ysct: 0, as: null, lwts: 0, exp: 85800, vsact: true, shcr: true, rpt: 0}, apprnc: {ht: 125, ss: 21, rc: 1, brt: 25, brc: 6, shc: 31, g: 2, bt: 0, sh: 11, fat: 0, sc: 2, rg: 0, ec: 16, mc: 16, ssc: 3, n: "мразь.", pt: 0, et: 38, hc: 1, fac: 1, fft: 7, nct: 0, bc: 1, pc: 1, mt: 23}, pf: {pf: {vsgst: {l: 20, tp: "vsgst", pgs: 0}, jntr: {l: 20, tp: "jntr", pgs: 0}, phtghr: {l: 20, tp: "phtghr", pgs: 0}, grdnr: {l: 20, tp: "grdnr", pgs: 0}}}, locinfo: {x: 4.78, s: "127.0.0.1", at: "sitItem13", l: "salon_sn1_1", st: 1, shlc: true, d: 4, y: 8.36, pl: ""}, mbm: {sk: "blackMobileSkin", ac: null}, uid: "34"}}]
Thu Jan 9 17:47:23 GMT+0300 2020 [INFO] Server said: 34: ["o.r.u", {x: 14.42, at: "salonActiveChairItem22", st: 1, d: 0, y: 5.6, uid: "17"}]
Thu Jan 9 17:47:23 GMT+0300 2020 [INFO] Server said: 34: ["o.r.u", {x: 14.42, at: "", st: 23, d: 0, y: 5.6, uid: "17"}]
Thu Jan 9 17:47:21 GMT+0300 2020 [INFO] Server said: 34: ["ntf.res", {res: {slvr: 0, gld: 7364, enrg: 500, emd: 0}}]
Thu Jan 9 17:47:21 GMT+0300 2020 [INFO] Server said: 34: ["ntf.inv", {it: {tid: "pdmNY20Flr", iid: "", c: 1}}]
Thu Jan 9 17:47:21 GMT+0300 2020 [INFO] Client said: 34: [null, "frn.buy", {cnt: 1, pind: 1, tpid: "pdmNY20Flr"}]
Thu Jan 9 17:47:20 GMT+0300 2020 [INFO] Server said: 34: ["o.r.m", {sy: 6.81, sx: 9.31, dx: 14.42, uid: "17", dy: 5.6}]
Thu Jan 9 17:47:19 GMT+0300 2020 [INFO] Server said: 34: ["o.r.u", {x: 9.31, at: "", st: 23, d: 4, y: 6.81, uid: "17"}]
Thu Jan 9 17:47:18 GMT+0300 2020 [INFO] Server said: 34: ["o.r.u", {x: 16.13, at: "", st: 23, d: 3, y: 18.69, uid: "85"}]
Thu Jan 9 17:47:18 GMT+0300 2020 [INFO] Server said: 34: ["o.r.m", {sy: 17.61, sx: 14.71, uid: "85", dx: 16.13, dy: 18.69}]
Thu Jan 9 17:47:17 GMT+0300 2020 [INFO] Server said: 34: ["o.r.m", {sy: 17.46, sx: 14.71, uid: "85", dx: 16.13, dy: 18.69}]
Thu Jan 9 17:47:17 GMT+0300 2020 [INFO] Server said: 34: ["o.r.m", {sy: 1.5, sx: 15.5, dx: 9.31, uid: "17", dy: 6.81}]
Thu Jan 9 17:47:17 GMT+0300 2020 [INFO] Server said: 34: ["o.r.m", {sy: 18.38, sx: 15.63, uid: "85", dx: 13.63, dy: 16.44}]
Thu Jan 9 17:47:16 GMT+0300 2020 [INFO] Server said: 34: ["o.r.m", {sy: 19.69, sx: 16.94, uid: "85", dx: 13.47, dy: 16.28}]
Thu Jan 9 17:47:16 GMT+0300 2020 [INFO] Server said: 34: ["o.r.u", {x: 16.94, at: "", st: 23, d: 2, y: 19.69, uid: "85"}]
Thu Jan 9 17:47:14 GMT+0300 2020 [INFO] Server said: 34: ["o.r.m", {sy: 18.25, sx: 15.75, uid: "85", dx: 16.94, dy: 19.69}]
Thu Jan 9 17:47:14 GMT+0300 2020 [INFO] Server said: 34: ["o.r.u", {x: 10.75, y: 7, st: 23, d: 4, at: "", uid: "97"}]
Thu Jan 9 17:47:14 GMT+0300 2020 [INFO] Server said: 34: ["o.r.u", {x: 15.75, at: "", st: 23, d: 6, y: 18.25, uid: "85"}]
Thu Jan 9 17:47:13 GMT+0300 2020 [INFO] Server said: 34: ["o.r.m", {sy: 4.35, sx: 10.65, uid: "97", dx: 10.75, dy: 7}]
Thu Jan 9 17:47:12 GMT+0300 2020 [INFO] Server said: 34: ["o.r.m", {sy: 17.77, sx: 18.23, uid: "85", dx: 15.75, dy: 18.25}]
Thu Jan 9 17:47:12 GMT+0300 2020 [INFO] Server said: 34: ["o.r.m", {sy: 17, sx: 19, uid: "85", dx: 17.25, dy: 18.69}]
Thu Jan 9 17:47:11 GMT+0300 2020 [INFO] Server said: 34: ["o.r.m", {sy: 1.5, sx: 15.5, uid: "97", dx: 9.55, dy: 6.23}]
Thu Jan 9 17:47:11 GMT+0300 2020 [INFO] Server said: 34: ["o.r.u", {x: 15.5, d: 4, y: 1.5, uid: "97", st: 0}]
Thu Jan 9 17:47:10 GMT+0300 2020 [INFO] Server said: 34: ["o.r.u", {x: 18.9, d: 5, y: 17.17, uid: "85", st: 0}]
Thu Jan 9 17:47:09 GMT+0300 2020 [INFO] Server said: 34: ["o.r.u", {x: 15.5, d: 4, y: 1.5, uid: "49", st: 0}]
Thu Jan 9 17:47:09 GMT+0300 2020 [INFO] Server said: 34: ["o.r.u", {x: 9.98, at: "", st: 23, d: 6, y: 7.61, uid: "25"}]
Thu Jan 9 17:47:08 GMT+0300 2020 [INFO] Server said: 34: ["o.r.ra", {plr: {usrinf: {rl: 0}, clths: {clths: [{clid: null, tpid: "boyNY20VKGiftPllvDr"}, {clid: null, tpid: "boyShoes8"}, {clid: null, tpid: "boyHdbndUncrn"}, {clid: null, tpid: "boyKgrmUncrn"}]}, ci: {skrt: 0, lrnt: 0, kyktid: null, lgt: 0, actrd: 0, crt: 641, bcld: 0, lvt: 1578577924, plcmt: {}, crst: 0, actrp: 0, ys: 0, vip: true, actrt: 0, pamns: {amn: []}, shousd: false, strfrd: 0, sbid: null, fexp: 0, vexp: 1965298000, eml: null, skid: null, compid: 0, vret: 0, vfgc: 0, rtrtm: 0, fak: null, tts: null, gdc: 0, cmid: 0, dr: true, trcd: 0, ceid: 0, spp: 0, hrt: 174, gtrfrd: 0, trid: "activityPlace1", vsexp: 1965298000, sbrt: 0, ysct: 0, as: null, lwts: 0, exp: 85800, vsact: true, shcr: true, rpt: 0}, apprnc: {ht: 9, ss: 0, rc: 1, brt: 4, brc: 3, shc: 1, g: 1, bt: 0, sh: 0, fat: 0, sc: 3, rg: 0, ec: 3, mc: 3, ssc: 1, n: "Никита", pt: 0, et: 22, hc: 3, fac: 1, fft: 0, nct: 0, bc: 7, pc: 1, mt: 20}, pf: {pf: {vsgst: {l: 20, tp: "vsgst", pgs: 0}, jntr: {l: 20, tp: "jntr", pgs: 0}, phtghr: {l: 20, tp: "phtghr", pgs: 0}, grdnr: {l: 20, tp: "grdnr", pgs: 0}}}, locinfo: {x: 11.38, s: "127.0.0.1", at: "", l: "salon_sn1_1", st: 23, shlc: true, d: 4, y: 15, pl: ""}, mbm: {sk: "blackMobileSkin", ac: null}, uid: "102"}}]
Thu Jan 9 17:47:08 GMT+0300 2020 [INFO] Server said: 34: ["o.r.m", {sy: 6.28, sx: 10.72, uid: "25", dx: 9.98, dy: 7.61}]
Thu Jan 9 17:47:08 GMT+0300 2020 [INFO] Server said: 34: ["o.r.ra", {plr: {usrinf: {rl: 0}, clths: {clths: [{clid: null, tpid: "boyNY20VKGiftPllvDr"}, {clid: null, tpid: "boyShoes8"}, {clid: null, tpid: "boyHdbndUncrn"}, {clid: null, tpid: "boyKgrmUncrn"}]}, ci: {skrt: 0, lrnt: 0, kyktid: null, lgt: 0, actrd: 0, crt: 641, bcld: 0, lvt: 1578577924, plcmt: {}, crst: 0, actrp: 0, ys: 0, vip: true, actrt: 0, pamns: {amn: []}, shousd: false, strfrd: 0, sbid: null, fexp: 0, vexp: 1965298000, eml: null, skid: null, compid: 0, vret: 0, vfgc: 0, rtrtm: 0, fak: null, tts: null, gdc: 0, cmid: 0, dr: true, trcd: 0, ceid: 0, spp: 0, hrt: 174, gtrfrd: 0, trid: "activityPlace1", vsexp: 1965298000, sbrt: 0, ysct: 0, as: null, lwts: 0, exp: 85800, vsact: true, shcr: true, rpt: 0}, apprnc: {ht: 9, ss: 0, rc: 1, brt: 4, brc: 3, shc: 1, g: 1, bt: 0, sh: 0, fat: 0, sc: 3, rg: 0, ec: 3, mc: 3, ssc: 1, n: "Никита", pt: 0, et: 22, hc: 3, fac: 1, fft: 0, nct: 0, bc: 7, pc: 1, mt: 20}, pf: {pf: {vsgst: {l: 20, tp: "vsgst", pgs: 0}, jntr: {l: 20, tp: "jntr", pgs: 0}, phtghr: {l: 20, tp: "phtghr", pgs: 0}, grdnr: {l: 20, tp: "grdnr", pgs: 0}}}, locinfo: {x: 11.38, s: "127.0.0.1", at: "", l: "salon_sn1_1", st: 23, shlc: true, d: 4, y: 15, pl: ""}, mbm: {sk: "blackMobileSkin", ac: null}, uid: "102"}}]
Thu Jan 9 17:47:07 GMT+0300 2020 [INFO] Server said: 34: ["o.r.m", {sy: 4.94, sx: 11.88, uid: "25", dx: 10.58, dy: 6.45}]
Thu Jan 9 17:47:07 GMT+0300 2020 [INFO] Server said: 34: ["o.r.u", {x: 11.88, at: "", st: 23, d: 5, y: 4.94, uid: "25"}]
Thu Jan 9 17:47:06 GMT+0300 2020 [INFO] Server said: 16: ["salon_sn1_1", "97"]
Thu Jan 9 17:47:06 GMT+0300 2020 [INFO] Server said: 34: ["o.r.jn", {plr: {usrinf: {rl: 0}, clths: {clths: [{clid: null, tpid: "boyTrvlGls"}, {clid: null, tpid: "bNY16FCt"}, {clid: null, tpid: "boyShirt14"}, {clid: null, tpid: "boyNY15Hat"}, {clid: null, tpid: "boySMR14Sh3"}, {clid: null, tpid: "bSP14Gun"}, {clid: null, tpid: "boySMR14Pants2"}]}, ci: {skrt: 0, lrnt: 0, kyktid: null, lgt: 0, actrd: 0, crt: 1304, bcld: 0, lvt: 1578578165, plcmt: {}, crst: 0, actrp: 0, ys: 0, vip: true, actrt: 0, pamns: {amn: []}, shousd: false, strfrd: 0, sbid: null, fexp: 0, vexp: 1965298000, eml: null, skid: null, compid: 0, vret: 0, vfgc: 0, rtrtm: 0, fak: null, tts: null, gdc: 0, cmid: 0, dr: true, trcd: 0, ceid: 0, spp: 0, hrt: 174, gtrfrd: 0, trid: null, vsexp: 1965298000, sbrt: 0, ysct: 0, as: null, lwts: 0, exp: 85800, vsact: true, shcr: true, rpt: 0}, apprnc: {ht: 91, ss: 0, rc: 1, brt: 6, brc: 2, shc: 1, g: 1, bt: 0, sh: 0, fat: 0, sc: 1, rg: 0, ec: 2, mc: 2, ssc: 1, n: "Лунтик", pt: 0, et: 19, hc: 7, fac: 1, fft: 0, nct: 0, bc: 1, pc: 1, mt: 1}, pf: {pf: {vsgst: {l: 20, tp: "vsgst", pgs: 0}, jntr: {l: 20, tp: "jntr", pgs: 0}, phtghr: {l: 20, tp: "phtghr", pgs: 0}, grdnr: {l: 20, tp: "grdnr", pgs: 0}}}, locinfo: {x: -1, s: "127.0.0.1", at: "", l: "salon_sn1_1", st: 0, shlc: true, d: 4, y: -1, pl: ""}, mbm: {sk: "blackMobileSkin", ac: null}, uid: "97"}}]
Thu Jan 9 17:47:05 GMT+0300 2020 [INFO] Server said: 34: ["o.r.m", {sy: 1.5, sx: 15.5, uid: "25", dx: 11.88, dy: 4.94}]
Thu Jan 9 17:47:04 GMT+0300 2020 [INFO] Server said: 16: ["salon_sn1_1", "49"]
Thu Jan 9 17:47:04 GMT+0300 2020 [INFO] Server said: 34: ["o.r.jn", {plr: {usrinf: {rl: 0}, clths: {clths: [{clid: null, tpid: "girlBgGrn"}, {clid: null, tpid: "girlSktGrn"}, {clid: null, tpid: "girlNcklGrn"}, {clid: null, tpid: "girlTShrtGrn"}, {clid: null, tpid: "girlErrGrn"}, {clid: null, tpid: "girlBtsGrn"}]}, ci: {skrt: 0, lrnt: 0, kyktid: null, lgt: 0, actrd: 0, crt: 940, bcld: 0, lvt: 1578578164, plcmt: {}, crst: 0, actrp: 0, ys: 0, vip: true, actrt: 0, pamns: {amn: []}, shousd: false, strfrd: 0, sbid: null, fexp: 0, vexp: 1965298000, eml: null, skid: null, compid: 0, vret: 0, vfgc: 0, rtrtm: 0, fak: null, tts: null, gdc: 0, cmid: 0, dr: true, trcd: 0, ceid: 0, spp: 0, hrt: 374, gtrfrd: 0, trid: "freelanceMicrophone", vsexp: 1965298000, sbrt: 0, ysct: 0, as: null, lwts: 0, exp: 85800, vsact: true, shcr: true, rpt: 0}, apprnc: {ht: 132, ss: 0, rc: 1, brt: 29, brc: 2, shc: 1, g: 2, bt: 0, sh: 0, fat: 0, sc: 2, rg: 0, ec: 3, mc: 4, ssc: 1, n: ".sunset.", pt: 0, et: 2, hc: 5, fac: 1, fft: 0, nct: 0, bc: 1, pc: 1, mt: 7}, pf: {pf: {vsgst: {l: 20, tp: "vsgst", pgs: 0}, jntr: {l: 20, tp: "jntr", pgs: 0}, phtghr: {l: 20, tp: "phtghr", pgs: 0}, grdnr: {l: 20, tp: "grdnr", pgs: 0}}}, locinfo: {x: -1, s: "127.0.0.1", at: "", l: "salon_sn1_1", st: 0, shlc: true, d: 4, y: -1, pl: ""}, mbm: {sk: "blackMobileSkin", ac: null}, uid: "49"}}]
Thu Jan 9 17:47:02 GMT+0300 2020 [INFO] Server said: 17: ["salon_sn1_1", "49"]
Thu Jan 9 17:47:02 GMT+0300 2020 [INFO] Server said: 34: ["o.r.lv", {uid: "49"}]