ClientError: Thu Jan 9 22:11:47 GMT+0700 2020 [CRITICAL] [house] *Uncaught Error* ErrorId: 2007 ErrorName: TypeError ErrorMessage:Error #2007 ErrorStackTrace:TypeError: Error #2007
	at _-0qh::TextHelper$/createTextField()
	at _-4Ta::_-1X-/_-41t()
	at _-4Ta::_-1X-/onAvatarChanged()
	at flash.events::EventDispatcher/dispatchEvent()
	at _-0Q0::_-3v3/_-3b0()
	at flash.events::EventDispatcher/dispatchEvent()
	at ags::_-2t/_-2dI()
	at flash.events::EventDispatcher/dispatchEvent()
	at _-0en::_-0O8/_-1LF()
	at _-0en::_-0O8/execute()
	at ags::AGSClient/_-0i9()
	at ags::AGSClient/_-2ZF()
	at ags::AGSClient/_-2Ea()
Thu Jan 9 22:11:47 GMT+0700 2020 [INFO] Client said: 34: ["house_709_livingroom", "h.r.ra", {}]
Thu Jan 9 22:11:47 GMT+0700 2020 [INFO] Server said: 34: ["a.clths.wear", {cn: "", ctp: "casual", ccltn: {cct: ["girlNY20VKGiftPllvCnd", "girlPants9", "girlShoes14"]}, clths: {clths: [{clid: null, tpid: "girlNY20VKGiftPllvCnd"}, {clid: null, tpid: "girlPants9"}, {clid: null, tpid: "girlShoes14"}]}, inv: {c: {frn: {id: "frn", it: []}, act: {id: "act", it: []}, cls: {id: "cls", it: [{c: 1, tid: "girlUnderdress1", iid: ""}, {c: 1, tid: "girlUnderdress2", iid: ""}, {c: 1, tid: "girlShirt12", iid: ""}, {c: 1, tid: "girlNY20VKGiftPllvDr", iid: ""}]}, gm: {id: "gm", it: [{c: 1, tid: "blackMobileSkin", iid: ""}]}, lt: {id: "lt", it: []}}}}]
Thu Jan 9 22:11:42 GMT+0700 2020 [INFO] Server said: 34: ["h.r.ra", {plr: {apprnc: {pc: 1, fac: 1, rc: 1, bt: 0, ss: 0, sc: 1, et: 5, nct: 0, brt: 29, ssc: 1, g: 2, fft: 0, shc: 1, ht: 126, mt: 5, hc: 5, n: "фелякс оао", pt: 0, ec: 4, rg: 0, brc: 1, sh: 0, bc: 1, fat: 0, mc: 1}, mbm: {sk: "blackMobileSkin", ac: null}, locinfo: {x: 0.5, s: "127.0.0.1", y: 11.5, d: 4, shlc: true, pl: "", st: 23, l: "house_709_livingroom", at: ""}, ci: {lrnt: 0, tts: null, plcmt: {}, lvt: 1578581994, crt: 410, actrp: 0, fak: null, trcd: 0, hrt: 174, ys: 0, vip: true, fexp: 0, gdc: 0, vret: 0, strfrd: 0, cmid: 0, compid: 0, as: null, lwts: 0, vsexp: 1965298000, spp: 0, ceid: 0, crst: 0, trid: null, rpt: 0, gtrfrd: 0, skid: null, sbid: null, eml: null, skrt: 0, shcr: true, bcld: 0, kyktid: null, pamns: {amn: []}, vfgc: 0, sbrt: 0, shousd: false, actrt: 0, vexp: 1965298000, ysct: 0, lgt: 0, actrd: 0, exp: 85800, rtrtm: 0, vsact: true, dr: true}, clths: {clths: [{clid: null, tpid: "girlNY20VKGiftPllvCnd"}, {clid: null, tpid: "girlPants9"}, {clid: null, tpid: "girlShoes14"}]}, usrinf: {rl: 0}, uid: "709", pf: {pf: {jntr: {pgs: 0, tp: "jntr", l: 20}, grdnr: {pgs: 0, tp: "grdnr", l: 20}, vsgst: {pgs: 0, tp: "vsgst", l: 20}, phtghr: {pgs: 0, tp: "phtghr", l: 20}}}}}]
Thu Jan 9 22:11:40 GMT+0700 2020 [INFO] Client said: 34: ["house_709_livingroom", "h.r.ra", {}]
Thu Jan 9 22:11:40 GMT+0700 2020 [INFO] Server said: 34: ["a.clths.wear", {cn: "", ctp: "casual", ccltn: {cct: ["girlNY20VKGiftPllvCnd", "girlPants9", "girlShoes14"]}, clths: {clths: [{clid: null, tpid: "girlNY20VKGiftPllvCnd"}, {clid: null, tpid: "girlPants9"}, {clid: null, tpid: "girlShoes14"}]}, inv: {c: {frn: {id: "frn", it: []}, act: {id: "act", it: []}, cls: {id: "cls", it: [{c: 1, tid: "girlUnderdress1", iid: ""}, {c: 1, tid: "girlUnderdress2", iid: ""}, {c: 1, tid: "girlShirt12", iid: ""}, {c: 1, tid: "girlNY20VKGiftPllvDr", iid: ""}]}, gm: {id: "gm", it: [{c: 1, tid: "blackMobileSkin", iid: ""}]}, lt: {id: "lt", it: []}}}}]
Thu Jan 9 22:11:40 GMT+0700 2020 [INFO] Client said: 34: [null, "a.clths.wear", {clths: [{clid: null, tpid: "girlPants9"}, {clid: null, tpid: "girlShoes14"}, {clid: "", tpid: "girlNY20VKGiftPllvCnd"}], ctp: "casual"}]
Thu Jan 9 22:11:39 GMT+0700 2020 [INFO] Client said: 34: [null, "a.clths.wear", {clths: [{clid: null, tpid: "girlPants9"}, {clid: null, tpid: "girlShoes14"}, {clid: "", tpid: "girlNY20VKGiftPllvCnd"}], ctp: "casual"}]
Thu Jan 9 22:11:36 GMT+0700 2020 [INFO] Client said: 34: [null, "a.clths.wear", {clths: [{clid: null, tpid: "girlPants9"}, {clid: null, tpid: "girlShoes14"}, {clid: "", tpid: "girlNY20VKGiftPllvCnd"}], ctp: "casual"}]
Thu Jan 9 22:11:34 GMT+0700 2020 [INFO] Client said: 34: [null, "a.clths.wear", {clths: [{clid: null, tpid: "girlPants9"}, {clid: null, tpid: "girlShoes14"}, {clid: "", tpid: "girlNY20VKGiftPllvCnd"}], ctp: "casual"}]
Thu Jan 9 22:11:33 GMT+0700 2020 [INFO] Client said: 34: ["house_709_livingroom", "h.r.u", {x: 0.5, y: 11.5, d: 5, uid: "709", st: 23, at: ""}]
Thu Jan 9 22:11:30 GMT+0700 2020 [INFO] Client said: 34: ["house_709_livingroom", "h.r.m", {sx: 3.08, uid: "709", dy: 11.5, sy: 6.96, dx: 0.5}]
Thu Jan 9 22:11:29 GMT+0700 2020 [INFO] Client said: 34: ["house_709_livingroom", "h.r.m", {sx: 3.08, uid: "709", dy: 8.03, sy: 5.27, dx: 2.66}]
Thu Jan 9 22:11:25 GMT+0700 2020 [INFO] [YandexMetrics.reachGoal] Call reach goal 'close_payment_dialog' for counter 31321471
Thu Jan 9 22:11:25 GMT+0700 2020 [INFO] [YandexMetrics.onCounterInit] Yandex metrics counter 31321471 inited
Thu Jan 9 22:11:25 GMT+0700 2020 [INFO] [YandexMetrics.reachGoal] Call reach goal 'show_payment_dialog' for counter 31321471
Thu Jan 9 22:11:23 GMT+0700 2020 [INFO] Server said: 34: ["spt.init", {a: false}]
Thu Jan 9 22:11:23 GMT+0700 2020 [INFO] [YandexMetrics.initCounter] Try to init Yandex metrics counter 31321471
Thu Jan 9 22:11:23 GMT+0700 2020 [INFO] Client said: 34: [null, "spt.init", {}]
Thu Jan 9 22:11:21 GMT+0700 2020 [INFO] Server said: 34: ["h.r.ra", {plr: {apprnc: {pc: 1, fac: 1, rc: 1, bt: 0, ss: 0, sc: 1, et: 5, nct: 0, brt: 29, ssc: 1, g: 2, fft: 0, shc: 1, ht: 126, mt: 5, hc: 5, n: "фелякс оао", pt: 0, ec: 4, rg: 0, brc: 1, sh: 0, bc: 1, fat: 0, mc: 1}, mbm: {sk: "blackMobileSkin", ac: null}, locinfo: {x: 3.08, s: "127.0.0.1", y: 5.27, d: 4, shlc: true, pl: "", st: 23, l: "house_709_livingroom", at: ""}, ci: {lrnt: 0, tts: null, plcmt: {}, lvt: 1578581994, crt: 410, actrp: 0, fak: null, trcd: 0, hrt: 174, ys: 0, vip: true, fexp: 0, gdc: 0, vret: 0, strfrd: 0, cmid: 0, compid: 0, as: null, lwts: 0, vsexp: 1965298000, spp: 0, ceid: 0, crst: 0, trid: null, rpt: 0, gtrfrd: 0, skid: null, sbid: null, eml: null, skrt: 0, shcr: true, bcld: 0, kyktid: null, pamns: {amn: []}, vfgc: 0, sbrt: 0, shousd: false, actrt: 0, vexp: 1965298000, ysct: 0, lgt: 0, actrd: 0, exp: 85800, rtrtm: 0, vsact: true, dr: true}, clths: {clths: [{clid: null, tpid: "girlNY20VKGiftPllvDr"}, {clid: null, tpid: "girlPants9"}, {clid: null, tpid: "girlShoes14"}]}, usrinf: {rl: 0}, uid: "709", pf: {pf: {jntr: {pgs: 0, tp: "jntr", l: 20}, grdnr: {pgs: 0, tp: "grdnr", l: 20}, vsgst: {pgs: 0, tp: "vsgst", l: 20}, phtghr: {pgs: 0, tp: "phtghr", l: 20}}}}}]
Thu Jan 9 22:11:19 GMT+0700 2020 [INFO] Client said: 34: ["house_709_livingroom", "h.r.ra", {}]
Thu Jan 9 22:11:19 GMT+0700 2020 [INFO] Server said: 34: ["a.clths.buy", {crt: 410, res: {gld: 0, emd: 0, slvr: 10000, enrg: 500}, ccltn: {cct: ["girlNY20VKGiftPllvDr", "girlPants9", "girlShoes14"], ctp: "casual", cn: ""}, clths: {clths: [{clid: null, tpid: "girlNY20VKGiftPllvDr"}, {clid: null, tpid: "girlPants9"}, {clid: null, tpid: "girlShoes14"}]}, inv: {c: {frn: {id: "frn", it: []}, act: {id: "act", it: []}, cls: {id: "cls", it: [{c: 1, tid: "girlUnderdress1", iid: ""}, {c: 1, tid: "girlUnderdress2", iid: ""}, {c: 1, tid: "girlShirt12", iid: ""}, {c: 1, tid: "girlNY20VKGiftPllvCnd", iid: ""}]}, gm: {id: "gm", it: [{c: 1, tid: "blackMobileSkin", iid: ""}]}, lt: {id: "lt", it: []}}}}]
Thu Jan 9 22:11:15 GMT+0700 2020 [INFO] Client said: 34: [null, "a.clths.buy", {pind: 1, ctp: "casual", tpid: "girlNY20VKGiftPllvDr"}]
Thu Jan 9 22:11:05 GMT+0700 2020 [INFO] Server said: 34: ["h.r.ra", {plr: {apprnc: {pc: 1, fac: 1, rc: 1, bt: 0, ss: 0, sc: 1, et: 5, nct: 0, brt: 29, ssc: 1, g: 2, fft: 0, shc: 1, ht: 126, mt: 5, hc: 5, n: "фелякс оао", pt: 0, ec: 4, rg: 0, brc: 1, sh: 0, bc: 1, fat: 0, mc: 1}, mbm: {sk: "blackMobileSkin", ac: null}, locinfo: {x: 3.08, s: "127.0.0.1", y: 5.27, d: 4, shlc: true, pl: "", st: 23, l: "house_709_livingroom", at: ""}, ci: {lrnt: 0, tts: null, plcmt: {}, lvt: 1578581994, crt: 170, actrp: 0, fak: null, trcd: 0, hrt: 174, ys: 0, vip: true, fexp: 0, gdc: 0, vret: 0, strfrd: 0, cmid: 0, compid: 0, as: null, lwts: 0, vsexp: 1965298000, spp: 0, ceid: 0, crst: 0, trid: null, rpt: 0, gtrfrd: 0, skid: null, sbid: null, eml: null, skrt: 0, shcr: true, bcld: 0, kyktid: null, pamns: {amn: []}, vfgc: 0, sbrt: 0, shousd: false, actrt: 0, vexp: 1965298000, ysct: 0, lgt: 0, actrd: 0, exp: 85800, rtrtm: 0, vsact: true, dr: true}, clths: {clths: [{clid: null, tpid: "girlNY20VKGiftPllvCnd"}, {clid: null, tpid: "girlPants9"}, {clid: null, tpid: "girlShoes14"}]}, usrinf: {rl: 0}, uid: "709", pf: {pf: {jntr: {pgs: 0, tp: "jntr", l: 20}, grdnr: {pgs: 0, tp: "grdnr", l: 20}, vsgst: {pgs: 0, tp: "vsgst", l: 20}, phtghr: {pgs: 0, tp: "phtghr", l: 20}}}}}]
Thu Jan 9 22:11:03 GMT+0700 2020 [INFO] Client said: 34: ["house_709_livingroom", "h.r.ra", {}]
Thu Jan 9 22:11:03 GMT+0700 2020 [INFO] Server said: 34: ["a.clths.buy", {crt: 170, res: {gld: 60, emd: 0, slvr: 10000, enrg: 500}, ccltn: {cct: ["girlNY20VKGiftPllvCnd", "girlPants9", "girlShoes14"], ctp: "casual", cn: ""}, clths: {clths: [{clid: null, tpid: "girlNY20VKGiftPllvCnd"}, {clid: null, tpid: "girlPants9"}, {clid: null, tpid: "girlShoes14"}]}, inv: {c: {frn: {id: "frn", it: []}, act: {id: "act", it: []}, cls: {id: "cls", it: [{c: 1, tid: "girlUnderdress1", iid: ""}, {c: 1, tid: "girlUnderdress2", iid: ""}, {c: 1, tid: "girlShirt12", iid: ""}]}, gm: {id: "gm", it: [{c: 1, tid: "blackMobileSkin", iid: ""}]}, lt: {id: "lt", it: []}}}}]
Thu Jan 9 22:11:00 GMT+0700 2020 [INFO] Client said: 34: [null, "a.clths.buy", {pind: 1, ctp: "casual", tpid: "girlNY20VKGiftPllvCnd"}]
Thu Jan 9 22:10:42 GMT+0700 2020 [INFO] Client said: 34: ["house_709_livingroom", "h.r.u", {x: 3.08, y: 5.27, d: 5, uid: "709", st: 23, at: ""}]
Thu Jan 9 22:10:39 GMT+0700 2020 [INFO] Client said: 34: ["house_709_livingroom", "h.r.m", {sx: 4.05, uid: "709", dy: 5.27, sy: 0.1, dx: 3.08}]
Thu Jan 9 22:10:35 GMT+0700 2020 [INFO] Client said: 34: ["house_709_livingroom", "h.r.u", {st: 0, x: 4.05, uid: "709", y: 0.1, d: 4}]
Thu Jan 9 22:10:35 GMT+0700 2020 [INFO] Server said: 34: ["lg.lst", {glst: []}]
Thu Jan 9 22:10:35 GMT+0700 2020 [INFO] Client said: 34: ["house_709_livingroom", "lg.lst", {}]
Thu Jan 9 22:10:35 GMT+0700 2020 [INFO] Server said: 34: ["h.r.info", {rmmb: [{apprnc: {pc: 1, fac: 1, rc: 1, bt: 0, ss: 0, sc: 1, et: 5, nct: 0, brt: 29, ssc: 1, g: 2, fft: 0, shc: 1, ht: 126, mt: 5, hc: 5, n: "фелякс оао", pt: 0, ec: 4, rg: 0, brc: 1, sh: 0, bc: 1, fat: 0, mc: 1}, mbm: {sk: "blackMobileSkin", ac: null}, locinfo: {x: -1, s: "127.0.0.1", y: -1, d: 4, shlc: true, pl: "", st: 0, l: "house_709_livingroom", at: ""}, ci: {lrnt: 0, tts: null, plcmt: {}, lvt: 1578581994, crt: 10, actrp: 0, fak: null, trcd: 0, hrt: 174, ys: 0, vip: true, fexp: 0, gdc: 0, vret: 0, strfrd: 0, cmid: 0, compid: 0, as: null, lwts: 0, vsexp: 1965298000, spp: 0, ceid: 0, crst: 0, trid: null, rpt: 0, gtrfrd: 0, skid: null, sbid: null, eml: null, skrt: 0, shcr: true, bcld: 0, kyktid: null, pamns: {amn: []}, vfgc: 0, sbrt: 0, shousd: false, actrt: 0, vexp: 1965298000, ysct: 0, lgt: 0, actrd: 0, exp: 85800, rtrtm: 0, vsact: true, dr: true}, clths: {clths: [{clid: null, tpid: "girlShirt12"}, {clid: null, tpid: "girlShoes14"}, {clid: null, tpid: "girlPants9"}]}, usrinf: {rl: 0}, uid: "709", pf: {pf: {jntr: {pgs: 0, tp: "jntr", l: 20}, grdnr: {pgs: 0, tp: "grdnr", l: 20}, vsgst: {pgs: 0, tp: "vsgst", l: 20}, phtghr: {pgs: 0, tp: "phtghr", l: 20}}}}], evn: null, rm: {lev: 1, nm: "#livingRoom", id: "livingroom", f: [{x: 0, y: 0, z: 0, lid: 1, d: 3, tpid: "wall15"}, {x: 3, y: 0, rid: "outside", z: 0, lid: 4, d: 3, tpid: "door4"}, {x: 13, y: 0, z: 0, lid: 2, d: 5, tpid: "wall15"}, {x: 0, y: 0, z: 0, lid: 3, d: 5, tpid: "floor4"}], l: 13, w: 13}}]
Thu Jan 9 22:10:31 GMT+0700 2020 [INFO] Client said: 34: ["house_709_livingroom", "h.r.info", {uid: "709", rid: "livingroom"}]
Thu Jan 9 22:10:31 GMT+0700 2020 [INFO] Server said: 34: ["h.gr", {rid: "house_709_livingroom"}]
Thu Jan 9 22:10:31 GMT+0700 2020 [INFO] Server said: 16: ["house_709_livingroom", "709"]
Thu Jan 9 22:10:31 GMT+0700 2020 [INFO] Server said: 34: ["h.r.jn", {plr: {apprnc: {pc: 1, fac: 1, rc: 1, bt: 0, ss: 0, sc: 1, et: 5, nct: 0, brt: 29, ssc: 1, g: 2, fft: 0, shc: 1, ht: 126, mt: 5, hc: 5, n: "фелякс оао", pt: 0, ec: 4, rg: 0, brc: 1, sh: 0, bc: 1, fat: 0, mc: 1}, mbm: {sk: "blackMobileSkin", ac: null}, locinfo: {x: -1, s: "127.0.0.1", y: -1, d: 4, shlc: true, pl: "", st: 0, l: "house_709_livingroom", at: ""}, ci: {lrnt: 0, tts: null, plcmt: {}, lvt: 1578581994, crt: 10, actrp: 0, fak: null, trcd: 0, hrt: 174, ys: 0, vip: true, fexp: 0, gdc: 0, vret: 0, strfrd: 0, cmid: 0, compid: 0, as: null, lwts: 0, vsexp: 1965298000, spp: 0, ceid: 0, crst: 0, trid: null, rpt: 0, gtrfrd: 0, skid: null, sbid: null, eml: null, skrt: 0, shcr: true, bcld: 0, kyktid: null, pamns: {amn: []}, vfgc: 0, sbrt: 0, shousd: false, actrt: 0, vexp: 1965298000, ysct: 0, lgt: 0, actrd: 0, exp: 85800, rtrtm: 0, vsact: true, dr: true}, clths: {clths: [{clid: null, tpid: "girlShirt12"}, {clid: null, tpid: "girlShoes14"}, {clid: null, tpid: "girlPants9"}]}, usrinf: {rl: 0}, uid: "709", pf: {pf: {jntr: {pgs: 0, tp: "jntr", l: 20}, grdnr: {pgs: 0, tp: "grdnr", l: 20}, vsgst: {pgs: 0, tp: "vsgst", l: 20}, phtghr: {pgs: 0, tp: "phtghr", l: 20}}}}}]
Thu Jan 9 22:10:29 GMT+0700 2020 [INFO] Client said: 34: [null, "h.gr", {lid: "house", rid: "livingroom", gid: "709"}]
Thu Jan 9 22:10:29 GMT+0700 2020 [INFO] Loaded  LoadingItem(url: http://62.113.113.58:8080/files/swf/furniture/house/WallPoppy.swf, status: 2) 