ClientError: Thu Jan 9 22:18:31 GMT+0700 2020 [CRITICAL] [house] *Uncaught Error* ErrorId: 1009 ErrorName: TypeError ErrorMessage:Error #1009 ErrorStackTrace:TypeError: Error #1009
	at _-371::SupportNetManager/init()
	at _-4I::_-Ss/init()
	at _-Qp::_-1DK/onAddedToStage()
	at _-0qh::UIManager/_-1oS()
	at _-0qh::UIManager/showModal()
	at _-Qp::_-1DK/showModal()
	at _-19Y::TopPanel/_-3oC()
Thu Jan 9 22:18:29 GMT+0700 2020 [INFO] Client said: 34: ["house_473_livingroom", "h.r.u", {x: 4.84, at: "", y: 7.72, st: 23, d: 6, uid: "473"}]
Thu Jan 9 22:18:28 GMT+0700 2020 [INFO] Client said: 34: ["house_473_livingroom", "h.r.m", {dy: 7.72, dx: 4.84, sx: 6.88, uid: "473", sy: 6.88}]
Thu Jan 9 22:18:28 GMT+0700 2020 [INFO] Client said: 34: ["house_473_livingroom", "h.r.m", {dy: 6.81, dx: 7.31, sx: 5.33, uid: "473", sy: 6.95}]
Thu Jan 9 22:18:27 GMT+0700 2020 [INFO] Client said: 34: ["house_473_livingroom", "h.r.u", {x: 5.33, at: "", y: 6.95, st: 23, d: 0, uid: "473"}]
Thu Jan 9 22:18:26 GMT+0700 2020 [INFO] Server said: 34: ["h.r.ra", {plr: {locinfo: {x: 4.52, s: "127.0.0.1", y: 6.08, st: 23, at: "", d: 4, pl: "", l: "house_473_livingroom", shlc: true}, apprnc: {rg: 0, ssc: 1, rc: 1, ec: 3, bt: 0, shc: 1, sh: 0, brc: 5, g: 2, brt: 1, mc: 2, ht: 106, ss: 0, pc: 1, fat: 0, et: 5, sc: 1, mt: 6, n: "Асичка", nct: 0, fac: 1, pt: 0, fft: 0, bc: 1, hc: 5}, mbm: {sk: "blackMobileSkin", ac: null}, pf: {pf: {jntr: {pgs: 0, tp: "jntr", l: 20}, phtghr: {pgs: 0, tp: "phtghr", l: 20}, vsgst: {pgs: 0, tp: "vsgst", l: 20}, grdnr: {pgs: 0, tp: "grdnr", l: 20}}}, clths: {clths: [{clid: null, tpid: "girlShirt12"}, {clid: null, tpid: "girlShoes14"}, {clid: null, tpid: "girlPants9"}]}, ci: {crst: 0, compid: 0, lgt: 0, lrnt: 0, sbid: null, actrd: 0, crt: 10, sbrt: 0, fak: null, eml: null, rpt: 0, tts: null, vexp: 1965298000, gtrfrd: 0, lwts: 0, vfgc: 0, ys: 0, vip: true, dr: true, as: null, strfrd: 0, skrt: 0, lvt: 1578582544, shousd: false, trid: "freelanceMicrophone", skid: null, vsact: true, shcr: true, bcld: 0, gdc: 0, rtrtm: 0, cmid: 0, pamns: {amn: []}, hrt: 174, ceid: 0, actrp: 0, ysct: 0, fexp: 0, spp: 0, trcd: 0, vret: 0, exp: 85800, actrt: 0, vsexp: 1965298000, kyktid: null, plcmt: {}}, usrinf: {rl: 0}, uid: "473"}}]
Thu Jan 9 22:18:26 GMT+0700 2020 [INFO] Client said: 34: ["house_473_livingroom", "h.r.m", {dy: 6.95, dx: 5.33, sx: 6.75, uid: "473", sy: 6.08}]
Thu Jan 9 22:18:25 GMT+0700 2020 [INFO] Client said: 34: ["house_473_livingroom", "h.r.m", {dy: 5.92, dx: 9.17, sx: 4.52, uid: "473", sy: 6.08}]
Thu Jan 9 22:18:25 GMT+0700 2020 [INFO] Server said: 34: ["h.r.ra", {plr: {locinfo: {x: 4.52, s: "127.0.0.1", y: 6.08, st: 23, at: "", d: 4, pl: "", l: "house_473_livingroom", shlc: true}, apprnc: {rg: 0, ssc: 1, rc: 1, ec: 3, bt: 0, shc: 1, sh: 0, brc: 5, g: 2, brt: 1, mc: 2, ht: 106, ss: 0, pc: 1, fat: 0, et: 5, sc: 1, mt: 6, n: "Асичка", nct: 0, fac: 1, pt: 0, fft: 0, bc: 1, hc: 5}, mbm: {sk: "blackMobileSkin", ac: null}, pf: {pf: {jntr: {pgs: 0, tp: "jntr", l: 20}, phtghr: {pgs: 0, tp: "phtghr", l: 20}, vsgst: {pgs: 0, tp: "vsgst", l: 20}, grdnr: {pgs: 0, tp: "grdnr", l: 20}}}, clths: {clths: [{clid: null, tpid: "girlShirt12"}, {clid: null, tpid: "girlShoes14"}, {clid: null, tpid: "girlPants9"}]}, ci: {crst: 0, compid: 0, lgt: 0, lrnt: 0, sbid: null, actrd: 0, crt: 10, sbrt: 0, fak: null, eml: null, rpt: 0, tts: null, vexp: 1965298000, gtrfrd: 0, lwts: 0, vfgc: 0, ys: 0, vip: true, dr: true, as: null, strfrd: 0, skrt: 0, lvt: 1578582544, shousd: false, trid: "freelanceMicrophone", skid: null, vsact: true, shcr: true, bcld: 0, gdc: 0, rtrtm: 0, cmid: 0, pamns: {amn: []}, hrt: 174, ceid: 0, actrp: 0, ysct: 0, fexp: 0, spp: 0, trcd: 0, vret: 0, exp: 85800, actrt: 0, vsexp: 1965298000, kyktid: null, plcmt: {}}, usrinf: {rl: 0}, uid: "473"}}]
Thu Jan 9 22:18:22 GMT+0700 2020 [INFO] Client said: 34: ["house_473_livingroom", "h.r.ra", {}]
Thu Jan 9 22:18:22 GMT+0700 2020 [INFO] Server said: 34: ["psp.sttrph", {trid: "freelanceMicrophone"}]
Thu Jan 9 22:18:22 GMT+0700 2020 [INFO] Client said: 34: ["house_473_livingroom", "h.r.ra", {}]
Thu Jan 9 22:18:22 GMT+0700 2020 [INFO] Server said: 34: ["psp.sttrph", {trid: "freelanceMicrophone"}]
Thu Jan 9 22:18:21 GMT+0700 2020 [INFO] Client said: 34: [null, "psp.sttrph", {trid: "freelanceMicrophone"}]
Thu Jan 9 22:18:21 GMT+0700 2020 [INFO] Server said: 34: ["h.r.ra", {plr: {locinfo: {x: 4.52, s: "127.0.0.1", y: 6.08, st: 23, at: "", d: 4, pl: "", l: "house_473_livingroom", shlc: true}, apprnc: {rg: 0, ssc: 1, rc: 1, ec: 3, bt: 0, shc: 1, sh: 0, brc: 5, g: 2, brt: 1, mc: 2, ht: 106, ss: 0, pc: 1, fat: 0, et: 5, sc: 1, mt: 6, n: "Асичка", nct: 0, fac: 1, pt: 0, fft: 0, bc: 1, hc: 5}, mbm: {sk: "blackMobileSkin", ac: null}, pf: {pf: {jntr: {pgs: 0, tp: "jntr", l: 20}, phtghr: {pgs: 0, tp: "phtghr", l: 20}, vsgst: {pgs: 0, tp: "vsgst", l: 20}, grdnr: {pgs: 0, tp: "grdnr", l: 20}}}, clths: {clths: [{clid: null, tpid: "girlShirt12"}, {clid: null, tpid: "girlShoes14"}, {clid: null, tpid: "girlPants9"}]}, ci: {crst: 0, compid: 0, lgt: 0, lrnt: 0, sbid: null, actrd: 0, crt: 10, sbrt: 0, fak: null, eml: null, rpt: 0, tts: null, vexp: 1965298000, gtrfrd: 0, lwts: 0, vfgc: 0, ys: 0, vip: true, dr: true, as: null, strfrd: 0, skrt: 0, lvt: 1578582544, shousd: false, trid: "freelanceModerator", skid: null, vsact: true, shcr: true, bcld: 0, gdc: 0, rtrtm: 0, cmid: 0, pamns: {amn: []}, hrt: 174, ceid: 0, actrp: 0, ysct: 0, fexp: 0, spp: 0, trcd: 0, vret: 0, exp: 85800, actrt: 0, vsexp: 1965298000, kyktid: null, plcmt: {}}, usrinf: {rl: 0}, uid: "473"}}]
Thu Jan 9 22:18:20 GMT+0700 2020 [INFO] Client said: 34: [null, "psp.sttrph", {trid: "freelanceMicrophone"}]
Thu Jan 9 22:18:19 GMT+0700 2020 [INFO] Client said: 34: ["house_473_livingroom", "h.r.ra", {}]
Thu Jan 9 22:18:19 GMT+0700 2020 [INFO] Server said: 34: ["psp.sttrph", {trid: "freelanceModerator"}]
Thu Jan 9 22:18:18 GMT+0700 2020 [INFO] Client said: 34: [null, "psp.sttrph", {trid: "freelanceModerator"}]
Thu Jan 9 22:18:04 GMT+0700 2020 [INFO] Server said: 34: ["h.r.ra", {plr: {locinfo: {x: 4.52, s: "127.0.0.1", y: 6.08, st: 23, at: "", d: 4, pl: "", l: "house_473_livingroom", shlc: true}, apprnc: {rg: 0, ssc: 1, rc: 1, ec: 3, bt: 0, shc: 1, sh: 0, brc: 5, g: 2, brt: 1, mc: 2, ht: 106, ss: 0, pc: 1, fat: 0, et: 5, sc: 1, mt: 6, n: "Асичка", nct: 0, fac: 1, pt: 0, fft: 0, bc: 1, hc: 5}, mbm: {sk: "blackMobileSkin", ac: null}, pf: {pf: {jntr: {pgs: 0, tp: "jntr", l: 20}, phtghr: {pgs: 0, tp: "phtghr", l: 20}, vsgst: {pgs: 0, tp: "vsgst", l: 20}, grdnr: {pgs: 0, tp: "grdnr", l: 20}}}, clths: {clths: [{clid: null, tpid: "girlShirt12"}, {clid: null, tpid: "girlShoes14"}, {clid: null, tpid: "girlPants9"}]}, ci: {crst: 0, compid: 0, lgt: 0, lrnt: 0, sbid: null, actrd: 0, crt: 10, sbrt: 0, fak: null, eml: null, rpt: 0, tts: null, vexp: 1965298000, gtrfrd: 0, lwts: 0, vfgc: 0, ys: 0, vip: true, dr: true, as: null, strfrd: 0, skrt: 0, lvt: 1578582544, shousd: false, trid: null, skid: null, vsact: true, shcr: true, bcld: 0, gdc: 0, rtrtm: 0, cmid: 0, pamns: {amn: []}, hrt: 174, ceid: 0, actrp: 0, ysct: 0, fexp: 0, spp: 0, trcd: 0, vret: 0, exp: 85800, actrt: 0, vsexp: 1965298000, kyktid: null, plcmt: {}}, usrinf: {rl: 0}, uid: "473"}}]
Thu Jan 9 22:18:01 GMT+0700 2020 [INFO] Client said: 34: ["house_473_livingroom", "h.r.ra", {}]
Thu Jan 9 22:18:01 GMT+0700 2020 [INFO] Server said: 34: ["a.apprnc.rnn", {unm: "Асичка", res: {slvr: 10000, gld: 100, enrg: 500, emd: 0}}]
Thu Jan 9 22:18:00 GMT+0700 2020 [INFO] Client said: 34: [null, "a.apprnc.rnn", {unm: "Асичка"}]
Thu Jan 9 22:17:50 GMT+0700 2020 [INFO] Client said: 34: ["house_473_livingroom", "h.r.u", {x: 4.52, at: "", y: 6.08, st: 23, d: 5, uid: "473"}]
Thu Jan 9 22:17:49 GMT+0700 2020 [INFO] Client said: 34: ["house_473_livingroom", "h.r.m", {dy: 6.08, dx: 4.52, sx: 5.56, uid: "473", sy: 3.63}]
Thu Jan 9 22:17:24 GMT+0700 2020 [INFO] Client said: 34: ["house_473_livingroom", "h.r.u", {x: 5.56, at: "", y: 3.63, st: 23, d: 4, uid: "473"}]
Thu Jan 9 22:17:22 GMT+0700 2020 [INFO] Client said: 34: ["house_473_livingroom", "h.r.m", {dy: 3.63, dx: 5.56, sx: 4.05, uid: "473", sy: 0.1}]
Thu Jan 9 22:17:21 GMT+0700 2020 [INFO] Client said: 34: ["house_473_livingroom", "h.r.u", {st: 0, x: 4.05, d: 4, y: 0.1, uid: "473"}]
Thu Jan 9 22:17:21 GMT+0700 2020 [INFO] Server said: 34: ["lg.lst", {glst: []}]
Thu Jan 9 22:17:20 GMT+0700 2020 [INFO] Client said: 34: ["house_473_livingroom", "lg.lst", {}]
Thu Jan 9 22:17:20 GMT+0700 2020 [INFO] Server said: 34: ["h.r.info", {rm: {lev: 1, nm: "#livingRoom", id: "livingroom", f: [{x: 0, y: 0, z: 0, d: 3, tpid: "wall15", lid: 1}, {x: 3, y: 0, rid: "outside", z: 0, d: 3, tpid: "door4", lid: 4}, {x: 13, y: 0, z: 0, d: 5, tpid: "wall15", lid: 2}, {x: 0, y: 0, z: 0, d: 5, tpid: "floor4", lid: 3}], l: 13, w: 13}, evn: null, rmmb: [{locinfo: {x: -1, s: "127.0.0.1", y: -1, st: 0, at: "", d: 4, pl: "", l: "house_473_livingroom", shlc: true}, apprnc: {rg: 0, ssc: 1, rc: 1, ec: 3, bt: 0, shc: 1, sh: 0, brc: 5, g: 2, brt: 1, mc: 2, ht: 106, ss: 0, pc: 1, fat: 0, et: 5, sc: 1, mt: 6, n: "Барыга", nct: 0, fac: 1, pt: 0, fft: 0, bc: 1, hc: 5}, mbm: {sk: "blackMobileSkin", ac: null}, pf: {pf: {jntr: {pgs: 0, tp: "jntr", l: 20}, phtghr: {pgs: 0, tp: "phtghr", l: 20}, vsgst: {pgs: 0, tp: "vsgst", l: 20}, grdnr: {pgs: 0, tp: "grdnr", l: 20}}}, clths: {clths: [{clid: null, tpid: "girlShirt12"}, {clid: null, tpid: "girlShoes14"}, {clid: null, tpid: "girlPants9"}]}, ci: {crst: 0, compid: 0, lgt: 0, lrnt: 0, sbid: null, actrd: 0, crt: 10, sbrt: 0, fak: null, eml: null, rpt: 0, tts: null, vexp: 1965298000, gtrfrd: 0, lwts: 0, vfgc: 0, ys: 0, vip: true, dr: true, as: null, strfrd: 0, skrt: 0, lvt: 1578582544, shousd: false, trid: null, skid: null, vsact: true, shcr: true, bcld: 0, gdc: 0, rtrtm: 0, cmid: 0, pamns: {amn: []}, hrt: 174, ceid: 0, actrp: 0, ysct: 0, fexp: 0, spp: 0, trcd: 0, vret: 0, exp: 85800, actrt: 0, vsexp: 1965298000, kyktid: null, plcmt: {}}, usrinf: {rl: 0}, uid: "473"}]}]
Thu Jan 9 22:17:11 GMT+0700 2020 [INFO] Client said: 34: ["house_473_livingroom", "h.r.info", {uid: "473", rid: "livingroom"}]
Thu Jan 9 22:17:11 GMT+0700 2020 [INFO] Server said: 34: ["h.gr", {rid: "house_473_livingroom"}]
Thu Jan 9 22:17:09 GMT+0700 2020 [INFO] Server said: 16: ["house_473_livingroom", "473"]
Thu Jan 9 22:17:09 GMT+0700 2020 [INFO] Server said: 34: ["h.r.jn", {plr: {locinfo: {x: -1, s: "127.0.0.1", y: -1, st: 0, at: "", d: 4, pl: "", l: "house_473_livingroom", shlc: true}, apprnc: {rg: 0, ssc: 1, rc: 1, ec: 3, bt: 0, shc: 1, sh: 0, brc: 5, g: 2, brt: 1, mc: 2, ht: 106, ss: 0, pc: 1, fat: 0, et: 5, sc: 1, mt: 6, n: "Барыга", nct: 0, fac: 1, pt: 0, fft: 0, bc: 1, hc: 5}, mbm: {sk: "blackMobileSkin", ac: null}, pf: {pf: {jntr: {pgs: 0, tp: "jntr", l: 20}, phtghr: {pgs: 0, tp: "phtghr", l: 20}, vsgst: {pgs: 0, tp: "vsgst", l: 20}, grdnr: {pgs: 0, tp: "grdnr", l: 20}}}, clths: {clths: [{clid: null, tpid: "girlShirt12"}, {clid: null, tpid: "girlShoes14"}, {clid: null, tpid: "girlPants9"}]}, ci: {crst: 0, compid: 0, lgt: 0, lrnt: 0, sbid: null, actrd: 0, crt: 10, sbrt: 0, fak: null, eml: null, rpt: 0, tts: null, vexp: 1965298000, gtrfrd: 0, lwts: 0, vfgc: 0, ys: 0, vip: true, dr: true, as: null, strfrd: 0, skrt: 0, lvt: 1578582544, shousd: false, trid: null, skid: null, vsact: true, shcr: true, bcld: 0, gdc: 0, rtrtm: 0, cmid: 0, pamns: {amn: []}, hrt: 174, ceid: 0, actrp: 0, ysct: 0, fexp: 0, spp: 0, trcd: 0, vret: 0, exp: 85800, actrt: 0, vsexp: 1965298000, kyktid: null, plcmt: {}}, usrinf: {rl: 0}, uid: "473"}}]
Thu Jan 9 22:16:59 GMT+0700 2020 [INFO] Client said: 34: [null, "h.gr", {gid: "473", rid: "livingroom", lid: "house"}]
Thu Jan 9 22:16:59 GMT+0700 2020 [INFO] Loaded  LoadingItem(url: http://62.113.113.58:8080/files/swf/furniture/house/DoorWood.swf, status: 2) 
Thu Jan 9 22:16:58 GMT+0700 2020 [INFO] Server said: 34: ["srqst.gtrq", {rqlst: {shwdt: 0, rlst: {}, rsprlst: {}, lapt: {}}}]
Thu Jan 9 22:16:57 GMT+0700 2020 [INFO] Loaded  LoadingItem(url: http://62.113.113.58:8080/files/swf/furniture/house/FloorCarpetGrass.swf, status: 2) 