ClientError: Thu Jan 9 22:16:04 GMT+0700 2020 [CRITICAL] [house] *Uncaught Error* ErrorId: 1009 ErrorName: TypeError ErrorMessage:Error #1009 ErrorStackTrace:TypeError: Error #1009
	at _-4WJ::EditAvatarAppearanceDialog/_-3EJ()
	at flash.events::EventDispatcher/dispatchEvent()
	at _-Qp::_-1DK/close()
	at _-4WJ::_-3BQ/_-1dw()
Thu Jan 9 22:16:02 GMT+0700 2020 [INFO] Server said: 34: ["a.apprnc.save", {apprnc: {rg: 0, ssc: 1, rc: 1, ec: 3, bt: 0, shc: 1, sh: 0, brc: 5, g: 2, brt: 1, mc: 2, ht: 106, ss: 0, pc: 1, fat: 0, et: 5, sc: 1, mt: 6, n: "Барыга", nct: 0, fac: 1, pt: 0, fft: 0, bc: 1, hc: 5}}]
Thu Jan 9 22:15:59 GMT+0700 2020 [INFO] Server said: 34: ["a.apprnc.save", {apprnc: {rg: 0, ssc: 1, rc: 1, ec: 3, bt: 0, shc: 1, sh: 0, brc: 5, g: 2, brt: 1, mc: 2, ht: 106, ss: 0, pc: 1, fat: 0, et: 5, sc: 1, mt: 6, n: "ты приёмный", nct: 0, fac: 1, pt: 0, fft: 0, bc: 1, hc: 5}}]
Thu Jan 9 22:15:58 GMT+0700 2020 [INFO] Server said: 34: ["a.apprnc.save", {apprnc: {rg: 0, ssc: 1, rc: 1, ec: 3, bt: 0, shc: 1, sh: 0, brc: 5, g: 2, brt: 1, mc: 2, ht: 106, ss: 0, pc: 1, fat: 0, et: 5, sc: 1, mt: 6, n: "ты приёмный", nct: 0, fac: 1, pt: 0, fft: 0, bc: 1, hc: 5}}]
Thu Jan 9 22:15:55 GMT+0700 2020 [INFO] Client said: 34: [null, "h.minfo", {tm: 1578582956, onl: false}]
Thu Jan 9 22:15:55 GMT+0700 2020 [INFO] Server said: 34: ["a.apprnc.save", {apprnc: {rg: 0, ssc: 1, rc: 1, ec: 3, bt: 0, shc: 1, sh: 0, brc: 5, g: 2, brt: 1, mc: 2, ht: 106, ss: 0, pc: 1, fat: 0, et: 5, sc: 1, mt: 6, n: "ты приёмный", nct: 0, fac: 1, pt: 0, fft: 0, bc: 1, hc: 5}}]
Thu Jan 9 22:15:45 GMT+0700 2020 [INFO] Client said: 34: [null, "a.apprnc.save", {apprnc: {rg: 0, ssc: 1, rc: 1, ec: 3, bt: 0, shc: 1, sh: 0, brc: 5, g: 2, brt: 1, mc: 2, ht: 106, ss: 0, pc: 1, fat: 0, et: 5, sc: 1, mt: 6, n: "Барыга", nct: 0, fac: 1, pt: 0, fft: 0, bc: 1, hc: 5}}]
Thu Jan 9 22:15:44 GMT+0700 2020 [INFO] Client said: 34: [null, "a.apprnc.save", {apprnc: {rg: 0, ssc: 1, rc: 1, ec: 3, bt: 0, shc: 1, sh: 0, brc: 5, g: 2, brt: 1, mc: 2, ht: 106, ss: 0, pc: 1, fat: 0, et: 5, sc: 1, mt: 6, n: "Барыга", nct: 0, fac: 1, pt: 0, fft: 0, bc: 1, hc: 5}}]
Thu Jan 9 22:15:37 GMT+0700 2020 [INFO] Client said: 34: [null, "a.apprnc.save", {apprnc: {rg: 0, ssc: 1, rc: 1, ec: 3, bt: 0, shc: 1, sh: 0, brc: 5, g: 2, brt: 1, mc: 2, ht: 106, ss: 0, pc: 1, fat: 0, et: 5, sc: 1, mt: 6, n: "ты приёмный", nct: 0, fac: 1, pt: 0, fft: 0, bc: 1, hc: 5}}]
Thu Jan 9 22:15:34 GMT+0700 2020 [INFO] Client said: 34: [null, "a.apprnc.save", {apprnc: {rg: 0, ssc: 1, rc: 1, ec: 3, bt: 0, shc: 1, sh: 0, brc: 5, g: 2, brt: 1, mc: 2, ht: 106, ss: 0, pc: 1, fat: 0, et: 5, sc: 1, mt: 6, n: "ты приёмный", nct: 0, fac: 1, pt: 0, fft: 0, bc: 1, hc: 5}}]
Thu Jan 9 22:15:31 GMT+0700 2020 [INFO] Client said: 34: [null, "a.apprnc.save", {apprnc: {rg: 0, ssc: 1, rc: 1, ec: 3, bt: 0, shc: 1, sh: 0, brc: 5, g: 2, brt: 1, mc: 2, ht: 106, ss: 0, pc: 1, fat: 0, et: 5, sc: 1, mt: 6, n: "ты приёмный", nct: 0, fac: 1, pt: 0, fft: 0, bc: 1, hc: 5}}]
Thu Jan 9 22:14:45 GMT+0700 2020 [INFO] Server said: 34: ["h.minfo", {has.avtr: false}]
Thu Jan 9 22:14:44 GMT+0700 2020 [INFO] Server said: 34: ["ctmr.get", {tu: {snowboardRating: []}}]
Thu Jan 9 22:14:44 GMT+0700 2020 [INFO] Server said: 34: ["ur.get", {bt: [{hr: 600374, uid: 39, cr: 76611}, {hr: 413116, uid: 14, cr: 20930}, {hr: 251420, uid: 70, cr: 6295}, {hr: 240220, uid: 71, cr: 1609}, {hr: 192469, uid: 68, cr: 29541}, {hr: 121044, uid: 64, cr: 23433}, {hr: 93928, uid: 97, cr: 2664}, {hr: 65707, uid: 80, cr: 9252}, {hr: 40174, uid: 18, cr: 1066}, {hr: 32583, uid: 55, cr: 1682}]}]
Thu Jan 9 22:09:29 GMT+0700 2020 [INFO] Server said: 34: ["mail.gc", {in: [], out: []}]
Thu Jan 9 22:09:29 GMT+0700 2020 [INFO] Server said: 34: ["rl.get", {uid: "473", rlts: {}}]
Thu Jan 9 22:09:29 GMT+0700 2020 [INFO] Client said: 34: [null, "h.minfo", {tm: 1578582569, onl: false}]
Thu Jan 9 22:09:29 GMT+0700 2020 [INFO] Client said: 34: [null, "ctmr.get", {}]
Thu Jan 9 22:09:29 GMT+0700 2020 [INFO] Client said: 34: [null, "ur.get", {}]
Thu Jan 9 22:09:29 GMT+0700 2020 [INFO] Client said: 34: [null, "mail.gc", {}]
Thu Jan 9 22:09:29 GMT+0700 2020 [INFO] Client said: 34: [null, "rl.get", {}]
Thu Jan 9 22:09:29 GMT+0700 2020 [INFO] Server said: 1: ["473", true, false, false]
Thu Jan 9 22:09:27 GMT+0700 2020 [INFO] Client said: 1: ["house", "473", "amnfLTDVFteErAcvhUmA", {clvrn: "84.0.4", ctr: 0, rftp: null, rd: 0, lcl: "ru", ln: "", lng: "ru", cty: 0, fn: "", nk: "", pht: "http://vkontakte.ru/images/question_b.gif", rfid: null, bd: "", sid: "473", v: 2, gdr: 0}]