ClientError: Thu Jan 9 17:07:53 GMT+0300 2020 [CRITICAL] [salon] *Uncaught Error* ErrorId: 1009 ErrorName: TypeError ErrorMessage:Error #1009 ErrorStackTrace:TypeError: Error #1009
	at _-0eV::RoomMemberContainer/addAvatar()
	at _-PQ::BaseRoomScreen/addAvatar()
	at _-PQ::BaseRoomScreen/onRefreshAvatar()
	at flash.events::EventDispatcher/dispatchEvent()
	at _-2CM::BaseRoomNetManager/onRefreshAvatar()
	at flash.events::EventDispatcher/dispatchEvent()
	at ags::_-2t/_-2dI()
	at flash.events::EventDispatcher/dispatchEvent()
	at _-0en::_-0O8/_-1LF()
	at _-0en::_-0O8/execute()
	at ags::AGSClient/_-0i9()
	at ags::AGSClient/_-2ZF()
	at ags::AGSClient/_-2Ea()
Thu Jan 9 17:07:53 GMT+0300 2020 [INFO] Server said: 34: ["o.r.ra", {plr: {uid: "175", mbm: {ac: null, sk: "blackMobileSkin"}, locinfo: {at: "", s: "127.0.0.1", y: 2.45, l: "salon_sn1_1", shlc: true, x: 9.83, st: 23, pl: "", d: 4}, usrinf: {rl: 0}, apprnc: {pc: 1, nct: 0, ss: 4, fft: 0, brc: 11, g: 2, sh: 7, ht: 104, mc: 12, bc: 1, ssc: 1, brt: 13, n: "Сериалы <3", fac: 1, pt: 0, rc: 1, shc: 8, fat: 0, bt: 0, ec: 12, rg: 0, et: 7, hc: 6, sc: 1, mt: 26}, clths: {clths: [{tpid: "girlBtsWnt19Brg", clid: null}, {tpid: "girlJcktWnt19Brg", clid: null}, {tpid: "girlGlssWnt19Brg", clid: null}, {tpid: "girlDrssWnt19Brg", clid: null}, {tpid: "girlBgWnt19Brg", clid: null}]}, ci: {vip: true, ysct: 0, fak: null, crt: 649, shcr: true, gdc: 0, gtrfrd: 0, lgt: 0, ys: 0, strfrd: 0, skid: null, sbid: null, rtrtm: 0, vexp: 1965298000, lwts: 0, vsexp: 1965298000, vsact: true, rpt: 0, kyktid: null, vret: 0, pamns: {amn: []}, bcld: 0, actrp: 0, vfgc: 0, compid: 0, exp: 85800, shousd: false, cmid: 0, dr: true, actrd: 0, ceid: 0, spp: 0, lrnt: 0, plcmt: {}, fexp: 0, as: null, tts: null, trcd: 0, actrt: 0, eml: null, skrt: 0, crst: 0, hrt: 224, lvt: 1578578607, sbrt: 0, trid: "avaBirthdayTrophy2016"}, pf: {pf: {grdnr: {tp: "grdnr", pgs: 0, l: 20}, phtghr: {tp: "phtghr", pgs: 0, l: 20}, jntr: {tp: "jntr", pgs: 0, l: 20}, vsgst: {tp: "vsgst", pgs: 0, l: 20}}}}}]
Thu Jan 9 17:07:51 GMT+0300 2020 [INFO] Server said: 34: ["o.r.u", {x: 12.73, at: "sitItem12", y: 2.31, uid: "213", st: 1, d: 5}]
Thu Jan 9 17:07:50 GMT+0300 2020 [INFO] Client said: 34: ["salon_sn1_1", "o.r.info", {rid: "sn1"}]
Thu Jan 9 17:07:50 GMT+0300 2020 [INFO] Server said: 34: ["o.gr", {rid: "salon_sn1_1"}]
Thu Jan 9 17:07:50 GMT+0300 2020 [INFO] Server said: 16: ["salon_sn1_1", "138"]
Thu Jan 9 17:07:50 GMT+0300 2020 [INFO] Server said: 34: ["o.r.u", {x: 12.73, at: "", y: 2.31, uid: "213", st: 23, d: 5}]
Thu Jan 9 17:07:50 GMT+0300 2020 [INFO] Server said: 34: ["o.r.jn", {plr: {uid: "138", mbm: {ac: null, sk: "blackMobileSkin"}, locinfo: {at: "", s: "127.0.0.1", y: -1, l: "salon_sn1_1", shlc: true, x: -1, st: 0, pl: "", d: 4}, usrinf: {rl: 0}, apprnc: {pc: 1, nct: 0, ss: 0, fft: 0, brc: 4, g: 2, sh: 0, ht: 127, mc: 2, bc: 1, ssc: 1, brt: 5, n: "вет очка", fac: 1, pt: 0, rc: 1, shc: 1, fat: 0, bt: 0, ec: 4, rg: 0, et: 2, hc: 1, sc: 1, mt: 2}, clths: {clths: [{tpid: "girlShirt12", clid: null}, {tpid: "girlShoes14", clid: null}, {tpid: "girlPants9", clid: null}]}, ci: {vip: true, ysct: 0, fak: null, crt: 10, shcr: true, gdc: 0, gtrfrd: 0, lgt: 0, ys: 0, strfrd: 0, skid: null, sbid: null, rtrtm: 0, vexp: 1965298000, lwts: 0, vsexp: 1965298000, vsact: true, rpt: 0, kyktid: null, vret: 0, pamns: {amn: []}, bcld: 0, actrp: 0, vfgc: 0, compid: 0, exp: 85800, shousd: false, cmid: 0, dr: true, actrd: 0, ceid: 0, spp: 0, lrnt: 0, plcmt: {}, fexp: 0, as: null, tts: null, trcd: 0, actrt: 0, eml: null, skrt: 0, crst: 0, hrt: 174, lvt: 1578578833, sbrt: 0, trid: null}, pf: {pf: {grdnr: {tp: "grdnr", pgs: 0, l: 20}, phtghr: {tp: "phtghr", pgs: 0, l: 20}, jntr: {tp: "jntr", pgs: 0, l: 20}, vsgst: {tp: "vsgst", pgs: 0, l: 20}}}}}]
Thu Jan 9 17:07:48 GMT+0300 2020 [INFO] Server said: 34: ["o.r.m", {uid: "213", sx: 15.5, dy: 2.31, dx: 12.73, sy: 1.5}]
Thu Jan 9 17:07:48 GMT+0300 2020 [INFO] Server said: 34: ["o.r.ra", {plr: {uid: "175", mbm: {ac: null, sk: "blackMobileSkin"}, locinfo: {at: "", s: "127.0.0.1", y: 2.45, l: "salon_sn1_1", shlc: true, x: 9.83, st: 23, pl: "", d: 4}, usrinf: {rl: 0}, apprnc: {pc: 1, nct: 0, ss: 4, fft: 0, brc: 11, g: 2, sh: 7, ht: 104, mc: 12, bc: 1, ssc: 1, brt: 13, n: "Сериалы <3", fac: 1, pt: 0, rc: 1, shc: 8, fat: 0, bt: 0, ec: 12, rg: 0, et: 7, hc: 6, sc: 1, mt: 26}, clths: {clths: [{tpid: "girlBtsWnt19Brg", clid: null}, {tpid: "girlJcktWnt19Brg", clid: null}, {tpid: "girlGlssWnt19Brg", clid: null}, {tpid: "girlDrssWnt19Brg", clid: null}, {tpid: "girlBgWnt19Brg", clid: null}]}, ci: {vip: true, ysct: 0, fak: null, crt: 649, shcr: true, gdc: 0, gtrfrd: 0, lgt: 0, ys: 0, strfrd: 0, skid: null, sbid: null, rtrtm: 0, vexp: 1965298000, lwts: 0, vsexp: 1965298000, vsact: true, rpt: 0, kyktid: null, vret: 0, pamns: {amn: []}, bcld: 0, actrp: 0, vfgc: 0, compid: 0, exp: 85800, shousd: false, cmid: 0, dr: true, actrd: 0, ceid: 0, spp: 0, lrnt: 0, plcmt: {}, fexp: 0, as: null, tts: null, trcd: 0, actrt: 0, eml: null, skrt: 0, crst: 0, hrt: 224, lvt: 1578578607, sbrt: 0, trid: "avaBirthdayTrophy2016"}, pf: {pf: {grdnr: {tp: "grdnr", pgs: 0, l: 20}, phtghr: {tp: "phtghr", pgs: 0, l: 20}, jntr: {tp: "jntr", pgs: 0, l: 20}, vsgst: {tp: "vsgst", pgs: 0, l: 20}}}}}]
Thu Jan 9 17:07:46 GMT+0300 2020 [INFO] Server said: 34: ["o.r.u", {x: 15.5, uid: "213", st: 0, y: 1.5, d: 4}]
Thu Jan 9 17:07:42 GMT+0300 2020 [INFO] Server said: 34: ["o.r.ra", {plr: {uid: "175", mbm: {ac: null, sk: "blackMobileSkin"}, locinfo: {at: "", s: "127.0.0.1", y: 2.45, l: "salon_sn1_1", shlc: true, x: 9.83, st: 23, pl: "", d: 4}, usrinf: {rl: 0}, apprnc: {pc: 1, nct: 0, ss: 4, fft: 0, brc: 11, g: 2, sh: 7, ht: 104, mc: 12, bc: 1, ssc: 1, brt: 13, n: "Сериалы <3", fac: 1, pt: 0, rc: 1, shc: 8, fat: 0, bt: 0, ec: 12, rg: 0, et: 7, hc: 6, sc: 1, mt: 26}, clths: {clths: [{tpid: "girlBtsWnt19Brg", clid: null}, {tpid: "girlJcktWnt19Brg", clid: null}, {tpid: "girlGlssWnt19Brg", clid: null}, {tpid: "girlDrssWnt19Brg", clid: null}, {tpid: "girlBgWnt19Brg", clid: null}]}, ci: {vip: true, ysct: 0, fak: null, crt: 649, shcr: true, gdc: 0, gtrfrd: 0, lgt: 0, ys: 0, strfrd: 0, skid: null, sbid: null, rtrtm: 0, vexp: 1965298000, lwts: 0, vsexp: 1965298000, vsact: true, rpt: 0, kyktid: null, vret: 0, pamns: {amn: []}, bcld: 0, actrp: 0, vfgc: 0, compid: 0, exp: 85800, shousd: false, cmid: 0, dr: true, actrd: 0, ceid: 0, spp: 0, lrnt: 0, plcmt: {}, fexp: 0, as: null, tts: null, trcd: 0, actrt: 0, eml: null, skrt: 0, crst: 0, hrt: 224, lvt: 1578578607, sbrt: 0, trid: "avaBirthdayTrophy2016"}, pf: {pf: {grdnr: {tp: "grdnr", pgs: 0, l: 20}, phtghr: {tp: "phtghr", pgs: 0, l: 20}, jntr: {tp: "jntr", pgs: 0, l: 20}, vsgst: {tp: "vsgst", pgs: 0, l: 20}}}}}]
Thu Jan 9 17:07:15 GMT+0300 2020 [INFO] Client said: 34: [null, "o.gr", {gid: "sn1", lid: "salon"}]
Thu Jan 9 17:07:15 GMT+0300 2020 [INFO] Server said: 1: ["138", true, false, false]
Thu Jan 9 17:06:58 GMT+0300 2020 [INFO] Client said: 1: ["street", "138", "ASetxedihjJerwlHzKDw", {clvrn: "84.0.4", v: 2}]
Thu Jan 9 17:06:56 GMT+0300 2020 [INFO] Client said: 2: []
Thu Jan 9 17:06:56 GMT+0300 2020 [INFO] Loaded  LoadingItem(url: http://62.113.113.58:8080/files/swf/Salon_1fe14ef0cdf189794ef74d591993d3f5.swf, status: 2) 
Thu Jan 9 17:06:56 GMT+0300 2020 [INFO] Client said: 17: ["house_138_livingroom"]
Thu Jan 9 17:06:55 GMT+0300 2020 [INFO] Client said: 34: ["house_138_livingroom", "h.r.u", {uid: "138", at: "", y: 4.72, x: 4.78, st: 23, d: 4}]
Thu Jan 9 17:06:53 GMT+0300 2020 [INFO] Client said: 34: ["house_138_livingroom", "h.r.m", {uid: "138", sx: 4.05, dy: 4.72, dx: 4.78, sy: 0.1}]
Thu Jan 9 17:06:50 GMT+0300 2020 [INFO] Client said: 34: ["house_138_livingroom", "h.r.u", {uid: "138", x: 4.05, st: 0, y: 0.1, d: 4}]
Thu Jan 9 17:06:50 GMT+0300 2020 [INFO] Server said: 34: ["lg.lst", {glst: []}]
Thu Jan 9 17:06:50 GMT+0300 2020 [INFO] Client said: 34: ["house_138_livingroom", "lg.lst", {}]
Thu Jan 9 17:06:50 GMT+0300 2020 [INFO] Server said: 34: ["h.r.info", {rm: {nm: "#livingRoom", id: "livingroom", f: [{x: 0, y: 0, lid: 3, z: 0, tpid: "floor4", d: 5}, {x: 3, y: 0, lid: 4, z: 0, rid: "outside", tpid: "door4", d: 3}, {x: 13, y: 0, lid: 2, z: 0, tpid: "wall15", d: 5}, {x: 0, y: 0, lid: 1, z: 0, tpid: "wall15", d: 3}], l: 13, w: 13, lev: 1}, evn: null, rmmb: [{uid: "138", mbm: {ac: null, sk: "blackMobileSkin"}, locinfo: {at: "", s: "127.0.0.1", y: -1, l: "house_138_livingroom", shlc: true, x: -1, st: 0, pl: "", d: 4}, usrinf: {rl: 0}, apprnc: {pc: 1, nct: 0, ss: 0, fft: 0, brc: 4, g: 2, sh: 0, ht: 127, mc: 2, bc: 1, ssc: 1, brt: 5, n: "вет очка", fac: 1, pt: 0, rc: 1, shc: 1, fat: 0, bt: 0, ec: 4, rg: 0, et: 2, hc: 1, sc: 1, mt: 2}, clths: {clths: [{tpid: "girlShirt12", clid: null}, {tpid: "girlShoes14", clid: null}, {tpid: "girlPants9", clid: null}]}, ci: {vip: true, ysct: 0, fak: null, crt: 10, shcr: true, gdc: 0, gtrfrd: 0, lgt: 0, ys: 0, strfrd: 0, skid: null, sbid: null, rtrtm: 0, vexp: 1965298000, lwts: 0, vsexp: 1965298000, vsact: true, rpt: 0, kyktid: null, vret: 0, pamns: {amn: []}, bcld: 0, actrp: 0, vfgc: 0, compid: 0, exp: 85800, shousd: false, cmid: 0, dr: true, actrd: 0, ceid: 0, spp: 0, lrnt: 0, plcmt: {}, fexp: 0, as: null, tts: null, trcd: 0, actrt: 0, eml: null, skrt: 0, crst: 0, hrt: 174, lvt: 1578578671, sbrt: 0, trid: null}, pf: {pf: {grdnr: {tp: "grdnr", pgs: 0, l: 20}, phtghr: {tp: "phtghr", pgs: 0, l: 20}, jntr: {tp: "jntr", pgs: 0, l: 20}, vsgst: {tp: "vsgst", pgs: 0, l: 20}}}}]}]
Thu Jan 9 17:06:29 GMT+0300 2020 [INFO] Client said: 34: ["house_138_livingroom", "h.r.info", {rid: "livingroom", uid: "138"}]
Thu Jan 9 17:06:29 GMT+0300 2020 [INFO] Server said: 34: ["h.gr", {rid: "house_138_livingroom"}]
Thu Jan 9 17:06:29 GMT+0300 2020 [INFO] Server said: 16: ["house_138_livingroom", "138"]
Thu Jan 9 17:06:29 GMT+0300 2020 [INFO] Server said: 34: ["h.r.jn", {plr: {uid: "138", mbm: {ac: null, sk: "blackMobileSkin"}, locinfo: {at: "", s: "127.0.0.1", y: -1, l: "house_138_livingroom", shlc: true, x: -1, st: 0, pl: "", d: 4}, usrinf: {rl: 0}, apprnc: {pc: 1, nct: 0, ss: 0, fft: 0, brc: 4, g: 2, sh: 0, ht: 127, mc: 2, bc: 1, ssc: 1, brt: 5, n: "вет очка", fac: 1, pt: 0, rc: 1, shc: 1, fat: 0, bt: 0, ec: 4, rg: 0, et: 2, hc: 1, sc: 1, mt: 2}, clths: {clths: [{tpid: "girlShirt12", clid: null}, {tpid: "girlShoes14", clid: null}, {tpid: "girlPants9", clid: null}]}, ci: {vip: true, ysct: 0, fak: null, crt: 10, shcr: true, gdc: 0, gtrfrd: 0, lgt: 0, ys: 0, strfrd: 0, skid: null, sbid: null, rtrtm: 0, vexp: 1965298000, lwts: 0, vsexp: 1965298000, vsact: true, rpt: 0, kyktid: null, vret: 0, pamns: {amn: []}, bcld: 0, actrp: 0, vfgc: 0, compid: 0, exp: 85800, shousd: false, cmid: 0, dr: true, actrd: 0, ceid: 0, spp: 0, lrnt: 0, plcmt: {}, fexp: 0, as: null, tts: null, trcd: 0, actrt: 0, eml: null, skrt: 0, crst: 0, hrt: 174, lvt: 1578578671, sbrt: 0, trid: null}, pf: {pf: {grdnr: {tp: "grdnr", pgs: 0, l: 20}, phtghr: {tp: "phtghr", pgs: 0, l: 20}, jntr: {tp: "jntr", pgs: 0, l: 20}, vsgst: {tp: "vsgst", pgs: 0, l: 20}}}}}]
Thu Jan 9 17:06:27 GMT+0300 2020 [INFO] Server said: 34: ["srqst.gtrq", {rqlst: {rlst: {}, lapt: {}, shwdt: 0, rsprlst: {}}}]
Thu Jan 9 17:06:27 GMT+0300 2020 [INFO] Client said: 34: [null, "nws.getglbl", {}]
Thu Jan 9 17:06:27 GMT+0300 2020 [INFO] Server said: 34: ["nws.hasnews", {gnexst: true, gnunr: true}]
Thu Jan 9 17:06:27 GMT+0300 2020 [INFO] Server said: 34: ["cp.cht.gbl", {blcklst: {uids: []}}]
Thu Jan 9 17:06:27 GMT+0300 2020 [INFO] Client said: 34: [null, "crq.lrui", {uid: 138}]
Thu Jan 9 17:06:27 GMT+0300 2020 [INFO] Server said: 34: ["cm.new", {campaigns: [{tp: 9, iu: "", st: 1, ed: 2442905160000, id: 643, v: 1, cil: [{si: 0, gl: 0, cid: 643, id: 8151, sc: 0, tid: "clans"}, {si: 0, gl: 0, cid: 643, id: 8152, sc: 0, tid: "clanRating_off"}]}, {tp: 9, iu: "", st: 1, ed: 1659222000000, id: 316, v: 1, cil: [{si: 0, gl: 0, cid: 316, id: 2514, sc: 0, tid: "mobile"}]}, {tp: 9, iu: "", st: 2, ed: 1919631600000, id: 299, v: 1, cil: [{si: 0, gl: 0, cid: 299, id: 2434, sc: 0, tid: "fortune2"}]}, {tp: 9, iu: "", st: 1, ed: 1440630000000, id: 114, v: 1, cil: [{si: 0, gl: 0, cid: 114, id: 1110, sc: 0, tid: "professions"}, {si: 0, gl: 0, cid: 114, id: 1111, sc: 0, tid: "grdnr"}, {si: 0, gl: 0, cid: 114, id: 1112, sc: 0, tid: "jntr"}, {si: 0, gl: 0, cid: 114, id: 1577, sc: 0, tid: "vsgst"}, {si: 0, gl: 0, cid: 114, id: 1578, sc: 0, tid: "phtghr"}]}]}]
Thu Jan 9 17:06:27 GMT+0300 2020 [INFO] Client said: 34: [null, "h.gr", {rid: "livingroom", gid: "138", lid: "house"}]
Thu Jan 9 17:06:27 GMT+0300 2020 [INFO] Loaded  LoadingItem(url: http://62.113.113.58:8080/files/swf/furniture/house/FloorCarpetGrass.swf, status: 2) 
Thu Jan 9 17:06:27 GMT+0300 2020 [INFO] Loaded  LoadingItem(url: http://62.113.113.58:8080/files/swf/furniture/house/DoorWood.swf, status: 2) 
Thu Jan 9 17:06:27 GMT+0300 2020 [INFO] Loaded  LoadingItem(url: http://62.113.113.58:8080/files/swf/furniture/house/WallPoppy.swf, status: 2) 
Thu Jan 9 17:06:26 GMT+0300 2020 [INFO] Client said: 34: [null, "srqst.gtrq", {}]