ClientError: Thu Jan 9 19:08:49 GMT+0500 2020 [CRITICAL] [club] *Uncaught Error* ErrorId: 1009 ErrorName: TypeError ErrorMessage:Error #1009 ErrorStackTrace:TypeError: Error #1009
	at _-0eV::RoomMemberContainer/addAvatar()
	at _-PQ::BaseRoomScreen/addAvatar()
	at _-PQ::BaseRoomScreen/onRefreshAvatar()
	at flash.events::EventDispatcher/dispatchEvent()
	at _-2CM::BaseRoomNetManager/onRefreshAvatar()
	at flash.events::EventDispatcher/dispatchEvent()
	at ags::_-2t/_-2dI()
	at flash.events::EventDispatcher/dispatchEvent()
	at _-0en::_-0O8/_-1LF()
	at _-0en::_-0O8/execute()
	at ags::AGSClient/_-0i9()
	at ags::AGSClient/_-2ZF()
	at ags::AGSClient/_-2Ea()
Thu Jan 9 19:08:49 GMT+0500 2020 [INFO] Server said: 34: ["o.r.ra", {plr: {uid: "34", usrinf: {rl: 0}, ci: {sbrt: 0, eml: null, exp: 85800, actrp: 0, vip: true, crt: 3428, cmid: 0, vsact: true, dr: true, rtrtm: 0, lgt: 0, tts: null, strfrd: 0, compid: 0, actrd: 0, actrt: 0, vret: 0, rpt: 0, bcld: 0, hrt: 220, skrt: 0, lvt: 1578578374, vexp: 1965298000, shousd: false, plcmt: {}, kyktid: null, skid: null, vsexp: 1965298000, as: null, lrnt: 0, vfgc: 0, trid: "freelanceMicrophone", sbid: null, ys: 0, gdc: 0, pamns: {amn: []}, crst: 0, lwts: 0, gtrfrd: 0, shcr: true, ceid: 0, spp: 0, trcd: 0, fak: null, fexp: 0, ysct: 0}, pf: {pf: {jntr: {pgs: 0, tp: "jntr", l: 20}, vsgst: {pgs: 0, tp: "vsgst", l: 20}, grdnr: {pgs: 0, tp: "grdnr", l: 20}, phtghr: {pgs: 0, tp: "phtghr", l: 20}}}, mbm: {sk: "blackMobileSkin", ac: null}, clths: {clths: [{tpid: "girlErrWnt19Rd", clid: null}, {tpid: "girlPntsNY20Nght", clid: null}, {tpid: "girlHlwn39", clid: null}, {tpid: "girlJcktNY20Emr", clid: null}, {tpid: "gHtsPsln4", clid: null}, {tpid: "girlHlwn41", clid: null}, {tpid: "gShsPsln9", clid: null}, {tpid: "grlFb23Tsht", clid: null}]}, apprnc: {hc: 1, pt: 0, ht: 125, brc: 6, fat: 0, bt: 0, g: 2, sc: 2, rc: 1, brt: 25, ec: 16, ssc: 3, nct: 0, shc: 31, pc: 1, et: 38, ss: 21, n: "мразь.", mc: 16, fft: 7, sh: 11, fac: 1, bc: 1, mt: 23, rg: 0}, locinfo: {x: 21.5, s: "127.0.0.1", y: 10.5, l: "club_cl1_1", pl: "", shlc: true, st: 0, d: 4, at: ""}}}]
Thu Jan 9 19:08:48 GMT+0500 2020 [INFO] Server said: 34: ["o.r.m", {uid: "171", sx: 22.5, dy: 9.2, sy: 1.5, dx: 18.64}]
Thu Jan 9 19:08:46 GMT+0500 2020 [INFO] Client said: 34: ["club_cl1_1", "o.r.info", {rid: "cl1"}]
Thu Jan 9 19:08:46 GMT+0500 2020 [INFO] Server said: 34: ["o.gr", {rid: "club_cl1_1"}]
Thu Jan 9 19:08:46 GMT+0500 2020 [INFO] Server said: 16: ["club_cl1_1", "215"]
Thu Jan 9 19:08:46 GMT+0500 2020 [INFO] Server said: 34: ["o.r.jn", {plr: {uid: "215", usrinf: {rl: 0}, ci: {sbrt: 0, eml: null, exp: 85800, actrp: 0, vip: true, crt: 10, cmid: 0, vsact: true, dr: true, rtrtm: 0, lgt: 0, tts: null, strfrd: 0, compid: 0, actrd: 0, actrt: 0, vret: 0, rpt: 0, bcld: 0, hrt: 174, skrt: 0, lvt: 1578578923, vexp: 1965298000, shousd: false, plcmt: {}, kyktid: null, skid: null, vsexp: 1965298000, as: null, lrnt: 0, vfgc: 0, trid: null, sbid: null, ys: 0, gdc: 0, pamns: {amn: []}, crst: 0, lwts: 0, gtrfrd: 0, shcr: true, ceid: 0, spp: 0, trcd: 0, fak: null, fexp: 0, ysct: 0}, pf: {pf: {jntr: {pgs: 0, tp: "jntr", l: 20}, vsgst: {pgs: 0, tp: "vsgst", l: 20}, grdnr: {pgs: 0, tp: "grdnr", l: 20}, phtghr: {pgs: 0, tp: "phtghr", l: 20}}}, mbm: {sk: "blackMobileSkin", ac: null}, clths: {clths: [{tpid: "girlShirt12", clid: null}, {tpid: "girlShoes14", clid: null}, {tpid: "girlPants9", clid: null}]}, apprnc: {hc: 7, pt: 0, ht: 120, brc: 3, fat: 0, bt: 0, g: 2, sc: 2, rc: 1, brt: 29, ec: 3, ssc: 1, nct: 0, shc: 1, pc: 1, et: 2, ss: 0, n: "Мирлика", mc: 2, fft: 0, sh: 0, fac: 1, bc: 1, mt: 4, rg: 0}, locinfo: {x: -1, s: "127.0.0.1", y: -1, l: "club_cl1_1", pl: "", shlc: true, st: 0, d: 4, at: ""}}}]
Thu Jan 9 19:08:43 GMT+0500 2020 [INFO] Client said: 34: [null, "o.gr", {gid: "cl1", lid: "club"}]
Thu Jan 9 19:08:43 GMT+0500 2020 [INFO] Server said: 1: ["215", true, false, false]
Thu Jan 9 19:08:26 GMT+0500 2020 [INFO] Client said: 1: ["street", "215", "ZDQWzFactgVnhBNOXKji", {clvrn: "84.0.4", v: 2}]
Thu Jan 9 19:08:23 GMT+0500 2020 [INFO] Client said: 2: []
Thu Jan 9 19:08:23 GMT+0500 2020 [INFO] Loaded  LoadingItem(url: http://62.113.113.58:8080/files/swf/Club_3a95bbd15cc322999b75b6f00b12ba88.swf, status: 2) 
Thu Jan 9 19:08:22 GMT+0500 2020 [INFO] Loaded  LoadingItem(url: http://62.113.113.58:8080/files/swf/Vip_2725a49acb87e880536759211fd3fa3c.swf, status: 2) 
Thu Jan 9 19:08:21 GMT+0500 2020 [INFO] Client said: 17: ["house_215_livingroom"]
Thu Jan 9 19:07:56 GMT+0500 2020 [INFO] Server said: 34: ["b.ingld", {ingld: 1500}]
Thu Jan 9 19:07:56 GMT+0500 2020 [INFO] Server said: 34: ["ntf.res", {res: {slvr: 10000, emd: 0, enrg: 500, gld: 9100}}]
Thu Jan 9 19:07:55 GMT+0500 2020 [INFO] [YandexMetrics.reachGoal] Call reach goal 'click_buy_product' for counter 31321471
Thu Jan 9 19:07:55 GMT+0500 2020 [INFO] Client said: 34: [null, "b.chkprchs", {prid: "pack1500", qnt: 1, pmnt: null}]
Thu Jan 9 19:07:54 GMT+0500 2020 [INFO] [YandexMetrics.reachGoal] Call reach goal 'show_payment_dialog' for counter 31321471
Thu Jan 9 19:07:49 GMT+0500 2020 [INFO] Server said: 34: ["b.ingld", {ingld: 1500}]
Thu Jan 9 19:07:49 GMT+0500 2020 [INFO] Server said: 34: ["ntf.res", {res: {slvr: 10000, emd: 0, enrg: 500, gld: 7600}}]
Thu Jan 9 19:07:49 GMT+0500 2020 [INFO] [YandexMetrics.reachGoal] Call reach goal 'click_buy_product' for counter 31321471
Thu Jan 9 19:07:49 GMT+0500 2020 [INFO] Client said: 34: [null, "b.chkprchs", {prid: "pack1500", qnt: 1, pmnt: null}]
Thu Jan 9 19:07:42 GMT+0500 2020 [INFO] [YandexMetrics.reachGoal] Call reach goal 'show_payment_dialog' for counter 31321471
Thu Jan 9 19:07:40 GMT+0500 2020 [INFO] Client said: 34: ["house_215_livingroom", "h.r.u", {uid: "215", x: 6.94, y: 4.38, st: 3, d: 1, at: "danceGirl4"}]
Thu Jan 9 19:07:37 GMT+0500 2020 [INFO] Client said: 34: ["house_215_livingroom", "h.r.u", {uid: "215", x: 6.94, y: 4.38, st: 23, d: 1, at: ""}]
Thu Jan 9 19:07:35 GMT+0500 2020 [INFO] Client said: 34: ["house_215_livingroom", "h.r.m", {uid: "215", sx: 4.5, dy: 4.38, sy: 7.31, dx: 6.94}]
Thu Jan 9 19:07:32 GMT+0500 2020 [INFO] Client said: 34: ["house_215_livingroom", "h.r.u", {uid: "215", x: 4.5, y: 7.31, st: 23, d: 5, at: ""}]
Thu Jan 9 19:07:30 GMT+0500 2020 [INFO] Client said: 34: ["house_215_livingroom", "h.r.m", {uid: "215", sx: 6.59, dy: 7.31, sy: 3.91, dx: 4.5}]
Thu Jan 9 19:06:27 GMT+0500 2020 [INFO] Server said: 34: ["b.ingld", {ingld: 1500}]
Thu Jan 9 19:06:27 GMT+0500 2020 [INFO] Server said: 34: ["ntf.res", {res: {slvr: 10000, emd: 0, enrg: 500, gld: 6100}}]
Thu Jan 9 19:06:27 GMT+0500 2020 [INFO] [YandexMetrics.reachGoal] Call reach goal 'click_buy_product' for counter 31321471
Thu Jan 9 19:06:27 GMT+0500 2020 [INFO] Client said: 34: [null, "b.chkprchs", {prid: "pack1500", qnt: 1, pmnt: null}]
Thu Jan 9 19:06:26 GMT+0500 2020 [INFO] [YandexMetrics.reachGoal] Call reach goal 'show_payment_dialog' for counter 31321471
Thu Jan 9 19:06:23 GMT+0500 2020 [INFO] Server said: 34: ["b.ingld", {ingld: 1500}]
Thu Jan 9 19:06:22 GMT+0500 2020 [INFO] Server said: 34: ["ntf.res", {res: {slvr: 10000, emd: 0, enrg: 500, gld: 4600}}]
Thu Jan 9 19:06:22 GMT+0500 2020 [INFO] [YandexMetrics.reachGoal] Call reach goal 'click_buy_product' for counter 31321471
Thu Jan 9 19:06:22 GMT+0500 2020 [INFO] Client said: 34: [null, "b.chkprchs", {prid: "pack1500", qnt: 1, pmnt: null}]
Thu Jan 9 19:06:20 GMT+0500 2020 [INFO] [YandexMetrics.reachGoal] Call reach goal 'show_payment_dialog' for counter 31321471