ClientError: Thu Jan 9 17:03:24 GMT+0200 2020 [CRITICAL] [house] *Uncaught Error* ErrorId: 1009 ErrorName: TypeError ErrorMessage:Error #1009 ErrorStackTrace:TypeError: Error #1009
	at _-06j::_-0RX/_-1Uw()
	at _-06j::_-0RX/_-1Cn()
	at flash.events::EventDispatcher/dispatchEvent()
	at _-4Lx::_-b7/_-1Hg()
	at flash.events::EventDispatcher/dispatchEvent()
	at ags::_-2t/_-2dI()
	at flash.events::EventDispatcher/dispatchEvent()
	at _-0en::_-0O8/_-1LF()
	at _-0en::_-0O8/execute()
	at ags::AGSClient/_-0i9()
	at ags::AGSClient/_-2ZF()
	at ags::AGSClient/_-2Ea()
Thu Jan 9 17:03:24 GMT+0200 2020 [INFO] Client said: 34: ["house_59_5", "h.r.rfr", {}]
Thu Jan 9 17:03:24 GMT+0200 2020 [INFO] Server said: 34: ["frn.save", {ci: {bcld: 0, vip: true, cmid: 0, exp: 85800, trid: "freelanceExchange", crt: 1037, rpt: 0, dr: true, compid: 0, trcd: 0, actrt: 0, spp: 0, actrp: 0, sbid: null, tts: null, actrd: 0, sbrt: 0, crst: 0, gdc: 0, eml: null, shousd: false, plcmt: {}, lgt: 0, pamns: {amn: []}, ysct: 0, ys: 0, lwts: 0, vexp: 1965298000, fak: null, lvt: 1578581925, vsexp: 1965298000, shcr: true, lrnt: 0, skrt: 0, vsact: true, gtrfrd: 0, fexp: 0, as: null, vret: 0, strfrd: 0, skid: null, vfgc: 0, rtrtm: 0, hrt: 374, ceid: 0, kyktid: null}, hs: {lev: 2, l: 13, nm: "house", id: "5", w: 13, f: [{x: 0, lid: 3, tpid: "floor4", y: 0, z: 0, d: 5}, {x: 13, lid: 2, tpid: "wall15", y: 0, z: 0, d: 5}, {x: 11, lid: 595463, tpid: "csCtr", y: 6, z: 0, d: 5}, {x: 0, lid: 1, tpid: "wall15", y: 0, z: 0, d: 3}, {x: 3, lid: 4, rid: "outside", tpid: "door4", y: 0, z: 0, d: 3}]}, inv: {c: {gm: {it: [{c: 1, tid: "blackMobileSkin", iid: ""}], id: "gm"}, cls: {it: [{c: 1, tid: "girlUnderdress1", iid: ""}, {c: 1, tid: "girlUnderdress2", iid: ""}, {c: 1, tid: "girlShirt12", iid: ""}, {c: 1, tid: "girlPants9", iid: ""}, {c: 1, tid: "girlNY20VKGiftPllvDr", iid: ""}, {c: 1, tid: "grlBrvrPnts", iid: ""}, {c: 1, tid: "girlShoes14", iid: ""}], id: "cls"}, frn: {it: [], id: "frn"}, act: {it: [], id: "act"}, lt: {it: [], id: "lt"}}}}]
Thu Jan 9 17:03:23 GMT+0200 2020 [INFO] Client said: 34: ["house_59_5", "frn.save", {f: [{x: 11, tm: 1578582198716, tpid: "csCtr", y: 6, z: 0, oid: 595463, t: 1, d: 5}]}]
Thu Jan 9 17:03:22 GMT+0200 2020 [INFO] Client said: 34: ["house_59_5", "frn.save", {f: [{x: 11, tm: 1578582198716, tpid: "csCtr", y: 6, z: 0, oid: 595463, t: 1, d: 5}]}]
Thu Jan 9 17:03:20 GMT+0200 2020 [INFO] Client said: 34: ["house_59_5", "frn.save", {f: [{x: 11, tm: 1578582198716, tpid: "csCtr", y: 6, z: 0, oid: 595463, t: 1, d: 5}]}]
Thu Jan 9 17:03:13 GMT+0200 2020 [INFO] Server said: 34: ["lg.lst", {glst: []}]
Thu Jan 9 17:03:13 GMT+0200 2020 [INFO] Client said: 34: ["house_59_5", "h.r.u", {uid: "59", x: 4.05, st: 0, d: 4, y: 0.1}]
Thu Jan 9 17:03:13 GMT+0200 2020 [INFO] Client said: 34: ["house_59_5", "lg.lst", {}]
Thu Jan 9 17:03:13 GMT+0200 2020 [INFO] Server said: 34: ["h.r.info", {rm: {w: 13, l: 13, nm: "Комната 5", id: "5", lev: 2, f: [{x: 0, lid: 1, tpid: "wall15", y: 0, z: 0, d: 3}, {x: 3, lid: 4, rid: "outside", tpid: "door4", y: 0, z: 0, d: 3}, {x: 13, lid: 2, tpid: "wall15", y: 0, z: 0, d: 5}, {x: 0, lid: 3, tpid: "floor4", y: 0, z: 0, d: 5}]}, rmmb: [{ci: {bcld: 0, vip: true, cmid: 0, exp: 85800, trid: "freelanceExchange", crt: 1037, rpt: 0, dr: true, compid: 0, trcd: 0, actrt: 0, spp: 0, actrp: 0, sbid: null, tts: null, actrd: 0, sbrt: 0, crst: 0, gdc: 0, eml: null, shousd: false, plcmt: {}, lgt: 0, pamns: {amn: []}, ysct: 0, ys: 0, lwts: 0, vexp: 1965298000, fak: null, lvt: 1578581925, vsexp: 1965298000, shcr: true, lrnt: 0, skrt: 0, vsact: true, gtrfrd: 0, fexp: 0, as: null, vret: 0, strfrd: 0, skid: null, vfgc: 0, rtrtm: 0, hrt: 174, ceid: 0, kyktid: null}, usrinf: {rl: 0}, mbm: {sk: "blackMobileSkin", ac: null}, pf: {pf: {phtghr: {pgs: 0, tp: "phtghr", l: 20}, grdnr: {pgs: 0, tp: "grdnr", l: 20}, vsgst: {pgs: 0, tp: "vsgst", l: 20}, jntr: {pgs: 0, tp: "jntr", l: 20}}}, apprnc: {rg: 0, ec: 1, hc: 5, fac: 1, pt: 0, bc: 1, rc: 1, brt: 28, g: 2, ssc: 1, nct: 0, shc: 1, sh: 0, sc: 2, fft: 0, ht: 123, fat: 0, mc: 3, n: "Линка", ss: 0, et: 2, bt: 0, brc: 1, mt: 3, pc: 1}, uid: "59", clths: {clths: [{tpid: "girlNcklFrog", clid: null}, {tpid: "girlTShrtFrog", clid: null}, {tpid: "girlPntsFrog", clid: null}, {tpid: "girlBtsFrog", clid: null}]}, locinfo: {x: -1, at: "", l: "house_59_5", y: -1, s: "127.0.0.1", shlc: true, st: 0, d: 4, pl: ""}}], evn: null}]
Thu Jan 9 17:03:11 GMT+0200 2020 [INFO] Client said: 34: ["house_59_5", "h.r.info", {rid: "5", uid: "59"}]
Thu Jan 9 17:03:11 GMT+0200 2020 [INFO] Server said: 34: ["h.gr", {rid: "house_59_5"}]
Thu Jan 9 17:03:11 GMT+0200 2020 [INFO] Server said: 16: ["house_59_5", "59"]
Thu Jan 9 17:03:10 GMT+0200 2020 [INFO] Server said: 34: ["h.r.jn", {plr: {ci: {bcld: 0, vip: true, cmid: 0, exp: 85800, trid: "freelanceExchange", crt: 1037, rpt: 0, dr: true, compid: 0, trcd: 0, actrt: 0, spp: 0, actrp: 0, sbid: null, tts: null, actrd: 0, sbrt: 0, crst: 0, gdc: 0, eml: null, shousd: false, plcmt: {}, lgt: 0, pamns: {amn: []}, ysct: 0, ys: 0, lwts: 0, vexp: 1965298000, fak: null, lvt: 1578581925, vsexp: 1965298000, shcr: true, lrnt: 0, skrt: 0, vsact: true, gtrfrd: 0, fexp: 0, as: null, vret: 0, strfrd: 0, skid: null, vfgc: 0, rtrtm: 0, hrt: 174, ceid: 0, kyktid: null}, usrinf: {rl: 0}, mbm: {sk: "blackMobileSkin", ac: null}, pf: {pf: {phtghr: {pgs: 0, tp: "phtghr", l: 20}, grdnr: {pgs: 0, tp: "grdnr", l: 20}, vsgst: {pgs: 0, tp: "vsgst", l: 20}, jntr: {pgs: 0, tp: "jntr", l: 20}}}, apprnc: {rg: 0, ec: 1, hc: 5, fac: 1, pt: 0, bc: 1, rc: 1, brt: 28, g: 2, ssc: 1, nct: 0, shc: 1, sh: 0, sc: 2, fft: 0, ht: 123, fat: 0, mc: 3, n: "Линка", ss: 0, et: 2, bt: 0, brc: 1, mt: 3, pc: 1}, uid: "59", clths: {clths: [{tpid: "girlNcklFrog", clid: null}, {tpid: "girlTShrtFrog", clid: null}, {tpid: "girlPntsFrog", clid: null}, {tpid: "girlBtsFrog", clid: null}]}, locinfo: {x: -1, at: "", l: "house_59_5", y: -1, s: "127.0.0.1", shlc: true, st: 0, d: 4, pl: ""}}}]
Thu Jan 9 17:03:09 GMT+0200 2020 [INFO] Client said: 34: [null, "h.gr", {lid: "house", gid: "59", rid: "5"}]
Thu Jan 9 17:03:09 GMT+0200 2020 [INFO] Client said: 17: ["house_59_livingroom"]
Thu Jan 9 17:02:58 GMT+0200 2020 [INFO] Server said: 34: ["h.oinfo", {hs: {lt: 0, r: [{w: 13, l: 13, nm: "Комната 3", id: "3", lev: 2, f: [{x: 0, lid: 1, tpid: "wall15", y: 0, z: 0, d: 3}, {x: 3, lid: 4, rid: "outside", tpid: "door4", y: 0, z: 0, d: 3}, {x: 13, lid: 2, tpid: "wall15", y: 0, z: 0, d: 5}, {x: 0, lid: 3, tpid: "floor4", y: 0, z: 0, d: 5}]}, {w: 13, l: 13, nm: "Комната 5", id: "5", lev: 2, f: [{x: 0, lid: 1, tpid: "wall15", y: 0, z: 0, d: 3}, {x: 3, lid: 4, rid: "outside", tpid: "door4", y: 0, z: 0, d: 3}, {x: 13, lid: 2, tpid: "wall15", y: 0, z: 0, d: 5}, {x: 0, lid: 3, tpid: "floor4", y: 0, z: 0, d: 5}]}, {w: 13, l: 13, nm: "Комната 2", id: "2", lev: 2, f: [{x: 0, lid: 1, tpid: "wall15", y: 0, z: 0, d: 3}, {x: 3, lid: 4, rid: "outside", tpid: "door4", y: 0, z: 0, d: 3}, {x: 13, lid: 2, tpid: "wall15", y: 0, z: 0, d: 5}, {x: 0, lid: 3, tpid: "floor4", y: 0, z: 0, d: 5}]}, {w: 13, l: 13, nm: "Комната 1", id: "1", lev: 2, f: [{x: 0, lid: 1, tpid: "wall15", y: 0, z: 0, d: 3}, {x: 3, lid: 4, rid: "outside", tpid: "door4", y: 0, z: 0, d: 3}, {x: 13, lid: 2, tpid: "wall15", y: 0, z: 0, d: 5}, {x: 0, lid: 3, tpid: "floor4", y: 0, z: 0, d: 5}]}, {w: 13, l: 13, nm: "#livingRoom", id: "livingroom", lev: 1, f: [{x: 0, lid: 1, tpid: "wall15", y: 0, z: 0, d: 3}, {x: 3, lid: 4, rid: "outside", tpid: "door4", y: 0, z: 0, d: 3}, {x: 13, lid: 2, tpid: "wall15", y: 0, z: 0, d: 5}, {x: 0, lid: 3, tpid: "floor4", y: 0, z: 0, d: 5}]}, {w: 13, l: 13, nm: "Комната 4", id: "4", lev: 2, f: [{x: 0, lid: 1, tpid: "wall15", y: 0, z: 0, d: 3}, {x: 3, lid: 4, rid: "outside", tpid: "door4", y: 0, z: 0, d: 3}, {x: 13, lid: 2, tpid: "wall15", y: 0, z: 0, d: 5}, {x: 0, lid: 3, tpid: "floor4", y: 0, z: 0, d: 5}]}]}, ath: false, plr: {ci: {bcld: 0, vip: true, cmid: 0, exp: 85800, trid: "freelanceExchange", crt: 1037, rpt: 0, dr: true, compid: 0, trcd: 0, actrt: 0, spp: 0, actrp: 0, sbid: null, tts: null, actrd: 0, sbrt: 0, crst: 0, gdc: 0, eml: null, shousd: false, plcmt: {}, lgt: 0, pamns: {amn: []}, ysct: 0, ys: 0, lwts: 0, vexp: 1965298000, fak: null, lvt: 1578581925, vsexp: 1965298000, shcr: true, lrnt: 0, skrt: 0, vsact: true, gtrfrd: 0, fexp: 0, as: null, vret: 0, strfrd: 0, skid: null, vfgc: 0, rtrtm: 0, hrt: 174, ceid: 0, kyktid: null}, usrinf: {rl: 0}, mbm: {sk: "blackMobileSkin", ac: null}, pf: {pf: {phtghr: {pgs: 0, tp: "phtghr", l: 20}, grdnr: {pgs: 0, tp: "grdnr", l: 20}, vsgst: {pgs: 0, tp: "vsgst", l: 20}, jntr: {pgs: 0, tp: "jntr", l: 20}}}, apprnc: {rg: 0, ec: 1, hc: 5, fac: 1, pt: 0, bc: 1, rc: 1, brt: 28, g: 2, ssc: 1, nct: 0, shc: 1, sh: 0, sc: 2, fft: 0, ht: 123, fat: 0, mc: 3, n: "Линка", ss: 0, et: 2, bt: 0, brc: 1, mt: 3, pc: 1}, uid: "59", clths: {clths: [{tpid: "girlNcklFrog", clid: null}, {tpid: "girlTShrtFrog", clid: null}, {tpid: "girlPntsFrog", clid: null}, {tpid: "girlBtsFrog", clid: null}]}}}]
Thu Jan 9 17:02:50 GMT+0200 2020 [INFO] Client said: 34: [null, "h.oinfo", {uid: "59"}]
Thu Jan 9 17:02:37 GMT+0200 2020 [INFO] Server said: 34: ["ntf.res", {res: {enrg: 500, gld: 5624, emd: 0, slvr: 5000}}]
Thu Jan 9 17:02:37 GMT+0200 2020 [INFO] Server said: 34: ["ntf.inv", {it: {c: 1, tid: "csCtr", iid: ""}}]
Thu Jan 9 17:02:35 GMT+0200 2020 [INFO] Client said: 34: [null, "frn.buy", {cnt: 1, tpid: "csCtr", pind: 1}]
Thu Jan 9 17:02:32 GMT+0200 2020 [INFO] Loaded  LoadingItem(url: http://62.113.113.58:8080/files/swf/furniture/furniture/WardrobeRoseLong.swf, status: 2) 