ClientError: Thu Jan 9 17:02:30 GMT+0200 2020 [CRITICAL] [house] *Uncaught Error* ErrorId: 1009 ErrorName: TypeError ErrorMessage:Error #1009 ErrorStackTrace:TypeError: Error #1009
	at MethodInfo-2()
	at flash.events::EventDispatcher/dispatchEvent()
	at _-jr::FurnitureLoader/_-2qc()
	at flash.events::EventDispatcher/dispatchEvent()
	at _-0bS::MassLoader/_-4Ql()
	at _-0bS::MassLoader/_-WZ()
	at flash.events::EventDispatcher/dispatchEvent()
	at _-18R::LoadingItem/onComplete()
	at _-18R::SWFLoadingItem/onComplete()
	at MethodInfo-7()
	at MethodInfo-517()
	at SetIntervalTimer/onTimer()
	at flash.utils::Timer/tick()
Thu Jan 9 17:02:30 GMT+0200 2020 [INFO] Loaded  LoadingItem(url: http://62.113.113.58:8080/files/swf/furniture/furniture/CaseCountry.swf?2, status: 2) 
Thu Jan 9 17:01:38 GMT+0200 2020 [INFO] Server said: 34: ["b.inslv", {inslv: 5000}]
Thu Jan 9 17:01:38 GMT+0200 2020 [INFO] Server said: 34: ["ntf.res", {res: {enrg: 500, gld: 5703, emd: 0, slvr: 5000}}]
Thu Jan 9 17:01:37 GMT+0200 2020 [INFO] Server said: 34: ["b.ingld", {ingld: 1500}]
Thu Jan 9 17:01:37 GMT+0200 2020 [INFO] Server said: 34: ["ntf.res", {res: {enrg: 500, gld: 5753, emd: 0, slvr: 0}}]
Thu Jan 9 17:01:35 GMT+0200 2020 [INFO] Server said: 34: ["b.ingld", {ingld: 1500}]
Thu Jan 9 17:01:34 GMT+0200 2020 [INFO] Server said: 34: ["ntf.res", {res: {enrg: 500, gld: 4253, emd: 0, slvr: 0}}]
Thu Jan 9 17:01:28 GMT+0200 2020 [INFO] Server said: 34: ["b.ingld", {ingld: 1500}]
Thu Jan 9 17:01:28 GMT+0200 2020 [INFO] Server said: 34: ["ntf.res", {res: {enrg: 500, gld: 2753, emd: 0, slvr: 0}}]
Thu Jan 9 17:01:24 GMT+0200 2020 [INFO] Client said: 34: [null, "b.bs", {gld: 50}]
Thu Jan 9 17:01:23 GMT+0200 2020 [INFO] Server said: 34: ["h.r.ra", {plr: {ci: {bcld: 0, vip: true, cmid: 0, exp: 85800, trid: "freelanceExchange", crt: 1037, rpt: 0, dr: true, compid: 0, trcd: 0, actrt: 0, spp: 0, actrp: 0, sbid: null, tts: null, actrd: 0, sbrt: 0, crst: 0, gdc: 0, eml: null, shousd: false, plcmt: {}, lgt: 0, pamns: {amn: []}, ysct: 0, ys: 0, lwts: 0, vexp: 1965298000, fak: null, lvt: 1578581925, vsexp: 1965298000, shcr: true, lrnt: 0, skrt: 0, vsact: true, gtrfrd: 0, fexp: 0, as: null, vret: 0, strfrd: 0, skid: null, vfgc: 0, rtrtm: 0, hrt: 174, ceid: 0, kyktid: null}, usrinf: {rl: 0}, mbm: {sk: "blackMobileSkin", ac: null}, pf: {pf: {phtghr: {pgs: 0, tp: "phtghr", l: 20}, grdnr: {pgs: 0, tp: "grdnr", l: 20}, vsgst: {pgs: 0, tp: "vsgst", l: 20}, jntr: {pgs: 0, tp: "jntr", l: 20}}}, apprnc: {rg: 0, ec: 1, hc: 5, fac: 1, pt: 0, bc: 1, rc: 1, brt: 28, g: 2, ssc: 1, nct: 0, shc: 1, sh: 0, sc: 2, fft: 0, ht: 123, fat: 0, mc: 3, n: "Линка", ss: 0, et: 2, bt: 0, brc: 1, mt: 3, pc: 1}, uid: "59", clths: {clths: [{tpid: "girlNcklFrog", clid: null}, {tpid: "girlTShrtFrog", clid: null}, {tpid: "girlPntsFrog", clid: null}, {tpid: "girlBtsFrog", clid: null}]}, locinfo: {x: 3.45, at: "", l: "house_59_livingroom", y: 6.33, s: "127.0.0.1", shlc: true, st: 23, d: 4, pl: ""}}}]
Thu Jan 9 17:01:20 GMT+0200 2020 [INFO] [YandexMetrics.reachGoal] Call reach goal 'click_buy_product' for counter 31321471
Thu Jan 9 17:01:20 GMT+0200 2020 [INFO] Client said: 34: [null, "b.chkprchs", {qnt: 1, pmnt: null, prid: "pack1500"}]