ClientError: Thu Jan 9 18:56:26 GMT+0500 2020 [CRITICAL] [house] *Uncaught Error* ErrorId: 1009 ErrorName: TypeError ErrorMessage:Error #1009 ErrorStackTrace:TypeError: Error #1009
	at MethodInfo-2()
	at flash.events::EventDispatcher/dispatchEvent()
	at _-jr::FurnitureLoader/_-2qc()
	at flash.events::EventDispatcher/dispatchEvent()
	at _-0bS::MassLoader/_-4Ql()
	at _-0bS::MassLoader/_-WZ()
	at flash.events::EventDispatcher/dispatchEvent()
	at _-18R::LoadingItem/onComplete()
	at _-18R::SWFLoadingItem/onComplete()
	at MethodInfo-7()
	at WaterfallFountain_fla::buble_20/timerComplete()
	at flash.events::EventDispatcher/dispatchEvent()
	at flash.utils::Timer/tick()
Thu Jan 9 18:56:26 GMT+0500 2020 [INFO] Loaded  LoadingItem(url: http://62.113.113.58:8080/files/swf/furniture/furniture/NY20BlueTable.swf, status: 2) 
Thu Jan 9 18:56:19 GMT+0500 2020 [INFO] Server said: 34: ["h.r.rfr", {rm: {lev: 1, f: [{x: 4, tpid: "wtrfll4", y: 3, lid: 41014703, d: 5, z: 0}, {x: 2, tpid: "tblSV14", y: 9, lid: 32936931, d: 5, z: 0}, {x: 12, tpid: "dirol15Wardrobe", y: 0, lid: 4850855, d: 5, z: 0}, {x: 13, tpid: "wdwAln1", y: 5.235156249999999, lid: 49521382, d: 5, z: 2.5}, {x: 0, tpid: "pdmNY20Wll", y: 0, lid: 17351253, d: 3, z: 0}, {x: 5.519531249999997, tpid: "pictureElf", y: 0, lid: 86960610, d: 3, z: 2}, {x: 0, tpid: "intFlr1", y: 0, lid: 8735650, d: 5, z: 0}, {x: 3, rid: "outside", tpid: "door4", y: 0, lid: 4, d: 3, z: 0}, {x: 2, tpid: "armchairVip2", y: 3, lid: 71436087, d: 3, z: 0}, {x: 9, tpid: "armchairVip2", y: 9, lid: 30451928, d: 5, z: 0}, {x: 13, tpid: "pdmNY20Wll", y: 0, lid: 17351254, d: 5, z: 0}], nm: "#livingRoom", l: 13, w: 13}}]
Thu Jan 9 18:56:19 GMT+0500 2020 [INFO] Client said: 34: ["house_32_livingroom", "h.r.rfr", {}]
Thu Jan 9 18:56:19 GMT+0500 2020 [INFO] Server said: 34: ["frn.save", {ci: {rpt: 0, vsact: true, pamns: {amn: []}, vret: 0, crst: 0, as: null, kyktid: null, lvt: 1578577658, vfgc: 0, ceid: 0, lwts: 0, plcmt: {}, actrt: 0, cmid: 0, compid: 0, dr: true, ys: 0, spp: 0, fexp: 0, lrnt: 0, tts: null, skrt: 0, eml: null, hrt: 3279, bcld: 0, trcd: 0, exp: 85800, vip: true, trid: null, sbrt: 0, actrp: 0, actrd: 0, fak: null, ysct: 0, shcr: true, gdc: 0, crt: 8038, gtrfrd: 0, lgt: 0, shousd: false, strfrd: 0, sbid: null, rtrtm: 0, vexp: 1965298000, skid: null, vsexp: 1965298000}, hs: {lev: 1, w: 13, f: [{x: 4, tpid: "wtrfll4", y: 3, lid: 41014703, d: 5, z: 0}, {x: 2, tpid: "tblSV14", y: 9, lid: 32936931, d: 5, z: 0}, {x: 12, tpid: "dirol15Wardrobe", y: 0, lid: 4850855, d: 5, z: 0}, {x: 13, tpid: "wdwAln1", y: 5.235156249999999, lid: 49521382, d: 5, z: 2.5}, {x: 0, tpid: "pdmNY20Wll", y: 0, lid: 17351253, d: 3, z: 0}, {x: 5.519531249999997, tpid: "pictureElf", y: 0, lid: 86960610, d: 3, z: 2}, {x: 0, tpid: "intFlr1", y: 0, lid: 8735650, d: 5, z: 0}, {x: 3, rid: "outside", tpid: "door4", y: 0, lid: 4, d: 3, z: 0}, {x: 2, tpid: "armchairVip2", y: 3, lid: 71436087, d: 3, z: 0}, {x: 9, tpid: "armchairVip2", y: 9, lid: 30451928, d: 5, z: 0}, {x: 13, tpid: "pdmNY20Wll", y: 0, lid: 17351254, d: 5, z: 0}], nm: "house", l: 13, id: "livingroom"}, inv: {c: {act: {id: "act", it: []}, frn: {id: "frn", it: [{iid: "", c: 1, tid: "csCtr"}, {iid: "", c: 1, tid: "floor4"}, {iid: "", c: 1, tid: "wall15"}]}, cls: {id: "cls", it: [{iid: "", c: 1, tid: "girlUnderdress1"}, {iid: "", c: 1, tid: "girlUnderdress2"}, {iid: "", c: 1, tid: "girlShirt12"}, {iid: "", c: 1, tid: "girlShoes14"}, {iid: "", c: 1, tid: "girlAcsEstr19"}, {iid: "", c: 1, tid: "girlSktEstr19"}, {iid: "", c: 1, tid: "girlPants9"}, {iid: "", c: 1, tid: "girlTShrtEstr19"}, {iid: "", c: 1, tid: "grlDrsNY17"}, {iid: "", c: 1, tid: "girlNoseEstr19"}, {iid: "", c: 1, tid: "girlHrEstr19"}, {iid: "", c: 1, tid: "sphrWtchSphr"}, {iid: "", c: 1, tid: "girlSktNY20Slv"}, {iid: "", c: 1, tid: "grlRdRrShs"}, {iid: "12", c: 1, tid: "grlDrsCtr1"}, {iid: "", c: 1, tid: "girlDrssSV19"}, {iid: "12", c: 1, tid: "girlScksCtrOutsrc1"}, {iid: "12", c: 1, tid: "girlBtsClnGlmr"}, {iid: "", c: 1, tid: "girlFA18Wig"}, {iid: "", c: 1, tid: "girlFA18Bts"}, {iid: "", c: 1, tid: "girlFA18Skt"}, {iid: "", c: 1, tid: "girlFA18TShrt"}, {iid: "", c: 1, tid: "grlPtrcTSht"}, {iid: "", c: 1, tid: "girlFA18Bag"}, {iid: "13", c: 1, tid: "girlDcrClnGlmr"}, {iid: "", c: 1, tid: "grlPtrcShs"}, {iid: "13", c: 1, tid: "grlGlvCtr1"}, {iid: "", c: 1, tid: "grlPtrcHat"}, {iid: "", c: 1, tid: "grlPtrcBrcl"}, {iid: "", c: 1, tid: "girlFA18Tghts"}, {iid: "", c: 1, tid: "grlPtrcGls"}, {iid: "", c: 1, tid: "girlWngDmn"}]}, lt: {id: "lt", it: []}, gm: {id: "gm", it: [{iid: "", c: 1, tid: "blackMobileSkin"}]}}}}]
Thu Jan 9 18:56:18 GMT+0500 2020 [INFO] Client said: 34: ["house_32_livingroom", "frn.save", {f: []}]
Thu Jan 9 18:56:14 GMT+0500 2020 [INFO] Client said: 34: ["house_32_livingroom", "h.r.u", {uid: "32", d: 6, y: 11.16, x: 0.79, at: "", st: 23}]
Thu Jan 9 18:56:13 GMT+0500 2020 [INFO] Client said: 34: ["house_32_livingroom", "h.r.m", {sy: 11.49, uid: "32", dx: 0.79, sx: 3.33, dy: 11.16}]