ClientError: Thu Jan 9 17:24:07 GMT+0300 2020 [CRITICAL] [salon] *Uncaught Error* ErrorId: 1009 ErrorName: TypeError ErrorMessage:Error #1009 ErrorStackTrace:TypeError: Error #1009
	at _-0eV::RoomMemberContainer/addAvatar()
	at _-PQ::BaseRoomScreen/addAvatar()
	at _-PQ::BaseRoomScreen/onRefreshAvatar()
	at flash.events::EventDispatcher/dispatchEvent()
	at _-2CM::BaseRoomNetManager/onRefreshAvatar()
	at flash.events::EventDispatcher/dispatchEvent()
	at ags::_-2t/_-2dI()
	at flash.events::EventDispatcher/dispatchEvent()
	at _-0en::_-0O8/_-1LF()
	at _-0en::_-0O8/execute()
	at ags::AGSClient/_-0i9()
	at ags::AGSClient/_-2ZF()
	at ags::AGSClient/_-2Ea()
Thu Jan 9 17:24:07 GMT+0300 2020 [INFO] Server said: 34: ["o.r.ra", {plr: {usrinf: {rl: 0}, mbm: {sk: "blackMobileSkin", ac: null}, locinfo: {l: "salon_sn1_1", x: 14.42, st: 0, y: 12.6, s: "127.0.0.1", at: "", shlc: true, d: 4, pl: ""}, apprnc: {mc: 1, brc: 1, g: 1, sc: 2, fat: 0, ht: 55, ssc: 1, bc: 1, sh: 0, fac: 1, ss: 0, mt: 16, rg: 0, fft: 2, nct: 0, pt: 0, bt: 0, brt: 13, rc: 1, n: "◊ПаFFoS◊", pc: 1, hc: 7, shc: 1, et: 13, ec: 25}, ci: {sbrt: 0, rtrtm: 0, hrt: 174, ys: 0, dr: true, kyktid: null, vret: 0, plcmt: {}, ysct: 0, lrnt: 0, pamns: {amn: []}, actrt: 0, vfgc: 0, lwts: 0, crst: 0, lvt: 1578579766, fak: null, trid: null, compid: 0, shcr: true, actrp: 0, spp: 0, lgt: 0, actrd: 0, skrt: 0, gdc: 0, rpt: 0, skid: null, ceid: 0, gtrfrd: 0, shousd: false, tts: null, sbid: null, vexp: 1965298000, cmid: 0, eml: null, crt: 18, fexp: 0, bcld: 0, exp: 85800, trcd: 0, strfrd: 0, vsexp: 1965298000, vip: true, vsact: true, as: null}, clths: {clths: [{tpid: "boyShirt14", clid: null}, {tpid: "boyShoes8", clid: null}, {tpid: "boyPants10", clid: null}]}, pf: {pf: {jntr: {tp: "jntr", l: 20, pgs: 0}, grdnr: {tp: "grdnr", l: 20, pgs: 0}, phtghr: {tp: "phtghr", l: 20, pgs: 0}, vsgst: {tp: "vsgst", l: 20, pgs: 0}}}, uid: "198"}}]
Thu Jan 9 17:24:07 GMT+0300 2020 [INFO] Server said: 34: ["o.r.m", {sx: 14, dy: 13.73, dx: 13.48, sy: 13, uid: "260"}]
Thu Jan 9 17:24:05 GMT+0300 2020 [INFO] Server said: 34: ["o.r.u", {d: 1, x: 14.42, st: 0, y: 12.6, uid: "260"}]
Thu Jan 9 17:24:04 GMT+0300 2020 [INFO] Server said: 34: ["o.r.u", {x: 14.42, st: 1, y: 12.6, at: "salonActiveChairItem21", d: 0, uid: "260"}]
Thu Jan 9 17:24:03 GMT+0300 2020 [INFO] Server said: 34: ["o.r.u", {x: 14.42, st: 23, y: 12.6, at: "", d: 0, uid: "260"}]
Thu Jan 9 17:24:00 GMT+0300 2020 [INFO] Server said: 34: ["o.r.m", {sx: 9.19, dy: 12.6, dx: 14.42, sy: 9.44, uid: "260"}]
Thu Jan 9 17:23:59 GMT+0300 2020 [INFO] Server said: 34: ["o.r.u", {x: 9.19, st: 23, y: 9.44, at: "", d: 0, uid: "260"}]