ClientError: Thu Jan 9 21:16:08 GMT+0700 2020 [CRITICAL] [salon] *Uncaught Error* ErrorId: 1009 ErrorName: TypeError ErrorMessage:Error #1009 ErrorStackTrace:TypeError: Error #1009
	at _-0eV::RoomMemberContainer/addAvatar()
	at _-PQ::BaseRoomScreen/addAvatar()
	at _-PQ::BaseRoomScreen/onRefreshAvatar()
	at flash.events::EventDispatcher/dispatchEvent()
	at _-2CM::BaseRoomNetManager/onRefreshAvatar()
	at flash.events::EventDispatcher/dispatchEvent()
	at ags::_-2t/_-2dI()
	at flash.events::EventDispatcher/dispatchEvent()
	at _-0en::_-0O8/_-1LF()
	at _-0en::_-0O8/execute()
	at ags::AGSClient/_-0i9()
	at ags::AGSClient/_-2ZF()
	at ags::AGSClient/_-2Ea()
Thu Jan 9 21:16:08 GMT+0700 2020 [INFO] Server said: 34: ["o.r.ra", {plr: {clths: {clths: [{clid: null, tpid: "boyShoes8"}, {clid: null, tpid: "boyHlwn34"}, {clid: null, tpid: "boyPants10"}]}, apprnc: {n: ".ЕНОТ.", ec: 25, ht: 85, pc: 1, fft: 0, shc: 1, fat: 0, ssc: 1, g: 1, fac: 1, hc: 23, mc: 3, ss: 0, sc: 2, brc: 5, rc: 1, nct: 0, bt: 0, mt: 23, pt: 0, brt: 6, bc: 1, rg: 0, sh: 0, et: 18}, ci: {crst: 0, lrnt: 0, vfgc: 0, lvt: 1578578832, fexp: 0, ceid: 0, strfrd: 0, skid: null, cmid: 0, lwts: 0, rtrtm: 0, hrt: 174, dr: true, kyktid: null, bcld: 0, spp: 0, skrt: 0, actrt: 0, trid: null, tts: null, rpt: 0, compid: 0, gdc: 0, eml: null, ys: 0, actrp: 0, lgt: 0, pamns: {amn: []}, trcd: 0, actrd: 0, sbrt: 0, ysct: 0, sbid: null, shousd: false, vexp: 1965298000, fak: null, crt: 103, exp: 85800, vip: true, plcmt: {}, as: null, vsact: true, gtrfrd: 0, vsexp: 1965298000, shcr: true, vret: 0}, uid: "258", mbm: {sk: "blackMobileSkin", ac: null}, pf: {pf: {grdnr: {pgs: 0, l: 20, tp: "grdnr"}, phtghr: {pgs: 0, l: 20, tp: "phtghr"}, vsgst: {pgs: 0, l: 20, tp: "vsgst"}, jntr: {pgs: 0, l: 20, tp: "jntr"}}}, locinfo: {l: "salon_sn1_1", x: 9.95, at: "", shlc: true, y: 13.7, s: "127.0.0.1", d: 4, pl: "", st: 23}, usrinf: {rl: 0}}}]
Thu Jan 9 21:16:06 GMT+0700 2020 [INFO] Server said: 34: ["o.r.m", {dy: 6.72, sy: 8.89, uid: "319", dx: 9.84, sx: 11.08}]
Thu Jan 9 21:16:06 GMT+0700 2020 [INFO] Server said: 34: ["o.r.u", {x: 15.5, uid: "245", d: 4, y: 1.5, st: 0}]
Thu Jan 9 21:16:04 GMT+0700 2020 [INFO] Server said: 34: ["o.r.u", {x: 11.08, at: "", uid: "319", y: 8.89, d: 3, st: 23}]
Thu Jan 9 21:16:02 GMT+0700 2020 [INFO] Server said: 34: ["o.r.m", {dy: 8.89, sy: 4.16, uid: "319", dx: 11.08, sx: 9.97}]
Thu Jan 9 21:15:54 GMT+0700 2020 [INFO] Client said: 34: ["salon_sn1_1", "o.r.info", {rid: "sn1"}]
Thu Jan 9 21:15:54 GMT+0700 2020 [INFO] Server said: 34: ["o.gr", {rid: "salon_sn1_1"}]
Thu Jan 9 21:15:52 GMT+0700 2020 [INFO] Server said: 16: ["salon_sn1_1", "208"]
Thu Jan 9 21:15:52 GMT+0700 2020 [INFO] Server said: 34: ["o.r.jn", {plr: {clths: {clths: [{clid: null, tpid: "boyGlssNY20Gld"}, {clid: null, tpid: "boyPldJckt"}, {clid: null, tpid: "boyPldTShrt"}, {clid: null, tpid: "boyPldBts"}, {clid: null, tpid: "boyPldPnts"}]}, apprnc: {n: "  ЭТОСАМОЕ", ec: 3, ht: 74, pc: 1, fft: 0, shc: 1, fat: 0, ssc: 1, g: 1, fac: 1, hc: 1, mc: 4, ss: 0, sc: 1, brc: 5, rc: 1, nct: 0, bt: 0, mt: 21, pt: 0, brt: 20, bc: 1, rg: 0, sh: 0, et: 19}, ci: {crst: 0, lrnt: 0, vfgc: 0, lvt: 1578579201, fexp: 0, ceid: 0, strfrd: 0, skid: null, cmid: 0, lwts: 0, rtrtm: 0, hrt: 174, dr: true, kyktid: null, bcld: 0, spp: 0, skrt: 0, actrt: 0, trid: null, tts: null, rpt: 0, compid: 0, gdc: 0, eml: null, ys: 0, actrp: 0, lgt: 0, pamns: {amn: []}, trcd: 0, actrd: 0, sbrt: 0, ysct: 0, sbid: null, shousd: false, vexp: 1965298000, fak: null, crt: 717, exp: 85800, vip: true, plcmt: {}, as: null, vsact: true, gtrfrd: 0, vsexp: 1965298000, shcr: true, vret: 0}, uid: "208", mbm: {sk: "blackMobileSkin", ac: null}, pf: {pf: {grdnr: {pgs: 0, l: 20, tp: "grdnr"}, phtghr: {pgs: 0, l: 20, tp: "phtghr"}, vsgst: {pgs: 0, l: 20, tp: "vsgst"}, jntr: {pgs: 0, l: 20, tp: "jntr"}}}, locinfo: {l: "salon_sn1_1", x: -1, at: "", shlc: true, y: -1, s: "127.0.0.1", d: 4, pl: "", st: 0}, usrinf: {rl: 0}}}]
Thu Jan 9 21:15:47 GMT+0700 2020 [INFO] Server said: 16: ["salon_sn1_1", "245"]
Thu Jan 9 21:15:46 GMT+0700 2020 [INFO] Server said: 34: ["o.r.jn", {plr: {clths: {clths: [{clid: null, tpid: "girlBtsEstr19"}, {clid: null, tpid: "girlDrssNY20Emr"}]}, apprnc: {n: "..:::КнОпос", ec: 1, ht: 130, pc: 1, fft: 0, shc: 1, fat: 0, ssc: 1, g: 2, fac: 1, hc: 6, mc: 3, ss: 0, sc: 2, brc: 5, rc: 1, nct: 0, bt: 0, mt: 3, pt: 0, brt: 28, bc: 1, rg: 0, sh: 0, et: 2}, ci: {crst: 0, lrnt: 0, vfgc: 0, lvt: 1578579177, fexp: 0, ceid: 0, strfrd: 0, skid: null, cmid: 0, lwts: 0, rtrtm: 0, hrt: 1703, dr: true, kyktid: null, bcld: 0, spp: 0, skrt: 0, actrt: 0, trid: "springDay2018", tts: null, rpt: 0, compid: 0, gdc: 0, eml: null, ys: 0, actrp: 0, lgt: 0, pamns: {amn: []}, trcd: 0, actrd: 0, sbrt: 0, ysct: 0, sbid: null, shousd: false, vexp: 1965298000, fak: null, crt: 309, exp: 85800, vip: true, plcmt: {}, as: null, vsact: true, gtrfrd: 0, vsexp: 1965298000, shcr: true, vret: 0}, uid: "245", mbm: {sk: "blackMobileSkin", ac: null}, pf: {pf: {grdnr: {pgs: 0, l: 20, tp: "grdnr"}, phtghr: {pgs: 0, l: 20, tp: "phtghr"}, vsgst: {pgs: 0, l: 20, tp: "vsgst"}, jntr: {pgs: 0, l: 20, tp: "jntr"}}}, locinfo: {l: "salon_sn1_1", x: -1, at: "", shlc: true, y: -1, s: "127.0.0.1", d: 4, pl: "", st: 0}, usrinf: {rl: 0}}}]
Thu Jan 9 21:13:20 GMT+0700 2020 [INFO] Client said: 34: [null, "o.gr", {lid: "salon", gid: "sn1"}]
Thu Jan 9 21:13:20 GMT+0700 2020 [INFO] Server said: 1: ["208", true, false, false]
Thu Jan 9 21:12:55 GMT+0700 2020 [INFO] Client said: 1: ["street", "208", "aTWfeGsVJVurTZqiqKNr", {clvrn: "84.0.4", v: 2}]
Thu Jan 9 21:12:52 GMT+0700 2020 [INFO] Client said: 2: []
Thu Jan 9 21:12:52 GMT+0700 2020 [INFO] Loaded  LoadingItem(url: http://62.113.113.58:8080/files/swf/Salon_1fe14ef0cdf189794ef74d591993d3f5.swf, status: 2) 
Thu Jan 9 21:12:50 GMT+0700 2020 [INFO] Client said: 17: ["house_208_livingroom"]
Thu Jan 9 21:12:30 GMT+0700 2020 [INFO] Server said: 34: ["h.r.ra", {plr: {clths: {clths: [{clid: null, tpid: "boyGlssNY20Gld"}, {clid: null, tpid: "boyPldJckt"}, {clid: null, tpid: "boyPldTShrt"}, {clid: null, tpid: "boyPldBts"}, {clid: null, tpid: "boyPldPnts"}]}, apprnc: {n: "  ЭТОСАМОЕ", ec: 3, ht: 74, pc: 1, fft: 0, shc: 1, fat: 0, ssc: 1, g: 1, fac: 1, hc: 1, mc: 4, ss: 0, sc: 1, brc: 5, rc: 1, nct: 0, bt: 0, mt: 21, pt: 0, brt: 20, bc: 1, rg: 0, sh: 0, et: 19}, ci: {crst: 0, lrnt: 0, vfgc: 0, lvt: 1578578513, fexp: 0, ceid: 0, strfrd: 0, skid: null, cmid: 0, lwts: 0, rtrtm: 0, hrt: 174, dr: true, kyktid: null, bcld: 0, spp: 0, skrt: 0, actrt: 0, trid: null, tts: null, rpt: 0, compid: 0, gdc: 0, eml: null, ys: 0, actrp: 0, lgt: 0, pamns: {amn: []}, trcd: 0, actrd: 0, sbrt: 0, ysct: 0, sbid: null, shousd: false, vexp: 1965298000, fak: null, crt: 717, exp: 85800, vip: true, plcmt: {}, as: null, vsact: true, gtrfrd: 0, vsexp: 1965298000, shcr: true, vret: 0}, uid: "208", mbm: {sk: "blackMobileSkin", ac: null}, pf: {pf: {grdnr: {pgs: 0, l: 20, tp: "grdnr"}, phtghr: {pgs: 0, l: 20, tp: "phtghr"}, vsgst: {pgs: 0, l: 20, tp: "vsgst"}, jntr: {pgs: 0, l: 20, tp: "jntr"}}}, locinfo: {l: "house_208_livingroom", x: 6.34, at: "", shlc: true, y: 5.03, s: "127.0.0.1", d: 4, pl: "", st: 23}, usrinf: {rl: 0}}}]
Thu Jan 9 21:12:25 GMT+0700 2020 [INFO] Client said: 34: ["house_208_livingroom", "h.r.ra", {}]
Thu Jan 9 21:12:25 GMT+0700 2020 [INFO] Server said: 34: ["a.clths.buy", {clths: {clths: [{clid: null, tpid: "boyGlssNY20Gld"}, {clid: null, tpid: "boyPldJckt"}, {clid: null, tpid: "boyPldTShrt"}, {clid: null, tpid: "boyPldBts"}, {clid: null, tpid: "boyPldPnts"}]}, crt: 717, inv: {c: {lt: {id: "lt", it: []}, act: {id: "act", it: []}, gm: {id: "gm", it: [{c: 1, iid: "", tid: "blackMobileSkin"}]}, cls: {id: "cls", it: [{c: 1, iid: "", tid: "boyUnderdress1"}, {c: 1, iid: "", tid: "boyShirt14"}, {c: 1, iid: "", tid: "boyPants10"}, {c: 1, iid: "", tid: "boyShoes8"}]}, frn: {id: "frn", it: []}}}, res: {slvr: 10000, enrg: 500, emd: 0, gld: 1345}, ccltn: {cn: "", ctp: "casual", cct: ["boyGlssNY20Gld", "boyPldJckt", "boyPldTShrt", "boyPldBts", "boyPldPnts"]}}]
Thu Jan 9 21:12:21 GMT+0700 2020 [INFO] Client said: 34: [null, "a.clths.buy", {ctp: "casual", pind: 1, tpid: "boyGlssNY20Gld"}]
Thu Jan 9 21:11:17 GMT+0700 2020 [INFO] Server said: 34: ["h.r.ra", {plr: {clths: {clths: [{clid: null, tpid: "boyPldBts"}, {clid: null, tpid: "boyPldJckt"}, {clid: null, tpid: "boyPldTShrt"}, {clid: null, tpid: "boyPldPnts"}]}, apprnc: {n: "  ЭТОСАМОЕ", ec: 3, ht: 74, pc: 1, fft: 0, shc: 1, fat: 0, ssc: 1, g: 1, fac: 1, hc: 1, mc: 4, ss: 0, sc: 1, brc: 5, rc: 1, nct: 0, bt: 0, mt: 21, pt: 0, brt: 20, bc: 1, rg: 0, sh: 0, et: 19}, ci: {crst: 0, lrnt: 0, vfgc: 0, lvt: 1578578513, fexp: 0, ceid: 0, strfrd: 0, skid: null, cmid: 0, lwts: 0, rtrtm: 0, hrt: 174, dr: true, kyktid: null, bcld: 0, spp: 0, skrt: 0, actrt: 0, trid: null, tts: null, rpt: 0, compid: 0, gdc: 0, eml: null, ys: 0, actrp: 0, lgt: 0, pamns: {amn: []}, trcd: 0, actrd: 0, sbrt: 0, ysct: 0, sbid: null, shousd: false, vexp: 1965298000, fak: null, crt: 357, exp: 85800, vip: true, plcmt: {}, as: null, vsact: true, gtrfrd: 0, vsexp: 1965298000, shcr: true, vret: 0}, uid: "208", mbm: {sk: "blackMobileSkin", ac: null}, pf: {pf: {grdnr: {pgs: 0, l: 20, tp: "grdnr"}, phtghr: {pgs: 0, l: 20, tp: "phtghr"}, vsgst: {pgs: 0, l: 20, tp: "vsgst"}, jntr: {pgs: 0, l: 20, tp: "jntr"}}}, locinfo: {l: "house_208_livingroom", x: 6.34, at: "", shlc: true, y: 5.03, s: "127.0.0.1", d: 4, pl: "", st: 23}, usrinf: {rl: 0}}}]
Thu Jan 9 21:11:16 GMT+0700 2020 [INFO] Server said: 34: ["h.r.ra", {plr: {clths: {clths: [{clid: null, tpid: "boyPldBts"}, {clid: null, tpid: "boyPldJckt"}, {clid: null, tpid: "boyPldTShrt"}, {clid: null, tpid: "boyPldPnts"}]}, apprnc: {n: "  ЭТОСАМОЕ", ec: 3, ht: 74, pc: 1, fft: 0, shc: 1, fat: 0, ssc: 1, g: 1, fac: 1, hc: 1, mc: 4, ss: 0, sc: 1, brc: 5, rc: 1, nct: 0, bt: 0, mt: 21, pt: 0, brt: 20, bc: 1, rg: 0, sh: 0, et: 19}, ci: {crst: 0, lrnt: 0, vfgc: 0, lvt: 1578578513, fexp: 0, ceid: 0, strfrd: 0, skid: null, cmid: 0, lwts: 0, rtrtm: 0, hrt: 174, dr: true, kyktid: null, bcld: 0, spp: 0, skrt: 0, actrt: 0, trid: null, tts: null, rpt: 0, compid: 0, gdc: 0, eml: null, ys: 0, actrp: 0, lgt: 0, pamns: {amn: []}, trcd: 0, actrd: 0, sbrt: 0, ysct: 0, sbid: null, shousd: false, vexp: 1965298000, fak: null, crt: 357, exp: 85800, vip: true, plcmt: {}, as: null, vsact: true, gtrfrd: 0, vsexp: 1965298000, shcr: true, vret: 0}, uid: "208", mbm: {sk: "blackMobileSkin", ac: null}, pf: {pf: {grdnr: {pgs: 0, l: 20, tp: "grdnr"}, phtghr: {pgs: 0, l: 20, tp: "phtghr"}, vsgst: {pgs: 0, l: 20, tp: "vsgst"}, jntr: {pgs: 0, l: 20, tp: "jntr"}}}, locinfo: {l: "house_208_livingroom", x: 6.34, at: "", shlc: true, y: 5.03, s: "127.0.0.1", d: 4, pl: "", st: 23}, usrinf: {rl: 0}}}]
Thu Jan 9 21:11:16 GMT+0700 2020 [INFO] Client said: 34: ["house_208_livingroom", "h.r.ra", {}]
Thu Jan 9 21:11:16 GMT+0700 2020 [INFO] Server said: 34: ["a.clths.buy", {clths: {clths: [{clid: null, tpid: "boyPldBts"}, {clid: null, tpid: "boyPldJckt"}, {clid: null, tpid: "boyPldTShrt"}, {clid: null, tpid: "boyPldPnts"}]}, crt: 357, inv: {c: {lt: {id: "lt", it: []}, act: {id: "act", it: []}, gm: {id: "gm", it: [{c: 1, iid: "", tid: "blackMobileSkin"}]}, cls: {id: "cls", it: [{c: 1, iid: "", tid: "boyUnderdress1"}, {c: 1, iid: "", tid: "boyShirt14"}, {c: 1, iid: "", tid: "boyPants10"}, {c: 1, iid: "", tid: "boyShoes8"}]}, frn: {id: "frn", it: []}}}, res: {slvr: 10000, enrg: 500, emd: 0, gld: 1465}, ccltn: {cn: "", ctp: "casual", cct: ["boyPldBts", "boyPldJckt", "boyPldTShrt", "boyPldPnts"]}}]
Thu Jan 9 21:11:07 GMT+0700 2020 [INFO] Client said: 34: ["house_208_livingroom", "h.r.ra", {}]
Thu Jan 9 21:11:07 GMT+0700 2020 [INFO] Server said: 34: ["a.clths.buy", {clths: {clths: [{clid: null, tpid: "boyPldBts"}, {clid: null, tpid: "boyPldJckt"}, {clid: null, tpid: "boyPldTShrt"}, {clid: null, tpid: "boyPldPnts"}]}, crt: 357, inv: {c: {lt: {id: "lt", it: []}, act: {id: "act", it: []}, gm: {id: "gm", it: [{c: 1, iid: "", tid: "blackMobileSkin"}]}, cls: {id: "cls", it: [{c: 1, iid: "", tid: "boyUnderdress1"}, {c: 1, iid: "", tid: "boyShirt14"}, {c: 1, iid: "", tid: "boyPants10"}, {c: 1, iid: "", tid: "boyShoes8"}]}, frn: {id: "frn", it: []}}}, res: {slvr: 10000, enrg: 500, emd: 0, gld: 1465}, ccltn: {cn: "", ctp: "casual", cct: ["boyPldBts", "boyPldJckt", "boyPldTShrt", "boyPldPnts"]}}]
Thu Jan 9 21:11:01 GMT+0700 2020 [INFO] Client said: 34: [null, "a.clths.bst", {ctp: "casual", pind: 1, tpid: "boyPldSet"}]
Thu Jan 9 21:10:49 GMT+0700 2020 [INFO] Client said: 34: [null, "a.clths.bst", {ctp: "casual", pind: 1, tpid: "boyPldSet"}]
Thu Jan 9 21:08:47 GMT+0700 2020 [INFO] Client said: 34: ["house_208_livingroom", "h.r.u", {x: 6.34, at: "", uid: "208", y: 5.03, d: 3, st: 23}]
Thu Jan 9 21:08:44 GMT+0700 2020 [INFO] Client said: 34: ["house_208_livingroom", "h.r.m", {dy: 5.03, sy: 0.1, uid: "208", sx: 4.05, dx: 6.34}]
Thu Jan 9 21:07:29 GMT+0700 2020 [INFO] Server said: 34: ["ev.gse", {}]
Thu Jan 9 21:07:29 GMT+0700 2020 [INFO] Server said: 34: ["ev.get", {c: -1, evlst: [{id: 25, r: 8, ml: 1, l: "livingroom", lg: 30, tp: 0, tt: "УБУБУБУБ ВСЕМ КУ", fo: false, ci: 0, uid: "25", ac: false, ds: "УРА", c: 0, unm: "Трусы", ft: 1578579314, st: 1578577514}, {id: 14, r: 8, ml: 1, l: "street_s1e", lg: 30, tp: 1, tt: "Пары :)", fo: false, ci: 0, uid: "14", ac: false, ds: "тоже ищу, не важен пол :)", c: 0, unm: "мастурбация", ft: 1578585457, st: 1578578257}, {id: 102, r: 8, ml: 1, l: "club_cl1e", lg: 30, tp: 1, tt: "КТО С БЕСЕДЫ СЮАД", fo: false, ci: 0, uid: "102", ac: false, ds: "ЫААЫАЫАЫ", c: 0, unm: "Никита", ft: 1578585845, st: 1578578645}, {id: 70, r: 8, ml: 1, l: "park_p1e", lg: 30, tp: 1, tt: "ищу др)", fo: false, ci: 0, uid: "70", ac: false, ds: ")", c: 0, unm: "я тупая", ft: 1578585975, st: 1578578775}], tg: ""}]
Thu Jan 9 21:07:27 GMT+0700 2020 [INFO] Client said: 34: [null, "ev.gse", {}]
Thu Jan 9 21:07:27 GMT+0700 2020 [INFO] Client said: 34: [null, "ev.get", {c: -1, fof: false, tg: ""}]
Thu Jan 9 21:07:05 GMT+0700 2020 [INFO] Client said: 34: [null, "crq.urst", {}]
Thu Jan 9 21:07:00 GMT+0700 2020 [INFO] Client said: 34: [null, "cln.crt", {rtid: "scifi", ctl: "КРЕСТЯ", ctg: "КРЕС", pc: "1111", cin: "4"}]
Thu Jan 9 21:06:18 GMT+0700 2020 [INFO] Client said: 34: [null, "cln.grci", {clid: "grcm"}]