ClientError: Thu Jan 9 18:01:56 GMT+0300 2020 [CRITICAL] [salon] *Uncaught Error* ErrorId: 1009 ErrorName: TypeError ErrorMessage:Error #1009 ErrorStackTrace:TypeError: Error #1009
	at _-0eV::RoomMemberContainer/addAvatar()
	at _-PQ::BaseRoomScreen/addAvatar()
	at _-PQ::BaseRoomScreen/onRefreshAvatar()
	at flash.events::EventDispatcher/dispatchEvent()
	at _-2CM::BaseRoomNetManager/onRefreshAvatar()
	at flash.events::EventDispatcher/dispatchEvent()
	at ags::_-2t/_-2dI()
	at flash.events::EventDispatcher/dispatchEvent()
	at _-0en::_-0O8/_-1LF()
	at _-0en::_-0O8/execute()
	at ags::AGSClient/_-0i9()
	at ags::AGSClient/_-2ZF()
	at ags::AGSClient/_-2Ea()
Thu Jan 9 18:01:56 GMT+0300 2020 [INFO] Server said: 34: ["o.r.ra", {plr: {pf: {pf: {jntr: {tp: "jntr", pgs: 0, l: 20}, vsgst: {tp: "vsgst", pgs: 0, l: 20}, grdnr: {tp: "grdnr", pgs: 0, l: 20}, phtghr: {tp: "phtghr", pgs: 0, l: 20}}}, usrinf: {rl: 0}, clths: {clths: [{tpid: "girlShirt12", clid: null}, {tpid: "girlShoes14", clid: null}, {tpid: "girlPants9", clid: null}]}, mbm: {ac: null, sk: "blackMobileSkin"}, ci: {skrt: 0, rpt: 0, trid: null, tts: null, ys: 0, gdc: 0, eml: null, actrp: 0, lgt: 0, trcd: 0, actrd: 0, sbrt: 0, ysct: 0, sbid: null, shousd: false, vexp: 1965298000, fak: null, vsexp: 1965298000, shcr: true, plcmt: {}, as: null, vsact: true, gtrfrd: 0, pamns: {amn: []}, lvt: 1578581719, vret: 0, strfrd: 0, crst: 0, lrnt: 0, vfgc: 0, rtrtm: 0, fexp: 0, ceid: 0, kyktid: null, crt: 10, vip: true, skid: null, exp: 85800, actrt: 0, lwts: 0, hrt: 174, dr: true, compid: 0, cmid: 0, bcld: 0, spp: 0}, apprnc: {mt: 19, et: 17, ht: 111, brt: 23, pt: 0, mc: 3, fat: 0, rc: 1, g: 2, shc: 1, fac: 1, ec: 21, hc: 16, bt: 0, ssc: 1, ss: 0, fft: 7, sc: 1, rg: 0, pc: 1, nct: 0, sh: 0, n: "маша", bc: 1, brc: 7}, locinfo: {l: "salon_sn1_1", x: 10.2, shlc: true, pl: "", y: 15.77, s: "127.0.0.1", at: "", d: 4, st: 23}, uid: "634"}}]
Thu Jan 9 18:01:55 GMT+0300 2020 [INFO] Client said: 34: ["salon_sn1_1", "o.r.info", {rid: "sn1"}]
Thu Jan 9 18:01:55 GMT+0300 2020 [INFO] Server said: 34: ["o.gr", {rid: "salon_sn1_1"}]
Thu Jan 9 18:01:53 GMT+0300 2020 [INFO] Server said: 16: ["salon_sn1_1", "506"]
Thu Jan 9 18:01:53 GMT+0300 2020 [INFO] Server said: 34: ["o.r.u", {st: 0, x: 15.5, d: 4, y: 1.5, uid: "849"}]
Thu Jan 9 18:01:52 GMT+0300 2020 [INFO] Server said: 34: ["o.r.jn", {plr: {pf: {pf: {jntr: {tp: "jntr", pgs: 0, l: 20}, vsgst: {tp: "vsgst", pgs: 0, l: 20}, grdnr: {tp: "grdnr", pgs: 0, l: 20}, phtghr: {tp: "phtghr", pgs: 0, l: 20}}}, usrinf: {rl: 0}, clths: {clths: [{tpid: "girlGlssHp", clid: null}, {tpid: "girlCtHp", clid: null}, {tpid: "girlBtsHp", clid: null}, {tpid: "girlTShrtHp", clid: null}, {tpid: "girlErrHp", clid: null}, {tpid: "girlHtHp", clid: null}, {tpid: "girlPntsHp", clid: null}]}, mbm: {ac: null, sk: "blackMobileSkin"}, ci: {skrt: 0, rpt: 0, trid: "freelanceMicrophone", tts: null, ys: 0, gdc: 0, eml: null, actrp: 0, lgt: 0, trcd: 0, actrd: 0, sbrt: 0, ysct: 0, sbid: null, shousd: false, vexp: 1965298000, fak: null, vsexp: 1965298000, shcr: true, plcmt: {}, as: null, vsact: true, gtrfrd: 0, pamns: {amn: []}, lvt: 1578581969, vret: 0, strfrd: 0, crst: 0, lrnt: 0, vfgc: 0, rtrtm: 0, fexp: 0, ceid: 0, kyktid: null, crt: 319, vip: true, skid: null, exp: 85800, actrt: 0, lwts: 0, hrt: 174, dr: true, compid: 0, cmid: 0, bcld: 0, spp: 0}, apprnc: {mt: 2, et: 2, ht: 131, brt: 5, pt: 0, mc: 1, fat: 0, rc: 1, g: 2, shc: 1, fac: 1, ec: 2, hc: 4, bt: 0, ssc: 1, ss: 0, fft: 0, sc: 2, rg: 0, pc: 1, nct: 0, sh: 0, n: "min yoongi", bc: 1, brc: 5}, locinfo: {l: "salon_sn1_1", x: -1, shlc: true, pl: "", y: -1, s: "127.0.0.1", at: "", d: 4, st: 0}, uid: "506"}}]
Thu Jan 9 18:01:52 GMT+0300 2020 [INFO] Server said: 16: ["salon_sn1_1", "461"]
Thu Jan 9 18:01:51 GMT+0300 2020 [INFO] Server said: 34: ["o.r.jn", {plr: {pf: {pf: {jntr: {tp: "jntr", pgs: 0, l: 20}, vsgst: {tp: "vsgst", pgs: 0, l: 20}, grdnr: {tp: "grdnr", pgs: 0, l: 20}, phtghr: {tp: "phtghr", pgs: 0, l: 20}}}, usrinf: {rl: 0}, clths: {clths: [{tpid: "girlBtsWnt19Wrm", clid: null}, {tpid: "girlSktWnt19Wrm", clid: null}, {tpid: "girlHatWnt19Wrm", clid: null}, {tpid: "girlTghtWnt19Wrm", clid: null}, {tpid: "girlBgWnt19Wrm", clid: null}, {tpid: "girlPlvWnt19Wrm", clid: null}, {tpid: "girlGlssWnt19Wrm", clid: null}]}, mbm: {ac: null, sk: "blackMobileSkin"}, ci: {skrt: 0, rpt: 0, trid: null, tts: null, ys: 0, gdc: 0, eml: null, actrp: 0, lgt: 0, trcd: 0, actrd: 0, sbrt: 0, ysct: 0, sbid: null, shousd: false, vexp: 1965298000, fak: null, vsexp: 1965298000, shcr: true, plcmt: {}, as: null, vsact: true, gtrfrd: 0, pamns: {amn: []}, lvt: 1578582045, vret: 0, strfrd: 0, crst: 0, lrnt: 0, vfgc: 0, rtrtm: 0, fexp: 0, ceid: 0, kyktid: null, crt: 796, vip: true, skid: null, exp: 85800, actrt: 0, lwts: 0, hrt: 3576, dr: true, compid: 0, cmid: 0, bcld: 0, spp: 0}, apprnc: {mt: 4, et: 2, ht: 130, brt: 28, pt: 0, mc: 4, fat: 0, rc: 1, g: 2, shc: 1, fac: 1, ec: 3, hc: 2, bt: 0, ssc: 1, ss: 0, fft: 0, sc: 2, rg: 0, pc: 1, nct: 0, sh: 0, n: "чикибамбони", bc: 1, brc: 3}, locinfo: {l: "salon_sn1_1", x: -1, shlc: true, pl: "", y: -1, s: "127.0.0.1", at: "", d: 4, st: 0}, uid: "461"}}]
Thu Jan 9 18:01:51 GMT+0300 2020 [INFO] Server said: 17: ["salon_sn1_1", "670"]
Thu Jan 9 18:01:51 GMT+0300 2020 [INFO] Server said: 34: ["o.r.lv", {uid: "670"}]
Thu Jan 9 18:01:49 GMT+0300 2020 [INFO] Server said: 17: ["salon_sn1_1", "412"]
Thu Jan 9 18:01:49 GMT+0300 2020 [INFO] Server said: 34: ["o.r.lv", {uid: "412"}]
Thu Jan 9 18:01:47 GMT+0300 2020 [INFO] Server said: 34: ["cp.cht.sm", {rid: "salon_sn1_1", msg: {cid: null, tp: "chatSmileMessage", sid: "624", smid: 5}}]
Thu Jan 9 18:01:46 GMT+0300 2020 [INFO] Server said: 34: ["o.r.ra", {plr: {pf: {pf: {jntr: {tp: "jntr", pgs: 0, l: 20}, vsgst: {tp: "vsgst", pgs: 0, l: 20}, grdnr: {tp: "grdnr", pgs: 0, l: 20}, phtghr: {tp: "phtghr", pgs: 0, l: 20}}}, usrinf: {rl: 0}, clths: {clths: [{tpid: "girlDrssNY20Emr", clid: null}, {tpid: "girlShoes14", clid: null}]}, mbm: {ac: null, sk: "blackMobileSkin"}, ci: {skrt: 0, rpt: 0, trid: "newYear2020hero", tts: null, ys: 0, gdc: 0, eml: null, actrp: 0, lgt: 0, trcd: 0, actrd: 0, sbrt: 0, ysct: 0, sbid: null, shousd: false, vexp: 1965298000, fak: null, vsexp: 1965298000, shcr: true, plcmt: {}, as: null, vsact: true, gtrfrd: 0, pamns: {amn: []}, lvt: 1578581620, vret: 0, strfrd: 0, crst: 0, lrnt: 0, vfgc: 0, rtrtm: 0, fexp: 0, ceid: 0, kyktid: null, crt: 1000, vip: true, skid: null, exp: 85800, actrt: 0, lwts: 0, hrt: 220, dr: true, compid: 0, cmid: 0, bcld: 0, spp: 0}, apprnc: {mt: 28, et: 32, ht: 72, brt: 22, pt: 0, mc: 10, fat: 0, rc: 1, g: 2, shc: 1, fac: 1, ec: 10, hc: 6, bt: 0, ssc: 1, ss: 0, fft: 7, sc: 1, rg: 0, pc: 1, nct: 0, sh: 0, n: "Rico", bc: 1, brc: 10}, locinfo: {l: "salon_sn1_1", x: 12.73, shlc: true, pl: "", y: 2.31, s: "127.0.0.1", at: "sitItem12", d: 4, st: 1}, uid: "727"}}]
Thu Jan 9 17:59:22 GMT+0300 2020 [INFO] Client said: 34: [null, "o.gr", {lid: "salon", gid: "sn1"}]
Thu Jan 9 17:59:22 GMT+0300 2020 [INFO] Server said: 1: ["506", true, false, false]
Thu Jan 9 17:59:22 GMT+0300 2020 [INFO] Client said: 1: ["street", "506", "layCktQzeruHcmauVsWz", {clvrn: "84.0.4", v: 2}]
Thu Jan 9 17:59:20 GMT+0300 2020 [INFO] Client said: 2: []
Thu Jan 9 17:59:20 GMT+0300 2020 [INFO] Client said: 17: ["house_506_livingroom"]
Thu Jan 9 17:58:34 GMT+0300 2020 [INFO] Client said: 34: ["house_506_livingroom", "h.r.u", {x: 3.52, y: 4.33, uid: "506", at: "danceGirl2", d: 5, st: 3}]
Thu Jan 9 17:57:31 GMT+0300 2020 [INFO] Server said: 34: ["b.ingld", {ingld: 1500}]
Thu Jan 9 17:57:31 GMT+0300 2020 [INFO] Server said: 34: ["ntf.res", {res: {slvr: 9100, emd: 0, gld: 11971, enrg: 500}}]
Thu Jan 9 17:57:31 GMT+0300 2020 [INFO] [YandexMetrics.reachGoal] Call reach goal 'click_buy_product' for counter 31321471
Thu Jan 9 17:57:31 GMT+0300 2020 [INFO] Client said: 34: [null, "b.chkprchs", {pmnt: null, qnt: 1, prid: "pack1500"}]
Thu Jan 9 17:57:29 GMT+0300 2020 [INFO] [YandexMetrics.reachGoal] Call reach goal 'show_payment_dialog' for counter 31321471
Thu Jan 9 17:57:12 GMT+0300 2020 [INFO] Server said: 34: ["b.ingld", {ingld: 1500}]
Thu Jan 9 17:57:12 GMT+0300 2020 [INFO] Server said: 34: ["ntf.res", {res: {slvr: 9100, emd: 0, gld: 10471, enrg: 500}}]
Thu Jan 9 17:57:12 GMT+0300 2020 [INFO] [YandexMetrics.reachGoal] Call reach goal 'click_buy_product' for counter 31321471
Thu Jan 9 17:57:12 GMT+0300 2020 [INFO] Client said: 34: [null, "b.chkprchs", {pmnt: null, qnt: 1, prid: "pack1500"}]
Thu Jan 9 17:57:10 GMT+0300 2020 [INFO] [YandexMetrics.reachGoal] Call reach goal 'show_payment_dialog' for counter 31321471
Thu Jan 9 17:57:09 GMT+0300 2020 [INFO] Client said: 34: ["house_506_livingroom", "h.r.u", {x: 3.52, y: 4.33, uid: "506", at: "", d: 5, st: 23}]
Thu Jan 9 17:57:07 GMT+0300 2020 [INFO] Client said: 34: ["house_506_livingroom", "h.r.m", {uid: "506", dy: 4.33, sx: 4.05, dx: 3.52, sy: 0.1}]
Thu Jan 9 17:57:04 GMT+0300 2020 [INFO] Client said: 34: ["house_506_livingroom", "h.r.u", {st: 0, x: 4.05, d: 4, y: 0.1, uid: "506"}]
Thu Jan 9 17:57:04 GMT+0300 2020 [INFO] Server said: 34: ["lg.lst", {glst: []}]
Thu Jan 9 17:57:03 GMT+0300 2020 [INFO] Client said: 34: ["house_506_livingroom", "lg.lst", {}]
Thu Jan 9 17:57:03 GMT+0300 2020 [INFO] Server said: 34: ["h.r.info", {evn: null, rmmb: [{pf: {pf: {jntr: {tp: "jntr", pgs: 0, l: 20}, vsgst: {tp: "vsgst", pgs: 0, l: 20}, grdnr: {tp: "grdnr", pgs: 0, l: 20}, phtghr: {tp: "phtghr", pgs: 0, l: 20}}}, usrinf: {rl: 0}, clths: {clths: [{tpid: "girlGlssHp", clid: null}, {tpid: "girlCtHp", clid: null}, {tpid: "girlBtsHp", clid: null}, {tpid: "girlTShrtHp", clid: null}, {tpid: "girlErrHp", clid: null}, {tpid: "girlHtHp", clid: null}, {tpid: "girlPntsHp", clid: null}]}, mbm: {ac: null, sk: "blackMobileSkin"}, ci: {skrt: 0, rpt: 0, trid: "freelanceMicrophone", tts: null, ys: 0, gdc: 0, eml: null, actrp: 0, lgt: 0, trcd: 0, actrd: 0, sbrt: 0, ysct: 0, sbid: null, shousd: false, vexp: 1965298000, fak: null, vsexp: 1965298000, shcr: true, plcmt: {}, as: null, vsact: true, gtrfrd: 0, pamns: {amn: []}, lvt: 1578581830, vret: 0, strfrd: 0, crst: 0, lrnt: 0, vfgc: 0, rtrtm: 0, fexp: 0, ceid: 0, kyktid: null, crt: 319, vip: true, skid: null, exp: 85800, actrt: 0, lwts: 0, hrt: 174, dr: true, compid: 0, cmid: 0, bcld: 0, spp: 0}, apprnc: {mt: 2, et: 2, ht: 131, brt: 5, pt: 0, mc: 1, fat: 0, rc: 1, g: 2, shc: 1, fac: 1, ec: 2, hc: 4, bt: 0, ssc: 1, ss: 0, fft: 0, sc: 2, rg: 0, pc: 1, nct: 0, sh: 0, n: "min yoongi", bc: 1, brc: 5}, locinfo: {l: "house_506_livingroom", x: -1, shlc: true, pl: "", y: -1, s: "127.0.0.1", at: "", d: 4, st: 0}, uid: "506"}], rm: {w: 13, l: 13, f: [{x: 0, tpid: "wall15", y: 0, lid: 1, z: 0, d: 3}, {x: 3, tpid: "door4", y: 0, lid: 4, z: 0, rid: "outside", d: 3}, {x: 13, tpid: "wall15", y: 0, lid: 2, z: 0, d: 5}, {x: 0, tpid: "floor4", y: 0, lid: 3, z: 0, d: 5}], id: "livingroom", lev: 1, nm: "#livingRoom"}}]
Thu Jan 9 17:57:03 GMT+0300 2020 [INFO] Client said: 34: ["house_506_livingroom", "h.r.info", {rid: "livingroom", uid: "506"}]
Thu Jan 9 17:57:03 GMT+0300 2020 [INFO] Server said: 34: ["h.gr", {rid: "house_506_livingroom"}]