ClientError: Thu Jan 9 16:53:51 GMT+0300 2020 [CRITICAL] [street] *Uncaught Error* ErrorId: 1010 ErrorName: TypeError ErrorMessage:Error #1010 ErrorStackTrace:TypeError: Error #1010
	at _-1u9::URL/parse()
	at _-1u9::URL()
	at _-18R::LoadingItem()
	at _-18R::SWFLoadingItem()
	at _-0bS::MassLoader/add()
	at _-0bS::MassLoader/_-2R5()
	at flash.events::EventDispatcher/dispatchEvent()
	at _-18R::LoadingItem/_-1Iu()
	at _-18R::LoadingItem/onError()
	at _-18R::SWFLoadingItem/onError()
	at flash.events::EventDispatcher/dispatchEvent()
	at flash.net::URLLoader/onComplete()
Thu Jan 9 16:53:24 GMT+0300 2020 [INFO] Client said: 17: ["house_80_livingroom"]
Thu Jan 9 16:53:23 GMT+0300 2020 [INFO] Server said: 34: ["h.r.ra", {plr: {uid: "80", locinfo: {x: 4.05, s: "127.0.0.1", at: "", d: 4, shlc: true, y: 0.1, st: 0, l: "house_80_livingroom", pl: ""}, usrinf: {rl: 0}, apprnc: {ht: 125, pc: 1, pt: 0, et: 36, mt: 7, brt: 29, ssc: 1, bt: 0, ec: 2, rg: 0, rc: 1, fat: 0, sh: 0, g: 2, fac: 1, ss: 0, brc: 1, n: "СЕМИЦВЕТИК", mc: 2, hc: 7, shc: 1, bc: 1, sc: 1, nct: 0, fft: 0}, pf: {pf: {vsgst: {tp: "vsgst", pgs: 0, l: 20}, jntr: {tp: "jntr", pgs: 0, l: 20}, phtghr: {tp: "phtghr", pgs: 0, l: 20}, grdnr: {tp: "grdnr", pgs: 0, l: 20}}}, ci: {actrd: 0, exp: 85800, shcr: true, crt: 9252, strfrd: 0, skid: null, vsexp: 1965298000, actrt: 0, rtrtm: 0, actrp: 0, gdc: 0, ysct: 0, sbrt: 0, vip: true, skrt: 0, vfgc: 0, lrnt: 0, fexp: 0, cmid: 0, trcd: 0, sbid: null, gtrfrd: 0, crst: 0, plcmt: {}, shousd: false, tts: null, lgt: 0, rpt: 0, vret: 0, bcld: 0, ceid: 0, ys: 0, dr: true, as: null, lvt: 1578577887, spp: 0, compid: 0, hrt: 208, trid: "freelanceVideo", vexp: 1965298000, pamns: {amn: []}, fak: null, eml: null, vsact: true, kyktid: null, lwts: 0}, clths: {clths: [{clid: null, tpid: "girlBtsEstr19"}, {clid: null, tpid: "girlDrsHlwnCll"}]}, mbm: {sk: "blackMobileSkin", ac: null}}}]
Thu Jan 9 16:53:22 GMT+0300 2020 [INFO] Server said: 34: ["h.r.ra", {plr: {uid: "80", locinfo: {x: 4.05, s: "127.0.0.1", at: "", d: 4, shlc: true, y: 0.1, st: 0, l: "house_80_livingroom", pl: ""}, usrinf: {rl: 0}, apprnc: {ht: 125, pc: 1, pt: 0, et: 36, mt: 7, brt: 29, ssc: 1, bt: 0, ec: 2, rg: 0, rc: 1, fat: 0, sh: 0, g: 2, fac: 1, ss: 0, brc: 1, n: "СЕМИЦВЕТИК", mc: 2, hc: 7, shc: 1, bc: 1, sc: 1, nct: 0, fft: 0}, pf: {pf: {vsgst: {tp: "vsgst", pgs: 0, l: 20}, jntr: {tp: "jntr", pgs: 0, l: 20}, phtghr: {tp: "phtghr", pgs: 0, l: 20}, grdnr: {tp: "grdnr", pgs: 0, l: 20}}}, ci: {actrd: 0, exp: 85800, shcr: true, crt: 9252, strfrd: 0, skid: null, vsexp: 1965298000, actrt: 0, rtrtm: 0, actrp: 0, gdc: 0, ysct: 0, sbrt: 0, vip: true, skrt: 0, vfgc: 0, lrnt: 0, fexp: 0, cmid: 0, trcd: 0, sbid: null, gtrfrd: 0, crst: 0, plcmt: {}, shousd: false, tts: null, lgt: 0, rpt: 0, vret: 0, bcld: 0, ceid: 0, ys: 0, dr: true, as: null, lvt: 1578577887, spp: 0, compid: 0, hrt: 208, trid: "freelanceVideo", vexp: 1965298000, pamns: {amn: []}, fak: null, eml: null, vsact: true, kyktid: null, lwts: 0}, clths: {clths: [{clid: null, tpid: "girlBtsEstr19"}, {clid: null, tpid: "girlDrsHlwnCll"}]}, mbm: {sk: "blackMobileSkin", ac: null}}}]
Thu Jan 9 16:53:22 GMT+0300 2020 [INFO] Client said: 34: ["house_80_livingroom", "h.r.ra", {}]
Thu Jan 9 16:53:22 GMT+0300 2020 [INFO] Server said: 34: ["a.clths.wear", {inv: {c: {cls: {id: "cls", it: [{c: 1, tid: "girlShirt12", iid: ""}, {c: 1, tid: "girlShoes14", iid: ""}, {c: 1, tid: "girlAcsEstr19", iid: ""}, {c: 1, tid: "girlTShrtEstr19", iid: ""}, {c: 1, tid: "girlPants9", iid: ""}, {c: 1, tid: "girlTShrtFrog", iid: ""}, {c: 1, tid: "girlPntsFrog", iid: ""}, {c: 1, tid: "girlBtsFrog", iid: ""}, {c: 1, tid: "girlHrEstr19", iid: ""}, {c: 1, tid: "girlTShrtHp", iid: ""}, {c: 1, tid: "girlSktEstr19", iid: ""}, {c: 1, tid: "girlBtsHp", iid: ""}, {c: 1, tid: "girlNcklFrog", iid: ""}, {c: 1, tid: "girlErrHp", iid: ""}, {c: 1, tid: "girlTShrtIris", iid: ""}, {c: 1, tid: "girlPntsHp", iid: ""}, {c: 1, tid: "girlSktIris", iid: ""}, {c: 1, tid: "girlDrssCtrOutsrc1", iid: "12"}, {c: 1, tid: "girlNoseEstr19", iid: ""}, {c: 1, tid: "girlTShrtRbbt", iid: "1"}, {c: 1, tid: "grlCtrLcDrs", iid: "5"}, {c: 1, tid: "grlCtrVntgDrs", iid: "18"}, {c: 1, tid: "grlDrsCtr4", iid: "15"}, {c: 1, tid: "grlDrsCtr2", iid: "10"}, {c: 1, tid: "girlTShrtSchool", iid: "3"}, {c: 1, tid: "grlCtrVntgDrs", iid: "13"}, {c: 1, tid: "grlCtrVntgDrs", iid: "20"}, {c: 1, tid: "grlCtrVntgDrs", iid: "17"}, {c: 1, tid: "grlDrsCtr4", iid: "16"}, {c: 1, tid: "grlCtrVntgDrs", iid: "1"}, {c: 1, tid: "grlDrsCtr4", iid: "5"}, {c: 1, tid: "girlBtsIris", iid: ""}, {c: 1, tid: "girlTShrtClnPstpc", iid: "5"}, {c: 1, tid: "girlBkSchool", iid: "1"}, {c: 1, tid: "girlBtsNYFr", iid: "5"}, {c: 1, tid: "girlHtHp", iid: ""}, {c: 1, tid: "girlErrIris", iid: ""}, {c: 1, tid: "girlGlssHp", iid: ""}, {c: 1, tid: "grlDrsCtr4", iid: "18"}, {c: 1, tid: "girlNcklIris", iid: ""}, {c: 1, tid: "girlCtHp", iid: ""}, {c: 1, tid: "girlUnderdress1", iid: ""}, {c: 1, tid: "girlUnderdress2", iid: ""}]}, act: {id: "act", it: []}, gm: {id: "gm", it: [{c: 1, tid: "blackMobileSkin", iid: ""}]}, lt: {id: "lt", it: []}, frn: {id: "frn", it: []}}}, ctp: "casual", clths: {clths: [{clid: null, tpid: "girlBtsEstr19"}, {clid: null, tpid: "girlDrsHlwnCll"}]}, ccltn: {cct: ["girlBtsEstr19", "girlDrsHlwnCll"]}, cn: ""}]
Thu Jan 9 16:53:22 GMT+0300 2020 [INFO] Client said: 34: [null, "a.clths.wear", {clths: [{clid: null, tpid: "girlDrsHlwnCll"}, {clid: "", tpid: "girlBtsEstr19"}], ctp: "casual"}]
Thu Jan 9 16:53:18 GMT+0300 2020 [INFO] Server said: 34: ["h.r.ra", {plr: {uid: "80", locinfo: {x: 4.05, s: "127.0.0.1", at: "", d: 4, shlc: true, y: 0.1, st: 0, l: "house_80_livingroom", pl: ""}, usrinf: {rl: 0}, apprnc: {ht: 125, pc: 1, pt: 0, et: 36, mt: 7, brt: 29, ssc: 1, bt: 0, ec: 2, rg: 0, rc: 1, fat: 0, sh: 0, g: 2, fac: 1, ss: 0, brc: 1, n: "СЕМИЦВЕТИК", mc: 2, hc: 7, shc: 1, bc: 1, sc: 1, nct: 0, fft: 0}, pf: {pf: {vsgst: {tp: "vsgst", pgs: 0, l: 20}, jntr: {tp: "jntr", pgs: 0, l: 20}, phtghr: {tp: "phtghr", pgs: 0, l: 20}, grdnr: {tp: "grdnr", pgs: 0, l: 20}}}, ci: {actrd: 0, exp: 85800, shcr: true, crt: 9252, strfrd: 0, skid: null, vsexp: 1965298000, actrt: 0, rtrtm: 0, actrp: 0, gdc: 0, ysct: 0, sbrt: 0, vip: true, skrt: 0, vfgc: 0, lrnt: 0, fexp: 0, cmid: 0, trcd: 0, sbid: null, gtrfrd: 0, crst: 0, plcmt: {}, shousd: false, tts: null, lgt: 0, rpt: 0, vret: 0, bcld: 0, ceid: 0, ys: 0, dr: true, as: null, lvt: 1578577887, spp: 0, compid: 0, hrt: 208, trid: "freelanceVideo", vexp: 1965298000, pamns: {amn: []}, fak: null, eml: null, vsact: true, kyktid: null, lwts: 0}, clths: {clths: [{clid: null, tpid: "girlUnderdress2"}, {clid: null, tpid: "girlDrsHlwnCll"}]}, mbm: {sk: "blackMobileSkin", ac: null}}}]
Thu Jan 9 16:53:17 GMT+0300 2020 [INFO] Client said: 34: ["house_80_livingroom", "h.r.ra", {}]
Thu Jan 9 16:53:17 GMT+0300 2020 [INFO] Server said: 34: ["a.clths.buy", {inv: {c: {cls: {id: "cls", it: [{c: 1, tid: "girlShirt12", iid: ""}, {c: 1, tid: "girlShoes14", iid: ""}, {c: 1, tid: "girlAcsEstr19", iid: ""}, {c: 1, tid: "girlTShrtEstr19", iid: ""}, {c: 1, tid: "girlPants9", iid: ""}, {c: 1, tid: "girlBtsEstr19", iid: ""}, {c: 1, tid: "girlTShrtFrog", iid: ""}, {c: 1, tid: "girlPntsFrog", iid: ""}, {c: 1, tid: "girlBtsFrog", iid: ""}, {c: 1, tid: "girlHrEstr19", iid: ""}, {c: 1, tid: "girlTShrtHp", iid: ""}, {c: 1, tid: "girlSktEstr19", iid: ""}, {c: 1, tid: "girlBtsHp", iid: ""}, {c: 1, tid: "girlNcklFrog", iid: ""}, {c: 1, tid: "girlErrHp", iid: ""}, {c: 1, tid: "girlTShrtIris", iid: ""}, {c: 1, tid: "girlPntsHp", iid: ""}, {c: 1, tid: "girlSktIris", iid: ""}, {c: 1, tid: "girlDrssCtrOutsrc1", iid: "12"}, {c: 1, tid: "girlNoseEstr19", iid: ""}, {c: 1, tid: "girlTShrtRbbt", iid: "1"}, {c: 1, tid: "grlCtrLcDrs", iid: "5"}, {c: 1, tid: "grlCtrVntgDrs", iid: "18"}, {c: 1, tid: "grlDrsCtr4", iid: "15"}, {c: 1, tid: "grlDrsCtr2", iid: "10"}, {c: 1, tid: "girlTShrtSchool", iid: "3"}, {c: 1, tid: "grlCtrVntgDrs", iid: "13"}, {c: 1, tid: "grlCtrVntgDrs", iid: "20"}, {c: 1, tid: "grlCtrVntgDrs", iid: "17"}, {c: 1, tid: "grlDrsCtr4", iid: "16"}, {c: 1, tid: "grlCtrVntgDrs", iid: "1"}, {c: 1, tid: "grlDrsCtr4", iid: "5"}, {c: 1, tid: "girlBtsIris", iid: ""}, {c: 1, tid: "girlTShrtClnPstpc", iid: "5"}, {c: 1, tid: "girlBkSchool", iid: "1"}, {c: 1, tid: "girlBtsNYFr", iid: "5"}, {c: 1, tid: "girlHtHp", iid: ""}, {c: 1, tid: "girlErrIris", iid: ""}, {c: 1, tid: "girlGlssHp", iid: ""}, {c: 1, tid: "grlDrsCtr4", iid: "18"}, {c: 1, tid: "girlNcklIris", iid: ""}, {c: 1, tid: "girlCtHp", iid: ""}, {c: 1, tid: "girlUnderdress1", iid: ""}]}, act: {id: "act", it: []}, gm: {id: "gm", it: [{c: 1, tid: "blackMobileSkin", iid: ""}]}, lt: {id: "lt", it: []}, frn: {id: "frn", it: []}}}, clths: {clths: [{clid: null, tpid: "girlUnderdress2"}, {clid: null, tpid: "girlDrsHlwnCll"}]}, ccltn: {ctp: "casual", cn: "", cct: ["girlUnderdress2", "girlDrsHlwnCll"]}, res: {enrg: 500, emd: 0, gld: 105470, slvr: 15000}, crt: 9252}]
Thu Jan 9 16:53:17 GMT+0300 2020 [INFO] Client said: 34: [null, "a.clths.buy", {ctp: "casual", pind: 1, tpid: "girlDrsHlwnCll"}]
Thu Jan 9 16:53:06 GMT+0300 2020 [INFO] Server said: 34: ["b.ingld", {ingld: 9999}]
Thu Jan 9 16:53:06 GMT+0300 2020 [INFO] Server said: 34: ["ntf.res", {res: {enrg: 500, emd: 0, gld: 105569, slvr: 15000}}]
Thu Jan 9 16:53:06 GMT+0300 2020 [INFO] [YandexMetrics.reachGoal] Call reach goal 'click_buy_product' for counter 31321471
Thu Jan 9 16:53:06 GMT+0300 2020 [INFO] Client said: 34: [null, "b.chkprchs", {pmnt: {ct1: null, ct3: null, ct2: null, tpid: "grlDrsPrfVsg", ctx: {dialogSource: "clothesShopDialog"}, srv: 1}, qnt: 1, prid: "pack9999"}]
Thu Jan 9 16:53:04 GMT+0300 2020 [INFO] [YandexMetrics.reachGoal] Call reach goal 'show_payment_dialog' for counter 31321471
Thu Jan 9 16:52:57 GMT+0300 2020 [INFO] Server said: 34: ["b.ingld", {ingld: 9999}]
Thu Jan 9 16:52:56 GMT+0300 2020 [INFO] Server said: 34: ["ntf.res", {res: {enrg: 500, emd: 0, gld: 95570, slvr: 15000}}]
Thu Jan 9 16:52:56 GMT+0300 2020 [INFO] [YandexMetrics.reachGoal] Call reach goal 'click_buy_product' for counter 31321471
Thu Jan 9 16:52:56 GMT+0300 2020 [INFO] Client said: 34: [null, "b.chkprchs", {pmnt: {ct1: null, ct3: null, ct2: null, tpid: "grlDrsPrfVsg", ctx: {dialogSource: "clothesShopDialog"}, srv: 1}, qnt: 1, prid: "pack9999"}]
Thu Jan 9 16:52:55 GMT+0300 2020 [INFO] [YandexMetrics.reachGoal] Call reach goal 'show_payment_dialog' for counter 31321471
Thu Jan 9 16:52:44 GMT+0300 2020 [INFO] [YandexMetrics.reachGoal] Call reach goal 'close_payment_dialog' for counter 31321471
Thu Jan 9 16:52:42 GMT+0300 2020 [INFO] [YandexMetrics.reachGoal] Call reach goal 'show_payment_dialog' for counter 31321471
Thu Jan 9 16:52:37 GMT+0300 2020 [INFO] Server said: 34: ["b.ingld", {ingld: 9999}]
Thu Jan 9 16:52:37 GMT+0300 2020 [INFO] Server said: 34: ["ntf.res", {res: {enrg: 500, emd: 0, gld: 85571, slvr: 15000}}]
Thu Jan 9 16:52:37 GMT+0300 2020 [INFO] [YandexMetrics.reachGoal] Call reach goal 'click_buy_product' for counter 31321471
Thu Jan 9 16:52:37 GMT+0300 2020 [INFO] Client said: 34: [null, "b.chkprchs", {pmnt: {ct1: null, ct3: null, ct2: null, tpid: "grlDrsPrfVsg", ctx: {dialogSource: "clothesShopDialog"}, srv: 1}, qnt: 1, prid: "pack9999"}]
Thu Jan 9 16:52:36 GMT+0300 2020 [INFO] [YandexMetrics.reachGoal] Call reach goal 'show_payment_dialog' for counter 31321471
Thu Jan 9 16:52:34 GMT+0300 2020 [INFO] Server said: 34: ["b.ingld", {ingld: 9999}]
Thu Jan 9 16:52:34 GMT+0300 2020 [INFO] Server said: 34: ["ntf.res", {res: {enrg: 500, emd: 0, gld: 75572, slvr: 15000}}]
Thu Jan 9 16:52:34 GMT+0300 2020 [INFO] [YandexMetrics.reachGoal] Call reach goal 'click_buy_product' for counter 31321471
Thu Jan 9 16:52:34 GMT+0300 2020 [INFO] Client said: 34: [null, "b.chkprchs", {pmnt: {ct1: null, ct3: null, ct2: null, tpid: "grlDrsPrfVsg", ctx: {dialogSource: "clothesShopDialog"}, srv: 1}, qnt: 1, prid: "pack9999"}]
Thu Jan 9 16:52:33 GMT+0300 2020 [INFO] [YandexMetrics.reachGoal] Call reach goal 'show_payment_dialog' for counter 31321471
Thu Jan 9 16:52:31 GMT+0300 2020 [INFO] Server said: 34: ["b.ingld", {ingld: 9999}]
Thu Jan 9 16:52:31 GMT+0300 2020 [INFO] Server said: 34: ["ntf.res", {res: {enrg: 500, emd: 0, gld: 65573, slvr: 15000}}]
Thu Jan 9 16:52:31 GMT+0300 2020 [INFO] [YandexMetrics.reachGoal] Call reach goal 'click_buy_product' for counter 31321471
Thu Jan 9 16:52:31 GMT+0300 2020 [INFO] Client said: 34: [null, "b.chkprchs", {pmnt: {ct1: null, ct3: null, ct2: null, tpid: "grlDrsPrfVsg", ctx: {dialogSource: "clothesShopDialog"}, srv: 1}, qnt: 1, prid: "pack9999"}]
Thu Jan 9 16:52:30 GMT+0300 2020 [INFO] [YandexMetrics.reachGoal] Call reach goal 'show_payment_dialog' for counter 31321471
Thu Jan 9 16:52:29 GMT+0300 2020 [INFO] Server said: 34: ["b.ingld", {ingld: 9999}]