ClientError: Thu Jan 9 21:38:43 GMT+0700 2020 [CRITICAL] [street] *Uncaught Error* ErrorId: 1009 ErrorName: TypeError ErrorMessage:Error #1009 ErrorStackTrace:TypeError: Error #1009
	at _-0eV::RoomMemberContainer/addAvatar()
	at _-PQ::BaseRoomScreen/addAvatar()
	at _-PQ::BaseRoomScreen/onRefreshAvatar()
	at flash.events::EventDispatcher/dispatchEvent()
	at _-2CM::BaseRoomNetManager/onRefreshAvatar()
	at flash.events::EventDispatcher/dispatchEvent()
	at ags::_-2t/_-2dI()
	at flash.events::EventDispatcher/dispatchEvent()
	at _-0en::_-0O8/_-1LF()
	at _-0en::_-0O8/execute()
	at ags::AGSClient/_-0i9()
	at ags::AGSClient/_-2ZF()
	at ags::AGSClient/_-2Ea()
Thu Jan 9 21:38:43 GMT+0700 2020 [INFO] Server said: 34: ["o.r.ra", {plr: {uid: "144", pf: {pf: {phtghr: {tp: "phtghr", l: 20, pgs: 0}, vsgst: {tp: "vsgst", l: 20, pgs: 0}, grdnr: {tp: "grdnr", l: 20, pgs: 0}, jntr: {tp: "jntr", l: 20, pgs: 0}}}, locinfo: {x: 14.53, s: "127.0.0.1", y: 18.47, at: "", shlc: true, d: 4, st: 23, l: "street_s1_1", pl: ""}, mbm: {sk: "blackMobileSkin", ac: null}, ci: {fak: null, dr: true, actrd: 0, actrp: 0, pamns: {amn: []}, crt: 1090, lvt: 1578580037, tts: null, vexp: 1965298000, strfrd: 0, rpt: 0, lwts: 0, plcmt: {}, vsexp: 1965298000, exp: 85800, compid: 0, skrt: 0, actrt: 0, bcld: 0, crst: 0, eml: null, spp: 0, trid: "familyDay2016", kyktid: null, lgt: 0, vsact: true, vfgc: 0, rtrtm: 0, gdc: 0, ys: 0, skid: null, vret: 0, shcr: true, gtrfrd: 0, lrnt: 0, trcd: 0, shousd: false, vip: true, cmid: 0, as: null, ceid: 0, hrt: 224, sbid: null, fexp: 0, ysct: 0, sbrt: 0}, apprnc: {rg: 0, pt: 0, ec: 3, brt: 29, bt: 0, g: 2, ssc: 1, mc: 1, sh: 0, fat: 0, ss: 0, rc: 1, pc: 1, hc: 5, shc: 1, n: "ЌąŤя", ht: 130, sc: 1, et: 6, nct: 0, brc: 5, mt: 2, fac: 1, bc: 1, fft: 0}, clths: {clths: [{tpid: "girlPntsNY20Nght", clid: null}, {tpid: "girlShoes14", clid: null}, {tpid: "girlJcktNY20Emr", clid: null}, {tpid: "girlNY20VKGiftPllvCnd", clid: null}]}, usrinf: {rl: 0}}}]
Thu Jan 9 21:38:39 GMT+0700 2020 [INFO] Client said: 34: ["street_s1_1", "o.r.info", {rid: "s1"}]
Thu Jan 9 21:38:39 GMT+0700 2020 [INFO] Server said: 34: ["o.gr", {rid: "street_s1_1"}]
Thu Jan 9 21:38:39 GMT+0700 2020 [INFO] Server said: 16: ["street_s1_1", "299"]
Thu Jan 9 21:38:39 GMT+0700 2020 [INFO] Server said: 34: ["o.r.jn", {plr: {uid: "299", pf: {pf: {phtghr: {tp: "phtghr", l: 20, pgs: 0}, vsgst: {tp: "vsgst", l: 20, pgs: 0}, grdnr: {tp: "grdnr", l: 20, pgs: 0}, jntr: {tp: "jntr", l: 20, pgs: 0}}}, locinfo: {x: -1, s: "127.0.0.1", y: -1, at: "", shlc: true, d: 4, st: 0, l: "street_s1_1", pl: ""}, mbm: {sk: "blackMobileSkin", ac: null}, ci: {fak: null, dr: true, actrd: 0, actrp: 0, pamns: {amn: []}, crt: 10, lvt: 1578580719, tts: null, vexp: 1965298000, strfrd: 0, rpt: 0, lwts: 0, plcmt: {}, vsexp: 1965298000, exp: 85800, compid: 0, skrt: 0, actrt: 0, bcld: 0, crst: 0, eml: null, spp: 0, trid: "freelanceVideo", kyktid: null, lgt: 0, vsact: true, vfgc: 0, rtrtm: 0, gdc: 0, ys: 0, skid: null, vret: 0, shcr: true, gtrfrd: 0, lrnt: 0, trcd: 0, shousd: false, vip: true, cmid: 0, as: null, ceid: 0, hrt: 174, sbid: null, fexp: 0, ysct: 0, sbrt: 0}, apprnc: {rg: 0, pt: 0, ec: 1, brt: 1, bt: 0, g: 2, ssc: 1, mc: 1, sh: 0, fat: 0, ss: 0, rc: 1, pc: 1, hc: 1, shc: 1, n: "Фиаско", ht: 132, sc: 1, et: 2, nct: 0, brc: 2, mt: 3, fac: 1, bc: 1, fft: 0}, clths: {clths: [{tpid: "girlShirt12", clid: null}, {tpid: "girlShoes14", clid: null}, {tpid: "girlPants9", clid: null}]}, usrinf: {rl: 0}}}]
Thu Jan 9 21:38:35 GMT+0700 2020 [INFO] Client said: 34: [null, "o.gr", {lid: "street", gid: "s1"}]
Thu Jan 9 21:38:35 GMT+0700 2020 [INFO] Server said: 1: ["299", true, false, false]
Thu Jan 9 21:36:52 GMT+0700 2020 [INFO] Client said: 1: ["street", "299", "alDIpUWgLGGBvdUkujly", {clvrn: "84.0.4", v: 2}]
Thu Jan 9 21:36:50 GMT+0700 2020 [INFO] Client said: 2: []
Thu Jan 9 21:36:50 GMT+0700 2020 [INFO] Loaded  LoadingItem(url: http://62.113.113.58:8080/files/swf/Landscape_a89a4e0a3eb1957030c1f00f6cd28315.swf, status: 2) 
Thu Jan 9 21:36:49 GMT+0700 2020 [INFO] Loaded  LoadingItem(url: http://62.113.113.58:8080/files/swf/Street_feedda40b168ba0967b62816d1471957.swf, status: 2) 
Thu Jan 9 21:36:47 GMT+0700 2020 [INFO] Client said: 17: ["house_299_livingroom"]
Thu Jan 9 21:36:45 GMT+0700 2020 [INFO] Client said: 34: ["house_299_livingroom", "h.r.m", {uid: "299", sx: 6.33, sy: 4.52, dx: 4.05, dy: 0.1}]
Thu Jan 9 21:36:39 GMT+0700 2020 [INFO] Server said: 34: ["h.r.ra", {plr: {uid: "299", pf: {pf: {phtghr: {tp: "phtghr", l: 20, pgs: 0}, vsgst: {tp: "vsgst", l: 20, pgs: 0}, grdnr: {tp: "grdnr", l: 20, pgs: 0}, jntr: {tp: "jntr", l: 20, pgs: 0}}}, locinfo: {x: 6.33, s: "127.0.0.1", y: 4.52, at: "", shlc: true, d: 4, st: 23, l: "house_299_livingroom", pl: ""}, mbm: {sk: "blackMobileSkin", ac: null}, ci: {fak: null, dr: true, actrd: 0, actrp: 0, pamns: {amn: []}, crt: 10, lvt: 1578579780, tts: null, vexp: 1965298000, strfrd: 0, rpt: 0, lwts: 0, plcmt: {}, vsexp: 1965298000, exp: 85800, compid: 0, skrt: 0, actrt: 0, bcld: 0, crst: 0, eml: null, spp: 0, trid: "freelanceVideo", kyktid: null, lgt: 0, vsact: true, vfgc: 0, rtrtm: 0, gdc: 0, ys: 0, skid: null, vret: 0, shcr: true, gtrfrd: 0, lrnt: 0, trcd: 0, shousd: false, vip: true, cmid: 0, as: null, ceid: 0, hrt: 174, sbid: null, fexp: 0, ysct: 0, sbrt: 0}, apprnc: {rg: 0, pt: 0, ec: 1, brt: 1, bt: 0, g: 2, ssc: 1, mc: 1, sh: 0, fat: 0, ss: 0, rc: 1, pc: 1, hc: 1, shc: 1, n: "Фиаско", ht: 132, sc: 1, et: 2, nct: 0, brc: 2, mt: 3, fac: 1, bc: 1, fft: 0}, clths: {clths: [{tpid: "girlShirt12", clid: null}, {tpid: "girlShoes14", clid: null}, {tpid: "girlPants9", clid: null}]}, usrinf: {rl: 0}}}]
Thu Jan 9 21:36:38 GMT+0700 2020 [INFO] Server said: 34: ["h.r.ra", {plr: {uid: "299", pf: {pf: {phtghr: {tp: "phtghr", l: 20, pgs: 0}, vsgst: {tp: "vsgst", l: 20, pgs: 0}, grdnr: {tp: "grdnr", l: 20, pgs: 0}, jntr: {tp: "jntr", l: 20, pgs: 0}}}, locinfo: {x: 6.33, s: "127.0.0.1", y: 4.52, at: "", shlc: true, d: 4, st: 23, l: "house_299_livingroom", pl: ""}, mbm: {sk: "blackMobileSkin", ac: null}, ci: {fak: null, dr: true, actrd: 0, actrp: 0, pamns: {amn: []}, crt: 10, lvt: 1578579780, tts: null, vexp: 1965298000, strfrd: 0, rpt: 0, lwts: 0, plcmt: {}, vsexp: 1965298000, exp: 85800, compid: 0, skrt: 0, actrt: 0, bcld: 0, crst: 0, eml: null, spp: 0, trid: "freelanceVideo", kyktid: null, lgt: 0, vsact: true, vfgc: 0, rtrtm: 0, gdc: 0, ys: 0, skid: null, vret: 0, shcr: true, gtrfrd: 0, lrnt: 0, trcd: 0, shousd: false, vip: true, cmid: 0, as: null, ceid: 0, hrt: 174, sbid: null, fexp: 0, ysct: 0, sbrt: 0}, apprnc: {rg: 0, pt: 0, ec: 1, brt: 1, bt: 0, g: 2, ssc: 1, mc: 1, sh: 0, fat: 0, ss: 0, rc: 1, pc: 1, hc: 1, shc: 1, n: "Фиаско", ht: 132, sc: 1, et: 2, nct: 0, brc: 2, mt: 3, fac: 1, bc: 1, fft: 0}, clths: {clths: [{tpid: "girlShirt12", clid: null}, {tpid: "girlShoes14", clid: null}, {tpid: "girlPants9", clid: null}]}, usrinf: {rl: 0}}}]
Thu Jan 9 21:36:37 GMT+0700 2020 [INFO] Client said: 34: ["house_299_livingroom", "h.r.ra", {}]
Thu Jan 9 21:36:37 GMT+0700 2020 [INFO] Server said: 34: ["psp.sttrph", {trid: "freelanceVideo"}]
Thu Jan 9 21:36:36 GMT+0700 2020 [INFO] Client said: 34: ["house_299_livingroom", "h.r.ra", {}]
Thu Jan 9 21:36:36 GMT+0700 2020 [INFO] Server said: 34: ["psp.sttrph", {trid: "freelanceVideo"}]
Thu Jan 9 21:36:36 GMT+0700 2020 [INFO] Client said: 34: [null, "psp.sttrph", {trid: "freelanceVideo"}]
Thu Jan 9 21:36:36 GMT+0700 2020 [INFO] Server said: 34: ["h.r.ra", {plr: {uid: "299", pf: {pf: {phtghr: {tp: "phtghr", l: 20, pgs: 0}, vsgst: {tp: "vsgst", l: 20, pgs: 0}, grdnr: {tp: "grdnr", l: 20, pgs: 0}, jntr: {tp: "jntr", l: 20, pgs: 0}}}, locinfo: {x: 6.33, s: "127.0.0.1", y: 4.52, at: "", shlc: true, d: 4, st: 23, l: "house_299_livingroom", pl: ""}, mbm: {sk: "blackMobileSkin", ac: null}, ci: {fak: null, dr: true, actrd: 0, actrp: 0, pamns: {amn: []}, crt: 10, lvt: 1578579780, tts: null, vexp: 1965298000, strfrd: 0, rpt: 0, lwts: 0, plcmt: {}, vsexp: 1965298000, exp: 85800, compid: 0, skrt: 0, actrt: 0, bcld: 0, crst: 0, eml: null, spp: 0, trid: "freelanceVideo", kyktid: null, lgt: 0, vsact: true, vfgc: 0, rtrtm: 0, gdc: 0, ys: 0, skid: null, vret: 0, shcr: true, gtrfrd: 0, lrnt: 0, trcd: 0, shousd: false, vip: true, cmid: 0, as: null, ceid: 0, hrt: 174, sbid: null, fexp: 0, ysct: 0, sbrt: 0}, apprnc: {rg: 0, pt: 0, ec: 1, brt: 1, bt: 0, g: 2, ssc: 1, mc: 1, sh: 0, fat: 0, ss: 0, rc: 1, pc: 1, hc: 1, shc: 1, n: "Фиаско", ht: 132, sc: 1, et: 2, nct: 0, brc: 2, mt: 3, fac: 1, bc: 1, fft: 0}, clths: {clths: [{tpid: "girlShirt12", clid: null}, {tpid: "girlShoes14", clid: null}, {tpid: "girlPants9", clid: null}]}, usrinf: {rl: 0}}}]
Thu Jan 9 21:36:35 GMT+0700 2020 [INFO] Client said: 34: [null, "psp.sttrph", {trid: "freelanceVideo"}]
Thu Jan 9 21:36:35 GMT+0700 2020 [INFO] Client said: 34: ["house_299_livingroom", "h.r.ra", {}]
Thu Jan 9 21:36:35 GMT+0700 2020 [INFO] Server said: 34: ["psp.sttrph", {trid: "freelanceVideo"}]
Thu Jan 9 21:36:35 GMT+0700 2020 [INFO] Server said: 34: ["h.r.ra", {plr: {uid: "299", pf: {pf: {phtghr: {tp: "phtghr", l: 20, pgs: 0}, vsgst: {tp: "vsgst", l: 20, pgs: 0}, grdnr: {tp: "grdnr", l: 20, pgs: 0}, jntr: {tp: "jntr", l: 20, pgs: 0}}}, locinfo: {x: 6.33, s: "127.0.0.1", y: 4.52, at: "", shlc: true, d: 4, st: 23, l: "house_299_livingroom", pl: ""}, mbm: {sk: "blackMobileSkin", ac: null}, ci: {fak: null, dr: true, actrd: 0, actrp: 0, pamns: {amn: []}, crt: 10, lvt: 1578579780, tts: null, vexp: 1965298000, strfrd: 0, rpt: 0, lwts: 0, plcmt: {}, vsexp: 1965298000, exp: 85800, compid: 0, skrt: 0, actrt: 0, bcld: 0, crst: 0, eml: null, spp: 0, trid: "freelanceVideo", kyktid: null, lgt: 0, vsact: true, vfgc: 0, rtrtm: 0, gdc: 0, ys: 0, skid: null, vret: 0, shcr: true, gtrfrd: 0, lrnt: 0, trcd: 0, shousd: false, vip: true, cmid: 0, as: null, ceid: 0, hrt: 174, sbid: null, fexp: 0, ysct: 0, sbrt: 0}, apprnc: {rg: 0, pt: 0, ec: 1, brt: 1, bt: 0, g: 2, ssc: 1, mc: 1, sh: 0, fat: 0, ss: 0, rc: 1, pc: 1, hc: 1, shc: 1, n: "Фиаско", ht: 132, sc: 1, et: 2, nct: 0, brc: 2, mt: 3, fac: 1, bc: 1, fft: 0}, clths: {clths: [{tpid: "girlShirt12", clid: null}, {tpid: "girlShoes14", clid: null}, {tpid: "girlPants9", clid: null}]}, usrinf: {rl: 0}}}]
Thu Jan 9 21:36:35 GMT+0700 2020 [INFO] Client said: 34: [null, "psp.sttrph", {trid: "freelanceVideo"}]
Thu Jan 9 21:36:33 GMT+0700 2020 [INFO] Client said: 34: ["house_299_livingroom", "h.r.ra", {}]
Thu Jan 9 21:36:33 GMT+0700 2020 [INFO] Server said: 34: ["psp.sttrph", {trid: "freelanceVideo"}]
Thu Jan 9 21:36:33 GMT+0700 2020 [INFO] Client said: 34: [null, "psp.sttrph", {trid: "freelanceVideo"}]
Thu Jan 9 21:35:54 GMT+0700 2020 [INFO] Client said: 34: ["house_299_livingroom", "h.r.u", {uid: "299", x: 6.33, y: 4.52, at: "", d: 0, st: 23}]
Thu Jan 9 21:35:53 GMT+0700 2020 [INFO] Client said: 34: ["house_299_livingroom", "h.r.m", {uid: "299", sx: 6.12, sy: 6.76, dx: 6.33, dy: 4.52}]
Thu Jan 9 21:35:52 GMT+0700 2020 [INFO] Client said: 34: ["house_299_livingroom", "h.r.m", {uid: "299", sx: 3.5, sy: 9.38, dx: 11.5, dy: 0.5}]
Thu Jan 9 21:35:13 GMT+0700 2020 [INFO] Server said: 34: ["b.ingld", {ingld: 1500}]
Thu Jan 9 21:35:13 GMT+0700 2020 [INFO] Server said: 34: ["ntf.res", {res: {gld: 16100, slvr: 10000, enrg: 500, emd: 0}}]
Thu Jan 9 21:35:12 GMT+0700 2020 [INFO] [YandexMetrics.reachGoal] Call reach goal 'click_buy_product' for counter 31321471
Thu Jan 9 21:35:12 GMT+0700 2020 [INFO] Client said: 34: [null, "b.chkprchs", {prid: "pack1500", pmnt: null, qnt: 1}]
Thu Jan 9 21:35:10 GMT+0700 2020 [INFO] Server said: 34: ["b.ingld", {ingld: 1500}]
Thu Jan 9 21:35:10 GMT+0700 2020 [INFO] [YandexMetrics.reachGoal] Call reach goal 'show_payment_dialog' for counter 31321471