ClientError: Thu Jan 9 19:15:03 GMT+0500 2020 [ERROR] wedding time is null or is not integer
Thu Jan 9 19:15:00 GMT+0500 2020 [INFO] Client said: 34: [null, "tr.gr", {iid: "roseBasket", rcpid: "55"}]
Thu Jan 9 19:14:58 GMT+0500 2020 [INFO] Server said: 34: ["ntf.res", {res: {slvr: 0, emd: 0, enrg: 500, gld: 545}}]
Thu Jan 9 19:14:57 GMT+0500 2020 [INFO] Server said: 34: ["ntf.inv", {it: {c: 1, tid: "roseBasket", iid: ""}}]
Thu Jan 9 19:14:55 GMT+0500 2020 [INFO] Client said: 34: [null, "frn.buy", {cnt: 1, pind: 1, tpid: "roseBasket"}]
Thu Jan 9 19:14:54 GMT+0500 2020 [INFO] Loaded  LoadingItem(url: http://62.113.113.58:8080/files/swf/furniture/decor/RoseBasket.swf, status: 2) 
Thu Jan 9 19:14:50 GMT+0500 2020 [INFO] Server said: 34: ["cp.cht.sm", {msg: {tag: null, tp: "chatTextMessage", sid: "55", mid: null, cid: null, msg: "охуенно"}, rid: "house_14_livingroom"}]
Thu Jan 9 19:14:48 GMT+0500 2020 [INFO] Server said: 34: ["cp.cht.sm", {msg: {tag: null, tp: "chatTextMessage", sid: "55", mid: null, cid: null, msg: "ахахах"}, rid: "house_14_livingroom"}]
Thu Jan 9 19:14:47 GMT+0500 2020 [INFO] Server said: 34: ["cp.cht.sm", {msg: {tp: "chatTypingMessage", sid: "55", cid: null}, rid: "house_14_livingroom"}]
Thu Jan 9 19:14:46 GMT+0500 2020 [INFO] Server said: 34: ["cp.cht.sm", {msg: {tag: null, tp: "chatTextMessage", sid: "55", mid: null, cid: null, msg: "бля"}, rid: "house_14_livingroom"}]
Thu Jan 9 19:14:45 GMT+0500 2020 [INFO] Server said: 34: ["cp.cht.sm", {msg: {tag: null, tp: "chatTextMessage", sid: "55", mid: null, cid: null, msg: "е бой"}, rid: "house_14_livingroom"}]
Thu Jan 9 19:14:42 GMT+0500 2020 [INFO] Server said: 34: ["rl.crs", {uid: "55", rlt: {ut: 1578579282, p: 0, s: 70, st: 1578579282, t: null}}]
Thu Jan 9 19:14:41 GMT+0500 2020 [INFO] Server said: 34: ["cp.cht.sm", {msg: {tag: null, tp: "chatTextMessage", sid: "14", mid: null, cid: null, msg: "ура ебать"}, rid: "house_14_livingroom"}]
Thu Jan 9 19:14:40 GMT+0500 2020 [INFO] Client said: 34: [null, "cp.cht.sm", {msg: {tag: null, tp: "chatTextMessage", sid: "14", mid: null, cid: null, msg: "ура ебать"}, rid: "house_14_livingroom"}]
Thu Jan 9 19:14:36 GMT+0500 2020 [INFO] Server said: 34: ["rl.crs", {uid: "55", rlt: {ut: 1578579276, p: 0, s: 60, st: 1578579276, t: null}}]
Thu Jan 9 19:14:36 GMT+0500 2020 [INFO] Client said: 34: [null, "cf.uca", {at: "kiss", uid: "55"}]
Thu Jan 9 19:14:34 GMT+0500 2020 [INFO] Client said: 34: [null, "cf.uca", {uid: "55", at: "engaged", prms: {}}]
Thu Jan 9 19:14:32 GMT+0500 2020 [INFO] Server said: 34: ["cf.uc", {at: "engaged", uid: "55"}]
Thu Jan 9 19:14:32 GMT+0500 2020 [INFO] Server said: 34: ["h.r.ks", {uid: "55", sx: 4.49, sy: 4.16, tmid: "14"}]
Thu Jan 9 19:14:31 GMT+0500 2020 [INFO] Server said: 34: ["rl.urp", {uid: "55", chprr: "kiss", rlt: {ut: 1578579261, p: 100, s: 50, st: 1578579261, t: null}}]
Thu Jan 9 19:14:29 GMT+0500 2020 [INFO] Server said: 34: ["h.r.u", {x: 4.49, at: "", y: 4.16, uid: "55", d: 4, st: 23}]
Thu Jan 9 19:14:29 GMT+0500 2020 [INFO] Server said: 34: ["h.r.m", {dx: 4.49, uid: "55", sx: 4.49, sy: 4.16, dy: 4.16}]
Thu Jan 9 19:14:29 GMT+0500 2020 [INFO] Server said: 34: ["h.r.ks", {uid: "55", sx: 4.49, sy: 4.16, tmid: "14"}]
Thu Jan 9 19:14:29 GMT+0500 2020 [INFO] Server said: 34: ["rl.urp", {uid: "55", chprr: "kiss", rlt: {ut: 1578579261, p: 100, s: 50, st: 1578579261, t: null}}]
Thu Jan 9 19:14:27 GMT+0500 2020 [INFO] Client said: 34: [null, "cf.uca", {at: "kiss", uid: "55"}]
Thu Jan 9 19:14:27 GMT+0500 2020 [INFO] Server said: 34: ["h.r.u", {x: 4.49, at: "", y: 4.16, uid: "55", d: 4, st: 23}]
Thu Jan 9 19:14:26 GMT+0500 2020 [INFO] Server said: 34: ["h.r.m", {dx: 4.49, uid: "55", sx: 4.49, sy: 4.16, dy: 4.16}]
Thu Jan 9 19:14:25 GMT+0500 2020 [INFO] Client said: 34: [null, "cf.uca", {at: "kiss", uid: "55"}]
Thu Jan 9 19:14:23 GMT+0500 2020 [INFO] Server said: 34: ["h.r.ks", {uid: "55", sx: 4.49, sy: 4.16, tmid: "14"}]
Thu Jan 9 19:14:23 GMT+0500 2020 [INFO] Server said: 34: ["rl.urp", {uid: "55", chprr: "kiss", rlt: {ut: 1578579261, p: 100, s: 50, st: 1578579261, t: null}}]
Thu Jan 9 19:14:22 GMT+0500 2020 [INFO] Server said: 34: ["h.r.u", {x: 4.49, at: "", y: 4.16, uid: "55", d: 4, st: 23}]
Thu Jan 9 19:14:21 GMT+0500 2020 [INFO] Server said: 34: ["h.r.m", {dx: 4.49, uid: "55", sx: 4.49, sy: 4.16, dy: 4.16}]
Thu Jan 9 19:14:21 GMT+0500 2020 [INFO] Client said: 34: [null, "cf.uca", {at: "kiss", uid: "55"}]
Thu Jan 9 19:14:20 GMT+0500 2020 [INFO] Server said: 34: ["rl.crs", {uid: "55", rlt: {ut: 1578579261, p: 0, s: 50, st: 1578579261, t: null}}]
Thu Jan 9 19:14:16 GMT+0500 2020 [INFO] Server said: 34: ["h.r.ks", {uid: "55", sx: 4.49, sy: 4.16, tmid: "14"}]
Thu Jan 9 19:14:16 GMT+0500 2020 [INFO] Server said: 34: ["rl.urp", {uid: "55", chprr: "kiss", rlt: {ut: 1578579139, p: 100, s: 43, st: 1578579139, t: null}}]
Thu Jan 9 19:14:15 GMT+0500 2020 [INFO] Server said: 34: ["h.r.u", {x: 4.49, at: "", y: 4.16, uid: "55", d: 4, st: 23}]
Thu Jan 9 19:14:15 GMT+0500 2020 [INFO] Server said: 34: ["h.r.m", {dx: 4.49, uid: "55", sx: 4.49, sy: 4.16, dy: 4.16}]
Thu Jan 9 19:14:15 GMT+0500 2020 [INFO] Server said: 34: ["cp.cht.sm", {msg: {tag: null, tp: "chatTextMessage", sid: "55", mid: null, cid: null, msg: "о"}, rid: "house_14_livingroom"}]