ClientError: Fri Jan 10 00:15:02 GMT+0900 2020 [CRITICAL] [house] *Uncaught Error* ErrorId: 1010 ErrorName: TypeError ErrorMessage:Error #1010 ErrorStackTrace:TypeError: Error #1010
	at _-1u9::URL/parse()
	at _-1u9::URL()
	at _-18R::LoadingItem()
	at _-18R::SWFLoadingItem()
	at _-0bS::MassLoader/add()
	at _-0bS::MassLoader/_-2R5()
	at flash.events::EventDispatcher/dispatchEvent()
	at _-18R::LoadingItem/_-1Iu()
	at _-18R::LoadingItem/onError()
	at _-18R::SWFLoadingItem/onError()
	at flash.events::EventDispatcher/dispatchEvent()
	at flash.net::URLLoader/onComplete()
Fri Jan 10 00:14:10 GMT+0900 2020 [INFO] Server said: 34: ["b.ingld", {ingld: 9999}]
Fri Jan 10 00:14:10 GMT+0900 2020 [INFO] Server said: 34: ["ntf.res", {res: {gld: 21418, enrg: 500, slvr: 10000, emd: 0}}]
Fri Jan 10 00:14:09 GMT+0900 2020 [INFO] [YandexMetrics.reachGoal] Call reach goal 'click_buy_product' for counter 31321471
Fri Jan 10 00:14:09 GMT+0900 2020 [INFO] Client said: 34: [null, "b.chkprchs", {pmnt: {ct1: null, ctx: {dialogSource: "furnitureShopDialog"}, tpid: "sd14Flwr", srv: 3, ct3: null, ct2: null}, prid: "pack9999", qnt: 1}]
Fri Jan 10 00:14:08 GMT+0900 2020 [INFO] [YandexMetrics.reachGoal] Call reach goal 'show_payment_dialog' for counter 31321471
Fri Jan 10 00:14:04 GMT+0900 2020 [INFO] Server said: 34: ["b.ingld", {ingld: 9999}]
Fri Jan 10 00:14:04 GMT+0900 2020 [INFO] Server said: 34: ["ntf.res", {res: {gld: 11419, enrg: 500, slvr: 10000, emd: 0}}]
Fri Jan 10 00:14:03 GMT+0900 2020 [INFO] [YandexMetrics.reachGoal] Call reach goal 'click_buy_product' for counter 31321471
Fri Jan 10 00:14:03 GMT+0900 2020 [INFO] Client said: 34: [null, "b.chkprchs", {pmnt: {ct1: null, ctx: {dialogSource: "furnitureShopDialog"}, tpid: "sd14Flwr", srv: 3, ct3: null, ct2: null}, prid: "pack9999", qnt: 1}]
Fri Jan 10 00:14:01 GMT+0900 2020 [INFO] [YandexMetrics.reachGoal] Call reach goal 'show_payment_dialog' for counter 31321471
Fri Jan 10 00:13:51 GMT+0900 2020 [INFO] Loaded  LoadingItem(url: http://62.113.113.58:8080/files/swf/furniture/decor/SD14Flower.swf?3, status: 2) 