ClientError: Fri Jan 10 00:13:46 GMT+0900 2020 [CRITICAL] [house] *Uncaught Error* ErrorId: 1009 ErrorName: TypeError ErrorMessage:Error #1009 ErrorStackTrace:TypeError: Error #1009
	at MethodInfo-2()
	at flash.events::EventDispatcher/dispatchEvent()
	at _-jr::FurnitureLoader/_-2qc()
	at flash.events::EventDispatcher/dispatchEvent()
	at _-0bS::MassLoader/_-4Ql()
	at _-0bS::MassLoader/_-WZ()
	at flash.events::EventDispatcher/dispatchEvent()
	at _-18R::LoadingItem/onComplete()
	at _-18R::SWFLoadingItem/onComplete()
	at MethodInfo-7()
Fri Jan 10 00:13:46 GMT+0900 2020 [INFO] Loaded  LoadingItem(url: http://62.113.113.58:8080/files/swf/furniture/decor/JanitorTransistor.swf, status: 2) 
Fri Jan 10 00:13:25 GMT+0900 2020 [INFO] Server said: 34: ["h.r.ra", {plr: {usrinf: {rl: 0}, pf: {pf: {phtghr: {tp: "phtghr", l: 20, pgs: 0}, vsgst: {tp: "vsgst", l: 20, pgs: 0}, grdnr: {tp: "grdnr", l: 20, pgs: 0}, jntr: {tp: "jntr", l: 20, pgs: 0}}}, apprnc: {brt: 1, fft: 0, rc: 1, et: 8, brc: 3, fat: 0, mc: 3, g: 2, bt: 0, mt: 2, pc: 1, hc: 7, fac: 1, sc: 2, ht: 122, shc: 1, ss: 0, n: "MARINA ", pt: 0, ssc: 1, rg: 0, bc: 1, sh: 0, nct: 0, ec: 5}, mbm: {ac: null, sk: "blackMobileSkin"}, locinfo: {at: "", x: 4.05, s: "127.0.0.1", y: 0.1, st: 0, d: 4, shlc: true, pl: "", l: "house_132_livingroom"}, ci: {trid: null, tts: null, actrd: 0, eml: null, crt: 730, vip: true, skid: null, shousd: false, skrt: 0, crst: 0, ysct: 0, gdc: 0, fak: null, lgt: 0, shcr: true, ys: 0, bcld: 0, as: null, vexp: 1965298000, strfrd: 0, vsexp: 1965298000, pamns: {amn: []}, vsact: true, fexp: 0, vret: 0, trcd: 0, sbrt: 0, lvt: 1578582528, kyktid: null, rtrtm: 0, hrt: 174, vfgc: 0, compid: 0, plcmt: {}, sbid: null, actrt: 0, gtrfrd: 0, ceid: 0, actrp: 0, cmid: 0, lrnt: 0, exp: 85800, dr: true, lwts: 0, rpt: 0, spp: 0}, uid: "132", clths: {clths: [{tpid: "girlNY20VKGiftPllvCnd", clid: null}, {tpid: "girlPants9", clid: null}, {tpid: "girlShoes14", clid: null}]}}}]
Fri Jan 10 00:13:22 GMT+0900 2020 [INFO] Client said: 34: ["house_132_livingroom", "h.r.ra", {}]
Fri Jan 10 00:13:22 GMT+0900 2020 [INFO] Server said: 34: ["a.clths.buy", {inv: {c: {cls: {id: "cls", it: [{tid: "girlUnderdress1", c: 1, iid: ""}, {tid: "girlUnderdress2", c: 1, iid: ""}, {tid: "girlShirt12", c: 1, iid: ""}, {tid: "girlNY20VKGiftPllvDr", c: 1, iid: ""}, {tid: "girlNY20VKGiftPllvChrst", c: 1, iid: ""}]}, frn: {id: "frn", it: []}, lt: {id: "lt", it: []}, gm: {id: "gm", it: [{tid: "blackMobileSkin", c: 1, iid: ""}]}, act: {id: "act", it: []}}}, ccltn: {cn: "", cct: ["girlNY20VKGiftPllvCnd", "girlPants9", "girlShoes14"], ctp: "casual"}, res: {emd: 0, enrg: 500, slvr: 10000, gld: 1420}, crt: 730, clths: {clths: [{tpid: "girlNY20VKGiftPllvCnd", clid: null}, {tpid: "girlPants9", clid: null}, {tpid: "girlShoes14", clid: null}]}}]
Fri Jan 10 00:13:18 GMT+0900 2020 [INFO] Client said: 34: [null, "a.clths.buy", {tpid: "girlNY20VKGiftPllvCnd", pind: 1, ctp: "casual"}]
Fri Jan 10 00:13:01 GMT+0900 2020 [INFO] Server said: 34: ["h.r.ra", {plr: {usrinf: {rl: 0}, pf: {pf: {phtghr: {tp: "phtghr", l: 20, pgs: 0}, vsgst: {tp: "vsgst", l: 20, pgs: 0}, grdnr: {tp: "grdnr", l: 20, pgs: 0}, jntr: {tp: "jntr", l: 20, pgs: 0}}}, apprnc: {brt: 1, fft: 0, rc: 1, et: 8, brc: 3, fat: 0, mc: 3, g: 2, bt: 0, mt: 2, pc: 1, hc: 7, fac: 1, sc: 2, ht: 122, shc: 1, ss: 0, n: "MARINA ", pt: 0, ssc: 1, rg: 0, bc: 1, sh: 0, nct: 0, ec: 5}, mbm: {ac: null, sk: "blackMobileSkin"}, locinfo: {at: "", x: 4.05, s: "127.0.0.1", y: 0.1, st: 0, d: 4, shlc: true, pl: "", l: "house_132_livingroom"}, ci: {trid: null, tts: null, actrd: 0, eml: null, crt: 570, vip: true, skid: null, shousd: false, skrt: 0, crst: 0, ysct: 0, gdc: 0, fak: null, lgt: 0, shcr: true, ys: 0, bcld: 0, as: null, vexp: 1965298000, strfrd: 0, vsexp: 1965298000, pamns: {amn: []}, vsact: true, fexp: 0, vret: 0, trcd: 0, sbrt: 0, lvt: 1578582528, kyktid: null, rtrtm: 0, hrt: 174, vfgc: 0, compid: 0, plcmt: {}, sbid: null, actrt: 0, gtrfrd: 0, ceid: 0, actrp: 0, cmid: 0, lrnt: 0, exp: 85800, dr: true, lwts: 0, rpt: 0, spp: 0}, uid: "132", clths: {clths: [{tpid: "girlShoes14", clid: null}, {tpid: "girlNY20VKGiftPllvChrst", clid: null}, {tpid: "girlPants9", clid: null}]}}}]
Fri Jan 10 00:12:59 GMT+0900 2020 [INFO] Client said: 34: ["house_132_livingroom", "h.r.ra", {}]
Fri Jan 10 00:12:59 GMT+0900 2020 [INFO] Server said: 34: ["a.clths.buy", {inv: {c: {cls: {id: "cls", it: [{tid: "girlUnderdress1", c: 1, iid: ""}, {tid: "girlUnderdress2", c: 1, iid: ""}, {tid: "girlShirt12", c: 1, iid: ""}, {tid: "girlNY20VKGiftPllvDr", c: 1, iid: ""}]}, frn: {id: "frn", it: []}, lt: {id: "lt", it: []}, gm: {id: "gm", it: [{tid: "blackMobileSkin", c: 1, iid: ""}]}, act: {id: "act", it: []}}}, ccltn: {cn: "", cct: ["girlShoes14", "girlNY20VKGiftPllvChrst", "girlPants9"], ctp: "casual"}, res: {emd: 0, enrg: 500, slvr: 10000, gld: 1460}, crt: 570, clths: {clths: [{tpid: "girlShoes14", clid: null}, {tpid: "girlNY20VKGiftPllvChrst", clid: null}, {tpid: "girlPants9", clid: null}]}}]
Fri Jan 10 00:12:54 GMT+0900 2020 [INFO] Client said: 34: [null, "a.clths.buy", {tpid: "girlNY20VKGiftPllvChrst", pind: 1, ctp: "casual"}]
Fri Jan 10 00:12:19 GMT+0900 2020 [INFO] Server said: 34: ["h.r.ra", {plr: {usrinf: {rl: 0}, pf: {pf: {phtghr: {tp: "phtghr", l: 20, pgs: 0}, vsgst: {tp: "vsgst", l: 20, pgs: 0}, grdnr: {tp: "grdnr", l: 20, pgs: 0}, jntr: {tp: "jntr", l: 20, pgs: 0}}}, apprnc: {brt: 1, fft: 0, rc: 1, et: 8, brc: 3, fat: 0, mc: 3, g: 2, bt: 0, mt: 2, pc: 1, hc: 7, fac: 1, sc: 2, ht: 122, shc: 1, ss: 0, n: "MARINA ", pt: 0, ssc: 1, rg: 0, bc: 1, sh: 0, nct: 0, ec: 5}, mbm: {ac: null, sk: "blackMobileSkin"}, locinfo: {at: "", x: 4.05, s: "127.0.0.1", y: 0.1, st: 0, d: 4, shlc: true, pl: "", l: "house_132_livingroom"}, ci: {trid: null, tts: null, actrd: 0, eml: null, crt: 250, vip: true, skid: null, shousd: false, skrt: 0, crst: 0, ysct: 0, gdc: 0, fak: null, lgt: 0, shcr: true, ys: 0, bcld: 0, as: null, vexp: 1965298000, strfrd: 0, vsexp: 1965298000, pamns: {amn: []}, vsact: true, fexp: 0, vret: 0, trcd: 0, sbrt: 0, lvt: 1578582528, kyktid: null, rtrtm: 0, hrt: 174, vfgc: 0, compid: 0, plcmt: {}, sbid: null, actrt: 0, gtrfrd: 0, ceid: 0, actrp: 0, cmid: 0, lrnt: 0, exp: 85800, dr: true, lwts: 0, rpt: 0, spp: 0}, uid: "132", clths: {clths: [{tpid: "girlNY20VKGiftPllvDr", clid: null}, {tpid: "girlPants9", clid: null}, {tpid: "girlShoes14", clid: null}]}}}]
Fri Jan 10 00:12:18 GMT+0900 2020 [INFO] Client said: 34: ["house_132_livingroom", "h.r.ra", {}]
Fri Jan 10 00:12:18 GMT+0900 2020 [INFO] Server said: 34: ["a.clths.buy", {inv: {c: {cls: {id: "cls", it: [{tid: "girlUnderdress1", c: 1, iid: ""}, {tid: "girlUnderdress2", c: 1, iid: ""}, {tid: "girlShirt12", c: 1, iid: ""}]}, frn: {id: "frn", it: []}, lt: {id: "lt", it: []}, gm: {id: "gm", it: [{tid: "blackMobileSkin", c: 1, iid: ""}]}, act: {id: "act", it: []}}}, ccltn: {cn: "", cct: ["girlNY20VKGiftPllvDr", "girlPants9", "girlShoes14"], ctp: "casual"}, res: {emd: 0, enrg: 500, slvr: 10000, gld: 1540}, crt: 250, clths: {clths: [{tpid: "girlNY20VKGiftPllvDr", clid: null}, {tpid: "girlPants9", clid: null}, {tpid: "girlShoes14", clid: null}]}}]
Fri Jan 10 00:12:14 GMT+0900 2020 [INFO] Client said: 34: [null, "a.clths.buy", {tpid: "girlNY20VKGiftPllvDr", pind: 1, ctp: "casual"}]
Fri Jan 10 00:12:03 GMT+0900 2020 [INFO] Server said: 34: ["b.ingld", {ingld: 1500}]
Fri Jan 10 00:12:03 GMT+0900 2020 [INFO] Server said: 34: ["ntf.res", {res: {gld: 1600, enrg: 500, slvr: 10000, emd: 0}}]
Fri Jan 10 00:12:02 GMT+0900 2020 [INFO] [YandexMetrics.reachGoal] Call reach goal 'click_buy_product' for counter 31321471
Fri Jan 10 00:12:02 GMT+0900 2020 [INFO] Client said: 34: [null, "b.chkprchs", {pmnt: null, prid: "pack1500", qnt: 1}]
Fri Jan 10 00:12:01 GMT+0900 2020 [INFO] [YandexMetrics.onCounterInit] Yandex metrics counter 31321471 inited
Fri Jan 10 00:12:01 GMT+0900 2020 [INFO] [YandexMetrics.reachGoal] Call reach goal 'show_payment_dialog' for counter 31321471
Fri Jan 10 00:12:00 GMT+0900 2020 [INFO] Server said: 34: ["spt.init", {a: false}]
Fri Jan 10 00:11:59 GMT+0900 2020 [INFO] [YandexMetrics.initCounter] Try to init Yandex metrics counter 31321471
Fri Jan 10 00:11:59 GMT+0900 2020 [INFO] Client said: 34: [null, "spt.init", {}]
Fri Jan 10 00:11:48 GMT+0900 2020 [INFO] Server said: 34: ["lg.lst", {glst: []}]
Fri Jan 10 00:11:48 GMT+0900 2020 [INFO] Client said: 34: ["house_132_livingroom", "h.r.u", {st: 0, x: 4.05, d: 4, y: 0.1, uid: "132"}]
Fri Jan 10 00:11:47 GMT+0900 2020 [INFO] Client said: 34: ["house_132_livingroom", "lg.lst", {}]
Fri Jan 10 00:11:47 GMT+0900 2020 [INFO] Server said: 34: ["h.r.info", {rm: {nm: "#livingRoom", id: "livingroom", f: [{tpid: "wall15", lid: 1, y: 0, z: 0, x: 0, d: 3}, {tpid: "door4", lid: 4, y: 0, z: 0, x: 3, d: 3, rid: "outside"}, {tpid: "wall15", lid: 2, y: 0, z: 0, x: 13, d: 5}, {tpid: "floor4", lid: 3, y: 0, z: 0, x: 0, d: 5}], l: 13, w: 13, lev: 1}, rmmb: [{usrinf: {rl: 0}, pf: {pf: {phtghr: {tp: "phtghr", l: 20, pgs: 0}, vsgst: {tp: "vsgst", l: 20, pgs: 0}, grdnr: {tp: "grdnr", l: 20, pgs: 0}, jntr: {tp: "jntr", l: 20, pgs: 0}}}, apprnc: {brt: 1, fft: 0, rc: 1, et: 8, brc: 3, fat: 0, mc: 3, g: 2, bt: 0, mt: 2, pc: 1, hc: 7, fac: 1, sc: 2, ht: 122, shc: 1, ss: 0, n: "MARINA ", pt: 0, ssc: 1, rg: 0, bc: 1, sh: 0, nct: 0, ec: 5}, mbm: {ac: null, sk: "blackMobileSkin"}, locinfo: {at: "", x: -1, s: "127.0.0.1", y: -1, st: 0, d: 4, shlc: true, pl: "", l: "house_132_livingroom"}, ci: {trid: null, tts: null, actrd: 0, eml: null, crt: 10, vip: true, skid: null, shousd: false, skrt: 0, crst: 0, ysct: 0, gdc: 0, fak: null, lgt: 0, shcr: true, ys: 0, bcld: 0, as: null, vexp: 1965298000, strfrd: 0, vsexp: 1965298000, pamns: {amn: []}, vsact: true, fexp: 0, vret: 0, trcd: 0, sbrt: 0, lvt: 1578582528, kyktid: null, rtrtm: 0, hrt: 174, vfgc: 0, compid: 0, plcmt: {}, sbid: null, actrt: 0, gtrfrd: 0, ceid: 0, actrp: 0, cmid: 0, lrnt: 0, exp: 85800, dr: true, lwts: 0, rpt: 0, spp: 0}, uid: "132", clths: {clths: [{tpid: "girlShirt12", clid: null}, {tpid: "girlShoes14", clid: null}, {tpid: "girlPants9", clid: null}]}}], evn: null}]
Fri Jan 10 00:11:43 GMT+0900 2020 [INFO] Client said: 34: ["house_132_livingroom", "h.r.info", {uid: "132", rid: "livingroom"}]
Fri Jan 10 00:11:43 GMT+0900 2020 [INFO] Server said: 34: ["h.gr", {rid: "house_132_livingroom"}]
Fri Jan 10 00:11:43 GMT+0900 2020 [INFO] Server said: 16: ["house_132_livingroom", "132"]
Fri Jan 10 00:11:43 GMT+0900 2020 [INFO] Server said: 34: ["h.r.jn", {plr: {usrinf: {rl: 0}, pf: {pf: {phtghr: {tp: "phtghr", l: 20, pgs: 0}, vsgst: {tp: "vsgst", l: 20, pgs: 0}, grdnr: {tp: "grdnr", l: 20, pgs: 0}, jntr: {tp: "jntr", l: 20, pgs: 0}}}, apprnc: {brt: 1, fft: 0, rc: 1, et: 8, brc: 3, fat: 0, mc: 3, g: 2, bt: 0, mt: 2, pc: 1, hc: 7, fac: 1, sc: 2, ht: 122, shc: 1, ss: 0, n: "MARINA ", pt: 0, ssc: 1, rg: 0, bc: 1, sh: 0, nct: 0, ec: 5}, mbm: {ac: null, sk: "blackMobileSkin"}, locinfo: {at: "", x: -1, s: "127.0.0.1", y: -1, st: 0, d: 4, shlc: true, pl: "", l: "house_132_livingroom"}, ci: {trid: null, tts: null, actrd: 0, eml: null, crt: 10, vip: true, skid: null, shousd: false, skrt: 0, crst: 0, ysct: 0, gdc: 0, fak: null, lgt: 0, shcr: true, ys: 0, bcld: 0, as: null, vexp: 1965298000, strfrd: 0, vsexp: 1965298000, pamns: {amn: []}, vsact: true, fexp: 0, vret: 0, trcd: 0, sbrt: 0, lvt: 1578582528, kyktid: null, rtrtm: 0, hrt: 174, vfgc: 0, compid: 0, plcmt: {}, sbid: null, actrt: 0, gtrfrd: 0, ceid: 0, actrp: 0, cmid: 0, lrnt: 0, exp: 85800, dr: true, lwts: 0, rpt: 0, spp: 0}, uid: "132", clths: {clths: [{tpid: "girlShirt12", clid: null}, {tpid: "girlShoes14", clid: null}, {tpid: "girlPants9", clid: null}]}}}]
Fri Jan 10 00:11:40 GMT+0900 2020 [INFO] Server said: 34: ["srqst.gtrq", {rqlst: {rsprlst: {}, lapt: {}, shwdt: 0, rlst: {}}}]
Fri Jan 10 00:11:40 GMT+0900 2020 [INFO] Client said: 34: [null, "nws.getglbl", {}]
Fri Jan 10 00:11:40 GMT+0900 2020 [INFO] Server said: 34: ["nws.hasnews", {gnexst: true, gnunr: true}]
Fri Jan 10 00:11:40 GMT+0900 2020 [INFO] Server said: 34: ["cp.cht.gbl", {blcklst: {uids: []}}]
Fri Jan 10 00:11:40 GMT+0900 2020 [INFO] Client said: 34: [null, "crq.lrui", {uid: 132}]
Fri Jan 10 00:11:40 GMT+0900 2020 [INFO] Server said: 34: ["cm.new", {campaigns: [{iu: "", id: 643, st: 1, tp: 9, ed: 2442905160000, v: 1, cil: [{id: 8151, cid: 643, tid: "clans", gl: 0, sc: 0, si: 0}, {id: 8152, cid: 643, tid: "clanRating_off", gl: 0, sc: 0, si: 0}]}, {iu: "", id: 316, st: 1, tp: 9, ed: 1659222000000, v: 1, cil: [{id: 2514, cid: 316, tid: "mobile", gl: 0, sc: 0, si: 0}]}, {iu: "", id: 299, st: 2, tp: 9, ed: 1919631600000, v: 1, cil: [{id: 2434, cid: 299, tid: "fortune2", gl: 0, sc: 0, si: 0}]}, {iu: "", id: 114, st: 1, tp: 9, ed: 1440630000000, v: 1, cil: [{id: 1110, cid: 114, tid: "professions", gl: 0, sc: 0, si: 0}, {id: 1111, cid: 114, tid: "grdnr", gl: 0, sc: 0, si: 0}, {id: 1112, cid: 114, tid: "jntr", gl: 0, sc: 0, si: 0}, {id: 1577, cid: 114, tid: "vsgst", gl: 0, sc: 0, si: 0}, {id: 1578, cid: 114, tid: "phtghr", gl: 0, sc: 0, si: 0}]}]}]
Fri Jan 10 00:11:39 GMT+0900 2020 [INFO] Client said: 34: [null, "h.gr", {rid: "livingroom", gid: "132", lid: "house"}]
Fri Jan 10 00:11:39 GMT+0900 2020 [INFO] Loaded  LoadingItem(url: http://62.113.113.58:8080/files/swf/furniture/house/FloorCarpetGrass.swf, status: 2) 