ClientError: Thu Jan 9 16:56:54 GMT+0300 2020 [CRITICAL] [house] *Uncaught Error* ErrorId: 1010 ErrorName: TypeError ErrorMessage:Error #1010 ErrorStackTrace:TypeError: Error #1010
	at _-1u9::URL/parse()
	at _-1u9::URL()
	at _-18R::LoadingItem()
	at _-18R::SWFLoadingItem()
	at _-0bS::MassLoader/add()
	at _-0bS::MassLoader/_-2R5()
	at flash.events::EventDispatcher/dispatchEvent()
	at _-18R::LoadingItem/_-1Iu()
	at _-18R::LoadingItem/onError()
	at _-18R::SWFLoadingItem/onError()
	at flash.events::EventDispatcher/dispatchEvent()
	at flash.net::URLLoader/onComplete()
Thu Jan 9 16:56:24 GMT+0300 2020 [INFO] Server said: 34: ["b.inslv", {inslv: 5000}]
Thu Jan 9 16:56:23 GMT+0300 2020 [INFO] Server said: 34: ["ntf.res", {res: {enrg: 500, emd: 0, slvr: 5000, gld: 44152}}]
Thu Jan 9 16:56:23 GMT+0300 2020 [INFO] Client said: 34: [null, "b.bs", {gld: 50}]
Thu Jan 9 16:56:23 GMT+0300 2020 [INFO] Client said: 34: ["house_52_1", "h.r.u", {x: 11.5, y: 2.95, uid: "52", st: 23, at: "", d: 2}]
Thu Jan 9 16:56:21 GMT+0300 2020 [INFO] Client said: 34: ["house_52_1", "h.r.m", {uid: "52", sy: 2.58, sx: 5.9, dx: 11.5, dy: 2.95}]
Thu Jan 9 16:56:20 GMT+0300 2020 [INFO] Client said: 34: ["house_52_1", "h.r.m", {uid: "52", sy: 2.58, sx: 3.51, dx: 11.5, dy: 2.95}]
Thu Jan 9 16:56:20 GMT+0300 2020 [INFO] Client said: 34: ["house_52_1", "h.r.m", {uid: "52", sy: 2.58, sx: 3.43, dx: 11.5, dy: 2.95}]
Thu Jan 9 16:56:20 GMT+0300 2020 [INFO] Client said: 34: ["house_52_1", "h.r.m", {uid: "52", sy: 2.58, sx: 3.36, dx: 11.5, dy: 2.95}]
Thu Jan 9 16:56:20 GMT+0300 2020 [INFO] Client said: 34: ["house_52_1", "h.r.m", {uid: "52", sy: 2.58, sx: 3.28, dx: 11.5, dy: 2.95}]
Thu Jan 9 16:56:20 GMT+0300 2020 [INFO] Client said: 34: ["house_52_1", "h.r.m", {uid: "52", sy: 2.58, sx: 3.2, dx: 11.5, dy: 2.95}]
Thu Jan 9 16:56:20 GMT+0300 2020 [INFO] Server said: 34: ["h.r.ra", {plr: {usrinf: {rl: 0}, locinfo: {l: "house_52_1", x: 3.2, pl: "", y: 2.58, s: "127.0.0.1", shlc: true, st: 23, at: "", d: 4}, apprnc: {pc: 1, pt: 6, brt: 18, rg: 0, rc: 1, g: 2, fat: 0, fac: 1, brc: 1, ss: 0, bt: 0, hc: 14, ec: 21, mt: 31, sc: 3, et: 31, ht: 125, shc: 28, fft: 7, bc: 1, nct: 0, sh: 15, mc: 19, n: "Одна жизнь.", ssc: 1}, ci: {pamns: {amn: []}, vret: 0, strfrd: 0, ys: 0, crst: 0, vfgc: 0, rtrtm: 0, fexp: 0, ceid: 0, kyktid: null, sbid: null, skid: null, cmid: 0, actrt: 0, lwts: 0, hrt: 24539, dr: true, compid: 0, bcld: 0, spp: 0, actrp: 0, skrt: 0, rpt: 0, trid: null, tts: null, actrd: 0, gdc: 0, eml: null, shousd: false, lgt: 0, vip: true, trcd: 0, sbrt: 0, ysct: 0, as: null, crt: 1568, vexp: 1965298000, exp: 85800, lvt: 1578577967, vsexp: 1965298000, shcr: true, lrnt: 0, plcmt: {}, fak: null, vsact: true, gtrfrd: 0}, uid: "52", clths: {clths: [{clid: null, tpid: "girlNcklFrog"}, {clid: null, tpid: "girlTShrtFrog"}, {clid: null, tpid: "girlBtsFrog"}, {clid: null, tpid: "girlPntsFrog"}]}, pf: {pf: {jntr: {pgs: 0, l: 20, tp: "jntr"}, grdnr: {pgs: 0, l: 20, tp: "grdnr"}, vsgst: {pgs: 0, l: 20, tp: "vsgst"}, phtghr: {pgs: 0, l: 20, tp: "phtghr"}}}, mbm: {sk: "blackMobileSkin", ac: null}}}]
Thu Jan 9 16:56:19 GMT+0300 2020 [INFO] Client said: 34: ["house_52_1", "h.r.ra", {}]
Thu Jan 9 16:56:19 GMT+0300 2020 [INFO] Server said: 34: ["a.clths.buy", {crt: 1568, res: {enrg: 500, emd: 0, slvr: 0, gld: 44202}, clths: {clths: [{clid: null, tpid: "girlNcklFrog"}, {clid: null, tpid: "girlTShrtFrog"}, {clid: null, tpid: "girlBtsFrog"}, {clid: null, tpid: "girlPntsFrog"}]}, inv: {c: {frn: {id: "frn", it: [{c: 1, tid: "door4", iid: ""}, {c: 2, tid: "floor4", iid: ""}, {c: 1, tid: "wall15", iid: ""}]}, lt: {id: "lt", it: []}, act: {id: "act", it: []}, cls: {id: "cls", it: [{c: 1, tid: "girlUnderdress1", iid: ""}, {c: 1, tid: "girlUnderdress2", iid: ""}, {c: 1, tid: "girlShirt12", iid: ""}, {c: 1, tid: "girlPants9", iid: ""}, {c: 1, tid: "girlTShrtInnknt", iid: ""}, {c: 1, tid: "girlNY20VKGiftPllvDr", iid: ""}, {c: 1, tid: "girlNY20VKGiftPllvChrst", iid: ""}, {c: 1, tid: "girlTghtWnt19Wrm", iid: ""}, {c: 1, tid: "girlShrtsJrnl", iid: ""}, {c: 1, tid: "girlShoes14", iid: ""}]}, gm: {id: "gm", it: [{c: 1, tid: "blackMobileSkin", iid: ""}, {c: 32, tid: "vsgstBrush", iid: ""}]}}}, ccltn: {cn: "", cct: ["girlNcklFrog", "girlTShrtFrog", "girlBtsFrog", "girlPntsFrog"], ctp: "casual"}}]
Thu Jan 9 16:56:18 GMT+0300 2020 [INFO] Client said: 34: [null, "a.clths.bst", {pind: 1, tpid: "girlFrogSet", ctp: "casual"}]
Thu Jan 9 16:56:17 GMT+0300 2020 [INFO] Server said: 34: ["b.inslv", {inslv: 1000}]
Thu Jan 9 16:56:17 GMT+0300 2020 [INFO] Server said: 34: ["ntf.res", {res: {enrg: 500, emd: 0, slvr: 12000, gld: 44394}}]
Thu Jan 9 16:56:17 GMT+0300 2020 [INFO] Client said: 34: [null, "b.bs", {gld: 10}]
Thu Jan 9 16:56:12 GMT+0300 2020 [INFO] Server said: 34: ["b.inslv", {inslv: 1000}]
Thu Jan 9 16:56:12 GMT+0300 2020 [INFO] Server said: 34: ["ntf.res", {res: {enrg: 500, emd: 0, slvr: 11000, gld: 44404}}]
Thu Jan 9 16:56:12 GMT+0300 2020 [INFO] Client said: 34: [null, "b.bs", {gld: 10}]