ClientError: Thu Jan 9 19:32:36 GMT+0500 2020 [CRITICAL] [salon] *Uncaught Error* ErrorId: 1009 ErrorName: TypeError ErrorMessage:Error #1009 ErrorStackTrace:TypeError: Error #1009
	at _-0eV::RoomMemberContainer/addAvatar()
	at _-PQ::BaseRoomScreen/addAvatar()
	at _-PQ::BaseRoomScreen/onRefreshAvatar()
	at flash.events::EventDispatcher/dispatchEvent()
	at _-2CM::BaseRoomNetManager/onRefreshAvatar()
	at flash.events::EventDispatcher/dispatchEvent()
	at ags::_-2t/_-2dI()
	at flash.events::EventDispatcher/dispatchEvent()
	at _-0en::_-0O8/_-1LF()
	at _-0en::_-0O8/execute()
	at ags::AGSClient/_-0i9()
	at ags::AGSClient/_-2ZF()
	at ags::AGSClient/_-2Ea()
Thu Jan 9 19:32:36 GMT+0500 2020 [INFO] Server said: 34: ["o.r.ra", {plr: {clths: {clths: [{tpid: "girlFA18Wig", clid: null}, {tpid: "girlPntsNY20Nght", clid: null}, {tpid: "girlFA18Skt", clid: null}, {tpid: "girlFA18TShrt", clid: null}, {tpid: "girlFA18Bts", clid: null}, {tpid: "girlFA18Bag", clid: null}]}, mbm: {sk: "blackMobileSkin", ac: null}, apprnc: {brt: 29, brc: 1, fft: 9, g: 2, pt: 0, ht: 28, sc: 1, bc: 1, rg: 0, ssc: 1, ec: 5, ss: 0, hc: 7, bt: 0, fac: 1, mt: 29, rc: 1, n: "зелёный чай.", sh: 1, et: 37, nct: 0, fat: 0, mc: 5, shc: 1, pc: 1}, locinfo: {l: "salon_sn1_1", x: 10.95, shlc: true, pl: "", at: "", y: 14.45, s: "127.0.0.1", d: 4, st: 23}, usrinf: {rl: 0}, ci: {trid: "freelanceMicrophone", shcr: true, sbid: null, bcld: 0, spp: 0, vsexp: 1965298000, lgt: 0, as: null, kyktid: null, vret: 0, vsact: true, gdc: 0, vfgc: 0, dr: true, tts: null, skid: null, sbrt: 0, pamns: {amn: []}, actrp: 0, shousd: false, rpt: 0, ys: 0, ysct: 0, cmid: 0, hrt: 220, crst: 0, actrd: 0, trcd: 0, eml: null, fak: null, compid: 0, rtrtm: 0, plcmt: {}, strfrd: 0, gtrfrd: 0, skrt: 0, crt: 16109, lvt: 1578579812, exp: 85800, actrt: 0, lrnt: 0, lwts: 0, vexp: 1965298000, vip: true, ceid: 0, fexp: 0}, pf: {pf: {phtghr: {tp: "phtghr", pgs: 0, l: 20}, jntr: {tp: "jntr", pgs: 0, l: 20}, grdnr: {tp: "grdnr", pgs: 0, l: 20}, vsgst: {tp: "vsgst", pgs: 0, l: 20}}}, uid: "294"}}]
Thu Jan 9 19:32:36 GMT+0500 2020 [INFO] Server said: 34: ["o.r.u", {x: 12.27, at: "", y: 6.77, d: 6, st: 23, uid: "260"}]
Thu Jan 9 19:32:32 GMT+0500 2020 [INFO] Client said: 34: ["salon_sn1_1", "o.r.info", {rid: "sn1"}]
Thu Jan 9 19:32:32 GMT+0500 2020 [INFO] Server said: 34: ["o.gr", {rid: "salon_sn1_1"}]
Thu Jan 9 19:32:32 GMT+0500 2020 [INFO] Server said: 34: ["o.r.m", {sx: 14, uid: "260", dy: 6.77, dx: 12.27, sy: 6}]
Thu Jan 9 19:32:32 GMT+0500 2020 [INFO] Server said: 16: ["salon_sn1_1", "93"]
Thu Jan 9 19:32:31 GMT+0500 2020 [INFO] Server said: 34: ["o.r.jn", {plr: {clths: {clths: [{tpid: "girlBgNY20Slv", clid: null}, {tpid: "gFRY14Brcl1", clid: null}, {tpid: "grlTShrtHlw17Csl1", clid: null}, {tpid: "csl15GCGJck", clid: null}, {tpid: "girlSktIris", clid: null}, {tpid: "grlYllwRnShs", clid: null}, {tpid: "grlEarrHlw17Csl", clid: null}, {tpid: "girlHlwn18", clid: null}, {tpid: "girlGlssHp", clid: null}, {tpid: "girlHlwn31", clid: null}, {tpid: "grlSV14Nck", clid: null}]}, mbm: {sk: "blackMobileSkin", ac: null}, apprnc: {brt: 28, brc: 1, fft: 0, g: 2, pt: 0, ht: 106, sc: 1, bc: 1, rg: 0, ssc: 1, ec: 1, ss: 0, hc: 5, bt: 0, fac: 1, mt: 7, rc: 1, n: "мамкин панк", sh: 0, et: 5, nct: 0, fat: 0, mc: 3, shc: 1, pc: 1}, locinfo: {l: "salon_sn1_1", x: -1, shlc: true, pl: "", at: "", y: -1, s: "127.0.0.1", d: 4, st: 0}, usrinf: {rl: 0}, ci: {trid: "familyDay2016", shcr: true, sbid: null, bcld: 0, spp: 0, vsexp: 1965298000, lgt: 0, as: null, kyktid: null, vret: 0, vsact: true, gdc: 0, vfgc: 0, dr: true, tts: null, skid: null, sbrt: 0, pamns: {amn: []}, actrp: 0, shousd: false, rpt: 0, ys: 0, ysct: 0, cmid: 0, hrt: 374, crst: 0, actrd: 0, trcd: 0, eml: null, fak: null, compid: 0, rtrtm: 0, plcmt: {}, strfrd: 0, gtrfrd: 0, skrt: 0, crt: 916, lvt: 1578580057, exp: 85800, actrt: 0, lrnt: 0, lwts: 0, vexp: 1965298000, vip: true, ceid: 0, fexp: 0}, pf: {pf: {phtghr: {tp: "phtghr", pgs: 0, l: 20}, jntr: {tp: "jntr", pgs: 0, l: 20}, grdnr: {tp: "grdnr", pgs: 0, l: 20}, vsgst: {tp: "vsgst", pgs: 0, l: 20}}}, uid: "93"}}]
Thu Jan 9 19:32:28 GMT+0500 2020 [INFO] Server said: 34: ["o.r.u", {x: 14.42, y: 5.6, d: 1, st: 0, uid: "260"}]
Thu Jan 9 19:32:21 GMT+0500 2020 [INFO] Server said: 34: ["o.r.u", {x: 14.42, at: "salonActiveChairItem22", y: 5.6, d: 0, st: 1, uid: "260"}]
Thu Jan 9 19:32:19 GMT+0500 2020 [INFO] Server said: 34: ["o.r.u", {x: 14.42, at: "", y: 5.6, d: 0, st: 23, uid: "260"}]
Thu Jan 9 19:32:18 GMT+0500 2020 [INFO] Server said: 34: ["o.r.ra", {plr: {clths: {clths: [{tpid: "girlHatWnt19Pnk", clid: null}, {tpid: "girlErrWnt19Pnk", clid: null}, {tpid: "girlPntsWnt19Pnk", clid: null}, {tpid: "girlBtsWnt19Pnk", clid: null}, {tpid: "girlTShrtWnt19Pnk", clid: null}, {tpid: "girlJcktWnt19Pnk", clid: null}]}, mbm: {sk: "blackMobileSkin", ac: null}, apprnc: {brt: 18, brc: 1, fft: 8, g: 2, pt: 0, ht: 96, sc: 2, bc: 1, rg: 0, ssc: 1, ec: 20, ss: 0, hc: 7, bt: 0, fac: 1, mt: 31, rc: 1, n: "Секси Бейба", sh: 0, et: 34, nct: 0, fat: 0, mc: 29, shc: 1, pc: 1}, locinfo: {l: "salon_sn1_1", x: 10.61, shlc: true, pl: "", at: "", y: 8.86, s: "127.0.0.1", d: 4, st: 23}, usrinf: {rl: 0}, ci: {trid: null, shcr: true, sbid: null, bcld: 0, spp: 0, vsexp: 1965298000, lgt: 0, as: null, kyktid: null, vret: 0, vsact: true, gdc: 0, vfgc: 0, dr: true, tts: null, skid: null, sbrt: 0, pamns: {amn: []}, actrp: 0, shousd: false, rpt: 0, ys: 0, ysct: 0, cmid: 0, hrt: 183, crst: 0, actrd: 0, trcd: 0, eml: null, fak: null, compid: 0, rtrtm: 0, plcmt: {}, strfrd: 0, gtrfrd: 0, skrt: 0, crt: 1388, lvt: 1578579578, exp: 85800, actrt: 0, lrnt: 0, lwts: 0, vexp: 1965298000, vip: true, ceid: 0, fexp: 0}, pf: {pf: {phtghr: {tp: "phtghr", pgs: 0, l: 20}, jntr: {tp: "jntr", pgs: 0, l: 20}, grdnr: {tp: "grdnr", pgs: 0, l: 20}, vsgst: {tp: "vsgst", pgs: 0, l: 20}}}, uid: "130"}}]
Thu Jan 9 19:32:16 GMT+0500 2020 [INFO] Server said: 34: ["o.r.m", {sx: 14, uid: "260", dy: 5.6, dx: 14.42, sy: 6}]
Thu Jan 9 19:32:16 GMT+0500 2020 [INFO] Server said: 34: ["o.r.ra", {plr: {clths: {clths: [{tpid: "girlPntsClnPstpc", clid: "16"}, {tpid: "girlTShrtSchool", clid: "16"}, {tpid: "girlBatClnPstpc", clid: "17"}, {tpid: "girlBtsClnSciFi", clid: "17"}]}, mbm: {sk: "blackMobileSkin", ac: null}, apprnc: {brt: 32, brc: 16, fft: 7, g: 2, pt: 0, ht: 130, sc: 1, bc: 1, rg: 1, ssc: 1, ec: 16, ss: 0, hc: 17, bt: 0, fac: 1, mt: 30, rc: 3, n: "ПИСЯВУМЕН", sh: 25, et: 10, nct: 0, fat: 0, mc: 16, shc: 12, pc: 1}, locinfo: {l: "salon_sn1_1", x: 9.38, shlc: true, pl: "", at: "danceGirl4", y: 12.38, s: "127.0.0.1", d: 4, st: 3}, usrinf: {rl: 0}, ci: {trid: "freelanceVideo", shcr: true, sbid: null, bcld: 0, spp: 0, vsexp: 1965298000, lgt: 0, as: null, kyktid: null, vret: 0, vsact: true, gdc: 0, vfgc: 0, dr: true, tts: null, skid: null, sbrt: 0, pamns: {amn: []}, actrp: 0, shousd: false, rpt: 0, ys: 0, ysct: 0, cmid: 0, hrt: 966, crst: 0, actrd: 0, trcd: 0, eml: null, fak: null, compid: 0, rtrtm: 0, plcmt: {}, strfrd: 0, gtrfrd: 0, skrt: 0, crt: 2494, lvt: 1578579281, exp: 85800, actrt: 0, lrnt: 0, lwts: 0, vexp: 1965298000, vip: true, ceid: 0, fexp: 0}, pf: {pf: {phtghr: {tp: "phtghr", pgs: 0, l: 20}, jntr: {tp: "jntr", pgs: 0, l: 20}, grdnr: {tp: "grdnr", pgs: 0, l: 20}, vsgst: {tp: "vsgst", pgs: 0, l: 20}}}, uid: "221"}}]
Thu Jan 9 19:32:15 GMT+0500 2020 [INFO] Server said: 34: ["o.r.ra", {plr: {clths: {clths: [{tpid: "boyShirt14", clid: null}, {tpid: "boyShoes8", clid: null}, {tpid: "boyPants10", clid: null}]}, mbm: {sk: "blackMobileSkin", ac: null}, apprnc: {brt: 13, brc: 1, fft: 2, g: 1, pt: 0, ht: 55, sc: 2, bc: 1, rg: 0, ssc: 1, ec: 25, ss: 0, hc: 7, bt: 0, fac: 1, mt: 16, rc: 1, n: "◊ПаFFoS◊", sh: 0, et: 13, nct: 0, fat: 0, mc: 1, shc: 1, pc: 1}, locinfo: {l: "salon_sn1_1", x: 17, shlc: true, pl: "", at: "", y: 16.88, s: "127.0.0.1", d: 4, st: 23}, usrinf: {rl: 0}, ci: {trid: "freelanceJournal", shcr: true, sbid: null, bcld: 0, spp: 0, vsexp: 1965298000, lgt: 0, as: null, kyktid: null, vret: 0, vsact: true, gdc: 0, vfgc: 0, dr: true, tts: null, skid: null, sbrt: 0, pamns: {amn: []}, actrp: 0, shousd: false, rpt: 0, ys: 0, ysct: 0, cmid: 0, hrt: 174, crst: 0, actrd: 0, trcd: 0, eml: null, fak: null, compid: 0, rtrtm: 0, plcmt: {}, strfrd: 0, gtrfrd: 0, skrt: 0, crt: 18, lvt: 1578579766, exp: 85800, actrt: 0, lrnt: 0, lwts: 0, vexp: 1965298000, vip: true, ceid: 0, fexp: 0}, pf: {pf: {phtghr: {tp: "phtghr", pgs: 0, l: 20}, jntr: {tp: "jntr", pgs: 0, l: 20}, grdnr: {tp: "grdnr", pgs: 0, l: 20}, vsgst: {tp: "vsgst", pgs: 0, l: 20}}}, uid: "198"}}]
Thu Jan 9 19:27:39 GMT+0500 2020 [INFO] Client said: 34: [null, "o.gr", {gid: "sn1", lid: "salon"}]
Thu Jan 9 19:27:39 GMT+0500 2020 [INFO] Server said: 1: ["93", true, false, false]
Thu Jan 9 19:26:39 GMT+0500 2020 [INFO] Client said: 1: ["street", "93", "UoSwVJbtjHLLMNyfZdmD", {clvrn: "84.0.4", v: 2}]
Thu Jan 9 19:26:37 GMT+0500 2020 [INFO] Client said: 2: []
Thu Jan 9 19:26:37 GMT+0500 2020 [INFO] Loaded  LoadingItem(url: http://62.113.113.58:8080/files/swf/Salon_1fe14ef0cdf189794ef74d591993d3f5.swf, status: 2) 
Thu Jan 9 19:26:35 GMT+0500 2020 [INFO] Client said: 17: ["house_93_livingroom"]
Thu Jan 9 19:26:07 GMT+0500 2020 [INFO] Client said: 34: [null, "psp.pspdr", {dr: false}]