ClientError: Thu Jan 9 17:52:21 GMT+0300 2020 [CRITICAL] [house] *Uncaught Error* ErrorId: 1010 ErrorName: TypeError ErrorMessage:Error #1010 ErrorStackTrace:TypeError: Error #1010
	at _-1u9::URL/parse()
	at _-1u9::URL()
	at _-18R::LoadingItem()
	at _-18R::SWFLoadingItem()
	at _-0bS::MassLoader/add()
	at _-0bS::MassLoader/_-2R5()
	at flash.events::EventDispatcher/dispatchEvent()
	at _-18R::LoadingItem/_-1Iu()
	at _-18R::LoadingItem/onError()
	at _-18R::SWFLoadingItem/onError()
	at flash.events::EventDispatcher/dispatchEvent()
	at flash.net::URLLoader/onComplete()
Thu Jan 9 17:52:03 GMT+0300 2020 [INFO] Server said: 34: ["h.r.ra", {plr: {apprnc: {et: 3, brt: 3, fat: 0, rc: 1, g: 1, fft: 0, sh: 0, ht: 82, rg: 0, pt: 0, nct: 0, mc: 1, pc: 1, bt: 0, hc: 7, ss: 0, ec: 1, mt: 21, ssc: 1, bc: 1, brc: 2, shc: 1, fac: 1, n: "Канеки", sc: 1}, ci: {gdc: 0, actrp: 0, shcr: true, ys: 0, lwts: 0, plcmt: {}, cmid: 0, gtrfrd: 0, skid: null, lgt: 0, dr: true, actrd: 0, bcld: 0, strfrd: 0, crst: 0, skrt: 0, shousd: false, spp: 0, rtrtm: 0, fexp: 0, vexp: 1965298000, tts: null, vsexp: 1965298000, trcd: 0, kyktid: null, trid: null, as: null, eml: null, rpt: 0, hrt: 174, vsact: true, sbid: null, actrt: 0, vret: 0, sbrt: 0, crt: 344, lrnt: 0, exp: 85800, compid: 0, lvt: 1578581055, vfgc: 0, fak: null, vip: true, ysct: 0, ceid: 0, pamns: {amn: []}}, clths: {clths: [{clid: null, tpid: "boyTShrt3Hlw17Csl"}, {clid: null, tpid: "boyShoes8"}, {clid: null, tpid: "boyPants10"}]}, mbm: {ac: null, sk: "blackMobileSkin"}, locinfo: {l: "house_459_livingroom", x: 3.47, pl: "", y: 7.41, s: "127.0.0.1", st: 23, at: "", d: 4, shlc: true}, pf: {pf: {phtghr: {pgs: 0, l: 20, tp: "phtghr"}, jntr: {pgs: 0, l: 20, tp: "jntr"}, grdnr: {pgs: 0, l: 20, tp: "grdnr"}, vsgst: {pgs: 0, l: 20, tp: "vsgst"}}}, usrinf: {rl: 0}, uid: "459"}}]
Thu Jan 9 17:51:55 GMT+0300 2020 [INFO] Client said: 34: ["house_459_livingroom", "h.r.ra", {}]
Thu Jan 9 17:51:55 GMT+0300 2020 [INFO] Server said: 34: ["a.clths.buy", {inv: {c: {cls: {id: "cls", it: [{c: 1, iid: "", tid: "boyUnderdress1"}, {c: 1, iid: "", tid: "boyShirt14"}, {c: 1, iid: "", tid: "boyTShrtHp"}, {c: 1, iid: "", tid: "boyTShrtSV19"}, {c: 1, iid: "", tid: "boyPllvrBlcWht"}]}, act: {id: "act", it: []}, frn: {id: "frn", it: []}, lt: {id: "lt", it: []}, gm: {id: "gm", it: [{c: 1, iid: "", tid: "blackMobileSkin"}]}}}, crt: 344, ccltn: {cct: ["boyTShrt3Hlw17Csl", "boyShoes8", "boyPants10"], cn: "", ctp: "casual"}, res: {slvr: 25000, emd: 0, gld: 11320, enrg: 500}, clths: {clths: [{clid: null, tpid: "boyTShrt3Hlw17Csl"}, {clid: null, tpid: "boyShoes8"}, {clid: null, tpid: "boyPants10"}]}}]
Thu Jan 9 17:51:51 GMT+0300 2020 [INFO] Client said: 34: [null, "a.clths.buy", {ctp: "casual", pind: 1, tpid: "boyTShrt3Hlw17Csl"}]
Thu Jan 9 17:51:40 GMT+0300 2020 [INFO] Server said: 34: ["h.r.ra", {plr: {apprnc: {et: 3, brt: 3, fat: 0, rc: 1, g: 1, fft: 0, sh: 0, ht: 82, rg: 0, pt: 0, nct: 0, mc: 1, pc: 1, bt: 0, hc: 7, ss: 0, ec: 1, mt: 21, ssc: 1, bc: 1, brc: 2, shc: 1, fac: 1, n: "Канеки", sc: 1}, ci: {gdc: 0, actrp: 0, shcr: true, ys: 0, lwts: 0, plcmt: {}, cmid: 0, gtrfrd: 0, skid: null, lgt: 0, dr: true, actrd: 0, bcld: 0, strfrd: 0, crst: 0, skrt: 0, shousd: false, spp: 0, rtrtm: 0, fexp: 0, vexp: 1965298000, tts: null, vsexp: 1965298000, trcd: 0, kyktid: null, trid: null, as: null, eml: null, rpt: 0, hrt: 174, vsact: true, sbid: null, actrt: 0, vret: 0, sbrt: 0, crt: 261, lrnt: 0, exp: 85800, compid: 0, lvt: 1578581055, vfgc: 0, fak: null, vip: true, ysct: 0, ceid: 0, pamns: {amn: []}}, clths: {clths: [{clid: null, tpid: "boyShoes8"}, {clid: null, tpid: "boyPants10"}, {clid: null, tpid: "boyPllvrBlcWht"}]}, mbm: {ac: null, sk: "blackMobileSkin"}, locinfo: {l: "house_459_livingroom", x: 3.47, pl: "", y: 7.41, s: "127.0.0.1", st: 23, at: "", d: 4, shlc: true}, pf: {pf: {phtghr: {pgs: 0, l: 20, tp: "phtghr"}, jntr: {pgs: 0, l: 20, tp: "jntr"}, grdnr: {pgs: 0, l: 20, tp: "grdnr"}, vsgst: {pgs: 0, l: 20, tp: "vsgst"}}}, usrinf: {rl: 0}, uid: "459"}}]
Thu Jan 9 17:51:39 GMT+0300 2020 [INFO] Client said: 34: [null, "a.clths.buy", {ctp: "casual", pind: 1, tpid: "boyTShrt3Hlw17Csl"}]
Thu Jan 9 17:51:33 GMT+0300 2020 [INFO] Client said: 34: ["house_459_livingroom", "h.r.ra", {}]
Thu Jan 9 17:51:33 GMT+0300 2020 [INFO] Server said: 34: ["a.clths.buy", {inv: {c: {cls: {id: "cls", it: [{c: 1, iid: "", tid: "boyUnderdress1"}, {c: 1, iid: "", tid: "boyShirt14"}, {c: 1, iid: "", tid: "boyTShrtHp"}, {c: 1, iid: "", tid: "boyTShrtSV19"}]}, act: {id: "act", it: []}, frn: {id: "frn", it: []}, lt: {id: "lt", it: []}, gm: {id: "gm", it: [{c: 1, iid: "", tid: "blackMobileSkin"}]}}}, crt: 261, ccltn: {cct: ["boyShoes8", "boyPants10", "boyPllvrBlcWht"], cn: "", ctp: "casual"}, res: {slvr: 25000, emd: 0, gld: 11353, enrg: 500}, clths: {clths: [{clid: null, tpid: "boyShoes8"}, {clid: null, tpid: "boyPants10"}, {clid: null, tpid: "boyPllvrBlcWht"}]}}]
Thu Jan 9 17:51:24 GMT+0300 2020 [INFO] Client said: 34: [null, "a.clths.buy", {ctp: "casual", pind: 1, tpid: "boyPllvrBlcWht"}]
Thu Jan 9 17:51:13 GMT+0300 2020 [INFO] Server said: 34: ["h.r.ra", {plr: {apprnc: {et: 3, brt: 3, fat: 0, rc: 1, g: 1, fft: 0, sh: 0, ht: 82, rg: 0, pt: 0, nct: 0, mc: 1, pc: 1, bt: 0, hc: 7, ss: 0, ec: 1, mt: 21, ssc: 1, bc: 1, brc: 2, shc: 1, fac: 1, n: "Канеки", sc: 1}, ci: {gdc: 0, actrp: 0, shcr: true, ys: 0, lwts: 0, plcmt: {}, cmid: 0, gtrfrd: 0, skid: null, lgt: 0, dr: true, actrd: 0, bcld: 0, strfrd: 0, crst: 0, skrt: 0, shousd: false, spp: 0, rtrtm: 0, fexp: 0, vexp: 1965298000, tts: null, vsexp: 1965298000, trcd: 0, kyktid: null, trid: null, as: null, eml: null, rpt: 0, hrt: 174, vsact: true, sbid: null, actrt: 0, vret: 0, sbrt: 0, crt: 213, lrnt: 0, exp: 85800, compid: 0, lvt: 1578581055, vfgc: 0, fak: null, vip: true, ysct: 0, ceid: 0, pamns: {amn: []}}, clths: {clths: [{clid: null, tpid: "boyTShrtSV19"}, {clid: null, tpid: "boyShoes8"}, {clid: null, tpid: "boyPants10"}]}, mbm: {ac: null, sk: "blackMobileSkin"}, locinfo: {l: "house_459_livingroom", x: 3.47, pl: "", y: 7.41, s: "127.0.0.1", st: 23, at: "", d: 4, shlc: true}, pf: {pf: {phtghr: {pgs: 0, l: 20, tp: "phtghr"}, jntr: {pgs: 0, l: 20, tp: "jntr"}, grdnr: {pgs: 0, l: 20, tp: "grdnr"}, vsgst: {pgs: 0, l: 20, tp: "vsgst"}}}, usrinf: {rl: 0}, uid: "459"}}]
Thu Jan 9 17:51:11 GMT+0300 2020 [INFO] Client said: 34: ["house_459_livingroom", "h.r.ra", {}]
Thu Jan 9 17:51:11 GMT+0300 2020 [INFO] Server said: 34: ["a.clths.buy", {inv: {c: {cls: {id: "cls", it: [{c: 1, iid: "", tid: "boyUnderdress1"}, {c: 1, iid: "", tid: "boyShirt14"}, {c: 1, iid: "", tid: "boyTShrtHp"}]}, act: {id: "act", it: []}, frn: {id: "frn", it: []}, lt: {id: "lt", it: []}, gm: {id: "gm", it: [{c: 1, iid: "", tid: "blackMobileSkin"}]}}}, crt: 213, ccltn: {cct: ["boyTShrtSV19", "boyShoes8", "boyPants10"], cn: "", ctp: "casual"}, res: {slvr: 25000, emd: 0, gld: 11372, enrg: 500}, clths: {clths: [{clid: null, tpid: "boyTShrtSV19"}, {clid: null, tpid: "boyShoes8"}, {clid: null, tpid: "boyPants10"}]}}]
Thu Jan 9 17:51:04 GMT+0300 2020 [INFO] Client said: 34: [null, "a.clths.buy", {ctp: "casual", pind: 1, tpid: "boyTShrtSV19"}]
Thu Jan 9 17:50:58 GMT+0300 2020 [INFO] Server said: 34: ["h.r.ra", {plr: {apprnc: {et: 3, brt: 3, fat: 0, rc: 1, g: 1, fft: 0, sh: 0, ht: 82, rg: 0, pt: 0, nct: 0, mc: 1, pc: 1, bt: 0, hc: 7, ss: 0, ec: 1, mt: 21, ssc: 1, bc: 1, brc: 2, shc: 1, fac: 1, n: "Канеки", sc: 1}, ci: {gdc: 0, actrp: 0, shcr: true, ys: 0, lwts: 0, plcmt: {}, cmid: 0, gtrfrd: 0, skid: null, lgt: 0, dr: true, actrd: 0, bcld: 0, strfrd: 0, crst: 0, skrt: 0, shousd: false, spp: 0, rtrtm: 0, fexp: 0, vexp: 1965298000, tts: null, vsexp: 1965298000, trcd: 0, kyktid: null, trid: null, as: null, eml: null, rpt: 0, hrt: 174, vsact: true, sbid: null, actrt: 0, vret: 0, sbrt: 0, crt: 88, lrnt: 0, exp: 85800, compid: 0, lvt: 1578581055, vfgc: 0, fak: null, vip: true, ysct: 0, ceid: 0, pamns: {amn: []}}, clths: {clths: [{clid: null, tpid: "boyShoes8"}, {clid: null, tpid: "boyTShrtHp"}, {clid: null, tpid: "boyPants10"}]}, mbm: {ac: null, sk: "blackMobileSkin"}, locinfo: {l: "house_459_livingroom", x: 3.47, pl: "", y: 7.41, s: "127.0.0.1", st: 23, at: "", d: 4, shlc: true}, pf: {pf: {phtghr: {pgs: 0, l: 20, tp: "phtghr"}, jntr: {pgs: 0, l: 20, tp: "jntr"}, grdnr: {pgs: 0, l: 20, tp: "grdnr"}, vsgst: {pgs: 0, l: 20, tp: "vsgst"}}}, usrinf: {rl: 0}, uid: "459"}}]
Thu Jan 9 17:50:55 GMT+0300 2020 [INFO] Client said: 34: ["house_459_livingroom", "h.r.ra", {}]
Thu Jan 9 17:50:55 GMT+0300 2020 [INFO] Server said: 34: ["a.clths.buy", {inv: {c: {cls: {id: "cls", it: [{c: 1, iid: "", tid: "boyUnderdress1"}, {c: 1, iid: "", tid: "boyShirt14"}]}, act: {id: "act", it: []}, frn: {id: "frn", it: []}, lt: {id: "lt", it: []}, gm: {id: "gm", it: [{c: 1, iid: "", tid: "blackMobileSkin"}]}}}, crt: 88, ccltn: {cct: ["boyShoes8", "boyTShrtHp", "boyPants10"], cn: "", ctp: "casual"}, res: {slvr: 25000, emd: 0, gld: 11422, enrg: 500}, clths: {clths: [{clid: null, tpid: "boyShoes8"}, {clid: null, tpid: "boyTShrtHp"}, {clid: null, tpid: "boyPants10"}]}}]
Thu Jan 9 17:50:45 GMT+0300 2020 [INFO] Client said: 34: [null, "a.clths.buy", {ctp: "casual", pind: 1, tpid: "boyTShrtHp"}]
Thu Jan 9 17:50:27 GMT+0300 2020 [INFO] Client said: 34: ["house_459_livingroom", "h.r.u", {x: 3.47, y: 7.41, st: 23, at: "", d: 4, uid: "459"}]
Thu Jan 9 17:50:24 GMT+0300 2020 [INFO] Client said: 34: ["house_459_livingroom", "h.r.m", {uid: "459", dx: 3.47, dy: 7.41, sy: 1.18, sx: 4.05}]
Thu Jan 9 17:50:23 GMT+0300 2020 [INFO] Client said: 34: ["house_459_livingroom", "h.r.m", {uid: "459", dx: 3.47, dy: 7.41, sy: 0.95, sx: 4.05}]
Thu Jan 9 17:50:23 GMT+0300 2020 [INFO] Client said: 34: ["house_459_livingroom", "h.r.m", {uid: "459", dx: 4.92, dy: 6.3, sy: 0.1, sx: 4.05}]
Thu Jan 9 17:49:57 GMT+0300 2020 [INFO] Server said: 34: ["lg.lst", {glst: []}]
Thu Jan 9 17:49:56 GMT+0300 2020 [INFO] Client said: 34: ["house_459_livingroom", "h.r.u", {x: 4.05, st: 0, d: 4, y: 0.1, uid: "459"}]
Thu Jan 9 17:49:56 GMT+0300 2020 [INFO] Client said: 34: ["house_459_livingroom", "lg.lst", {}]
Thu Jan 9 17:49:55 GMT+0300 2020 [INFO] Server said: 34: ["h.r.info", {evn: null, rm: {nm: "#livingRoom", lev: 1, l: 13, f: [{lid: 3, x: 0, z: 0, y: 0, tpid: "floor4", d: 5}, {lid: 4, x: 3, z: 0, y: 0, rid: "outside", tpid: "door4", d: 3}, {lid: 2, x: 13, z: 0, y: 0, tpid: "wall15", d: 5}, {lid: 1, x: 0, z: 0, y: 0, tpid: "wall15", d: 3}], id: "livingroom", w: 13}, rmmb: [{apprnc: {et: 3, brt: 3, fat: 0, rc: 1, g: 1, fft: 0, sh: 0, ht: 82, rg: 0, pt: 0, nct: 0, mc: 1, pc: 1, bt: 0, hc: 7, ss: 0, ec: 1, mt: 21, ssc: 1, bc: 1, brc: 2, shc: 1, fac: 1, n: "Канеки", sc: 1}, ci: {gdc: 0, actrp: 0, shcr: true, ys: 0, lwts: 0, plcmt: {}, cmid: 0, gtrfrd: 0, skid: null, lgt: 0, dr: true, actrd: 0, bcld: 0, strfrd: 0, crst: 0, skrt: 0, shousd: false, spp: 0, rtrtm: 0, fexp: 0, vexp: 1965298000, tts: null, vsexp: 1965298000, trcd: 0, kyktid: null, trid: null, as: null, eml: null, rpt: 0, hrt: 174, vsact: true, sbid: null, actrt: 0, vret: 0, sbrt: 0, crt: 18, lrnt: 0, exp: 85800, compid: 0, lvt: 1578581055, vfgc: 0, fak: null, vip: true, ysct: 0, ceid: 0, pamns: {amn: []}}, clths: {clths: [{clid: null, tpid: "boyShirt14"}, {clid: null, tpid: "boyShoes8"}, {clid: null, tpid: "boyPants10"}]}, mbm: {ac: null, sk: "blackMobileSkin"}, locinfo: {l: "house_459_livingroom", x: -1, pl: "", y: -1, s: "127.0.0.1", st: 0, at: "", d: 4, shlc: true}, pf: {pf: {phtghr: {pgs: 0, l: 20, tp: "phtghr"}, jntr: {pgs: 0, l: 20, tp: "jntr"}, grdnr: {pgs: 0, l: 20, tp: "grdnr"}, vsgst: {pgs: 0, l: 20, tp: "vsgst"}}}, usrinf: {rl: 0}, uid: "459"}]}]
Thu Jan 9 17:49:51 GMT+0300 2020 [INFO] Client said: 34: ["house_459_livingroom", "h.r.info", {rid: "livingroom", uid: "459"}]
Thu Jan 9 17:49:51 GMT+0300 2020 [INFO] Server said: 34: ["h.gr", {rid: "house_459_livingroom"}]
Thu Jan 9 17:49:51 GMT+0300 2020 [INFO] Server said: 16: ["house_459_livingroom", "459"]
Thu Jan 9 17:49:51 GMT+0300 2020 [INFO] Server said: 34: ["h.r.jn", {plr: {apprnc: {et: 3, brt: 3, fat: 0, rc: 1, g: 1, fft: 0, sh: 0, ht: 82, rg: 0, pt: 0, nct: 0, mc: 1, pc: 1, bt: 0, hc: 7, ss: 0, ec: 1, mt: 21, ssc: 1, bc: 1, brc: 2, shc: 1, fac: 1, n: "Канеки", sc: 1}, ci: {gdc: 0, actrp: 0, shcr: true, ys: 0, lwts: 0, plcmt: {}, cmid: 0, gtrfrd: 0, skid: null, lgt: 0, dr: true, actrd: 0, bcld: 0, strfrd: 0, crst: 0, skrt: 0, shousd: false, spp: 0, rtrtm: 0, fexp: 0, vexp: 1965298000, tts: null, vsexp: 1965298000, trcd: 0, kyktid: null, trid: null, as: null, eml: null, rpt: 0, hrt: 174, vsact: true, sbid: null, actrt: 0, vret: 0, sbrt: 0, crt: 18, lrnt: 0, exp: 85800, compid: 0, lvt: 1578581055, vfgc: 0, fak: null, vip: true, ysct: 0, ceid: 0, pamns: {amn: []}}, clths: {clths: [{clid: null, tpid: "boyShirt14"}, {clid: null, tpid: "boyShoes8"}, {clid: null, tpid: "boyPants10"}]}, mbm: {ac: null, sk: "blackMobileSkin"}, locinfo: {l: "house_459_livingroom", x: -1, pl: "", y: -1, s: "127.0.0.1", st: 0, at: "", d: 4, shlc: true}, pf: {pf: {phtghr: {pgs: 0, l: 20, tp: "phtghr"}, jntr: {pgs: 0, l: 20, tp: "jntr"}, grdnr: {pgs: 0, l: 20, tp: "grdnr"}, vsgst: {pgs: 0, l: 20, tp: "vsgst"}}}, usrinf: {rl: 0}, uid: "459"}}]
Thu Jan 9 17:48:03 GMT+0300 2020 [INFO] Client said: 34: [null, "h.gr", {lid: "house", rid: "livingroom", gid: "459"}]
Thu Jan 9 17:48:03 GMT+0300 2020 [INFO] Loaded  LoadingItem(url: http://62.113.113.58:8080/files/swf/furniture/house/FloorCarpetGrass.swf, status: 2) 
Thu Jan 9 17:48:03 GMT+0300 2020 [INFO] Loaded  LoadingItem(url: http://62.113.113.58:8080/files/swf/furniture/house/DoorWood.swf, status: 2) 
Thu Jan 9 17:48:03 GMT+0300 2020 [INFO] Loaded  LoadingItem(url: http://62.113.113.58:8080/files/swf/furniture/house/WallPoppy.swf, status: 2) 
Thu Jan 9 17:48:03 GMT+0300 2020 [INFO] Server said: 34: ["srqst.gtrq", {rqlst: {rsprlst: {}, rlst: {}, shwdt: 0, lapt: {}}}]
Thu Jan 9 17:48:03 GMT+0300 2020 [INFO] Client said: 34: [null, "nws.getglbl", {}]
Thu Jan 9 17:48:02 GMT+0300 2020 [INFO] Server said: 34: ["nws.hasnews", {gnexst: true, gnunr: true}]
Thu Jan 9 17:48:02 GMT+0300 2020 [INFO] Server said: 34: ["cp.cht.gbl", {blcklst: {uids: []}}]
Thu Jan 9 17:48:02 GMT+0300 2020 [INFO] Client said: 34: [null, "crq.lrui", {uid: 459}]