ClientError: Thu Jan 9 20:06:53 GMT-1200 2020 [CRITICAL] [house] *Uncaught Error* ErrorId: 1009 ErrorName: TypeError ErrorMessage:Error #1009 ErrorStackTrace:TypeError: Error #1009
	at _-3t9::UserRatingBaseTopPanel/_-wZ()
	at _-3t9::UserRatingBaseTopPanel/update()
	at _-3t9::UserRatingBaseTopPanel/set dataProvider()
	at _-4Jz::_-2U7/_-20p()
	at MethodInfo-8()
	at _-1El::PlayersManager/_-3Q-()
	at flash.events::EventDispatcher/dispatchEvent()
	at _-37q::_-G5/_-1Ef()
	at flash.events::EventDispatcher/dispatchEvent()
	at ags::_-2t/_-2dI()
	at flash.events::EventDispatcher/dispatchEvent()
	at _-0en::_-0O8/_-1LF()
	at _-0en::_-0O8/execute()
	at ags::AGSClient/_-0i9()
	at ags::AGSClient/_-2ZF()
	at ags::AGSClient/_-2Ea()
Thu Jan 9 20:06:53 GMT-1200 2020 [INFO] Server said: 34: ["pl.get", {plrs: [{uid: "14", ci: {lvt: 1578578349, pamns: {amn: []}, trcd: 0, eml: null, dr: true, vret: 0, crt: 17506, as: null, ceid: 0, ysct: 0, vip: true, actrd: 0, gtrfrd: 0, fexp: 0, skrt: 0, shcr: true, sbrt: 0, plcmt: {}, compid: 0, rpt: 0, fak: null, cmid: 0, spp: 0, lwts: 0, lrnt: 0, trid: null, bcld: 0, actrp: 0, vfgc: 0, actrt: 0, lgt: 0, strfrd: 0, sbid: null, kyktid: null, vsexp: 1965298000, ys: 0, vsact: true, hrt: 413116, vexp: 1965298000, crst: 0, skid: null, exp: 85800, rtrtm: 0, tts: null, shousd: false, gdc: 0}, usrinf: {rl: 0}, apprnc: {et: 37, ssc: 1, pt: 0, sc: 1, rc: 1, bt: 0, brc: 7, nct: 0, fft: 7, rg: 0, g: 2, mc: 15, ht: 123, fat: 0, n: "мастурбация", mt: 31, brt: 23, hc: 1, shc: 13, pc: 1, ec: 23, sh: 20, ss: 0, bc: 1, fac: 1}, mbm: {ac: null, sk: "blackMobileSkin"}, pf: {pf: {phtghr: {l: 20, tp: "phtghr", pgs: 0}, grdnr: {l: 20, tp: "grdnr", pgs: 0}, jntr: {l: 20, tp: "jntr", pgs: 0}, vsgst: {l: 20, tp: "vsgst", pgs: 0}}}, clths: {clths: [{tpid: "girlBtsSchool", clid: "6"}, {tpid: "girlErrWnt19Pnk", clid: null}, {tpid: "gFRY14Rim2", clid: null}, {tpid: "girlJcktNYElgnc", clid: "4"}, {tpid: "grlCtrVntgStk", clid: "6"}, {tpid: "grlCtrVntgDrs", clid: "6"}]}}, {uid: "70", ci: {lvt: 1578578815, pamns: {amn: []}, trcd: 0, eml: null, dr: true, vret: 0, crt: 6295, as: null, ceid: 0, ysct: 0, vip: true, actrd: 0, gtrfrd: 0, fexp: 0, skrt: 0, shcr: true, sbrt: 0, plcmt: {}, compid: 0, rpt: 0, fak: null, cmid: 0, spp: 0, lwts: 0, lrnt: 0, trid: "freelanceSupport", bcld: 0, actrp: 0, vfgc: 0, actrt: 0, lgt: 0, strfrd: 0, sbid: null, kyktid: null, vsexp: 1965298000, ys: 0, vsact: true, hrt: 251420, vexp: 1965298000, crst: 0, skid: null, exp: 85800, rtrtm: 0, tts: null, shousd: false, gdc: 0}, usrinf: {rl: 0}, apprnc: {et: 2, ssc: 1, pt: 0, sc: 4, rc: 1, bt: 0, brc: 5, nct: 0, fft: 0, rg: 0, g: 2, mc: 2, ht: 125, fat: 0, n: "я тупая", mt: 5, brt: 4, hc: 3, shc: 1, pc: 1, ec: 5, sh: 0, ss: 0, bc: 1, fac: 1}, mbm: {ac: null, sk: "blackMobileSkin"}, pf: {pf: {phtghr: {l: 20, tp: "phtghr", pgs: 0}, grdnr: {l: 20, tp: "grdnr", pgs: 0}, jntr: {l: 20, tp: "jntr", pgs: 0}, vsgst: {l: 20, tp: "vsgst", pgs: 0}}}, clths: {clths: [{tpid: "girlNcklFrog", clid: null}, {tpid: "grlAprChrMst", clid: null}, {tpid: "grlIvyHlm", clid: null}, {tpid: "girlTShrtFrog", clid: null}, {tpid: "grlAprChrShs", clid: null}, {tpid: "grlAprChrOvr", clid: null}, {tpid: "girlPntsFrog", clid: null}, {tpid: "grlAprChrHat", clid: null}, {tpid: "grlAprChrStc", clid: null}]}}, {uid: "64", ci: {lvt: 1578578779, pamns: {amn: []}, trcd: 0, eml: null, dr: true, vret: 0, crt: 1685, as: null, ceid: 0, ysct: 0, vip: true, actrd: 0, gtrfrd: 0, fexp: 0, skrt: 0, shcr: true, sbrt: 0, plcmt: {}, compid: 0, rpt: 0, fak: null, cmid: 0, spp: 0, lwts: 0, lrnt: 0, trid: "freelanceModerator", bcld: 0, actrp: 0, vfgc: 0, actrt: 0, lgt: 0, strfrd: 0, sbid: null, kyktid: null, vsexp: 1965298000, ys: 0, vsact: true, hrt: 120844, vexp: 1965298000, crst: 0, skid: null, exp: 85800, rtrtm: 0, tts: null, shousd: false, gdc: 0}, usrinf: {rl: 0}, apprnc: {et: 17, ssc: 1, pt: 0, sc: 4, rc: 1, bt: 0, brc: 3, nct: 0, fft: 7, rg: 0, g: 2, mc: 29, ht: 132, fat: 0, n: "Goner 88", mt: 14, brt: 29, hc: 5, shc: 1, pc: 1, ec: 5, sh: 0, ss: 0, bc: 1, fac: 1}, mbm: {ac: null, sk: "blackMobileSkin"}, pf: {pf: {phtghr: {l: 20, tp: "phtghr", pgs: 0}, grdnr: {l: 20, tp: "grdnr", pgs: 0}, jntr: {l: 20, tp: "jntr", pgs: 0}, vsgst: {l: 20, tp: "vsgst", pgs: 0}}}, clths: {clths: [{tpid: "grlGlvCtr1", clid: "2"}, {tpid: "grlDrsCtr5", clid: "2"}, {tpid: "grlBtsCtr5", clid: "2"}]}}, {uid: "97", ci: {lvt: 1578578250, pamns: {amn: []}, trcd: 0, eml: null, dr: true, vret: 0, crt: 1304, as: null, ceid: 0, ysct: 0, vip: true, actrd: 0, gtrfrd: 0, fexp: 0, skrt: 0, shcr: true, sbrt: 0, plcmt: {}, compid: 0, rpt: 0, fak: null, cmid: 0, spp: 0, lwts: 0, lrnt: 0, trid: "freelanceModerator", bcld: 0, actrp: 0, vfgc: 0, actrt: 0, lgt: 0, strfrd: 0, sbid: null, kyktid: null, vsexp: 1965298000, ys: 0, vsact: true, hrt: 91173, vexp: 1965298000, crst: 0, skid: null, exp: 85800, rtrtm: 0, tts: null, shousd: false, gdc: 0}, usrinf: {rl: 0}, apprnc: {et: 7, ssc: 1, pt: 0, sc: 1, rc: 1, bt: 0, brc: 2, nct: 0, fft: 0, rg: 0, g: 1, mc: 2, ht: 23, fat: 0, n: "Лунтик", mt: 1, brt: 6, hc: 12, shc: 1, pc: 1, ec: 2, sh: 0, ss: 0, bc: 1, fac: 1}, mbm: {ac: null, sk: "blackMobileSkin"}, pf: {pf: {phtghr: {l: 20, tp: "phtghr", pgs: 0}, grdnr: {l: 20, tp: "grdnr", pgs: 0}, jntr: {l: 20, tp: "jntr", pgs: 0}, vsgst: {l: 20, tp: "vsgst", pgs: 0}}}, clths: {clths: [{tpid: "boyTrvlGls", clid: null}, {tpid: "bNY16FCt", clid: null}, {tpid: "boyShirt14", clid: null}, {tpid: "boyNY15Hat", clid: null}, {tpid: "boySMR14Sh3", clid: null}, {tpid: "bSP14Gun", clid: null}, {tpid: "boySMR14Pants2", clid: null}]}}, {uid: "80", ci: {lvt: 1578578625, pamns: {amn: []}, trcd: 0, eml: null, dr: true, vret: 0, crt: 9252, as: null, ceid: 0, ysct: 0, vip: true, actrd: 0, gtrfrd: 0, fexp: 0, skrt: 0, shcr: true, sbrt: 0, plcmt: {}, compid: 0, rpt: 0, fak: null, cmid: 0, spp: 0, lwts: 0, lrnt: 0, trid: "freelanceVideo", bcld: 0, actrp: 0, vfgc: 0, actrt: 0, lgt: 0, strfrd: 0, sbid: null, kyktid: null, vsexp: 1965298000, ys: 0, vsact: true, hrt: 65707, vexp: 1965298000, crst: 0, skid: null, exp: 85800, rtrtm: 0, tts: null, shousd: false, gdc: 0}, usrinf: {rl: 0}, apprnc: {et: 36, ssc: 1, pt: 0, sc: 1, rc: 1, bt: 0, brc: 1, nct: 0, fft: 0, rg: 0, g: 2, mc: 2, ht: 125, fat: 0, n: "СЕМИЦВЕТИК", mt: 7, brt: 29, hc: 7, shc: 1, pc: 1, ec: 2, sh: 0, ss: 0, bc: 1, fac: 1}, mbm: {ac: null, sk: "blackMobileSkin"}, pf: {pf: {phtghr: {l: 20, tp: "phtghr", pgs: 0}, grdnr: {l: 20, tp: "grdnr", pgs: 0}, jntr: {l: 20, tp: "jntr", pgs: 0}, vsgst: {l: 20, tp: "vsgst", pgs: 0}}}, clths: {clths: [{tpid: "girlBtsEstr19", clid: null}, {tpid: "girlDrsHlwnCll", clid: null}]}}, {uid: "18", ci: {lvt: 1578578657, pamns: {amn: []}, trcd: 0, eml: null, dr: true, vret: 0, crt: 1066, as: null, ceid: 0, ysct: 0, vip: true, actrd: 0, gtrfrd: 0, fexp: 0, skrt: 0, shcr: true, sbrt: 0, plcmt: {}, compid: 0, rpt: 0, fak: null, cmid: 0, spp: 0, lwts: 0, lrnt: 0, trid: null, bcld: 0, actrp: 0, vfgc: 0, actrt: 0, lgt: 0, strfrd: 0, sbid: null, kyktid: null, vsexp: 1965298000, ys: 0, vsact: true, hrt: 40174, vexp: 1965298000, crst: 0, skid: null, exp: 85800, rtrtm: 0, tts: null, shousd: false, gdc: 0}, usrinf: {rl: 0}, apprnc: {et: 5, ssc: 1, pt: 0, sc: 1, rc: 1, bt: 0, brc: 2, nct: 0, fft: 0, rg: 0, g: 1, mc: 2, ht: 85, fat: 0, n: "ЧИТЕР 1 ЫЕ", mt: 20, brt: 6, hc: 7, shc: 1, pc: 1, ec: 3, sh: 0, ss: 0, bc: 1, fac: 1}, mbm: {ac: null, sk: "blackMobileSkin"}, pf: {pf: {phtghr: {l: 20, tp: "phtghr", pgs: 0}, grdnr: {l: 20, tp: "grdnr", pgs: 0}, jntr: {l: 20, tp: "jntr", pgs: 0}, vsgst: {l: 20, tp: "vsgst", pgs: 0}}}, clths: {clths: [{tpid: "boyBgGlss", clid: null}, {tpid: "boyBgPlv", clid: null}, {tpid: "boyBgBag", clid: null}, {tpid: "boyErrFrog", clid: null}, {tpid: "boyBgBts", clid: null}, {tpid: "boyBgPnts", clid: null}]}}, {uid: "22", ci: {lvt: 1578577610, pamns: {amn: []}, trcd: 0, eml: null, dr: true, vret: 0, crt: 56657, as: null, ceid: 0, ysct: 0, vip: true, actrd: 0, gtrfrd: 0, fexp: 0, skrt: 0, shcr: true, sbrt: 0, plcmt: {}, compid: 0, rpt: 0, fak: null, cmid: 0, spp: 0, lwts: 0, lrnt: 0, trid: null, bcld: 0, actrp: 0, vfgc: 0, actrt: 0, lgt: 0, strfrd: 0, sbid: null, kyktid: null, vsexp: 1965298000, ys: 0, vsact: true, hrt: 25373, vexp: 1965298000, crst: 0, skid: null, exp: 85800, rtrtm: 0, tts: null, shousd: false, gdc: 0}, usrinf: {rl: 0}, apprnc: {et: 34, ssc: 1, pt: 0, sc: 2, rc: 1, bt: 0, brc: 3, nct: 0, fft: 12, rg: 0, g: 2, mc: 28, ht: 129, fat: 0, n: "какадуша", mt: 31, brt: 14, hc: 4, shc: 1, pc: 1, ec: 5, sh: 0, ss: 0, bc: 1, fac: 1}, mbm: {ac: null, sk: "blackMobileSkin"}, pf: {pf: {phtghr: {l: 20, tp: "phtghr", pgs: 0}, grdnr: {l: 20, tp: "grdnr", pgs: 0}, jntr: {l: 20, tp: "jntr", pgs: 0}, vsgst: {l: 20, tp: "vsgst", pgs: 0}}}, clths: {clths: [{tpid: "grlFRY14Drs4", clid: null}, {tpid: "gFRY14Shs2", clid: null}, {tpid: "grlDrlBkrOvr", clid: null}, {tpid: "sphrAvgrlDcr", clid: null}, {tpid: "grlFb23Pdt", clid: null}, {tpid: "grlCtTllpSprg15", clid: null}, {tpid: "grlDrlBkrTto", clid: null}, {tpid: "gSMR14Ear2", clid: null}, {tpid: "grlHlwnVmpGlv", clid: null}, {tpid: "gFRY14Pdt1", clid: null}, {tpid: "gFRY14Rim4", clid: null}, {tpid: "grlAcsFnRcc", clid: null}, {tpid: "gFRY14Wngs4", clid: null}]}}, {uid: "52", ci: {lvt: 1578577967, pamns: {amn: []}, trcd: 0, eml: null, dr: true, vret: 0, crt: 31386, as: null, ceid: 0, ysct: 0, vip: true, actrd: 0, gtrfrd: 0, fexp: 0, skrt: 0, shcr: true, sbrt: 0, plcmt: {}, compid: 0, rpt: 0, fak: null, cmid: 0, spp: 0, lwts: 0, lrnt: 0, trid: null, bcld: 0, actrp: 0, vfgc: 0, actrt: 0, lgt: 0, strfrd: 0, sbid: null, kyktid: null, vsexp: 1965298000, ys: 0, vsact: true, hrt: 24539, vexp: 1965298000, crst: 0, skid: null, exp: 85800, rtrtm: 0, tts: null, shousd: false, gdc: 0}, usrinf: {rl: 0}, apprnc: {et: 31, ssc: 1, pt: 6, sc: 3, rc: 1, bt: 0, brc: 1, nct: 0, fft: 7, rg: 0, g: 2, mc: 19, ht: 125, fat: 0, n: "Одна жизнь.", mt: 31, brt: 18, hc: 14, shc: 28, pc: 1, ec: 21, sh: 15, ss: 0, bc: 1, fac: 1}, mbm: {ac: null, sk: "blackMobileSkin"}, pf: {pf: {phtghr: {l: 20, tp: "phtghr", pgs: 0}, grdnr: {l: 20, tp: "grdnr", pgs: 0}, jntr: {l: 20, tp: "jntr", pgs: 0}, vsgst: {l: 20, tp: "vsgst", pgs: 0}}}, clths: {clths: [{tpid: "sd16gSwimsuit", clid: null}, {tpid: "grlSV14Nimb", clid: null}, {tpid: "girlSV14Wngs", clid: null}, {tpid: "grlPrtErr", clid: null}, {tpid: "girlNY20VKGiftScrfSnw", clid: null}, {tpid: "grlHlwnVmpNckl", clid: null}, {tpid: "grlAprChrShs", clid: null}, {tpid: "grlDrlBkrTto", clid: null}, {tpid: "grlHlwnVmpGlv", clid: null}, {tpid: "grlDrlHckOvr", clid: null}, {tpid: "girlFA18Msk2", clid: null}, {tpid: "grlPrtBrcl", clid: null}, {tpid: "girlRstrpJckt", clid: null}, {tpid: "girlHpnLn", clid: null}]}}, {uid: "32", ci: {lvt: 1578578607, pamns: {amn: []},...
Thu Jan 9 20:06:36 GMT-1200 2020 [INFO] Client said: 34: [null, "pl.gid", {uids: ["14", "70", "64", "97", "80", "18", "22", "52", "32", "17"], clid: "userTop"}]
Thu Jan 9 20:06:31 GMT-1200 2020 [INFO] Server said: 34: ["b.inslv", {inslv: 5000}]
Thu Jan 9 20:06:31 GMT-1200 2020 [INFO] Server said: 34: ["ntf.res", {res: {gld: 25500, enrg: 500, slvr: 20000, emd: 0}}]
Thu Jan 9 20:06:30 GMT-1200 2020 [INFO] Client said: 34: [null, "b.bs", {gld: 50}]
Thu Jan 9 20:06:26 GMT-1200 2020 [INFO] Server said: 34: ["b.ingld", {ingld: 1500}]
Thu Jan 9 20:06:26 GMT-1200 2020 [INFO] Server said: 34: ["ntf.res", {res: {gld: 25550, enrg: 500, slvr: 15000, emd: 0}}]
Thu Jan 9 20:06:24 GMT-1200 2020 [INFO] [YandexMetrics.reachGoal] Call reach goal 'click_buy_product' for counter 31321471
Thu Jan 9 20:06:24 GMT-1200 2020 [INFO] Client said: 34: [null, "b.chkprchs", {prid: "pack1500", pmnt: null, qnt: 1}]
Thu Jan 9 20:06:23 GMT-1200 2020 [INFO] [YandexMetrics.reachGoal] Call reach goal 'show_payment_dialog' for counter 31321471
Thu Jan 9 20:06:21 GMT-1200 2020 [INFO] Server said: 34: ["b.ingld", {ingld: 1500}]
Thu Jan 9 20:06:20 GMT-1200 2020 [INFO] Server said: 34: ["ntf.res", {res: {gld: 24050, enrg: 500, slvr: 15000, emd: 0}}]
Thu Jan 9 20:06:19 GMT-1200 2020 [INFO] [YandexMetrics.reachGoal] Call reach goal 'click_buy_product' for counter 31321471
Thu Jan 9 20:06:19 GMT-1200 2020 [INFO] Client said: 34: [null, "b.chkprchs", {prid: "pack1500", pmnt: null, qnt: 1}]
Thu Jan 9 20:06:18 GMT-1200 2020 [INFO] [YandexMetrics.reachGoal] Call reach goal 'show_payment_dialog' for counter 31321471
Thu Jan 9 20:06:15 GMT-1200 2020 [INFO] Server said: 34: ["b.ingld", {ingld: 1500}]
Thu Jan 9 20:06:15 GMT-1200 2020 [INFO] Server said: 34: ["ntf.res", {res: {gld: 22550, enrg: 500, slvr: 15000, emd: 0}}]
Thu Jan 9 20:06:14 GMT-1200 2020 [INFO] [YandexMetrics.reachGoal] Call reach goal 'click_buy_product' for counter 31321471
Thu Jan 9 20:06:14 GMT-1200 2020 [INFO] Client said: 34: [null, "b.chkprchs", {prid: "pack1500", pmnt: null, qnt: 1}]
Thu Jan 9 20:06:13 GMT-1200 2020 [INFO] [YandexMetrics.reachGoal] Call reach goal 'show_payment_dialog' for counter 31321471
Thu Jan 9 20:06:09 GMT-1200 2020 [INFO] Server said: 34: ["b.ingld", {ingld: 1500}]
Thu Jan 9 20:06:08 GMT-1200 2020 [INFO] Server said: 34: ["ntf.res", {res: {gld: 21050, enrg: 500, slvr: 15000, emd: 0}}]
Thu Jan 9 20:06:08 GMT-1200 2020 [INFO] [YandexMetrics.reachGoal] Call reach goal 'click_buy_product' for counter 31321471
Thu Jan 9 20:06:07 GMT-1200 2020 [INFO] Client said: 34: [null, "b.chkprchs", {prid: "pack1500", pmnt: null, qnt: 1}]
Thu Jan 9 20:06:06 GMT-1200 2020 [INFO] [YandexMetrics.reachGoal] Call reach goal 'show_payment_dialog' for counter 31321471
Thu Jan 9 20:06:04 GMT-1200 2020 [INFO] Server said: 34: ["b.ingld", {ingld: 1500}]
Thu Jan 9 20:06:04 GMT-1200 2020 [INFO] Server said: 34: ["ntf.res", {res: {gld: 19550, enrg: 500, slvr: 15000, emd: 0}}]
Thu Jan 9 20:06:02 GMT-1200 2020 [INFO] [YandexMetrics.reachGoal] Call reach goal 'click_buy_product' for counter 31321471
Thu Jan 9 20:06:02 GMT-1200 2020 [INFO] Client said: 34: [null, "b.chkprchs", {prid: "pack1500", pmnt: null, qnt: 1}]
Thu Jan 9 20:06:01 GMT-1200 2020 [INFO] [YandexMetrics.reachGoal] Call reach goal 'show_payment_dialog' for counter 31321471
Thu Jan 9 20:05:59 GMT-1200 2020 [INFO] Server said: 34: ["b.ingld", {ingld: 1500}]
Thu Jan 9 20:05:59 GMT-1200 2020 [INFO] Server said: 34: ["ntf.res", {res: {gld: 18050, enrg: 500, slvr: 15000, emd: 0}}]
Thu Jan 9 20:05:58 GMT-1200 2020 [INFO] [YandexMetrics.reachGoal] Call reach goal 'click_buy_product' for counter 31321471
Thu Jan 9 20:05:58 GMT-1200 2020 [INFO] Client said: 34: [null, "b.chkprchs", {prid: "pack1500", pmnt: null, qnt: 1}]
Thu Jan 9 20:05:57 GMT-1200 2020 [INFO] [YandexMetrics.reachGoal] Call reach goal 'show_payment_dialog' for counter 31321471
Thu Jan 9 20:05:54 GMT-1200 2020 [INFO] Server said: 34: ["b.ingld", {ingld: 1500}]
Thu Jan 9 20:05:54 GMT-1200 2020 [INFO] Server said: 34: ["ntf.res", {res: {gld: 16550, enrg: 500, slvr: 15000, emd: 0}}]
Thu Jan 9 20:05:52 GMT-1200 2020 [INFO] [YandexMetrics.reachGoal] Call reach goal 'click_buy_product' for counter 31321471