ClientError: Thu Jan 9 16:01:06 GMT+0200 2020 [CRITICAL] [house] *Uncaught Error* ErrorId: 1010 ErrorName: TypeError ErrorMessage:Error #1010 ErrorStackTrace:TypeError: Error #1010
	at _-1u9::URL/parse()
	at _-1u9::URL()
	at _-18R::LoadingItem()
	at _-18R::SWFLoadingItem()
	at _-0bS::MassLoader/add()
	at _-0bS::MassLoader/_-2R5()
	at flash.events::EventDispatcher/dispatchEvent()
	at _-18R::LoadingItem/_-1Iu()
	at _-18R::LoadingItem/onError()
	at _-18R::SWFLoadingItem/onError()
	at flash.events::EventDispatcher/dispatchEvent()
	at flash.net::URLLoader/onComplete()
Thu Jan 9 16:01:05 GMT+0200 2020 [INFO] Server said: 34: ["ntf.res", {res: {enrg: 500, slvr: 0, emd: 0, gld: 407}}]
Thu Jan 9 16:01:05 GMT+0200 2020 [INFO] Server said: 34: ["ntf.inv", {it: {c: 20, iid: "", tid: "plntNYRf"}}]
Thu Jan 9 16:01:04 GMT+0200 2020 [INFO] Client said: 34: [null, "frn.buy", {pind: 1, cnt: 20, tpid: "plntNYRf"}]
Thu Jan 9 16:00:58 GMT+0200 2020 [INFO] Loaded  LoadingItem(url: http://62.113.113.58:8080/files/swf/furniture/decor/PlantNYRoof.swf, status: 2) 
Thu Jan 9 16:00:57 GMT+0200 2020 [INFO] Server said: 34: ["ntf.res", {res: {enrg: 500, slvr: 0, emd: 0, gld: 607}}]
Thu Jan 9 16:00:57 GMT+0200 2020 [INFO] Server said: 34: ["ntf.inv", {it: {c: 1, iid: "", tid: "mnnwsNYRf"}}]
Thu Jan 9 16:00:56 GMT+0200 2020 [INFO] Client said: 34: [null, "frn.buy", {pind: 1, cnt: 1, tpid: "mnnwsNYRf"}]
Thu Jan 9 16:00:55 GMT+0200 2020 [INFO] Loaded  LoadingItem(url: http://62.113.113.58:8080/files/swf/furniture/decor/MenuNewspaperNYRoof.swf, status: 2) 
Thu Jan 9 16:00:55 GMT+0200 2020 [INFO] Server said: 34: ["ntf.res", {res: {enrg: 500, slvr: 0, emd: 0, gld: 614}}]
Thu Jan 9 16:00:54 GMT+0200 2020 [INFO] Server said: 34: ["ntf.inv", {it: {c: 1, iid: "", tid: "drNYRf"}}]
Thu Jan 9 16:00:54 GMT+0200 2020 [INFO] Client said: 34: [null, "frn.buy", {pind: 1, cnt: 1, tpid: "drNYRf"}]
Thu Jan 9 16:00:53 GMT+0200 2020 [INFO] Loaded  LoadingItem(url: http://62.113.113.58:8080/files/swf/furniture/house/DoorNYRoof.swf, status: 2) 
Thu Jan 9 16:00:48 GMT+0200 2020 [INFO] Server said: 34: ["ntf.res", {res: {enrg: 500, slvr: 0, emd: 0, gld: 664}}]
Thu Jan 9 16:00:48 GMT+0200 2020 [INFO] Server said: 34: ["ntf.inv", {it: {c: 2, iid: "", tid: "armchSea"}}]
Thu Jan 9 16:00:47 GMT+0200 2020 [INFO] Client said: 34: [null, "frn.buy", {pind: 1, cnt: 1, tpid: "armchSea"}]
Thu Jan 9 16:00:45 GMT+0200 2020 [INFO] Server said: 34: ["ntf.res", {res: {enrg: 500, slvr: 0, emd: 0, gld: 689}}]
Thu Jan 9 16:00:45 GMT+0200 2020 [INFO] Server said: 34: ["ntf.inv", {it: {c: 1, iid: "", tid: "armchSea"}}]
Thu Jan 9 16:00:44 GMT+0200 2020 [INFO] Client said: 34: [null, "frn.buy", {pind: 1, cnt: 1, tpid: "armchSea"}]
Thu Jan 9 16:00:44 GMT+0200 2020 [INFO] Loaded  LoadingItem(url: http://62.113.113.58:8080/files/swf/furniture/kitchen/ArmchairSea.swf?1, status: 2) 
Thu Jan 9 16:00:43 GMT+0200 2020 [INFO] Server said: 34: ["ntf.res", {res: {enrg: 500, slvr: 0, emd: 0, gld: 714}}]
Thu Jan 9 16:00:43 GMT+0200 2020 [INFO] Server said: 34: ["ntf.inv", {it: {c: 1, iid: "", tid: "tblSea"}}]
Thu Jan 9 16:00:42 GMT+0200 2020 [INFO] Client said: 34: [null, "frn.buy", {pind: 1, cnt: 1, tpid: "tblSea"}]
Thu Jan 9 16:00:42 GMT+0200 2020 [INFO] Loaded  LoadingItem(url: http://62.113.113.58:8080/files/swf/furniture/kitchen/TableSea.swf, status: 2) 
Thu Jan 9 16:00:41 GMT+0200 2020 [INFO] Server said: 34: ["ntf.res", {res: {enrg: 500, slvr: 0, emd: 0, gld: 719}}]
Thu Jan 9 16:00:41 GMT+0200 2020 [INFO] Server said: 34: ["ntf.inv", {it: {c: 1, iid: "", tid: "cptSea"}}]
Thu Jan 9 16:00:41 GMT+0200 2020 [INFO] Client said: 34: [null, "frn.buy", {pind: 1, cnt: 1, tpid: "cptSea"}]
Thu Jan 9 16:00:40 GMT+0200 2020 [INFO] Loaded  LoadingItem(url: http://62.113.113.58:8080/files/swf/furniture/decor/CarpetSea.swf, status: 2) 
Thu Jan 9 16:00:39 GMT+0200 2020 [INFO] Server said: 34: ["ntf.res", {res: {enrg: 500, slvr: 0, emd: 0, gld: 743}}]
Thu Jan 9 16:00:39 GMT+0200 2020 [INFO] Server said: 34: ["ntf.inv", {it: {c: 1, iid: "", tid: "drSea"}}]
Thu Jan 9 16:00:39 GMT+0200 2020 [INFO] Client said: 34: [null, "frn.buy", {pind: 1, cnt: 1, tpid: "drSea"}]
Thu Jan 9 16:00:38 GMT+0200 2020 [INFO] Loaded  LoadingItem(url: http://62.113.113.58:8080/files/swf/furniture/house/DoorSea.swf, status: 2) 
Thu Jan 9 16:00:37 GMT+0200 2020 [INFO] Server said: 34: ["ntf.res", {res: {enrg: 500, slvr: 0, emd: 0, gld: 778}}]
Thu Jan 9 16:00:37 GMT+0200 2020 [INFO] Server said: 34: ["ntf.inv", {it: {c: 1, iid: "", tid: "wllSea"}}]
Thu Jan 9 16:00:36 GMT+0200 2020 [INFO] Client said: 34: [null, "frn.buy", {pind: 1, cnt: 1, tpid: "wllSea"}]
Thu Jan 9 16:00:35 GMT+0200 2020 [INFO] Server said: 34: ["ntf.res", {res: {enrg: 500, slvr: 0, emd: 0, gld: 825}}]
Thu Jan 9 16:00:35 GMT+0200 2020 [INFO] Server said: 34: ["ntf.inv", {it: {c: 1, iid: "", tid: "flrSea"}}]
Thu Jan 9 16:00:34 GMT+0200 2020 [INFO] Client said: 34: [null, "frn.buy", {pind: 1, cnt: 1, tpid: "flrSea"}]
Thu Jan 9 16:00:33 GMT+0200 2020 [INFO] Server said: 34: ["ntf.res", {res: {enrg: 500, slvr: 0, emd: 0, gld: 920}}]