ClientError: Thu Jan 9 15:54:06 GMT+0200 2020 [CRITICAL] [salon] *Uncaught Error* ErrorId: 1010 ErrorName: TypeError ErrorMessage:Error #1010 ErrorStackTrace:TypeError: Error #1010
	at _-1u9::URL/parse()
	at _-1u9::URL()
	at _-18R::LoadingItem()
	at _-18R::SWFLoadingItem()
	at _-0bS::MassLoader/add()
	at _-0bS::MassLoader/_-2R5()
	at flash.events::EventDispatcher/dispatchEvent()
	at _-18R::LoadingItem/_-1Iu()
	at _-18R::LoadingItem/onError()
	at _-18R::SWFLoadingItem/onError()
	at flash.events::EventDispatcher/dispatchEvent()
	at flash.net::URLLoader/onComplete()
Thu Jan 9 15:54:06 GMT+0200 2020 [INFO] Server said: 34: ["o.r.m", {sx: 8.95, dy: 7.03, dx: 8.66, sy: 5.95, uid: "37"}]
Thu Jan 9 15:54:05 GMT+0200 2020 [INFO] Server said: 34: ["o.r.ra", {plr: {clths: {clths: [{tpid: "girlShirt12", clid: null}, {tpid: "girlShoes14", clid: null}, {tpid: "girlPants9", clid: null}]}, locinfo: {l: "salon_sn1_1", x: 14.42, pl: "", y: 5.6, s: "127.0.0.1", shlc: true, st: 0, at: "", d: 4}, pf: {pf: {phtghr: {tp: "phtghr", pgs: 0, l: 20}, jntr: {tp: "jntr", pgs: 0, l: 20}, grdnr: {tp: "grdnr", pgs: 0, l: 20}, vsgst: {tp: "vsgst", pgs: 0, l: 20}}}, usrinf: {rl: 0}, ci: {fexp: 0, ceid: 0, crst: 0, skid: null, cmid: 0, lwts: 0, rtrtm: 0, hrt: 174, dr: true, kyktid: null, bcld: 0, spp: 0, skrt: 0, vip: true, trid: null, tts: null, rpt: 0, compid: 0, gdc: 0, eml: null, actrt: 0, ys: 0, actrp: 0, lgt: 0, trcd: 0, actrd: 0, sbrt: 0, ysct: 0, sbid: null, shousd: false, vexp: 1965298000, fak: null, vsexp: 1965298000, shcr: true, crt: 10, plcmt: {}, as: null, exp: 85800, gtrfrd: 0, pamns: {amn: []}, lvt: 1578577973, vret: 0, strfrd: 0, vsact: true, lrnt: 0, vfgc: 0}, apprnc: {fft: 10, et: 34, sh: 0, pt: 0, fat: 0, mt: 6, brt: 23, brc: 5, rc: 1, ssc: 1, g: 2, fac: 1, mc: 5, pc: 1, sc: 2, bt: 0, ss: 0, hc: 5, n: "ɢʀᴏᴢᴢᴀ", nct: 0, rg: 0, bc: 1, shc: 1, ec: 5, ht: 112}, mbm: {sk: "blackMobileSkin", ac: null}, uid: "116"}}]
Thu Jan 9 15:54:05 GMT+0200 2020 [INFO] Server said: 34: ["o.r.u", {x: 8.95, y: 5.95, st: 23, at: "", d: 0, uid: "37"}]
Thu Jan 9 15:54:05 GMT+0200 2020 [INFO] Server said: 34: ["o.r.m", {sx: 8.55, dy: 5.95, dx: 8.95, sy: 6.92, uid: "37"}]
Thu Jan 9 15:54:05 GMT+0200 2020 [INFO] Server said: 34: ["o.r.u", {x: 8.55, y: 6.92, st: 23, at: "", d: 4, uid: "37"}]
Thu Jan 9 15:54:05 GMT+0200 2020 [INFO] Server said: 34: ["o.r.m", {sx: 8.96, dy: 6.92, dx: 8.55, sy: 6.33, uid: "37"}]
Thu Jan 9 15:54:04 GMT+0200 2020 [INFO] Server said: 34: ["o.r.m", {sx: 9, dy: 6.64, dx: 8.89, sy: 5.13, uid: "37"}]
Thu Jan 9 15:54:04 GMT+0200 2020 [INFO] Server said: 34: ["o.r.ra", {plr: {clths: {clths: [{tpid: "girlGlssJrnl", clid: null}, {tpid: "girlHpnLn", clid: null}, {tpid: "anmGAnmPll", clid: null}, {tpid: "girlShoes14", clid: null}, {tpid: "girlShirt12", clid: null}, {tpid: "girlSV19VlntnWngs", clid: null}, {tpid: "girlShrtsLn", clid: null}, {tpid: "girlNcklJpn3", clid: null}]}, locinfo: {l: "salon_sn1_1", x: 7.17, pl: "", y: 11.17, s: "127.0.0.1", shlc: true, st: 23, at: "", d: 4}, pf: {pf: {phtghr: {tp: "phtghr", pgs: 0, l: 20}, jntr: {tp: "jntr", pgs: 0, l: 20}, grdnr: {tp: "grdnr", pgs: 0, l: 20}, vsgst: {tp: "vsgst", pgs: 0, l: 20}}}, usrinf: {rl: 0}, ci: {fexp: 0, ceid: 0, crst: 0, skid: null, cmid: 0, lwts: 0, rtrtm: 0, hrt: 174, dr: true, kyktid: null, bcld: 0, spp: 0, skrt: 0, vip: true, trid: null, tts: null, rpt: 0, compid: 0, gdc: 0, eml: null, actrt: 0, ys: 0, actrp: 0, lgt: 0, trcd: 0, actrd: 0, sbrt: 0, ysct: 0, sbid: null, shousd: false, vexp: 1965298000, fak: null, vsexp: 1965298000, shcr: true, crt: 1313, plcmt: {}, as: null, exp: 85800, gtrfrd: 0, pamns: {amn: []}, lvt: 1578577629, vret: 0, strfrd: 0, vsact: true, lrnt: 0, vfgc: 0}, apprnc: {fft: 2, et: 38, sh: 23, pt: 0, fat: 0, mt: 29, brt: 22, brc: 1, rc: 1, ssc: 1, g: 2, fac: 1, mc: 28, pc: 1, sc: 1, bt: 0, ss: 0, hc: 27, n: "-КАКТУС ЯНА-", nct: 0, rg: 0, bc: 1, shc: 35, ec: 29, ht: 112}, mbm: {sk: "blackMobileSkin", ac: null}, uid: "50"}}]
Thu Jan 9 15:54:04 GMT+0200 2020 [INFO] Server said: 34: ["o.r.ra", {plr: {clths: {clths: [{tpid: "girlShirt12", clid: null}, {tpid: "girlShoes14", clid: null}, {tpid: "girlPants9", clid: null}]}, locinfo: {l: "salon_sn1_1", x: 14.42, pl: "", y: 5.6, s: "127.0.0.1", shlc: true, st: 0, at: "", d: 4}, pf: {pf: {phtghr: {tp: "phtghr", pgs: 0, l: 20}, jntr: {tp: "jntr", pgs: 0, l: 20}, grdnr: {tp: "grdnr", pgs: 0, l: 20}, vsgst: {tp: "vsgst", pgs: 0, l: 20}}}, usrinf: {rl: 0}, ci: {fexp: 0, ceid: 0, crst: 0, skid: null, cmid: 0, lwts: 0, rtrtm: 0, hrt: 174, dr: true, kyktid: null, bcld: 0, spp: 0, skrt: 0, vip: true, trid: null, tts: null, rpt: 0, compid: 0, gdc: 0, eml: null, actrt: 0, ys: 0, actrp: 0, lgt: 0, trcd: 0, actrd: 0, sbrt: 0, ysct: 0, sbid: null, shousd: false, vexp: 1965298000, fak: null, vsexp: 1965298000, shcr: true, crt: 10, plcmt: {}, as: null, exp: 85800, gtrfrd: 0, pamns: {amn: []}, lvt: 1578577973, vret: 0, strfrd: 0, vsact: true, lrnt: 0, vfgc: 0}, apprnc: {fft: 10, et: 34, sh: 0, pt: 0, fat: 0, mt: 6, brt: 23, brc: 5, rc: 1, ssc: 1, g: 2, fac: 1, mc: 5, pc: 1, sc: 2, bt: 0, ss: 0, hc: 5, n: "ɢʀᴏᴢᴢᴀ", nct: 0, rg: 0, bc: 1, shc: 1, ec: 5, ht: 112}, mbm: {sk: "blackMobileSkin", ac: null}, uid: "116"}}]
Thu Jan 9 15:54:04 GMT+0200 2020 [INFO] Server said: 34: ["o.r.u", {x: 14.42, st: 0, d: 1, y: 5.6, uid: "116"}]
Thu Jan 9 15:54:03 GMT+0200 2020 [INFO] Server said: 34: ["o.r.ra", {plr: {clths: {clths: [{tpid: "girlTghtWnt19Wrm", clid: null}, {tpid: "girlBtsWnt19Brg", clid: null}, {tpid: "girlDrssWnt19Brg", clid: null}]}, locinfo: {l: "salon_sn1_1", x: 9, pl: "", y: 5.13, s: "127.0.0.1", shlc: true, st: 23, at: "", d: 4}, pf: {pf: {phtghr: {tp: "phtghr", pgs: 0, l: 20}, jntr: {tp: "jntr", pgs: 0, l: 20}, grdnr: {tp: "grdnr", pgs: 0, l: 20}, vsgst: {tp: "vsgst", pgs: 0, l: 20}}}, usrinf: {rl: 0}, ci: {fexp: 0, ceid: 0, crst: 0, skid: null, cmid: 0, lwts: 0, rtrtm: 0, hrt: 174, dr: true, kyktid: null, bcld: 0, spp: 0, skrt: 0, vip: true, trid: null, tts: null, rpt: 0, compid: 0, gdc: 0, eml: null, actrt: 0, ys: 0, actrp: 0, lgt: 0, trcd: 0, actrd: 0, sbrt: 0, ysct: 0, sbid: null, shousd: false, vexp: 1965298000, fak: null, vsexp: 1965298000, shcr: true, crt: 505, plcmt: {}, as: null, exp: 85800, gtrfrd: 0, pamns: {amn: []}, lvt: 1578577911, vret: 0, strfrd: 0, vsact: true, lrnt: 0, vfgc: 0}, apprnc: {fft: 2, et: 40, sh: 0, pt: 0, fat: 0, mt: 30, brt: 14, brc: 10, rc: 1, ssc: 1, g: 2, fac: 1, mc: 19, pc: 1, sc: 2, bt: 0, ss: 0, hc: 8, n: "Вупсень", nct: 0, rg: 2, bc: 1, shc: 1, ec: 19, ht: 125}, mbm: {sk: "blackMobileSkin", ac: null}, uid: "37"}}]