ClientError: Thu Jan 9 15:56:29 GMT+0200 2020 [CRITICAL] [house] *Uncaught Error* ErrorId: 1010 ErrorName: TypeError ErrorMessage:Error #1010 ErrorStackTrace:TypeError: Error #1010
	at _-1u9::URL/parse()
	at _-1u9::URL()
	at _-18R::LoadingItem()
	at _-18R::SWFLoadingItem()
	at _-0bS::MassLoader/add()
	at _-0bS::MassLoader/_-2R5()
	at flash.events::EventDispatcher/dispatchEvent()
	at _-18R::LoadingItem/_-1Iu()
	at _-18R::LoadingItem/onError()
	at _-18R::SWFLoadingItem/onError()
	at flash.events::EventDispatcher/dispatchEvent()
	at flash.net::URLLoader/onComplete()
Thu Jan 9 15:56:28 GMT+0200 2020 [INFO] Server said: 34: ["ntf.res", {res: {enrg: 500, slvr: 0, emd: 0, gld: 86}}]
Thu Jan 9 15:56:27 GMT+0200 2020 [INFO] Server said: 34: ["ntf.inv", {it: {c: 1, iid: "", tid: "drgnThrn2019"}}]
Thu Jan 9 15:56:27 GMT+0200 2020 [INFO] Client said: 34: [null, "frn.buy", {pind: 1, cnt: 1, tpid: "drgnThrn2019"}]
Thu Jan 9 15:56:25 GMT+0200 2020 [INFO] Server said: 34: ["b.ingld", {ingld: 100}]
Thu Jan 9 15:56:25 GMT+0200 2020 [INFO] Server said: 34: ["ntf.res", {res: {enrg: 500, slvr: 0, emd: 0, gld: 134}}]
Thu Jan 9 15:56:25 GMT+0200 2020 [INFO] [YandexMetrics.reachGoal] Call reach goal 'click_buy_product' for counter 31321471
Thu Jan 9 15:56:25 GMT+0200 2020 [INFO] Client said: 34: [null, "b.chkprchs", {qnt: 1, pmnt: {srv: 3, ctx: {dialogSource: "furnitureShopDialog"}, ct3: null, tpid: "drgnThrn2019", ct2: null, ct1: null}, prid: "pack100"}]
Thu Jan 9 15:56:23 GMT+0200 2020 [INFO] [YandexMetrics.reachGoal] Call reach goal 'show_payment_dialog' for counter 31321471
Thu Jan 9 15:56:21 GMT+0200 2020 [INFO] Loaded  LoadingItem(url: http://62.113.113.58:8080/files/swf/furniture/furniture/DragonThrone2019.swf, status: 2) 