ClientError: Thu Jan 9 16:04:50 GMT+0200 2020 [CRITICAL] [house] *Uncaught Error* ErrorId: 1009 ErrorName: TypeError ErrorMessage:Error #1009 ErrorStackTrace:TypeError: Error #1009
	at MethodInfo-2()
	at flash.events::EventDispatcher/dispatchEvent()
	at _-jr::FurnitureLoader/_-2qc()
	at flash.events::EventDispatcher/dispatchEvent()
	at _-0bS::MassLoader/_-4Ql()
	at _-0bS::MassLoader/_-WZ()
	at flash.events::EventDispatcher/dispatchEvent()
	at _-18R::LoadingItem/onComplete()
	at _-18R::SWFLoadingItem/onComplete()
	at MethodInfo-7()
	at MethodInfo-517()
	at SetIntervalTimer/onTimer()
	at flash.utils::Timer/tick()
Thu Jan 9 16:04:50 GMT+0200 2020 [INFO] Loaded  LoadingItem(url: http://62.113.113.58:8080/files/swf/furniture/decor/LightDeer.swf, status: 2) 
Thu Jan 9 16:04:44 GMT+0200 2020 [INFO] Server said: 34: ["ntf.res", {res: {enrg: 500, slvr: 0, emd: 0, gld: 106}}]
Thu Jan 9 16:04:41 GMT+0200 2020 [INFO] Server said: 34: ["ntf.inv", {it: {c: 10, iid: "", tid: "NY20Lght"}}]
Thu Jan 9 16:04:40 GMT+0200 2020 [INFO] Client said: 34: [null, "frn.buy", {pind: 1, cnt: 10, tpid: "NY20Lght"}]
Thu Jan 9 16:04:36 GMT+0200 2020 [INFO] Loaded  LoadingItem(url: http://62.113.113.58:8080/files/swf/furniture/decor/NY20Light.swf, status: 2) 
Thu Jan 9 16:04:35 GMT+0200 2020 [INFO] Server said: 34: ["ntf.res", {res: {enrg: 500, slvr: 0, emd: 0, gld: 356}}]
Thu Jan 9 16:04:33 GMT+0200 2020 [INFO] Server said: 34: ["ntf.inv", {it: {c: 1, iid: "", tid: "NY20WllStr"}}]
Thu Jan 9 16:04:31 GMT+0200 2020 [INFO] Client said: 34: [null, "frn.buy", {pind: 2, cnt: 1, tpid: "NY20WllStr"}]
Thu Jan 9 16:04:30 GMT+0200 2020 [INFO] Server said: 34: ["b.inslv", {inslv: 3000}]
Thu Jan 9 16:04:30 GMT+0200 2020 [INFO] Server said: 34: ["ntf.res", {res: {enrg: 500, slvr: 3000, emd: 0, gld: 356}}]
Thu Jan 9 16:04:28 GMT+0200 2020 [INFO] Client said: 34: [null, "b.bs", {gld: 30}]
Thu Jan 9 16:04:25 GMT+0200 2020 [INFO] Loaded  LoadingItem(url: http://62.113.113.58:8080/files/swf/furniture/decor/NY20WallStar.swf, status: 2) 
Thu Jan 9 16:04:24 GMT+0200 2020 [INFO] Server said: 34: ["ntf.res", {res: {enrg: 500, slvr: 0, emd: 0, gld: 386}}]
Thu Jan 9 16:04:22 GMT+0200 2020 [INFO] Server said: 34: ["ntf.inv", {it: {c: 10, iid: "", tid: "NY20BlGrlnd"}}]
Thu Jan 9 16:04:19 GMT+0200 2020 [INFO] Client said: 34: [null, "frn.buy", {pind: 1, cnt: 10, tpid: "NY20BlGrlnd"}]
Thu Jan 9 16:04:14 GMT+0200 2020 [INFO] Loaded  LoadingItem(url: http://62.113.113.58:8080/files/swf/furniture/decor/NY20BlueGarland.swf, status: 2) 
Thu Jan 9 16:03:51 GMT+0200 2020 [INFO] Server said: 34: ["ntf.res", {res: {enrg: 500, slvr: 0, emd: 0, gld: 486}}]
Thu Jan 9 16:03:50 GMT+0200 2020 [INFO] Server said: 34: ["ntf.inv", {it: {c: 3, iid: "", tid: "frnWll2"}}]
Thu Jan 9 16:03:49 GMT+0200 2020 [INFO] Client said: 34: [null, "frn.buy", {pind: 1, cnt: 3, tpid: "frnWll2"}]
Thu Jan 9 16:03:46 GMT+0200 2020 [INFO] Loaded  LoadingItem(url: http://62.113.113.58:8080/files/swf/furniture/furniture/VipWall.swf, status: 2) 
Thu Jan 9 16:03:36 GMT+0200 2020 [INFO] Server said: 34: ["ntf.res", {res: {enrg: 500, slvr: 0, emd: 0, gld: 705}}]
Thu Jan 9 16:03:35 GMT+0200 2020 [INFO] Server said: 34: ["ntf.inv", {it: {c: 1, iid: "", tid: "tblJpn1"}}]
Thu Jan 9 16:03:33 GMT+0200 2020 [INFO] Client said: 34: [null, "frn.buy", {pind: 1, cnt: 1, tpid: "tblJpn1"}]
Thu Jan 9 16:03:32 GMT+0200 2020 [INFO] Loaded  LoadingItem(url: http://62.113.113.58:8080/files/swf/furniture/furniture/TableJapan.swf, status: 2) 
Thu Jan 9 16:03:04 GMT+0200 2020 [INFO] Loaded  LoadingItem(url: http://62.113.113.58:8080/files/swf/furniture/furniture/ChairDarkPolar.swf, status: 2) 
Thu Jan 9 16:03:01 GMT+0200 2020 [INFO] Loaded  LoadingItem(url: http://62.113.113.58:8080/files/swf/furniture/furniture/ChairSnowboundPolar.swf, status: 2) 
Thu Jan 9 16:02:59 GMT+0200 2020 [INFO] Loaded  LoadingItem(url: http://62.113.113.58:8080/files/swf/furniture/furniture/ChairLightPolar.swf, status: 2) 
Thu Jan 9 16:02:05 GMT+0200 2020 [INFO] Server said: 34: ["ntf.res", {res: {enrg: 500, slvr: 0, emd: 0, gld: 729}}]
Thu Jan 9 16:02:05 GMT+0200 2020 [INFO] Server said: 34: ["ntf.inv", {it: {c: 1, iid: "", tid: "floorPrns1"}}]
Thu Jan 9 16:02:04 GMT+0200 2020 [INFO] Client said: 34: [null, "frn.buy", {pind: 1, cnt: 1, tpid: "floorPrns1"}]
Thu Jan 9 16:02:02 GMT+0200 2020 [INFO] Server said: 34: ["ntf.res", {res: {enrg: 500, slvr: 0, emd: 0, gld: 745}}]
Thu Jan 9 16:02:02 GMT+0200 2020 [INFO] Server said: 34: ["ntf.inv", {it: {c: 1, iid: "", tid: "wallPrns1"}}]
Thu Jan 9 16:02:01 GMT+0200 2020 [INFO] Client said: 34: [null, "frn.buy", {pind: 1, cnt: 1, tpid: "wallPrns1"}]
Thu Jan 9 16:01:53 GMT+0200 2020 [INFO] Server said: 34: ["ntf.res", {res: {enrg: 500, slvr: 0, emd: 0, gld: 757}}]
Thu Jan 9 16:01:53 GMT+0200 2020 [INFO] Server said: 34: ["ntf.inv", {it: {c: 1, iid: "", tid: "ptCtr"}}]
Thu Jan 9 16:01:51 GMT+0200 2020 [INFO] Client said: 34: [null, "frn.buy", {pind: 1, cnt: 1, tpid: "ptCtr"}]
Thu Jan 9 16:01:50 GMT+0200 2020 [INFO] Loaded  LoadingItem(url: http://62.113.113.58:8080/files/swf/furniture/decor/PlateCountry.swf, status: 2) 
Thu Jan 9 16:01:49 GMT+0200 2020 [INFO] Server said: 34: ["ntf.res", {res: {enrg: 500, slvr: 0, emd: 0, gld: 760}}]