ClientError: Thu Jan 9 18:38:23 GMT+0300 2020 [CRITICAL] [house] *Uncaught Error* ErrorId: 1009 ErrorName: TypeError ErrorMessage:Error #1009 ErrorStackTrace:TypeError: Error #1009
	at _-371::SupportNetManager/init()
	at _-4I::_-Ss/init()
	at _-Qp::_-1DK/onAddedToStage()
	at _-0qh::UIManager/_-1oS()
	at _-0qh::UIManager/showModal()
	at _-Qp::_-1DK/showModal()
	at _-19Y::TopPanel/_-3oC()
Thu Jan 9 18:38:12 GMT+0300 2020 [INFO] Client said: 34: ["house_631_livingroom", "h.r.u", {uid: "631", y: 3.06, st: 23, x: 4.63, at: "", d: 3}]
Thu Jan 9 18:38:11 GMT+0300 2020 [INFO] Client said: 34: ["house_631_livingroom", "h.r.m", {uid: "631", sx: 4.05, dy: 3.06, dx: 4.63, sy: 0.1}]
Thu Jan 9 18:38:10 GMT+0300 2020 [INFO] Server said: 34: ["lg.lst", {glst: []}]
Thu Jan 9 18:38:09 GMT+0300 2020 [INFO] Client said: 34: ["house_631_livingroom", "h.r.u", {st: 0, uid: "631", x: 4.05, d: 4, y: 0.1}]
Thu Jan 9 18:38:09 GMT+0300 2020 [INFO] Client said: 34: ["house_631_livingroom", "lg.lst", {}]
Thu Jan 9 18:38:08 GMT+0300 2020 [INFO] Server said: 34: ["h.r.info", {evn: null, rm: {lev: 1, l: 13, f: [{x: 0, y: 0, tpid: "wall15", z: 0, d: 3, lid: 1}, {x: 3, y: 0, rid: "outside", tpid: "door4", z: 0, d: 3, lid: 4}, {x: 13, y: 0, tpid: "wall15", z: 0, d: 5, lid: 2}, {x: 0, y: 0, tpid: "floor4", z: 0, d: 5, lid: 3}], nm: "#livingRoom", w: 13, id: "livingroom"}, rmmb: [{uid: "631", mbm: {sk: "blackMobileSkin", ac: null}, locinfo: {s: "127.0.0.1", x: -1, l: "house_631_livingroom", y: -1, st: 0, pl: "", at: "", d: 4, shlc: true}, apprnc: {nct: 0, ssc: 1, mt: 3, g: 2, bc: 1, brt: 28, bt: 0, pt: 0, rg: 0, ss: 0, hc: 5, sh: 0, fat: 0, brc: 2, et: 2, fft: 0, pc: 1, ec: 2, mc: 2, n: "-ПРИВИТ-", ht: 131, rc: 1, sc: 2, shc: 1, fac: 1}, usrinf: {rl: 0}, ci: {rtrtm: 0, skid: null, vsact: true, eml: null, kyktid: null, skrt: 0, vret: 0, actrt: 0, bcld: 0, exp: 85800, trid: null, compid: 0, trcd: 0, gdc: 0, vfgc: 0, actrp: 0, sbid: null, ceid: 0, ysct: 0, actrd: 0, sbrt: 0, lgt: 0, rpt: 0, ys: 0, shousd: false, vip: true, cmid: 0, fexp: 0, plcmt: {}, fak: null, dr: true, shcr: true, as: null, pamns: {amn: []}, gtrfrd: 0, lvt: 1578583110, crst: 0, vexp: 1965298000, spp: 0, hrt: 174, lrnt: 0, vsexp: 1965298000, tts: null, strfrd: 0, lwts: 0, crt: 10}, clths: {clths: [{clid: null, tpid: "girlShirt12"}, {clid: null, tpid: "girlShoes14"}, {clid: null, tpid: "girlPants9"}]}, pf: {pf: {vsgst: {tp: "vsgst", l: 20, pgs: 0}, phtghr: {tp: "phtghr", l: 20, pgs: 0}, jntr: {tp: "jntr", l: 20, pgs: 0}, grdnr: {tp: "grdnr", l: 20, pgs: 0}}}}]}]
Thu Jan 9 18:38:07 GMT+0300 2020 [INFO] Client said: 34: ["house_631_livingroom", "h.r.info", {uid: "631", rid: "livingroom"}]
Thu Jan 9 18:38:07 GMT+0300 2020 [INFO] Server said: 34: ["h.gr", {rid: "house_631_livingroom"}]
Thu Jan 9 18:38:07 GMT+0300 2020 [INFO] Server said: 16: ["house_631_livingroom", "631"]
Thu Jan 9 18:38:07 GMT+0300 2020 [INFO] Server said: 34: ["h.r.jn", {plr: {uid: "631", mbm: {sk: "blackMobileSkin", ac: null}, locinfo: {s: "127.0.0.1", x: -1, l: "house_631_livingroom", y: -1, st: 0, pl: "", at: "", d: 4, shlc: true}, apprnc: {nct: 0, ssc: 1, mt: 3, g: 2, bc: 1, brt: 28, bt: 0, pt: 0, rg: 0, ss: 0, hc: 5, sh: 0, fat: 0, brc: 2, et: 2, fft: 0, pc: 1, ec: 2, mc: 2, n: "-ПРИВИТ-", ht: 131, rc: 1, sc: 2, shc: 1, fac: 1}, usrinf: {rl: 0}, ci: {rtrtm: 0, skid: null, vsact: true, eml: null, kyktid: null, skrt: 0, vret: 0, actrt: 0, bcld: 0, exp: 85800, trid: null, compid: 0, trcd: 0, gdc: 0, vfgc: 0, actrp: 0, sbid: null, ceid: 0, ysct: 0, actrd: 0, sbrt: 0, lgt: 0, rpt: 0, ys: 0, shousd: false, vip: true, cmid: 0, fexp: 0, plcmt: {}, fak: null, dr: true, shcr: true, as: null, pamns: {amn: []}, gtrfrd: 0, lvt: 1578583110, crst: 0, vexp: 1965298000, spp: 0, hrt: 174, lrnt: 0, vsexp: 1965298000, tts: null, strfrd: 0, lwts: 0, crt: 10}, clths: {clths: [{clid: null, tpid: "girlShirt12"}, {clid: null, tpid: "girlShoes14"}, {clid: null, tpid: "girlPants9"}]}, pf: {pf: {vsgst: {tp: "vsgst", l: 20, pgs: 0}, phtghr: {tp: "phtghr", l: 20, pgs: 0}, jntr: {tp: "jntr", l: 20, pgs: 0}, grdnr: {tp: "grdnr", l: 20, pgs: 0}}}}}]
Thu Jan 9 18:37:55 GMT+0300 2020 [INFO] Server said: 34: ["srqst.gtrq", {rqlst: {rsprlst: {}, lapt: {}, rlst: {}, shwdt: 0}}]
Thu Jan 9 18:37:49 GMT+0300 2020 [INFO] Server said: 34: ["srqst.gtrq", {rqlst: {rsprlst: {}, lapt: {}, rlst: {}, shwdt: 0}}]
Thu Jan 9 18:37:45 GMT+0300 2020 [INFO] Server said: 34: ["srqst.gtrq", {rqlst: {rsprlst: {}, lapt: {}, rlst: {}, shwdt: 0}}]
Thu Jan 9 18:37:42 GMT+0300 2020 [INFO] Server said: 34: ["srqst.gtrq", {rqlst: {rsprlst: {}, lapt: {}, rlst: {}, shwdt: 0}}]
Thu Jan 9 18:37:21 GMT+0300 2020 [INFO] Server said: 34: ["srqst.gtrq", {rqlst: {rsprlst: {}, lapt: {}, rlst: {}, shwdt: 0}}]
Thu Jan 9 18:37:12 GMT+0300 2020 [INFO] Server said: 34: ["srqst.gtrq", {rqlst: {rsprlst: {}, lapt: {}, rlst: {}, shwdt: 0}}]
Thu Jan 9 18:36:56 GMT+0300 2020 [INFO] Client said: 34: [null, "h.gr", {gid: "631", rid: "livingroom", lid: "house"}]
Thu Jan 9 18:36:56 GMT+0300 2020 [INFO] Loaded  LoadingItem(url: http://62.113.113.58:8080/files/swf/furniture/house/FloorCarpetGrass.swf, status: 2) 
Thu Jan 9 18:36:48 GMT+0300 2020 [INFO] Server said: 34: ["srqst.gtrq", {rqlst: {rsprlst: {}, lapt: {}, rlst: {}, shwdt: 0}}]
Thu Jan 9 18:36:43 GMT+0300 2020 [INFO] Loaded  LoadingItem(url: http://62.113.113.58:8080/files/swf/furniture/house/DoorWood.swf, status: 2) 
Thu Jan 9 18:36:38 GMT+0300 2020 [INFO] Server said: 34: ["srqst.gtrq", {rqlst: {rsprlst: {}, lapt: {}, rlst: {}, shwdt: 0}}]
Thu Jan 9 18:36:38 GMT+0300 2020 [INFO] Server said: 34: ["srqst.gtrq", {rqlst: {rsprlst: {}, lapt: {}, rlst: {}, shwdt: 0}}]
Thu Jan 9 18:36:34 GMT+0300 2020 [INFO] Loaded  LoadingItem(url: http://62.113.113.58:8080/files/swf/furniture/house/WallPoppy.swf, status: 2) 
Thu Jan 9 18:36:28 GMT+0300 2020 [INFO] Client said: 34: [null, "nws.getglbl", {}]
Thu Jan 9 18:36:28 GMT+0300 2020 [INFO] Server said: 34: ["nws.hasnews", {gnunr: true, gnexst: true}]
Thu Jan 9 18:36:28 GMT+0300 2020 [INFO] Server said: 34: ["cp.cht.gbl", {blcklst: {uids: []}}]