ClientError: Thu Jan 9 18:41:25 GMT+0300 2020 [CRITICAL] [salon] *Uncaught Error* ErrorId: 1009 ErrorName: TypeError ErrorMessage:Error #1009 ErrorStackTrace:TypeError: Error #1009
	at _-0eV::RoomMemberContainer/addAvatar()
	at _-PQ::BaseRoomScreen/addAvatar()
	at _-PQ::BaseRoomScreen/onRefreshAvatar()
	at flash.events::EventDispatcher/dispatchEvent()
	at _-2CM::BaseRoomNetManager/onRefreshAvatar()
	at flash.events::EventDispatcher/dispatchEvent()
	at ags::_-2t/_-2dI()
	at flash.events::EventDispatcher/dispatchEvent()
	at _-0en::_-0O8/_-1LF()
	at _-0en::_-0O8/execute()
	at ags::AGSClient/_-0i9()
	at ags::AGSClient/_-2ZF()
	at ags::AGSClient/_-2Ea()
Thu Jan 9 18:41:25 GMT+0300 2020 [INFO] Server said: 34: ["o.r.ra", {plr: {uid: "350", mbm: {sk: "blackMobileSkin", ac: null}, locinfo: {s: "127.0.0.1", x: 12.25, l: "salon_sn1_1", y: 14.63, st: 23, pl: "", at: "", d: 4, shlc: true}, apprnc: {nct: 0, ssc: 1, mt: 31, g: 2, bc: 1, brt: 23, bt: 0, pt: 0, rg: 1, ss: 0, hc: 20, sh: 1, fat: 0, brc: 1, et: 37, fft: 7, pc: 1, ec: 5, mc: 15, n: "Хейзерша", ht: 129, rc: 11, sc: 1, shc: 12, fac: 1}, usrinf: {rl: 0}, ci: {rtrtm: 0, skid: null, vsact: true, eml: null, kyktid: null, skrt: 0, vret: 0, actrt: 0, bcld: 0, exp: 85800, trid: "freelanceSupport", compid: 0, trcd: 0, gdc: 0, vfgc: 0, actrp: 0, sbid: null, ceid: 0, ysct: 0, actrd: 0, sbrt: 0, lgt: 0, rpt: 0, ys: 0, shousd: false, vip: true, cmid: 0, fexp: 0, plcmt: {}, fak: null, dr: true, shcr: true, as: null, pamns: {amn: []}, gtrfrd: 0, lvt: 1578583174, crst: 0, vexp: 1965298000, spp: 0, hrt: 10173, lrnt: 0, vsexp: 1965298000, tts: null, strfrd: 0, lwts: 0, crt: 562}, clths: {clths: [{clid: null, tpid: "grlSD16Dcr"}, {clid: null, tpid: "girlShirt12"}, {clid: null, tpid: "girlPants9"}, {clid: null, tpid: "grlSD16Ovrl"}, {clid: null, tpid: "grlSD16Shs"}, {clid: null, tpid: "grlSD16Stk"}, {clid: null, tpid: "grlSD16Brcl"}]}, pf: {pf: {vsgst: {tp: "vsgst", l: 20, pgs: 0}, phtghr: {tp: "phtghr", l: 20, pgs: 0}, jntr: {tp: "jntr", l: 20, pgs: 0}, grdnr: {tp: "grdnr", l: 20, pgs: 0}}}}}]
Thu Jan 9 18:41:20 GMT+0300 2020 [INFO] Client said: 34: ["salon_sn1_1", "o.r.info", {rid: "sn1"}]
Thu Jan 9 18:41:20 GMT+0300 2020 [INFO] Server said: 34: ["o.gr", {rid: "salon_sn1_1"}]
Thu Jan 9 18:41:20 GMT+0300 2020 [INFO] Server said: 16: ["salon_sn1_1", "631"]
Thu Jan 9 18:41:20 GMT+0300 2020 [INFO] Server said: 34: ["o.r.jn", {plr: {uid: "631", mbm: {sk: "blackMobileSkin", ac: null}, locinfo: {s: "127.0.0.1", x: -1, l: "salon_sn1_1", y: -1, st: 0, pl: "", at: "", d: 4, shlc: true}, apprnc: {nct: 0, ssc: 1, mt: 3, g: 2, bc: 1, brt: 28, bt: 0, pt: 0, rg: 0, ss: 0, hc: 5, sh: 0, fat: 0, brc: 2, et: 2, fft: 0, pc: 1, ec: 2, mc: 2, n: "-ПРИВИТ-", ht: 131, rc: 1, sc: 2, shc: 1, fac: 1}, usrinf: {rl: 0}, ci: {rtrtm: 0, skid: null, vsact: true, eml: null, kyktid: null, skrt: 0, vret: 0, actrt: 0, bcld: 0, exp: 85800, trid: null, compid: 0, trcd: 0, gdc: 0, vfgc: 0, actrp: 0, sbid: null, ceid: 0, ysct: 0, actrd: 0, sbrt: 0, lgt: 0, rpt: 0, ys: 0, shousd: false, vip: true, cmid: 0, fexp: 0, plcmt: {}, fak: null, dr: true, shcr: true, as: null, pamns: {amn: []}, gtrfrd: 0, lvt: 1578583748, crst: 0, vexp: 1965298000, spp: 0, hrt: 174, lrnt: 0, vsexp: 1965298000, tts: null, strfrd: 0, lwts: 0, crt: 445}, clths: {clths: [{clid: null, tpid: "girlTShrtYllw"}, {clid: null, tpid: "girlGlssYllw"}, {clid: null, tpid: "girlBtsYllw"}, {clid: null, tpid: "girlPntsYllw"}, {clid: null, tpid: "girlBgYllw"}, {clid: null, tpid: "girlJcktYllw"}]}, pf: {pf: {vsgst: {tp: "vsgst", l: 20, pgs: 0}, phtghr: {tp: "phtghr", l: 20, pgs: 0}, jntr: {tp: "jntr", l: 20, pgs: 0}, grdnr: {tp: "grdnr", l: 20, pgs: 0}}}}}]
Thu Jan 9 18:41:09 GMT+0300 2020 [INFO] Server said: 34: ["o.r.ra", {plr: {uid: "350", mbm: {sk: "blackMobileSkin", ac: null}, locinfo: {s: "127.0.0.1", x: 12.25, l: "salon_sn1_1", y: 14.63, st: 23, pl: "", at: "", d: 4, shlc: true}, apprnc: {nct: 0, ssc: 1, mt: 31, g: 2, bc: 1, brt: 23, bt: 0, pt: 0, rg: 1, ss: 0, hc: 20, sh: 1, fat: 0, brc: 1, et: 37, fft: 7, pc: 1, ec: 5, mc: 15, n: "Хейзерша", ht: 129, rc: 11, sc: 1, shc: 12, fac: 1}, usrinf: {rl: 0}, ci: {rtrtm: 0, skid: null, vsact: true, eml: null, kyktid: null, skrt: 0, vret: 0, actrt: 0, bcld: 0, exp: 85800, trid: "freelanceSupport", compid: 0, trcd: 0, gdc: 0, vfgc: 0, actrp: 0, sbid: null, ceid: 0, ysct: 0, actrd: 0, sbrt: 0, lgt: 0, rpt: 0, ys: 0, shousd: false, vip: true, cmid: 0, fexp: 0, plcmt: {}, fak: null, dr: true, shcr: true, as: null, pamns: {amn: []}, gtrfrd: 0, lvt: 1578583174, crst: 0, vexp: 1965298000, spp: 0, hrt: 10173, lrnt: 0, vsexp: 1965298000, tts: null, strfrd: 0, lwts: 0, crt: 562}, clths: {clths: [{clid: null, tpid: "grlSD16Dcr"}, {clid: null, tpid: "girlShirt12"}, {clid: null, tpid: "girlPants9"}, {clid: null, tpid: "grlSD16Ovrl"}, {clid: null, tpid: "grlSD16Shs"}, {clid: null, tpid: "grlSD16Stk"}, {clid: null, tpid: "grlSD16Brcl"}]}, pf: {pf: {vsgst: {tp: "vsgst", l: 20, pgs: 0}, phtghr: {tp: "phtghr", l: 20, pgs: 0}, jntr: {tp: "jntr", l: 20, pgs: 0}, grdnr: {tp: "grdnr", l: 20, pgs: 0}}}}}]
Thu Jan 9 18:41:07 GMT+0300 2020 [INFO] Server said: 34: ["o.r.ra", {plr: {uid: "716", mbm: {sk: "blackMobileSkin", ac: null}, locinfo: {s: "127.0.0.1", x: 10.13, l: "salon_sn1_1", y: 9, st: 23, pl: "", at: "", d: 4, shlc: true}, apprnc: {nct: 0, ssc: 1, mt: 31, g: 2, bc: 1, brt: 24, bt: 0, pt: 0, rg: 0, ss: 0, hc: 6, sh: 0, fat: 0, brc: 1, et: 38, fft: 0, pc: 1, ec: 21, mc: 29, n: "Всм.", ht: 111, rc: 1, sc: 4, shc: 1, fac: 1}, usrinf: {rl: 0}, ci: {rtrtm: 0, skid: null, vsact: true, eml: null, kyktid: null, skrt: 0, vret: 0, actrt: 0, bcld: 0, exp: 85800, trid: null, compid: 0, trcd: 0, gdc: 0, vfgc: 0, actrp: 0, sbid: null, ceid: 0, ysct: 0, actrd: 0, sbrt: 0, lgt: 0, rpt: 0, ys: 0, shousd: false, vip: true, cmid: 0, fexp: 0, plcmt: {}, fak: null, dr: true, shcr: true, as: null, pamns: {amn: []}, gtrfrd: 0, lvt: 1578583600, crst: 0, vexp: 1965298000, spp: 0, hrt: 174, lrnt: 0, vsexp: 1965298000, tts: null, strfrd: 0, lwts: 0, crt: 393}, clths: {clths: [{clid: null, tpid: "girlPntsWnt19Pnk"}, {clid: null, tpid: "girlTShrtLn"}, {clid: null, tpid: "grlBtsPrfClr"}]}, pf: {pf: {vsgst: {tp: "vsgst", l: 20, pgs: 0}, phtghr: {tp: "phtghr", l: 20, pgs: 0}, jntr: {tp: "jntr", l: 20, pgs: 0}, grdnr: {tp: "grdnr", l: 20, pgs: 0}}}}}]
Thu Jan 9 18:39:22 GMT+0300 2020 [INFO] Client said: 34: [null, "o.gr", {lid: "salon", gid: "sn1"}]
Thu Jan 9 18:39:22 GMT+0300 2020 [INFO] Server said: 1: ["631", true, false, false]
Thu Jan 9 18:39:20 GMT+0300 2020 [INFO] Client said: 1: ["street", "631", "SOAnfmKCTwOqfMeRgxIT", {clvrn: "84.0.4", v: 2}]
Thu Jan 9 18:39:19 GMT+0300 2020 [INFO] Client said: 2: []
Thu Jan 9 18:39:19 GMT+0300 2020 [INFO] Loaded  LoadingItem(url: http://62.113.113.58:8080/files/swf/Salon_1fe14ef0cdf189794ef74d591993d3f5.swf, status: 2) 
Thu Jan 9 18:39:16 GMT+0300 2020 [INFO] Client said: 17: ["house_631_livingroom"]
Thu Jan 9 18:39:06 GMT+0300 2020 [INFO] Server said: 34: ["h.r.ra", {plr: {uid: "631", mbm: {sk: "blackMobileSkin", ac: null}, locinfo: {s: "127.0.0.1", x: 4.63, l: "house_631_livingroom", y: 3.06, st: 23, pl: "", at: "", d: 4, shlc: true}, apprnc: {nct: 0, ssc: 1, mt: 3, g: 2, bc: 1, brt: 28, bt: 0, pt: 0, rg: 0, ss: 0, hc: 5, sh: 0, fat: 0, brc: 2, et: 2, fft: 0, pc: 1, ec: 2, mc: 2, n: "-ПРИВИТ-", ht: 131, rc: 1, sc: 2, shc: 1, fac: 1}, usrinf: {rl: 0}, ci: {rtrtm: 0, skid: null, vsact: true, eml: null, kyktid: null, skrt: 0, vret: 0, actrt: 0, bcld: 0, exp: 85800, trid: null, compid: 0, trcd: 0, gdc: 0, vfgc: 0, actrp: 0, sbid: null, ceid: 0, ysct: 0, actrd: 0, sbrt: 0, lgt: 0, rpt: 0, ys: 0, shousd: false, vip: true, cmid: 0, fexp: 0, plcmt: {}, fak: null, dr: true, shcr: true, as: null, pamns: {amn: []}, gtrfrd: 0, lvt: 1578583110, crst: 0, vexp: 1965298000, spp: 0, hrt: 174, lrnt: 0, vsexp: 1965298000, tts: null, strfrd: 0, lwts: 0, crt: 445}, clths: {clths: [{clid: null, tpid: "girlTShrtYllw"}, {clid: null, tpid: "girlGlssYllw"}, {clid: null, tpid: "girlBtsYllw"}, {clid: null, tpid: "girlPntsYllw"}, {clid: null, tpid: "girlBgYllw"}, {clid: null, tpid: "girlJcktYllw"}]}, pf: {pf: {vsgst: {tp: "vsgst", l: 20, pgs: 0}, phtghr: {tp: "phtghr", l: 20, pgs: 0}, jntr: {tp: "jntr", l: 20, pgs: 0}, grdnr: {tp: "grdnr", l: 20, pgs: 0}}}}}]
Thu Jan 9 18:39:05 GMT+0300 2020 [INFO] Client said: 34: ["house_631_livingroom", "h.r.ra", {}]
Thu Jan 9 18:39:05 GMT+0300 2020 [INFO] Server said: 34: ["a.clths.buy", {res: {gld: 1461, emd: 0, slvr: 0, enrg: 500}, inv: {c: {gm: {id: "gm", it: [{c: 1, iid: "", tid: "blackMobileSkin"}]}, lt: {id: "lt", it: []}, cls: {id: "cls", it: [{c: 1, iid: "", tid: "girlUnderdress1"}, {c: 1, iid: "", tid: "girlUnderdress2"}, {c: 1, iid: "", tid: "girlShirt12"}, {c: 1, iid: "", tid: "girlPants9"}, {c: 1, iid: "", tid: "girlShoes14"}]}, frn: {id: "frn", it: []}, act: {id: "act", it: []}}}, clths: {clths: [{clid: null, tpid: "girlTShrtYllw"}, {clid: null, tpid: "girlGlssYllw"}, {clid: null, tpid: "girlBtsYllw"}, {clid: null, tpid: "girlPntsYllw"}, {clid: null, tpid: "girlBgYllw"}, {clid: null, tpid: "girlJcktYllw"}]}, ccltn: {ctp: "casual", cn: "", cct: ["girlTShrtYllw", "girlGlssYllw", "girlBtsYllw", "girlPntsYllw", "girlBgYllw", "girlJcktYllw"]}, crt: 445}]
Thu Jan 9 18:38:56 GMT+0300 2020 [INFO] Client said: 34: [null, "a.clths.bst", {ctp: "casual", tpid: "girlYellowSet", pind: 1}]
Thu Jan 9 18:38:53 GMT+0300 2020 [INFO] Server said: 34: ["b.inslv", {inslv: 1000}]
Thu Jan 9 18:38:53 GMT+0300 2020 [INFO] Server said: 34: ["ntf.res", {res: {gld: 1590, emd: 0, slvr: 11000, enrg: 500}}]
Thu Jan 9 18:38:53 GMT+0300 2020 [INFO] Client said: 34: [null, "b.bs", {gld: 10}]
Thu Jan 9 18:38:29 GMT+0300 2020 [INFO] Server said: 34: ["b.ingld", {ingld: 1500}]
Thu Jan 9 18:38:29 GMT+0300 2020 [INFO] Server said: 34: ["ntf.res", {res: {gld: 1600, emd: 0, slvr: 10000, enrg: 500}}]
Thu Jan 9 18:38:26 GMT+0300 2020 [INFO] [YandexMetrics.onCounterInit] Yandex metrics counter 31321471 inited
Thu Jan 9 18:38:26 GMT+0300 2020 [INFO] [YandexMetrics.reachGoal] Call reach goal 'click_buy_product' for counter 31321471
Thu Jan 9 18:38:24 GMT+0300 2020 [INFO] [YandexMetrics.initCounter] Try to init Yandex metrics counter 31321471
Thu Jan 9 18:38:24 GMT+0300 2020 [INFO] Client said: 34: [null, "b.chkprchs", {prid: "pack1500", pmnt: null, qnt: 1}]