ClientError: Thu Jan 9 21:10:15 GMT+0600 2020 [CRITICAL] [house] *Uncaught Error* ErrorId: 1009 ErrorName: TypeError ErrorMessage:Error #1009 ErrorStackTrace:TypeError: Error #1009
	at MethodInfo-2()
	at flash.events::EventDispatcher/dispatchEvent()
	at _-jr::FurnitureLoader/_-2qc()
	at flash.events::EventDispatcher/dispatchEvent()
	at _-0bS::MassLoader/_-4Ql()
	at _-0bS::MassLoader/_-WZ()
	at flash.events::EventDispatcher/dispatchEvent()
	at _-18R::LoadingItem/onComplete()
	at _-18R::SWFLoadingItem/onComplete()
	at MethodInfo-7()
Thu Jan 9 21:10:15 GMT+0600 2020 [INFO] Loaded  LoadingItem(url: http://62.113.113.58:8080/files/swf/furniture/decor/ChopperBlue.swf, status: 2) 
Thu Jan 9 21:10:02 GMT+0600 2020 [INFO] Server said: 34: ["ntf.res", {res: {emd: 0, gld: 9518, slvr: 2810, enrg: 500}}]
Thu Jan 9 21:10:02 GMT+0600 2020 [INFO] Server said: 34: ["ntf.inv", {it: {tid: "carLmbWht", c: 1, iid: ""}}]
Thu Jan 9 21:10:01 GMT+0600 2020 [INFO] Client said: 34: [null, "frn.buy", {cnt: 1, tpid: "carLmbWht", pind: 1}]
Thu Jan 9 21:09:58 GMT+0600 2020 [INFO] Loaded  LoadingItem(url: http://62.113.113.58:8080/files/swf/furniture/decor/CarLamboWhite.swf, status: 2) 
Thu Jan 9 21:09:22 GMT+0600 2020 [INFO] Server said: 34: ["b.ingld", {ingld: 1500}]
Thu Jan 9 21:09:22 GMT+0600 2020 [INFO] Server said: 34: ["ntf.res", {res: {emd: 0, gld: 10017, slvr: 2810, enrg: 500}}]
Thu Jan 9 21:09:22 GMT+0600 2020 [INFO] [YandexMetrics.reachGoal] Call reach goal 'click_buy_product' for counter 31321471
Thu Jan 9 21:09:22 GMT+0600 2020 [INFO] Client said: 34: [null, "b.chkprchs", {prid: "pack1500", qnt: 1, pmnt: null}]
Thu Jan 9 21:09:21 GMT+0600 2020 [INFO] [YandexMetrics.reachGoal] Call reach goal 'show_payment_dialog' for counter 31321471
Thu Jan 9 21:09:19 GMT+0600 2020 [INFO] Server said: 34: ["b.ingld", {ingld: 1500}]
Thu Jan 9 21:09:18 GMT+0600 2020 [INFO] Server said: 34: ["ntf.res", {res: {emd: 0, gld: 8517, slvr: 2810, enrg: 500}}]
Thu Jan 9 21:09:18 GMT+0600 2020 [INFO] [YandexMetrics.reachGoal] Call reach goal 'click_buy_product' for counter 31321471
Thu Jan 9 21:09:18 GMT+0600 2020 [INFO] Client said: 34: [null, "b.chkprchs", {prid: "pack1500", qnt: 1, pmnt: null}]
Thu Jan 9 21:09:16 GMT+0600 2020 [INFO] [YandexMetrics.reachGoal] Call reach goal 'show_payment_dialog' for counter 31321471
Thu Jan 9 21:09:13 GMT+0600 2020 [INFO] Server said: 34: ["b.ingld", {ingld: 1500}]
Thu Jan 9 21:09:13 GMT+0600 2020 [INFO] Server said: 34: ["ntf.res", {res: {emd: 0, gld: 7017, slvr: 2810, enrg: 500}}]
Thu Jan 9 21:09:13 GMT+0600 2020 [INFO] [YandexMetrics.reachGoal] Call reach goal 'click_buy_product' for counter 31321471
Thu Jan 9 21:09:13 GMT+0600 2020 [INFO] Client said: 34: [null, "b.chkprchs", {prid: "pack1500", qnt: 1, pmnt: null}]
Thu Jan 9 21:09:11 GMT+0600 2020 [INFO] [YandexMetrics.reachGoal] Call reach goal 'show_payment_dialog' for counter 31321471
Thu Jan 9 21:09:09 GMT+0600 2020 [INFO] Server said: 34: ["b.ingld", {ingld: 1500}]
Thu Jan 9 21:09:09 GMT+0600 2020 [INFO] Server said: 34: ["ntf.res", {res: {emd: 0, gld: 5517, slvr: 2810, enrg: 500}}]
Thu Jan 9 21:09:09 GMT+0600 2020 [INFO] [YandexMetrics.reachGoal] Call reach goal 'click_buy_product' for counter 31321471
Thu Jan 9 21:09:09 GMT+0600 2020 [INFO] Client said: 34: [null, "b.chkprchs", {prid: "pack1500", qnt: 1, pmnt: null}]
Thu Jan 9 21:09:07 GMT+0600 2020 [INFO] [YandexMetrics.reachGoal] Call reach goal 'show_payment_dialog' for counter 31321471
Thu Jan 9 21:09:05 GMT+0600 2020 [INFO] Server said: 34: ["b.ingld", {ingld: 1500}]
Thu Jan 9 21:09:05 GMT+0600 2020 [INFO] Server said: 34: ["ntf.res", {res: {emd: 0, gld: 4017, slvr: 2810, enrg: 500}}]
Thu Jan 9 21:09:05 GMT+0600 2020 [INFO] [YandexMetrics.reachGoal] Call reach goal 'click_buy_product' for counter 31321471
Thu Jan 9 21:09:05 GMT+0600 2020 [INFO] Client said: 34: [null, "b.chkprchs", {prid: "pack1500", qnt: 1, pmnt: null}]
Thu Jan 9 21:09:03 GMT+0600 2020 [INFO] [YandexMetrics.reachGoal] Call reach goal 'show_payment_dialog' for counter 31321471
Thu Jan 9 21:09:01 GMT+0600 2020 [INFO] Server said: 34: ["b.ingld", {ingld: 1500}]
Thu Jan 9 21:09:01 GMT+0600 2020 [INFO] Server said: 34: ["ntf.res", {res: {emd: 0, gld: 2517, slvr: 2810, enrg: 500}}]
Thu Jan 9 21:09:00 GMT+0600 2020 [INFO] [YandexMetrics.reachGoal] Call reach goal 'click_buy_product' for counter 31321471
Thu Jan 9 21:09:00 GMT+0600 2020 [INFO] Client said: 34: [null, "b.chkprchs", {prid: "pack1500", qnt: 1, pmnt: null}]
Thu Jan 9 21:08:59 GMT+0600 2020 [INFO] [YandexMetrics.reachGoal] Call reach goal 'show_payment_dialog' for counter 31321471
Thu Jan 9 21:08:41 GMT+0600 2020 [INFO] Server said: 34: ["lg.lst", {glst: []}]
Thu Jan 9 21:08:41 GMT+0600 2020 [INFO] Client said: 34: ["house_624_3", "h.r.u", {x: 4.05, y: 0.1, uid: "624", d: 4, st: 0}]
Thu Jan 9 21:08:40 GMT+0600 2020 [INFO] Client said: 34: ["house_624_3", "lg.lst", {}]