ClientError: Thu Jan 9 18:13:32 GMT+0300 2020 [CRITICAL] [house] *Uncaught Error* ErrorId: 1009 ErrorName: TypeError ErrorMessage:Error #1009 ErrorStackTrace:TypeError: Error #1009
	at _-3t9::UserRatingBaseTopPanel/_-wZ()
	at _-3t9::UserRatingBaseTopPanel/update()
	at _-3t9::UserRatingBaseTopPanel/set dataProvider()
	at _-4Jz::_-2U7/_-20p()
	at MethodInfo-8()
	at _-1El::PlayersManager/_-3Q-()
	at flash.events::EventDispatcher/dispatchEvent()
	at _-37q::_-G5/_-1Ef()
	at flash.events::EventDispatcher/dispatchEvent()
	at ags::_-2t/_-2dI()
	at flash.events::EventDispatcher/dispatchEvent()
	at _-0en::_-0O8/_-1LF()
	at _-0en::_-0O8/execute()
	at ags::AGSClient/_-0i9()
	at ags::AGSClient/_-2ZF()
	at ags::AGSClient/_-2Ea()
Thu Jan 9 18:13:32 GMT+0300 2020 [INFO] Server said: 34: ["pl.get", {clid: "userTop", plrs: [{ci: {shcr: true, bcld: 0, gdc: 0, ysct: 0, strfrd: 0, as: null, sbid: null, actrd: 0, crt: 76611, hrt: 600374, trid: null, lvt: 1578581610, sbrt: 0, spp: 0, compid: 0, skid: null, ys: 0, crst: 0, lgt: 0, gtrfrd: 0, rpt: 0, cmid: 0, vexp: 1965298000, shousd: false, kyktid: null, actrt: 0, trcd: 0, tts: null, skrt: 0, rtrtm: 0, fak: null, pamns: {amn: []}, actrp: 0, plcmt: {}, lwts: 0, vsact: true, fexp: 0, vret: 0, vip: true, vsexp: 1965298000, ceid: 0, vfgc: 0, dr: true, exp: 85800, lrnt: 0, eml: null}, apprnc: {brt: 9, rg: 0, brc: 6, ss: 0, fat: 0, g: 2, fac: 1, nct: 0, bc: 1, n: "овца", bt: 0, ssc: 1, shc: 1, pt: 0, rc: 1, ec: 6, mt: 7, pc: 1, ht: 83, sh: 25, et: 34, fft: 9, hc: 7, sc: 1, mc: 31}, mbm: {sk: "blackMobileSkin", ac: null}, pf: {pf: {phtghr: {tp: "phtghr", l: 20, pgs: 0}, grdnr: {tp: "grdnr", l: 20, pgs: 0}, jntr: {tp: "jntr", l: 20, pgs: 0}, vsgst: {tp: "vsgst", l: 20, pgs: 0}}}, clths: {clths: [{tpid: "grlRsErr", clid: null}, {tpid: "girlPlvNYFr", clid: "16"}, {tpid: "girlBtsSchool", clid: "16"}, {tpid: "girlDcrClnGlmr", clid: "1"}, {tpid: "girlMskClnPstpc", clid: "16"}, {tpid: "grlCtrVntgDrs", clid: "4"}, {tpid: "grlRsBg", clid: null}, {tpid: "grlGlvCtr1", clid: "16"}, {tpid: "girlGlssClnPstpc", clid: "4"}]}, usrinf: {rl: 0}, uid: "39"}, {ci: {shcr: true, bcld: 0, gdc: 0, ysct: 0, strfrd: 0, as: null, sbid: null, actrd: 0, crt: 20930, hrt: 413116, trid: null, lvt: 1578578349, sbrt: 0, spp: 0, compid: 0, skid: null, ys: 0, crst: 0, lgt: 0, gtrfrd: 0, rpt: 0, cmid: 0, vexp: 1965298000, shousd: false, kyktid: null, actrt: 0, trcd: 0, tts: null, skrt: 0, rtrtm: 0, fak: null, pamns: {amn: []}, actrp: 0, plcmt: {}, lwts: 0, vsact: true, fexp: 0, vret: 0, vip: true, vsexp: 1965298000, ceid: 0, vfgc: 0, dr: true, exp: 85800, lrnt: 0, eml: null}, apprnc: {brt: 23, rg: 0, brc: 7, ss: 0, fat: 0, g: 2, fac: 1, nct: 0, bc: 1, n: "мастурбация", bt: 0, ssc: 1, shc: 13, pt: 0, rc: 1, ec: 23, mt: 31, pc: 1, ht: 123, sh: 20, et: 37, fft: 7, hc: 1, sc: 1, mc: 15}, mbm: {sk: "blackMobileSkin", ac: null}, pf: {pf: {phtghr: {tp: "phtghr", l: 20, pgs: 0}, grdnr: {tp: "grdnr", l: 20, pgs: 0}, jntr: {tp: "jntr", l: 20, pgs: 0}, vsgst: {tp: "vsgst", l: 20, pgs: 0}}}, clths: {clths: [{tpid: "girlBtsRbbt", clid: "18"}, {tpid: "girlPntsNYElgnc", clid: "18"}, {tpid: "girlErrWnt19Pnk", clid: null}, {tpid: "girlJcktNYElgnc", clid: "18"}, {tpid: "girlTShrtNYElgnc", clid: "18"}, {tpid: "gFRY14Rim2", clid: null}]}, usrinf: {rl: 0}, uid: "14"}, {ci: {shcr: true, bcld: 0, gdc: 0, ysct: 0, strfrd: 0, as: null, sbid: null, actrd: 0, crt: 6295, hrt: 251420, trid: "freelanceSupport", lvt: 1578578815, sbrt: 0, spp: 0, compid: 0, skid: null, ys: 0, crst: 0, lgt: 0, gtrfrd: 0, rpt: 0, cmid: 0, vexp: 1965298000, shousd: false, kyktid: null, actrt: 0, trcd: 0, tts: null, skrt: 0, rtrtm: 0, fak: null, pamns: {amn: []}, actrp: 0, plcmt: {}, lwts: 0, vsact: true, fexp: 0, vret: 0, vip: true, vsexp: 1965298000, ceid: 0, vfgc: 0, dr: true, exp: 85800, lrnt: 0, eml: null}, apprnc: {brt: 4, rg: 0, brc: 5, ss: 0, fat: 0, g: 2, fac: 1, nct: 0, bc: 1, n: "я тупая", bt: 0, ssc: 1, shc: 1, pt: 0, rc: 1, ec: 5, mt: 5, pc: 1, ht: 125, sh: 0, et: 2, fft: 0, hc: 3, sc: 4, mc: 2}, mbm: {sk: "blackMobileSkin", ac: null}, pf: {pf: {phtghr: {tp: "phtghr", l: 20, pgs: 0}, grdnr: {tp: "grdnr", l: 20, pgs: 0}, jntr: {tp: "jntr", l: 20, pgs: 0}, vsgst: {tp: "vsgst", l: 20, pgs: 0}}}, clths: {clths: [{tpid: "grlAprChrMst", clid: null}, {tpid: "grlAprChrHat", clid: null}, {tpid: "girlPntsFrog", clid: null}, {tpid: "grlAprChrStc", clid: null}, {tpid: "grlIvyHlm", clid: null}, {tpid: "grlAprChrOvr", clid: null}, {tpid: "grlAprChrShs", clid: null}, {tpid: "girlNcklFrog", clid: null}, {tpid: "girlTShrtFrog", clid: null}]}, usrinf: {rl: 0}, uid: "70"}, {ci: {shcr: true, bcld: 0, gdc: 0, ysct: 0, strfrd: 0, as: null, sbid: null, actrd: 0, crt: 1609, hrt: 240220, trid: null, lvt: 1578581619, sbrt: 0, spp: 0, compid: 0, skid: null, ys: 0, crst: 0, lgt: 0, gtrfrd: 0, rpt: 0, cmid: 0, vexp: 1965298000, shousd: false, kyktid: null, actrt: 0, trcd: 0, tts: null, skrt: 0, rtrtm: 0, fak: null, pamns: {amn: []}, actrp: 0, plcmt: {}, lwts: 0, vsact: true, fexp: 0, vret: 0, vip: true, vsexp: 1965298000, ceid: 0, vfgc: 0, dr: true, exp: 85800, lrnt: 0, eml: null}, apprnc: {brt: 13, rg: 0, brc: 1, ss: 0, fat: 0, g: 2, fac: 1, nct: 0, bc: 1, n: "фууууу,стрём", bt: 0, ssc: 1, shc: 1, pt: 0, rc: 1, ec: 6, mt: 14, pc: 1, ht: 18, sh: 22, et: 19, fft: 0, hc: 7, sc: 1, mc: 5}, mbm: {sk: "blackMobileSkin", ac: null}, pf: {pf: {phtghr: {tp: "phtghr", l: 20, pgs: 0}, grdnr: {tp: "grdnr", l: 20, pgs: 0}, jntr: {tp: "jntr", l: 20, pgs: 0}, vsgst: {tp: "vsgst", l: 20, pgs: 0}}}, clths: {clths: [{tpid: "girlNY15Pdt", clid: null}, {tpid: "girlGlssHp", clid: null}, {tpid: "girlCtHp", clid: null}, {tpid: "girlSktIris", clid: null}, {tpid: "girlBtsIris", clid: null}, {tpid: "grlNY15Errngs", clid: null}, {tpid: "girlNY20VKGiftPllvDr", clid: null}, {tpid: "girlHtHp", clid: null}, {tpid: "girlPntsHp", clid: null}]}, usrinf: {rl: 0}, uid: "71"}, {ci: {shcr: true, bcld: 0, gdc: 0, ysct: 0, strfrd: 0, as: null, sbid: null, actrd: 0, crt: 23433, hrt: 121044, trid: "freelanceModerator", lvt: 1578580961, sbrt: 0, spp: 0, compid: 0, skid: null, ys: 0, crst: 0, lgt: 0, gtrfrd: 0, rpt: 0, cmid: 0, vexp: 1965298000, shousd: false, kyktid: null, actrt: 0, trcd: 0, tts: null, skrt: 0, rtrtm: 0, fak: null, pamns: {amn: []}, actrp: 0, plcmt: {}, lwts: 0, vsact: true, fexp: 0, vret: 0, vip: true, vsexp: 1965298000, ceid: 0, vfgc: 0, dr: true, exp: 85800, lrnt: 0, eml: null}, apprnc: {brt: 29, rg: 0, brc: 3, ss: 0, fat: 0, g: 2, fac: 1, nct: 0, bc: 1, n: "Goner 88", bt: 0, ssc: 1, shc: 1, pt: 0, rc: 1, ec: 5, mt: 14, pc: 1, ht: 132, sh: 0, et: 17, fft: 7, hc: 5, sc: 4, mc: 29}, mbm: {sk: "blackMobileSkin", ac: null}, pf: {pf: {phtghr: {tp: "phtghr", l: 20, pgs: 0}, grdnr: {tp: "grdnr", l: 20, pgs: 0}, jntr: {tp: "jntr", l: 20, pgs: 0}, vsgst: {tp: "vsgst", l: 20, pgs: 0}}}, clths: {clths: []}, usrinf: {rl: 0}, uid: "64"}, {ci: {shcr: true, bcld: 0, gdc: 0, ysct: 0, strfrd: 0, as: null, sbid: null, actrd: 0, crt: 2664, hrt: 93928, trid: "freelanceModerator", lvt: 1578581040, sbrt: 0, spp: 0, compid: 0, skid: null, ys: 0, crst: 0, lgt: 0, gtrfrd: 0, rpt: 0, cmid: 0, vexp: 1965298000, shousd: false, kyktid: null, actrt: 0, trcd: 0, tts: null, skrt: 0, rtrtm: 0, fak: null, pamns: {amn: []}, actrp: 0, plcmt: {}, lwts: 0, vsact: true, fexp: 0, vret: 0, vip: true, vsexp: 1965298000, ceid: 0, vfgc: 0, dr: true, exp: 85800, lrnt: 0, eml: null}, apprnc: {brt: 6, rg: 0, brc: 2, ss: 0, fat: 0, g: 1, fac: 1, nct: 0, bc: 1, n: "Лунтик", bt: 0, ssc: 1, shc: 1, pt: 0, rc: 1, ec: 2, mt: 1, pc: 1, ht: 23, sh: 0, et: 7, fft: 0, hc: 12, sc: 1, mc: 2}, mbm: {sk: "blackMobileSkin", ac: null}, pf: {pf: {phtghr: {tp: "phtghr", l: 20, pgs: 0}, grdnr: {tp: "grdnr", l: 20, pgs: 0}, jntr: {tp: "jntr", l: 20, pgs: 0}, vsgst: {tp: "vsgst", l: 20, pgs: 0}}}, clths: {clths: [{tpid: "boyTShrtOutsrc1", clid: "4"}, {tpid: "boyNY15Hat", clid: null}, {tpid: "bNY16FCt", clid: null}, {tpid: "boyGlssCtr1", clid: "6"}, {tpid: "boySMR14Pants2", clid: null}, {tpid: "bSP14Gun", clid: null}, {tpid: "boySMR14Sh3", clid: null}]}, usrinf: {rl: 0}, uid: "97"}, {ci: {shcr: true, bcld: 0, gdc: 0, ysct: 0, strfrd: 0, as: null, sbid: null, actrd: 0, crt: 9252, hrt: 65707, trid: "freelanceVideo", lvt: 1578581052, sbrt: 0, spp: 0, compid: 0, skid: null, ys: 0, crst: 0, lgt: 0, gtrfrd: 0, rpt: 0, cmid: 0, vexp: 1965298000, shousd: false, kyktid: null, actrt: 0, trcd: 0, tts: null, skrt: 0, rtrtm: 0, fak: null, pamns: {amn: []}, actrp: 0, plcmt: {}, lwts: 0, vsact: true, fexp: 0, vret: 0, vip: true, vsexp: 1965298000, ceid: 0, vfgc: 0, dr: true, exp: 85800, lrnt: 0, eml: null}, apprnc: {brt: 29, rg: 0, brc: 1, ss: 0, fat: 0, g: 2, fac: 1, nct: 0, bc: 1, n: "СЕМИЦВЕТИК", bt: 0, ssc: 1, shc: 1, pt: 0, rc: 1, ec: 2, mt: 7, pc: 1, ht: 125, sh: 0, et: 36, fft: 0, hc: 7, sc: 1, mc: 2}, mbm: {sk: "blackMobileSkin", ac: null}, pf: {pf: {phtghr: {tp: "phtghr", l: 20, pgs: 0}, grdnr: {tp: "grdnr", l: 20, pgs: 0}, jntr: {tp: "jntr", l: 20, pgs: 0}, vsgst: {tp: "vsgst", l: 20, pgs: 0}}}, clths: {clths: [{tpid: "girlBtsEstr19", clid: null}, {tpid: "girlDrsHlwnCll", clid: null}]}, usrinf: {rl: 0}, uid: "80"}, {ci: {shcr: true, bcld: 0, gdc: 0, ysct: 0, strfrd: 0, as: null, sbid: null, actrd: 0, crt: 29541, hrt: 192469, trid: "freelanceMicrophone", lvt: 1578582783, sbrt: 0, spp: 0, compid: 0, skid: null, ys: 0, crst: 0, lgt: 0, gtrfrd: 0, rpt: 0, cmid: 0, vexp: 1965298000, shousd: false, kyktid: null, actrt: 0, trcd: 0, tts: null, skrt: 0, rtrtm: 0, fak: null, pamns: {amn: []}, actrp: 0, plcmt: {}, lwts: 0, vsact: true, fexp: 0, vret: 0, vip: true, vsexp: 1965298000, ceid: 0, vfgc: 0, dr: true, exp: 85800, lrnt: 0, eml: null}, apprnc: {brt: 4, rg: 0, brc: 3, ss: 0, fat: 0, g: 2, fac: 1, nct: 0, bc: 1, n: "LOVE", bt: 0, ssc: 1, shc: 1, pt: 0, rc: 1, ec: 1, mt: 2, pc: 1, ht: 122, sh: 0, et: 2, fft: 0, hc: 5, sc: 3, mc: 3}, mbm: {sk: "blackMobileSkin", ac: null}, pf: {pf: {phtghr: {tp: "phtghr", l: 20, pgs: 0}, grdnr: {tp: "grdnr", l: 20, pgs: 0}, jntr: {tp: "jntr", l: 20, pgs: 0}, vsgst: {tp: "vsgst", l: 20, pgs: 0}}}, clths: {clths: [{tpid: "csl15GScnTsht", clid: null}, {tpid: "girlHdbndBr", clid: null}, {tpid: "girlPntsWnt19Pnk", clid: null}, {tpid: "girlBtsWnt19Pnk", clid: null}]}, usrinf: {rl: 0}, uid: "68"}, {ci: {shcr: true, bcld: 0, gdc: 0, ysct: 0, strfrd: 0, as: null, sbid: null, actrd: 0, crt: 1066, hrt: 40174, trid: "freelanceSupport", lvt: 1578581009, sbrt: 0, spp: 0, compid: 0, skid: null, ys: 0, crst: 0, lgt: 0, gtrfrd: 0, rpt: 0, cmid: 0, vexp: 1965298000, shousd: false, kyktid: null, actrt: 0, trcd: 0, tts: null, skrt: 0, rtrtm: 0, fak: null, pamns: {amn: []}, actrp: 0, plcmt: {}, lwts: 0, vsact: true, fexp: 0, vret: 0, vip: true, vsexp: 1965298000, ceid: 0, vfgc: 0, dr: true,...
Thu Jan 9 18:13:10 GMT+0300 2020 [INFO] Client said: 34: [null, "pl.gid", {uids: ["39", "14", "70", "71", "64", "97", "80", "68", "18", "55"], clid: "userTop"}]
Thu Jan 9 18:13:01 GMT+0300 2020 [INFO] Server said: 34: ["b.ingld", {ingld: 1500}]
Thu Jan 9 18:13:01 GMT+0300 2020 [INFO] Server said: 34: ["ntf.res", {res: {slvr: 1000, emd: 0, gld: 11631, enrg: 500}}]
Thu Jan 9 18:13:01 GMT+0300 2020 [INFO] [YandexMetrics.reachGoal] Call reach goal 'click_buy_product' for counter 31321471
Thu Jan 9 18:13:01 GMT+0300 2020 [INFO] Client said: 34: [null, "b.chkprchs", {prid: "pack1500", qnt: 1, pmnt: null}]
Thu Jan 9 18:12:59 GMT+0300 2020 [INFO] [YandexMetrics.reachGoal] Call reach goal 'show_payment_dialog' for counter 31321471
Thu Jan 9 18:12:55 GMT+0300 2020 [INFO] Server said: 34: ["b.ingld", {ingld: 1500}]
Thu Jan 9 18:12:55 GMT+0300 2020 [INFO] Server said: 34: ["ntf.res", {res: {slvr: 1000, emd: 0, gld: 10131, enrg: 500}}]
Thu Jan 9 18:12:54 GMT+0300 2020 [INFO] [YandexMetrics.reachGoal] Call reach goal 'click_buy_product' for counter 31321471
Thu Jan 9 18:12:54 GMT+0300 2020 [INFO] Client said: 34: [null, "b.chkprchs", {prid: "pack1500", qnt: 1, pmnt: null}]
Thu Jan 9 18:12:53 GMT+0300 2020 [INFO] [YandexMetrics.reachGoal] Call reach goal 'show_payment_dialog' for counter 31321471
Thu Jan 9 18:12:51 GMT+0300 2020 [INFO] Server said: 34: ["b.ingld", {ingld: 1500}]
Thu Jan 9 18:12:51 GMT+0300 2020 [INFO] Server said: 34: ["ntf.res", {res: {slvr: 1000, emd: 0, gld: 8631, enrg: 500}}]
Thu Jan 9 18:12:50 GMT+0300 2020 [INFO] [YandexMetrics.reachGoal] Call reach goal 'click_buy_product' for counter 31321471
Thu Jan 9 18:12:50 GMT+0300 2020 [INFO] Client said: 34: [null, "b.chkprchs", {prid: "pack1500", qnt: 1, pmnt: null}]
Thu Jan 9 18:12:49 GMT+0300 2020 [INFO] [YandexMetrics.reachGoal] Call reach goal 'show_payment_dialog' for counter 31321471
Thu Jan 9 18:12:47 GMT+0300 2020 [INFO] Server said: 34: ["b.ingld", {ingld: 1500}]
Thu Jan 9 18:12:47 GMT+0300 2020 [INFO] Server said: 34: ["ntf.res", {res: {slvr: 1000, emd: 0, gld: 7131, enrg: 500}}]
Thu Jan 9 18:12:46 GMT+0300 2020 [INFO] [YandexMetrics.reachGoal] Call reach goal 'click_buy_product' for counter 31321471
Thu Jan 9 18:12:46 GMT+0300 2020 [INFO] Client said: 34: [null, "b.chkprchs", {prid: "pack1500", qnt: 1, pmnt: null}]
Thu Jan 9 18:12:45 GMT+0300 2020 [INFO] [YandexMetrics.reachGoal] Call reach goal 'show_payment_dialog' for counter 31321471
Thu Jan 9 18:12:43 GMT+0300 2020 [INFO] Server said: 34: ["b.ingld", {ingld: 1500}]
Thu Jan 9 18:12:43 GMT+0300 2020 [INFO] Server said: 34: ["ntf.res", {res: {slvr: 1000, emd: 0, gld: 5631, enrg: 500}}]
Thu Jan 9 18:12:42 GMT+0300 2020 [INFO] [YandexMetrics.reachGoal] Call reach goal 'click_buy_product' for counter 31321471
Thu Jan 9 18:12:42 GMT+0300 2020 [INFO] Client said: 34: [null, "b.chkprchs", {prid: "pack1500", qnt: 1, pmnt: null}]
Thu Jan 9 18:12:42 GMT+0300 2020 [INFO] [YandexMetrics.reachGoal] Call reach goal 'show_payment_dialog' for counter 31321471
Thu Jan 9 18:12:39 GMT+0300 2020 [INFO] Server said: 34: ["b.ingld", {ingld: 1500}]
Thu Jan 9 18:12:39 GMT+0300 2020 [INFO] Server said: 34: ["ntf.res", {res: {slvr: 1000, emd: 0, gld: 4131, enrg: 500}}]
Thu Jan 9 18:12:39 GMT+0300 2020 [INFO] [YandexMetrics.reachGoal] Call reach goal 'click_buy_product' for counter 31321471
Thu Jan 9 18:12:39 GMT+0300 2020 [INFO] Client said: 34: [null, "b.chkprchs", {prid: "pack1500", qnt: 1, pmnt: null}]
Thu Jan 9 18:12:38 GMT+0300 2020 [INFO] [YandexMetrics.reachGoal] Call reach goal 'show_payment_dialog' for counter 31321471
Thu Jan 9 18:12:35 GMT+0300 2020 [INFO] Server said: 34: ["b.ingld", {ingld: 1500}]
Thu Jan 9 18:12:35 GMT+0300 2020 [INFO] Server said: 34: ["ntf.res", {res: {slvr: 1000, emd: 0, gld: 2631, enrg: 500}}]
Thu Jan 9 18:12:33 GMT+0300 2020 [INFO] [YandexMetrics.reachGoal] Call reach goal 'click_buy_product' for counter 31321471
Thu Jan 9 18:12:33 GMT+0300 2020 [INFO] Client said: 34: [null, "b.chkprchs", {prid: "pack1500", qnt: 1, pmnt: null}]
Thu Jan 9 18:12:32 GMT+0300 2020 [INFO] [YandexMetrics.reachGoal] Call reach goal 'show_payment_dialog' for counter 31321471
Thu Jan 9 18:10:23 GMT+0300 2020 [INFO] Client said: 34: [null, "frn.buy", {pind: 1, tpid: "floor19", cnt: 1}]