ClientError: Thu Jan 9 18:03:40 GMT+0300 2020 [CRITICAL] [salon] *Uncaught Error* ErrorId: 1009 ErrorName: TypeError ErrorMessage:Error #1009 ErrorStackTrace:TypeError: Error #1009
	at _-0eV::RoomMemberContainer/addAvatar()
	at _-PQ::BaseRoomScreen/addAvatar()
	at _-PQ::BaseRoomScreen/onRefreshAvatar()
	at flash.events::EventDispatcher/dispatchEvent()
	at _-2CM::BaseRoomNetManager/onRefreshAvatar()
	at flash.events::EventDispatcher/dispatchEvent()
	at ags::_-2t/_-2dI()
	at flash.events::EventDispatcher/dispatchEvent()
	at _-0en::_-0O8/_-1LF()
	at _-0en::_-0O8/execute()
	at ags::AGSClient/_-0i9()
	at ags::AGSClient/_-2ZF()
	at ags::AGSClient/_-2Ea()
Thu Jan 9 18:03:40 GMT+0300 2020 [INFO] Server said: 34: ["o.r.ra", {plr: {locinfo: {x: 11.3, s: "127.0.0.1", st: 23, l: "salon_sn1_1", shlc: true, y: 13.42, d: 4, at: "", pl: ""}, apprnc: {brt: 24, rg: 1, brc: 7, ss: 18, fat: 0, g: 2, fac: 1, nct: 0, bc: 1, n: "рей тян", bt: 0, ssc: 2, shc: 1, pt: 6, rc: 1, ec: 3, mt: 6, pc: 1, ht: 111, sh: 0, et: 33, fft: 7, hc: 15, sc: 1, mc: 1}, mbm: {sk: "blackMobileSkin", ac: null}, ci: {shcr: true, bcld: 0, gdc: 0, ysct: 0, strfrd: 0, as: null, sbid: null, actrd: 0, crt: 830, hrt: 174, trid: "avaBirthdayTrophy2016", lvt: 1578581642, sbrt: 0, spp: 0, compid: 0, skid: null, ys: 0, crst: 0, lgt: 0, gtrfrd: 0, rpt: 0, cmid: 0, vexp: 1965298000, shousd: false, kyktid: null, actrt: 0, trcd: 0, tts: null, skrt: 0, rtrtm: 0, fak: null, pamns: {amn: []}, actrp: 0, plcmt: {}, lwts: 0, vsact: true, fexp: 0, vret: 0, vip: true, vsexp: 1965298000, ceid: 0, vfgc: 0, dr: true, exp: 85800, lrnt: 0, eml: null}, pf: {pf: {phtghr: {tp: "phtghr", l: 20, pgs: 0}, grdnr: {tp: "grdnr", l: 20, pgs: 0}, jntr: {tp: "jntr", l: 20, pgs: 0}, vsgst: {tp: "vsgst", l: 20, pgs: 0}}}, clths: {clths: [{tpid: "grlPnkRsTSht", clid: null}, {tpid: "grlPnkRsJkt", clid: null}, {tpid: "grlPnkRsErr", clid: null}, {tpid: "grlPnkRsPnts", clid: null}, {tpid: "girlHatWnt19Pnk", clid: null}, {tpid: "grlPnkRsShs", clid: null}]}, usrinf: {rl: 0}, uid: "624"}}]
Thu Jan 9 18:03:40 GMT+0300 2020 [INFO] Server said: 34: ["o.r.u", {x: 8.97, st: 23, y: 11.41, d: 5, at: "", uid: "634"}]
Thu Jan 9 18:03:38 GMT+0300 2020 [INFO] Server said: 34: ["o.r.m", {sx: 10.11, dx: 8.97, dy: 11.41, sy: 8.86, uid: "634"}]
Thu Jan 9 18:03:37 GMT+0300 2020 [INFO] Server said: 17: ["salon_sn1_1", "291"]
Thu Jan 9 18:03:37 GMT+0300 2020 [INFO] Server said: 34: ["o.r.lv", {uid: "291"}]
Thu Jan 9 18:03:28 GMT+0300 2020 [INFO] Server said: 34: ["o.r.u", {x: 10.11, st: 23, y: 8.86, d: 3, at: "", uid: "634"}]
Thu Jan 9 18:03:25 GMT+0300 2020 [INFO] Server said: 34: ["o.r.m", {sx: 8.28, dx: 10.11, dy: 8.86, sy: 6.84, uid: "634"}]
Thu Jan 9 18:03:25 GMT+0300 2020 [INFO] Server said: 34: ["o.r.u", {x: 10.02, y: 13.64, st: 23, d: 5, at: "", uid: "765"}]
Thu Jan 9 18:03:24 GMT+0300 2020 [INFO] Server said: 17: ["salon_sn1_1", "429"]
Thu Jan 9 18:03:24 GMT+0300 2020 [INFO] Server said: 34: ["o.r.lv", {uid: "429"}]
Thu Jan 9 18:03:23 GMT+0300 2020 [INFO] Server said: 34: ["o.r.u", {x: 8.28, st: 23, y: 6.84, d: 5, at: "", uid: "634"}]
Thu Jan 9 18:03:23 GMT+0300 2020 [INFO] Server said: 34: ["o.r.m", {dy: 13.64, sx: 11.63, dx: 10.02, sy: 11.75, uid: "765"}]
Thu Jan 9 18:03:22 GMT+0300 2020 [INFO] Server said: 34: ["o.r.m", {sx: 9.09, dx: 8.28, dy: 6.84, sy: 6.22, uid: "634"}]
Thu Jan 9 18:03:21 GMT+0300 2020 [INFO] Client said: 34: ["salon_sn1_1", "o.r.info", {rid: "sn1"}]
Thu Jan 9 18:03:21 GMT+0300 2020 [INFO] Server said: 34: ["o.gr", {rid: "salon_sn1_1"}]
Thu Jan 9 18:03:21 GMT+0300 2020 [INFO] Server said: 16: ["salon_sn1_1", "140"]
Thu Jan 9 18:03:21 GMT+0300 2020 [INFO] Server said: 34: ["o.r.jn", {plr: {locinfo: {x: -1, s: "127.0.0.1", st: 0, l: "salon_sn1_1", shlc: true, y: -1, d: 4, at: "", pl: ""}, apprnc: {brt: 28, rg: 0, brc: 1, ss: 0, fat: 0, g: 2, fac: 1, nct: 0, bc: 1, n: "E V I L", bt: 0, ssc: 1, shc: 1, pt: 0, rc: 1, ec: 5, mt: 7, pc: 1, ht: 107, sh: 0, et: 2, fft: 0, hc: 3, sc: 1, mc: 3}, mbm: {sk: "blackMobileSkin", ac: null}, ci: {shcr: true, bcld: 0, gdc: 0, ysct: 0, strfrd: 0, as: null, sbid: null, actrd: 0, crt: 2108, hrt: 174, trid: null, lvt: 1578582188, sbrt: 0, spp: 0, compid: 0, skid: null, ys: 0, crst: 0, lgt: 0, gtrfrd: 0, rpt: 0, cmid: 0, vexp: 1965298000, shousd: false, kyktid: null, actrt: 0, trcd: 0, tts: null, skrt: 0, rtrtm: 0, fak: null, pamns: {amn: []}, actrp: 0, plcmt: {}, lwts: 0, vsact: true, fexp: 0, vret: 0, vip: true, vsexp: 1965298000, ceid: 0, vfgc: 0, dr: true, exp: 85800, lrnt: 0, eml: null}, pf: {pf: {phtghr: {tp: "phtghr", l: 20, pgs: 0}, grdnr: {tp: "grdnr", l: 20, pgs: 0}, jntr: {tp: "jntr", l: 20, pgs: 0}, vsgst: {tp: "vsgst", l: 20, pgs: 0}}}, clths: {clths: [{tpid: "girlHdbndBr", clid: null}, {tpid: "girlShirt12", clid: null}, {tpid: "girlPants9", clid: null}, {tpid: "girlKgrmBr", clid: null}, {tpid: "girlShoes14", clid: null}]}, usrinf: {rl: 0}, uid: "140"}}]
Thu Jan 9 18:03:21 GMT+0300 2020 [INFO] Server said: 17: ["salon_sn1_1", "515"]
Thu Jan 9 18:03:21 GMT+0300 2020 [INFO] Server said: 34: ["o.r.lv", {uid: "515"}]
Thu Jan 9 18:03:21 GMT+0300 2020 [INFO] Server said: 34: ["o.r.u", {x: 7.67, y: 10.98, st: 23, d: 5, at: "", uid: "429"}]
Thu Jan 9 18:03:19 GMT+0300 2020 [INFO] Server said: 34: ["o.r.u", {x: 17.47, st: 23, y: 1.16, d: 2, at: "", uid: "515"}]
Thu Jan 9 18:03:18 GMT+0300 2020 [INFO] Server said: 34: ["o.r.m", {dy: 10.98, sx: 8.48, dx: 7.67, sy: 10.23, uid: "429"}]
Thu Jan 9 18:03:18 GMT+0300 2020 [INFO] Server said: 34: ["o.r.m", {sx: 14.92, dy: 1.16, dx: 17.47, sy: 5.3, uid: "515"}]
Thu Jan 9 18:03:17 GMT+0300 2020 [INFO] Server said: 34: ["o.r.u", {uid: "515", x: 14.92, st: 0, d: 1, y: 5.3}]
Thu Jan 9 18:03:16 GMT+0300 2020 [INFO] Server said: 34: ["o.r.m", {dy: 10.23, sx: 6.88, dx: 8.48, sy: 11.56, uid: "429"}]
Thu Jan 9 18:03:15 GMT+0300 2020 [INFO] Server said: 34: ["o.r.ra", {plr: {locinfo: {x: 9.09, s: "127.0.0.1", st: 23, l: "salon_sn1_1", shlc: true, y: 6.22, d: 4, at: "", pl: ""}, apprnc: {brt: 23, rg: 0, brc: 7, ss: 0, fat: 0, g: 2, fac: 1, nct: 0, bc: 1, n: "маша", bt: 0, ssc: 1, shc: 1, pt: 0, rc: 1, ec: 21, mt: 19, pc: 1, ht: 111, sh: 0, et: 17, fft: 7, hc: 16, sc: 1, mc: 3}, mbm: {sk: "blackMobileSkin", ac: null}, ci: {shcr: true, bcld: 0, gdc: 0, ysct: 0, strfrd: 0, as: null, sbid: null, actrd: 0, crt: 620, hrt: 174, trid: null, lvt: 1578581719, sbrt: 0, spp: 0, compid: 0, skid: null, ys: 0, crst: 0, lgt: 0, gtrfrd: 0, rpt: 0, cmid: 0, vexp: 1965298000, shousd: false, kyktid: null, actrt: 0, trcd: 0, tts: null, skrt: 0, rtrtm: 0, fak: null, pamns: {amn: []}, actrp: 0, plcmt: {}, lwts: 0, vsact: true, fexp: 0, vret: 0, vip: true, vsexp: 1965298000, ceid: 0, vfgc: 0, dr: true, exp: 85800, lrnt: 0, eml: null}, pf: {pf: {phtghr: {tp: "phtghr", l: 20, pgs: 0}, grdnr: {tp: "grdnr", l: 20, pgs: 0}, jntr: {tp: "jntr", l: 20, pgs: 0}, vsgst: {tp: "vsgst", l: 20, pgs: 0}}}, clths: {clths: [{tpid: "girlTShrtWnt19Pnk", clid: null}, {tpid: "girlErrWnt19Pnk", clid: null}, {tpid: "girlJcktWnt19Pnk", clid: null}, {tpid: "girlHatWnt19Pnk", clid: null}, {tpid: "girlPntsWnt19Pnk", clid: null}, {tpid: "girlBtsWnt19Pnk", clid: null}]}, usrinf: {rl: 0}, uid: "634"}}]
Thu Jan 9 18:03:15 GMT+0300 2020 [INFO] Server said: 34: ["o.r.u", {uid: "515", x: 14.92, st: 0, d: 1, y: 5.3}]
Thu Jan 9 18:03:14 GMT+0300 2020 [INFO] Server said: 34: ["o.r.u", {x: 6.88, y: 11.56, st: 23, d: 5, at: "", uid: "429"}]
Thu Jan 9 18:03:12 GMT+0300 2020 [INFO] Server said: 34: ["o.r.m", {dy: 11.56, sx: 7.88, dx: 6.88, sy: 11.06, uid: "429"}]
Thu Jan 9 18:03:05 GMT+0300 2020 [INFO] Client said: 34: [null, "o.gr", {gid: "sn1", lid: "salon"}]
Thu Jan 9 18:03:05 GMT+0300 2020 [INFO] Server said: 1: ["140", true, false, false]
Thu Jan 9 18:03:03 GMT+0300 2020 [INFO] Client said: 1: ["street", "140", "PeDUsHXoEtaqrWHsIzaz", {clvrn: "84.0.4", v: 2}]
Thu Jan 9 18:03:02 GMT+0300 2020 [INFO] Client said: 2: []
Thu Jan 9 18:03:02 GMT+0300 2020 [INFO] Loaded  LoadingItem(url: http://62.113.113.58:8080/files/swf/Salon_1fe14ef0cdf189794ef74d591993d3f5.swf, status: 2) 
Thu Jan 9 18:02:58 GMT+0300 2020 [INFO] Client said: 17: ["house_140_livingroom"]
Thu Jan 9 18:01:49 GMT+0300 2020 [INFO] Server said: 34: ["h.r.ra", {plr: {locinfo: {x: 3.94, s: "127.0.0.1", st: 23, l: "house_140_livingroom", shlc: true, y: 4.81, d: 4, at: "", pl: ""}, apprnc: {brt: 28, rg: 0, brc: 1, ss: 0, fat: 0, g: 2, fac: 1, nct: 0, bc: 1, n: "E V I L", bt: 0, ssc: 1, shc: 1, pt: 0, rc: 1, ec: 5, mt: 7, pc: 1, ht: 107, sh: 0, et: 2, fft: 0, hc: 3, sc: 1, mc: 3}, mbm: {sk: "blackMobileSkin", ac: null}, ci: {shcr: true, bcld: 0, gdc: 0, ysct: 0, strfrd: 0, as: null, sbid: null, actrd: 0, crt: 2108, hrt: 174, trid: null, lvt: 1578581952, sbrt: 0, spp: 0, compid: 0, skid: null, ys: 0, crst: 0, lgt: 0, gtrfrd: 0, rpt: 0, cmid: 0, vexp: 1965298000, shousd: false, kyktid: null, actrt: 0, trcd: 0, tts: null, skrt: 0, rtrtm: 0, fak: null, pamns: {amn: []}, actrp: 0, plcmt: {}, lwts: 0, vsact: true, fexp: 0, vret: 0, vip: true, vsexp: 1965298000, ceid: 0, vfgc: 0, dr: true, exp: 85800, lrnt: 0, eml: null}, pf: {pf: {phtghr: {tp: "phtghr", l: 20, pgs: 0}, grdnr: {tp: "grdnr", l: 20, pgs: 0}, jntr: {tp: "jntr", l: 20, pgs: 0}, vsgst: {tp: "vsgst", l: 20, pgs: 0}}}, clths: {clths: [{tpid: "girlHdbndBr", clid: null}, {tpid: "girlShirt12", clid: null}, {tpid: "girlPants9", clid: null}, {tpid: "girlKgrmBr", clid: null}, {tpid: "girlShoes14", clid: null}]}, usrinf: {rl: 0}, uid: "140"}}]
Thu Jan 9 18:01:47 GMT+0300 2020 [INFO] Client said: 34: ["house_140_livingroom", "h.r.ra", {}]
Thu Jan 9 18:01:47 GMT+0300 2020 [INFO] Server said: 34: ["a.clths.buy", {crt: 2108, clths: {clths: [{tpid: "girlHdbndBr", clid: null}, {tpid: "girlShirt12", clid: null}, {tpid: "girlPants9", clid: null}, {tpid: "girlKgrmBr", clid: null}, {tpid: "girlShoes14", clid: null}]}, ccltn: {cct: ["girlHdbndBr", "girlShirt12", "girlPants9", "girlKgrmBr", "girlShoes14"], ctp: "casual", cn: ""}, res: {emd: 0, slvr: 0, gld: 1167, enrg: 500}, inv: {c: {act: {it: [], id: "act"}, cls: {it: [{c: 1, iid: "", tid: "girlUnderdress1"}, {c: 1, iid: "", tid: "girlUnderdress2"}], id: "cls"}, gm: {it: [{c: 1, iid: "", tid: "blackMobileSkin"}], id: "gm"}, frn: {it: [], id: "frn"}, lt: {it: [], id: "lt"}}}}]