ClientError: Thu Jan 9 19:46:19 GMT+0500 2020 [CRITICAL] [house] *Uncaught Error* ErrorId: 1009 ErrorName: TypeError ErrorMessage:Error #1009 ErrorStackTrace:TypeError: Error #1009
	at _-371::SupportNetManager/init()
	at _-4I::_-Ss/init()
	at _-Qp::_-1DK/onAddedToStage()
	at _-0qh::UIManager/_-1oS()
	at _-0qh::UIManager/showModal()
	at _-Qp::_-1DK/showModal()
	at _-19Y::TopPanel/_-3oC()
Thu Jan 9 19:46:18 GMT+0500 2020 [INFO] Client said: 34: ["house_268_livingroom", "h.r.m", {uid: "268", sx: 4.05, dx: 5.67, sy: 1.87, dy: 6.59}]
Thu Jan 9 19:46:18 GMT+0500 2020 [INFO] Client said: 34: ["house_268_livingroom", "h.r.m", {uid: "268", sx: 4.05, dx: 6.21, sy: 1.25, dy: 5.92}]
Thu Jan 9 19:46:17 GMT+0500 2020 [INFO] Client said: 34: ["house_268_livingroom", "h.r.m", {uid: "268", sx: 4.05, dx: 6.21, sy: 0.1, dy: 5.92}]
Thu Jan 9 19:46:15 GMT+0500 2020 [INFO] Server said: 34: ["lg.lst", {glst: []}]
Thu Jan 9 19:46:15 GMT+0500 2020 [INFO] Client said: 34: ["house_268_livingroom", "h.r.u", {uid: "268", x: 4.05, st: 0, y: 0.1, d: 4}]
Thu Jan 9 19:46:15 GMT+0500 2020 [INFO] Client said: 34: ["house_268_livingroom", "lg.lst", {}]
Thu Jan 9 19:46:15 GMT+0500 2020 [INFO] Server said: 34: ["h.r.info", {rm: {lev: 1, nm: "#livingRoom", id: "livingroom", f: [{x: 0, tpid: "floor4", y: 0, lid: 3, d: 5, z: 0}, {x: 3, rid: "outside", tpid: "door4", y: 0, lid: 4, d: 3, z: 0}, {x: 13, tpid: "wall15", y: 0, lid: 2, d: 5, z: 0}, {x: 0, tpid: "wall15", y: 0, lid: 1, d: 3, z: 0}], l: 13, w: 13}, rmmb: [{uid: "268", mbm: {ac: null, sk: "blackMobileSkin"}, locinfo: {x: -1, s: "127.0.0.1", y: -1, shlc: true, at: "", st: 0, d: 4, l: "house_268_livingroom", pl: ""}, usrinf: {rl: 0}, clths: {clths: [{clid: null, tpid: "girlShirt12"}, {clid: null, tpid: "girlShoes14"}, {clid: null, tpid: "girlPants9"}]}, pf: {pf: {grdnr: {tp: "grdnr", pgs: 0, l: 20}, jntr: {tp: "jntr", pgs: 0, l: 20}, phtghr: {tp: "phtghr", pgs: 0, l: 20}, vsgst: {tp: "vsgst", pgs: 0, l: 20}}}, apprnc: {ec: 1, hc: 3, fft: 0, ss: 0, et: 2, bt: 0, ht: 127, rc: 1, g: 2, pt: 0, pc: 1, sc: 2, n: "ЧиКиБаМбОнИ", fac: 1, ssc: 1, mt: 7, shc: 1, brt: 29, mc: 3, nct: 0, bc: 1, rg: 0, fat: 0, sh: 0, brc: 4}, ci: {vsexp: 1965298000, vip: true, skid: null, actrd: 0, dr: true, crt: 10, lgt: 0, skrt: 0, vret: 0, ysct: 0, sbid: null, kyktid: null, fak: null, compid: 0, lrnt: 0, spp: 0, actrt: 0, rpt: 0, as: null, actrp: 0, bcld: 0, shcr: true, ceid: 0, strfrd: 0, sbrt: 0, trid: null, vfgc: 0, rtrtm: 0, crst: 0, eml: null, vexp: 1965298000, ys: 0, trcd: 0, vsact: true, lvt: 1578580911, pamns: {amn: []}, cmid: 0, plcmt: {}, shousd: false, lwts: 0, fexp: 0, gdc: 0, exp: 85800, gtrfrd: 0, hrt: 174, tts: null}}], evn: null}]
Thu Jan 9 19:46:11 GMT+0500 2020 [INFO] Client said: 34: ["house_268_livingroom", "h.r.info", {uid: "268", rid: "livingroom"}]
Thu Jan 9 19:46:11 GMT+0500 2020 [INFO] Server said: 34: ["h.gr", {rid: "house_268_livingroom"}]
Thu Jan 9 19:46:11 GMT+0500 2020 [INFO] Server said: 16: ["house_268_livingroom", "268"]
Thu Jan 9 19:46:11 GMT+0500 2020 [INFO] Server said: 34: ["h.r.jn", {plr: {uid: "268", mbm: {ac: null, sk: "blackMobileSkin"}, locinfo: {x: -1, s: "127.0.0.1", y: -1, shlc: true, at: "", st: 0, d: 4, l: "house_268_livingroom", pl: ""}, usrinf: {rl: 0}, clths: {clths: [{clid: null, tpid: "girlShirt12"}, {clid: null, tpid: "girlShoes14"}, {clid: null, tpid: "girlPants9"}]}, pf: {pf: {grdnr: {tp: "grdnr", pgs: 0, l: 20}, jntr: {tp: "jntr", pgs: 0, l: 20}, phtghr: {tp: "phtghr", pgs: 0, l: 20}, vsgst: {tp: "vsgst", pgs: 0, l: 20}}}, apprnc: {ec: 1, hc: 3, fft: 0, ss: 0, et: 2, bt: 0, ht: 127, rc: 1, g: 2, pt: 0, pc: 1, sc: 2, n: "ЧиКиБаМбОнИ", fac: 1, ssc: 1, mt: 7, shc: 1, brt: 29, mc: 3, nct: 0, bc: 1, rg: 0, fat: 0, sh: 0, brc: 4}, ci: {vsexp: 1965298000, vip: true, skid: null, actrd: 0, dr: true, crt: 10, lgt: 0, skrt: 0, vret: 0, ysct: 0, sbid: null, kyktid: null, fak: null, compid: 0, lrnt: 0, spp: 0, actrt: 0, rpt: 0, as: null, actrp: 0, bcld: 0, shcr: true, ceid: 0, strfrd: 0, sbrt: 0, trid: null, vfgc: 0, rtrtm: 0, crst: 0, eml: null, vexp: 1965298000, ys: 0, trcd: 0, vsact: true, lvt: 1578580911, pamns: {amn: []}, cmid: 0, plcmt: {}, shousd: false, lwts: 0, fexp: 0, gdc: 0, exp: 85800, gtrfrd: 0, hrt: 174, tts: null}}}]
Thu Jan 9 19:45:38 GMT+0500 2020 [INFO] Server said: 34: ["srqst.gtrq", {rqlst: {lapt: {}, shwdt: 0, rsprlst: {}, rlst: {}}}]
Thu Jan 9 19:45:38 GMT+0500 2020 [INFO] Server said: 34: ["srqst.gtrq", {rqlst: {lapt: {}, shwdt: 0, rsprlst: {}, rlst: {}}}]
Thu Jan 9 19:45:38 GMT+0500 2020 [INFO] Server said: 34: ["srqst.gtrq", {rqlst: {lapt: {}, shwdt: 0, rsprlst: {}, rlst: {}}}]
Thu Jan 9 19:45:37 GMT+0500 2020 [INFO] Server said: 34: ["srqst.gtrq", {rqlst: {lapt: {}, shwdt: 0, rsprlst: {}, rlst: {}}}]
Thu Jan 9 19:45:37 GMT+0500 2020 [INFO] Server said: 34: ["srqst.gtrq", {rqlst: {lapt: {}, shwdt: 0, rsprlst: {}, rlst: {}}}]
Thu Jan 9 19:45:37 GMT+0500 2020 [INFO] Server said: 34: ["srqst.gtrq", {rqlst: {lapt: {}, shwdt: 0, rsprlst: {}, rlst: {}}}]
Thu Jan 9 19:45:37 GMT+0500 2020 [INFO] Client said: 34: [null, "h.gr", {rid: "livingroom", gid: "268", lid: "house"}]
Thu Jan 9 19:45:37 GMT+0500 2020 [INFO] Loaded  LoadingItem(url: http://62.113.113.58:8080/files/swf/furniture/house/WallPoppy.swf, status: 2) 
Thu Jan 9 19:45:37 GMT+0500 2020 [INFO] Server said: 34: ["srqst.gtrq", {rqlst: {lapt: {}, shwdt: 0, rsprlst: {}, rlst: {}}}]
Thu Jan 9 19:45:37 GMT+0500 2020 [INFO] Server said: 34: ["srqst.gtrq", {rqlst: {lapt: {}, shwdt: 0, rsprlst: {}, rlst: {}}}]
Thu Jan 9 19:45:37 GMT+0500 2020 [INFO] Loaded  LoadingItem(url: http://62.113.113.58:8080/files/swf/furniture/house/DoorWood.swf, status: 2) 
Thu Jan 9 19:45:37 GMT+0500 2020 [INFO] Server said: 34: ["srqst.gtrq", {rqlst: {lapt: {}, shwdt: 0, rsprlst: {}, rlst: {}}}]
Thu Jan 9 19:45:37 GMT+0500 2020 [INFO] Server said: 34: ["srqst.gtrq", {rqlst: {lapt: {}, shwdt: 0, rsprlst: {}, rlst: {}}}]
Thu Jan 9 19:45:36 GMT+0500 2020 [INFO] Server said: 34: ["srqst.gtrq", {rqlst: {lapt: {}, shwdt: 0, rsprlst: {}, rlst: {}}}]
Thu Jan 9 19:45:36 GMT+0500 2020 [INFO] Server said: 34: ["srqst.gtrq", {rqlst: {lapt: {}, shwdt: 0, rsprlst: {}, rlst: {}}}]
Thu Jan 9 19:45:36 GMT+0500 2020 [INFO] Loaded  LoadingItem(url: http://62.113.113.58:8080/files/swf/furniture/house/FloorCarpetGrass.swf, status: 2) 
Thu Jan 9 19:45:36 GMT+0500 2020 [INFO] Client said: 34: [null, "nws.getglbl", {}]
Thu Jan 9 19:45:36 GMT+0500 2020 [INFO] Server said: 34: ["nws.hasnews", {gnunr: true, gnexst: true}]
Thu Jan 9 19:45:36 GMT+0500 2020 [INFO] Server said: 34: ["cp.cht.gbl", {blcklst: {uids: []}}]