ClientError: Thu Jan 9 20:22:30 GMT+0500 2020 [CRITICAL] [house] *Uncaught Error* ErrorId: 1009 ErrorName: TypeError ErrorMessage:Error #1009 ErrorStackTrace:TypeError: Error #1009
	at MethodInfo-2()
	at flash.events::EventDispatcher/dispatchEvent()
	at _-jr::FurnitureLoader/_-2qc()
	at flash.events::EventDispatcher/dispatchEvent()
	at _-0bS::MassLoader/_-4Ql()
	at _-0bS::MassLoader/_-WZ()
	at flash.events::EventDispatcher/dispatchEvent()
	at _-18R::LoadingItem/onComplete()
	at _-18R::SWFLoadingItem/onComplete()
	at MethodInfo-7()
Thu Jan 9 20:22:30 GMT+0500 2020 [INFO] Loaded  LoadingItem(url: http://62.113.113.58:8080/files/swf/furniture/furniture/CaseCountry.swf?2, status: 2) 
Thu Jan 9 20:21:56 GMT+0500 2020 [INFO] Server said: 34: ["h.r.ra", {plr: {uid: "268", usrinf: {rl: 0}, pf: {pf: {phtghr: {tp: "phtghr", l: 20, pgs: 0}, grdnr: {tp: "grdnr", l: 20, pgs: 0}, jntr: {tp: "jntr", l: 20, pgs: 0}, vsgst: {tp: "vsgst", l: 20, pgs: 0}}}, locinfo: {shlc: true, st: 23, s: "127.0.0.1", y: 4.69, l: "house_268_livingroom", at: "", x: 4.23, d: 4, pl: ""}, apprnc: {nct: 0, bc: 1, pt: 0, rc: 1, fac: 1, brc: 4, bt: 0, g: 2, brt: 29, ss: 0, et: 2, pc: 1, rg: 0, mt: 7, fft: 0, shc: 1, n: "ЧиКиБаМбОнИ", ht: 127, sh: 0, sc: 2, mc: 3, ssc: 1, ec: 1, hc: 3, fat: 0}, clths: {clths: [{tpid: "girlNY20VKGiftPllvCnd", clid: null}, {tpid: "girlPants9", clid: null}, {tpid: "girlShoes14", clid: null}]}, ci: {actrp: 0, gdc: 0, exp: 85800, pamns: {amn: []}, rpt: 0, crt: 730, lgt: 0, plcmt: {}, lrnt: 0, skid: null, ysct: 0, actrt: 0, skrt: 0, crst: 0, lwts: 0, bcld: 0, fak: null, vexp: 1965298000, shcr: true, vsexp: 1965298000, gtrfrd: 0, strfrd: 0, trid: "freelanceSupport", vsact: true, rtrtm: 0, trcd: 0, kyktid: null, vret: 0, vfgc: 0, fexp: 0, ceid: 0, ys: 0, compid: 0, cmid: 0, hrt: 174, dr: true, actrd: 0, sbid: null, spp: 0, shousd: false, sbrt: 0, tts: null, eml: null, as: null, vip: true, lvt: 1578583045}, mbm: {sk: "blackMobileSkin", ac: null}}}]
Thu Jan 9 20:21:54 GMT+0500 2020 [INFO] Client said: 34: ["house_268_livingroom", "h.r.ra", {}]
Thu Jan 9 20:21:54 GMT+0500 2020 [INFO] Server said: 34: ["a.clths.buy", {inv: {c: {cls: {it: [{c: 1, iid: "", tid: "girlUnderdress1"}, {c: 1, iid: "", tid: "girlUnderdress2"}, {c: 1, iid: "", tid: "girlShirt12"}, {c: 1, iid: "", tid: "girlNY20VKGiftPllvDr"}, {c: 1, iid: "", tid: "girlNY20VKGiftPllvChrst"}], id: "cls"}, act: {it: [], id: "act"}, frn: {it: [], id: "frn"}, gm: {it: [{c: 1, iid: "", tid: "blackMobileSkin"}], id: "gm"}, lt: {it: [], id: "lt"}}}, ccltn: {ctp: "casual", cct: ["girlNY20VKGiftPllvCnd", "girlPants9", "girlShoes14"], cn: ""}, crt: 730, res: {enrg: 500, gld: 5920, emd: 0, slvr: 10000}, clths: {clths: [{tpid: "girlNY20VKGiftPllvCnd", clid: null}, {tpid: "girlPants9", clid: null}, {tpid: "girlShoes14", clid: null}]}}]
Thu Jan 9 20:21:46 GMT+0500 2020 [INFO] Client said: 34: [null, "a.clths.buy", {tpid: "girlNY20VKGiftPllvCnd", ctp: "casual", pind: 1}]
Thu Jan 9 20:21:43 GMT+0500 2020 [INFO] Server said: 34: ["h.r.ra", {plr: {uid: "268", usrinf: {rl: 0}, pf: {pf: {phtghr: {tp: "phtghr", l: 20, pgs: 0}, grdnr: {tp: "grdnr", l: 20, pgs: 0}, jntr: {tp: "jntr", l: 20, pgs: 0}, vsgst: {tp: "vsgst", l: 20, pgs: 0}}}, locinfo: {shlc: true, st: 23, s: "127.0.0.1", y: 4.69, l: "house_268_livingroom", at: "", x: 4.23, d: 4, pl: ""}, apprnc: {nct: 0, bc: 1, pt: 0, rc: 1, fac: 1, brc: 4, bt: 0, g: 2, brt: 29, ss: 0, et: 2, pc: 1, rg: 0, mt: 7, fft: 0, shc: 1, n: "ЧиКиБаМбОнИ", ht: 127, sh: 0, sc: 2, mc: 3, ssc: 1, ec: 1, hc: 3, fat: 0}, clths: {clths: [{tpid: "girlShoes14", clid: null}, {tpid: "girlNY20VKGiftPllvChrst", clid: null}, {tpid: "girlPants9", clid: null}]}, ci: {actrp: 0, gdc: 0, exp: 85800, pamns: {amn: []}, rpt: 0, crt: 570, lgt: 0, plcmt: {}, lrnt: 0, skid: null, ysct: 0, actrt: 0, skrt: 0, crst: 0, lwts: 0, bcld: 0, fak: null, vexp: 1965298000, shcr: true, vsexp: 1965298000, gtrfrd: 0, strfrd: 0, trid: "freelanceSupport", vsact: true, rtrtm: 0, trcd: 0, kyktid: null, vret: 0, vfgc: 0, fexp: 0, ceid: 0, ys: 0, compid: 0, cmid: 0, hrt: 174, dr: true, actrd: 0, sbid: null, spp: 0, shousd: false, sbrt: 0, tts: null, eml: null, as: null, vip: true, lvt: 1578583045}, mbm: {sk: "blackMobileSkin", ac: null}}}]
Thu Jan 9 20:21:41 GMT+0500 2020 [INFO] Client said: 34: ["house_268_livingroom", "h.r.ra", {}]
Thu Jan 9 20:21:41 GMT+0500 2020 [INFO] Server said: 34: ["a.clths.buy", {inv: {c: {cls: {it: [{c: 1, iid: "", tid: "girlUnderdress1"}, {c: 1, iid: "", tid: "girlUnderdress2"}, {c: 1, iid: "", tid: "girlShirt12"}, {c: 1, iid: "", tid: "girlNY20VKGiftPllvDr"}], id: "cls"}, act: {it: [], id: "act"}, frn: {it: [], id: "frn"}, gm: {it: [{c: 1, iid: "", tid: "blackMobileSkin"}], id: "gm"}, lt: {it: [], id: "lt"}}}, ccltn: {ctp: "casual", cct: ["girlShoes14", "girlNY20VKGiftPllvChrst", "girlPants9"], cn: ""}, crt: 570, res: {enrg: 500, gld: 5960, emd: 0, slvr: 10000}, clths: {clths: [{tpid: "girlShoes14", clid: null}, {tpid: "girlNY20VKGiftPllvChrst", clid: null}, {tpid: "girlPants9", clid: null}]}}]
Thu Jan 9 20:21:37 GMT+0500 2020 [INFO] Client said: 34: [null, "a.clths.buy", {tpid: "girlNY20VKGiftPllvChrst", ctp: "underdress", pind: 1, clths: {clths: [{tpid: "girlUnderdress2", clid: ""}, {tpid: "girlNY20VKGiftPllvChrst", clid: ""}]}}]
Thu Jan 9 20:21:15 GMT+0500 2020 [INFO] Server said: 34: ["ev.get", {tg: "", c: -1, evlst: [{uid: "333", st: 1578582046, c: 0, l: "club_v1e", ds: "иди", tt: "вииииип", ft: 1578583846, r: 8, ac: false, tp: 1, fo: false, ml: 1, unm: "настя", id: 333, lg: 30, ci: 0}, {uid: "245", st: 1578583005, c: 0, l: "club_v1e", ds: "заходите", tt: "СаЛаМ", ft: 1578590205, r: 8, ac: false, tp: 1, fo: false, ml: 59, unm: "..:::КнОпос", id: 245, lg: 30, ci: 0}, {uid: "871", st: 1578583230, c: 0, l: "livingroom", ds: ".", tt: "чё)", ft: 1578590430, r: 8, ac: false, tp: 0, fo: false, ml: 1, unm: "Майонез", id: 871, lg: 30, ci: 0}]}]
Thu Jan 9 20:21:12 GMT+0500 2020 [INFO] Server said: 34: ["ev.gse", {}]
Thu Jan 9 20:21:12 GMT+0500 2020 [INFO] Client said: 34: [null, "ev.get", {tg: "", c: -1, fof: false}]
Thu Jan 9 20:21:12 GMT+0500 2020 [INFO] Client said: 34: [null, "ev.gse", {}]
Thu Jan 9 20:20:53 GMT+0500 2020 [INFO] Server said: 34: ["ev.get", {tg: "", c: -1, evlst: [{uid: "333", st: 1578582046, c: 0, l: "club_v1e", ds: "иди", tt: "вииииип", ft: 1578583846, r: 8, ac: false, tp: 1, fo: false, ml: 1, unm: "настя", id: 333, lg: 30, ci: 0}, {uid: "245", st: 1578583005, c: 0, l: "club_v1e", ds: "заходите", tt: "СаЛаМ", ft: 1578590205, r: 8, ac: false, tp: 1, fo: false, ml: 59, unm: "..:::КнОпос", id: 245, lg: 30, ci: 0}, {uid: "871", st: 1578583230, c: 0, l: "livingroom", ds: ".", tt: "чё)", ft: 1578590430, r: 8, ac: false, tp: 0, fo: false, ml: 1, unm: "Майонез", id: 871, lg: 30, ci: 0}]}]
Thu Jan 9 20:20:51 GMT+0500 2020 [INFO] Server said: 34: ["ev.get", {tg: "", c: -1, evlst: [{uid: "333", st: 1578582046, c: 0, l: "club_v1e", ds: "иди", tt: "вииииип", ft: 1578583846, r: 8, ac: false, tp: 1, fo: false, ml: 1, unm: "настя", id: 333, lg: 30, ci: 0}, {uid: "245", st: 1578583005, c: 0, l: "club_v1e", ds: "заходите", tt: "СаЛаМ", ft: 1578590205, r: 8, ac: false, tp: 1, fo: false, ml: 59, unm: "..:::КнОпос", id: 245, lg: 30, ci: 0}, {uid: "871", st: 1578583230, c: 0, l: "livingroom", ds: ".", tt: "чё)", ft: 1578590430, r: 8, ac: false, tp: 0, fo: false, ml: 1, unm: "Майонез", id: 871, lg: 30, ci: 0}]}]
Thu Jan 9 20:20:49 GMT+0500 2020 [INFO] Server said: 34: ["ev.get", {tg: "", c: -1, evlst: [{uid: "333", st: 1578582046, c: 0, l: "club_v1e", ds: "иди", tt: "вииииип", ft: 1578583846, r: 8, ac: false, tp: 1, fo: false, ml: 1, unm: "настя", id: 333, lg: 30, ci: 0}, {uid: "245", st: 1578583005, c: 0, l: "club_v1e", ds: "заходите", tt: "СаЛаМ", ft: 1578590205, r: 8, ac: false, tp: 1, fo: false, ml: 59, unm: "..:::КнОпос", id: 245, lg: 30, ci: 0}, {uid: "871", st: 1578583230, c: 0, l: "livingroom", ds: ".", tt: "чё)", ft: 1578590430, r: 8, ac: false, tp: 0, fo: false, ml: 1, unm: "Майонез", id: 871, lg: 30, ci: 0}]}]
Thu Jan 9 20:20:48 GMT+0500 2020 [INFO] Server said: 34: ["ev.get", {tg: "", c: -1, evlst: [{uid: "333", st: 1578582046, c: 0, l: "club_v1e", ds: "иди", tt: "вииииип", ft: 1578583846, r: 8, ac: false, tp: 1, fo: false, ml: 1, unm: "настя", id: 333, lg: 30, ci: 0}, {uid: "245", st: 1578583005, c: 0, l: "club_v1e", ds: "заходите", tt: "СаЛаМ", ft: 1578590205, r: 8, ac: false, tp: 1, fo: false, ml: 59, unm: "..:::КнОпос", id: 245, lg: 30, ci: 0}, {uid: "871", st: 1578583230, c: 0, l: "livingroom", ds: ".", tt: "чё)", ft: 1578590430, r: 8, ac: false, tp: 0, fo: false, ml: 1, unm: "Майонез", id: 871, lg: 30, ci: 0}]}]
Thu Jan 9 20:20:46 GMT+0500 2020 [INFO] Server said: 34: ["ev.get", {tg: "", c: -1, evlst: [{uid: "333", st: 1578582046, c: 0, l: "club_v1e", ds: "иди", tt: "вииииип", ft: 1578583846, r: 8, ac: false, tp: 1, fo: false, ml: 1, unm: "настя", id: 333, lg: 30, ci: 0}, {uid: "245", st: 1578583005, c: 0, l: "club_v1e", ds: "заходите", tt: "СаЛаМ", ft: 1578590205, r: 8, ac: false, tp: 1, fo: false, ml: 59, unm: "..:::КнОпос", id: 245, lg: 30, ci: 0}, {uid: "871", st: 1578583230, c: 0, l: "livingroom", ds: ".", tt: "чё)", ft: 1578590430, r: 8, ac: false, tp: 0, fo: false, ml: 1, unm: "Майонез", id: 871, lg: 30, ci: 0}]}]
Thu Jan 9 20:20:45 GMT+0500 2020 [INFO] Server said: 34: ["ev.evi", {ev: {uid: "333", st: 1578582046, c: 0, l: "club_v1e", ds: "иди", tt: "вииииип", ft: 1578583846, r: 8, ac: false, tp: 1, fo: false, ml: 1, unm: "настя", id: 333, lg: 30, ci: 0}, id: 333, plr: {uid: "333", apprnc: {nct: 0, bc: 1, pt: 0, rc: 1, fac: 1, brc: 4, bt: 0, g: 2, brt: 29, ss: 0, et: 2, pc: 1, rg: 0, mt: 4, fft: 0, shc: 1, n: "настя", ht: 130, sh: 0, sc: 1, mc: 4, ssc: 1, ec: 2, hc: 2, fat: 0}, clths: {clths: [{tpid: "girlPntsWnt19Rd", clid: null}, {tpid: "girlShoes14", clid: null}, {tpid: "girlTShrtSh", clid: null}]}}}]
Thu Jan 9 20:20:43 GMT+0500 2020 [INFO] Server said: 34: ["ev.evi", {ev: {uid: "333", st: 1578582046, c: 0, l: "club_v1e", ds: "иди", tt: "вииииип", ft: 1578583846, r: 8, ac: false, tp: 1, fo: false, ml: 1, unm: "настя", id: 333, lg: 30, ci: 0}, id: 333, plr: {uid: "333", apprnc: {nct: 0, bc: 1, pt: 0, rc: 1, fac: 1, brc: 4, bt: 0, g: 2, brt: 29, ss: 0, et: 2, pc: 1, rg: 0, mt: 4, fft: 0, shc: 1, n: "настя", ht: 130, sh: 0, sc: 1, mc: 4, ssc: 1, ec: 2, hc: 2, fat: 0}, clths: {clths: [{tpid: "girlPntsWnt19Rd", clid: null}, {tpid: "girlShoes14", clid: null}, {tpid: "girlTShrtSh", clid: null}]}}}]
Thu Jan 9 20:20:42 GMT+0500 2020 [INFO] Server said: 34: ["ev.evi", {ev: {uid: "245", st: 1578583005, c: 0, l: "club_v1e", ds: "заходите", tt: "СаЛаМ", ft: 1578590205, r: 8, ac: false, tp: 1, fo: false, ml: 59, unm: "..:::КнОпос", id: 245, lg: 30, ci: 0}, id: 245, plr: {uid: "245", apprnc: {nct: 0, bc: 1, pt: 0, rc: 1, fac: 1, brc: 5, bt: 0, g: 2, brt: 18, ss: 9, et: 2, pc: 1, rg: 0, mt: 3, fft: 0, shc: 1, n: "..:::КнОпос", ht: 127, sh: 0, sc: 2, mc: 3, ssc: 1, ec: 1, hc: 10, fat: 0}, clths: {clths: [{tpid: "grlDrsCtr1", clid: "9"}, {tpid: "girlBtsEstr19", clid: null}]}}}]
Thu Jan 9 20:20:41 GMT+0500 2020 [INFO] Server said: 34: ["ev.evi", {ev: {uid: "245", st: 1578583005, c: 0, l: "club_v1e", ds: "заходите", tt: "СаЛаМ", ft: 1578590205, r: 8, ac: false, tp: 1, fo: false, ml: 59, unm: "..:::КнОпос", id: 245, lg: 30, ci: 0}, id: 245, plr: {uid: "245", apprnc: {nct: 0, bc: 1, pt: 0, rc: 1, fac: 1, brc: 5, bt: 0, g: 2, brt: 18, ss: 9, et: 2, pc: 1, rg: 0, mt: 3, fft: 0, shc: 1, n: "..:::КнОпос", ht: 127, sh: 0, sc: 2, mc: 3, ssc: 1, ec: 1, hc: 10, fat: 0}, clths: {clths: [{tpid: "grlDrsCtr1", clid: "9"}, {tpid: "girlBtsEstr19", clid: null}]}}}]
Thu Jan 9 20:20:40 GMT+0500 2020 [INFO] Client said: 34: [null, "ev.get", {tg: "", c: -1, fof: true}]
Thu Jan 9 20:20:39 GMT+0500 2020 [INFO] Server said: 34: ["ev.evi", {ev: {uid: "245", st: 1578583005, c: 0, l: "club_v1e", ds: "заходите", tt: "СаЛаМ", ft: 1578590205, r: 8, ac: false, tp: 1, fo: false, ml: 59, unm: "..:::КнОпос", id: 245, lg: 30, ci: 0}, id: 245, plr: {uid: "245", apprnc: {nct: 0, bc: 1, pt: 0, rc: 1, fac: 1, brc: 5, bt: 0, g: 2, brt: 18, ss: 9, et: 2, pc: 1, rg: 0, mt: 3, fft: 0, shc: 1, n: "..:::КнОпос", ht: 127, sh: 0, sc: 2, mc: 3, ssc: 1, ec: 1, hc: 10, fat: 0}, clths: {clths: [{tpid: "grlDrsCtr1", clid: "9"}, {tpid: "girlBtsEstr19", clid: null}]}}}]
Thu Jan 9 20:20:38 GMT+0500 2020 [INFO] Client said: 34: [null, "ev.get", {tg: "", c: 3, fof: false}]
Thu Jan 9 20:20:38 GMT+0500 2020 [INFO] Client said: 34: [null, "ev.get", {tg: "", c: 2, fof: false}]
Thu Jan 9 20:20:38 GMT+0500 2020 [INFO] Client said: 34: [null, "ev.get", {tg: "", c: 1, fof: false}]
Thu Jan 9 20:20:37 GMT+0500 2020 [INFO] Server said: 34: ["ev.evi", {ev: {uid: "245", st: 1578583005, c: 0, l: "club_v1e", ds: "заходите", tt: "СаЛаМ", ft: 1578590205, r: 8, ac: false, tp: 1, fo: false, ml: 59, unm: "..:::КнОпос", id: 245, lg: 30, ci: 0}, id: 245, plr: {uid: "245", apprnc: {nct: 0, bc: 1, pt: 0, rc: 1, fac: 1, brc: 5, bt: 0, g: 2, brt: 18, ss: 9, et: 2, pc: 1, rg: 0, mt: 3, fft: 0, shc: 1, n: "..:::КнОпос", ht: 127, sh: 0, sc: 2, mc: 3, ssc: 1, ec: 1, hc: 10, fat: 0}, clths: {clths: [{tpid: "grlDrsCtr1", clid: "9"}, {tpid: "girlBtsEstr19", clid: null}]}}}]
Thu Jan 9 20:20:37 GMT+0500 2020 [INFO] Client said: 34: [null, "ev.get", {tg: "", c: 0, fof: false}]
Thu Jan 9 20:20:34 GMT+0500 2020 [INFO] Server said: 34: ["ev.evi", {ev: {uid: "245", st: 1578583005, c: 0, l: "club_v1e", ds: "заходите", tt: "СаЛаМ", ft: 1578590205, r: 8, ac: false, tp: 1, fo: false, ml: 59, unm: "..:::КнОпос", id: 245, lg: 30, ci: 0}, id: 245, plr: {uid: "245", apprnc: {nct: 0, bc: 1, pt: 0, rc: 1, fac: 1, brc: 5, bt: 0, g: 2, brt: 18, ss: 9, et: 2, pc: 1, rg: 0, mt: 3, fft: 0, shc: 1, n: "..:::КнОпос", ht: 127, sh: 0, sc: 2, mc: 3, ssc: 1, ec: 1, hc: 10, fat: 0}, clths: {clths: [{tpid: "grlDrsCtr1", clid: "9"}, {tpid: "girlBtsEstr19", clid: null}]}}}]
Thu Jan 9 20:20:34 GMT+0500 2020 [INFO] Client said: 34: [null, "ev.evi", {id: 333}]
Thu Jan 9 20:20:34 GMT+0500 2020 [INFO] Client said: 34: [null, "ev.evi", {id: 333}]
Thu Jan 9 20:20:33 GMT+0500 2020 [INFO] Client said: 34: [null, "ev.evi", {id: 245}]
Thu Jan 9 20:20:33 GMT+0500 2020 [INFO] Client said: 34: [null, "ev.evi", {id: 245}]
Thu Jan 9 20:20:33 GMT+0500 2020 [INFO] Client said: 34: [null, "ev.evi", {id: 245}]
Thu Jan 9 20:20:32 GMT+0500 2020 [INFO] Client said: 34: [null, "ev.evi", {id: 245}]
Thu Jan 9 20:20:31 GMT+0500 2020 [INFO] Client said: 34: [null, "ev.evi", {id: 245}]
Thu Jan 9 20:20:30 GMT+0500 2020 [INFO] Server said: 34: ["ev.gse", {}]