ClientError: Thu Jan 9 18:18:09 GMT+0300 2020 [CRITICAL] [house] *Uncaught Error* ErrorId: 1010 ErrorName: TypeError ErrorMessage:Error #1010 ErrorStackTrace:TypeError: Error #1010
	at _-1u9::URL/parse()
	at _-1u9::URL()
	at _-18R::LoadingItem()
	at _-18R::SWFLoadingItem()
	at _-0bS::MassLoader/add()
	at _-0bS::MassLoader/_-2R5()
	at flash.events::EventDispatcher/dispatchEvent()
	at _-18R::LoadingItem/_-1Iu()
	at _-18R::LoadingItem/onError()
	at _-18R::SWFLoadingItem/onError()
	at flash.events::EventDispatcher/dispatchEvent()
	at flash.net::URLLoader/onComplete()
Thu Jan 9 18:17:48 GMT+0300 2020 [INFO] Loaded  LoadingItem(url: http://62.113.113.58:8080/files/swf/furniture/house/DoorWood.swf, status: 2) 
Thu Jan 9 18:17:44 GMT+0300 2020 [INFO] Server said: 34: ["srqst.gtrq", {rqlst: {rlst: {}, lapt: {}, shwdt: 0, rsprlst: {}}}]
Thu Jan 9 18:17:44 GMT+0300 2020 [INFO] Client said: 34: [null, "nws.getglbl", {}]
Thu Jan 9 18:17:44 GMT+0300 2020 [INFO] Server said: 34: ["nws.hasnews", {gnexst: true, gnunr: true}]
Thu Jan 9 18:17:44 GMT+0300 2020 [INFO] Server said: 34: ["cp.cht.gbl", {blcklst: {uids: []}}]
Thu Jan 9 18:17:44 GMT+0300 2020 [INFO] Client said: 34: [null, "crq.lrui", {uid: 564}]
Thu Jan 9 18:17:44 GMT+0300 2020 [INFO] Server said: 34: ["cm.new", {campaigns: [{st: 1, ed: 2442905160000, id: 643, iu: "", cil: [{si: 0, gl: 0, id: 8151, cid: 643, tid: "clans", sc: 0}, {si: 0, gl: 0, id: 8152, cid: 643, tid: "clanRating_off", sc: 0}], tp: 9, v: 1}, {st: 1, ed: 1659222000000, id: 316, iu: "", cil: [{si: 0, gl: 0, id: 2514, cid: 316, tid: "mobile", sc: 0}], tp: 9, v: 1}, {st: 2, ed: 1919631600000, id: 299, iu: "", cil: [{si: 0, gl: 0, id: 2434, cid: 299, tid: "fortune2", sc: 0}], tp: 9, v: 1}, {st: 1, ed: 1440630000000, id: 114, iu: "", cil: [{si: 0, gl: 0, id: 1110, cid: 114, tid: "professions", sc: 0}, {si: 0, gl: 0, id: 1111, cid: 114, tid: "grdnr", sc: 0}, {si: 0, gl: 0, id: 1112, cid: 114, tid: "jntr", sc: 0}, {si: 0, gl: 0, id: 1577, cid: 114, tid: "vsgst", sc: 0}, {si: 0, gl: 0, id: 1578, cid: 114, tid: "phtghr", sc: 0}], tp: 9, v: 1}]}]
Thu Jan 9 18:17:43 GMT+0300 2020 [INFO] Client said: 34: [null, "srqst.gtrq", {}]
Thu Jan 9 18:17:43 GMT+0300 2020 [INFO] Server said: 34: ["h.minfo", {tm: 1, plr: {locinfo: {at: "", st: 0, y: 0, l: "", x: 0, s: "127.0.0.1", pl: "", d: 4, shlc: true}, uid: "564", ci: {exp: 85800, lvt: 1578582595, lrnt: 0, crt: 18, gdc: 0, actrp: 0, ysct: 0, ys: 0, fexp: 0, vip: true, spp: 0, lgt: 0, bcld: 0, compid: 0, as: null, tts: null, gtrfrd: 0, sbid: null, cmid: 0, vexp: 1965298000, actrd: 0, vsexp: 1965298000, vfgc: 0, vsact: true, actrt: 0, kyktid: null, vret: 0, pamns: {amn: []}, sbrt: 0, ceid: 0, trid: null, lwts: 0, skrt: 0, fak: null, shcr: true, shousd: false, skid: null, strfrd: 0, trcd: 0, eml: null, plcmt: {}, rtrtm: 0, hrt: 174, rpt: 0, crst: 0, dr: true}, mbm: {sk: "blackMobileSkin", ac: null}, clths: {clths: [{tpid: "boyShirt14", clid: null}, {tpid: "boyShoes8", clid: null}, {tpid: "boyPants10", clid: null}]}, usrinf: {rl: 0}, hs: {lt: 0, r: [{nm: "Комната 3", lev: 2, id: "3", f: [{tpid: "wall15", y: 0, z: 0, x: 0, lid: 1, d: 3}, {tpid: "door4", y: 0, z: 0, rid: "outside", x: 3, lid: 4, d: 3}, {tpid: "wall15", y: 0, z: 0, x: 13, lid: 2, d: 5}, {tpid: "floor4", y: 0, z: 0, x: 0, lid: 3, d: 5}], l: 13, w: 13}, {nm: "Комната 5", lev: 2, id: "5", f: [{tpid: "wall15", y: 0, z: 0, x: 0, lid: 1, d: 3}, {tpid: "door4", y: 0, z: 0, rid: "outside", x: 3, lid: 4, d: 3}, {tpid: "wall15", y: 0, z: 0, x: 13, lid: 2, d: 5}, {tpid: "floor4", y: 0, z: 0, x: 0, lid: 3, d: 5}], l: 13, w: 13}, {nm: "Комната 2", lev: 2, id: "2", f: [{tpid: "wall15", y: 0, z: 0, x: 0, lid: 1, d: 3}, {tpid: "door4", y: 0, z: 0, rid: "outside", x: 3, lid: 4, d: 3}, {tpid: "wall15", y: 0, z: 0, x: 13, lid: 2, d: 5}, {tpid: "floor4", y: 0, z: 0, x: 0, lid: 3, d: 5}], l: 13, w: 13}, {nm: "Комната 1", lev: 2, id: "1", f: [{tpid: "wall15", y: 0, z: 0, x: 0, lid: 1, d: 3}, {tpid: "door4", y: 0, z: 0, rid: "outside", x: 3, lid: 4, d: 3}, {tpid: "wall15", y: 0, z: 0, x: 13, lid: 2, d: 5}, {tpid: "floor4", y: 0, z: 0, x: 0, lid: 3, d: 5}], l: 13, w: 13}, {nm: "#livingRoom", lev: 1, id: "livingroom", f: [{tpid: "wall15", y: 0, z: 0, x: 0, lid: 1, d: 3}, {tpid: "door4", y: 0, z: 0, rid: "outside", x: 3, lid: 4, d: 3}, {tpid: "wall15", y: 0, z: 0, x: 13, lid: 2, d: 5}, {tpid: "floor4", y: 0, z: 0, x: 0, lid: 3, d: 5}], l: 13, w: 13}, {nm: "Комната 4", lev: 2, id: "4", f: [{tpid: "wall15", y: 0, z: 0, x: 0, lid: 1, d: 3}, {tpid: "door4", y: 0, z: 0, rid: "outside", x: 3, lid: 4, d: 3}, {tpid: "wall15", y: 0, z: 0, x: 13, lid: 2, d: 5}, {tpid: "floor4", y: 0, z: 0, x: 0, lid: 3, d: 5}], l: 13, w: 13}]}, apprnc: {ht: 86, rg: 0, hc: 7, sc: 2, g: 1, mt: 1, fac: 1, bc: 1, brt: 3, fft: 0, n: "ХУЛИGAN", pt: 0, brc: 2, pc: 1, rc: 1, ec: 4, nct: 0, bt: 0, sh: 0, fat: 0, ss: 0, et: 19, shc: 1, mc: 3, ssc: 1}, pf: {pf: {vsgst: {pgs: 0, tp: "vsgst", l: 20}, phtghr: {pgs: 0, tp: "phtghr", l: 20}, jntr: {pgs: 0, tp: "jntr", l: 20}, grdnr: {pgs: 0, tp: "grdnr", l: 20}}}, res: {slvr: 10000, enrg: 500, emd: 0, gld: 100}, cs: {ccltns: {casual: {cct: ["boyShirt14", "boyShoes8", "boyPants10"], cn: "", ctp: "casual"}}, cc: "casual"}, onl: true, inv: {c: {act: {id: "act", it: []}, gm: {id: "gm", it: [{iid: "", c: 1, tid: "blackMobileSkin"}]}, cls: {id: "cls", it: [{iid: "", c: 1, tid: "boyUnderdress1"}]}, lt: {id: "lt", it: []}, frn: {id: "frn", it: []}}}, achc: {tr: {avaBirthdayTrophy2016: {trrt: 0, trid: "avaBirthdayTrophy2016", trcd: 0}, firstApril16Place1: {trrt: 0, trid: "firstApril16Place1", trcd: 0}, newYear2017: {trrt: 0, trid: "newYear2017", trcd: 0}, weddingDay: {trrt: 0, trid: "weddingDay", trcd: 0}, springDay2018: {trrt: 0, trid: "springDay2018", trcd: 0}, firstApril16Place5: {trrt: 0, trid: "firstApril16Place5", trcd: 0}, halloween2017: {trrt: 0, trid: "halloween2017", trcd: 0}, familyDay2016: {trrt: 0, trid: "familyDay2016", trcd: 0}, snowboardPlace1: {trrt: 0, trid: "snowboardPlace1", trcd: 0}, firstApril16Place3: {trrt: 0, trid: "firstApril16Place3", trcd: 0}, activityPlace1: {trrt: 0, trid: "activityPlace1", trcd: 0}, freelanceVideo: {trrt: 0, trid: "freelanceVideo", trcd: 0}, newYear2018: {trrt: 0, trid: "newYear2018", trcd: 0}, halloween2016: {trrt: 0, trid: "halloween2016", trcd: 0}, snowboardPlace2: {trrt: 0, trid: "snowboardPlace2", trcd: 0}, firstApril2018: {trrt: 0, trid: "firstApril2018", trcd: 0}, mittens2020: {trrt: 0, trid: "mittens2020", trcd: 0}, freelanceCup: {trrt: 0, trid: "freelanceCup", trcd: 0}, freelanceSupport: {trrt: 0, trid: "freelanceSupport", trcd: 0}, activityPlace3: {trrt: 0, trid: "activityPlace3", trcd: 0}, avatarBirthday: {trrt: 0, trid: "avatarBirthday", trcd: 0}, newYear2019: {trrt: 0, trid: "newYear2019", trcd: 0}, newYear2020hero: {trrt: 0, trid: "newYear2020hero", trcd: 0}, freelanceTwitterInstagram: {trrt: 0, trid: "freelanceTwitterInstagram", trcd: 0}, dzo2019: {trrt: 0, trid: "dzo2019", trcd: 0}, freelanceExchange: {trrt: 0, trid: "freelanceExchange", trcd: 0}, autumnEvent2019: {trrt: 0, trid: "autumnEvent2019", trcd: 0}, yearAvatar: {trrt: 0, trid: "yearAvatar", trcd: 0}, springDay2017: {trrt: 0, trid: "springDay2017", trcd: 0}, firstApril16Place2: {trrt: 0, trid: "firstApril16Place2", trcd: 0}, halloween2018: {trrt: 0, trid: "halloween2018", trcd: 0}, freelanceModerator: {trrt: 0, trid: "freelanceModerator", trcd: 0}, stVal2018: {trrt: 0, trid: "stVal2018", trcd: 0}, firstApril16Place4: {trrt: 0, trid: "firstApril16Place4", trcd: 0}, freelanceMicrophone: {trrt: 0, trid: "freelanceMicrophone", trcd: 0}, snowboardPlace3: {trrt: 0, trid: "snowboardPlace3", trcd: 0}, activityPlace2: {trrt: 0, trid: "activityPlace2", trcd: 0}, firstApril2019: {trrt: 0, trid: "firstApril2019", trcd: 0}, freelanceJournal: {trrt: 0, trid: "freelanceJournal", trcd: 0}}, ac: {subscription: {aId: "subscription", p: 0, nWct: 0, l: 3}, vip: {aId: "vip", p: 0, nWct: 0, l: 3}, workaholic: {aId: "workaholic", p: 0, nWct: 0, l: 3}, activityWinner: {aId: "activityWinner", p: 0, nWct: 0, l: 3}, shopaholic: {aId: "shopaholic", p: 0, nWct: 0, l: 3}, goodFriend: {aId: "goodFriend", p: 0, nWct: 0, l: 3}, crafter: {aId: "crafter", p: 0, nWct: 0, l: 3}, meerkatBear: {aId: "meerkatBear", p: 0, nWct: 0, l: 3}, generous: {aId: "generous", p: 0, nWct: 0, l: 3}, pilowChamp: {aId: "pilowChamp", p: 0, nWct: 0, l: 3}, carRaceChamp: {aId: "carRaceChamp", p: 0, nWct: 0, l: 3}, beachRaceChamp: {aId: "beachRaceChamp", p: 0, nWct: 0, l: 3}, magnate: {aId: "magnate", p: 0, nWct: 0, l: 3}, snowboarder: {aId: "snowboarder", p: 0, nWct: 0, l: 3}}}}}]
Thu Jan 9 18:17:22 GMT+0300 2020 [INFO] Server said: 34: ["a.apprnc.save", {apprnc: {ht: 86, rg: 0, hc: 7, sc: 2, g: 1, mt: 1, fac: 1, bc: 1, brt: 3, fft: 0, n: "ХУЛИGAN", pt: 0, brc: 2, pc: 1, rc: 1, ec: 4, nct: 0, bt: 0, sh: 0, fat: 0, ss: 0, et: 19, shc: 1, mc: 3, ssc: 1}}]
Thu Jan 9 18:17:20 GMT+0300 2020 [INFO] Server said: 34: ["a.apprnc.save", {apprnc: {ht: 86, rg: 0, hc: 7, sc: 2, g: 1, mt: 1, fac: 1, bc: 1, brt: 3, fft: 0, n: "ХУЛИGAN", pt: 0, brc: 2, pc: 1, rc: 1, ec: 4, nct: 0, bt: 0, sh: 0, fat: 0, ss: 0, et: 19, shc: 1, mc: 3, ssc: 1}}]
Thu Jan 9 18:17:18 GMT+0300 2020 [INFO] Server said: 34: ["a.apprnc.save", {apprnc: {ht: 86, rg: 0, hc: 7, sc: 2, g: 1, mt: 1, fac: 1, bc: 1, brt: 3, fft: 0, n: "ХУЛИGAN", pt: 0, brc: 2, pc: 1, rc: 1, ec: 4, nct: 0, bt: 0, sh: 0, fat: 0, ss: 0, et: 19, shc: 1, mc: 3, ssc: 1}}]
Thu Jan 9 18:17:16 GMT+0300 2020 [INFO] Client said: 34: [null, "h.minfo", {onl: false, tm: 1578583036}]
Thu Jan 9 18:17:16 GMT+0300 2020 [INFO] Server said: 34: ["a.apprnc.save", {apprnc: {ht: 86, rg: 0, hc: 7, sc: 2, g: 1, mt: 1, fac: 1, bc: 1, brt: 3, fft: 0, n: "ХУЛИGAN", pt: 0, brc: 2, pc: 1, rc: 1, ec: 4, nct: 0, bt: 0, sh: 0, fat: 0, ss: 0, et: 19, shc: 1, mc: 3, ssc: 1}}]
Thu Jan 9 18:17:13 GMT+0300 2020 [INFO] Client said: 34: [null, "a.apprnc.save", {apprnc: {ht: 86, rg: 0, hc: 7, sc: 2, g: 1, mt: 1, fac: 1, bc: 1, brt: 3, fft: 0, n: "ХУЛИGAN", pt: 0, brc: 2, pc: 1, rc: 1, ec: 4, nct: 0, bt: 0, sh: 0, fat: 0, shc: 1, et: 19, ss: 0, mc: 3, ssc: 1}}]
Thu Jan 9 18:17:08 GMT+0300 2020 [INFO] Client said: 34: [null, "a.apprnc.save", {apprnc: {ht: 86, rg: 0, hc: 7, sc: 2, g: 1, mt: 1, fac: 1, bc: 1, brt: 3, fft: 0, n: "ХУЛИGAN", pt: 0, brc: 2, pc: 1, rc: 1, ec: 4, nct: 0, bt: 0, sh: 0, fat: 0, shc: 1, et: 19, ss: 0, mc: 3, ssc: 1}}]
Thu Jan 9 18:17:06 GMT+0300 2020 [INFO] Client said: 34: [null, "a.apprnc.save", {apprnc: {ht: 86, rg: 0, hc: 7, sc: 2, g: 1, mt: 1, fac: 1, bc: 1, brt: 3, fft: 0, n: "ХУЛИGAN", pt: 0, brc: 2, pc: 1, rc: 1, ec: 4, nct: 0, bt: 0, sh: 0, fat: 0, shc: 1, et: 19, ss: 0, mc: 3, ssc: 1}}]
Thu Jan 9 18:17:00 GMT+0300 2020 [INFO] Client said: 34: [null, "a.apprnc.save", {apprnc: {ht: 86, rg: 0, hc: 7, sc: 2, g: 1, mt: 1, fac: 1, bc: 1, brt: 3, fft: 0, n: "ХУЛИGAN", pt: 0, brc: 2, pc: 1, rc: 1, ec: 4, nct: 0, bt: 0, sh: 0, fat: 0, shc: 1, et: 19, ss: 0, mc: 3, ssc: 1}}]
Thu Jan 9 18:15:37 GMT+0300 2020 [INFO] Server said: 34: ["h.minfo", {has.avtr: false}]
Thu Jan 9 18:15:37 GMT+0300 2020 [INFO] Server said: 34: ["ctmr.get", {tu: {snowboardRating: []}}]
Thu Jan 9 18:15:37 GMT+0300 2020 [INFO] Server said: 34: ["ur.get", {bt: [{cr: 76611, uid: 39, hr: 600374}, {cr: 20930, uid: 14, hr: 413116}, {cr: 6295, uid: 70, hr: 251420}, {cr: 1609, uid: 71, hr: 240220}, {cr: 29541, uid: 68, hr: 192469}, {cr: 23433, uid: 64, hr: 121044}, {cr: 2664, uid: 97, hr: 93928}, {cr: 9252, uid: 80, hr: 65707}, {cr: 1066, uid: 18, hr: 40174}, {cr: 1682, uid: 55, hr: 32583}]}]
Thu Jan 9 18:09:52 GMT+0300 2020 [INFO] Server said: 34: ["mail.gc", {in: [], out: []}]
Thu Jan 9 18:09:52 GMT+0300 2020 [INFO] Server said: 34: ["rl.get", {uid: "564", rlts: {}}]
Thu Jan 9 18:09:52 GMT+0300 2020 [INFO] Client said: 34: [null, "h.minfo", {onl: false, tm: 1578582592}]
Thu Jan 9 18:09:52 GMT+0300 2020 [INFO] Client said: 34: [null, "ctmr.get", {}]
Thu Jan 9 18:09:52 GMT+0300 2020 [INFO] Client said: 34: [null, "ur.get", {}]
Thu Jan 9 18:09:52 GMT+0300 2020 [INFO] Client said: 34: [null, "mail.gc", {}]
Thu Jan 9 18:09:52 GMT+0300 2020 [INFO] Client said: 34: [null, "rl.get", {}]
Thu Jan 9 18:09:52 GMT+0300 2020 [INFO] Server said: 1: ["564", true, false, false]
Thu Jan 9 18:09:51 GMT+0300 2020 [INFO] Client said: 1: ["house", "564", "rHtVZSwiiohWXKapDPVf", {gdr: 0, pht: "http://vkontakte.ru/images/question_b.gif", ln: "", rftp: null, fn: "", nk: "", ctr: 0, bd: "", clvrn: "84.0.4", cty: 0, lng: "ru", rd: 0, sid: "564", rfid: null, v: 2, lcl: "ru"}]
Thu Jan 9 18:09:43 GMT+0300 2020 [INFO] /social?uids=564&method=getProfiles&user_id=564&
Thu Jan 9 18:09:30 GMT+0300 2020 [INFO] Loaded  LoadingItem(url: http://62.113.113.58:8080/files/swf/clothes/BarbarianClothes_cfc285668f12b51ae1c94b25c952d5bf.swf, status: 2) 
Thu Jan 9 18:09:30 GMT+0300 2020 [INFO] Loaded  LoadingItem(url: http://62.113.113.58:8080/files/swf/AvatarIcons_b6e9c2682dde732c17c4749db2c21d05.swf, status: 2) 
Thu Jan 9 18:09:29 GMT+0300 2020 [INFO] Loaded  LoadingItem(url: http://62.113.113.58:8080/files/swf/Kitchen_f12ddf54fdec8176aa993f387b16658b.swf, status: 2) 
Thu Jan 9 18:09:29 GMT+0300 2020 [INFO] Loaded  LoadingItem(url: http://62.113.113.58:8080/files/swf/modules/FirstApril2019_c61d0c4ae4ed7bf2bb6c56a0b0aef0cd.swf, status: 2) 
Thu Jan 9 18:09:29 GMT+0300 2020 [INFO] Loaded  LoadingItem(url: http://62.113.113.58:8080/files/swf/clothes/GirlUsaSkateClothes_49b71f8a9dba4d8c7cb27f7d554e5f4f.swf, status: 2) 
Thu Jan 9 18:09:28 GMT+0300 2020 [INFO] Loaded  LoadingItem(url: http://62.113.113.58:8080/files/swf/clothes/GirlPhotosalonClothes_4911fba7e3d24a63277a177809b7cd35.swf, status: 2) 
Thu Jan 9 18:09:28 GMT+0300 2020 [INFO] Loaded  LoadingItem(url: http://62.113.113.58:8080/files/swf/clothes/GirlUnderClothes_60ac1f61dcc5ad1fbb20f8de60b3684e.swf, status: 2) 