ClientError: Thu Jan 9 21:56:28 GMT+0700 2020 [CRITICAL] [house] *Uncaught Error* ErrorId: 1010 ErrorName: TypeError ErrorMessage:Error #1010 ErrorStackTrace:TypeError: Error #1010
	at _-1u9::URL/parse()
	at _-1u9::URL()
	at _-18R::LoadingItem()
	at _-18R::SWFLoadingItem()
	at _-0bS::MassLoader/add()
	at _-0bS::MassLoader/_-2R5()
	at flash.events::EventDispatcher/dispatchEvent()
	at _-18R::LoadingItem/_-1Iu()
	at _-18R::LoadingItem/onError()
	at _-18R::SWFLoadingItem/onError()
	at flash.events::EventDispatcher/dispatchEvent()
	at flash.net::URLLoader/onComplete()
Thu Jan 9 21:56:23 GMT+0700 2020 [INFO] Client said: 34: ["house_734_1", "h.r.u", {uid: "734", x: 4.05, st: 0, y: 0.1, d: 4}]
Thu Jan 9 21:56:23 GMT+0700 2020 [INFO] Server said: 34: ["lg.lst", {glst: []}]
Thu Jan 9 21:56:23 GMT+0700 2020 [INFO] Client said: 34: ["house_734_1", "lg.lst", {}]
Thu Jan 9 21:56:23 GMT+0700 2020 [INFO] Server said: 34: ["h.r.info", {rm: {nm: "Комната 1", lev: 2, id: "1", f: [{x: 0, y: 0, z: 0, lid: 1, d: 3, tpid: "wall15"}, {x: 3, y: 0, z: 0, lid: 4, rid: "outside", d: 3, tpid: "door4"}, {x: 13, y: 0, z: 0, lid: 2, d: 5, tpid: "wall15"}, {x: 0, y: 0, z: 0, lid: 3, d: 5, tpid: "floor4"}], l: 13, w: 13}, rmmb: [{uid: "734", usrinf: {rl: 0}, pf: {pf: {grdnr: {pgs: 0, tp: "grdnr", l: 20}, vsgst: {pgs: 0, tp: "vsgst", l: 20}, jntr: {pgs: 0, tp: "jntr", l: 20}, phtghr: {pgs: 0, tp: "phtghr", l: 20}}}, mbm: {ac: null, sk: "blackMobileSkin"}, locinfo: {x: -1, s: "127.0.0.1", y: -1, shlc: true, at: "", st: 0, d: 4, l: "house_734_1", pl: ""}, apprnc: {mt: 4, brc: 4, brt: 4, rg: 0, pc: 1, g: 2, hc: 5, fft: 0, fat: 0, ht: 131, et: 8, fac: 1, sh: 0, ec: 5, ssc: 1, bc: 1, n: "Betty", pt: 0, nct: 0, rc: 1, sc: 2, bt: 0, mc: 2, shc: 1, ss: 0}, ci: {vip: true, exp: 85800, strfrd: 0, vsexp: 1965298000, skid: null, crt: 10, skrt: 0, gtrfrd: 0, rtrtm: 0, vsact: true, rpt: 0, vret: 0, hrt: 573, ys: 0, vfgc: 0, trcd: 0, bcld: 0, sbid: null, ceid: 0, kyktid: null, cmid: 0, gdc: 0, actrt: 0, dr: true, pamns: {amn: []}, spp: 0, compid: 0, fexp: 0, lgt: 0, actrp: 0, actrd: 0, sbrt: 0, trid: null, shousd: false, plcmt: {}, tts: null, as: null, eml: null, vexp: 1965298000, lvt: 1578581683, crst: 0, ysct: 0, lrnt: 0, fak: null, shcr: true, lwts: 0}, clths: {clths: [{clid: null, tpid: "girlShirt12"}, {clid: null, tpid: "girlShoes14"}, {clid: null, tpid: "girlPants9"}]}}], evn: null}]
Thu Jan 9 21:56:23 GMT+0700 2020 [INFO] Client said: 34: ["house_734_1", "h.r.info", {uid: "734", rid: "1"}]
Thu Jan 9 21:56:23 GMT+0700 2020 [INFO] Server said: 34: ["h.gr", {rid: "house_734_1"}]
Thu Jan 9 21:56:23 GMT+0700 2020 [INFO] Server said: 16: ["house_734_1", "734"]
Thu Jan 9 21:56:22 GMT+0700 2020 [INFO] Server said: 34: ["h.r.jn", {plr: {uid: "734", usrinf: {rl: 0}, pf: {pf: {grdnr: {pgs: 0, tp: "grdnr", l: 20}, vsgst: {pgs: 0, tp: "vsgst", l: 20}, jntr: {pgs: 0, tp: "jntr", l: 20}, phtghr: {pgs: 0, tp: "phtghr", l: 20}}}, mbm: {ac: null, sk: "blackMobileSkin"}, locinfo: {x: -1, s: "127.0.0.1", y: -1, shlc: true, at: "", st: 0, d: 4, l: "house_734_1", pl: ""}, apprnc: {mt: 4, brc: 4, brt: 4, rg: 0, pc: 1, g: 2, hc: 5, fft: 0, fat: 0, ht: 131, et: 8, fac: 1, sh: 0, ec: 5, ssc: 1, bc: 1, n: "Betty", pt: 0, nct: 0, rc: 1, sc: 2, bt: 0, mc: 2, shc: 1, ss: 0}, ci: {vip: true, exp: 85800, strfrd: 0, vsexp: 1965298000, skid: null, crt: 10, skrt: 0, gtrfrd: 0, rtrtm: 0, vsact: true, rpt: 0, vret: 0, hrt: 573, ys: 0, vfgc: 0, trcd: 0, bcld: 0, sbid: null, ceid: 0, kyktid: null, cmid: 0, gdc: 0, actrt: 0, dr: true, pamns: {amn: []}, spp: 0, compid: 0, fexp: 0, lgt: 0, actrp: 0, actrd: 0, sbrt: 0, trid: null, shousd: false, plcmt: {}, tts: null, as: null, eml: null, vexp: 1965298000, lvt: 1578581683, crst: 0, ysct: 0, lrnt: 0, fak: null, shcr: true, lwts: 0}, clths: {clths: [{clid: null, tpid: "girlShirt12"}, {clid: null, tpid: "girlShoes14"}, {clid: null, tpid: "girlPants9"}]}}}]
Thu Jan 9 21:56:22 GMT+0700 2020 [INFO] Client said: 34: [null, "h.gr", {lid: "house", gid: "734", rid: "1"}]
Thu Jan 9 21:56:22 GMT+0700 2020 [INFO] Client said: 17: ["house_734_1"]