ClientError: Thu Jan 9 22:13:03 GMT+0700 2020 [CRITICAL] [house] *Uncaught Error* ErrorId: 1009 ErrorName: TypeError ErrorMessage:Error #1009 ErrorStackTrace:TypeError: Error #1009
	at _-XG::HouseRoomScreen/renderItems()
	at _-PQ::BaseRoomScreen/onRefreshRoom()
	at _-XG::HouseRoomScreen/onRefreshRoom()
	at _-XG::SelfHouseRoomScreen/onRefreshRoom()
	at flash.events::EventDispatcher/dispatchEvent()
	at _-uU::HouseRoomManager/onRefreshRoom()
	at flash.events::EventDispatcher/dispatchEvent()
	at ags::_-2t/_-2dI()
	at flash.events::EventDispatcher/dispatchEvent()
	at _-0en::_-0O8/_-1LF()
	at _-0en::_-0O8/execute()
	at ags::AGSClient/_-0i9()
	at ags::AGSClient/_-2ZF()
	at ags::AGSClient/_-2Ea()
Thu Jan 9 22:13:03 GMT+0700 2020 [INFO] Server said: 34: ["h.r.rfr", {rm: {f: [{x: 7.203125, y: 0, z: 0.8, lid: 86393847, d: 3, tpid: "grlndHW2019"}, {x: 12, y: 0, z: 0, lid: 4355149, d: 3, tpid: "nsPrns"}, {x: 0, y: 0, z: 0, lid: 26891430, d: 5, tpid: "flrGRtr"}, {x: 3.453125, y: 0, z: 0, lid: 4, rid: "outside", d: 3, tpid: "drGRtr"}, {x: 2, y: 2, z: 0, lid: 38698396, d: 5, tpid: "chrBch"}, {x: 0, y: 0, z: 0, lid: 22367315, d: 3, tpid: "wllGRtr"}, {x: 3, y: 4, z: 0, lid: 57146700, d: 5, tpid: "carVip3"}, {x: 13, y: 0, z: 0, lid: 22367316, d: 5, tpid: "wllGRtr"}, {x: 1, y: 0, z: 0, lid: 29124669, d: 3, tpid: "caseForgetMirror"}, {x: 8, y: 0, z: 0, lid: 31195440, d: 3, tpid: "bdPrncss"}], lev: 2, l: 13, w: 13, nm: "Комната 1"}}]
Thu Jan 9 22:12:59 GMT+0700 2020 [INFO] Server said: 34: ["spt.init", {a: false}]
Thu Jan 9 22:12:58 GMT+0700 2020 [INFO] Server said: 34: ["h.gr", {rid: "house_734_1"}]
Thu Jan 9 22:12:58 GMT+0700 2020 [INFO] Server said: 16: ["house_734_1", "734"]
Thu Jan 9 22:12:58 GMT+0700 2020 [INFO] Server said: 34: ["h.r.jn", {plr: {uid: "734", usrinf: {rl: 0}, pf: {pf: {grdnr: {pgs: 0, tp: "grdnr", l: 20}, vsgst: {pgs: 0, tp: "vsgst", l: 20}, jntr: {pgs: 0, tp: "jntr", l: 20}, phtghr: {pgs: 0, tp: "phtghr", l: 20}}}, mbm: {ac: null, sk: "blackMobileSkin"}, locinfo: {x: -1, s: "127.0.0.1", y: -1, shlc: true, at: "", st: 0, d: 4, l: "house_734_1", pl: ""}, apprnc: {mt: 4, brc: 4, brt: 4, rg: 0, pc: 1, g: 2, hc: 5, fft: 0, fat: 0, ht: 131, et: 8, fac: 1, sh: 0, ec: 5, ssc: 1, bc: 1, n: "Betty", pt: 0, nct: 0, rc: 1, sc: 2, bt: 0, mc: 2, shc: 1, ss: 0}, ci: {vip: true, exp: 85800, strfrd: 0, vsexp: 1965298000, skid: null, crt: 10, skrt: 0, gtrfrd: 0, rtrtm: 0, vsact: true, rpt: 0, vret: 0, hrt: 2699, ys: 0, vfgc: 0, trcd: 0, bcld: 0, sbid: null, ceid: 0, kyktid: null, cmid: 0, gdc: 0, actrt: 0, dr: true, pamns: {amn: []}, spp: 0, compid: 0, fexp: 0, lgt: 0, actrp: 0, actrd: 0, sbrt: 0, trid: null, shousd: false, plcmt: {}, tts: null, as: null, eml: null, vexp: 1965298000, lvt: 1578581683, crst: 0, ysct: 0, lrnt: 0, fak: null, shcr: true, lwts: 0}, clths: {clths: [{clid: null, tpid: "girlShirt12"}, {clid: null, tpid: "girlShoes14"}, {clid: null, tpid: "girlPants9"}]}}}]
Thu Jan 9 22:12:56 GMT+0700 2020 [INFO] Server said: 34: ["h.gr", {rid: "house_734_2"}]
Thu Jan 9 22:12:56 GMT+0700 2020 [INFO] Server said: 16: ["house_734_2", "734"]
Thu Jan 9 22:12:56 GMT+0700 2020 [INFO] Server said: 34: ["h.r.jn", {plr: {uid: "734", usrinf: {rl: 0}, pf: {pf: {grdnr: {pgs: 0, tp: "grdnr", l: 20}, vsgst: {pgs: 0, tp: "vsgst", l: 20}, jntr: {pgs: 0, tp: "jntr", l: 20}, phtghr: {pgs: 0, tp: "phtghr", l: 20}}}, mbm: {ac: null, sk: "blackMobileSkin"}, locinfo: {x: -1, s: "127.0.0.1", y: -1, shlc: true, at: "", st: 0, d: 4, l: "house_734_2", pl: ""}, apprnc: {mt: 4, brc: 4, brt: 4, rg: 0, pc: 1, g: 2, hc: 5, fft: 0, fat: 0, ht: 131, et: 8, fac: 1, sh: 0, ec: 5, ssc: 1, bc: 1, n: "Betty", pt: 0, nct: 0, rc: 1, sc: 2, bt: 0, mc: 2, shc: 1, ss: 0}, ci: {vip: true, exp: 85800, strfrd: 0, vsexp: 1965298000, skid: null, crt: 10, skrt: 0, gtrfrd: 0, rtrtm: 0, vsact: true, rpt: 0, vret: 0, hrt: 2699, ys: 0, vfgc: 0, trcd: 0, bcld: 0, sbid: null, ceid: 0, kyktid: null, cmid: 0, gdc: 0, actrt: 0, dr: true, pamns: {amn: []}, spp: 0, compid: 0, fexp: 0, lgt: 0, actrp: 0, actrd: 0, sbrt: 0, trid: null, shousd: false, plcmt: {}, tts: null, as: null, eml: null, vexp: 1965298000, lvt: 1578581683, crst: 0, ysct: 0, lrnt: 0, fak: null, shcr: true, lwts: 0}, clths: {clths: [{clid: null, tpid: "girlShirt12"}, {clid: null, tpid: "girlShoes14"}, {clid: null, tpid: "girlPants9"}]}}}]
Thu Jan 9 22:12:54 GMT+0700 2020 [INFO] Client said: 34: ["house_734_5", "h.r.info", {uid: "734", rid: "1"}]
Thu Jan 9 22:12:54 GMT+0700 2020 [INFO] Server said: 34: ["h.gr", {rid: "house_734_5"}]
Thu Jan 9 22:12:53 GMT+0700 2020 [INFO] Client said: 34: ["house_734_1", "h.r.u", {uid: "734", x: 6.8, st: 0, y: 0.1, d: 4}]
Thu Jan 9 22:12:53 GMT+0700 2020 [INFO] Server said: 16: ["house_734_5", "734"]
Thu Jan 9 22:12:53 GMT+0700 2020 [INFO] Server said: 34: ["h.r.jn", {plr: {uid: "734", usrinf: {rl: 0}, pf: {pf: {grdnr: {pgs: 0, tp: "grdnr", l: 20}, vsgst: {pgs: 0, tp: "vsgst", l: 20}, jntr: {pgs: 0, tp: "jntr", l: 20}, phtghr: {pgs: 0, tp: "phtghr", l: 20}}}, mbm: {ac: null, sk: "blackMobileSkin"}, locinfo: {x: -1, s: "127.0.0.1", y: -1, shlc: true, at: "", st: 0, d: 4, l: "house_734_5", pl: ""}, apprnc: {mt: 4, brc: 4, brt: 4, rg: 0, pc: 1, g: 2, hc: 5, fft: 0, fat: 0, ht: 131, et: 8, fac: 1, sh: 0, ec: 5, ssc: 1, bc: 1, n: "Betty", pt: 0, nct: 0, rc: 1, sc: 2, bt: 0, mc: 2, shc: 1, ss: 0}, ci: {vip: true, exp: 85800, strfrd: 0, vsexp: 1965298000, skid: null, crt: 10, skrt: 0, gtrfrd: 0, rtrtm: 0, vsact: true, rpt: 0, vret: 0, hrt: 2699, ys: 0, vfgc: 0, trcd: 0, bcld: 0, sbid: null, ceid: 0, kyktid: null, cmid: 0, gdc: 0, actrt: 0, dr: true, pamns: {amn: []}, spp: 0, compid: 0, fexp: 0, lgt: 0, actrp: 0, actrd: 0, sbrt: 0, trid: null, shousd: false, plcmt: {}, tts: null, as: null, eml: null, vexp: 1965298000, lvt: 1578581683, crst: 0, ysct: 0, lrnt: 0, fak: null, shcr: true, lwts: 0}, clths: {clths: [{clid: null, tpid: "girlShirt12"}, {clid: null, tpid: "girlShoes14"}, {clid: null, tpid: "girlPants9"}]}}}]
Thu Jan 9 22:12:36 GMT+0700 2020 [INFO] [YandexMetrics.onCounterInit] Yandex metrics counter 31321471 inited
Thu Jan 9 22:12:36 GMT+0700 2020 [INFO] [YandexMetrics.reachGoal] Call reach goal 'click_buy_product' for counter 31321471
Thu Jan 9 22:12:36 GMT+0700 2020 [INFO] [YandexMetrics.reachGoal] Call reach goal 'show_payment_dialog' for counter 31321471
Thu Jan 9 22:12:35 GMT+0700 2020 [INFO] Client said: 34: [null, "b.chkprchs", {pmnt: null, prid: "pack1500", qnt: 1}]
Thu Jan 9 22:12:34 GMT+0700 2020 [INFO] [YandexMetrics.initCounter] Try to init Yandex metrics counter 31321471
Thu Jan 9 22:12:34 GMT+0700 2020 [INFO] Client said: 34: [null, "spt.init", {}]
Thu Jan 9 22:12:28 GMT+0700 2020 [INFO] Client said: 34: [null, "h.gr", {lid: "house", gid: "734", rid: "1"}]
Thu Jan 9 22:12:21 GMT+0700 2020 [INFO] Client said: 34: [null, "h.gr", {lid: "house", gid: "734", rid: "2"}]
Thu Jan 9 22:12:17 GMT+0700 2020 [INFO] Client said: 34: [null, "h.gr", {lid: "house", gid: "734", rid: "5"}]
Thu Jan 9 22:12:17 GMT+0700 2020 [INFO] Client said: 17: ["house_734_1"]