ClientError: Thu Jan 9 22:07:32 GMT+0700 2020 [CRITICAL] [house] *Uncaught Error* ErrorId: 1010 ErrorName: TypeError ErrorMessage:Error #1010 ErrorStackTrace:TypeError: Error #1010
	at _-1u9::URL/parse()
	at _-1u9::URL()
	at _-18R::LoadingItem()
	at _-18R::SWFLoadingItem()
	at _-0bS::MassLoader/add()
	at _-0bS::MassLoader/_-2R5()
	at flash.events::EventDispatcher/dispatchEvent()
	at _-18R::LoadingItem/_-1Iu()
	at _-18R::LoadingItem/onError()
	at _-18R::SWFLoadingItem/onError()
	at flash.events::EventDispatcher/dispatchEvent()
	at flash.net::URLLoader/onComplete()
Thu Jan 9 22:07:31 GMT+0700 2020 [INFO] Loaded  LoadingItem(url: http://62.113.113.58:8080/files/swf/furniture/decor/TVLarge.swf, status: 2) 
Thu Jan 9 22:07:14 GMT+0700 2020 [INFO] Server said: 34: ["h.r.rfr", {rm: {lev: 2, f: [{x: 7.203125, y: 0, z: 0.8, lid: 86393847, d: 3, tpid: "grlndHW2019"}, {x: 12, y: 0, z: 0, lid: 4355149, d: 3, tpid: "nsPrns"}, {x: 13, y: 0, z: 0, lid: 84421107, d: 5, tpid: "wallPrns1"}, {x: 2, y: 2, z: 0, lid: 38698396, d: 5, tpid: "chrBch"}, {x: 0, y: 0, z: 0, lid: 84421106, d: 3, tpid: "wallPrns1"}, {x: 4.5, y: 0, z: 0, lid: 4, rid: "outside", d: 3, tpid: "drPrns1"}, {x: 0, y: 0, z: 0, lid: 8318740, d: 5, tpid: "floor6"}, {x: 1, y: 0, z: 0, lid: 29124669, d: 3, tpid: "caseForgetMirror"}, {x: 8, y: 0, z: 0, lid: 31195440, d: 3, tpid: "bdPrncss"}], nm: "Комната 1", l: 13, w: 13}}]
Thu Jan 9 22:07:12 GMT+0700 2020 [INFO] Client said: 34: ["house_734_1", "h.r.rfr", {}]
Thu Jan 9 22:07:12 GMT+0700 2020 [INFO] Server said: 34: ["frn.save", {hs: {nm: "house", lev: 2, id: "1", f: [{x: 7.203125, y: 0, z: 0.8, lid: 86393847, d: 3, tpid: "grlndHW2019"}, {x: 12, y: 0, z: 0, lid: 4355149, d: 3, tpid: "nsPrns"}, {x: 13, y: 0, z: 0, lid: 84421107, d: 5, tpid: "wallPrns1"}, {x: 2, y: 2, z: 0, lid: 38698396, d: 5, tpid: "chrBch"}, {x: 0, y: 0, z: 0, lid: 84421106, d: 3, tpid: "wallPrns1"}, {x: 4.5, y: 0, z: 0, lid: 4, rid: "outside", d: 3, tpid: "drPrns1"}, {x: 0, y: 0, z: 0, lid: 8318740, d: 5, tpid: "floor6"}, {x: 1, y: 0, z: 0, lid: 29124669, d: 3, tpid: "caseForgetMirror"}, {x: 8, y: 0, z: 0, lid: 31195440, d: 3, tpid: "bdPrncss"}], l: 13, w: 13}, inv: {c: {cls: {id: "cls", it: [{c: 1, tid: "girlUnderdress1", iid: ""}, {c: 1, tid: "girlUnderdress2", iid: ""}]}, act: {id: "act", it: []}, gm: {id: "gm", it: [{c: 1, tid: "blackMobileSkin", iid: ""}]}, lt: {id: "lt", it: []}, frn: {id: "frn", it: [{c: 2, tid: "floor4", iid: ""}, {c: 1, tid: "sfCtr", iid: ""}, {c: 2, tid: "wall15", iid: ""}, {c: 1, tid: "flrSV14", iid: ""}, {c: 2, tid: "rtrCfRdChr", iid: ""}, {c: 1, tid: "pdmNY20Wll", iid: ""}, {c: 1, tid: "wllSV14", iid: ""}, {c: 1, tid: "floorCtr1", iid: ""}, {c: 1, tid: "proPhtFlr", iid: ""}, {c: 1, tid: "rtrCfWll", iid: ""}, {c: 1, tid: "floor20", iid: ""}, {c: 1, tid: "fireplace5", iid: ""}, {c: 1, tid: "wtrfll1", iid: ""}, {c: 1, tid: "wallSV15", iid: ""}, {c: 1, tid: "door4", iid: ""}, {c: 1, tid: "wallPrns1", iid: ""}, {c: 1, tid: "rtrCfNeon", iid: ""}, {c: 1, tid: "rtrCfClckOwl", iid: ""}]}}}, ci: {vip: true, exp: 85800, strfrd: 0, vsexp: 1965298000, skid: null, crt: 10, skrt: 0, gtrfrd: 0, rtrtm: 0, vsact: true, rpt: 0, vret: 0, hrt: 1947, ys: 0, vfgc: 0, trcd: 0, bcld: 0, sbid: null, ceid: 0, kyktid: null, cmid: 0, gdc: 0, actrt: 0, dr: true, pamns: {amn: []}, spp: 0, compid: 0, fexp: 0, lgt: 0, actrp: 0, actrd: 0, sbrt: 0, trid: null, shousd: false, plcmt: {}, tts: null, as: null, eml: null, vexp: 1965298000, lvt: 1578581683, crst: 0, ysct: 0, lrnt: 0, fak: null, shcr: true, lwts: 0}}]
Thu Jan 9 22:07:08 GMT+0700 2020 [INFO] Client said: 34: ["house_734_1", "frn.save", {f: [{oid: 38698396, y: 2, t: 1, tpid: "chrBch", tm: 1578582423387, x: 2, d: 5, z: 0}]}]
Thu Jan 9 22:06:52 GMT+0700 2020 [INFO] Server said: 34: ["h.r.rfr", {rm: {lev: 2, f: [{x: 7.203125, y: 0, z: 0.8, lid: 86393847, d: 3, tpid: "grlndHW2019"}, {x: 12, y: 0, z: 0, lid: 4355149, d: 3, tpid: "nsPrns"}, {x: 13, y: 0, z: 0, lid: 84421107, d: 5, tpid: "wallPrns1"}, {x: 0, y: 0, z: 0, lid: 84421106, d: 3, tpid: "wallPrns1"}, {x: 4.5, y: 0, z: 0, lid: 4, rid: "outside", d: 3, tpid: "drPrns1"}, {x: 0, y: 0, z: 0, lid: 8318740, d: 5, tpid: "floor6"}, {x: 1, y: 0, z: 0, lid: 29124669, d: 3, tpid: "caseForgetMirror"}, {x: 8, y: 0, z: 0, lid: 31195440, d: 3, tpid: "bdPrncss"}], nm: "Комната 1", l: 13, w: 13}}]
Thu Jan 9 22:06:50 GMT+0700 2020 [INFO] Client said: 34: ["house_734_1", "h.r.rfr", {}]
Thu Jan 9 22:06:50 GMT+0700 2020 [INFO] Server said: 34: ["frn.save", {hs: {nm: "house", lev: 2, id: "1", f: [{x: 7.203125, y: 0, z: 0.8, lid: 86393847, d: 3, tpid: "grlndHW2019"}, {x: 12, y: 0, z: 0, lid: 4355149, d: 3, tpid: "nsPrns"}, {x: 13, y: 0, z: 0, lid: 84421107, d: 5, tpid: "wallPrns1"}, {x: 0, y: 0, z: 0, lid: 84421106, d: 3, tpid: "wallPrns1"}, {x: 4.5, y: 0, z: 0, lid: 4, rid: "outside", d: 3, tpid: "drPrns1"}, {x: 0, y: 0, z: 0, lid: 8318740, d: 5, tpid: "floor6"}, {x: 1, y: 0, z: 0, lid: 29124669, d: 3, tpid: "caseForgetMirror"}, {x: 8, y: 0, z: 0, lid: 31195440, d: 3, tpid: "bdPrncss"}], l: 13, w: 13}, inv: {c: {cls: {id: "cls", it: [{c: 1, tid: "girlUnderdress1", iid: ""}, {c: 1, tid: "girlUnderdress2", iid: ""}]}, act: {id: "act", it: []}, gm: {id: "gm", it: [{c: 1, tid: "blackMobileSkin", iid: ""}]}, lt: {id: "lt", it: []}, frn: {id: "frn", it: [{c: 2, tid: "floor4", iid: ""}, {c: 1, tid: "sfCtr", iid: ""}, {c: 2, tid: "wall15", iid: ""}, {c: 1, tid: "flrSV14", iid: ""}, {c: 2, tid: "rtrCfRdChr", iid: ""}, {c: 1, tid: "pdmNY20Wll", iid: ""}, {c: 1, tid: "wllSV14", iid: ""}, {c: 1, tid: "floorCtr1", iid: ""}, {c: 1, tid: "proPhtFlr", iid: ""}, {c: 1, tid: "rtrCfWll", iid: ""}, {c: 1, tid: "floor20", iid: ""}, {c: 1, tid: "fireplace5", iid: ""}, {c: 1, tid: "wtrfll1", iid: ""}, {c: 1, tid: "wallSV15", iid: ""}, {c: 1, tid: "door4", iid: ""}, {c: 1, tid: "wallPrns1", iid: ""}, {c: 1, tid: "chrBch", iid: ""}, {c: 1, tid: "rtrCfNeon", iid: ""}, {c: 1, tid: "rtrCfClckOwl", iid: ""}]}}}, ci: {vip: true, exp: 85800, strfrd: 0, vsexp: 1965298000, skid: null, crt: 10, skrt: 0, gtrfrd: 0, rtrtm: 0, vsact: true, rpt: 0, vret: 0, hrt: 1752, ys: 0, vfgc: 0, trcd: 0, bcld: 0, sbid: null, ceid: 0, kyktid: null, cmid: 0, gdc: 0, actrt: 0, dr: true, pamns: {amn: []}, spp: 0, compid: 0, fexp: 0, lgt: 0, actrp: 0, actrd: 0, sbrt: 0, trid: null, shousd: false, plcmt: {}, tts: null, as: null, eml: null, vexp: 1965298000, lvt: 1578581683, crst: 0, ysct: 0, lrnt: 0, fak: null, shcr: true, lwts: 0}}]
Thu Jan 9 22:06:47 GMT+0700 2020 [INFO] Client said: 34: ["house_734_1", "frn.save", {f: [{oid: 86393847, y: 0, t: 1, tpid: "grlndHW2019", tm: 1578582402028, x: 7.203125, d: 3, z: 0.8}, {tm: 1578582396565, oid: 10011683, t: 2, tpid: "rtrCfClckOwl"}, {tm: 1578582405345, oid: 68518575, t: 2, tpid: "rtrCfNeon"}]}]
Thu Jan 9 22:05:57 GMT+0700 2020 [INFO] Server said: 34: ["ntf.res", {res: {gld: 12301, emd: 0, slvr: 10000, enrg: 500}}]
Thu Jan 9 22:05:56 GMT+0700 2020 [INFO] Server said: 34: ["ntf.inv", {it: {c: 1, tid: "rtrCfClckOwl", iid: ""}}]
Thu Jan 9 22:05:55 GMT+0700 2020 [INFO] Client said: 34: [null, "frn.buy", {cnt: 1, pind: 1, tpid: "rtrCfClckOwl"}]
Thu Jan 9 22:05:54 GMT+0700 2020 [INFO] Loaded  LoadingItem(url: http://62.113.113.58:8080/files/swf/furniture/decor/ClockOwlRetroCafe2019.swf, status: 2) 
Thu Jan 9 22:05:46 GMT+0700 2020 [INFO] Server said: 34: ["ntf.res", {res: {gld: 12309, emd: 0, slvr: 10000, enrg: 500}}]
Thu Jan 9 22:05:45 GMT+0700 2020 [INFO] Server said: 34: ["ntf.inv", {it: {c: 1, tid: "rtrCfNeon", iid: ""}}]
Thu Jan 9 22:05:44 GMT+0700 2020 [INFO] Client said: 34: [null, "frn.buy", {cnt: 1, pind: 1, tpid: "rtrCfNeon"}]
Thu Jan 9 22:05:43 GMT+0700 2020 [INFO] Loaded  LoadingItem(url: http://62.113.113.58:8080/files/swf/furniture/decor/NeonRetroCafe2019.swf, status: 2) 
Thu Jan 9 22:05:35 GMT+0700 2020 [INFO] Server said: 34: ["ntf.res", {res: {gld: 12322, emd: 0, slvr: 10000, enrg: 500}}]
Thu Jan 9 22:05:35 GMT+0700 2020 [INFO] Server said: 34: ["ntf.inv", {it: {c: 1, tid: "chrBch", iid: ""}}]
Thu Jan 9 22:05:34 GMT+0700 2020 [INFO] Client said: 34: [null, "frn.buy", {cnt: 1, pind: 1, tpid: "chrBch"}]
Thu Jan 9 22:05:33 GMT+0700 2020 [INFO] Loaded  LoadingItem(url: http://62.113.113.58:8080/files/swf/furniture/furniture/ChairBeach.swf, status: 2) 