ClientError: Thu Jan 9 21:59:49 GMT+0700 2020 [CRITICAL] [house] *Uncaught Error* ErrorId: 1009 ErrorName: TypeError ErrorMessage:Error #1009 ErrorStackTrace:TypeError: Error #1009
	at MethodInfo-2()
	at flash.events::EventDispatcher/dispatchEvent()
	at _-jr::FurnitureLoader/_-2qc()
	at flash.events::EventDispatcher/dispatchEvent()
	at _-0bS::MassLoader/_-4Ql()
	at _-0bS::MassLoader/_-WZ()
	at flash.events::EventDispatcher/dispatchEvent()
	at _-18R::LoadingItem/onComplete()
	at _-18R::SWFLoadingItem/onComplete()
	at MethodInfo-7()
Thu Jan 9 21:59:49 GMT+0700 2020 [INFO] Loaded  LoadingItem(url: http://62.113.113.58:8080/files/swf/furniture/decor/LampPink.swf, status: 2) 
Thu Jan 9 21:59:35 GMT+0700 2020 [INFO] Server said: 34: ["ntf.res", {res: {gld: 12653, emd: 0, slvr: 10000, enrg: 500}}]
Thu Jan 9 21:59:34 GMT+0700 2020 [INFO] Server said: 34: ["ntf.inv", {it: {c: 1, tid: "fireplace5", iid: ""}}]
Thu Jan 9 21:59:32 GMT+0700 2020 [INFO] Client said: 34: [null, "frn.buy", {cnt: 1, pind: 1, tpid: "fireplace5"}]
Thu Jan 9 21:59:31 GMT+0700 2020 [INFO] Loaded  LoadingItem(url: http://62.113.113.58:8080/files/swf/furniture/decor/FireplaceBrick.swf, status: 2) 
Thu Jan 9 21:58:52 GMT+0700 2020 [INFO] Server said: 34: ["ntf.res", {res: {gld: 12723, emd: 0, slvr: 10000, enrg: 500}}]
Thu Jan 9 21:58:52 GMT+0700 2020 [INFO] Server said: 34: ["ntf.inv", {it: {c: 1, tid: "floor20", iid: ""}}]
Thu Jan 9 21:58:50 GMT+0700 2020 [INFO] Client said: 34: [null, "frn.buy", {cnt: 1, pind: 1, tpid: "floor20"}]
Thu Jan 9 21:58:33 GMT+0700 2020 [INFO] Server said: 34: ["ntf.res", {res: {gld: 12739, emd: 0, slvr: 10000, enrg: 500}}]
Thu Jan 9 21:58:33 GMT+0700 2020 [INFO] Server said: 34: ["ntf.inv", {it: {c: 1, tid: "floor6", iid: ""}}]
Thu Jan 9 21:58:32 GMT+0700 2020 [INFO] Client said: 34: [null, "frn.buy", {cnt: 1, pind: 1, tpid: "floor6"}]
Thu Jan 9 21:58:09 GMT+0700 2020 [INFO] Loaded  LoadingItem(url: http://62.113.113.58:8080/files/swf/furniture/house/WindowSuperHero.swf, status: 2) 
Thu Jan 9 21:57:48 GMT+0700 2020 [INFO] Server said: 34: ["ntf.res", {res: {gld: 12747, emd: 0, slvr: 10000, enrg: 500}}]
Thu Jan 9 21:57:47 GMT+0700 2020 [INFO] Server said: 34: ["ntf.inv", {it: {c: 1, tid: "rtrCfWll", iid: ""}}]
Thu Jan 9 21:57:46 GMT+0700 2020 [INFO] Client said: 34: [null, "frn.buy", {cnt: 1, pind: 1, tpid: "rtrCfWll"}]
Thu Jan 9 21:57:25 GMT+0700 2020 [INFO] Server said: 34: ["ntf.res", {res: {gld: 12759, emd: 0, slvr: 10000, enrg: 500}}]
Thu Jan 9 21:57:25 GMT+0700 2020 [INFO] Server said: 34: ["ntf.inv", {it: {c: 1, tid: "caseForgetMirror", iid: ""}}]
Thu Jan 9 21:57:25 GMT+0700 2020 [INFO] Client said: 34: [null, "frn.buy", {cnt: 1, pind: 1, tpid: "caseForgetMirror"}]
Thu Jan 9 21:57:24 GMT+0700 2020 [INFO] Loaded  LoadingItem(url: http://62.113.113.58:8080/files/swf/furniture/furniture/CaseForgetMirror.swf, status: 2) 