ClientError: Thu Jan 9 18:51:43 GMT+0400 2020 [CRITICAL] [house] *Uncaught Error* ErrorId: 1010 ErrorName: TypeError ErrorMessage:Error #1010 ErrorStackTrace:TypeError: Error #1010
	at _-1u9::URL/parse()
	at _-1u9::URL()
	at _-18R::LoadingItem()
	at _-18R::SWFLoadingItem()
	at _-0bS::MassLoader/add()
	at _-0bS::MassLoader/_-2R5()
	at flash.events::EventDispatcher/dispatchEvent()
	at _-18R::LoadingItem/_-1Iu()
	at _-18R::LoadingItem/onError()
	at _-18R::SWFLoadingItem/onError()
	at flash.events::EventDispatcher/dispatchEvent()
	at flash.net::URLLoader/onComplete()
Thu Jan 9 18:49:38 GMT+0400 2020 [INFO] Server said: 34: ["pl.gos", {onl: {}, clid: "online"}]
Thu Jan 9 18:49:37 GMT+0400 2020 [INFO] Client said: 34: [null, "pl.gos", {uids: [], clid: "online"}]
Thu Jan 9 18:49:09 GMT+0400 2020 [INFO] Server said: 34: ["h.r.ra", {plr: {apprnc: {shc: 1, pt: 0, rc: 1, g: 2, fft: 0, fat: 0, brc: 3, ss: 0, ssc: 1, bt: 0, sc: 1, hc: 5, nct: 0, brt: 28, ht: 132, ec: 2, fac: 1, n: "чикибамбони", mc: 4, bc: 1, et: 7, rg: 0, sh: 0, mt: 5, pc: 1}, mbm: {sk: "blackMobileSkin", ac: null}, pf: {pf: {phtghr: {l: 20, pgs: 0, tp: "phtghr"}, grdnr: {l: 20, pgs: 0, tp: "grdnr"}, jntr: {l: 20, pgs: 0, tp: "jntr"}, vsgst: {l: 20, pgs: 0, tp: "vsgst"}}}, locinfo: {l: "house_426_livingroom", st: 0, shlc: true, y: 0.1, s: "127.0.0.1", x: 4.05, at: "", d: 4, pl: ""}, clths: {clths: [{tpid: "girlTShrtDmnHnt", clid: null}, {tpid: "girlPntsDmnHnt", clid: null}, {tpid: "girlShoes14", clid: null}]}, usrinf: {rl: 0}, ci: {bcld: 0, spp: 0, ys: 0, skrt: 0, rpt: 0, trid: null, tts: null, compid: 0, gdc: 0, eml: null, actrp: 0, lgt: 0, trcd: 0, actrd: 0, sbrt: 0, ysct: 0, sbid: null, shousd: false, vexp: 1965298000, fak: null, vsexp: 1965298000, shcr: true, plcmt: {}, as: null, vsact: true, gtrfrd: 0, pamns: {amn: []}, lvt: 1578580880, vret: 0, strfrd: 0, crst: 0, lrnt: 0, vfgc: 0, rtrtm: 0, crt: 470, vip: true, fexp: 0, exp: 85800, kyktid: null, skid: null, cmid: 0, actrt: 0, lwts: 0, ceid: 0, hrt: 174, dr: true}, uid: "426"}}]
Thu Jan 9 18:49:06 GMT+0400 2020 [INFO] Client said: 34: ["house_426_livingroom", "h.r.ra", {}]
Thu Jan 9 18:49:06 GMT+0400 2020 [INFO] Server said: 34: ["a.clths.buy", {inv: {c: {lt: {id: "lt", it: []}, frn: {id: "frn", it: []}, act: {id: "act", it: []}, gm: {id: "gm", it: [{c: 1, iid: "", tid: "blackMobileSkin"}]}, cls: {id: "cls", it: [{c: 1, iid: "", tid: "girlUnderdress1"}, {c: 1, iid: "", tid: "girlUnderdress2"}, {c: 1, iid: "", tid: "girlShirt12"}, {c: 1, iid: "", tid: "girlPants9"}, {c: 1, iid: "", tid: "girlNY20VKGiftPllvCnd"}]}}}, crt: 470, ccltn: {cct: ["girlTShrtDmnHnt", "girlPntsDmnHnt", "girlShoes14"], cn: "", ctp: "casual"}, res: {enrg: 500, emd: 0, slvr: 10000, gld: 1460}, clths: {clths: [{tpid: "girlTShrtDmnHnt", clid: null}, {tpid: "girlPntsDmnHnt", clid: null}, {tpid: "girlShoes14", clid: null}]}}]
Thu Jan 9 18:49:00 GMT+0400 2020 [INFO] Client said: 34: [null, "a.clths.buy", {pind: 1, tpid: "girlTShrtDmnHnt", ctp: "casual"}]
Thu Jan 9 18:48:29 GMT+0400 2020 [INFO] Server said: 34: ["h.r.ra", {plr: {apprnc: {shc: 1, pt: 0, rc: 1, g: 2, fft: 0, fat: 0, brc: 3, ss: 0, ssc: 1, bt: 0, sc: 1, hc: 5, nct: 0, brt: 28, ht: 132, ec: 2, fac: 1, n: "чикибамбони", mc: 4, bc: 1, et: 7, rg: 0, sh: 0, mt: 5, pc: 1}, mbm: {sk: "blackMobileSkin", ac: null}, pf: {pf: {phtghr: {l: 20, pgs: 0, tp: "phtghr"}, grdnr: {l: 20, pgs: 0, tp: "grdnr"}, jntr: {l: 20, pgs: 0, tp: "jntr"}, vsgst: {l: 20, pgs: 0, tp: "vsgst"}}}, locinfo: {l: "house_426_livingroom", st: 0, shlc: true, y: 0.1, s: "127.0.0.1", x: 4.05, at: "", d: 4, pl: ""}, clths: {clths: [{tpid: "girlPntsDmnHnt", clid: null}, {tpid: "girlShoes14", clid: null}, {tpid: "girlNY20VKGiftPllvCnd", clid: null}]}, usrinf: {rl: 0}, ci: {bcld: 0, spp: 0, ys: 0, skrt: 0, rpt: 0, trid: null, tts: null, compid: 0, gdc: 0, eml: null, actrp: 0, lgt: 0, trcd: 0, actrd: 0, sbrt: 0, ysct: 0, sbid: null, shousd: false, vexp: 1965298000, fak: null, vsexp: 1965298000, shcr: true, plcmt: {}, as: null, vsact: true, gtrfrd: 0, pamns: {amn: []}, lvt: 1578580880, vret: 0, strfrd: 0, crst: 0, lrnt: 0, vfgc: 0, rtrtm: 0, crt: 320, vip: true, fexp: 0, exp: 85800, kyktid: null, skid: null, cmid: 0, actrt: 0, lwts: 0, ceid: 0, hrt: 174, dr: true}, uid: "426"}}]
Thu Jan 9 18:48:26 GMT+0400 2020 [INFO] Client said: 34: ["house_426_livingroom", "h.r.ra", {}]
Thu Jan 9 18:48:26 GMT+0400 2020 [INFO] Server said: 34: ["a.clths.buy", {inv: {c: {lt: {id: "lt", it: []}, frn: {id: "frn", it: []}, act: {id: "act", it: []}, gm: {id: "gm", it: [{c: 1, iid: "", tid: "blackMobileSkin"}]}, cls: {id: "cls", it: [{c: 1, iid: "", tid: "girlUnderdress1"}, {c: 1, iid: "", tid: "girlUnderdress2"}, {c: 1, iid: "", tid: "girlShirt12"}, {c: 1, iid: "", tid: "girlPants9"}]}}}, crt: 320, ccltn: {cct: ["girlPntsDmnHnt", "girlShoes14", "girlNY20VKGiftPllvCnd"], cn: "", ctp: "casual"}, res: {enrg: 500, emd: 0, slvr: 10000, gld: 1510}, clths: {clths: [{tpid: "girlPntsDmnHnt", clid: null}, {tpid: "girlShoes14", clid: null}, {tpid: "girlNY20VKGiftPllvCnd", clid: null}]}}]
Thu Jan 9 18:48:17 GMT+0400 2020 [INFO] Client said: 34: [null, "a.clths.buy", {pind: 1, tpid: "girlPntsDmnHnt", ctp: "casual"}]
Thu Jan 9 18:47:56 GMT+0400 2020 [INFO] Server said: 34: ["h.r.ra", {plr: {apprnc: {shc: 1, pt: 0, rc: 1, g: 2, fft: 0, fat: 0, brc: 3, ss: 0, ssc: 1, bt: 0, sc: 1, hc: 5, nct: 0, brt: 28, ht: 132, ec: 2, fac: 1, n: "чикибамбони", mc: 4, bc: 1, et: 7, rg: 0, sh: 0, mt: 5, pc: 1}, mbm: {sk: "blackMobileSkin", ac: null}, pf: {pf: {phtghr: {l: 20, pgs: 0, tp: "phtghr"}, grdnr: {l: 20, pgs: 0, tp: "grdnr"}, jntr: {l: 20, pgs: 0, tp: "jntr"}, vsgst: {l: 20, pgs: 0, tp: "vsgst"}}}, locinfo: {l: "house_426_livingroom", st: 0, shlc: true, y: 0.1, s: "127.0.0.1", x: 4.05, at: "", d: 4, pl: ""}, clths: {clths: [{tpid: "girlNY20VKGiftPllvCnd", clid: null}, {tpid: "girlShoes14", clid: null}, {tpid: "girlPants9", clid: null}]}, usrinf: {rl: 0}, ci: {bcld: 0, spp: 0, ys: 0, skrt: 0, rpt: 0, trid: null, tts: null, compid: 0, gdc: 0, eml: null, actrp: 0, lgt: 0, trcd: 0, actrd: 0, sbrt: 0, ysct: 0, sbid: null, shousd: false, vexp: 1965298000, fak: null, vsexp: 1965298000, shcr: true, plcmt: {}, as: null, vsact: true, gtrfrd: 0, pamns: {amn: []}, lvt: 1578580880, vret: 0, strfrd: 0, crst: 0, lrnt: 0, vfgc: 0, rtrtm: 0, crt: 170, vip: true, fexp: 0, exp: 85800, kyktid: null, skid: null, cmid: 0, actrt: 0, lwts: 0, ceid: 0, hrt: 174, dr: true}, uid: "426"}}]
Thu Jan 9 18:47:53 GMT+0400 2020 [INFO] Client said: 34: ["house_426_livingroom", "h.r.ra", {}]
Thu Jan 9 18:47:53 GMT+0400 2020 [INFO] Server said: 34: ["a.clths.buy", {inv: {c: {lt: {id: "lt", it: []}, frn: {id: "frn", it: []}, act: {id: "act", it: []}, gm: {id: "gm", it: [{c: 1, iid: "", tid: "blackMobileSkin"}]}, cls: {id: "cls", it: [{c: 1, iid: "", tid: "girlUnderdress1"}, {c: 1, iid: "", tid: "girlUnderdress2"}, {c: 1, iid: "", tid: "girlShirt12"}]}}}, crt: 170, ccltn: {cct: ["girlNY20VKGiftPllvCnd", "girlShoes14", "girlPants9"], cn: "", ctp: "casual"}, res: {enrg: 500, emd: 0, slvr: 10000, gld: 1560}, clths: {clths: [{tpid: "girlNY20VKGiftPllvCnd", clid: null}, {tpid: "girlShoes14", clid: null}, {tpid: "girlPants9", clid: null}]}}]
Thu Jan 9 18:47:46 GMT+0400 2020 [INFO] Client said: 34: [null, "a.clths.buy", {pind: 1, tpid: "girlNY20VKGiftPllvCnd", ctp: "casual"}]
Thu Jan 9 18:47:28 GMT+0400 2020 [INFO] Server said: 34: ["b.ingld", {ingld: 1500}]
Thu Jan 9 18:47:28 GMT+0400 2020 [INFO] Server said: 34: ["ntf.res", {res: {enrg: 500, emd: 0, slvr: 10000, gld: 1600}}]
Thu Jan 9 18:47:28 GMT+0400 2020 [INFO] [YandexMetrics.onCounterInit] Yandex metrics counter 31321471 inited
Thu Jan 9 18:47:28 GMT+0400 2020 [INFO] [YandexMetrics.reachGoal] Call reach goal 'click_buy_product' for counter 31321471
Thu Jan 9 18:47:28 GMT+0400 2020 [INFO] [YandexMetrics.reachGoal] Call reach goal 'show_payment_dialog' for counter 31321471
Thu Jan 9 18:47:27 GMT+0400 2020 [INFO] Client said: 34: [null, "b.chkprchs", {prid: "pack1500", pmnt: null, qnt: 1}]
Thu Jan 9 18:47:27 GMT+0400 2020 [INFO] Server said: 34: ["spt.init", {a: false}]
Thu Jan 9 18:47:26 GMT+0400 2020 [INFO] [YandexMetrics.initCounter] Try to init Yandex metrics counter 31321471
Thu Jan 9 18:47:26 GMT+0400 2020 [INFO] Client said: 34: [null, "spt.init", {}]
Thu Jan 9 18:47:10 GMT+0400 2020 [INFO] Server said: 34: ["lg.lst", {glst: []}]
Thu Jan 9 18:47:09 GMT+0400 2020 [INFO] Client said: 34: ["house_426_livingroom", "h.r.u", {x: 4.05, st: 0, d: 4, y: 0.1, uid: "426"}]
Thu Jan 9 18:47:09 GMT+0400 2020 [INFO] Client said: 34: ["house_426_livingroom", "lg.lst", {}]
Thu Jan 9 18:47:08 GMT+0400 2020 [INFO] Server said: 34: ["h.r.info", {rm: {w: 13, l: 13, lev: 1, f: [{x: 0, y: 0, tpid: "floor4", z: 0, lid: 3, d: 5}, {x: 3, rid: "outside", y: 0, tpid: "door4", z: 0, lid: 4, d: 3}, {x: 13, y: 0, tpid: "wall15", z: 0, lid: 2, d: 5}, {x: 0, y: 0, tpid: "wall15", z: 0, lid: 1, d: 3}], id: "livingroom", nm: "#livingRoom"}, rmmb: [{apprnc: {shc: 1, pt: 0, rc: 1, g: 2, fft: 0, fat: 0, brc: 3, ss: 0, ssc: 1, bt: 0, sc: 1, hc: 5, nct: 0, brt: 28, ht: 132, ec: 2, fac: 1, n: "чикибамбони", mc: 4, bc: 1, et: 7, rg: 0, sh: 0, mt: 5, pc: 1}, mbm: {sk: "blackMobileSkin", ac: null}, pf: {pf: {phtghr: {l: 20, pgs: 0, tp: "phtghr"}, grdnr: {l: 20, pgs: 0, tp: "grdnr"}, jntr: {l: 20, pgs: 0, tp: "jntr"}, vsgst: {l: 20, pgs: 0, tp: "vsgst"}}}, locinfo: {l: "house_426_livingroom", st: 0, shlc: true, y: -1, s: "127.0.0.1", x: -1, at: "", d: 4, pl: ""}, clths: {clths: [{tpid: "girlShirt12", clid: null}, {tpid: "girlShoes14", clid: null}, {tpid: "girlPants9", clid: null}]}, usrinf: {rl: 0}, ci: {bcld: 0, spp: 0, ys: 0, skrt: 0, rpt: 0, trid: null, tts: null, compid: 0, gdc: 0, eml: null, actrp: 0, lgt: 0, trcd: 0, actrd: 0, sbrt: 0, ysct: 0, sbid: null, shousd: false, vexp: 1965298000, fak: null, vsexp: 1965298000, shcr: true, plcmt: {}, as: null, vsact: true, gtrfrd: 0, pamns: {amn: []}, lvt: 1578580880, vret: 0, strfrd: 0, crst: 0, lrnt: 0, vfgc: 0, rtrtm: 0, crt: 10, vip: true, fexp: 0, exp: 85800, kyktid: null, skid: null, cmid: 0, actrt: 0, lwts: 0, ceid: 0, hrt: 174, dr: true}, uid: "426"}], evn: null}]
Thu Jan 9 18:47:04 GMT+0400 2020 [INFO] Client said: 34: ["house_426_livingroom", "h.r.info", {rid: "livingroom", uid: "426"}]
Thu Jan 9 18:47:04 GMT+0400 2020 [INFO] Server said: 34: ["h.gr", {rid: "house_426_livingroom"}]
Thu Jan 9 18:47:04 GMT+0400 2020 [INFO] Server said: 16: ["house_426_livingroom", "426"]
Thu Jan 9 18:47:03 GMT+0400 2020 [INFO] Server said: 34: ["h.r.jn", {plr: {apprnc: {shc: 1, pt: 0, rc: 1, g: 2, fft: 0, fat: 0, brc: 3, ss: 0, ssc: 1, bt: 0, sc: 1, hc: 5, nct: 0, brt: 28, ht: 132, ec: 2, fac: 1, n: "чикибамбони", mc: 4, bc: 1, et: 7, rg: 0, sh: 0, mt: 5, pc: 1}, mbm: {sk: "blackMobileSkin", ac: null}, pf: {pf: {phtghr: {l: 20, pgs: 0, tp: "phtghr"}, grdnr: {l: 20, pgs: 0, tp: "grdnr"}, jntr: {l: 20, pgs: 0, tp: "jntr"}, vsgst: {l: 20, pgs: 0, tp: "vsgst"}}}, locinfo: {l: "house_426_livingroom", st: 0, shlc: true, y: -1, s: "127.0.0.1", x: -1, at: "", d: 4, pl: ""}, clths: {clths: [{tpid: "girlShirt12", clid: null}, {tpid: "girlShoes14", clid: null}, {tpid: "girlPants9", clid: null}]}, usrinf: {rl: 0}, ci: {bcld: 0, spp: 0, ys: 0, skrt: 0, rpt: 0, trid: null, tts: null, compid: 0, gdc: 0, eml: null, actrp: 0, lgt: 0, trcd: 0, actrd: 0, sbrt: 0, ysct: 0, sbid: null, shousd: false, vexp: 1965298000, fak: null, vsexp: 1965298000, shcr: true, plcmt: {}, as: null, vsact: true, gtrfrd: 0, pamns: {amn: []}, lvt: 1578580880, vret: 0, strfrd: 0, crst: 0, lrnt: 0, vfgc: 0, rtrtm: 0, crt: 10, vip: true, fexp: 0, exp: 85800, kyktid: null, skid: null, cmid: 0, actrt: 0, lwts: 0, ceid: 0, hrt: 174, dr: true}, uid: "426"}}]
Thu Jan 9 18:46:16 GMT+0400 2020 [INFO] Client said: 34: [null, "h.gr", {lid: "house", gid: "426", rid: "livingroom"}]
Thu Jan 9 18:46:16 GMT+0400 2020 [INFO] Loaded  LoadingItem(url: http://62.113.113.58:8080/files/swf/furniture/house/WallPoppy.swf, status: 2) 
Thu Jan 9 18:46:16 GMT+0400 2020 [INFO] Loaded  LoadingItem(url: http://62.113.113.58:8080/files/swf/furniture/house/FloorCarpetGrass.swf, status: 2) 
Thu Jan 9 18:46:15 GMT+0400 2020 [INFO] Loaded  LoadingItem(url: http://62.113.113.58:8080/files/swf/furniture/house/DoorWood.swf, status: 2) 
Thu Jan 9 18:46:15 GMT+0400 2020 [INFO] Server said: 34: ["srqst.gtrq", {rqlst: {rsprlst: {}, rlst: {}, lapt: {}, shwdt: 0}}]
Thu Jan 9 18:46:15 GMT+0400 2020 [INFO] Client said: 34: [null, "nws.getglbl", {}]
Thu Jan 9 18:46:15 GMT+0400 2020 [INFO] Server said: 34: ["nws.hasnews", {gnexst: true, gnunr: true}]