ClientError: Thu Jan 9 19:55:30 GMT+0600 2020 [CRITICAL] [ballroom] *Uncaught Error* ErrorId: 1010 ErrorName: TypeError ErrorMessage:Error #1010 ErrorStackTrace:TypeError: Error #1010
	at _-1u9::URL/parse()
	at _-1u9::URL()
	at _-18R::LoadingItem()
	at _-18R::SWFLoadingItem()
	at _-0bS::MassLoader/add()
	at _-0bS::MassLoader/_-2R5()
	at flash.events::EventDispatcher/dispatchEvent()
	at _-18R::LoadingItem/_-1Iu()
	at _-18R::LoadingItem/onError()
	at _-18R::SWFLoadingItem/onError()
	at flash.events::EventDispatcher/dispatchEvent()
	at flash.net::URLLoader/onComplete()
Thu Jan 9 19:55:09 GMT+0600 2020 [INFO] Client said: 17: ["house_108_livingroom"]
Thu Jan 9 19:55:05 GMT+0600 2020 [INFO] Server said: 34: ["ev.gse", {}]
Thu Jan 9 19:55:05 GMT+0600 2020 [INFO] Server said: 34: ["ev.get", {tg: "", c: -1, evlst: [{uid: "25", fo: false, c: 0, unm: "Трусы", tp: 0, lg: 30, ml: 1, r: 8, ft: 1578579314, ds: "УРА", ac: false, tt: "УБУБУБУБ ВСЕМ КУ", ci: 0, id: 25, l: "livingroom", st: 1578577514}]}]
Thu Jan 9 19:55:05 GMT+0600 2020 [INFO] Client said: 34: [null, "ev.gse", {}]
Thu Jan 9 19:55:05 GMT+0600 2020 [INFO] Client said: 34: [null, "ev.get", {tg: "", fof: false, c: -1}]
Thu Jan 9 19:54:41 GMT+0600 2020 [INFO] Client said: 34: ["house_108_livingroom", "h.r.u", {uid: "108", x: 3.75, y: 9, st: 23, at: "", d: 6}]
Thu Jan 9 19:54:40 GMT+0600 2020 [INFO] Client said: 34: ["house_108_livingroom", "h.r.m", {uid: "108", dy: 9, dx: 3.75, sx: 4.97, sy: 8.66}]
Thu Jan 9 19:54:39 GMT+0600 2020 [INFO] Client said: 34: ["house_108_livingroom", "h.r.u", {uid: "108", x: 4.97, y: 8.66, st: 23, at: "", d: 0}]
Thu Jan 9 19:54:38 GMT+0600 2020 [INFO] Client said: 34: ["house_108_livingroom", "h.r.m", {uid: "108", dy: 8.66, dx: 4.97, sx: 5.3, sy: 6.3}]
Thu Jan 9 19:54:20 GMT+0600 2020 [INFO] Server said: 34: ["h.r.ra", {plr: {uid: "108", usrinf: {rl: 0}, clths: {clths: [{clid: null, tpid: "boyShoes8"}, {clid: null, tpid: "boyTShrtSh"}, {clid: null, tpid: "boyPants10"}]}, ci: {vfgc: 0, skid: null, skrt: 0, lvt: 1578577781, eml: null, crt: 763, sbid: null, plcmt: {}, bcld: 0, actrp: 0, lgt: 0, hrt: 174, trid: "freelanceMicrophone", vip: true, kyktid: null, shousd: false, dr: true, fak: null, trcd: 0, strfrd: 0, lrnt: 0, actrd: 0, compid: 0, vsact: true, gdc: 0, shcr: true, gtrfrd: 0, vret: 0, fexp: 0, as: null, cmid: 0, ys: 0, spp: 0, lwts: 0, rpt: 0, actrt: 0, ceid: 0, rtrtm: 0, crst: 0, sbrt: 0, tts: null, exp: 85800, vsexp: 1965298000, pamns: {amn: []}, vexp: 1965298000, ysct: 0}, apprnc: {brc: 1, shc: 1, sc: 1, nct: 0, rg: 0, brt: 1, mc: 1, bt: 0, pt: 0, rc: 1, et: 1, g: 1, ss: 0, pc: 1, fac: 1, ec: 1, n: "Kak_TaK?", sh: 0, fat: 0, mt: 1, fft: 0, ht: 86, bc: 1, hc: 3, ssc: 1}, mbm: {ac: null, sk: "blackMobileSkin"}, locinfo: {at: "", s: "127.0.0.1", y: 6.3, shlc: true, st: 23, x: 5.3, d: 4, l: "house_108_livingroom", pl: ""}, pf: {pf: {phtghr: {pgs: 0, l: 20, tp: "phtghr"}, grdnr: {pgs: 0, l: 20, tp: "grdnr"}, jntr: {pgs: 0, l: 20, tp: "jntr"}, vsgst: {pgs: 0, l: 20, tp: "vsgst"}}}}}]
Thu Jan 9 19:54:20 GMT+0600 2020 [INFO] Client said: 34: ["house_108_livingroom", "h.r.ra", {}]
Thu Jan 9 19:54:20 GMT+0600 2020 [INFO] Server said: 34: ["psp.sttrph", {trid: "freelanceMicrophone"}]
Thu Jan 9 19:54:20 GMT+0600 2020 [INFO] Client said: 34: [null, "psp.sttrph", {trid: "freelanceMicrophone"}]
Thu Jan 9 19:54:17 GMT+0600 2020 [INFO] Server said: 34: ["h.r.ra", {plr: {uid: "108", usrinf: {rl: 0}, clths: {clths: [{clid: null, tpid: "boyShoes8"}, {clid: null, tpid: "boyTShrtSh"}, {clid: null, tpid: "boyPants10"}]}, ci: {vfgc: 0, skid: null, skrt: 0, lvt: 1578577781, eml: null, crt: 763, sbid: null, plcmt: {}, bcld: 0, actrp: 0, lgt: 0, hrt: 174, trid: "snowboardPlace3", vip: true, kyktid: null, shousd: false, dr: true, fak: null, trcd: 0, strfrd: 0, lrnt: 0, actrd: 0, compid: 0, vsact: true, gdc: 0, shcr: true, gtrfrd: 0, vret: 0, fexp: 0, as: null, cmid: 0, ys: 0, spp: 0, lwts: 0, rpt: 0, actrt: 0, ceid: 0, rtrtm: 0, crst: 0, sbrt: 0, tts: null, exp: 85800, vsexp: 1965298000, pamns: {amn: []}, vexp: 1965298000, ysct: 0}, apprnc: {brc: 1, shc: 1, sc: 1, nct: 0, rg: 0, brt: 1, mc: 1, bt: 0, pt: 0, rc: 1, et: 1, g: 1, ss: 0, pc: 1, fac: 1, ec: 1, n: "Kak_TaK?", sh: 0, fat: 0, mt: 1, fft: 0, ht: 86, bc: 1, hc: 3, ssc: 1}, mbm: {ac: null, sk: "blackMobileSkin"}, locinfo: {at: "", s: "127.0.0.1", y: 6.3, shlc: true, st: 23, x: 5.3, d: 4, l: "house_108_livingroom", pl: ""}, pf: {pf: {phtghr: {pgs: 0, l: 20, tp: "phtghr"}, grdnr: {pgs: 0, l: 20, tp: "grdnr"}, jntr: {pgs: 0, l: 20, tp: "jntr"}, vsgst: {pgs: 0, l: 20, tp: "vsgst"}}}}}]
Thu Jan 9 19:54:17 GMT+0600 2020 [INFO] Client said: 34: ["house_108_livingroom", "h.r.ra", {}]
Thu Jan 9 19:54:17 GMT+0600 2020 [INFO] Server said: 34: ["psp.sttrph", {trid: "snowboardPlace3"}]
Thu Jan 9 19:54:17 GMT+0600 2020 [INFO] Client said: 34: [null, "psp.sttrph", {trid: "snowboardPlace3"}]
Thu Jan 9 19:54:17 GMT+0600 2020 [INFO] Server said: 34: ["h.r.ra", {plr: {uid: "108", usrinf: {rl: 0}, clths: {clths: [{clid: null, tpid: "boyShoes8"}, {clid: null, tpid: "boyTShrtSh"}, {clid: null, tpid: "boyPants10"}]}, ci: {vfgc: 0, skid: null, skrt: 0, lvt: 1578577781, eml: null, crt: 763, sbid: null, plcmt: {}, bcld: 0, actrp: 0, lgt: 0, hrt: 174, trid: "snowboardPlace3", vip: true, kyktid: null, shousd: false, dr: true, fak: null, trcd: 0, strfrd: 0, lrnt: 0, actrd: 0, compid: 0, vsact: true, gdc: 0, shcr: true, gtrfrd: 0, vret: 0, fexp: 0, as: null, cmid: 0, ys: 0, spp: 0, lwts: 0, rpt: 0, actrt: 0, ceid: 0, rtrtm: 0, crst: 0, sbrt: 0, tts: null, exp: 85800, vsexp: 1965298000, pamns: {amn: []}, vexp: 1965298000, ysct: 0}, apprnc: {brc: 1, shc: 1, sc: 1, nct: 0, rg: 0, brt: 1, mc: 1, bt: 0, pt: 0, rc: 1, et: 1, g: 1, ss: 0, pc: 1, fac: 1, ec: 1, n: "Kak_TaK?", sh: 0, fat: 0, mt: 1, fft: 0, ht: 86, bc: 1, hc: 3, ssc: 1}, mbm: {ac: null, sk: "blackMobileSkin"}, locinfo: {at: "", s: "127.0.0.1", y: 6.3, shlc: true, st: 23, x: 5.3, d: 4, l: "house_108_livingroom", pl: ""}, pf: {pf: {phtghr: {pgs: 0, l: 20, tp: "phtghr"}, grdnr: {pgs: 0, l: 20, tp: "grdnr"}, jntr: {pgs: 0, l: 20, tp: "jntr"}, vsgst: {pgs: 0, l: 20, tp: "vsgst"}}}}}]
Thu Jan 9 19:54:17 GMT+0600 2020 [INFO] Client said: 34: ["house_108_livingroom", "h.r.ra", {}]
Thu Jan 9 19:54:17 GMT+0600 2020 [INFO] Server said: 34: ["psp.sttrph", {trid: "snowboardPlace3"}]
Thu Jan 9 19:54:17 GMT+0600 2020 [INFO] Client said: 34: [null, "psp.sttrph", {trid: "snowboardPlace3"}]
Thu Jan 9 19:54:16 GMT+0600 2020 [INFO] Client said: 34: ["house_108_livingroom", "h.r.u", {uid: "108", x: 5.3, y: 6.3, st: 23, at: "", d: 1}]
Thu Jan 9 19:54:16 GMT+0600 2020 [INFO] Client said: 34: ["house_108_livingroom", "h.r.m", {uid: "108", dy: 6.3, dx: 5.3, sx: 4.7, sy: 8.2}]
Thu Jan 9 19:54:15 GMT+0600 2020 [INFO] Client said: 34: ["house_108_livingroom", "h.r.u", {uid: "108", x: 4.7, y: 8.2, st: 23, at: "", d: 2}]
Thu Jan 9 19:54:14 GMT+0600 2020 [INFO] Client said: 34: ["house_108_livingroom", "h.r.m", {uid: "108", dy: 8.2, dx: 4.7, sx: 2.62, sy: 10.57}]
Thu Jan 9 19:54:14 GMT+0600 2020 [INFO] Client said: 34: ["house_108_livingroom", "h.r.m", {uid: "108", dy: 7.36, dx: 5.11, sx: 2, sy: 11.19}]
Thu Jan 9 19:54:10 GMT+0600 2020 [INFO] Server said: 34: ["h.r.ra", {plr: {uid: "108", usrinf: {rl: 0}, clths: {clths: [{clid: null, tpid: "boyShoes8"}, {clid: null, tpid: "boyTShrtSh"}, {clid: null, tpid: "boyPants10"}]}, ci: {vfgc: 0, skid: null, skrt: 0, lvt: 1578577781, eml: null, crt: 763, sbid: null, plcmt: {}, bcld: 0, actrp: 0, lgt: 0, hrt: 174, trid: "springDay2017", vip: true, kyktid: null, shousd: false, dr: true, fak: null, trcd: 0, strfrd: 0, lrnt: 0, actrd: 0, compid: 0, vsact: true, gdc: 0, shcr: true, gtrfrd: 0, vret: 0, fexp: 0, as: null, cmid: 0, ys: 0, spp: 0, lwts: 0, rpt: 0, actrt: 0, ceid: 0, rtrtm: 0, crst: 0, sbrt: 0, tts: null, exp: 85800, vsexp: 1965298000, pamns: {amn: []}, vexp: 1965298000, ysct: 0}, apprnc: {brc: 1, shc: 1, sc: 1, nct: 0, rg: 0, brt: 1, mc: 1, bt: 0, pt: 0, rc: 1, et: 1, g: 1, ss: 0, pc: 1, fac: 1, ec: 1, n: "Kak_TaK?", sh: 0, fat: 0, mt: 1, fft: 0, ht: 86, bc: 1, hc: 3, ssc: 1}, mbm: {ac: null, sk: "blackMobileSkin"}, locinfo: {at: "", s: "127.0.0.1", y: 11.19, shlc: true, st: 23, x: 2, d: 4, l: "house_108_livingroom", pl: ""}, pf: {pf: {phtghr: {pgs: 0, l: 20, tp: "phtghr"}, grdnr: {pgs: 0, l: 20, tp: "grdnr"}, jntr: {pgs: 0, l: 20, tp: "jntr"}, vsgst: {pgs: 0, l: 20, tp: "vsgst"}}}}}]
Thu Jan 9 19:54:10 GMT+0600 2020 [INFO] Client said: 34: ["house_108_livingroom", "h.r.ra", {}]
Thu Jan 9 19:54:10 GMT+0600 2020 [INFO] Server said: 34: ["psp.sttrph", {trid: "springDay2017"}]
Thu Jan 9 19:54:09 GMT+0600 2020 [INFO] Client said: 34: [null, "psp.sttrph", {trid: "springDay2017"}]
Thu Jan 9 19:54:09 GMT+0600 2020 [INFO] Server said: 34: ["h.r.ra", {plr: {uid: "108", usrinf: {rl: 0}, clths: {clths: [{clid: null, tpid: "boyShoes8"}, {clid: null, tpid: "boyTShrtSh"}, {clid: null, tpid: "boyPants10"}]}, ci: {vfgc: 0, skid: null, skrt: 0, lvt: 1578577781, eml: null, crt: 763, sbid: null, plcmt: {}, bcld: 0, actrp: 0, lgt: 0, hrt: 174, trid: "springDay2017", vip: true, kyktid: null, shousd: false, dr: true, fak: null, trcd: 0, strfrd: 0, lrnt: 0, actrd: 0, compid: 0, vsact: true, gdc: 0, shcr: true, gtrfrd: 0, vret: 0, fexp: 0, as: null, cmid: 0, ys: 0, spp: 0, lwts: 0, rpt: 0, actrt: 0, ceid: 0, rtrtm: 0, crst: 0, sbrt: 0, tts: null, exp: 85800, vsexp: 1965298000, pamns: {amn: []}, vexp: 1965298000, ysct: 0}, apprnc: {brc: 1, shc: 1, sc: 1, nct: 0, rg: 0, brt: 1, mc: 1, bt: 0, pt: 0, rc: 1, et: 1, g: 1, ss: 0, pc: 1, fac: 1, ec: 1, n: "Kak_TaK?", sh: 0, fat: 0, mt: 1, fft: 0, ht: 86, bc: 1, hc: 3, ssc: 1}, mbm: {ac: null, sk: "blackMobileSkin"}, locinfo: {at: "", s: "127.0.0.1", y: 11.19, shlc: true, st: 23, x: 2, d: 4, l: "house_108_livingroom", pl: ""}, pf: {pf: {phtghr: {pgs: 0, l: 20, tp: "phtghr"}, grdnr: {pgs: 0, l: 20, tp: "grdnr"}, jntr: {pgs: 0, l: 20, tp: "jntr"}, vsgst: {pgs: 0, l: 20, tp: "vsgst"}}}}}]
Thu Jan 9 19:54:09 GMT+0600 2020 [INFO] Client said: 34: ["house_108_livingroom", "h.r.ra", {}]
Thu Jan 9 19:54:09 GMT+0600 2020 [INFO] Server said: 34: ["psp.sttrph", {trid: "springDay2017"}]
Thu Jan 9 19:54:09 GMT+0600 2020 [INFO] Client said: 34: [null, "psp.sttrph", {trid: "springDay2017"}]
Thu Jan 9 19:54:08 GMT+0600 2020 [INFO] Server said: 34: ["h.r.ra", {plr: {uid: "108", usrinf: {rl: 0}, clths: {clths: [{clid: null, tpid: "boyShoes8"}, {clid: null, tpid: "boyTShrtSh"}, {clid: null, tpid: "boyPants10"}]}, ci: {vfgc: 0, skid: null, skrt: 0, lvt: 1578577781, eml: null, crt: 763, sbid: null, plcmt: {}, bcld: 0, actrp: 0, lgt: 0, hrt: 174, trid: "autumnEvent2019", vip: true, kyktid: null, shousd: false, dr: true, fak: null, trcd: 0, strfrd: 0, lrnt: 0, actrd: 0, compid: 0, vsact: true, gdc: 0, shcr: true, gtrfrd: 0, vret: 0, fexp: 0, as: null, cmid: 0, ys: 0, spp: 0, lwts: 0, rpt: 0, actrt: 0, ceid: 0, rtrtm: 0, crst: 0, sbrt: 0, tts: null, exp: 85800, vsexp: 1965298000, pamns: {amn: []}, vexp: 1965298000, ysct: 0}, apprnc: {brc: 1, shc: 1, sc: 1, nct: 0, rg: 0, brt: 1, mc: 1, bt: 0, pt: 0, rc: 1, et: 1, g: 1, ss: 0, pc: 1, fac: 1, ec: 1, n: "Kak_TaK?", sh: 0, fat: 0, mt: 1, fft: 0, ht: 86, bc: 1, hc: 3, ssc: 1}, mbm: {ac: null, sk: "blackMobileSkin"}, locinfo: {at: "", s: "127.0.0.1", y: 11.19, shlc: true, st: 23, x: 2, d: 4, l: "house_108_livingroom", pl: ""}, pf: {pf: {phtghr: {pgs: 0, l: 20, tp: "phtghr"}, grdnr: {pgs: 0, l: 20, tp: "grdnr"}, jntr: {pgs: 0, l: 20, tp: "jntr"}, vsgst: {pgs: 0, l: 20, tp: "vsgst"}}}}}]
Thu Jan 9 19:54:08 GMT+0600 2020 [INFO] Client said: 34: ["house_108_livingroom", "h.r.ra", {}]
Thu Jan 9 19:54:08 GMT+0600 2020 [INFO] Server said: 34: ["psp.sttrph", {trid: "autumnEvent2019"}]
Thu Jan 9 19:54:08 GMT+0600 2020 [INFO] Client said: 34: [null, "psp.sttrph", {trid: "autumnEvent2019"}]