ClientError: Thu Jan 9 17:04:59 GMT+0300 2020 [CRITICAL] [house] *Uncaught Error* ErrorId: 1009 ErrorName: TypeError ErrorMessage:Error #1009 ErrorStackTrace:TypeError: Error #1009
	at _-yo::ChangeItemColorDialog/init()
	at _-Qp::_-1DK/onAddedToStage()
	at _-0qh::UIManager/_-1oS()
	at _-0qh::UIManager/showModal()
	at _-Qp::_-1DK/showModal()
	at _-2e::ColorWheelObject/doAction()
	at _-3A6::RoundMenu/_-0mM()
Thu Jan 9 17:04:58 GMT+0300 2020 [INFO] Client said: 34: ["house_171_livingroom", "h.r.u", {st: 0, x: 8.72, d: 0, y: 3.59, uid: "171"}]
Thu Jan 9 17:04:57 GMT+0300 2020 [INFO] Server said: 34: ["frn.save", {ci: {bcld: 0, ys: 0, cmid: 0, actrt: 0, trid: "freelanceMicrophone", rpt: 0, dr: true, compid: 0, trcd: 0, lwts: 0, spp: 0, actrp: 0, sbid: null, tts: null, actrd: 0, sbrt: 0, gdc: 0, eml: null, shousd: false, plcmt: {}, lgt: 0, pamns: {amn: []}, ysct: 0, as: null, crst: 0, vexp: 1965298000, fak: null, lvt: 1578578394, vsexp: 1965298000, shcr: true, lrnt: 0, skrt: 0, vsact: true, gtrfrd: 0, fexp: 0, crt: 10, vret: 0, exp: 85800, skid: null, vip: true, vfgc: 0, rtrtm: 0, hrt: 424, strfrd: 0, ceid: 0, kyktid: null}, hs: {f: [{x: 0, tpid: "wall15", y: 0, lid: 1, z: 0, d: 3}, {x: 13, tpid: "wall15", y: 0, lid: 2, z: 0, d: 5}, {x: 11, tpid: "colorWheel", y: 0.140625, lid: 72743813, z: 0, d: 5}, {x: 3, rid: "outside", tpid: "door4", y: 0, lid: 4, z: 0, d: 3}, {x: 0, tpid: "floor4", y: 0, lid: 3, z: 0, d: 5}], l: 13, nm: "house", id: "livingroom", w: 13, lev: 1}, inv: {c: {frn: {id: "frn", it: []}, lt: {id: "lt", it: []}, cls: {id: "cls", it: [{c: 1, tid: "girlUnderdress1", iid: ""}, {c: 1, tid: "girlUnderdress2", iid: ""}]}, gm: {id: "gm", it: [{c: 1, tid: "blackMobileSkin", iid: ""}]}, act: {id: "act", it: []}}}}]
Thu Jan 9 17:04:57 GMT+0300 2020 [INFO] Client said: 34: ["house_171_livingroom", "h.r.u", {x: 8.72, at: "", d: 0, y: 3.59, st: 23, uid: "171"}]
Thu Jan 9 17:04:55 GMT+0300 2020 [INFO] Client said: 34: ["house_171_livingroom", "h.r.m", {sx: 11.5, dy: 3.59, dx: 8.72, sy: 1.3, uid: "171"}]
Thu Jan 9 17:04:50 GMT+0300 2020 [INFO] Client said: 34: ["house_171_livingroom", "h.r.rfr", {}]
Thu Jan 9 17:04:50 GMT+0300 2020 [INFO] Server said: 34: ["frn.save", {ci: {bcld: 0, ys: 0, cmid: 0, actrt: 0, trid: "freelanceMicrophone", rpt: 0, dr: true, compid: 0, trcd: 0, lwts: 0, spp: 0, actrp: 0, sbid: null, tts: null, actrd: 0, sbrt: 0, gdc: 0, eml: null, shousd: false, plcmt: {}, lgt: 0, pamns: {amn: []}, ysct: 0, as: null, crst: 0, vexp: 1965298000, fak: null, lvt: 1578578394, vsexp: 1965298000, shcr: true, lrnt: 0, skrt: 0, vsact: true, gtrfrd: 0, fexp: 0, crt: 10, vret: 0, exp: 85800, skid: null, vip: true, vfgc: 0, rtrtm: 0, hrt: 424, strfrd: 0, ceid: 0, kyktid: null}, hs: {f: [{x: 0, tpid: "wall15", y: 0, lid: 1, z: 0, d: 3}, {x: 13, tpid: "wall15", y: 0, lid: 2, z: 0, d: 5}, {x: 11, tpid: "colorWheel", y: 0.140625, lid: 72743813, z: 0, d: 5}, {x: 3, rid: "outside", tpid: "door4", y: 0, lid: 4, z: 0, d: 3}, {x: 0, tpid: "floor4", y: 0, lid: 3, z: 0, d: 5}], l: 13, nm: "house", id: "livingroom", w: 13, lev: 1}, inv: {c: {frn: {id: "frn", it: []}, lt: {id: "lt", it: []}, cls: {id: "cls", it: [{c: 1, tid: "girlUnderdress1", iid: ""}, {c: 1, tid: "girlUnderdress2", iid: ""}]}, gm: {id: "gm", it: [{c: 1, tid: "blackMobileSkin", iid: ""}]}, act: {id: "act", it: []}}}}]
Thu Jan 9 17:04:50 GMT+0300 2020 [INFO] Client said: 34: ["house_171_livingroom", "frn.save", {f: [{x: 11, tpid: "colorWheel", d: 5, y: 0.140625, oid: 72743813, z: 0, t: 1, tm: 1578578682888}]}]
Thu Jan 9 17:04:49 GMT+0300 2020 [INFO] Client said: 34: ["house_171_livingroom", "frn.save", {f: [{x: 11, tpid: "colorWheel", d: 5, y: 0.140625, oid: 72743813, z: 0, t: 1, tm: 1578578682888}]}]
Thu Jan 9 17:04:44 GMT+0300 2020 [INFO] Client said: 34: ["house_171_livingroom", "frn.save", {f: [{x: 11, tpid: "colorWheel", d: 5, y: 0.140625, oid: 72743813, z: 0, t: 1, tm: 1578578682888}]}]
Thu Jan 9 17:04:38 GMT+0300 2020 [INFO] Server said: 34: ["ntf.res", {res: {slvr: 10000, gld: 0, enrg: 500, emd: 0}}]
Thu Jan 9 17:04:38 GMT+0300 2020 [INFO] Server said: 34: ["ntf.inv", {it: {c: 1, tid: "colorWheel", iid: ""}}]
Thu Jan 9 17:04:36 GMT+0300 2020 [INFO] Client said: 34: [null, "frn.buy", {tpid: "colorWheel", pind: 1, cnt: 1}]
Thu Jan 9 17:04:35 GMT+0300 2020 [INFO] Loaded  LoadingItem(url: http://62.113.113.58:8080/files/swf/furniture/decor/ColorWheel.swf, status: 2) 
Thu Jan 9 17:04:28 GMT+0300 2020 [INFO] Client said: 34: ["house_171_livingroom", "h.r.u", {x: 11.5, at: "", d: 2, y: 1.3, st: 23, uid: "171"}]
Thu Jan 9 17:04:26 GMT+0300 2020 [INFO] Client said: 34: ["house_171_livingroom", "h.r.m", {sx: 7.92, dy: 1.3, dx: 11.5, sy: 2.86, uid: "171"}]
Thu Jan 9 17:04:10 GMT+0300 2020 [INFO] Server said: 34: ["h.r.ra", {plr: {clths: {clths: [{tpid: "girlShirt12", clid: null}, {tpid: "girlShoes14", clid: null}, {tpid: "girlPants9", clid: null}]}, ci: {bcld: 0, ys: 0, cmid: 0, actrt: 0, trid: "freelanceMicrophone", rpt: 0, dr: true, compid: 0, trcd: 0, lwts: 0, spp: 0, actrp: 0, sbid: null, tts: null, actrd: 0, sbrt: 0, gdc: 0, eml: null, shousd: false, plcmt: {}, lgt: 0, pamns: {amn: []}, ysct: 0, as: null, crst: 0, vexp: 1965298000, fak: null, lvt: 1578578394, vsexp: 1965298000, shcr: true, lrnt: 0, skrt: 0, vsact: true, gtrfrd: 0, fexp: 0, crt: 10, vret: 0, exp: 85800, skid: null, vip: true, vfgc: 0, rtrtm: 0, hrt: 174, strfrd: 0, ceid: 0, kyktid: null}, locinfo: {l: "house_171_livingroom", x: 7.92, at: "danceGirl2", d: 4, y: 2.86, shlc: true, s: "127.0.0.1", st: 3, pl: ""}, uid: "171", mbm: {ac: null, sk: "blackMobileSkin"}, pf: {pf: {vsgst: {l: 20, pgs: 0, tp: "vsgst"}, grdnr: {l: 20, pgs: 0, tp: "grdnr"}, jntr: {l: 20, pgs: 0, tp: "jntr"}, phtghr: {l: 20, pgs: 0, tp: "phtghr"}}}, apprnc: {mt: 1, sh: 0, g: 2, nct: 0, rc: 1, brt: 4, sc: 1, shc: 1, fac: 1, pc: 1, fat: 0, rg: 0, mc: 1, bt: 0, ec: 5, ss: 0, ht: 14, et: 7, n: "ТВОЙ КОШМАР", brc: 1, fft: 0, bc: 1, ssc: 1, hc: 6, pt: 0}, usrinf: {rl: 0}}}]
Thu Jan 9 17:04:08 GMT+0300 2020 [INFO] Server said: 34: ["h.r.ra", {plr: {clths: {clths: [{tpid: "girlShirt12", clid: null}, {tpid: "girlShoes14", clid: null}, {tpid: "girlPants9", clid: null}]}, ci: {bcld: 0, ys: 0, cmid: 0, actrt: 0, trid: "freelanceMicrophone", rpt: 0, dr: true, compid: 0, trcd: 0, lwts: 0, spp: 0, actrp: 0, sbid: null, tts: null, actrd: 0, sbrt: 0, gdc: 0, eml: null, shousd: false, plcmt: {}, lgt: 0, pamns: {amn: []}, ysct: 0, as: null, crst: 0, vexp: 1965298000, fak: null, lvt: 1578578394, vsexp: 1965298000, shcr: true, lrnt: 0, skrt: 0, vsact: true, gtrfrd: 0, fexp: 0, crt: 10, vret: 0, exp: 85800, skid: null, vip: true, vfgc: 0, rtrtm: 0, hrt: 174, strfrd: 0, ceid: 0, kyktid: null}, locinfo: {l: "house_171_livingroom", x: 7.92, at: "danceGirl2", d: 4, y: 2.86, shlc: true, s: "127.0.0.1", st: 3, pl: ""}, uid: "171", mbm: {ac: null, sk: "blackMobileSkin"}, pf: {pf: {vsgst: {l: 20, pgs: 0, tp: "vsgst"}, grdnr: {l: 20, pgs: 0, tp: "grdnr"}, jntr: {l: 20, pgs: 0, tp: "jntr"}, phtghr: {l: 20, pgs: 0, tp: "phtghr"}}}, apprnc: {mt: 1, sh: 0, g: 2, nct: 0, rc: 1, brt: 4, sc: 1, shc: 1, fac: 1, pc: 1, fat: 0, rg: 0, mc: 1, bt: 0, ec: 5, ss: 0, ht: 14, et: 7, n: "ТВОЙ КОШМАР", brc: 1, fft: 0, bc: 1, ssc: 1, hc: 6, pt: 0}, usrinf: {rl: 0}}}]
Thu Jan 9 17:04:06 GMT+0300 2020 [INFO] Server said: 34: ["h.r.ra", {plr: {clths: {clths: [{tpid: "girlShirt12", clid: null}, {tpid: "girlShoes14", clid: null}, {tpid: "girlPants9", clid: null}]}, ci: {bcld: 0, ys: 0, cmid: 0, actrt: 0, trid: "freelanceMicrophone", rpt: 0, dr: true, compid: 0, trcd: 0, lwts: 0, spp: 0, actrp: 0, sbid: null, tts: null, actrd: 0, sbrt: 0, gdc: 0, eml: null, shousd: false, plcmt: {}, lgt: 0, pamns: {amn: []}, ysct: 0, as: null, crst: 0, vexp: 1965298000, fak: null, lvt: 1578578394, vsexp: 1965298000, shcr: true, lrnt: 0, skrt: 0, vsact: true, gtrfrd: 0, fexp: 0, crt: 10, vret: 0, exp: 85800, skid: null, vip: true, vfgc: 0, rtrtm: 0, hrt: 174, strfrd: 0, ceid: 0, kyktid: null}, locinfo: {l: "house_171_livingroom", x: 7.92, at: "danceGirl2", d: 4, y: 2.86, shlc: true, s: "127.0.0.1", st: 3, pl: ""}, uid: "171", mbm: {ac: null, sk: "blackMobileSkin"}, pf: {pf: {vsgst: {l: 20, pgs: 0, tp: "vsgst"}, grdnr: {l: 20, pgs: 0, tp: "grdnr"}, jntr: {l: 20, pgs: 0, tp: "jntr"}, phtghr: {l: 20, pgs: 0, tp: "phtghr"}}}, apprnc: {mt: 1, sh: 0, g: 2, nct: 0, rc: 1, brt: 4, sc: 1, shc: 1, fac: 1, pc: 1, fat: 0, rg: 0, mc: 1, bt: 0, ec: 5, ss: 0, ht: 14, et: 7, n: "ТВОЙ КОШМАР", brc: 1, fft: 0, bc: 1, ssc: 1, hc: 6, pt: 0}, usrinf: {rl: 0}}}]
Thu Jan 9 17:04:05 GMT+0300 2020 [INFO] Client said: 34: ["house_171_livingroom", "h.r.ra", {}]
Thu Jan 9 17:04:05 GMT+0300 2020 [INFO] Server said: 34: ["psp.sttrph", {trid: "freelanceMicrophone"}]
Thu Jan 9 17:04:05 GMT+0300 2020 [INFO] Client said: 34: ["house_171_livingroom", "h.r.ra", {}]
Thu Jan 9 17:04:05 GMT+0300 2020 [INFO] Server said: 34: ["psp.sttrph", {trid: "freelanceMicrophone"}]
Thu Jan 9 17:04:05 GMT+0300 2020 [INFO] Client said: 34: ["house_171_livingroom", "h.r.ra", {}]
Thu Jan 9 17:04:05 GMT+0300 2020 [INFO] Server said: 34: ["psp.sttrph", {trid: "freelanceMicrophone"}]
Thu Jan 9 17:04:03 GMT+0300 2020 [INFO] Server said: 34: ["h.r.ra", {plr: {clths: {clths: [{tpid: "girlShirt12", clid: null}, {tpid: "girlShoes14", clid: null}, {tpid: "girlPants9", clid: null}]}, ci: {bcld: 0, ys: 0, cmid: 0, actrt: 0, trid: "freelanceMicrophone", rpt: 0, dr: true, compid: 0, trcd: 0, lwts: 0, spp: 0, actrp: 0, sbid: null, tts: null, actrd: 0, sbrt: 0, gdc: 0, eml: null, shousd: false, plcmt: {}, lgt: 0, pamns: {amn: []}, ysct: 0, as: null, crst: 0, vexp: 1965298000, fak: null, lvt: 1578578394, vsexp: 1965298000, shcr: true, lrnt: 0, skrt: 0, vsact: true, gtrfrd: 0, fexp: 0, crt: 10, vret: 0, exp: 85800, skid: null, vip: true, vfgc: 0, rtrtm: 0, hrt: 174, strfrd: 0, ceid: 0, kyktid: null}, locinfo: {l: "house_171_livingroom", x: 7.92, at: "danceGirl2", d: 4, y: 2.86, shlc: true, s: "127.0.0.1", st: 3, pl: ""}, uid: "171", mbm: {ac: null, sk: "blackMobileSkin"}, pf: {pf: {vsgst: {l: 20, pgs: 0, tp: "vsgst"}, grdnr: {l: 20, pgs: 0, tp: "grdnr"}, jntr: {l: 20, pgs: 0, tp: "jntr"}, phtghr: {l: 20, pgs: 0, tp: "phtghr"}}}, apprnc: {mt: 1, sh: 0, g: 2, nct: 0, rc: 1, brt: 4, sc: 1, shc: 1, fac: 1, pc: 1, fat: 0, rg: 0, mc: 1, bt: 0, ec: 5, ss: 0, ht: 14, et: 7, n: "ТВОЙ КОШМАР", brc: 1, fft: 0, bc: 1, ssc: 1, hc: 6, pt: 0}, usrinf: {rl: 0}}}]
Thu Jan 9 17:04:02 GMT+0300 2020 [INFO] Client said: 34: [null, "psp.sttrph", {trid: "freelanceMicrophone"}]
Thu Jan 9 17:04:02 GMT+0300 2020 [INFO] Client said: 34: [null, "psp.sttrph", {trid: "freelanceMicrophone"}]
Thu Jan 9 17:04:02 GMT+0300 2020 [INFO] Client said: 34: [null, "psp.sttrph", {trid: "freelanceMicrophone"}]
Thu Jan 9 17:04:01 GMT+0300 2020 [INFO] Client said: 34: ["house_171_livingroom", "h.r.ra", {}]
Thu Jan 9 17:04:01 GMT+0300 2020 [INFO] Server said: 34: ["psp.sttrph", {trid: "freelanceMicrophone"}]
Thu Jan 9 17:04:01 GMT+0300 2020 [INFO] Client said: 34: [null, "psp.sttrph", {trid: "freelanceMicrophone"}]
Thu Jan 9 17:03:53 GMT+0300 2020 [INFO] Client said: 34: ["house_171_livingroom", "h.r.u", {x: 7.92, at: "danceGirl2", d: 3, y: 2.86, st: 3, uid: "171"}]