ClientError: Thu Jan 9 22:16:59 GMT+0700 2020 [CRITICAL] [house] *Uncaught Error* ErrorId: 1009 ErrorName: TypeError ErrorMessage:Error #1009 ErrorStackTrace:TypeError: Error #1009
	at MethodInfo-2()
	at flash.events::EventDispatcher/dispatchEvent()
	at _-jr::FurnitureLoader/_-2qc()
	at flash.events::EventDispatcher/dispatchEvent()
	at _-0bS::MassLoader/_-4Ql()
	at _-0bS::MassLoader/_-WZ()
	at flash.events::EventDispatcher/dispatchEvent()
	at _-18R::LoadingItem/onComplete()
	at _-18R::SWFLoadingItem/onComplete()
	at MethodInfo-7()
Thu Jan 9 22:16:59 GMT+0700 2020 [INFO] Loaded  LoadingItem(url: http://62.113.113.58:8080/files/swf/furniture/furniture/CaseCountry.swf?2, status: 2) 
Thu Jan 9 22:15:52 GMT+0700 2020 [INFO] Server said: 34: ["h.r.ra", {plr: {pf: {pf: {jntr: {tp: "jntr", l: 20, pgs: 0}, vsgst: {tp: "vsgst", l: 20, pgs: 0}, grdnr: {tp: "grdnr", l: 20, pgs: 0}, phtghr: {tp: "phtghr", l: 20, pgs: 0}}}, mbm: {sk: "blackMobileSkin", ac: null}, clths: {clths: [{tpid: "girlPants9", clid: null}, {tpid: "girlShoes14", clid: null}, {tpid: "girlTopNY20Gld", clid: null}]}, usrinf: {rl: 0}, apprnc: {et: 36, shc: 1, g: 2, bc: 1, ss: 0, rc: 1, ht: 130, sh: 0, brt: 29, mc: 1, mt: 7, brc: 1, n: "2К20", bt: 0, pc: 1, fft: 0, rg: 0, hc: 1, pt: 0, sc: 1, nct: 0, ec: 1, fac: 1, ssc: 1, fat: 0}, uid: "391", locinfo: {x: 4.33, s: "127.0.0.1", at: "", l: "house_391_livingroom", pl: "", st: 23, y: 5.02, d: 4, shlc: true}, ci: {fak: null, shcr: true, trcd: 0, gtrfrd: 0, hrt: 174, sbid: null, strfrd: 0, exp: 85800, sbrt: 0, rtrtm: 0, plcmt: {}, kyktid: null, gdc: 0, pamns: {amn: []}, dr: true, actrt: 0, lgt: 0, vip: true, compid: 0, actrp: 0, vexp: 1965298000, ys: 0, crt: 730, crst: 0, shousd: false, vsact: true, actrd: 0, vsexp: 1965298000, vret: 0, vfgc: 0, rpt: 0, spp: 0, ceid: 0, as: null, lwts: 0, tts: null, lrnt: 0, skid: null, cmid: 0, skrt: 0, eml: null, fexp: 0, bcld: 0, trid: null, ysct: 0, lvt: 1578582565}}}]
Thu Jan 9 22:15:51 GMT+0700 2020 [INFO] Client said: 34: ["house_391_livingroom", "h.r.ra", {}]
Thu Jan 9 22:15:51 GMT+0700 2020 [INFO] Server said: 34: ["a.clths.buy", {res: {slvr: 10000, gld: 1380, enrg: 500, emd: 0}, ccltn: {ctp: "casual", cn: "", cct: ["girlPants9", "girlShoes14", "girlTopNY20Gld"]}, inv: {c: {cls: {it: [{c: 1, tid: "girlUnderdress1", iid: ""}, {c: 1, tid: "girlUnderdress2", iid: ""}, {c: 1, tid: "girlShirt12", iid: ""}, {c: 1, tid: "girlNY20VKGiftPllvDr", iid: ""}, {c: 1, tid: "girlTShrtNY20Nght", iid: ""}], id: "cls"}, frn: {it: [], id: "frn"}, gm: {it: [{c: 1, tid: "blackMobileSkin", iid: ""}], id: "gm"}, act: {it: [], id: "act"}, lt: {it: [], id: "lt"}}}, clths: {clths: [{tpid: "girlPants9", clid: null}, {tpid: "girlShoes14", clid: null}, {tpid: "girlTopNY20Gld", clid: null}]}, crt: 730}]
Thu Jan 9 22:15:47 GMT+0700 2020 [INFO] Client said: 34: [null, "a.clths.buy", {ctp: "casual", pind: 1, tpid: "girlTopNY20Gld"}]
Thu Jan 9 22:15:31 GMT+0700 2020 [INFO] Server said: 34: ["h.r.ra", {plr: {pf: {pf: {jntr: {tp: "jntr", l: 20, pgs: 0}, vsgst: {tp: "vsgst", l: 20, pgs: 0}, grdnr: {tp: "grdnr", l: 20, pgs: 0}, phtghr: {tp: "phtghr", l: 20, pgs: 0}}}, mbm: {sk: "blackMobileSkin", ac: null}, clths: {clths: [{tpid: "girlTShrtNY20Nght", clid: null}, {tpid: "girlPants9", clid: null}, {tpid: "girlShoes14", clid: null}]}, usrinf: {rl: 0}, apprnc: {et: 36, shc: 1, g: 2, bc: 1, ss: 0, rc: 1, ht: 130, sh: 0, brt: 29, mc: 1, mt: 7, brc: 1, n: "2К20", bt: 0, pc: 1, fft: 0, rg: 0, hc: 1, pt: 0, sc: 1, nct: 0, ec: 1, fac: 1, ssc: 1, fat: 0}, uid: "391", locinfo: {x: 4.33, s: "127.0.0.1", at: "", l: "house_391_livingroom", pl: "", st: 23, y: 5.02, d: 4, shlc: true}, ci: {fak: null, shcr: true, trcd: 0, gtrfrd: 0, hrt: 174, sbid: null, strfrd: 0, exp: 85800, sbrt: 0, rtrtm: 0, plcmt: {}, kyktid: null, gdc: 0, pamns: {amn: []}, dr: true, actrt: 0, lgt: 0, vip: true, compid: 0, actrp: 0, vexp: 1965298000, ys: 0, crt: 520, crst: 0, shousd: false, vsact: true, actrd: 0, vsexp: 1965298000, vret: 0, vfgc: 0, rpt: 0, spp: 0, ceid: 0, as: null, lwts: 0, tts: null, lrnt: 0, skid: null, cmid: 0, skrt: 0, eml: null, fexp: 0, bcld: 0, trid: null, ysct: 0, lvt: 1578582565}}}]
Thu Jan 9 22:15:30 GMT+0700 2020 [INFO] Client said: 34: ["house_391_livingroom", "h.r.ra", {}]
Thu Jan 9 22:15:30 GMT+0700 2020 [INFO] Server said: 34: ["a.clths.buy", {res: {slvr: 10000, gld: 1450, enrg: 500, emd: 0}, ccltn: {ctp: "casual", cn: "", cct: ["girlTShrtNY20Nght", "girlPants9", "girlShoes14"]}, inv: {c: {cls: {it: [{c: 1, tid: "girlUnderdress1", iid: ""}, {c: 1, tid: "girlUnderdress2", iid: ""}, {c: 1, tid: "girlShirt12", iid: ""}, {c: 1, tid: "girlNY20VKGiftPllvDr", iid: ""}], id: "cls"}, frn: {it: [], id: "frn"}, gm: {it: [{c: 1, tid: "blackMobileSkin", iid: ""}], id: "gm"}, act: {it: [], id: "act"}, lt: {it: [], id: "lt"}}}, clths: {clths: [{tpid: "girlTShrtNY20Nght", clid: null}, {tpid: "girlPants9", clid: null}, {tpid: "girlShoes14", clid: null}]}, crt: 520}]
Thu Jan 9 22:15:25 GMT+0700 2020 [INFO] Client said: 34: [null, "a.clths.buy", {ctp: "casual", pind: 1, tpid: "girlTShrtNY20Nght"}]
Thu Jan 9 22:15:18 GMT+0700 2020 [INFO] Server said: 34: ["h.r.ra", {plr: {pf: {pf: {jntr: {tp: "jntr", l: 20, pgs: 0}, vsgst: {tp: "vsgst", l: 20, pgs: 0}, grdnr: {tp: "grdnr", l: 20, pgs: 0}, phtghr: {tp: "phtghr", l: 20, pgs: 0}}}, mbm: {sk: "blackMobileSkin", ac: null}, clths: {clths: [{tpid: "girlNY20VKGiftPllvDr", clid: null}, {tpid: "girlPants9", clid: null}, {tpid: "girlShoes14", clid: null}]}, usrinf: {rl: 0}, apprnc: {et: 36, shc: 1, g: 2, bc: 1, ss: 0, rc: 1, ht: 130, sh: 0, brt: 29, mc: 1, mt: 7, brc: 1, n: "2К20", bt: 0, pc: 1, fft: 0, rg: 0, hc: 1, pt: 0, sc: 1, nct: 0, ec: 1, fac: 1, ssc: 1, fat: 0}, uid: "391", locinfo: {x: 4.33, s: "127.0.0.1", at: "", l: "house_391_livingroom", pl: "", st: 23, y: 5.02, d: 4, shlc: true}, ci: {fak: null, shcr: true, trcd: 0, gtrfrd: 0, hrt: 174, sbid: null, strfrd: 0, exp: 85800, sbrt: 0, rtrtm: 0, plcmt: {}, kyktid: null, gdc: 0, pamns: {amn: []}, dr: true, actrt: 0, lgt: 0, vip: true, compid: 0, actrp: 0, vexp: 1965298000, ys: 0, crt: 250, crst: 0, shousd: false, vsact: true, actrd: 0, vsexp: 1965298000, vret: 0, vfgc: 0, rpt: 0, spp: 0, ceid: 0, as: null, lwts: 0, tts: null, lrnt: 0, skid: null, cmid: 0, skrt: 0, eml: null, fexp: 0, bcld: 0, trid: null, ysct: 0, lvt: 1578582565}}}]
Thu Jan 9 22:15:17 GMT+0700 2020 [INFO] Client said: 34: ["house_391_livingroom", "h.r.ra", {}]
Thu Jan 9 22:15:17 GMT+0700 2020 [INFO] Server said: 34: ["a.clths.buy", {res: {slvr: 10000, gld: 1540, enrg: 500, emd: 0}, ccltn: {ctp: "casual", cn: "", cct: ["girlNY20VKGiftPllvDr", "girlPants9", "girlShoes14"]}, inv: {c: {cls: {it: [{c: 1, tid: "girlUnderdress1", iid: ""}, {c: 1, tid: "girlUnderdress2", iid: ""}, {c: 1, tid: "girlShirt12", iid: ""}], id: "cls"}, frn: {it: [], id: "frn"}, gm: {it: [{c: 1, tid: "blackMobileSkin", iid: ""}], id: "gm"}, act: {it: [], id: "act"}, lt: {it: [], id: "lt"}}}, clths: {clths: [{tpid: "girlNY20VKGiftPllvDr", clid: null}, {tpid: "girlPants9", clid: null}, {tpid: "girlShoes14", clid: null}]}, crt: 250}]
Thu Jan 9 22:15:12 GMT+0700 2020 [INFO] Client said: 34: [null, "a.clths.buy", {ctp: "casual", pind: 1, tpid: "girlNY20VKGiftPllvDr"}]
Thu Jan 9 22:15:00 GMT+0700 2020 [INFO] Server said: 34: ["b.ingld", {ingld: 1500}]
Thu Jan 9 22:15:00 GMT+0700 2020 [INFO] Server said: 34: ["ntf.res", {res: {gld: 1600, slvr: 10000, enrg: 500, emd: 0}}]
Thu Jan 9 22:15:00 GMT+0700 2020 [INFO] [YandexMetrics.onCounterInit] Yandex metrics counter 31321471 inited
Thu Jan 9 22:15:00 GMT+0700 2020 [INFO] [YandexMetrics.reachGoal] Call reach goal 'click_buy_product' for counter 31321471
Thu Jan 9 22:14:57 GMT+0700 2020 [INFO] [YandexMetrics.initCounter] Try to init Yandex metrics counter 31321471
Thu Jan 9 22:14:57 GMT+0700 2020 [INFO] Client said: 34: [null, "b.chkprchs", {pmnt: null, prid: "pack1500", qnt: 1}]