ClientError: Thu Jan 9 22:14:55 GMT+0700 2020 [CRITICAL] [house] *Uncaught Error* ErrorId: 1009 ErrorName: TypeError ErrorMessage:Error #1009 ErrorStackTrace:TypeError: Error #1009
	at _-371::SupportNetManager/init()
	at _-4I::_-Ss/init()
	at _-Qp::_-1DK/onAddedToStage()
	at _-0qh::UIManager/_-1oS()
	at _-0qh::UIManager/showModal()
	at _-Qp::_-1DK/showModal()
	at _-19Y::TopPanel/_-3oC()
Thu Jan 9 22:14:53 GMT+0700 2020 [INFO] Client said: 34: ["house_391_livingroom", "h.r.u", {x: 4.33, y: 5.02, st: 23, uid: "391", at: "", d: 4}]
Thu Jan 9 22:14:51 GMT+0700 2020 [INFO] Client said: 34: ["house_391_livingroom", "h.r.m", {sx: 4.05, uid: "391", sy: 0.1, dy: 5.02, dx: 4.33}]
Thu Jan 9 22:14:45 GMT+0700 2020 [INFO] Client said: 34: ["house_391_livingroom", "h.r.u", {st: 0, x: 4.05, uid: "391", y: 0.1, d: 4}]
Thu Jan 9 22:14:45 GMT+0700 2020 [INFO] Server said: 34: ["lg.lst", {glst: []}]
Thu Jan 9 22:14:45 GMT+0700 2020 [INFO] Client said: 34: ["house_391_livingroom", "lg.lst", {}]
Thu Jan 9 22:14:44 GMT+0700 2020 [INFO] Server said: 34: ["h.r.info", {rmmb: [{pf: {pf: {jntr: {tp: "jntr", l: 20, pgs: 0}, vsgst: {tp: "vsgst", l: 20, pgs: 0}, grdnr: {tp: "grdnr", l: 20, pgs: 0}, phtghr: {tp: "phtghr", l: 20, pgs: 0}}}, mbm: {sk: "blackMobileSkin", ac: null}, clths: {clths: [{tpid: "girlShirt12", clid: null}, {tpid: "girlShoes14", clid: null}, {tpid: "girlPants9", clid: null}]}, usrinf: {rl: 0}, apprnc: {et: 36, shc: 1, g: 2, bc: 1, ss: 0, rc: 1, ht: 130, sh: 0, brt: 29, mc: 1, mt: 7, brc: 1, n: "2К20", bt: 0, pc: 1, fft: 0, rg: 0, hc: 1, pt: 0, sc: 1, nct: 0, ec: 1, fac: 1, ssc: 1, fat: 0}, uid: "391", locinfo: {x: -1, s: "127.0.0.1", at: "", l: "house_391_livingroom", pl: "", st: 0, y: -1, d: 4, shlc: true}, ci: {fak: null, shcr: true, trcd: 0, gtrfrd: 0, hrt: 174, sbid: null, strfrd: 0, exp: 85800, sbrt: 0, rtrtm: 0, plcmt: {}, kyktid: null, gdc: 0, pamns: {amn: []}, dr: true, actrt: 0, lgt: 0, vip: true, compid: 0, actrp: 0, vexp: 1965298000, ys: 0, crt: 10, crst: 0, shousd: false, vsact: true, actrd: 0, vsexp: 1965298000, vret: 0, vfgc: 0, rpt: 0, spp: 0, ceid: 0, as: null, lwts: 0, tts: null, lrnt: 0, skid: null, cmid: 0, skrt: 0, eml: null, fexp: 0, bcld: 0, trid: null, ysct: 0, lvt: 1578582565}}], evn: null, rm: {w: 13, lev: 1, f: [{x: 0, y: 0, z: 0, lid: 1, d: 3, tpid: "wall15"}, {x: 3, rid: "outside", y: 0, z: 0, lid: 4, d: 3, tpid: "door4"}, {x: 13, y: 0, z: 0, lid: 2, d: 5, tpid: "wall15"}, {x: 0, y: 0, z: 0, lid: 3, d: 5, tpid: "floor4"}], l: 13, nm: "#livingRoom", id: "livingroom"}}]
Thu Jan 9 22:14:40 GMT+0700 2020 [INFO] Client said: 34: ["house_391_livingroom", "h.r.info", {rid: "livingroom", uid: "391"}]
Thu Jan 9 22:14:40 GMT+0700 2020 [INFO] Server said: 34: ["h.gr", {rid: "house_391_livingroom"}]
Thu Jan 9 22:14:40 GMT+0700 2020 [INFO] Server said: 16: ["house_391_livingroom", "391"]
Thu Jan 9 22:14:40 GMT+0700 2020 [INFO] Server said: 34: ["h.r.jn", {plr: {pf: {pf: {jntr: {tp: "jntr", l: 20, pgs: 0}, vsgst: {tp: "vsgst", l: 20, pgs: 0}, grdnr: {tp: "grdnr", l: 20, pgs: 0}, phtghr: {tp: "phtghr", l: 20, pgs: 0}}}, mbm: {sk: "blackMobileSkin", ac: null}, clths: {clths: [{tpid: "girlShirt12", clid: null}, {tpid: "girlShoes14", clid: null}, {tpid: "girlPants9", clid: null}]}, usrinf: {rl: 0}, apprnc: {et: 36, shc: 1, g: 2, bc: 1, ss: 0, rc: 1, ht: 130, sh: 0, brt: 29, mc: 1, mt: 7, brc: 1, n: "2К20", bt: 0, pc: 1, fft: 0, rg: 0, hc: 1, pt: 0, sc: 1, nct: 0, ec: 1, fac: 1, ssc: 1, fat: 0}, uid: "391", locinfo: {x: -1, s: "127.0.0.1", at: "", l: "house_391_livingroom", pl: "", st: 0, y: -1, d: 4, shlc: true}, ci: {fak: null, shcr: true, trcd: 0, gtrfrd: 0, hrt: 174, sbid: null, strfrd: 0, exp: 85800, sbrt: 0, rtrtm: 0, plcmt: {}, kyktid: null, gdc: 0, pamns: {amn: []}, dr: true, actrt: 0, lgt: 0, vip: true, compid: 0, actrp: 0, vexp: 1965298000, ys: 0, crt: 10, crst: 0, shousd: false, vsact: true, actrd: 0, vsexp: 1965298000, vret: 0, vfgc: 0, rpt: 0, spp: 0, ceid: 0, as: null, lwts: 0, tts: null, lrnt: 0, skid: null, cmid: 0, skrt: 0, eml: null, fexp: 0, bcld: 0, trid: null, ysct: 0, lvt: 1578582565}}}]
Thu Jan 9 22:14:39 GMT+0700 2020 [INFO] Client said: 34: [null, "h.gr", {rid: "livingroom", gid: "391", lid: "house"}]
Thu Jan 9 22:14:39 GMT+0700 2020 [INFO] Loaded  LoadingItem(url: http://62.113.113.58:8080/files/swf/furniture/house/WallPoppy.swf, status: 2) 
Thu Jan 9 22:14:30 GMT+0700 2020 [INFO] Loaded  LoadingItem(url: http://62.113.113.58:8080/files/swf/furniture/house/DoorWood.swf, status: 2) 
Thu Jan 9 22:14:29 GMT+0700 2020 [INFO] Loaded  LoadingItem(url: http://62.113.113.58:8080/files/swf/furniture/house/FloorCarpetGrass.swf, status: 2) 
Thu Jan 9 22:14:26 GMT+0700 2020 [INFO] Server said: 34: ["srqst.gtrq", {rqlst: {rsprlst: {}, lapt: {}, shwdt: 0, rlst: {}}}]
Thu Jan 9 22:14:26 GMT+0700 2020 [INFO] Server said: 34: ["srqst.gtrq", {rqlst: {rsprlst: {}, lapt: {}, shwdt: 0, rlst: {}}}]
Thu Jan 9 22:14:26 GMT+0700 2020 [INFO] Server said: 34: ["srqst.gtrq", {rqlst: {rsprlst: {}, lapt: {}, shwdt: 0, rlst: {}}}]
Thu Jan 9 22:14:25 GMT+0700 2020 [INFO] Server said: 34: ["srqst.gtrq", {rqlst: {rsprlst: {}, lapt: {}, shwdt: 0, rlst: {}}}]
Thu Jan 9 22:14:25 GMT+0700 2020 [INFO] Server said: 34: ["srqst.gtrq", {rqlst: {rsprlst: {}, lapt: {}, shwdt: 0, rlst: {}}}]
Thu Jan 9 22:14:25 GMT+0700 2020 [INFO] Server said: 34: ["srqst.gtrq", {rqlst: {rsprlst: {}, lapt: {}, shwdt: 0, rlst: {}}}]
Thu Jan 9 22:14:25 GMT+0700 2020 [INFO] Server said: 34: ["srqst.gtrq", {rqlst: {rsprlst: {}, lapt: {}, shwdt: 0, rlst: {}}}]
Thu Jan 9 22:14:25 GMT+0700 2020 [INFO] Server said: 34: ["srqst.gtrq", {rqlst: {rsprlst: {}, lapt: {}, shwdt: 0, rlst: {}}}]
Thu Jan 9 22:14:25 GMT+0700 2020 [INFO] Server said: 34: ["srqst.gtrq", {rqlst: {rsprlst: {}, lapt: {}, shwdt: 0, rlst: {}}}]
Thu Jan 9 22:14:25 GMT+0700 2020 [INFO] Server said: 34: ["srqst.gtrq", {rqlst: {rsprlst: {}, lapt: {}, shwdt: 0, rlst: {}}}]
Thu Jan 9 22:14:25 GMT+0700 2020 [INFO] Server said: 34: ["srqst.gtrq", {rqlst: {rsprlst: {}, lapt: {}, shwdt: 0, rlst: {}}}]
Thu Jan 9 22:14:25 GMT+0700 2020 [INFO] Client said: 34: [null, "nws.getglbl", {}]
Thu Jan 9 22:14:25 GMT+0700 2020 [INFO] Server said: 34: ["nws.hasnews", {gnexst: true, gnunr: true}]
Thu Jan 9 22:14:25 GMT+0700 2020 [INFO] Server said: 34: ["cp.cht.gbl", {blcklst: {uids: []}}]