ClientError: Thu Jan 9 20:16:30 GMT+0600 2020 [CRITICAL] [house] *Uncaught Error* ErrorId: 1010 ErrorName: TypeError ErrorMessage:Error #1010 ErrorStackTrace:TypeError: Error #1010
	at _-1u9::URL/parse()
	at _-1u9::URL()
	at _-18R::LoadingItem()
	at _-18R::SWFLoadingItem()
	at _-0bS::MassLoader/add()
	at _-0bS::MassLoader/_-2R5()
	at flash.events::EventDispatcher/dispatchEvent()
	at _-18R::LoadingItem/_-1Iu()
	at _-18R::LoadingItem/onError()
	at _-18R::SWFLoadingItem/onError()
	at flash.events::EventDispatcher/dispatchEvent()
	at flash.net::URLLoader/onComplete()
Thu Jan 9 20:15:37 GMT+0600 2020 [INFO] Loaded  LoadingItem(url: http://62.113.113.58:8080/files/swf/furniture/furniture/ArmchairPrincessGreen.swf, status: 2) 
Thu Jan 9 20:15:33 GMT+0600 2020 [INFO] Server said: 34: ["ntf.res", {res: {slvr: 0, gld: 10014, emd: 0, enrg: 500}}]
Thu Jan 9 20:15:32 GMT+0600 2020 [INFO] Server said: 34: ["ntf.inv", {it: {tid: "sfPrncss", c: 1, iid: ""}}]
Thu Jan 9 20:15:30 GMT+0600 2020 [INFO] Client said: 34: [null, "frn.buy", {pind: 1, cnt: 1, tpid: "sfPrncss"}]
Thu Jan 9 20:15:26 GMT+0600 2020 [INFO] Server said: 34: ["b.ingld", {ingld: 9999}]
Thu Jan 9 20:15:25 GMT+0600 2020 [INFO] Server said: 34: ["ntf.res", {res: {slvr: 0, gld: 10164, emd: 0, enrg: 500}}]
Thu Jan 9 20:15:25 GMT+0600 2020 [INFO] [YandexMetrics.reachGoal] Call reach goal 'click_buy_product' for counter 31321471
Thu Jan 9 20:15:25 GMT+0600 2020 [INFO] Client said: 34: [null, "b.chkprchs", {prid: "pack9999", pmnt: {ct3: null, ctx: {dialogSource: "furnitureShopDialog"}, tpid: "sfPrncss", ct2: null, ct1: null, srv: 3}, qnt: 1}]
Thu Jan 9 20:15:23 GMT+0600 2020 [INFO] [YandexMetrics.reachGoal] Call reach goal 'show_payment_dialog' for counter 31321471
Thu Jan 9 20:15:18 GMT+0600 2020 [INFO] Loaded  LoadingItem(url: http://62.113.113.58:8080/files/swf/furniture/furniture/SofaPrincess.swf, status: 2) 