ClientError: Thu Jan 9 20:17:40 GMT+0600 2020 [CRITICAL] [house] *Uncaught Error* ErrorId: 1010 ErrorName: TypeError ErrorMessage:Error #1010 ErrorStackTrace:TypeError: Error #1010
	at _-1u9::URL/parse()
	at _-1u9::URL()
	at _-18R::LoadingItem()
	at _-18R::SWFLoadingItem()
	at _-0bS::MassLoader/add()
	at _-0bS::MassLoader/_-2R5()
	at flash.events::EventDispatcher/dispatchEvent()
	at _-18R::LoadingItem/_-1Iu()
	at _-18R::LoadingItem/onError()
	at _-18R::SWFLoadingItem/onError()
	at flash.events::EventDispatcher/dispatchEvent()
	at flash.net::URLLoader/onComplete()
Thu Jan 9 20:17:17 GMT+0600 2020 [INFO] Server said: 34: ["ntf.res", {res: {slvr: 0, gld: 9637, emd: 0, enrg: 500}}]
Thu Jan 9 20:17:17 GMT+0600 2020 [INFO] Server said: 34: ["ntf.inv", {it: {tid: "fireplaceCtr", c: 1, iid: ""}}]
Thu Jan 9 20:17:15 GMT+0600 2020 [INFO] Client said: 34: [null, "frn.buy", {pind: 1, cnt: 1, tpid: "fireplaceCtr"}]
Thu Jan 9 20:17:14 GMT+0600 2020 [INFO] Loaded  LoadingItem(url: http://62.113.113.58:8080/files/swf/furniture/decor/FireplaceCountry.swf, status: 2) 
Thu Jan 9 20:16:55 GMT+0600 2020 [INFO] Server said: 34: ["ntf.res", {res: {slvr: 0, gld: 9937, emd: 0, enrg: 500}}]
Thu Jan 9 20:16:55 GMT+0600 2020 [INFO] Server said: 34: ["ntf.inv", {it: {tid: "drCntr1", c: 1, iid: ""}}]
Thu Jan 9 20:16:52 GMT+0600 2020 [INFO] Client said: 34: [null, "frn.buy", {pind: 1, cnt: 1, tpid: "drCntr1"}]
Thu Jan 9 20:16:51 GMT+0600 2020 [INFO] Loaded  LoadingItem(url: http://62.113.113.58:8080/files/swf/furniture/house/DoorCountry.swf, status: 2) 
Thu Jan 9 20:16:49 GMT+0600 2020 [INFO] Server said: 34: ["ntf.res", {res: {slvr: 0, gld: 9967, emd: 0, enrg: 500}}]
Thu Jan 9 20:16:49 GMT+0600 2020 [INFO] Server said: 34: ["ntf.inv", {it: {tid: "ptCtr", c: 1, iid: ""}}]
Thu Jan 9 20:16:47 GMT+0600 2020 [INFO] Client said: 34: [null, "frn.buy", {pind: 1, cnt: 1, tpid: "ptCtr"}]
Thu Jan 9 20:16:46 GMT+0600 2020 [INFO] Loaded  LoadingItem(url: http://62.113.113.58:8080/files/swf/furniture/decor/PlateCountry.swf, status: 2) 
Thu Jan 9 20:16:39 GMT+0600 2020 [INFO] Server said: 34: ["ntf.res", {res: {slvr: 0, gld: 9970, emd: 0, enrg: 500}}]
Thu Jan 9 20:16:39 GMT+0600 2020 [INFO] Server said: 34: ["ntf.inv", {it: {tid: "tblCtr1", c: 1, iid: ""}}]
Thu Jan 9 20:16:37 GMT+0600 2020 [INFO] Client said: 34: [null, "frn.buy", {pind: 1, cnt: 1, tpid: "tblCtr1"}]
Thu Jan 9 20:16:35 GMT+0600 2020 [INFO] Loaded  LoadingItem(url: http://62.113.113.58:8080/files/swf/furniture/furniture/TableCountry.swf, status: 2) 