ClientError: Thu Jan 9 17:55:36 GMT+0300 2020 [CRITICAL] [house] *Uncaught Error* ErrorId: 1009 ErrorName: TypeError ErrorMessage:Error #1009 ErrorStackTrace:TypeError: Error #1009
	at _-371::SupportNetManager/init()
	at _-4I::_-Ss/init()
	at _-Qp::_-1DK/onAddedToStage()
	at _-0qh::UIManager/_-1oS()
	at _-0qh::UIManager/showModal()
	at _-Qp::_-1DK/showModal()
	at _-19Y::TopPanel/_-3oC()
Thu Jan 9 17:55:28 GMT+0300 2020 [INFO] Client said: 34: ["house_716_livingroom", "h.r.u", {st: 0, x: 4.05, uid: "716", d: 4, y: 0.1}]
Thu Jan 9 17:55:28 GMT+0300 2020 [INFO] Server said: 34: ["lg.lst", {glst: []}]
Thu Jan 9 17:55:28 GMT+0300 2020 [INFO] Client said: 34: ["house_716_livingroom", "lg.lst", {}]
Thu Jan 9 17:55:28 GMT+0300 2020 [INFO] Server said: 34: ["h.r.info", {rmmb: [{ci: {pamns: {amn: []}, vip: true, vret: 0, plcmt: {}, crst: 0, lrnt: 0, vfgc: 0, lvt: 1578581684, gtrfrd: 0, fexp: 0, ceid: 0, strfrd: 0, skid: null, cmid: 0, lwts: 0, rtrtm: 0, hrt: 174, dr: true, kyktid: null, ys: 0, spp: 0, skrt: 0, actrt: 0, trid: null, tts: null, rpt: 0, bcld: 0, compid: 0, gdc: 0, eml: null, actrp: 0, lgt: 0, trcd: 0, actrd: 0, sbrt: 0, ysct: 0, crt: 10, sbid: null, shousd: false, vexp: 1965298000, fak: null, vsexp: 1965298000, shcr: true, exp: 85800, as: null, vsact: true}, pf: {pf: {jntr: {tp: "jntr", l: 20, pgs: 0}, phtghr: {tp: "phtghr", l: 20, pgs: 0}, vsgst: {tp: "vsgst", l: 20, pgs: 0}, grdnr: {tp: "grdnr", l: 20, pgs: 0}}}, uid: "716", locinfo: {st: 0, x: -1, pl: "", y: -1, at: "", s: "127.0.0.1", l: "house_716_livingroom", shlc: true, d: 4}, clths: {clths: [{tpid: "girlShirt12", clid: null}, {tpid: "girlShoes14", clid: null}, {tpid: "girlPants9", clid: null}]}, mbm: {sk: "blackMobileSkin", ac: null}, apprnc: {n: "Всм.", nct: 0, hc: 6, et: 3, g: 2, rc: 1, sc: 4, mc: 1, pt: 0, shc: 1, pc: 1, brc: 1, mt: 1, ssc: 1, fac: 1, fft: 0, ht: 109, fat: 0, rg: 0, bt: 0, ec: 1, sh: 0, bc: 1, brt: 6, ss: 0}, usrinf: {rl: 0}}], rm: {w: 13, l: 13, f: [{x: 0, y: 0, tpid: "wall15", z: 0, d: 3, lid: 1}, {x: 3, y: 0, tpid: "door4", rid: "outside", z: 0, d: 3, lid: 4}, {x: 13, y: 0, tpid: "wall15", z: 0, d: 5, lid: 2}, {x: 0, y: 0, tpid: "floor4", z: 0, d: 5, lid: 3}], id: "livingroom", nm: "#livingRoom", lev: 1}, evn: null}]
Thu Jan 9 17:55:27 GMT+0300 2020 [INFO] Client said: 34: ["house_716_livingroom", "h.r.info", {uid: "716", rid: "livingroom"}]
Thu Jan 9 17:55:27 GMT+0300 2020 [INFO] Server said: 34: ["h.gr", {rid: "house_716_livingroom"}]
Thu Jan 9 17:55:27 GMT+0300 2020 [INFO] Server said: 16: ["house_716_livingroom", "716"]
Thu Jan 9 17:55:27 GMT+0300 2020 [INFO] Server said: 34: ["h.r.jn", {plr: {ci: {pamns: {amn: []}, vip: true, vret: 0, plcmt: {}, crst: 0, lrnt: 0, vfgc: 0, lvt: 1578581684, gtrfrd: 0, fexp: 0, ceid: 0, strfrd: 0, skid: null, cmid: 0, lwts: 0, rtrtm: 0, hrt: 174, dr: true, kyktid: null, ys: 0, spp: 0, skrt: 0, actrt: 0, trid: null, tts: null, rpt: 0, bcld: 0, compid: 0, gdc: 0, eml: null, actrp: 0, lgt: 0, trcd: 0, actrd: 0, sbrt: 0, ysct: 0, crt: 10, sbid: null, shousd: false, vexp: 1965298000, fak: null, vsexp: 1965298000, shcr: true, exp: 85800, as: null, vsact: true}, pf: {pf: {jntr: {tp: "jntr", l: 20, pgs: 0}, phtghr: {tp: "phtghr", l: 20, pgs: 0}, vsgst: {tp: "vsgst", l: 20, pgs: 0}, grdnr: {tp: "grdnr", l: 20, pgs: 0}}}, uid: "716", locinfo: {st: 0, x: -1, pl: "", y: -1, at: "", s: "127.0.0.1", l: "house_716_livingroom", shlc: true, d: 4}, clths: {clths: [{tpid: "girlShirt12", clid: null}, {tpid: "girlShoes14", clid: null}, {tpid: "girlPants9", clid: null}]}, mbm: {sk: "blackMobileSkin", ac: null}, apprnc: {n: "Всм.", nct: 0, hc: 6, et: 3, g: 2, rc: 1, sc: 4, mc: 1, pt: 0, shc: 1, pc: 1, brc: 1, mt: 1, ssc: 1, fac: 1, fft: 0, ht: 109, fat: 0, rg: 0, bt: 0, ec: 1, sh: 0, bc: 1, brt: 6, ss: 0}, usrinf: {rl: 0}}}]
Thu Jan 9 17:55:27 GMT+0300 2020 [INFO] Server said: 34: ["srqst.gtrq", {rqlst: {shwdt: 0, lapt: {}, rsprlst: {}, rlst: {}}}]
Thu Jan 9 17:55:27 GMT+0300 2020 [INFO] Server said: 34: ["srqst.gtrq", {rqlst: {shwdt: 0, lapt: {}, rsprlst: {}, rlst: {}}}]
Thu Jan 9 17:55:27 GMT+0300 2020 [INFO] Server said: 34: ["srqst.gtrq", {rqlst: {shwdt: 0, lapt: {}, rsprlst: {}, rlst: {}}}]
Thu Jan 9 17:55:27 GMT+0300 2020 [INFO] Server said: 34: ["srqst.gtrq", {rqlst: {shwdt: 0, lapt: {}, rsprlst: {}, rlst: {}}}]
Thu Jan 9 17:55:27 GMT+0300 2020 [INFO] Server said: 34: ["srqst.gtrq", {rqlst: {shwdt: 0, lapt: {}, rsprlst: {}, rlst: {}}}]
Thu Jan 9 17:55:27 GMT+0300 2020 [INFO] Server said: 34: ["srqst.gtrq", {rqlst: {shwdt: 0, lapt: {}, rsprlst: {}, rlst: {}}}]
Thu Jan 9 17:55:27 GMT+0300 2020 [INFO] Server said: 34: ["srqst.gtrq", {rqlst: {shwdt: 0, lapt: {}, rsprlst: {}, rlst: {}}}]
Thu Jan 9 17:55:27 GMT+0300 2020 [INFO] Server said: 34: ["srqst.gtrq", {rqlst: {shwdt: 0, lapt: {}, rsprlst: {}, rlst: {}}}]
Thu Jan 9 17:55:27 GMT+0300 2020 [INFO] Server said: 34: ["srqst.gtrq", {rqlst: {shwdt: 0, lapt: {}, rsprlst: {}, rlst: {}}}]
Thu Jan 9 17:55:26 GMT+0300 2020 [INFO] Server said: 34: ["srqst.gtrq", {rqlst: {shwdt: 0, lapt: {}, rsprlst: {}, rlst: {}}}]
Thu Jan 9 17:55:26 GMT+0300 2020 [INFO] Client said: 34: [null, "h.gr", {rid: "livingroom", gid: "716", lid: "house"}]
Thu Jan 9 17:55:26 GMT+0300 2020 [INFO] Loaded  LoadingItem(url: http://62.113.113.58:8080/files/swf/furniture/house/DoorWood.swf, status: 2) 
Thu Jan 9 17:55:26 GMT+0300 2020 [INFO] Client said: 34: [null, "nws.getglbl", {}]
Thu Jan 9 17:55:26 GMT+0300 2020 [INFO] Server said: 34: ["nws.hasnews", {gnunr: true, gnexst: true}]
Thu Jan 9 17:55:26 GMT+0300 2020 [INFO] Loaded  LoadingItem(url: http://62.113.113.58:8080/files/swf/furniture/house/FloorCarpetGrass.swf, status: 2) 
Thu Jan 9 17:55:26 GMT+0300 2020 [INFO] Server said: 34: ["cp.cht.gbl", {blcklst: {uids: []}}]