ClientError: Thu Jan 9 17:58:11 GMT+0300 2020 [CRITICAL] [salon] *Uncaught Error* ErrorId: 1010 ErrorName: TypeError ErrorMessage:Error #1010 ErrorStackTrace:TypeError: Error #1010
	at _-1u9::URL/parse()
	at _-1u9::URL()
	at _-18R::LoadingItem()
	at _-18R::SWFLoadingItem()
	at _-0bS::MassLoader/add()
	at _-0bS::MassLoader/_-2R5()
	at flash.events::EventDispatcher/dispatchEvent()
	at _-18R::LoadingItem/_-1Iu()
	at _-18R::LoadingItem/onError()
	at _-18R::SWFLoadingItem/onError()
	at flash.events::EventDispatcher/dispatchEvent()
	at flash.net::URLLoader/onComplete()
Thu Jan 9 17:57:25 GMT+0300 2020 [INFO] Client said: 17: ["house_716_livingroom"]
Thu Jan 9 17:57:23 GMT+0300 2020 [INFO] Client said: 34: ["house_716_livingroom", "h.r.u", {st: 23, x: 4.92, uid: "716", y: 5.42, at: "", d: 4}]
Thu Jan 9 17:57:20 GMT+0300 2020 [INFO] Client said: 34: ["house_716_livingroom", "h.r.m", {dy: 5.42, sy: 0.1, uid: "716", sx: 4.05, dx: 4.92}]
Thu Jan 9 17:57:00 GMT+0300 2020 [INFO] Server said: 34: ["h.r.ra", {plr: {ci: {pamns: {amn: []}, vip: true, vret: 0, plcmt: {}, crst: 0, lrnt: 0, vfgc: 0, lvt: 1578581684, gtrfrd: 0, fexp: 0, ceid: 0, strfrd: 0, skid: null, cmid: 0, lwts: 0, rtrtm: 0, hrt: 174, dr: true, kyktid: null, ys: 0, spp: 0, skrt: 0, actrt: 0, trid: null, tts: null, rpt: 0, bcld: 0, compid: 0, gdc: 0, eml: null, actrp: 0, lgt: 0, trcd: 0, actrd: 0, sbrt: 0, ysct: 0, crt: 393, sbid: null, shousd: false, vexp: 1965298000, fak: null, vsexp: 1965298000, shcr: true, exp: 85800, as: null, vsact: true}, pf: {pf: {jntr: {tp: "jntr", l: 20, pgs: 0}, phtghr: {tp: "phtghr", l: 20, pgs: 0}, vsgst: {tp: "vsgst", l: 20, pgs: 0}, grdnr: {tp: "grdnr", l: 20, pgs: 0}}}, uid: "716", locinfo: {st: 0, x: 4.05, pl: "", y: 0.1, at: "", s: "127.0.0.1", l: "house_716_livingroom", shlc: true, d: 4}, clths: {clths: [{tpid: "girlPntsWnt19Pnk", clid: null}, {tpid: "girlTShrtLn", clid: null}, {tpid: "grlBtsPrfClr", clid: null}]}, mbm: {sk: "blackMobileSkin", ac: null}, apprnc: {n: "Всм.", nct: 0, hc: 6, et: 3, g: 2, rc: 1, sc: 4, mc: 1, pt: 0, shc: 1, pc: 1, brc: 1, mt: 1, ssc: 1, fac: 1, fft: 0, ht: 109, fat: 0, rg: 0, bt: 0, ec: 1, sh: 0, bc: 1, brt: 6, ss: 0}, usrinf: {rl: 0}}}]
Thu Jan 9 17:57:00 GMT+0300 2020 [INFO] Client said: 34: ["house_716_livingroom", "h.r.ra", {}]
Thu Jan 9 17:57:00 GMT+0300 2020 [INFO] Server said: 34: ["a.clths.buy", {inv: {c: {lt: {id: "lt", it: []}, frn: {id: "frn", it: []}, gm: {id: "gm", it: [{c: 1, iid: "", tid: "blackMobileSkin"}]}, act: {id: "act", it: []}, cls: {id: "cls", it: [{c: 1, iid: "", tid: "girlUnderdress1"}, {c: 1, iid: "", tid: "girlUnderdress2"}, {c: 1, iid: "", tid: "girlShoes14"}, {c: 1, iid: "", tid: "girlPants9"}, {c: 1, iid: "", tid: "girlShirt12"}]}}}, clths: {clths: [{tpid: "girlPntsWnt19Pnk", clid: null}, {tpid: "girlTShrtLn", clid: null}, {tpid: "grlBtsPrfClr", clid: null}]}, ccltn: {cn: "", ctp: "casual", cct: ["girlPntsWnt19Pnk", "girlTShrtLn", "grlBtsPrfClr"]}, crt: 393, res: {slvr: 10000, emd: 0, gld: 1534, enrg: 500}}]
Thu Jan 9 17:57:00 GMT+0300 2020 [INFO] Client said: 34: [null, "a.clths.buy", {pind: 1, tpid: "girlTShrtLn", ctp: "casual"}]
Thu Jan 9 17:56:50 GMT+0300 2020 [INFO] Server said: 34: ["h.r.ra", {plr: {ci: {pamns: {amn: []}, vip: true, vret: 0, plcmt: {}, crst: 0, lrnt: 0, vfgc: 0, lvt: 1578581684, gtrfrd: 0, fexp: 0, ceid: 0, strfrd: 0, skid: null, cmid: 0, lwts: 0, rtrtm: 0, hrt: 174, dr: true, kyktid: null, ys: 0, spp: 0, skrt: 0, actrt: 0, trid: null, tts: null, rpt: 0, bcld: 0, compid: 0, gdc: 0, eml: null, actrp: 0, lgt: 0, trcd: 0, actrd: 0, sbrt: 0, ysct: 0, crt: 328, sbid: null, shousd: false, vexp: 1965298000, fak: null, vsexp: 1965298000, shcr: true, exp: 85800, as: null, vsact: true}, pf: {pf: {jntr: {tp: "jntr", l: 20, pgs: 0}, phtghr: {tp: "phtghr", l: 20, pgs: 0}, vsgst: {tp: "vsgst", l: 20, pgs: 0}, grdnr: {tp: "grdnr", l: 20, pgs: 0}}}, uid: "716", locinfo: {st: 0, x: 4.05, pl: "", y: 0.1, at: "", s: "127.0.0.1", l: "house_716_livingroom", shlc: true, d: 4}, clths: {clths: [{tpid: "girlShirt12", clid: null}, {tpid: "girlPntsWnt19Pnk", clid: null}, {tpid: "grlBtsPrfClr", clid: null}]}, mbm: {sk: "blackMobileSkin", ac: null}, apprnc: {n: "Всм.", nct: 0, hc: 6, et: 3, g: 2, rc: 1, sc: 4, mc: 1, pt: 0, shc: 1, pc: 1, brc: 1, mt: 1, ssc: 1, fac: 1, fft: 0, ht: 109, fat: 0, rg: 0, bt: 0, ec: 1, sh: 0, bc: 1, brt: 6, ss: 0}, usrinf: {rl: 0}}}]
Thu Jan 9 17:56:49 GMT+0300 2020 [INFO] Client said: 34: ["house_716_livingroom", "h.r.ra", {}]
Thu Jan 9 17:56:49 GMT+0300 2020 [INFO] Server said: 34: ["a.clths.buy", {inv: {c: {lt: {id: "lt", it: []}, frn: {id: "frn", it: []}, gm: {id: "gm", it: [{c: 1, iid: "", tid: "blackMobileSkin"}]}, act: {id: "act", it: []}, cls: {id: "cls", it: [{c: 1, iid: "", tid: "girlUnderdress1"}, {c: 1, iid: "", tid: "girlUnderdress2"}, {c: 1, iid: "", tid: "girlShoes14"}, {c: 1, iid: "", tid: "girlPants9"}]}}}, clths: {clths: [{tpid: "girlShirt12", clid: null}, {tpid: "girlPntsWnt19Pnk", clid: null}, {tpid: "grlBtsPrfClr", clid: null}]}, ccltn: {cn: "", ctp: "casual", cct: ["girlShirt12", "girlPntsWnt19Pnk", "grlBtsPrfClr"]}, crt: 328, res: {slvr: 10000, emd: 0, gld: 1560, enrg: 500}}]
Thu Jan 9 17:56:49 GMT+0300 2020 [INFO] Client said: 34: [null, "a.clths.buy", {pind: 1, tpid: "girlPntsWnt19Pnk", ctp: "casual"}]
Thu Jan 9 17:56:40 GMT+0300 2020 [INFO] Server said: 34: ["h.r.ra", {plr: {ci: {pamns: {amn: []}, vip: true, vret: 0, plcmt: {}, crst: 0, lrnt: 0, vfgc: 0, lvt: 1578581684, gtrfrd: 0, fexp: 0, ceid: 0, strfrd: 0, skid: null, cmid: 0, lwts: 0, rtrtm: 0, hrt: 174, dr: true, kyktid: null, ys: 0, spp: 0, skrt: 0, actrt: 0, trid: null, tts: null, rpt: 0, bcld: 0, compid: 0, gdc: 0, eml: null, actrp: 0, lgt: 0, trcd: 0, actrd: 0, sbrt: 0, ysct: 0, crt: 250, sbid: null, shousd: false, vexp: 1965298000, fak: null, vsexp: 1965298000, shcr: true, exp: 85800, as: null, vsact: true}, pf: {pf: {jntr: {tp: "jntr", l: 20, pgs: 0}, phtghr: {tp: "phtghr", l: 20, pgs: 0}, vsgst: {tp: "vsgst", l: 20, pgs: 0}, grdnr: {tp: "grdnr", l: 20, pgs: 0}}}, uid: "716", locinfo: {st: 0, x: 4.05, pl: "", y: 0.1, at: "", s: "127.0.0.1", l: "house_716_livingroom", shlc: true, d: 4}, clths: {clths: [{tpid: "girlShirt12", clid: null}, {tpid: "grlBtsPrfClr", clid: null}, {tpid: "girlPants9", clid: null}]}, mbm: {sk: "blackMobileSkin", ac: null}, apprnc: {n: "Всм.", nct: 0, hc: 6, et: 3, g: 2, rc: 1, sc: 4, mc: 1, pt: 0, shc: 1, pc: 1, brc: 1, mt: 1, ssc: 1, fac: 1, fft: 0, ht: 109, fat: 0, rg: 0, bt: 0, ec: 1, sh: 0, bc: 1, brt: 6, ss: 0}, usrinf: {rl: 0}}}]
Thu Jan 9 17:56:39 GMT+0300 2020 [INFO] Client said: 34: ["house_716_livingroom", "h.r.ra", {}]
Thu Jan 9 17:56:39 GMT+0300 2020 [INFO] Server said: 34: ["a.clths.buy", {inv: {c: {lt: {id: "lt", it: []}, frn: {id: "frn", it: []}, gm: {id: "gm", it: [{c: 1, iid: "", tid: "blackMobileSkin"}]}, act: {id: "act", it: []}, cls: {id: "cls", it: [{c: 1, iid: "", tid: "girlUnderdress1"}, {c: 1, iid: "", tid: "girlUnderdress2"}, {c: 1, iid: "", tid: "girlShoes14"}]}}}, clths: {clths: [{tpid: "girlShirt12", clid: null}, {tpid: "grlBtsPrfClr", clid: null}, {tpid: "girlPants9", clid: null}]}, ccltn: {cn: "", ctp: "casual", cct: ["girlShirt12", "grlBtsPrfClr", "girlPants9"]}, crt: 250, res: {slvr: 10000, emd: 0, gld: 1591, enrg: 500}}]
Thu Jan 9 17:56:39 GMT+0300 2020 [INFO] Client said: 34: [null, "a.clths.buy", {pind: 1, tpid: "grlBtsPrfClr", ctp: "casual"}]
Thu Jan 9 17:56:37 GMT+0300 2020 [INFO] Server said: 34: ["b.ingld", {ingld: 9999}]
Thu Jan 9 17:56:37 GMT+0300 2020 [INFO] Server said: 34: ["ntf.res", {res: {slvr: 10000, emd: 0, gld: 101590, enrg: 500}}]
Thu Jan 9 17:56:37 GMT+0300 2020 [INFO] [YandexMetrics.reachGoal] Call reach goal 'click_buy_product' for counter 31321471
Thu Jan 9 17:56:37 GMT+0300 2020 [INFO] Client said: 34: [null, "b.chkprchs", {pmnt: {ctx: {dialogSource: "clothesShopDialog"}, ct2: null, ct3: null, tpid: "grlBtsPrfClr", ct1: null, srv: 1}, prid: "pack9999", qnt: 1}]