ClientError: Thu Jan 9 18:28:58 GMT+0300 2020 [CRITICAL] [salon] *Uncaught Error* ErrorId: 1009 ErrorName: TypeError ErrorMessage:Error #1009 ErrorStackTrace:TypeError: Error #1009
	at _-0eV::RoomMemberContainer/addAvatar()
	at _-PQ::BaseRoomScreen/addAvatar()
	at _-PQ::BaseRoomScreen/onRefreshAvatar()
	at flash.events::EventDispatcher/dispatchEvent()
	at _-2CM::BaseRoomNetManager/onRefreshAvatar()
	at flash.events::EventDispatcher/dispatchEvent()
	at ags::_-2t/_-2dI()
	at flash.events::EventDispatcher/dispatchEvent()
	at _-0en::_-0O8/_-1LF()
	at _-0en::_-0O8/execute()
	at ags::AGSClient/_-0i9()
	at ags::AGSClient/_-2ZF()
	at ags::AGSClient/_-2Ea()
Thu Jan 9 18:28:58 GMT+0300 2020 [INFO] Server said: 34: ["o.r.ra", {plr: {ci: {vip: true, lgt: 0, pamns: {amn: []}, trcd: 0, actrd: 0, sbrt: 0, actrp: 0, eml: null, shousd: false, vexp: 1965298000, vsexp: 1965298000, sbid: null, ysct: 0, as: null, vsact: true, fak: null, ys: 0, vret: 0, plcmt: {}, shcr: true, lrnt: 0, vfgc: 0, lvt: 1578583174, gtrfrd: 0, fexp: 0, ceid: 0, crst: 0, strfrd: 0, skid: null, cmid: 0, lwts: 0, rtrtm: 0, hrt: 10173, dr: true, crt: 562, kyktid: null, exp: 85800, spp: 0, skrt: 0, actrt: 0, trid: "freelanceSupport", tts: null, rpt: 0, bcld: 0, compid: 0, gdc: 0}, pf: {pf: {jntr: {pgs: 0, tp: "jntr", l: 20}, phtghr: {pgs: 0, tp: "phtghr", l: 20}, vsgst: {pgs: 0, tp: "vsgst", l: 20}, grdnr: {pgs: 0, tp: "grdnr", l: 20}}}, uid: "350", usrinf: {rl: 0}, clths: {clths: [{clid: null, tpid: "grlSD16Dcr"}, {clid: null, tpid: "girlShirt12"}, {clid: null, tpid: "girlPants9"}, {clid: null, tpid: "grlSD16Ovrl"}, {clid: null, tpid: "grlSD16Shs"}, {clid: null, tpid: "grlSD16Stk"}, {clid: null, tpid: "grlSD16Brcl"}]}, apprnc: {fat: 0, ht: 129, sh: 1, ss: 0, g: 2, rc: 11, hc: 20, pt: 0, mc: 15, mt: 31, ec: 5, sc: 1, fft: 7, nct: 0, rg: 1, pc: 1, brc: 1, n: "Хейзерша", ssc: 1, bt: 0, shc: 12, et: 37, bc: 1, brt: 23, fac: 1}, locinfo: {l: "salon_sn1_1", x: 12.25, pl: "", y: 14.63, shlc: true, s: "127.0.0.1", at: "", st: 23, d: 4}, mbm: {ac: null, sk: "blackMobileSkin"}}}]
Thu Jan 9 18:28:58 GMT+0300 2020 [INFO] Server said: 34: ["o.r.u", {x: 6.42, uid: "735", y: 12.48, at: "", st: 23, d: 4}]
Thu Jan 9 18:28:57 GMT+0300 2020 [INFO] Server said: 34: ["o.r.m", {sx: 6.7, uid: "735", dx: 6.42, dy: 12.48, sy: 11.58}]
Thu Jan 9 18:28:57 GMT+0300 2020 [INFO] Client said: 34: ["salon_sn1_1", "o.r.info", {rid: "sn1"}]
Thu Jan 9 18:28:57 GMT+0300 2020 [INFO] Server said: 34: ["o.gr", {rid: "salon_sn1_1"}]
Thu Jan 9 18:28:56 GMT+0300 2020 [INFO] Server said: 16: ["salon_sn1_1", "716"]
Thu Jan 9 18:28:56 GMT+0300 2020 [INFO] Server said: 34: ["o.r.jn", {plr: {ci: {vip: true, lgt: 0, pamns: {amn: []}, trcd: 0, actrd: 0, sbrt: 0, actrp: 0, eml: null, shousd: false, vexp: 1965298000, vsexp: 1965298000, sbid: null, ysct: 0, as: null, vsact: true, fak: null, ys: 0, vret: 0, plcmt: {}, shcr: true, lrnt: 0, vfgc: 0, lvt: 1578583600, gtrfrd: 0, fexp: 0, ceid: 0, crst: 0, strfrd: 0, skid: null, cmid: 0, lwts: 0, rtrtm: 0, hrt: 174, dr: true, crt: 393, kyktid: null, exp: 85800, spp: 0, skrt: 0, actrt: 0, trid: null, tts: null, rpt: 0, bcld: 0, compid: 0, gdc: 0}, pf: {pf: {jntr: {pgs: 0, tp: "jntr", l: 20}, phtghr: {pgs: 0, tp: "phtghr", l: 20}, vsgst: {pgs: 0, tp: "vsgst", l: 20}, grdnr: {pgs: 0, tp: "grdnr", l: 20}}}, uid: "716", usrinf: {rl: 0}, clths: {clths: [{clid: null, tpid: "girlPntsWnt19Pnk"}, {clid: null, tpid: "girlTShrtLn"}, {clid: null, tpid: "grlBtsPrfClr"}]}, apprnc: {fat: 0, ht: 109, sh: 0, ss: 0, g: 2, rc: 1, hc: 6, pt: 0, mc: 1, mt: 1, ec: 1, sc: 4, fft: 0, nct: 0, rg: 0, pc: 1, brc: 1, n: "Всм.", ssc: 1, bt: 0, shc: 1, et: 3, bc: 1, brt: 6, fac: 1}, locinfo: {l: "salon_sn1_1", x: -1, pl: "", y: -1, shlc: true, s: "127.0.0.1", at: "", st: 0, d: 4}, mbm: {ac: null, sk: "blackMobileSkin"}}}]
Thu Jan 9 18:28:56 GMT+0300 2020 [INFO] Server said: 34: ["o.r.u", {x: 6.7, uid: "735", y: 11.58, at: "", st: 23, d: 0}]
Thu Jan 9 18:28:54 GMT+0300 2020 [INFO] Server said: 34: ["o.r.m", {sx: 7.03, uid: "735", dx: 6.7, dy: 11.58, sy: 12.34}]
Thu Jan 9 18:28:53 GMT+0300 2020 [INFO] Server said: 34: ["o.r.ra", {plr: {ci: {vip: true, lgt: 0, pamns: {amn: []}, trcd: 0, actrd: 0, sbrt: 0, actrp: 0, eml: null, shousd: false, vexp: 1965298000, vsexp: 1965298000, sbid: null, ysct: 0, as: null, vsact: true, fak: null, ys: 0, vret: 0, plcmt: {}, shcr: true, lrnt: 0, vfgc: 0, lvt: 1578583431, gtrfrd: 0, fexp: 0, ceid: 0, crst: 0, strfrd: 0, skid: null, cmid: 0, lwts: 0, rtrtm: 0, hrt: 220, dr: true, crt: 5770, kyktid: null, exp: 85800, spp: 0, skrt: 0, actrt: 0, trid: "freelanceMicrophone", tts: null, rpt: 0, bcld: 0, compid: 0, gdc: 0}, pf: {pf: {jntr: {pgs: 0, tp: "jntr", l: 20}, phtghr: {pgs: 0, tp: "phtghr", l: 20}, vsgst: {pgs: 0, tp: "vsgst", l: 20}, grdnr: {pgs: 0, tp: "grdnr", l: 20}}}, uid: "735", usrinf: {rl: 0}, clths: {clths: [{clid: null, tpid: "girlGlssYllw"}, {clid: null, tpid: "girlSktWnt19Wrm"}, {clid: null, tpid: "girlTShrtPnd"}, {clid: null, tpid: "grlDrlBkrTto"}, {clid: null, tpid: "grlPnkRsShs"}]}, apprnc: {fat: 0, ht: 101, sh: 1, ss: 0, g: 2, rc: 1, hc: 24, pt: 0, mc: 17, mt: 29, ec: 2, sc: 1, fft: 7, nct: 0, rg: 0, pc: 1, brc: 3, n: "КоСмОс", ssc: 1, bt: 0, shc: 34, et: 37, bc: 1, brt: 28, fac: 1}, locinfo: {l: "salon_sn1_1", x: 7.03, pl: "", y: 12.34, shlc: true, s: "127.0.0.1", at: "", st: 23, d: 4}, mbm: {ac: null, sk: "blackMobileSkin"}}}]
Thu Jan 9 18:28:53 GMT+0300 2020 [INFO] Server said: 34: ["o.r.ra", {plr: {ci: {vip: true, lgt: 0, pamns: {amn: []}, trcd: 0, actrd: 0, sbrt: 0, actrp: 0, eml: null, shousd: false, vexp: 1965298000, vsexp: 1965298000, sbid: null, ysct: 0, as: null, vsact: true, fak: null, ys: 0, vret: 0, plcmt: {}, shcr: true, lrnt: 0, vfgc: 0, lvt: 1578583353, gtrfrd: 0, fexp: 0, ceid: 0, crst: 0, strfrd: 0, skid: null, cmid: 0, lwts: 0, rtrtm: 0, hrt: 208, dr: true, crt: 9882, kyktid: null, exp: 85800, spp: 0, skrt: 0, actrt: 0, trid: null, tts: null, rpt: 0, bcld: 0, compid: 0, gdc: 0}, pf: {pf: {jntr: {pgs: 0, tp: "jntr", l: 20}, phtghr: {pgs: 0, tp: "phtghr", l: 20}, vsgst: {pgs: 0, tp: "vsgst", l: 20}, grdnr: {pgs: 0, tp: "grdnr", l: 20}}}, uid: "286", usrinf: {rl: 0}, clths: {clths: [{clid: null, tpid: "girlAcsFri"}, {clid: null, tpid: "girlTShrtInnknt"}, {clid: null, tpid: "girlShrtsJrnl"}, {clid: null, tpid: "girlStkFri"}, {clid: null, tpid: "girlBtsStPtr19"}, {clid: null, tpid: "girlNY20VKGiftHtDr"}]}, apprnc: {fat: 0, ht: 126, sh: 19, ss: 0, g: 2, rc: 1, hc: 5, pt: 0, mc: 3, mt: 30, ec: 10, sc: 1, fft: 2, nct: 0, rg: 0, pc: 1, brc: 1, n: "ϟ Боϟ ", ssc: 1, bt: 0, shc: 7, et: 31, bc: 1, brt: 22, fac: 1}, locinfo: {l: "salon_sn1_1", x: 9.23, pl: "", y: 3.67, shlc: true, s: "127.0.0.1", at: "", st: 23, d: 4}, mbm: {ac: null, sk: "blackMobileSkin"}}}]
Thu Jan 9 18:28:51 GMT+0300 2020 [INFO] Server said: 17: ["salon_sn1_1", "57"]
Thu Jan 9 18:28:51 GMT+0300 2020 [INFO] Server said: 34: ["o.r.lv", {uid: "57"}]
Thu Jan 9 18:28:50 GMT+0300 2020 [INFO] Server said: 34: ["o.r.m", {sx: 15.5, uid: "264", dx: 11.64, dy: 3.52, sy: 1.5}]
Thu Jan 9 18:28:49 GMT+0300 2020 [INFO] Server said: 34: ["o.r.ra", {plr: {ci: {vip: true, lgt: 0, pamns: {amn: []}, trcd: 0, actrd: 0, sbrt: 0, actrp: 0, eml: null, shousd: false, vexp: 1965298000, vsexp: 1965298000, sbid: null, ysct: 0, as: null, vsact: true, fak: null, ys: 0, vret: 0, plcmt: {}, shcr: true, lrnt: 0, vfgc: 0, lvt: 1578583174, gtrfrd: 0, fexp: 0, ceid: 0, crst: 0, strfrd: 0, skid: null, cmid: 0, lwts: 0, rtrtm: 0, hrt: 10173, dr: true, crt: 562, kyktid: null, exp: 85800, spp: 0, skrt: 0, actrt: 0, trid: "freelanceSupport", tts: null, rpt: 0, bcld: 0, compid: 0, gdc: 0}, pf: {pf: {jntr: {pgs: 0, tp: "jntr", l: 20}, phtghr: {pgs: 0, tp: "phtghr", l: 20}, vsgst: {pgs: 0, tp: "vsgst", l: 20}, grdnr: {pgs: 0, tp: "grdnr", l: 20}}}, uid: "350", usrinf: {rl: 0}, clths: {clths: [{clid: null, tpid: "grlSD16Dcr"}, {clid: null, tpid: "girlShirt12"}, {clid: null, tpid: "girlPants9"}, {clid: null, tpid: "grlSD16Ovrl"}, {clid: null, tpid: "grlSD16Shs"}, {clid: null, tpid: "grlSD16Stk"}, {clid: null, tpid: "grlSD16Brcl"}]}, apprnc: {fat: 0, ht: 129, sh: 1, ss: 0, g: 2, rc: 11, hc: 20, pt: 0, mc: 15, mt: 31, ec: 5, sc: 1, fft: 7, nct: 0, rg: 1, pc: 1, brc: 1, n: "Хейзерша", ssc: 1, bt: 0, shc: 12, et: 37, bc: 1, brt: 23, fac: 1}, locinfo: {l: "salon_sn1_1", x: 12.25, pl: "", y: 14.63, shlc: true, s: "127.0.0.1", at: "", st: 23, d: 4}, mbm: {ac: null, sk: "blackMobileSkin"}}}]
Thu Jan 9 18:28:48 GMT+0300 2020 [INFO] Server said: 34: ["o.r.u", {x: 15.5, uid: "264", d: 4, y: 1.5, st: 0}]
Thu Jan 9 18:26:39 GMT+0300 2020 [INFO] Client said: 34: [null, "o.gr", {lid: "salon", gid: "sn1"}]
Thu Jan 9 18:26:39 GMT+0300 2020 [INFO] Server said: 1: ["716", true, false, false]
Thu Jan 9 18:26:30 GMT+0300 2020 [INFO] Client said: 1: ["street", "716", "oqXEdyJpTAWGyEgwGRMV", {clvrn: "84.0.4", v: 2}]
Thu Jan 9 18:26:29 GMT+0300 2020 [INFO] Client said: 2: []
Thu Jan 9 18:26:29 GMT+0300 2020 [INFO] Loaded  LoadingItem(url: http://62.113.113.58:8080/files/swf/Salon_1fe14ef0cdf189794ef74d591993d3f5.swf, status: 2) 
Thu Jan 9 18:26:05 GMT+0300 2020 [INFO] Client said: 17: ["house_716_livingroom"]
Thu Jan 9 18:25:53 GMT+0300 2020 [INFO] Server said: 34: ["lg.lst", {glst: []}]
Thu Jan 9 18:25:53 GMT+0300 2020 [INFO] Client said: 34: ["house_716_livingroom", "h.r.u", {x: 4.05, uid: "716", d: 4, y: 0.1, st: 0}]
Thu Jan 9 18:25:53 GMT+0300 2020 [INFO] Client said: 34: ["house_716_livingroom", "lg.lst", {}]
Thu Jan 9 18:25:52 GMT+0300 2020 [INFO] Server said: 34: ["h.r.info", {rm: {nm: "#livingRoom", l: 13, f: [{x: 0, y: 0, tpid: "wall15", z: 0, lid: 1, d: 3}, {rid: "outside", x: 3, y: 0, tpid: "door4", z: 0, lid: 4, d: 3}, {x: 13, y: 0, tpid: "wall15", z: 0, lid: 2, d: 5}, {x: 0, y: 0, tpid: "floor4", z: 0, lid: 3, d: 5}], id: "livingroom", w: 13, lev: 1}, evn: null, rmmb: [{ci: {vip: true, lgt: 0, pamns: {amn: []}, trcd: 0, actrd: 0, sbrt: 0, actrp: 0, eml: null, shousd: false, vexp: 1965298000, vsexp: 1965298000, sbid: null, ysct: 0, as: null, vsact: true, fak: null, ys: 0, vret: 0, plcmt: {}, shcr: true, lrnt: 0, vfgc: 0, lvt: 1578583003, gtrfrd: 0, fexp: 0, ceid: 0, crst: 0, strfrd: 0, skid: null, cmid: 0, lwts: 0, rtrtm: 0, hrt: 174, dr: true, crt: 393, kyktid: null, exp: 85800, spp: 0, skrt: 0, actrt: 0, trid: null, tts: null, rpt: 0, bcld: 0, compid: 0, gdc: 0}, pf: {pf: {jntr: {pgs: 0, tp: "jntr", l: 20}, phtghr: {pgs: 0, tp: "phtghr", l: 20}, vsgst: {pgs: 0, tp: "vsgst", l: 20}, grdnr: {pgs: 0, tp: "grdnr", l: 20}}}, uid: "716", usrinf: {rl: 0}, clths: {clths: [{clid: null, tpid: "girlPntsWnt19Pnk"}, {clid: null, tpid: "girlTShrtLn"}, {clid: null, tpid: "grlBtsPrfClr"}]}, apprnc: {fat: 0, ht: 109, sh: 0, ss: 0, g: 2, rc: 1, hc: 6, pt: 0, mc: 1, mt: 1, ec: 1, sc: 4, fft: 0, nct: 0, rg: 0, pc: 1, brc: 1, n: "Всм.", ssc: 1, bt: 0, shc: 1, et: 3, bc: 1, brt: 6, fac: 1}, locinfo: {l: "house_716_livingroom", x: -1, pl: "", y: -1, shlc: true, s: "127.0.0.1", at: "", st: 0, d: 4}, mbm: {ac: null, sk: "blackMobileSkin"}}]}]
Thu Jan 9 18:24:53 GMT+0300 2020 [INFO] Client said: 34: ["house_716_livingroom", "h.r.info", {uid: "716", rid: "livingroom"}]
Thu Jan 9 18:24:53 GMT+0300 2020 [INFO] Server said: 34: ["h.gr", {rid: "house_716_livingroom"}]
Thu Jan 9 18:24:53 GMT+0300 2020 [INFO] Server said: 16: ["house_716_livingroom", "716"]
Thu Jan 9 18:24:53 GMT+0300 2020 [INFO] Server said: 34: ["h.r.jn", {plr: {ci: {vip: true, lgt: 0, pamns: {amn: []}, trcd: 0, actrd: 0, sbrt: 0, actrp: 0, eml: null, shousd: false, vexp: 1965298000, vsexp: 1965298000, sbid: null, ysct: 0, as: null, vsact: true, fak: null, ys: 0, vret: 0, plcmt: {}, shcr: true, lrnt: 0, vfgc: 0, lvt: 1578583003, gtrfrd: 0, fexp: 0, ceid: 0, crst: 0, strfrd: 0, skid: null, cmid: 0, lwts: 0, rtrtm: 0, hrt: 174, dr: true, crt: 393, kyktid: null, exp: 85800, spp: 0, skrt: 0, actrt: 0, trid: null, tts: null, rpt: 0, bcld: 0, compid: 0, gdc: 0}, pf: {pf: {jntr: {pgs: 0, tp: "jntr", l: 20}, phtghr: {pgs: 0, tp: "phtghr", l: 20}, vsgst: {pgs: 0, tp: "vsgst", l: 20}, grdnr: {pgs: 0, tp: "grdnr", l: 20}}}, uid: "716", usrinf: {rl: 0}, clths: {clths: [{clid: null, tpid: "girlPntsWnt19Pnk"}, {clid: null, tpid: "girlTShrtLn"}, {clid: null, tpid: "grlBtsPrfClr"}]}, apprnc: {fat: 0, ht: 109, sh: 0, ss: 0, g: 2, rc: 1, hc: 6, pt: 0, mc: 1, mt: 1, ec: 1, sc: 4, fft: 0, nct: 0, rg: 0, pc: 1, brc: 1, n: "Всм.", ssc: 1, bt: 0, shc: 1, et: 3, bc: 1, brt: 6, fac: 1}, locinfo: {l: "house_716_livingroom", x: -1, pl: "", y: -1, shlc: true, s: "127.0.0.1", at: "", st: 0, d: 4}, mbm: {ac: null, sk: "blackMobileSkin"}}}]
Thu Jan 9 18:24:52 GMT+0300 2020 [INFO] Server said: 34: ["srqst.gtrq", {rqlst: {rsprlst: {}, shwdt: 0, rlst: {}, lapt: {}}}]
Thu Jan 9 18:24:52 GMT+0300 2020 [INFO] Client said: 34: [null, "nws.getglbl", {}]
Thu Jan 9 18:24:52 GMT+0300 2020 [INFO] Server said: 34: ["nws.hasnews", {gnexst: true, gnunr: true}]
Thu Jan 9 18:24:52 GMT+0300 2020 [INFO] Server said: 34: ["cp.cht.gbl", {blcklst: {uids: []}}]
Thu Jan 9 18:24:52 GMT+0300 2020 [INFO] Client said: 34: [null, "crq.lrui", {uid: 716}]
Thu Jan 9 18:24:52 GMT+0300 2020 [INFO] Server said: 34: ["cm.new", {campaigns: [{cil: [{cid: 643, si: 0, id: 8151, tid: "clans", gl: 0, sc: 0}, {cid: 643, si: 0, id: 8152, tid: "clanRating_off", gl: 0, sc: 0}], iu: "", id: 643, st: 1, tp: 9, ed: 2442905160000, v: 1}, {cil: [{cid: 316, si: 0, id: 2514, tid: "mobile", gl: 0, sc: 0}], iu: "", id: 316, st: 1, tp: 9, ed: 1659222000000, v: 1}, {cil: [{cid: 299, si: 0, id: 2434, tid: "fortune2", gl: 0, sc: 0}], iu: "", id: 299, st: 2, tp: 9, ed: 1919631600000, v: 1}, {cil: [{cid: 114, si: 0, id: 1110, tid: "professions", gl: 0, sc: 0}, {cid: 114, si: 0, id: 1111, tid: "grdnr", gl: 0, sc: 0}, {cid: 114, si: 0, id: 1112, tid: "jntr", gl: 0, sc: 0}, {cid: 114, si: 0, id: 1577, tid: "vsgst", gl: 0, sc: 0}, {cid: 114, si: 0, id: 1578, tid: "phtghr", gl: 0, sc: 0}], iu: "", id: 114, st: 1, tp: 9, ed: 1440630000000, v: 1}]}]
Thu Jan 9 18:24:52 GMT+0300 2020 [INFO] Client said: 34: [null, "h.gr", {rid: "livingroom", lid: "house", gid: "716"}]
Thu Jan 9 18:24:52 GMT+0300 2020 [INFO] Loaded  LoadingItem(url: http://62.113.113.58:8080/files/swf/furniture/house/FloorCarpetGrass.swf, status: 2) 