ClientError: Thu Jan 9 18:18:25 GMT+0300 2020 [CRITICAL] [couturier] *Uncaught Error* ErrorId: 1009 ErrorName: TypeError ErrorMessage:Error #1009 ErrorStackTrace:TypeError: Error #1009
	at _-0eV::RoomMemberContainer/addAvatar()
	at _-PQ::BaseRoomScreen/addAvatar()
	at _-PQ::BaseRoomScreen/onRefreshAvatar()
	at flash.events::EventDispatcher/dispatchEvent()
	at _-2CM::BaseRoomNetManager/onRefreshAvatar()
	at flash.events::EventDispatcher/dispatchEvent()
	at ags::_-2t/_-2dI()
	at flash.events::EventDispatcher/dispatchEvent()
	at _-0en::_-0O8/_-1LF()
	at _-0en::_-0O8/execute()
	at ags::AGSClient/_-0i9()
	at ags::AGSClient/_-2ZF()
	at ags::AGSClient/_-2Ea()
Thu Jan 9 18:18:25 GMT+0300 2020 [INFO] Server said: 34: ["o.r.ra", {plr: {uid: "230", apprnc: {brt: 32, brc: 2, fac: 1, ec: 31, ssc: 1, bt: 0, g: 2, pc: 1, mc: 29, ss: 0, hc: 6, pt: 0, rc: 1, shc: 15, n: "Жру Камень", ht: 125, nct: 0, fat: 0, fft: 7, rg: 0, sh: 25, sc: 2, mt: 31, bc: 1, et: 38}, mbm: {sk: "blackMobileSkin", ac: null}, locinfo: {x: 10.02, s: "127.0.0.1", st: 1, y: 14.52, l: "couturier_ctr1_1", at: "sitItem4", shlc: true, d: 4, pl: ""}, clths: {clths: [{tpid: "gSMRCrst1", clid: null}, {tpid: "gSMR14Rim1", clid: null}, {tpid: "girlPntsNYFtnss", clid: "4"}, {tpid: "gSMR14Brcl2", clid: null}, {tpid: "girlBtsCtrOutsrc2", clid: "4"}, {tpid: "girlBatClnPstpc", clid: "16"}, {tpid: "girlErrNYLv", clid: "16"}, {tpid: "girlGlssRbbt", clid: "16"}, {tpid: "girlTShrtNYElgnc", clid: "16"}, {tpid: "grlGlvCtr1", clid: "16"}, {tpid: "gSMR14Tto1", clid: null}, {tpid: "girlSktSchool", clid: "16"}]}, pf: {pf: {vsgst: {pgs: 0, tp: "vsgst", l: 20}, jntr: {pgs: 0, tp: "jntr", l: 20}, grdnr: {pgs: 0, tp: "grdnr", l: 20}, phtghr: {pgs: 0, tp: "phtghr", l: 20}}}, ci: {shcr: true, vip: true, gtrfrd: 0, as: null, rpt: 0, crt: 5501, skrt: 0, rtrtm: 0, skid: null, exp: 85800, kyktid: null, vret: 0, strfrd: 0, trid: "freelanceMicrophone", actrt: 0, vfgc: 0, trcd: 0, lgt: 0, ceid: 0, lwts: 0, compid: 0, cmid: 0, sbrt: 0, plcmt: {}, dr: true, pamns: {amn: []}, fexp: 0, crst: 0, actrp: 0, tts: null, sbid: null, eml: null, bcld: 0, spp: 0, gdc: 0, vexp: 1965298000, shousd: false, actrd: 0, ys: 0, vsexp: 1965298000, lvt: 1578582469, lrnt: 0, ysct: 0, vsact: true, hrt: 485, fak: null}, usrinf: {rl: 0}}}]
Thu Jan 9 18:18:24 GMT+0300 2020 [INFO] Client said: 34: ["couturier_ctr1_1", "o.r.info", {rid: "ctr1"}]
Thu Jan 9 18:18:24 GMT+0300 2020 [INFO] Server said: 34: ["o.gr", {rid: "couturier_ctr1_1"}]
Thu Jan 9 18:18:24 GMT+0300 2020 [INFO] Server said: 16: ["couturier_ctr1_1", "82"]
Thu Jan 9 18:18:24 GMT+0300 2020 [INFO] Server said: 34: ["o.r.jn", {plr: {uid: "82", apprnc: {brt: 29, brc: 1, fac: 1, ec: 3, ssc: 1, bt: 0, g: 2, pc: 1, mc: 4, ss: 0, hc: 6, pt: 0, rc: 1, shc: 1, n: "dead inside", ht: 119, nct: 0, fat: 0, fft: 0, rg: 0, sh: 0, sc: 1, mt: 6, bc: 1, et: 1}, mbm: {sk: "blackMobileSkin", ac: null}, locinfo: {x: -1, s: "127.0.0.1", st: 0, y: -1, l: "couturier_ctr1_1", at: "", shlc: true, d: 4, pl: ""}, clths: {clths: [{tpid: "girlShirt12", clid: null}, {tpid: "girlShoes14", clid: null}, {tpid: "girlPants9", clid: null}]}, pf: {pf: {vsgst: {pgs: 0, tp: "vsgst", l: 20}, jntr: {pgs: 0, tp: "jntr", l: 20}, grdnr: {pgs: 0, tp: "grdnr", l: 20}, phtghr: {pgs: 0, tp: "phtghr", l: 20}}}, ci: {shcr: true, vip: true, gtrfrd: 0, as: null, rpt: 0, crt: 10, skrt: 0, rtrtm: 0, skid: null, exp: 85800, kyktid: null, vret: 0, strfrd: 0, trid: null, actrt: 0, vfgc: 0, trcd: 0, lgt: 0, ceid: 0, lwts: 0, compid: 0, cmid: 0, sbrt: 0, plcmt: {}, dr: true, pamns: {amn: []}, fexp: 0, crst: 0, actrp: 0, tts: null, sbid: null, eml: null, bcld: 0, spp: 0, gdc: 0, vexp: 1965298000, shousd: false, actrd: 0, ys: 0, vsexp: 1965298000, lvt: 1578583097, lrnt: 0, ysct: 0, vsact: true, hrt: 174, fak: null}, usrinf: {rl: 0}}}]
Thu Jan 9 18:18:21 GMT+0300 2020 [INFO] Server said: 34: ["o.r.u", {uid: "230", x: 10.02, st: 1, y: 14.52, at: "sitItem4", d: 3}]
Thu Jan 9 18:18:20 GMT+0300 2020 [INFO] Server said: 34: ["o.r.u", {uid: "230", x: 10.02, st: 23, y: 14.52, at: "", d: 3}]
Thu Jan 9 18:18:19 GMT+0300 2020 [INFO] Server said: 34: ["o.r.m", {uid: "230", sx: 8.55, dy: 14.52, sy: 9.55, dx: 10.02}]
Thu Jan 9 18:18:18 GMT+0300 2020 [INFO] Client said: 34: [null, "o.gr", {gid: "ctr1", lid: "couturier"}]
Thu Jan 9 18:18:18 GMT+0300 2020 [INFO] Server said: 1: ["82", true, false, false]
Thu Jan 9 18:18:15 GMT+0300 2020 [INFO] Client said: 1: ["street", "82", "dYkGvbmbSuwJdYYHUEQc", {clvrn: "84.0.4", v: 2}]
Thu Jan 9 18:18:13 GMT+0300 2020 [INFO] Client said: 2: []
Thu Jan 9 18:18:13 GMT+0300 2020 [INFO] Loaded  LoadingItem(url: http://62.113.113.58:8080/files/swf/Couturier_4e20b623ef65e53df4c6aebd774be260.swf, status: 2) 
Thu Jan 9 18:17:58 GMT+0300 2020 [INFO] Client said: 17: ["house_82_livingroom"]
Thu Jan 9 18:17:44 GMT+0300 2020 [INFO] Client said: 34: ["house_82_livingroom", "h.r.u", {uid: "82", x: 5.75, st: 23, y: 5.13, at: "", d: 5}]
Thu Jan 9 18:17:43 GMT+0300 2020 [INFO] Client said: 34: ["house_82_livingroom", "h.r.m", {uid: "82", dx: 5.75, sy: 4.02, dy: 5.13, sx: 8.64}]
Thu Jan 9 18:17:40 GMT+0300 2020 [INFO] Server said: 34: ["b.ingld", {ingld: 1500}]
Thu Jan 9 18:17:40 GMT+0300 2020 [INFO] Server said: 34: ["ntf.res", {res: {slvr: 10000, emd: 0, enrg: 500, gld: 10600}}]
Thu Jan 9 18:17:40 GMT+0300 2020 [INFO] [YandexMetrics.reachGoal] Call reach goal 'click_buy_product' for counter 31321471
Thu Jan 9 18:17:40 GMT+0300 2020 [INFO] Client said: 34: [null, "b.chkprchs", {qnt: 1, prid: "pack1500", pmnt: null}]
Thu Jan 9 18:17:39 GMT+0300 2020 [INFO] [YandexMetrics.reachGoal] Call reach goal 'show_payment_dialog' for counter 31321471
Thu Jan 9 18:17:36 GMT+0300 2020 [INFO] Server said: 34: ["b.ingld", {ingld: 1500}]
Thu Jan 9 18:17:36 GMT+0300 2020 [INFO] Server said: 34: ["ntf.res", {res: {slvr: 10000, emd: 0, enrg: 500, gld: 9100}}]
Thu Jan 9 18:17:36 GMT+0300 2020 [INFO] [YandexMetrics.reachGoal] Call reach goal 'click_buy_product' for counter 31321471
Thu Jan 9 18:17:36 GMT+0300 2020 [INFO] Client said: 34: [null, "b.chkprchs", {qnt: 1, prid: "pack1500", pmnt: null}]
Thu Jan 9 18:17:35 GMT+0300 2020 [INFO] [YandexMetrics.reachGoal] Call reach goal 'show_payment_dialog' for counter 31321471
Thu Jan 9 18:17:25 GMT+0300 2020 [INFO] Server said: 34: ["b.ingld", {ingld: 1500}]
Thu Jan 9 18:17:25 GMT+0300 2020 [INFO] Server said: 34: ["ntf.res", {res: {slvr: 10000, emd: 0, enrg: 500, gld: 7600}}]
Thu Jan 9 18:17:25 GMT+0300 2020 [INFO] [YandexMetrics.reachGoal] Call reach goal 'click_buy_product' for counter 31321471
Thu Jan 9 18:17:25 GMT+0300 2020 [INFO] Client said: 34: [null, "b.chkprchs", {qnt: 1, prid: "pack1500", pmnt: null}]
Thu Jan 9 18:17:24 GMT+0300 2020 [INFO] [YandexMetrics.reachGoal] Call reach goal 'show_payment_dialog' for counter 31321471
Thu Jan 9 18:17:21 GMT+0300 2020 [INFO] Server said: 34: ["b.ingld", {ingld: 1500}]
Thu Jan 9 18:17:21 GMT+0300 2020 [INFO] Server said: 34: ["ntf.res", {res: {slvr: 10000, emd: 0, enrg: 500, gld: 6100}}]
Thu Jan 9 18:17:21 GMT+0300 2020 [INFO] [YandexMetrics.reachGoal] Call reach goal 'click_buy_product' for counter 31321471
Thu Jan 9 18:17:21 GMT+0300 2020 [INFO] Client said: 34: [null, "b.chkprchs", {qnt: 1, prid: "pack1500", pmnt: null}]
Thu Jan 9 18:17:19 GMT+0300 2020 [INFO] [YandexMetrics.reachGoal] Call reach goal 'show_payment_dialog' for counter 31321471
Thu Jan 9 18:16:08 GMT+0300 2020 [INFO] Server said: 34: ["b.ingld", {ingld: 1500}]
Thu Jan 9 18:16:08 GMT+0300 2020 [INFO] Server said: 34: ["ntf.res", {res: {slvr: 10000, emd: 0, enrg: 500, gld: 4600}}]