ClientError: Thu Jan 9 17:20:05 GMT+0300 2020 [CRITICAL] [couturier] *Uncaught Error* ErrorId: 1009 ErrorName: TypeError ErrorMessage:Error #1009 ErrorStackTrace:TypeError: Error #1009
	at _-0eV::RoomMemberContainer/addAvatar()
	at _-PQ::BaseRoomScreen/addAvatar()
	at _-PQ::BaseRoomScreen/onRefreshAvatar()
	at flash.events::EventDispatcher/dispatchEvent()
	at _-2CM::BaseRoomNetManager/onRefreshAvatar()
	at flash.events::EventDispatcher/dispatchEvent()
	at ags::_-2t/_-2dI()
	at flash.events::EventDispatcher/dispatchEvent()
	at _-0en::_-0O8/_-1LF()
	at _-0en::_-0O8/execute()
	at ags::AGSClient/_-0i9()
	at ags::AGSClient/_-2ZF()
	at ags::AGSClient/_-2Ea()
Thu Jan 9 17:20:05 GMT+0300 2020 [INFO] Server said: 34: ["o.r.ra", {plr: {ci: {trid: null, vip: true, lgt: 0, trcd: 0, actrd: 0, sbrt: 0, actrp: 0, eml: null, shousd: false, vexp: 1965298000, vsexp: 1965298000, sbid: null, ysct: 0, as: null, vsact: true, fak: null, lvt: 1578578278, vret: 0, plcmt: {}, shcr: true, lrnt: 0, vfgc: 0, pamns: {amn: []}, gtrfrd: 0, fexp: 0, ceid: 0, crst: 0, strfrd: 0, skid: null, cmid: 0, lwts: 0, rtrtm: 0, hrt: 224, dr: true, crt: 14200, kyktid: null, exp: 85800, spp: 0, skrt: 0, actrt: 0, ys: 0, tts: null, rpt: 0, bcld: 0, compid: 0, gdc: 0}, apprnc: {fft: 3, pc: 1, g: 1, sh: 0, rc: 1, pt: 0, et: 1, fat: 0, shc: 1, sc: 2, hc: 25, ec: 1, bt: 0, ssc: 1, fac: 1, ss: 0, nct: 0, rg: 0, ht: 60, brt: 16, brc: 29, n: "Макс", mc: 3, mt: 13, bc: 1}, uid: "38", locinfo: {l: "couturier_ctr1_1", x: 4.12, pl: "", y: 5.54, s: "127.0.0.1", shlc: true, at: "sitItem6", d: 4, st: 1}, clths: {clths: [{tpid: "boyTShrtOutsrc2", clid: "17"}, {tpid: "boyPntsNYFtnss", clid: "4"}, {tpid: "boyJcktNYFtnss", clid: "4"}, {tpid: "boyBtsBnny", clid: "4"}]}, mbm: {ac: null, sk: "blackMobileSkin"}, pf: {pf: {grdnr: {pgs: 0, tp: "grdnr", l: 20}, vsgst: {pgs: 0, tp: "vsgst", l: 20}, phtghr: {pgs: 0, tp: "phtghr", l: 20}, jntr: {pgs: 0, tp: "jntr", l: 20}}}, usrinf: {rl: 0}}}]
Thu Jan 9 17:20:05 GMT+0300 2020 [INFO] Server said: 34: ["o.r.m", {sy: 6.25, uid: "58", dy: 4.19, dx: 10.88, sx: 16.88}]
Thu Jan 9 17:20:03 GMT+0300 2020 [INFO] Client said: 34: ["couturier_ctr1_1", "o.r.info", {rid: "ctr1"}]
Thu Jan 9 17:20:03 GMT+0300 2020 [INFO] Server said: 34: ["o.gr", {rid: "couturier_ctr1_1"}]
Thu Jan 9 17:20:00 GMT+0300 2020 [INFO] Server said: 16: ["couturier_ctr1_1", "319"]
Thu Jan 9 17:20:00 GMT+0300 2020 [INFO] Server said: 34: ["o.r.jn", {plr: {ci: {trid: "freelanceMicrophone", vip: true, lgt: 0, trcd: 0, actrd: 0, sbrt: 0, actrp: 0, eml: null, shousd: false, vexp: 1965298000, vsexp: 1965298000, sbid: null, ysct: 0, as: null, vsact: true, fak: null, lvt: 1578579251, vret: 0, plcmt: {}, shcr: true, lrnt: 0, vfgc: 0, pamns: {amn: []}, gtrfrd: 0, fexp: 0, ceid: 0, crst: 0, strfrd: 0, skid: null, cmid: 0, lwts: 0, rtrtm: 0, hrt: 374, dr: true, crt: 1451, kyktid: null, exp: 85800, spp: 0, skrt: 0, actrt: 0, ys: 0, tts: null, rpt: 0, bcld: 0, compid: 0, gdc: 0}, apprnc: {fft: 7, pc: 1, g: 2, sh: 20, rc: 8, pt: 0, et: 34, fat: 0, shc: 15, sc: 3, hc: 5, ec: 5, bt: 0, ssc: 1, fac: 1, ss: 9, nct: 0, rg: 1, ht: 128, brt: 14, brc: 1, n: "котлетка.", mc: 29, mt: 29, bc: 1}, uid: "319", locinfo: {l: "couturier_ctr1_1", x: -1, pl: "", y: -1, s: "127.0.0.1", shlc: true, at: "", d: 4, st: 0}, clths: {clths: [{tpid: "girlDcrNY20Gld", clid: null}, {tpid: "girlNY20VKGiftPllvCnd", clid: null}, {tpid: "girlBtsEstr19", clid: null}, {tpid: "girlSktSh", clid: null}, {tpid: "girlTghtAlice", clid: null}, {tpid: "girlSV19VlntnWngs", clid: null}]}, mbm: {ac: null, sk: "blackMobileSkin"}, pf: {pf: {grdnr: {pgs: 0, tp: "grdnr", l: 20}, vsgst: {pgs: 0, tp: "vsgst", l: 20}, phtghr: {pgs: 0, tp: "phtghr", l: 20}, jntr: {pgs: 0, tp: "jntr", l: 20}}}, usrinf: {rl: 0}}}]
Thu Jan 9 17:19:57 GMT+0300 2020 [INFO] Server said: 17: ["couturier_ctr1_1", "212"]
Thu Jan 9 17:19:57 GMT+0300 2020 [INFO] Server said: 34: ["o.r.lv", {uid: "212"}]
Thu Jan 9 17:19:56 GMT+0300 2020 [INFO] Server said: 16: ["salon_sn1_1", "114"]
Thu Jan 9 17:19:56 GMT+0300 2020 [INFO] Server said: 34: ["o.r.jn", {plr: {ci: {trid: null, vip: true, lgt: 0, trcd: 0, actrd: 0, sbrt: 0, actrp: 0, eml: null, shousd: false, vexp: 1965298000, vsexp: 1965298000, sbid: null, ysct: 0, as: null, vsact: true, fak: null, lvt: 1578578836, vret: 0, plcmt: {}, shcr: true, lrnt: 0, vfgc: 0, pamns: {amn: []}, gtrfrd: 0, fexp: 0, ceid: 0, crst: 0, strfrd: 0, skid: null, cmid: 0, lwts: 0, rtrtm: 0, hrt: 183, dr: true, crt: 23691, kyktid: null, exp: 85800, spp: 0, skrt: 0, actrt: 0, ys: 0, tts: null, rpt: 0, bcld: 0, compid: 0, gdc: 0}, apprnc: {fft: 0, pc: 1, g: 1, sh: 0, rc: 1, pt: 0, et: 5, fat: 0, shc: 1, sc: 2, hc: 1, ec: 3, bt: 0, ssc: 1, fac: 1, ss: 0, nct: 0, rg: 0, ht: 86, brt: 1, brc: 1, n: "KASPERjetem", mc: 4, mt: 1, bc: 1}, uid: "114", locinfo: {l: "salon_sn1_1", x: -1, pl: "", y: -1, s: "127.0.0.1", shlc: true, at: "", d: 4, st: 0}, clths: {clths: [{tpid: "boyTrvlGls", clid: null}, {tpid: "boyErrHp", clid: null}, {tpid: "bPtsCtSprg15", clid: null}, {tpid: "boySP14Gss", clid: null}, {tpid: "rcrBEvgOvr", clid: null}, {tpid: "boySP14Glv", clid: null}, {tpid: "boyTtHp", clid: null}, {tpid: "bScrfCtSprg15", clid: null}, {tpid: "bCoatCtSprg15", clid: null}, {tpid: "bBtsCtSprg15", clid: null}, {tpid: "bTStCtSprg15", clid: null}, {tpid: "boyTrvlBag", clid: null}, {tpid: "csl15BScnWtch", clid: null}]}, mbm: {ac: null, sk: "blackMobileSkin"}, pf: {pf: {grdnr: {pgs: 0, tp: "grdnr", l: 20}, vsgst: {pgs: 0, tp: "vsgst", l: 20}, phtghr: {pgs: 0, tp: "phtghr", l: 20}, jntr: {pgs: 0, tp: "jntr", l: 20}}}, usrinf: {rl: 0}}}]
Thu Jan 9 17:19:56 GMT+0300 2020 [INFO] Server said: 34: ["o.r.u", {x: 14.42, uid: "253", y: 12.6, at: "salonActiveChairItem21", d: 3, st: 1}]
Thu Jan 9 17:19:55 GMT+0300 2020 [INFO] Server said: 34: ["o.r.m", {sy: 12.28, uid: "260", dy: 15.53, dx: 11.59, sx: 13.91}]
Thu Jan 9 17:19:54 GMT+0300 2020 [INFO] Client said: 34: [null, "o.gr", {gid: "ctr1", lid: "couturier"}]
Thu Jan 9 17:19:54 GMT+0300 2020 [INFO] Loaded  LoadingItem(url: http://62.113.113.58:8080/files/swf/Couturier_4e20b623ef65e53df4c6aebd774be260.swf, status: 2) 
Thu Jan 9 17:19:53 GMT+0300 2020 [INFO] Server said: 34: ["o.r.u", {x: 14.42, uid: "253", y: 12.6, at: "", d: 3, st: 23}]
Thu Jan 9 17:19:53 GMT+0300 2020 [INFO] Client said: 17: ["salon_sn1_1"]
Thu Jan 9 17:19:53 GMT+0300 2020 [INFO] Server said: 34: ["o.r.u", {x: 14.42, uid: "276", d: 1, y: 5.6, st: 0}]
Thu Jan 9 17:19:52 GMT+0300 2020 [INFO] Server said: 34: ["o.r.m", {sy: 1.5, uid: "253", dy: 12.6, dx: 14.42, sx: 15.5}]
Thu Jan 9 17:19:51 GMT+0300 2020 [INFO] Server said: 34: ["o.r.u", {x: 13.91, uid: "260", y: 12.28, at: "", d: 0, st: 23}]
Thu Jan 9 17:19:51 GMT+0300 2020 [INFO] Server said: 34: ["o.r.u", {x: 15.5, uid: "253", d: 4, y: 1.5, st: 0}]
Thu Jan 9 17:19:51 GMT+0300 2020 [INFO] Server said: 34: ["o.r.ra", {plr: {ci: {trid: null, vip: true, lgt: 0, trcd: 0, actrd: 0, sbrt: 0, actrp: 0, eml: null, shousd: false, vexp: 1965298000, vsexp: 1965298000, sbid: null, ysct: 0, as: null, vsact: true, fak: null, lvt: 1578579261, vret: 0, plcmt: {}, shcr: true, lrnt: 0, vfgc: 0, pamns: {amn: []}, gtrfrd: 0, fexp: 0, ceid: 0, crst: 0, strfrd: 0, skid: null, cmid: 0, lwts: 0, rtrtm: 0, hrt: 174, dr: true, crt: 653, kyktid: null, exp: 85800, spp: 0, skrt: 0, actrt: 0, ys: 0, tts: null, rpt: 0, bcld: 0, compid: 0, gdc: 0}, apprnc: {fft: 0, pc: 1, g: 1, sh: 0, rc: 1, pt: 0, et: 19, fat: 0, shc: 1, sc: 1, hc: 25, ec: 2, bt: 0, ssc: 1, fac: 1, ss: 0, nct: 0, rg: 0, ht: 87, brt: 6, brc: 2, n: "●●ßǻŧ®ůwkǻ●", mc: 1, mt: 1, bc: 1}, uid: "293", locinfo: {l: "salon_sn1_1", x: 9.84, pl: "", y: 1.66, s: "127.0.0.1", shlc: true, at: "", d: 4, st: 0}, clths: {clths: [{tpid: "boyPntsFrog", clid: null}, {tpid: "boyNY20VKGiftPllvCnd", clid: null}, {tpid: "boyShoes8", clid: null}]}, mbm: {ac: null, sk: "blackMobileSkin"}, pf: {pf: {grdnr: {pgs: 0, tp: "grdnr", l: 20}, vsgst: {pgs: 0, tp: "vsgst", l: 20}, phtghr: {pgs: 0, tp: "phtghr", l: 20}, jntr: {pgs: 0, tp: "jntr", l: 20}}}, usrinf: {rl: 0}}}]
Thu Jan 9 17:19:49 GMT+0300 2020 [INFO] Server said: 34: ["o.r.m", {sy: 14.92, uid: "260", dy: 12.28, dx: 13.91, sx: 12.61}]
Thu Jan 9 17:19:48 GMT+0300 2020 [INFO] Server said: 16: ["salon_sn1_1", "167"]
Thu Jan 9 17:19:48 GMT+0300 2020 [INFO] Server said: 34: ["o.r.jn", {plr: {ci: {trid: null, vip: true, lgt: 0, trcd: 0, actrd: 0, sbrt: 0, actrp: 0, eml: null, shousd: false, vexp: 1965298000, vsexp: 1965298000, sbid: null, ysct: 0, as: null, vsact: true, fak: null, lvt: 1578579375, vret: 0, plcmt: {}, shcr: true, lrnt: 0, vfgc: 0, pamns: {amn: []}, gtrfrd: 0, fexp: 0, ceid: 0, crst: 0, strfrd: 0, skid: null, cmid: 0, lwts: 0, rtrtm: 0, hrt: 351, dr: true, crt: 4249, kyktid: null, exp: 85800, spp: 0, skrt: 0, actrt: 0, ys: 0, tts: null, rpt: 0, bcld: 0, compid: 0, gdc: 0}, apprnc: {fft: 0, pc: 1, g: 1, sh: 0, rc: 1, pt: 0, et: 1, fat: 0, shc: 1, sc: 1, hc: 7, ec: 1, bt: 0, ssc: 1, fac: 1, ss: 0, nct: 0, rg: 0, ht: 84, brt: 4, brc: 2, n: "АӍŰ®", mc: 2, mt: 21, bc: 1}, uid: "167", locinfo: {l: "salon_sn1_1", x: -1, pl: "", y: -1, s: "127.0.0.1", shlc: true, at: "", d: 4, st: 0}, clths: {clths: [{tpid: "boyDrlBlrnDcr", clid: null}, {tpid: "boyHlwn28", clid: null}, {tpid: "boySMR14Sh3", clid: null}, {tpid: "boySV18Rose", clid: null}, {tpid: "boySMR14TShirt1", clid: null}, {tpid: "boySMR14Pants2", clid: null}, {tpid: "boyHlwn3", clid: null}]}, mbm: {ac: null, sk: "blackMobileSkin"}, pf: {pf: {grdnr: {pgs: 0, tp: "grdnr", l: 20}, vsgst: {pgs: 0, tp: "vsgst", l: 20}, phtghr: {pgs: 0, tp: "phtghr", l: 20}, jntr: {pgs: 0, tp: "jntr", l: 20}}}, usrinf: {rl: 0}}}]
Thu Jan 9 17:19:46 GMT+0300 2020 [INFO] Server said: 34: ["o.r.u", {x: 12.61, uid: "260", y: 14.92, at: "", d: 5, st: 23}]
Thu Jan 9 17:19:46 GMT+0300 2020 [INFO] Server said: 17: ["salon_sn1_1", "138"]
Thu Jan 9 17:19:46 GMT+0300 2020 [INFO] Server said: 34: ["o.r.lv", {uid: "138"}]
Thu Jan 9 17:19:45 GMT+0300 2020 [INFO] Server said: 34: ["o.r.m", {sy: 13.73, uid: "260", dy: 14.92, dx: 12.61, sx: 13.48}]
Thu Jan 9 17:19:43 GMT+0300 2020 [INFO] Server said: 34: ["o.r.u", {x: 13.48, uid: "260", y: 13.73, at: "", d: 6, st: 23}]
Thu Jan 9 17:19:42 GMT+0300 2020 [INFO] Server said: 34: ["o.r.ra", {plr: {ci: {trid: null, vip: true, lgt: 0, trcd: 0, actrd: 0, sbrt: 0, actrp: 0, eml: null, shousd: false, vexp: 1965298000, vsexp: 1965298000, sbid: null, ysct: 0, as: null, vsact: true, fak: null, lvt: 1578578875, vret: 0, plcmt: {}, shcr: true, lrnt: 0, vfgc: 0, pamns: {amn: []}, gtrfrd: 0, fexp: 0, ceid: 0, crst: 0, strfrd: 0, skid: null, cmid: 0, lwts: 0, rtrtm: 0, hrt: 374, dr: true, crt: 910, kyktid: null, exp: 85800, spp: 0, skrt: 0, actrt: 0, ys: 0, tts: null, rpt: 0, bcld: 0, compid: 0, gdc: 0}, apprnc: {fft: 0, pc: 1, g: 2, sh: 0, rc: 1, pt: 0, et: 37, fat: 0, shc: 1, sc: 1, hc: 6, ec: 5, bt: 0, ssc: 1, fac: 1, ss: 0, nct: 0, rg: 0, ht: 120, brt: 28, brc: 2, n: "CROZZZA", mc: 3, mt: 31, bc: 1}, uid: "223", locinfo: {l: "salon_sn1_1", x: 9.23, pl: "", y: 5.17, s: "127.0.0.1", shlc: true, at: "", d: 4, st: 23}, clths: {clths: [{tpid: "girlPntsNY20Nght", clid: null}, {tpid: "girlNY20VKGiftPllvCnd", clid: null}, {tpid: "girlJcktOutsrc2", clid: "16"}, {tpid: "grlRfwrBg", clid: null}, {tpid: "girlBtsNY20Slv", clid: null}]}, mbm: {ac: null, sk: "blackMobileSkin"}, pf: {pf: {grdnr: {pgs: 0, tp: "grdnr", l: 20}, vsgst: {pgs: 0, tp: "vsgst", l: 20}, phtghr: {pgs: 0, tp: "phtghr", l: 20}, jntr: {pgs: 0, tp: "jntr", l: 20}}}, usrinf: {rl: 0}}}]
Thu Jan 9 17:19:40 GMT+0300 2020 [INFO] Server said: 17: ["salon_sn1_1", "224"]
Thu Jan 9 17:19:40 GMT+0300 2020 [INFO] Server said: 34: ["o.r.lv", {uid: "224"}]
Thu Jan 9 17:19:40 GMT+0300 2020 [INFO] Server said: 34: ["o.r.m", {sy: 13, uid: "260", dy: 13.73, dx: 13.48, sx: 14}]
Thu Jan 9 17:19:38 GMT+0300 2020 [INFO] Server said: 34: ["o.r.u", {x: 14.42, uid: "260", d: 1, y: 12.6, st: 0}]
Thu Jan 9 17:19:36 GMT+0300 2020 [INFO] Server said: 16: ["salon_sn1_1", "138"]
Thu Jan 9 17:19:36 GMT+0300 2020 [INFO] Server said: 34: ["o.r.jn", {plr: {ci: {trid: null, vip: true, lgt: 0, trcd: 0, actrd: 0, sbrt: 0, actrp: 0, eml: null, shousd: false, vexp: 1965298000, vsexp: 1965298000, sbid: null, ysct: 0, as: null, vsact: true, fak: null, lvt: 1578579432, vret: 0, plcmt: {}, shcr: true, lrnt: 0, vfgc: 0, pamns: {amn: []}, gtrfrd: 0, fexp: 0, ceid: 0, crst: 0, strfrd: 0, skid: null, cmid: 0, lwts: 0, rtrtm: 0, hrt: 174, dr: true, crt: 1205, kyktid: null, exp: 85800, spp: 0, skrt: 0, actrt: 0, ys: 0, tts: null, rpt: 0, bcld: 0, compid: 0, gdc: 0}, apprnc: {fft: 0, pc: 1, g: 2, sh: 25, rc: 5, pt: 0, et: 37, fat: 0, shc: 12, sc: 1, hc: 15, ec: 27, bt: 0, ssc: 1, fac: 1, ss: 0, nct: 0, rg: 3, ht: 127, brt: 23, brc: 12, n: "вет очка", mc: 15, mt: 29, bc: 1}, uid: "138", locinfo: {l: "salon_sn1_1", x: -1, pl: "", y: -1, s: "127.0.0.1", shlc: true, at: "", d: 4, st: 0}, clths: {clths: [{tpid: "girlShirt12", clid: null}, {tpid: "girlShoes14", clid: null}, {tpid: "girlPants9", clid: null}]}, mbm: {ac: null, sk: "blackMobileSkin"}, pf: {pf: {grdnr: {pgs: 0, tp: "grdnr", l: 20}, vsgst: {pgs: 0, tp: "vsgst", l: 20}, phtghr: {pgs: 0, tp: "phtghr", l: 20}, jntr: {pgs: 0, tp: "jntr", l: 20}}}, usrinf: {rl: 0}}}]
Thu Jan 9 17:19:36 GMT+0300 2020 [INFO] Server said: 34: ["o.r.u", {x: 14.42, uid: "260", y: 12.6, at: "salonActiveChairItem21", d: 0, st: 1}]
Thu Jan 9 17:19:34 GMT+0300 2020 [INFO] Server said: 34: ["o.r.u", {x: 14.42, uid: "260", y: 12.6, at: "", d: 0, st: 23}]