ClientError: Thu Jan 9 18:31:56 GMT+0300 2020 [CRITICAL] [house] *Uncaught Error* ErrorId: 1009 ErrorName: TypeError ErrorMessage:Error #1009 ErrorStackTrace:TypeError: Error #1009
	at MethodInfo-2()
	at flash.events::EventDispatcher/dispatchEvent()
	at _-jr::FurnitureLoader/_-2qc()
	at flash.events::EventDispatcher/dispatchEvent()
	at _-0bS::MassLoader/_-4Ql()
	at _-0bS::MassLoader/_-WZ()
	at flash.events::EventDispatcher/dispatchEvent()
	at _-18R::LoadingItem/onComplete()
	at _-18R::SWFLoadingItem/onComplete()
	at MethodInfo-7()
Thu Jan 9 18:31:56 GMT+0300 2020 [INFO] Loaded  LoadingItem(url: http://62.113.113.58:8080/files/swf/furniture/house/DoorSD15.swf, status: 2) 
Thu Jan 9 18:31:27 GMT+0300 2020 [INFO] Server said: 34: ["h.r.rfr", {rm: {nm: "#livingRoom", lev: 1, f: [{x: 12, y: 0, z: 0, d: 5, tpid: "csCtr", lid: 94303516}, {x: 0, y: 0, z: 0, d: 5, tpid: "flrTrBth", lid: 2743691}, {x: 0, y: 0, z: 0, d: 3, tpid: "NY20Wllppr", lid: 30387235}, {x: 13, y: 0, z: 0, d: 5, tpid: "NY20Wllppr", lid: 30387236}, {x: 13, y: 4.125, rid: "outside", z: 0, d: 5, tpid: "door4", lid: 4}], l: 13, w: 13}}]
Thu Jan 9 18:31:26 GMT+0300 2020 [INFO] Server said: 34: ["frn.save", {ci: {vexp: 1965298000, exp: 85800, trid: null, skrt: 0, crt: 1338, vsexp: 1965298000, actrd: 0, strfrd: 0, vsact: true, shousd: false, rtrtm: 0, vret: 0, fexp: 0, kyktid: null, vfgc: 0, vip: true, sbid: null, ceid: 0, hrt: 923, sbrt: 0, crst: 0, gtrfrd: 0, plcmt: {}, cmid: 0, pamns: {amn: []}, as: null, dr: true, lrnt: 0, spp: 0, lwts: 0, skid: null, tts: null, rpt: 0, eml: null, ysct: 0, lvt: 1578583571, ys: 0, gdc: 0, bcld: 0, actrt: 0, fak: null, lgt: 0, compid: 0, shcr: true, trcd: 0, actrp: 0}, inv: {c: {cls: {id: "cls", it: [{iid: "", c: 1, tid: "boyShirt14"}, {iid: "", c: 1, tid: "boyJcktNY20Slv"}, {iid: "", c: 1, tid: "boyShoes8"}, {iid: "", c: 1, tid: "boyPants10"}, {iid: "", c: 1, tid: "boyUnderdress1"}, {iid: "", c: 1, tid: "boyPntsFrog"}, {iid: "", c: 1, tid: "boyBtsNY20Slv"}]}, gm: {id: "gm", it: [{iid: "", c: 1, tid: "blackMobileSkin"}]}, frn: {id: "frn", it: [{tid: "wall15", c: 1, iid: ""}, {tid: "floor4", c: 1, iid: ""}]}, act: {id: "act", it: []}, lt: {id: "lt", it: []}}}, hs: {nm: "house", id: "livingroom", lev: 1, f: [{x: 12, y: 0, z: 0, d: 5, tpid: "csCtr", lid: 94303516}, {x: 0, y: 0, z: 0, d: 5, tpid: "flrTrBth", lid: 2743691}, {x: 0, y: 0, z: 0, d: 3, tpid: "NY20Wllppr", lid: 30387235}, {x: 13, y: 0, z: 0, d: 5, tpid: "NY20Wllppr", lid: 30387236}, {x: 13, y: 4.125, rid: "outside", z: 0, d: 5, tpid: "door4", lid: 4}], l: 13, w: 13}}]
Thu Jan 9 18:31:17 GMT+0300 2020 [INFO] Client said: 34: ["house_905_livingroom", "h.r.rfr", {}]
Thu Jan 9 18:31:17 GMT+0300 2020 [INFO] Server said: 34: ["frn.save", {ci: {vexp: 1965298000, exp: 85800, trid: null, skrt: 0, crt: 1338, vsexp: 1965298000, actrd: 0, strfrd: 0, vsact: true, shousd: false, rtrtm: 0, vret: 0, fexp: 0, kyktid: null, vfgc: 0, vip: true, sbid: null, ceid: 0, hrt: 923, sbrt: 0, crst: 0, gtrfrd: 0, plcmt: {}, cmid: 0, pamns: {amn: []}, as: null, dr: true, lrnt: 0, spp: 0, lwts: 0, skid: null, tts: null, rpt: 0, eml: null, ysct: 0, lvt: 1578583571, ys: 0, gdc: 0, bcld: 0, actrt: 0, fak: null, lgt: 0, compid: 0, shcr: true, trcd: 0, actrp: 0}, inv: {c: {cls: {id: "cls", it: [{iid: "", c: 1, tid: "boyShirt14"}, {iid: "", c: 1, tid: "boyJcktNY20Slv"}, {iid: "", c: 1, tid: "boyShoes8"}, {iid: "", c: 1, tid: "boyPants10"}, {iid: "", c: 1, tid: "boyUnderdress1"}, {iid: "", c: 1, tid: "boyPntsFrog"}, {iid: "", c: 1, tid: "boyBtsNY20Slv"}]}, gm: {id: "gm", it: [{iid: "", c: 1, tid: "blackMobileSkin"}]}, frn: {id: "frn", it: [{tid: "wall15", c: 1, iid: ""}, {tid: "floor4", c: 1, iid: ""}]}, act: {id: "act", it: []}, lt: {id: "lt", it: []}}}, hs: {nm: "house", lev: 1, id: "livingroom", f: [{x: 12, y: 0, z: 0, d: 5, tpid: "csCtr", lid: 94303516}, {x: 0, y: 0, z: 0, d: 5, tpid: "flrTrBth", lid: 2743691}, {x: 0, y: 0, z: 0, d: 3, tpid: "NY20Wllppr", lid: 30387235}, {x: 13, y: 0, z: 0, d: 5, tpid: "NY20Wllppr", lid: 30387236}, {x: 13, y: 4.125, rid: "outside", z: 0, d: 5, tpid: "door4", lid: 4}], l: 13, w: 13}}]
Thu Jan 9 18:31:12 GMT+0300 2020 [INFO] Client said: 34: ["house_905_livingroom", "frn.save", {f: [{oid: 4, tm: 1578583865593, y: 4.125, t: 1, z: 0, x: 13, d: 5, tpid: "door4"}, {oid: 94303516, tm: 1578583868038, y: 0, t: 1, z: 0, x: 12, d: 5, tpid: "csCtr"}]}]
Thu Jan 9 18:31:09 GMT+0300 2020 [INFO] Client said: 34: ["house_905_livingroom", "frn.save", {f: [{oid: 4, tm: 1578583865593, y: 4.125, t: 1, z: 0, x: 13, d: 5, tpid: "door4"}, {oid: 94303516, tm: 1578583868038, y: 0, t: 1, z: 0, x: 12, d: 5, tpid: "csCtr"}]}]
Thu Jan 9 18:31:02 GMT+0300 2020 [INFO] Client said: 34: ["house_905_livingroom", "h.r.u", {uid: "905", x: 11.5, y: 5.77, st: 23, d: 2, at: ""}]
Thu Jan 9 18:30:58 GMT+0300 2020 [INFO] Client said: 34: ["house_905_livingroom", "h.r.m", {uid: "905", sx: 4.56, sy: 7.79, dy: 5.77, dx: 11.5}]
Thu Jan 9 18:30:56 GMT+0300 2020 [INFO] Client said: 34: ["house_905_livingroom", "h.r.m", {uid: "905", sx: 5.3, sy: 10.36, dy: 7.59, dx: 4.47}]
Thu Jan 9 18:30:33 GMT+0300 2020 [INFO] Loaded  LoadingItem(url: http://62.113.113.58:8080/files/swf/furniture/house/FloorTropicalBedroom.swf, status: 2) 
Thu Jan 9 18:30:33 GMT+0300 2020 [INFO] Loaded  LoadingItem(url: http://62.113.113.58:8080/files/swf/furniture/house/NY20Wallpaper.swf, status: 2) 
Thu Jan 9 18:30:33 GMT+0300 2020 [INFO] Loaded  LoadingItem(url: http://62.113.113.58:8080/files/swf/furniture/house/NY20Wallpaper.swf, status: 2) 
Thu Jan 9 18:30:33 GMT+0300 2020 [INFO] Loaded  LoadingItem(url: http://62.113.113.58:8080/files/swf/furniture/house/NY20Wallpaper.swf, status: 2) 
Thu Jan 9 18:30:33 GMT+0300 2020 [INFO] Loaded  LoadingItem(url: http://62.113.113.58:8080/files/swf/furniture/house/NY20Wallpaper.swf, status: 2) 
Thu Jan 9 18:30:33 GMT+0300 2020 [INFO] Loaded  LoadingItem(url: http://62.113.113.58:8080/files/swf/furniture/house/FloorTropicalBedroom.swf, status: 2) 
Thu Jan 9 18:30:33 GMT+0300 2020 [INFO] Loaded  LoadingItem(url: http://62.113.113.58:8080/files/swf/furniture/house/FloorTropicalBedroom.swf, status: 2) 
Thu Jan 9 18:30:23 GMT+0300 2020 [INFO] Client said: 34: ["house_905_livingroom", "h.r.u", {uid: "905", x: 5.3, y: 10.36, st: 23, d: 4, at: ""}]
Thu Jan 9 18:30:22 GMT+0300 2020 [INFO] Client said: 34: ["house_905_livingroom", "h.r.m", {uid: "905", sx: 6, sy: 8, dy: 10.36, dx: 5.3}]
Thu Jan 9 18:30:21 GMT+0300 2020 [INFO] Client said: 34: ["house_905_livingroom", "h.r.u", {uid: "905", x: 6, d: 1, y: 8, st: 0}]
Thu Jan 9 18:30:18 GMT+0300 2020 [INFO] Client said: 34: ["house_905_livingroom", "h.r.u", {uid: "905", x: 6, y: 8, st: 10, d: 1, at: "94303516"}]
Thu Jan 9 18:30:18 GMT+0300 2020 [INFO] Client said: 34: ["house_905_livingroom", "hs.ac.start", {oid: "94303516", aid: "905", act: "dress"}]
Thu Jan 9 18:30:18 GMT+0300 2020 [INFO] Client said: 34: ["house_905_livingroom", "h.r.u", {uid: "905", x: 6, y: 8, st: 23, d: 4, at: ""}]
Thu Jan 9 18:30:15 GMT+0300 2020 [INFO] Client said: 34: ["house_905_livingroom", "h.r.m", {uid: "905", sx: 4.94, sy: 2.25, dy: 8, dx: 6}]
Thu Jan 9 18:30:15 GMT+0300 2020 [INFO] Client said: 34: ["house_905_livingroom", "h.r.u", {uid: "905", x: 4.94, y: 2.25, st: 23, d: 3, at: ""}]
Thu Jan 9 18:30:14 GMT+0300 2020 [INFO] Client said: 34: ["house_905_livingroom", "h.r.m", {uid: "905", sx: 4.05, sy: 1.72, dy: 2.25, dx: 4.94}]
Thu Jan 9 18:30:13 GMT+0300 2020 [INFO] Client said: 34: ["house_905_livingroom", "h.r.m", {uid: "905", sx: 4.05, sy: 0.1, dy: 3.95, dx: 2.77}]
Thu Jan 9 18:30:06 GMT+0300 2020 [INFO] Server said: 34: ["h.r.rfr", {rm: {nm: "#livingRoom", f: [{x: 7, y: 7, z: 0, d: 5, tpid: "csCtr", lid: 94303516}, {x: 0, y: 0, z: 0, d: 5, tpid: "flrTrBth", lid: 2743691}, {x: 0, y: 0, z: 0, d: 3, tpid: "NY20Wllppr", lid: 30387235}, {x: 13, y: 0, z: 0, d: 5, tpid: "NY20Wllppr", lid: 30387236}, {x: 3, y: 0, rid: "outside", z: 0, d: 3, tpid: "door4", lid: 4}], l: 13, w: 13, lev: 1}}]
Thu Jan 9 18:30:04 GMT+0300 2020 [INFO] Client said: 34: ["house_905_livingroom", "h.r.rfr", {}]
Thu Jan 9 18:30:04 GMT+0300 2020 [INFO] Server said: 34: ["frn.save", {ci: {vexp: 1965298000, exp: 85800, trid: null, skrt: 0, crt: 1338, vsexp: 1965298000, actrd: 0, strfrd: 0, vsact: true, shousd: false, rtrtm: 0, vret: 0, fexp: 0, kyktid: null, vfgc: 0, vip: true, sbid: null, ceid: 0, hrt: 923, sbrt: 0, crst: 0, gtrfrd: 0, plcmt: {}, cmid: 0, pamns: {amn: []}, as: null, dr: true, lrnt: 0, spp: 0, lwts: 0, skid: null, tts: null, rpt: 0, eml: null, ysct: 0, lvt: 1578583571, ys: 0, gdc: 0, bcld: 0, actrt: 0, fak: null, lgt: 0, compid: 0, shcr: true, trcd: 0, actrp: 0}, inv: {c: {cls: {id: "cls", it: [{iid: "", c: 1, tid: "boyShirt14"}, {iid: "", c: 1, tid: "boyJcktNY20Slv"}, {iid: "", c: 1, tid: "boyShoes8"}, {iid: "", c: 1, tid: "boyPants10"}, {iid: "", c: 1, tid: "boyUnderdress1"}, {iid: "", c: 1, tid: "boyPntsFrog"}, {iid: "", c: 1, tid: "boyBtsNY20Slv"}]}, gm: {id: "gm", it: [{iid: "", c: 1, tid: "blackMobileSkin"}]}, frn: {id: "frn", it: [{tid: "wall15", c: 1, iid: ""}, {tid: "floor4", c: 1, iid: ""}]}, act: {id: "act", it: []}, lt: {id: "lt", it: []}}}, hs: {nm: "house", lev: 1, id: "livingroom", f: [{x: 7, y: 7, z: 0, d: 5, tpid: "csCtr", lid: 94303516}, {x: 0, y: 0, z: 0, d: 5, tpid: "flrTrBth", lid: 2743691}, {x: 0, y: 0, z: 0, d: 3, tpid: "NY20Wllppr", lid: 30387235}, {x: 13, y: 0, z: 0, d: 5, tpid: "NY20Wllppr", lid: 30387236}, {x: 3, y: 0, rid: "outside", z: 0, d: 3, tpid: "door4", lid: 4}], l: 13, w: 13}}]
Thu Jan 9 18:29:57 GMT+0300 2020 [INFO] Client said: 34: ["house_905_livingroom", "frn.save", {f: [{oid: 30387235, tm: 1578583796052, tpid: "NY20Wllppr", t: 0}, {oid: 2743691, tm: 1578583793284, tpid: "flrTrBth", t: 0}]}]
Thu Jan 9 18:29:47 GMT+0300 2020 [INFO] Server said: 34: ["ntf.res", {res: {emd: 0, slvr: 11100, enrg: 500, gld: 12881}}]
Thu Jan 9 18:29:47 GMT+0300 2020 [INFO] Server said: 34: ["ntf.inv", {it: {iid: "", c: 1, tid: "flrTrBth"}}]
Thu Jan 9 18:29:45 GMT+0300 2020 [INFO] Client said: 34: [null, "frn.buy", {pind: 1, tpid: "flrTrBth", cnt: 1}]
Thu Jan 9 18:29:27 GMT+0300 2020 [INFO] Server said: 34: ["ntf.res", {res: {emd: 0, slvr: 11100, enrg: 500, gld: 12976}}]
Thu Jan 9 18:29:26 GMT+0300 2020 [INFO] Server said: 34: ["ntf.inv", {it: {iid: "", c: 1, tid: "NY20Wllppr"}}]
Thu Jan 9 18:29:25 GMT+0300 2020 [INFO] Client said: 34: [null, "frn.buy", {pind: 1, tpid: "NY20Wllppr", cnt: 1}]
Thu Jan 9 18:29:03 GMT+0300 2020 [INFO] Server said: 34: ["h.r.rfr", {rm: {nm: "#livingRoom", f: [{x: 7, y: 7, z: 0, d: 5, tpid: "csCtr", lid: 94303516}, {x: 0, y: 0, z: 0, d: 5, tpid: "floor4", lid: 3}, {x: 13, y: 0, z: 0, d: 5, tpid: "wall15", lid: 2}, {x: 0, y: 0, z: 0, d: 3, tpid: "wall15", lid: 1}, {x: 3, y: 0, rid: "outside", z: 0, d: 3, tpid: "door4", lid: 4}], l: 13, w: 13, lev: 1}}]