ClientError: Thu Jan 9 19:14:53 GMT+0400 2020 [CRITICAL] [house] *Uncaught Error* ErrorId: 1009 ErrorName: TypeError ErrorMessage:Error #1009 ErrorStackTrace:TypeError: Error #1009
	at MethodInfo-2()
	at flash.events::EventDispatcher/dispatchEvent()
	at _-jr::FurnitureLoader/_-2qc()
	at flash.events::EventDispatcher/dispatchEvent()
	at _-0bS::MassLoader/_-4Ql()
	at _-0bS::MassLoader/_-WZ()
	at flash.events::EventDispatcher/dispatchEvent()
	at _-18R::LoadingItem/onComplete()
	at _-18R::SWFLoadingItem/onComplete()
	at MethodInfo-7()
Thu Jan 9 19:14:53 GMT+0400 2020 [INFO] Loaded  LoadingItem(url: http://62.113.113.58:8080/files/swf/furniture/decor/VentilationLightPolar.swf, status: 2) 
Thu Jan 9 19:14:31 GMT+0400 2020 [INFO] Server said: 34: ["b.ingld", {ingld: 1500}]
Thu Jan 9 19:14:31 GMT+0400 2020 [INFO] Server said: 34: ["ntf.res", {res: {enrg: 500, slvr: 10000, emd: 0, gld: 4933}}]
Thu Jan 9 19:14:31 GMT+0400 2020 [INFO] [YandexMetrics.reachGoal] Call reach goal 'click_buy_product' for counter 31321471
Thu Jan 9 19:14:31 GMT+0400 2020 [INFO] Client said: 34: [null, "b.chkprchs", {prid: "pack1500", qnt: 1, pmnt: null}]
Thu Jan 9 19:14:30 GMT+0400 2020 [INFO] [YandexMetrics.reachGoal] Call reach goal 'show_payment_dialog' for counter 31321471
Thu Jan 9 19:14:27 GMT+0400 2020 [INFO] Server said: 34: ["b.ingld", {ingld: 1500}]
Thu Jan 9 19:14:27 GMT+0400 2020 [INFO] Server said: 34: ["ntf.res", {res: {enrg: 500, slvr: 10000, emd: 0, gld: 3433}}]
Thu Jan 9 19:14:27 GMT+0400 2020 [INFO] [YandexMetrics.reachGoal] Call reach goal 'click_buy_product' for counter 31321471
Thu Jan 9 19:14:27 GMT+0400 2020 [INFO] Client said: 34: [null, "b.chkprchs", {prid: "pack1500", qnt: 1, pmnt: null}]
Thu Jan 9 19:14:26 GMT+0400 2020 [INFO] [YandexMetrics.reachGoal] Call reach goal 'show_payment_dialog' for counter 31321471
Thu Jan 9 19:14:23 GMT+0400 2020 [INFO] Server said: 34: ["b.ingld", {ingld: 1500}]
Thu Jan 9 19:14:23 GMT+0400 2020 [INFO] Server said: 34: ["ntf.res", {res: {enrg: 500, slvr: 10000, emd: 0, gld: 1933}}]
Thu Jan 9 19:14:22 GMT+0400 2020 [INFO] [YandexMetrics.reachGoal] Call reach goal 'click_buy_product' for counter 31321471
Thu Jan 9 19:14:22 GMT+0400 2020 [INFO] Client said: 34: [null, "b.chkprchs", {prid: "pack1500", qnt: 1, pmnt: null}]
Thu Jan 9 19:14:21 GMT+0400 2020 [INFO] [YandexMetrics.reachGoal] Call reach goal 'show_payment_dialog' for counter 31321471
Thu Jan 9 19:14:19 GMT+0400 2020 [INFO] Server said: 34: ["h.r.ra", {plr: {apprnc: {hc: 5, rc: 1, g: 2, nct: 0, shc: 1, mc: 3, fft: 0, mt: 2, sc: 2, bt: 0, ss: 0, ec: 2, ht: 130, fat: 0, ssc: 1, pc: 1, fac: 1, brc: 1, rg: 0, sh: 0, n: "Harry Potter", bc: 1, pt: 0, brt: 4, et: 8}, locinfo: {l: "house_699_livingroom", x: 7.64, st: 23, pl: "", y: 8.33, s: "127.0.0.1", at: "", d: 4, shlc: true}, clths: {clths: [{tpid: "girlKgrmCt", clid: null}, {tpid: "girlNY20VKGiftPllvCnd", clid: null}, {tpid: "girlPants9", clid: null}, {tpid: "girlHdbndCt", clid: null}, {tpid: "girlShoes14", clid: null}]}, usrinf: {rl: 0}, ci: {trcd: 0, pamns: {amn: []}, shcr: true, vret: 0, strfrd: 0, sbid: null, crst: 0, vfgc: 0, rtrtm: 0, fexp: 0, ceid: 0, kyktid: null, skid: null, cmid: 0, actrt: 0, lwts: 0, hrt: 1344, dr: true, compid: 0, bcld: 0, spp: 0, actrp: 0, skrt: 0, rpt: 0, trid: "yearAvatar", tts: null, actrd: 0, vip: true, eml: null, shousd: false, lgt: 0, gdc: 0, sbrt: 0, ysct: 0, as: null, crt: 1113, vexp: 1965298000, exp: 85800, lvt: 1578582673, vsexp: 1965298000, ys: 0, lrnt: 0, plcmt: {}, fak: null, vsact: true, gtrfrd: 0}, mbm: {sk: "blackMobileSkin", ac: null}, pf: {pf: {vsgst: {pgs: 0, l: 20, tp: "vsgst"}, grdnr: {pgs: 0, l: 20, tp: "grdnr"}, jntr: {pgs: 0, l: 20, tp: "jntr"}, phtghr: {pgs: 0, l: 20, tp: "phtghr"}}}, uid: "699"}}]
Thu Jan 9 19:14:17 GMT+0400 2020 [INFO] Client said: 34: ["house_699_livingroom", "h.r.ra", {}]
Thu Jan 9 19:14:17 GMT+0400 2020 [INFO] Server said: 34: ["a.clths.buy", {crt: 1113, res: {enrg: 500, slvr: 10000, emd: 0, gld: 433}, inv: {c: {lt: {id: "lt", it: []}, gm: {id: "gm", it: [{c: 1, tid: "blackMobileSkin", iid: ""}]}, frn: {id: "frn", it: [{c: 1, tid: "pdmNY20Flr", iid: ""}, {c: 1, tid: "floor4", iid: ""}, {c: 1, tid: "wall15", iid: ""}, {c: 1, tid: "door4", iid: ""}]}, act: {id: "act", it: []}, cls: {id: "cls", it: [{c: 1, tid: "girlUnderdress1", iid: ""}, {c: 1, tid: "girlShirt12", iid: ""}, {c: 1, tid: "girlNY20VKGiftPllvDr", iid: ""}, {c: 1, tid: "girlUnderdress2", iid: ""}, {c: 1, tid: "girlNY20VKGiftPllvChrst", iid: ""}]}}}, clths: {clths: [{tpid: "girlKgrmCt", clid: null}, {tpid: "girlNY20VKGiftPllvCnd", clid: null}, {tpid: "girlPants9", clid: null}, {tpid: "girlHdbndCt", clid: null}, {tpid: "girlShoes14", clid: null}]}, ccltn: {ctp: "casual", cn: "", cct: ["girlKgrmCt", "girlNY20VKGiftPllvCnd", "girlPants9", "girlHdbndCt", "girlShoes14"]}}]
Thu Jan 9 19:14:13 GMT+0400 2020 [INFO] Client said: 34: [null, "a.clths.bst", {ctp: "casual", tpid: "girlKgrmCtSet", pind: 1}]
Thu Jan 9 19:14:11 GMT+0400 2020 [INFO] Server said: 34: ["b.ingld", {ingld: 500}]
Thu Jan 9 19:14:11 GMT+0400 2020 [INFO] Server said: 34: ["ntf.res", {res: {enrg: 500, slvr: 10000, emd: 0, gld: 586}}]
Thu Jan 9 19:14:10 GMT+0400 2020 [INFO] [YandexMetrics.reachGoal] Call reach goal 'click_buy_product' for counter 31321471
Thu Jan 9 19:14:10 GMT+0400 2020 [INFO] Client said: 34: [null, "b.chkprchs", {prid: "pack500", qnt: 1, pmnt: {srv: 1, ctx: {dialogSource: "clothesShopDialog"}, ct1: null, tpid: "girlKgrmCtSet", ct3: null, ct2: null}}]
Thu Jan 9 19:14:09 GMT+0400 2020 [INFO] [YandexMetrics.reachGoal] Call reach goal 'show_payment_dialog' for counter 31321471
Thu Jan 9 19:13:55 GMT+0400 2020 [INFO] Server said: 34: ["h.r.rfr", {rm: {nm: "#livingRoom", w: 13, l: 13, lev: 1, f: [{x: 0, tpid: "floorSV15", y: 0, lid: 85293330, z: 0, d: 5}, {x: 12, tpid: "wrdrbHW2019", y: 0, lid: 18154773, z: 0, d: 5}, {x: 3, tpid: "prtrDr", y: 0, lid: 4, z: 0, d: 3, rid: "outside"}, {x: 13, tpid: "wallSV15", y: 0, lid: 10155389, z: 0, d: 5}, {x: 0, tpid: "wallSV15", y: 0, lid: 10155388, z: 0, d: 3}]}}]
Thu Jan 9 19:13:54 GMT+0400 2020 [INFO] Client said: 34: ["house_699_livingroom", "h.r.rfr", {}]
Thu Jan 9 19:13:54 GMT+0400 2020 [INFO] Server said: 34: ["frn.save", {ci: {trcd: 0, pamns: {amn: []}, shcr: true, vret: 0, strfrd: 0, sbid: null, crst: 0, vfgc: 0, rtrtm: 0, fexp: 0, ceid: 0, kyktid: null, skid: null, cmid: 0, actrt: 0, lwts: 0, hrt: 1344, dr: true, compid: 0, bcld: 0, spp: 0, actrp: 0, skrt: 0, rpt: 0, trid: "yearAvatar", tts: null, actrd: 0, vip: true, eml: null, shousd: false, lgt: 0, gdc: 0, sbrt: 0, ysct: 0, as: null, crt: 730, vexp: 1965298000, exp: 85800, lvt: 1578582673, vsexp: 1965298000, ys: 0, lrnt: 0, plcmt: {}, fak: null, vsact: true, gtrfrd: 0}, inv: {c: {lt: {id: "lt", it: []}, gm: {id: "gm", it: [{c: 1, tid: "blackMobileSkin", iid: ""}]}, frn: {id: "frn", it: [{c: 1, tid: "pdmNY20Flr", iid: ""}, {c: 1, tid: "floor4", iid: ""}, {c: 1, tid: "wall15", iid: ""}, {c: 1, tid: "door4", iid: ""}]}, act: {id: "act", it: []}, cls: {id: "cls", it: [{c: 1, tid: "girlUnderdress1", iid: ""}, {c: 1, tid: "girlShirt12", iid: ""}, {c: 1, tid: "girlNY20VKGiftPllvDr", iid: ""}, {c: 1, tid: "girlUnderdress2", iid: ""}, {c: 1, tid: "girlNY20VKGiftPllvChrst", iid: ""}]}}}, hs: {l: 13, f: [{x: 0, tpid: "floorSV15", y: 0, lid: 85293330, z: 0, d: 5}, {x: 12, tpid: "wrdrbHW2019", y: 0, lid: 18154773, z: 0, d: 5}, {x: 3, tpid: "prtrDr", y: 0, lid: 4, z: 0, d: 3, rid: "outside"}, {x: 13, tpid: "wallSV15", y: 0, lid: 10155389, z: 0, d: 5}, {x: 0, tpid: "wallSV15", y: 0, lid: 10155388, z: 0, d: 3}], id: "livingroom", nm: "house", w: 13, lev: 1}}]
Thu Jan 9 19:13:47 GMT+0400 2020 [INFO] Client said: 34: ["house_699_livingroom", "frn.save", {f: [{tm: 1578582826330, x: 12, tpid: "wrdrbHW2019", d: 5, y: 0, oid: 18154773, z: 0, t: 1}]}]
Thu Jan 9 19:13:41 GMT+0400 2020 [INFO] Server said: 34: ["ntf.res", {res: {enrg: 500, slvr: 10000, emd: 0, gld: 86}}]
Thu Jan 9 19:13:40 GMT+0400 2020 [INFO] Server said: 34: ["ntf.inv", {it: {c: 1, tid: "wrdrbHW2019", iid: ""}}]
Thu Jan 9 19:13:38 GMT+0400 2020 [INFO] Client said: 34: [null, "frn.buy", {cnt: 1, tpid: "wrdrbHW2019", pind: 1}]
Thu Jan 9 19:13:37 GMT+0400 2020 [INFO] Loaded  LoadingItem(url: http://62.113.113.58:8080/files/swf/furniture/furniture/WardrobeHW2019.swf, status: 2) 
Thu Jan 9 19:12:24 GMT+0400 2020 [INFO] Server said: 34: ["h.oinfo", {ath: false, plr: {apprnc: {hc: 5, rc: 1, g: 2, nct: 0, shc: 1, mc: 3, fft: 0, mt: 2, sc: 2, bt: 0, ss: 0, ec: 2, ht: 130, fat: 0, ssc: 1, pc: 1, fac: 1, brc: 1, rg: 0, sh: 0, n: "Harry Potter", bc: 1, pt: 0, brt: 4, et: 8}, clths: {clths: [{tpid: "girlNY20VKGiftPllvCnd", clid: null}, {tpid: "girlPants9", clid: null}, {tpid: "girlShoes14", clid: null}]}, usrinf: {rl: 0}, ci: {trcd: 0, pamns: {amn: []}, shcr: true, vret: 0, strfrd: 0, sbid: null, crst: 0, vfgc: 0, rtrtm: 0, fexp: 0, ceid: 0, kyktid: null, skid: null, cmid: 0, actrt: 0, lwts: 0, hrt: 1257, dr: true, compid: 0, bcld: 0, spp: 0, actrp: 0, skrt: 0, rpt: 0, trid: "yearAvatar", tts: null, actrd: 0, vip: true, eml: null, shousd: false, lgt: 0, gdc: 0, sbrt: 0, ysct: 0, as: null, crt: 730, vexp: 1965298000, exp: 85800, lvt: 1578582673, vsexp: 1965298000, ys: 0, lrnt: 0, plcmt: {}, fak: null, vsact: true, gtrfrd: 0}, mbm: {sk: "blackMobileSkin", ac: null}, pf: {pf: {vsgst: {pgs: 0, l: 20, tp: "vsgst"}, grdnr: {pgs: 0, l: 20, tp: "grdnr"}, jntr: {pgs: 0, l: 20, tp: "jntr"}, phtghr: {pgs: 0, l: 20, tp: "phtghr"}}}, uid: "699"}, hs: {lt: 0, r: [{nm: "Комната 3", l: 13, f: [{x: 0, tpid: "wall15", y: 0, lid: 1, z: 0, d: 3}, {x: 3, tpid: "door4", y: 0, lid: 4, z: 0, d: 3, rid: "outside"}, {x: 13, tpid: "wall15", y: 0, lid: 2, z: 0, d: 5}, {x: 0, tpid: "floor4", y: 0, lid: 3, z: 0, d: 5}], id: "3", lev: 2, w: 13}, {nm: "Комната 5", l: 13, f: [{x: 0, tpid: "wall15", y: 0, lid: 1, z: 0, d: 3}, {x: 3, tpid: "door4", y: 0, lid: 4, z: 0, d: 3, rid: "outside"}, {x: 13, tpid: "wall15", y: 0, lid: 2, z: 0, d: 5}, {x: 0, tpid: "floor4", y: 0, lid: 3, z: 0, d: 5}], id: "5", lev: 2, w: 13}, {nm: "Комната 2", l: 13, f: [{x: 0, tpid: "wall15", y: 0, lid: 1, z: 0, d: 3}, {x: 3, tpid: "door4", y: 0, lid: 4, z: 0, d: 3, rid: "outside"}, {x: 13, tpid: "wall15", y: 0, lid: 2, z: 0, d: 5}, {x: 0, tpid: "floor4", y: 0, lid: 3, z: 0, d: 5}], id: "2", lev: 2, w: 13}, {nm: "Комната 1", l: 13, f: [{x: 0, tpid: "wall15", y: 0, lid: 1, z: 0, d: 3}, {x: 3, tpid: "door4", y: 0, lid: 4, z: 0, d: 3, rid: "outside"}, {x: 13, tpid: "wall15", y: 0, lid: 2, z: 0, d: 5}, {x: 0, tpid: "floor4", y: 0, lid: 3, z: 0, d: 5}], id: "1", lev: 2, w: 13}, {nm: "#livingRoom", l: 13, f: [{x: 0, tpid: "floorSV15", y: 0, lid: 85293330, z: 0, d: 5}, {x: 0, tpid: "wallSV15", y: 0, lid: 10155388, z: 0, d: 3}, {x: 3, tpid: "prtrDr", y: 0, lid: 4, z: 0, d: 3, rid: "outside"}, {x: 13, tpid: "wallSV15", y: 0, lid: 10155389, z: 0, d: 5}], id: "livingroom", lev: 1, w: 13}, {nm: "Комната 4", l: 13, f: [{x: 0, tpid: "wall15", y: 0, lid: 1, z: 0, d: 3}, {x: 3, tpid: "door4", y: 0, lid: 4, z: 0, d: 3, rid: "outside"}, {x: 13, tpid: "wall15", y: 0, lid: 2, z: 0, d: 5}, {x: 0, tpid: "floor4", y: 0, lid: 3, z: 0, d: 5}], id: "4", lev: 2, w: 13}]}}]
Thu Jan 9 19:12:15 GMT+0400 2020 [INFO] Client said: 34: [null, "h.oinfo", {uid: "699"}]
Thu Jan 9 19:12:14 GMT+0400 2020 [INFO] Client said: 34: ["house_699_livingroom", "h.r.u", {x: 7.64, at: "", y: 8.33, st: 23, d: 0, uid: "699"}]
Thu Jan 9 19:12:13 GMT+0400 2020 [INFO] Client said: 34: ["house_699_livingroom", "h.r.m", {uid: "699", sx: 6.2, dx: 7.64, dy: 8.33, sy: 8.83}]
Thu Jan 9 19:12:08 GMT+0400 2020 [INFO] Server said: 34: ["h.r.rfr", {rm: {lev: 1, nm: "#livingRoom", w: 13, l: 13, f: [{x: 0, tpid: "floorSV15", y: 0, lid: 85293330, z: 0, d: 5}, {x: 0, tpid: "wallSV15", y: 0, lid: 10155388, z: 0, d: 3}, {x: 3, tpid: "prtrDr", y: 0, lid: 4, z: 0, d: 3, rid: "outside"}, {x: 13, tpid: "wallSV15", y: 0, lid: 10155389, z: 0, d: 5}]}}]