ClientError: Thu Jan 9 17:11:34 GMT+0300 2020 [CRITICAL] [salon] *Uncaught Error* ErrorId: 1009 ErrorName: TypeError ErrorMessage:Error #1009 ErrorStackTrace:TypeError: Error #1009
	at _-0eV::RoomMemberContainer/addAvatar()
	at _-PQ::BaseRoomScreen/addAvatar()
	at _-PQ::BaseRoomScreen/onRefreshAvatar()
	at flash.events::EventDispatcher/dispatchEvent()
	at _-2CM::BaseRoomNetManager/onRefreshAvatar()
	at flash.events::EventDispatcher/dispatchEvent()
	at ags::_-2t/_-2dI()
	at flash.events::EventDispatcher/dispatchEvent()
	at _-0en::_-0O8/_-1LF()
	at _-0en::_-0O8/execute()
	at ags::AGSClient/_-0i9()
	at ags::AGSClient/_-2ZF()
	at ags::AGSClient/_-2Ea()
Thu Jan 9 17:11:34 GMT+0300 2020 [INFO] Server said: 34: ["o.r.ra", {plr: {uid: "85", pf: {pf: {vsgst: {tp: "vsgst", pgs: 0, l: 20}, jntr: {tp: "jntr", pgs: 0, l: 20}, phtghr: {tp: "phtghr", pgs: 0, l: 20}, grdnr: {tp: "grdnr", pgs: 0, l: 20}}}, locinfo: {st: 23, x: 10.72, s: "127.0.0.1", y: 16.03, shlc: true, at: "", d: 4, l: "salon_sn1_1", pl: ""}, clths: {clths: [{tpid: "gShsPsln11", clid: null}, {tpid: "girlNY20VKGiftPllvDr", clid: null}, {tpid: "girlPntsNY20Gld", clid: null}]}, mbm: {sk: "blackMobileSkin", ac: null}, usrinf: {rl: 0}, ci: {ceid: 0, vexp: 1965298000, vsexp: 1965298000, as: null, lrnt: 0, crt: 456, rtrtm: 0, shcr: true, lvt: 1578578693, gtrfrd: 0, fexp: 0, strfrd: 0, cmid: 0, vret: 0, vip: true, dr: true, hrt: 233, vsact: true, actrd: 0, skrt: 0, trcd: 0, spp: 0, rpt: 0, sbid: null, tts: null, kyktid: null, gdc: 0, lwts: 0, eml: null, actrt: 0, vfgc: 0, actrp: 0, sbrt: 0, lgt: 0, bcld: 0, compid: 0, trid: "freelanceMicrophone", skid: null, crst: 0, ys: 0, plcmt: {}, pamns: {amn: []}, exp: 85800, ysct: 0, shousd: false, fak: null}, apprnc: {ht: 132, pt: 0, rc: 1, fac: 1, sc: 2, mt: 19, bt: 0, fft: 7, nct: 0, pc: 1, shc: 24, ss: 20, g: 2, sh: 11, ec: 5, ssc: 4, hc: 15, brt: 29, n: "BlAcK cAt", brc: 2, et: 33, rg: 0, bc: 1, mc: 17, fat: 0}}}]
Thu Jan 9 17:11:32 GMT+0300 2020 [INFO] Server said: 34: ["o.r.u", {uid: "230", x: 14.42, y: 5.6, st: 23, at: "", d: 0}]
Thu Jan 9 17:11:31 GMT+0300 2020 [INFO] Server said: 34: ["o.r.m", {uid: "230", dx: 14.42, sy: 5.38, dy: 5.6, sx: 14}]
Thu Jan 9 17:11:29 GMT+0300 2020 [INFO] Server said: 34: ["o.r.m", {uid: "230", dx: 14.16, sy: 6, dy: 3.53, sx: 14}]
Thu Jan 9 17:11:28 GMT+0300 2020 [INFO] Server said: 34: ["o.r.u", {uid: "224", x: 14.42, y: 12.6, st: 1, at: "salonActiveChairItem21", d: 0}]
Thu Jan 9 17:11:27 GMT+0300 2020 [INFO] Server said: 16: ["salon_sn1_1", "181"]
Thu Jan 9 17:11:27 GMT+0300 2020 [INFO] Server said: 34: ["o.r.jn", {plr: {uid: "181", pf: {pf: {vsgst: {tp: "vsgst", pgs: 0, l: 20}, jntr: {tp: "jntr", pgs: 0, l: 20}, phtghr: {tp: "phtghr", pgs: 0, l: 20}, grdnr: {tp: "grdnr", pgs: 0, l: 20}}}, locinfo: {st: 0, x: -1, s: "127.0.0.1", y: -1, shlc: true, at: "", d: 4, l: "salon_sn1_1", pl: ""}, clths: {clths: [{tpid: "girlNY20VKGiftPllvDr", clid: null}, {tpid: "girlShoes14", clid: null}, {tpid: "girlPants9", clid: null}]}, mbm: {sk: "blackMobileSkin", ac: null}, usrinf: {rl: 0}, ci: {ceid: 0, vexp: 1965298000, vsexp: 1965298000, as: null, lrnt: 0, crt: 250, rtrtm: 0, shcr: true, lvt: 1578578830, gtrfrd: 0, fexp: 0, strfrd: 0, cmid: 0, vret: 0, vip: true, dr: true, hrt: 174, vsact: true, actrd: 0, skrt: 0, trcd: 0, spp: 0, rpt: 0, sbid: null, tts: null, kyktid: null, gdc: 0, lwts: 0, eml: null, actrt: 0, vfgc: 0, actrp: 0, sbrt: 0, lgt: 0, bcld: 0, compid: 0, trid: null, skid: null, crst: 0, ys: 0, plcmt: {}, pamns: {amn: []}, exp: 85800, ysct: 0, shousd: false, fak: null}, apprnc: {ht: 132, pt: 0, rc: 1, fac: 1, sc: 1, mt: 7, bt: 0, fft: 0, nct: 0, pc: 1, shc: 1, ss: 0, g: 2, sh: 0, ec: 4, ssc: 1, hc: 6, brt: 29, n: "Чикибамбони", brc: 3, et: 2, rg: 0, bc: 1, mc: 3, fat: 0}}}]
Thu Jan 9 17:11:26 GMT+0300 2020 [INFO] Server said: 34: ["o.r.u", {uid: "230", x: 14.42, st: 0, y: 5.6, d: 1}]