ClientError: Thu Jan 9 22:02:51 GMT+0800 2020 [CRITICAL] [salon] *Uncaught Error* ErrorId: 1009 ErrorName: TypeError ErrorMessage:Error #1009 ErrorStackTrace:TypeError: Error #1009
	at _-0eV::RoomMemberContainer/addAvatar()
	at _-PQ::BaseRoomScreen/addAvatar()
	at _-PQ::BaseRoomScreen/onRefreshAvatar()
	at flash.events::EventDispatcher/dispatchEvent()
	at _-2CM::BaseRoomNetManager/onRefreshAvatar()
	at flash.events::EventDispatcher/dispatchEvent()
	at ags::_-2t/_-2dI()
	at flash.events::EventDispatcher/dispatchEvent()
	at _-0en::_-0O8/_-1LF()
	at _-0en::_-0O8/execute()
	at ags::AGSClient/_-0i9()
	at ags::AGSClient/_-2ZF()
	at ags::AGSClient/_-2Ea()
Thu Jan 9 22:02:51 GMT+0800 2020 [INFO] Server said: 34: ["o.r.ra", {plr: {locinfo: {x: 9.69, s: "127.0.0.1", at: "", y: 9.44, shlc: true, pl: "", st: 23, d: 4, l: "salon_sn1_1"}, mbm: {ac: null, sk: "blackMobileSkin"}, usrinf: {rl: 0}, pf: {pf: {phtghr: {tp: "phtghr", pgs: 0, l: 20}, grdnr: {tp: "grdnr", pgs: 0, l: 20}, jntr: {tp: "jntr", pgs: 0, l: 20}, vsgst: {tp: "vsgst", pgs: 0, l: 20}}}, ci: {lvt: 1578578399, bcld: 0, skrt: 0, eml: null, hrt: 174, shousd: false, trcd: 0, skid: null, sbid: null, trid: "freelanceModerator", ysct: 0, vip: true, fak: null, tts: null, shcr: true, gdc: 0, sbrt: 0, spp: 0, lgt: 0, plcmt: {}, actrp: 0, pamns: {amn: []}, gtrfrd: 0, vexp: 1965298000, strfrd: 0, vsexp: 1965298000, vsact: true, crst: 0, actrd: 0, compid: 0, rpt: 0, vret: 0, ys: 0, vfgc: 0, crt: 10, rtrtm: 0, ceid: 0, exp: 85800, lwts: 0, actrt: 0, cmid: 0, lrnt: 0, dr: true, kyktid: null, as: null, fexp: 0}, uid: "145", clths: {clths: [{tpid: "girlShirt12", clid: null}, {tpid: "girlShoes14", clid: null}, {tpid: "girlPants9", clid: null}]}, apprnc: {hc: 7, pc: 1, fft: 12, brc: 1, rg: 2, pt: 0, nct: 0, fac: 1, ec: 1, g: 2, mc: 2, shc: 1, ssc: 1, n: "Lesya", bc: 1, sh: 18, sc: 2, ht: 94, brt: 24, fat: 0, rc: 1, mt: 30, ss: 0, et: 17, bt: 0}}}]
Thu Jan 9 22:02:45 GMT+0800 2020 [INFO] Client said: 34: ["salon_sn1_1", "o.r.info", {rid: "sn1"}]
Thu Jan 9 22:02:45 GMT+0800 2020 [INFO] Server said: 34: ["o.gr", {rid: "salon_sn1_1"}]
Thu Jan 9 22:02:45 GMT+0800 2020 [INFO] Server said: 16: ["salon_sn1_1", "152"]
Thu Jan 9 22:02:45 GMT+0800 2020 [INFO] Server said: 34: ["o.r.jn", {plr: {locinfo: {x: -1, s: "127.0.0.1", at: "", y: -1, shlc: true, pl: "", st: 0, d: 4, l: "salon_sn1_1"}, mbm: {ac: null, sk: "blackMobileSkin"}, usrinf: {rl: 0}, pf: {pf: {phtghr: {tp: "phtghr", pgs: 0, l: 20}, grdnr: {tp: "grdnr", pgs: 0, l: 20}, jntr: {tp: "jntr", pgs: 0, l: 20}, vsgst: {tp: "vsgst", pgs: 0, l: 20}}}, ci: {lvt: 1578578494, bcld: 0, skrt: 0, eml: null, hrt: 174, shousd: false, trcd: 0, skid: null, sbid: null, trid: null, ysct: 0, vip: true, fak: null, tts: null, shcr: true, gdc: 0, sbrt: 0, spp: 0, lgt: 0, plcmt: {}, actrp: 0, pamns: {amn: []}, gtrfrd: 0, vexp: 1965298000, strfrd: 0, vsexp: 1965298000, vsact: true, crst: 0, actrd: 0, compid: 0, rpt: 0, vret: 0, ys: 0, vfgc: 0, crt: 10, rtrtm: 0, ceid: 0, exp: 85800, lwts: 0, actrt: 0, cmid: 0, lrnt: 0, dr: true, kyktid: null, as: null, fexp: 0}, uid: "152", clths: {clths: [{tpid: "girlShirt12", clid: null}, {tpid: "girlShoes14", clid: null}, {tpid: "girlPants9", clid: null}]}, apprnc: {hc: 4, pc: 1, fft: 0, brc: 1, rg: 0, pt: 0, nct: 0, fac: 1, ec: 2, g: 2, mc: 2, shc: 1, ssc: 1, n: "курт кобейн", bc: 1, sh: 0, sc: 1, ht: 108, brt: 4, fat: 0, rc: 1, mt: 7, ss: 0, et: 5, bt: 0}}}]
Thu Jan 9 22:02:43 GMT+0800 2020 [INFO] Server said: 34: ["o.r.ra", {plr: {locinfo: {x: 9.69, s: "127.0.0.1", at: "", y: 9.44, shlc: true, pl: "", st: 23, d: 4, l: "salon_sn1_1"}, mbm: {ac: null, sk: "blackMobileSkin"}, usrinf: {rl: 0}, pf: {pf: {phtghr: {tp: "phtghr", pgs: 0, l: 20}, grdnr: {tp: "grdnr", pgs: 0, l: 20}, jntr: {tp: "jntr", pgs: 0, l: 20}, vsgst: {tp: "vsgst", pgs: 0, l: 20}}}, ci: {lvt: 1578578399, bcld: 0, skrt: 0, eml: null, hrt: 174, shousd: false, trcd: 0, skid: null, sbid: null, trid: "freelanceModerator", ysct: 0, vip: true, fak: null, tts: null, shcr: true, gdc: 0, sbrt: 0, spp: 0, lgt: 0, plcmt: {}, actrp: 0, pamns: {amn: []}, gtrfrd: 0, vexp: 1965298000, strfrd: 0, vsexp: 1965298000, vsact: true, crst: 0, actrd: 0, compid: 0, rpt: 0, vret: 0, ys: 0, vfgc: 0, crt: 10, rtrtm: 0, ceid: 0, exp: 85800, lwts: 0, actrt: 0, cmid: 0, lrnt: 0, dr: true, kyktid: null, as: null, fexp: 0}, uid: "145", clths: {clths: [{tpid: "girlShirt12", clid: null}, {tpid: "girlShoes14", clid: null}, {tpid: "girlPants9", clid: null}]}, apprnc: {hc: 7, pc: 1, fft: 12, brc: 1, rg: 2, pt: 0, nct: 0, fac: 1, ec: 1, g: 2, mc: 2, shc: 1, ssc: 1, n: "Lesya", bc: 1, sh: 18, sc: 2, ht: 94, brt: 24, fat: 0, rc: 1, mt: 30, ss: 0, et: 17, bt: 0}}}]
Thu Jan 9 22:02:41 GMT+0800 2020 [INFO] Server said: 34: ["o.r.ra", {plr: {locinfo: {x: 10.33, s: "127.0.0.1", at: "", y: 12.2, shlc: true, pl: "", st: 23, d: 4, l: "salon_sn1_1"}, mbm: {ac: null, sk: "blackMobileSkin"}, usrinf: {rl: 0}, pf: {pf: {phtghr: {tp: "phtghr", pgs: 0, l: 20}, grdnr: {tp: "grdnr", pgs: 0, l: 20}, jntr: {tp: "jntr", pgs: 0, l: 20}, vsgst: {tp: "vsgst", pgs: 0, l: 20}}}, ci: {lvt: 1578578155, bcld: 0, skrt: 0, eml: null, hrt: 916, shousd: false, trcd: 0, skid: null, sbid: null, trid: null, ysct: 0, vip: true, fak: null, tts: null, shcr: true, gdc: 0, sbrt: 0, spp: 0, lgt: 0, plcmt: {}, actrp: 0, pamns: {amn: []}, gtrfrd: 0, vexp: 1965298000, strfrd: 0, vsexp: 1965298000, vsact: true, crst: 0, actrd: 0, compid: 0, rpt: 0, vret: 0, ys: 0, vfgc: 0, crt: 4270, rtrtm: 0, ceid: 0, exp: 85800, lwts: 0, actrt: 0, cmid: 0, lrnt: 0, dr: true, kyktid: null, as: null, fexp: 0}, uid: "25", clths: {clths: [{tpid: "boyTShrtSV19", clid: null}, {tpid: "boyBtsSV19", clid: null}, {tpid: "boyPntsWnt19Yllw", clid: null}, {tpid: "boyScksWnt19Wht", clid: null}, {tpid: "boyJcktSV19", clid: null}]}, apprnc: {hc: 25, pc: 1, fft: 2, brc: 1, rg: 0, pt: 0, nct: 0, fac: 1, ec: 5, g: 1, mc: 2, shc: 1, ssc: 1, n: "Трусы", bc: 25, sh: 0, sc: 2, ht: 55, brt: 17, fat: 0, rc: 1, mt: 7, ss: 0, et: 7, bt: 15}}}]
Thu Jan 9 22:01:32 GMT+0800 2020 [INFO] Client said: 34: [null, "o.gr", {lid: "salon", gid: "sn1"}]
Thu Jan 9 22:01:32 GMT+0800 2020 [INFO] Server said: 1: ["152", true, false, false]
Thu Jan 9 22:01:31 GMT+0800 2020 [INFO] Client said: 1: ["street", "152", "cUKWEEtqihZEvZhsesue", {clvrn: "84.0.4", v: 2}]
Thu Jan 9 22:01:29 GMT+0800 2020 [INFO] Client said: 2: []
Thu Jan 9 22:01:29 GMT+0800 2020 [INFO] Loaded  LoadingItem(url: http://62.113.113.58:8080/files/swf/Salon_1fe14ef0cdf189794ef74d591993d3f5.swf, status: 2) 
Thu Jan 9 22:01:25 GMT+0800 2020 [INFO] Client said: 17: ["house_152_livingroom"]
Thu Jan 9 22:01:16 GMT+0800 2020 [INFO] Server said: 34: ["b.ingld", {ingld: 1500}]
Thu Jan 9 22:01:16 GMT+0800 2020 [INFO] Server said: 34: ["ntf.res", {res: {emd: 0, slvr: 10000, enrg: 500, gld: 4600}}]
Thu Jan 9 22:01:15 GMT+0800 2020 [INFO] [YandexMetrics.reachGoal] Call reach goal 'click_buy_product' for counter 31321471
Thu Jan 9 22:01:15 GMT+0800 2020 [INFO] Client said: 34: [null, "b.chkprchs", {prid: "pack1500", pmnt: null, qnt: 1}]
Thu Jan 9 22:01:14 GMT+0800 2020 [INFO] Server said: 34: ["b.ingld", {ingld: 1500}]
Thu Jan 9 22:01:14 GMT+0800 2020 [INFO] [YandexMetrics.reachGoal] Call reach goal 'show_payment_dialog' for counter 31321471
Thu Jan 9 22:01:13 GMT+0800 2020 [INFO] Server said: 34: ["ntf.res", {res: {emd: 0, slvr: 10000, enrg: 500, gld: 3100}}]
Thu Jan 9 22:01:13 GMT+0800 2020 [INFO] [YandexMetrics.reachGoal] Call reach goal 'click_buy_product' for counter 31321471
Thu Jan 9 22:01:13 GMT+0800 2020 [INFO] Client said: 34: [null, "b.chkprchs", {prid: "pack1500", pmnt: null, qnt: 1}]
Thu Jan 9 22:01:12 GMT+0800 2020 [INFO] [YandexMetrics.reachGoal] Call reach goal 'show_payment_dialog' for counter 31321471
Thu Jan 9 22:01:09 GMT+0800 2020 [INFO] [YandexMetrics.onCounterInit] Yandex metrics counter 31321471 inited
Thu Jan 9 22:01:09 GMT+0800 2020 [INFO] [YandexMetrics.reachGoal] Call reach goal 'click_buy_product' for counter 31321471
Thu Jan 9 22:01:09 GMT+0800 2020 [INFO] [YandexMetrics.reachGoal] Call reach goal 'show_payment_dialog' for counter 31321471
Thu Jan 9 22:01:09 GMT+0800 2020 [INFO] Server said: 34: ["b.ingld", {ingld: 1500}]
Thu Jan 9 22:01:09 GMT+0800 2020 [INFO] Server said: 34: ["ntf.res", {res: {emd: 0, slvr: 10000, enrg: 500, gld: 1600}}]
Thu Jan 9 22:01:08 GMT+0800 2020 [INFO] Client said: 34: [null, "b.chkprchs", {prid: "pack1500", pmnt: null, qnt: 1}]
Thu Jan 9 22:01:07 GMT+0800 2020 [INFO] Server said: 34: ["spt.init", {a: false}]
Thu Jan 9 22:01:07 GMT+0800 2020 [INFO] [YandexMetrics.initCounter] Try to init Yandex metrics counter 31321471
Thu Jan 9 22:01:07 GMT+0800 2020 [INFO] Client said: 34: [null, "spt.init", {}]
Thu Jan 9 22:01:05 GMT+0800 2020 [INFO] Server said: 34: ["lg.lst", {glst: []}]
Thu Jan 9 22:01:05 GMT+0800 2020 [INFO] Client said: 34: ["house_152_livingroom", "h.r.u", {x: 4.05, uid: "152", y: 0.1, d: 4, st: 0}]
Thu Jan 9 22:01:04 GMT+0800 2020 [INFO] Client said: 34: ["house_152_livingroom", "lg.lst", {}]
Thu Jan 9 22:01:04 GMT+0800 2020 [INFO] Server said: 34: ["h.r.info", {rmmb: [{locinfo: {x: -1, s: "127.0.0.1", at: "", y: -1, shlc: true, pl: "", st: 0, d: 4, l: "house_152_livingroom"}, mbm: {ac: null, sk: "blackMobileSkin"}, usrinf: {rl: 0}, pf: {pf: {phtghr: {tp: "phtghr", pgs: 0, l: 20}, grdnr: {tp: "grdnr", pgs: 0, l: 20}, jntr: {tp: "jntr", pgs: 0, l: 20}, vsgst: {tp: "vsgst", pgs: 0, l: 20}}}, ci: {lvt: 1578578398, bcld: 0, skrt: 0, eml: null, hrt: 174, shousd: false, trcd: 0, skid: null, sbid: null, trid: null, ysct: 0, vip: true, fak: null, tts: null, shcr: true, gdc: 0, sbrt: 0, spp: 0, lgt: 0, plcmt: {}, actrp: 0, pamns: {amn: []}, gtrfrd: 0, vexp: 1965298000, strfrd: 0, vsexp: 1965298000, vsact: true, crst: 0, actrd: 0, compid: 0, rpt: 0, vret: 0, ys: 0, vfgc: 0, crt: 10, rtrtm: 0, ceid: 0, exp: 85800, lwts: 0, actrt: 0, cmid: 0, lrnt: 0, dr: true, kyktid: null, as: null, fexp: 0}, uid: "152", clths: {clths: [{tpid: "girlShirt12", clid: null}, {tpid: "girlShoes14", clid: null}, {tpid: "girlPants9", clid: null}]}, apprnc: {hc: 4, pc: 1, fft: 0, brc: 1, rg: 0, pt: 0, nct: 0, fac: 1, ec: 2, g: 2, mc: 2, shc: 1, ssc: 1, n: "курт кобейн", bc: 1, sh: 0, sc: 1, ht: 108, brt: 4, fat: 0, rc: 1, mt: 7, ss: 0, et: 5, bt: 0}}], rm: {nm: "#livingRoom", lev: 1, f: [{lid: 3, x: 0, y: 0, z: 0, tpid: "floor4", d: 5}, {lid: 4, x: 3, y: 0, z: 0, rid: "outside", tpid: "door4", d: 3}, {lid: 2, x: 13, y: 0, z: 0, tpid: "wall15", d: 5}, {lid: 1, x: 0, y: 0, z: 0, tpid: "wall15", d: 3}], l: 13, w: 13, id: "livingroom"}, evn: null}]
Thu Jan 9 22:01:03 GMT+0800 2020 [INFO] Client said: 34: ["house_152_livingroom", "h.r.info", {rid: "livingroom", uid: "152"}]
Thu Jan 9 22:01:03 GMT+0800 2020 [INFO] Server said: 34: ["h.gr", {rid: "house_152_livingroom"}]