ClientError: Thu Jan 9 22:11:41 GMT+0800 2020 [CRITICAL] [couturier] *Uncaught Error* ErrorId: 1009 ErrorName: TypeError ErrorMessage:Error #1009 ErrorStackTrace:TypeError: Error #1009
	at _-0eV::RoomMemberContainer/addAvatar()
	at _-PQ::BaseRoomScreen/addAvatar()
	at _-PQ::BaseRoomScreen/onRefreshAvatar()
	at flash.events::EventDispatcher/dispatchEvent()
	at _-2CM::BaseRoomNetManager/onRefreshAvatar()
	at flash.events::EventDispatcher/dispatchEvent()
	at ags::_-2t/_-2dI()
	at flash.events::EventDispatcher/dispatchEvent()
	at _-0en::_-0O8/_-1LF()
	at _-0en::_-0O8/execute()
	at ags::AGSClient/_-0i9()
	at ags::AGSClient/_-2ZF()
	at ags::AGSClient/_-2Ea()
Thu Jan 9 22:11:41 GMT+0800 2020 [INFO] Server said: 34: ["o.r.ra", {plr: {locinfo: {x: 11.18, s: "127.0.0.1", at: "", y: 8.25, shlc: true, pl: "", st: 0, d: 4, l: "couturier_ctr1_1"}, mbm: {ac: null, sk: "blackMobileSkin"}, usrinf: {rl: 0}, pf: {pf: {phtghr: {tp: "phtghr", pgs: 0, l: 20}, grdnr: {tp: "grdnr", pgs: 0, l: 20}, jntr: {tp: "jntr", pgs: 0, l: 20}, vsgst: {tp: "vsgst", pgs: 0, l: 20}}}, ci: {lvt: 1578578396, bcld: 0, skrt: 0, eml: null, hrt: 261, shousd: false, trcd: 0, skid: null, sbid: null, trid: "yearAvatar", ysct: 0, vip: true, fak: null, tts: null, shcr: true, gdc: 0, sbrt: 0, spp: 0, lgt: 0, plcmt: {}, actrp: 0, pamns: {amn: []}, gtrfrd: 0, vexp: 1965298000, strfrd: 0, vsexp: 1965298000, vsact: true, crst: 0, actrd: 0, compid: 0, rpt: 0, vret: 0, ys: 0, vfgc: 0, crt: 33947, rtrtm: 0, ceid: 0, exp: 85800, lwts: 0, actrt: 0, cmid: 0, lrnt: 0, dr: true, kyktid: null, as: null, fexp: 0}, uid: "8", clths: {clths: [{tpid: "girlGlssYllw", clid: null}, {tpid: "girlPlvNYGrc", clid: "16"}, {tpid: "girlBtsSchool", clid: "16"}, {tpid: "girlSktRbbt", clid: "11"}, {tpid: "girlNY20VKGiftHtPngv", clid: null}, {tpid: "girlBgRbbt", clid: "11"}, {tpid: "girlTghtAlice", clid: null}]}, apprnc: {hc: 7, pc: 1, fft: 9, brc: 1, rg: 0, pt: 9, nct: 0, fac: 1, ec: 17, g: 2, mc: 2, shc: 33, ssc: 1, n: "ПиЗдЮчКа", bc: 1, sh: 16, sc: 2, ht: 130, brt: 25, fat: 0, rc: 1, mt: 2, ss: 0, et: 31, bt: 0}}}]
Thu Jan 9 22:11:40 GMT+0800 2020 [INFO] Client said: 34: ["couturier_ctr1_1", "o.r.info", {rid: "ctr1"}]
Thu Jan 9 22:11:40 GMT+0800 2020 [INFO] Server said: 34: ["o.gr", {rid: "couturier_ctr1_1"}]
Thu Jan 9 22:11:40 GMT+0800 2020 [INFO] Server said: 16: ["couturier_ctr1_1", "152"]
Thu Jan 9 22:11:40 GMT+0800 2020 [INFO] Server said: 34: ["o.r.jn", {plr: {locinfo: {x: -1, s: "127.0.0.1", at: "", y: -1, shlc: true, pl: "", st: 0, d: 4, l: "couturier_ctr1_1"}, mbm: {ac: null, sk: "blackMobileSkin"}, usrinf: {rl: 0}, pf: {pf: {phtghr: {tp: "phtghr", pgs: 0, l: 20}, grdnr: {tp: "grdnr", pgs: 0, l: 20}, jntr: {tp: "jntr", pgs: 0, l: 20}, vsgst: {tp: "vsgst", pgs: 0, l: 20}}}, ci: {lvt: 1578579092, bcld: 0, skrt: 0, eml: null, hrt: 174, shousd: false, trcd: 0, skid: null, sbid: null, trid: null, ysct: 0, vip: true, fak: null, tts: null, shcr: true, gdc: 0, sbrt: 0, spp: 0, lgt: 0, plcmt: {}, actrp: 0, pamns: {amn: []}, gtrfrd: 0, vexp: 1965298000, strfrd: 0, vsexp: 1965298000, vsact: true, crst: 0, actrd: 0, compid: 0, rpt: 0, vret: 0, ys: 0, vfgc: 0, crt: 810, rtrtm: 0, ceid: 0, exp: 85800, lwts: 0, actrt: 0, cmid: 0, lrnt: 0, dr: true, kyktid: null, as: null, fexp: 0}, uid: "152", clths: {clths: [{tpid: "girlShirt12", clid: null}, {tpid: "girlShoes14", clid: null}, {tpid: "girlPants9", clid: null}]}, apprnc: {hc: 7, pc: 1, fft: 9, brc: 1, rg: 0, pt: 0, nct: 0, fac: 1, ec: 2, g: 2, mc: 17, shc: 4, ssc: 1, n: "курт кобейн", bc: 1, sh: 23, sc: 1, ht: 123, brt: 33, fat: 0, rc: 1, mt: 29, ss: 0, et: 37, bt: 0}}}]
Thu Jan 9 22:11:32 GMT+0800 2020 [INFO] Client said: 34: [null, "o.gr", {lid: "couturier", gid: "ctr1"}]
Thu Jan 9 22:11:32 GMT+0800 2020 [INFO] Server said: 1: ["152", true, false, false]
Thu Jan 9 22:11:12 GMT+0800 2020 [INFO] Client said: 1: ["street", "152", "cUKWEEtqihZEvZhsesue", {clvrn: "84.0.4", v: 2}]
Thu Jan 9 22:10:58 GMT+0800 2020 [INFO] Client said: 2: []
Thu Jan 9 22:10:58 GMT+0800 2020 [INFO] Loaded  LoadingItem(url: http://62.113.113.58:8080/files/swf/Couturier_4e20b623ef65e53df4c6aebd774be260.swf, status: 2) 
Thu Jan 9 22:10:56 GMT+0800 2020 [INFO] Client said: 17: ["house_152_1"]
Thu Jan 9 22:10:41 GMT+0800 2020 [INFO] Client said: 34: [null, "a.clths.buy", {pind: 1, ctp: "casual", tpid: "girlFA18TShrt"}]
Thu Jan 9 22:10:31 GMT+0800 2020 [INFO] Client said: 34: [null, "a.clths.buy", {pind: 1, ctp: "casual", tpid: "girlFA18TShrt"}]
Thu Jan 9 22:10:20 GMT+0800 2020 [INFO] Client said: 34: [null, "a.clths.buy", {pind: 1, ctp: "casual", tpid: "girlFA18TShrt"}]
Thu Jan 9 22:10:09 GMT+0800 2020 [INFO] Client said: 34: [null, "a.clths.buy", {pind: 1, ctp: "casual", tpid: "girlFA18TShrt"}]
Thu Jan 9 22:09:57 GMT+0800 2020 [INFO] Client said: 34: [null, "frn.buy", {pind: 1, tpid: "wallPrns1", cnt: 1}]
Thu Jan 9 22:09:46 GMT+0800 2020 [INFO] Client said: 34: [null, "frn.buy", {pind: 1, tpid: "wallPrns1", cnt: 1}]
Thu Jan 9 22:09:35 GMT+0800 2020 [INFO] Client said: 34: [null, "frn.buy", {pind: 1, tpid: "wallPrns1", cnt: 1}]
Thu Jan 9 22:09:24 GMT+0800 2020 [INFO] Client said: 34: [null, "frn.buy", {pind: 1, tpid: "wllTrBth", cnt: 1}]
Thu Jan 9 22:09:11 GMT+0800 2020 [INFO] Client said: 34: [null, "frn.buy", {pind: 1, tpid: "wllTrBth", cnt: 1}]
Thu Jan 9 22:08:58 GMT+0800 2020 [INFO] Server said: 34: ["lg.lst", {glst: []}]
Thu Jan 9 22:08:58 GMT+0800 2020 [INFO] Client said: 34: ["house_152_1", "h.r.u", {x: 4.05, uid: "152", y: 0.1, d: 4, st: 0}]
Thu Jan 9 22:08:58 GMT+0800 2020 [INFO] Client said: 34: ["house_152_1", "lg.lst", {}]
Thu Jan 9 22:08:58 GMT+0800 2020 [INFO] Server said: 34: ["h.r.info", {rmmb: [{locinfo: {x: -1, s: "127.0.0.1", at: "", y: -1, shlc: true, pl: "", st: 0, d: 4, l: "house_152_1"}, mbm: {ac: null, sk: "blackMobileSkin"}, usrinf: {rl: 0}, pf: {pf: {phtghr: {tp: "phtghr", pgs: 0, l: 20}, grdnr: {tp: "grdnr", pgs: 0, l: 20}, jntr: {tp: "jntr", pgs: 0, l: 20}, vsgst: {tp: "vsgst", pgs: 0, l: 20}}}, ci: {lvt: 1578578819, bcld: 0, skrt: 0, eml: null, hrt: 174, shousd: false, trcd: 0, skid: null, sbid: null, trid: null, ysct: 0, vip: true, fak: null, tts: null, shcr: true, gdc: 0, sbrt: 0, spp: 0, lgt: 0, plcmt: {}, actrp: 0, pamns: {amn: []}, gtrfrd: 0, vexp: 1965298000, strfrd: 0, vsexp: 1965298000, vsact: true, crst: 0, actrd: 0, compid: 0, rpt: 0, vret: 0, ys: 0, vfgc: 0, crt: 10, rtrtm: 0, ceid: 0, exp: 85800, lwts: 0, actrt: 0, cmid: 0, lrnt: 0, dr: true, kyktid: null, as: null, fexp: 0}, uid: "152", clths: {clths: [{tpid: "girlShirt12", clid: null}, {tpid: "girlShoes14", clid: null}, {tpid: "girlPants9", clid: null}]}, apprnc: {hc: 7, pc: 1, fft: 9, brc: 1, rg: 0, pt: 0, nct: 0, fac: 1, ec: 2, g: 2, mc: 17, shc: 4, ssc: 1, n: "курт кобейн", bc: 1, sh: 23, sc: 1, ht: 123, brt: 33, fat: 0, rc: 1, mt: 29, ss: 0, et: 37, bt: 0}}], rm: {nm: "Комната 1", lev: 2, f: [{lid: 3, x: 0, y: 0, z: 0, tpid: "floor4", d: 5}, {lid: 4, x: 3, y: 0, z: 0, rid: "outside", tpid: "door4", d: 3}, {lid: 2, x: 13, y: 0, z: 0, tpid: "wall15", d: 5}, {lid: 1, x: 0, y: 0, z: 0, tpid: "wall15", d: 3}], l: 13, w: 13, id: "1"}, evn: null}]
Thu Jan 9 22:08:55 GMT+0800 2020 [INFO] Client said: 34: ["house_152_1", "h.r.info", {rid: "1", uid: "152"}]
Thu Jan 9 22:08:55 GMT+0800 2020 [INFO] Server said: 34: ["h.gr", {rid: "house_152_1"}]
Thu Jan 9 22:08:55 GMT+0800 2020 [INFO] Server said: 16: ["house_152_1", "152"]
Thu Jan 9 22:08:55 GMT+0800 2020 [INFO] Server said: 34: ["h.r.jn", {plr: {locinfo: {x: -1, s: "127.0.0.1", at: "", y: -1, shlc: true, pl: "", st: 0, d: 4, l: "house_152_1"}, mbm: {ac: null, sk: "blackMobileSkin"}, usrinf: {rl: 0}, pf: {pf: {phtghr: {tp: "phtghr", pgs: 0, l: 20}, grdnr: {tp: "grdnr", pgs: 0, l: 20}, jntr: {tp: "jntr", pgs: 0, l: 20}, vsgst: {tp: "vsgst", pgs: 0, l: 20}}}, ci: {lvt: 1578578819, bcld: 0, skrt: 0, eml: null, hrt: 174, shousd: false, trcd: 0, skid: null, sbid: null, trid: null, ysct: 0, vip: true, fak: null, tts: null, shcr: true, gdc: 0, sbrt: 0, spp: 0, lgt: 0, plcmt: {}, actrp: 0, pamns: {amn: []}, gtrfrd: 0, vexp: 1965298000, strfrd: 0, vsexp: 1965298000, vsact: true, crst: 0, actrd: 0, compid: 0, rpt: 0, vret: 0, ys: 0, vfgc: 0, crt: 10, rtrtm: 0, ceid: 0, exp: 85800, lwts: 0, actrt: 0, cmid: 0, lrnt: 0, dr: true, kyktid: null, as: null, fexp: 0}, uid: "152", clths: {clths: [{tpid: "girlShirt12", clid: null}, {tpid: "girlShoes14", clid: null}, {tpid: "girlPants9", clid: null}]}, apprnc: {hc: 7, pc: 1, fft: 9, brc: 1, rg: 0, pt: 0, nct: 0, fac: 1, ec: 2, g: 2, mc: 17, shc: 4, ssc: 1, n: "курт кобейн", bc: 1, sh: 23, sc: 1, ht: 123, brt: 33, fat: 0, rc: 1, mt: 29, ss: 0, et: 37, bt: 0}}}]
Thu Jan 9 22:08:54 GMT+0800 2020 [INFO] Server said: 34: ["h.oinfo", {ath: false, plr: {ci: {lvt: 1578578819, bcld: 0, skrt: 0, eml: null, hrt: 174, shousd: false, trcd: 0, skid: null, sbid: null, trid: null, ysct: 0, vip: true, fak: null, tts: null, shcr: true, gdc: 0, sbrt: 0, spp: 0, lgt: 0, plcmt: {}, actrp: 0, pamns: {amn: []}, gtrfrd: 0, vexp: 1965298000, strfrd: 0, vsexp: 1965298000, vsact: true, crst: 0, actrd: 0, compid: 0, rpt: 0, vret: 0, ys: 0, vfgc: 0, crt: 10, rtrtm: 0, ceid: 0, exp: 85800, lwts: 0, actrt: 0, cmid: 0, lrnt: 0, dr: true, kyktid: null, as: null, fexp: 0}, mbm: {ac: null, sk: "blackMobileSkin"}, usrinf: {rl: 0}, pf: {pf: {phtghr: {tp: "phtghr", pgs: 0, l: 20}, grdnr: {tp: "grdnr", pgs: 0, l: 20}, jntr: {tp: "jntr", pgs: 0, l: 20}, vsgst: {tp: "vsgst", pgs: 0, l: 20}}}, uid: "152", clths: {clths: [{tpid: "girlShirt12", clid: null}, {tpid: "girlShoes14", clid: null}, {tpid: "girlPants9", clid: null}]}, apprnc: {hc: 7, pc: 1, fft: 9, brc: 1, rg: 0, pt: 0, nct: 0, fac: 1, ec: 2, g: 2, mc: 17, shc: 4, ssc: 1, n: "курт кобейн", bc: 1, sh: 23, sc: 1, ht: 123, brt: 33, fat: 0, rc: 1, mt: 29, ss: 0, et: 37, bt: 0}}, hs: {lt: 0, r: [{nm: "Комната 1", lev: 2, f: [{lid: 3, x: 0, y: 0, z: 0, tpid: "floor4", d: 5}, {lid: 4, x: 3, y: 0, z: 0, rid: "outside", tpid: "door4", d: 3}, {lid: 2, x: 13, y: 0, z: 0, tpid: "wall15", d: 5}, {lid: 1, x: 0, y: 0, z: 0, tpid: "wall15", d: 3}], l: 13, w: 13, id: "1"}, {nm: "Комната 5", lev: 2, f: [{lid: 3, x: 0, y: 0, z: 0, tpid: "floor4", d: 5}, {lid: 4, x: 3, y: 0, z: 0, rid: "outside", tpid: "door4", d: 3}, {lid: 2, x: 13, y: 0, z: 0, tpid: "wall15", d: 5}, {lid: 1, x: 0, y: 0, z: 0, tpid: "wall15", d: 3}], l: 13, w: 13, id: "5"}, {nm: "#livingRoom", lev: 1, f: [{lid: 3, x: 0, y: 0, z: 0, tpid: "floor4", d: 5}, {lid: 4, x: 3, y: 0, z: 0, rid: "outside", tpid: "door4", d: 3}, {lid: 2, x: 13, y: 0, z: 0, tpid: "wall15", d: 5}, {lid: 1, x: 0, y: 0, z: 0, tpid: "wall15", d: 3}], l: 13, w: 13, id: "livingroom"}, {nm: "Комната 4", lev: 2, f: [{lid: 3, x: 0, y: 0, z: 0, tpid: "floor4", d: 5}, {lid: 4, x: 3, y: 0, z: 0, rid: "outside", tpid: "door4", d: 3}, {lid: 2, x: 13, y: 0, z: 0, tpid: "wall15", d: 5}, {lid: 1, x: 0, y: 0, z: 0, tpid: "wall15", d: 3}], l: 13, w: 13, id: "4"}, {nm: "Комната 3", lev: 2, f: [{lid: 3, x: 0, y: 0, z: 0, tpid: "floor4", d: 5}, {lid: 4, x: 3, y: 0, z: 0, rid: "outside", tpid: "door4", d: 3}, {lid: 2, x: 13, y: 0, z: 0, tpid: "wall15", d: 5}, {lid: 1, x: 0, y: 0, z: 0, tpid: "wall15", d: 3}], l: 13, w: 13, id: "3"}, {nm: "Комната 2", lev: 2, f: [{lid: 3, x: 0, y: 0, z: 0, tpid: "floor4", d: 5}, {lid: 4, x: 3, y: 0, z: 0, rid: "outside", tpid: "door4", d: 3}, {lid: 2, x: 13, y: 0, z: 0, tpid: "wall15", d: 5}, {lid: 1, x: 0, y: 0, z: 0, tpid: "wall15", d: 3}], l: 13, w: 13, id: "2"}]}}]
Thu Jan 9 22:08:49 GMT+0800 2020 [INFO] Client said: 34: [null, "h.gr", {lid: "house", rid: "1", gid: "152"}]
Thu Jan 9 22:08:49 GMT+0800 2020 [INFO] Client said: 17: ["house_152_livingroom"]
Thu Jan 9 22:08:44 GMT+0800 2020 [INFO] Server said: 34: ["h.oinfo", {ath: false, plr: {ci: {lvt: 1578578819, bcld: 0, skrt: 0, eml: null, hrt: 174, shousd: false, trcd: 0, skid: null, sbid: null, trid: null, ysct: 0, vip: true, fak: null, tts: null, shcr: true, gdc: 0, sbrt: 0, spp: 0, lgt: 0, plcmt: {}, actrp: 0, pamns: {amn: []}, gtrfrd: 0, vexp: 1965298000, strfrd: 0, vsexp: 1965298000, vsact: true, crst: 0, actrd: 0, compid: 0, rpt: 0, vret: 0, ys: 0, vfgc: 0, crt: 10, rtrtm: 0, ceid: 0, exp: 85800, lwts: 0, actrt: 0, cmid: 0, lrnt: 0, dr: true, kyktid: null, as: null, fexp: 0}, mbm: {ac: null, sk: "blackMobileSkin"}, usrinf: {rl: 0}, pf: {pf: {phtghr: {tp: "phtghr", pgs: 0, l: 20}, grdnr: {tp: "grdnr", pgs: 0, l: 20}, jntr: {tp: "jntr", pgs: 0, l: 20}, vsgst: {tp: "vsgst", pgs: 0, l: 20}}}, uid: "152", clths: {clths: [{tpid: "girlShirt12", clid: null}, {tpid: "girlShoes14", clid: null}, {tpid: "girlPants9", clid: null}]}, apprnc: {hc: 7, pc: 1, fft: 9, brc: 1, rg: 0, pt: 0, nct: 0, fac: 1, ec: 2, g: 2, mc: 17, shc: 4, ssc: 1, n: "курт кобейн", bc: 1, sh: 23, sc: 1, ht: 123, brt: 33, fat: 0, rc: 1, mt: 29, ss: 0, et: 37, bt: 0}}, hs: {lt: 0, r: [{nm: "Комната 1", lev: 2, f: [{lid: 3, x: 0, y: 0, z: 0, tpid: "floor4", d: 5}, {lid: 4, x: 3, y: 0, z: 0, rid: "outside", tpid: "door4", d: 3}, {lid: 2, x: 13, y: 0, z: 0, tpid: "wall15", d: 5}, {lid: 1, x: 0, y: 0, z: 0, tpid: "wall15", d: 3}], l: 13, w: 13, id: "1"}, {nm: "Комната 5", lev: 2, f: [{lid: 3, x: 0, y: 0, z: 0, tpid: "floor4", d: 5}, {lid: 4, x: 3, y: 0, z: 0, rid: "outside", tpid: "door4", d: 3}, {lid: 2, x: 13, y: 0, z: 0, tpid: "wall15", d: 5}, {lid: 1, x: 0, y: 0, z: 0, tpid: "wall15", d: 3}], l: 13, w: 13, id: "5"}, {nm: "#livingRoom", lev: 1, f: [{lid: 3, x: 0, y: 0, z: 0, tpid: "floor4", d: 5}, {lid: 4, x: 3, y: 0, z: 0, rid: "outside", tpid: "door4", d: 3}, {lid: 2, x: 13, y: 0, z: 0, tpid: "wall15", d: 5}, {lid: 1, x: 0, y: 0, z: 0, tpid: "wall15", d: 3}], l: 13, w: 13, id: "livingroom"}, {nm: "Комната 4", lev: 2, f: [{lid: 3, x: 0, y: 0, z: 0, tpid: "floor4", d: 5}, {lid: 4, x: 3, y: 0, z: 0, rid: "outside", tpid: "door4", d: 3}, {lid: 2, x: 13, y: 0, z: 0, tpid: "wall15", d: 5}, {lid: 1, x: 0, y: 0, z: 0, tpid: "wall15", d: 3}], l: 13, w: 13, id: "4"}, {nm: "Комната 3", lev: 2, f: [{lid: 3, x: 0, y: 0, z: 0, tpid: "floor4", d: 5}, {lid: 4, x: 3, y: 0, z: 0, rid: "outside", tpid: "door4", d: 3}, {lid: 2, x: 13, y: 0, z: 0, tpid: "wall15", d: 5}, {lid: 1, x: 0, y: 0, z: 0, tpid: "wall15", d: 3}], l: 13, w: 13, id: "3"}, {nm: "Комната 2", lev: 2, f: [{lid: 3, x: 0, y: 0, z: 0, tpid: "floor4", d: 5}, {lid: 4, x: 3, y: 0, z: 0, rid: "outside", tpid: "door4", d: 3}, {lid: 2, x: 13, y: 0, z: 0, tpid: "wall15", d: 5}, {lid: 1, x: 0, y: 0, z: 0, tpid: "wall15", d: 3}], l: 13, w: 13, id: "2"}]}}]
Thu Jan 9 22:08:41 GMT+0800 2020 [INFO] Client said: 34: [null, "h.oinfo", {uid: "152"}]
Thu Jan 9 22:08:34 GMT+0800 2020 [INFO] Client said: 34: [null, "h.oinfo", {uid: "152"}]
Thu Jan 9 22:08:21 GMT+0800 2020 [INFO] Server said: 34: ["b.ingld", {ingld: 9999}]
Thu Jan 9 22:08:21 GMT+0800 2020 [INFO] Server said: 34: ["ntf.res", {res: {emd: 0, slvr: 10000, enrg: 500, gld: 77593}}]
Thu Jan 9 22:08:20 GMT+0800 2020 [INFO] [YandexMetrics.reachGoal] Call reach goal 'click_buy_product' for counter 31321471
Thu Jan 9 22:08:20 GMT+0800 2020 [INFO] Client said: 34: [null, "b.chkprchs", {prid: "pack9999", pmnt: {ct1: null, srv: 3, tpid: "jntrJkbx", ct3: null, ct2: null, ctx: {dialogSource: "furnitureShopDialog"}}, qnt: 1}]