ClientError: Thu Jan 9 23:33:18 GMT+0800 2020 [CRITICAL] [house] *Uncaught Error* ErrorId: 1009 ErrorName: TypeError ErrorMessage:Error #1009 ErrorStackTrace:TypeError: Error #1009
	at _-371::SupportNetManager/init()
	at _-4I::_-Ss/init()
	at _-Qp::_-1DK/onAddedToStage()
	at _-0qh::UIManager/_-1oS()
	at _-0qh::UIManager/showModal()
	at _-Qp::_-1DK/showModal()
	at _-19Y::TopPanel/_-3oC()
Thu Jan 9 23:33:16 GMT+0800 2020 [INFO] Server said: 34: ["b.inslv", {inslv: 5000}]
Thu Jan 9 23:33:16 GMT+0800 2020 [INFO] Server said: 34: ["ntf.res", {res: {enrg: 500, slvr: 54100, emd: 0, gld: 73966}}]
Thu Jan 9 23:33:16 GMT+0800 2020 [INFO] Client said: 34: [null, "b.bs", {gld: 50}]
Thu Jan 9 23:33:13 GMT+0800 2020 [INFO] Server said: 34: ["b.inslv", {inslv: 5000}]
Thu Jan 9 23:33:12 GMT+0800 2020 [INFO] Server said: 34: ["ntf.res", {res: {enrg: 500, slvr: 49100, emd: 0, gld: 74016}}]
Thu Jan 9 23:33:12 GMT+0800 2020 [INFO] Client said: 34: [null, "b.bs", {gld: 50}]
Thu Jan 9 23:33:09 GMT+0800 2020 [INFO] Server said: 34: ["b.inslv", {inslv: 5000}]
Thu Jan 9 23:33:09 GMT+0800 2020 [INFO] Server said: 34: ["ntf.res", {res: {enrg: 500, slvr: 44100, emd: 0, gld: 74066}}]
Thu Jan 9 23:33:08 GMT+0800 2020 [INFO] Client said: 34: [null, "b.bs", {gld: 50}]
Thu Jan 9 23:33:06 GMT+0800 2020 [INFO] Server said: 34: ["b.inslv", {inslv: 5000}]
Thu Jan 9 23:33:06 GMT+0800 2020 [INFO] Server said: 34: ["ntf.res", {res: {enrg: 500, slvr: 39100, emd: 0, gld: 74116}}]
Thu Jan 9 23:33:05 GMT+0800 2020 [INFO] Client said: 34: [null, "b.bs", {gld: 50}]
Thu Jan 9 23:33:03 GMT+0800 2020 [INFO] Server said: 34: ["b.inslv", {inslv: 5000}]
Thu Jan 9 23:33:03 GMT+0800 2020 [INFO] Server said: 34: ["ntf.res", {res: {enrg: 500, slvr: 34100, emd: 0, gld: 74166}}]
Thu Jan 9 23:33:02 GMT+0800 2020 [INFO] Client said: 34: [null, "b.bs", {gld: 50}]
Thu Jan 9 23:33:00 GMT+0800 2020 [INFO] Server said: 34: ["b.inslv", {inslv: 5000}]
Thu Jan 9 23:33:00 GMT+0800 2020 [INFO] Server said: 34: ["ntf.res", {res: {enrg: 500, slvr: 29100, emd: 0, gld: 74216}}]
Thu Jan 9 23:33:00 GMT+0800 2020 [INFO] Server said: 34: ["b.inslv", {inslv: 5000}]
Thu Jan 9 23:33:00 GMT+0800 2020 [INFO] Server said: 34: ["ntf.res", {res: {enrg: 500, slvr: 24100, emd: 0, gld: 74266}}]
Thu Jan 9 23:32:59 GMT+0800 2020 [INFO] Server said: 34: ["b.inslv", {inslv: 5000}]
Thu Jan 9 23:32:58 GMT+0800 2020 [INFO] Server said: 34: ["ntf.res", {res: {enrg: 500, slvr: 19100, emd: 0, gld: 74316}}]
Thu Jan 9 23:32:57 GMT+0800 2020 [INFO] Server said: 34: ["b.inslv", {inslv: 5000}]
Thu Jan 9 23:32:56 GMT+0800 2020 [INFO] Server said: 34: ["ntf.res", {res: {enrg: 500, slvr: 14100, emd: 0, gld: 74366}}]
Thu Jan 9 23:32:56 GMT+0800 2020 [INFO] Server said: 34: ["b.inslv", {inslv: 5000}]
Thu Jan 9 23:32:56 GMT+0800 2020 [INFO] Server said: 34: ["ntf.res", {res: {enrg: 500, slvr: 9100, emd: 0, gld: 74416}}]
Thu Jan 9 23:32:55 GMT+0800 2020 [INFO] Client said: 34: [null, "b.bs", {gld: 50}]
Thu Jan 9 23:32:55 GMT+0800 2020 [INFO] Server said: 34: ["h.r.rfr", {rm: {lev: 1, nm: "#livingRoom", f: [{x: 12, y: 2, tpid: "csCtr", z: 0, lid: 86100760, d: 5}, {x: 13, y: 0, tpid: "wall22", z: 0, lid: 30878927, d: 5}, {x: 12, y: 0, tpid: "csCtr", z: 0, lid: 65278327, d: 5}, {x: 0, y: 0, tpid: "wall22", z: 0, lid: 30878926, d: 3}, {x: 0, y: 0, tpid: "flrGRtr", z: 0, lid: 93741453, d: 5}, {rid: "outside", x: 3, y: 0, tpid: "door4", z: 0, lid: 4, d: 3}], l: 13, w: 13}}]
Thu Jan 9 23:32:54 GMT+0800 2020 [INFO] Client said: 34: [null, "b.bs", {gld: 50}]
Thu Jan 9 23:32:53 GMT+0800 2020 [INFO] Server said: 34: ["frn.save", {inv: {c: {frn: {it: [{c: 1, tid: "chair12", iid: ""}, {c: 1, tid: "wllNYRf", iid: ""}, {c: 2, tid: "floor18", iid: ""}, {c: 3, tid: "floor21", iid: ""}, {c: 2, tid: "floor8", iid: ""}, {c: 3, tid: "wallArtNv1", iid: ""}, {c: 2, tid: "floor17", iid: ""}, {c: 3, tid: "wall19", iid: ""}, {c: 1, tid: "flrNYRf", iid: ""}, {c: 1, tid: "proPhtFlr", iid: ""}, {c: 1, tid: "NY20Wllppr", iid: ""}, {c: 1, tid: "floorSV15", iid: ""}, {c: 1, tid: "floor13", iid: ""}, {c: 1, tid: "rtrCfWll", iid: ""}, {c: 3, tid: "wall22", iid: ""}, {c: 1, tid: "floorPrns1", iid: ""}, {c: 1, tid: "flrFeb23", iid: ""}, {c: 1, tid: "floorCtr1", iid: ""}, {c: 1, tid: "armchairVip3", iid: ""}, {c: 3, tid: "wall9", iid: ""}, {c: 3, tid: "wallJpn1", iid: ""}, {c: 1, tid: "floor6", iid: ""}, {c: 3, tid: "floor20", iid: ""}, {c: 1, tid: "hw2019Flr", iid: ""}, {c: 5, tid: "wall14", iid: ""}, {c: 2, tid: "chair10", iid: ""}, {c: 1, tid: "wllTrBth", iid: ""}, {c: 1, tid: "intFlr2", iid: ""}, {c: 3, tid: "floor12", iid: ""}, {c: 1, tid: "armPrncssBrwn", iid: ""}, {c: 1, tid: "prtrFlr", iid: ""}, {c: 3, tid: "floorJpn1", iid: ""}, {c: 1, tid: "floor10", iid: ""}, {c: 2, tid: "sofaVip3", iid: ""}, {c: 3, tid: "wall16", iid: ""}, {c: 3, tid: "wallPrns1", iid: ""}, {c: 1, tid: "floor4", iid: ""}, {c: 1, tid: "wall15", iid: ""}], id: "frn"}, gm: {it: [{c: 1, tid: "blackMobileSkin", iid: ""}], id: "gm"}, cls: {it: [{c: 1, tid: "girlUnderdress2", iid: ""}, {c: 1, tid: "girlUnderdress1", iid: ""}, {c: 1, tid: "girlShirt12", iid: ""}, {c: 1, tid: "girlPants9", iid: ""}, {c: 1, tid: "girlShoes14", iid: ""}, {c: 1, tid: "girlTShrtHp", iid: ""}], id: "cls"}, lt: {it: [], id: "lt"}, act: {it: [], id: "act"}}}, hs: {lev: 1, nm: "house", f: [{x: 12, y: 2, tpid: "csCtr", z: 0, lid: 86100760, d: 5}, {x: 13, y: 0, tpid: "wall22", z: 0, lid: 30878927, d: 5}, {x: 12, y: 0, tpid: "csCtr", z: 0, lid: 65278327, d: 5}, {x: 0, y: 0, tpid: "wall22", z: 0, lid: 30878926, d: 3}, {x: 0, y: 0, tpid: "flrGRtr", z: 0, lid: 93741453, d: 5}, {rid: "outside", x: 3, y: 0, tpid: "door4", z: 0, lid: 4, d: 3}], l: 13, w: 13, id: "livingroom"}, ci: {bcld: 0, gtrfrd: 0, gdc: 0, rpt: 0, strfrd: 0, lgt: 0, sbrt: 0, rtrtm: 0, plcmt: {}, kyktid: null, sbid: null, pamns: {amn: []}, actrt: 0, vexp: 1965298000, crst: 0, ys: 0, compid: 0, vsact: true, actrp: 0, vret: 0, vsexp: 1965298000, vfgc: 0, shousd: false, ceid: 0, vip: true, as: null, cmid: 0, lvt: 1578583104, dr: true, spp: 0, actrd: 0, exp: 85800, tts: null, lwts: 0, eml: null, skid: null, fexp: 0, skrt: 0, ysct: 0, crt: 1239, hrt: 649, trid: null, fak: null, lrnt: 0, trcd: 0, shcr: true}}]
Thu Jan 9 23:32:52 GMT+0800 2020 [INFO] Client said: 34: [null, "b.bs", {gld: 50}]
Thu Jan 9 23:32:50 GMT+0800 2020 [INFO] Client said: 34: [null, "b.bs", {gld: 50}]
Thu Jan 9 23:32:48 GMT+0800 2020 [INFO] Client said: 34: [null, "b.bs", {gld: 50}]
Thu Jan 9 23:32:36 GMT+0800 2020 [INFO] Client said: 34: ["house_152_livingroom", "h.r.rfr", {}]
Thu Jan 9 23:32:36 GMT+0800 2020 [INFO] Server said: 34: ["frn.save", {inv: {c: {frn: {it: [{c: 1, tid: "chair12", iid: ""}, {c: 1, tid: "wllNYRf", iid: ""}, {c: 2, tid: "floor18", iid: ""}, {c: 3, tid: "floor21", iid: ""}, {c: 2, tid: "floor8", iid: ""}, {c: 3, tid: "wallArtNv1", iid: ""}, {c: 2, tid: "floor17", iid: ""}, {c: 3, tid: "wall19", iid: ""}, {c: 1, tid: "flrNYRf", iid: ""}, {c: 1, tid: "proPhtFlr", iid: ""}, {c: 1, tid: "NY20Wllppr", iid: ""}, {c: 1, tid: "floorSV15", iid: ""}, {c: 1, tid: "floor13", iid: ""}, {c: 1, tid: "rtrCfWll", iid: ""}, {c: 3, tid: "wall22", iid: ""}, {c: 1, tid: "floorPrns1", iid: ""}, {c: 1, tid: "flrFeb23", iid: ""}, {c: 1, tid: "floorCtr1", iid: ""}, {c: 1, tid: "armchairVip3", iid: ""}, {c: 3, tid: "wall9", iid: ""}, {c: 3, tid: "wallJpn1", iid: ""}, {c: 1, tid: "floor6", iid: ""}, {c: 3, tid: "floor20", iid: ""}, {c: 1, tid: "hw2019Flr", iid: ""}, {c: 5, tid: "wall14", iid: ""}, {c: 2, tid: "chair10", iid: ""}, {c: 1, tid: "wllTrBth", iid: ""}, {c: 1, tid: "intFlr2", iid: ""}, {c: 3, tid: "floor12", iid: ""}, {c: 1, tid: "armPrncssBrwn", iid: ""}, {c: 1, tid: "prtrFlr", iid: ""}, {c: 3, tid: "floorJpn1", iid: ""}, {c: 1, tid: "floor10", iid: ""}, {c: 2, tid: "sofaVip3", iid: ""}, {c: 3, tid: "wall16", iid: ""}, {c: 3, tid: "wallPrns1", iid: ""}, {c: 1, tid: "floor4", iid: ""}, {c: 1, tid: "wall15", iid: ""}], id: "frn"}, gm: {it: [{c: 1, tid: "blackMobileSkin", iid: ""}], id: "gm"}, cls: {it: [{c: 1, tid: "girlUnderdress2", iid: ""}, {c: 1, tid: "girlUnderdress1", iid: ""}, {c: 1, tid: "girlShirt12", iid: ""}, {c: 1, tid: "girlPants9", iid: ""}, {c: 1, tid: "girlShoes14", iid: ""}, {c: 1, tid: "girlTShrtHp", iid: ""}], id: "cls"}, lt: {it: [], id: "lt"}, act: {it: [], id: "act"}}}, hs: {lev: 1, nm: "house", f: [{x: 12, y: 2, tpid: "csCtr", z: 0, lid: 86100760, d: 5}, {x: 13, y: 0, tpid: "wall22", z: 0, lid: 30878927, d: 5}, {x: 12, y: 0, tpid: "csCtr", z: 0, lid: 65278327, d: 5}, {x: 0, y: 0, tpid: "wall22", z: 0, lid: 30878926, d: 3}, {x: 0, y: 0, tpid: "flrGRtr", z: 0, lid: 93741453, d: 5}, {rid: "outside", x: 3, y: 0, tpid: "door4", z: 0, lid: 4, d: 3}], l: 13, w: 13, id: "livingroom"}, ci: {bcld: 0, gtrfrd: 0, gdc: 0, rpt: 0, strfrd: 0, lgt: 0, sbrt: 0, rtrtm: 0, plcmt: {}, kyktid: null, sbid: null, pamns: {amn: []}, actrt: 0, vexp: 1965298000, crst: 0, ys: 0, compid: 0, vsact: true, actrp: 0, vret: 0, vsexp: 1965298000, vfgc: 0, shousd: false, ceid: 0, vip: true, as: null, cmid: 0, lvt: 1578583104, dr: true, spp: 0, actrd: 0, exp: 85800, tts: null, lwts: 0, eml: null, skid: null, fexp: 0, skrt: 0, ysct: 0, crt: 1239, hrt: 649, trid: null, fak: null, lrnt: 0, trcd: 0, shcr: true}}]
Thu Jan 9 23:32:32 GMT+0800 2020 [INFO] Client said: 34: ["house_152_livingroom", "frn.save", {f: [{tm: 1578583940981, x: 12, y: 2, tpid: "csCtr", z: 0, oid: 86100760, t: 1, d: 5}, {tm: 1578583939271, x: 12, y: 0, tpid: "csCtr", z: 0, oid: 65278327, t: 1, d: 5}]}]