ClientError: Thu Jan 9 22:05:44 GMT+0700 2020 [CRITICAL] [salon] *Uncaught Error* ErrorId: 1009 ErrorName: TypeError ErrorMessage:Error #1009 ErrorStackTrace:TypeError: Error #1009
	at _-0eV::RoomMemberContainer/addAvatar()
	at _-PQ::BaseRoomScreen/addAvatar()
	at _-PQ::BaseRoomScreen/onRefreshAvatar()
	at flash.events::EventDispatcher/dispatchEvent()
	at _-2CM::BaseRoomNetManager/onRefreshAvatar()
	at flash.events::EventDispatcher/dispatchEvent()
	at ags::_-2t/_-2dI()
	at flash.events::EventDispatcher/dispatchEvent()
	at _-0en::_-0O8/_-1LF()
	at _-0en::_-0O8/execute()
	at ags::AGSClient/_-0i9()
	at ags::AGSClient/_-2ZF()
	at ags::AGSClient/_-2Ea()
Thu Jan 9 22:05:44 GMT+0700 2020 [INFO] Server said: 34: ["o.r.ra", {plr: {uid: "140", ci: {shousd: false, skrt: 0, exp: 85800, spp: 0, bcld: 0, crt: 2108, tts: null, gdc: 0, sbrt: 0, eml: null, actrd: 0, as: null, ysct: 0, trid: null, lvt: 1578582188, fak: null, lgt: 0, crst: 0, sbid: null, lrnt: 0, shcr: true, gtrfrd: 0, vexp: 1965298000, strfrd: 0, lwts: 0, vsexp: 1965298000, vip: true, vsact: true, fexp: 0, vret: 0, ys: 0, vfgc: 0, kyktid: null, hrt: 174, ceid: 0, skid: null, plcmt: {}, rpt: 0, actrt: 0, compid: 0, cmid: 0, trcd: 0, actrp: 0, rtrtm: 0, pamns: {amn: []}, dr: true}, apprnc: {sc: 1, shc: 1, pt: 0, ss: 0, brc: 29, rc: 1, bt: 0, g: 2, nct: 0, rg: 0, fft: 7, sh: 0, ec: 5, n: "E V I L", hc: 4, brt: 18, fat: 0, mc: 28, ht: 107, mt: 11, bc: 1, fac: 1, pc: 1, et: 21, ssc: 1}, locinfo: {x: 9.8, s: "127.0.0.1", shlc: true, y: 6.55, st: 23, at: "", d: 4, l: "salon_sn1_1", pl: ""}, usrinf: {rl: 0}, pf: {pf: {vsgst: {tp: "vsgst", l: 20, pgs: 0}, phtghr: {tp: "phtghr", l: 20, pgs: 0}, jntr: {tp: "jntr", l: 20, pgs: 0}, grdnr: {tp: "grdnr", l: 20, pgs: 0}}}, clths: {clths: [{clid: null, tpid: "girlHdbndBr"}, {clid: null, tpid: "girlShirt12"}, {clid: null, tpid: "girlPants9"}, {clid: null, tpid: "girlKgrmBr"}, {clid: null, tpid: "girlShoes14"}]}, mbm: {ac: null, sk: "blackMobileSkin"}}}]
Thu Jan 9 22:05:44 GMT+0700 2020 [INFO] Server said: 34: ["o.r.u", {uid: "506", x: 9.64, y: 10.64, st: 23, at: "", d: 5}]
Thu Jan 9 22:05:44 GMT+0700 2020 [INFO] Server said: 34: ["o.r.u", {uid: "849", x: 11.92, y: 15.3, st: 23, at: "", d: 3}]
Thu Jan 9 22:05:43 GMT+0700 2020 [INFO] Server said: 34: ["o.r.m", {sy: 13, dx: 11.56, dy: 15, uid: "328", sx: 14}]
Thu Jan 9 22:05:42 GMT+0700 2020 [INFO] Server said: 34: ["o.r.u", {uid: "328", x: 14.42, y: 12.6, d: 1, st: 0}]
Thu Jan 9 22:05:42 GMT+0700 2020 [INFO] Server said: 34: ["o.r.m", {uid: "506", dx: 9.64, dy: 10.64, sy: 7, sx: 14}]
Thu Jan 9 22:05:41 GMT+0700 2020 [INFO] Server said: 34: ["o.r.m", {uid: "506", dx: 9.98, dy: 10.98, sy: 6, sx: 14}]
Thu Jan 9 22:05:41 GMT+0700 2020 [INFO] Server said: 17: ["salon_sn1_1", "558"]
Thu Jan 9 22:05:41 GMT+0700 2020 [INFO] Server said: 34: ["o.r.lv", {uid: "558"}]