ClientError: Thu Jan 9 22:20:48 GMT+0700 2020 [CRITICAL] [couturier] *Uncaught Error* ErrorId: 1009 ErrorName: TypeError ErrorMessage:Error #1009 ErrorStackTrace:TypeError: Error #1009
	at _-0eV::RoomMemberContainer/addAvatar()
	at _-PQ::BaseRoomScreen/addAvatar()
	at _-PQ::BaseRoomScreen/onRefreshAvatar()
	at flash.events::EventDispatcher/dispatchEvent()
	at _-2CM::BaseRoomNetManager/onRefreshAvatar()
	at flash.events::EventDispatcher/dispatchEvent()
	at ags::_-2t/_-2dI()
	at flash.events::EventDispatcher/dispatchEvent()
	at _-0en::_-0O8/_-1LF()
	at _-0en::_-0O8/execute()
	at ags::AGSClient/_-0i9()
	at ags::AGSClient/_-2ZF()
	at ags::AGSClient/_-2Ea()
Thu Jan 9 22:20:48 GMT+0700 2020 [INFO] Server said: 34: ["o.r.ra", {plr: {uid: "803", ci: {shousd: false, skrt: 0, exp: 85800, spp: 0, bcld: 0, crt: 2461, tts: null, gdc: 0, sbrt: 0, eml: null, actrd: 0, as: null, ysct: 0, trid: "freelanceMicrophone", lvt: 1578583032, fak: null, lgt: 0, crst: 0, sbid: null, lrnt: 0, shcr: true, gtrfrd: 0, vexp: 1965298000, strfrd: 0, lwts: 0, vsexp: 1965298000, vip: true, vsact: true, fexp: 0, vret: 0, ys: 0, vfgc: 0, kyktid: null, hrt: 220, ceid: 0, skid: null, plcmt: {}, rpt: 0, actrt: 0, compid: 0, cmid: 0, trcd: 0, actrp: 0, rtrtm: 0, pamns: {amn: []}, dr: true}, apprnc: {sc: 1, shc: 1, pt: 0, ss: 0, brc: 3, rc: 1, bt: 0, g: 2, nct: 0, rg: 0, fft: 0, sh: 0, ec: 4, n: "Рена [лгбт]", hc: 3, brt: 29, fat: 0, mc: 2, ht: 130, mt: 7, bc: 1, fac: 1, pc: 1, et: 8, ssc: 1}, locinfo: {x: 8.5, s: "127.0.0.1", shlc: true, y: 7.5, st: 0, at: "", d: 4, l: "couturier_ctr1_1", pl: ""}, usrinf: {rl: 0}, pf: {pf: {vsgst: {tp: "vsgst", l: 20, pgs: 0}, phtghr: {tp: "phtghr", l: 20, pgs: 0}, jntr: {tp: "jntr", l: 20, pgs: 0}, grdnr: {tp: "grdnr", l: 20, pgs: 0}}}, clths: {clths: [{clid: null, tpid: "girlHlwn12"}, {clid: null, tpid: "girlNY20VKGiftPllvCnd"}, {clid: null, tpid: "grlTalDvl16"}, {clid: null, tpid: "girlFA18Msk1"}, {clid: null, tpid: "girlPntsNY20Gld"}, {clid: null, tpid: "grlPnkRsShs"}]}, mbm: {ac: null, sk: "blackMobileSkin"}}}]
Thu Jan 9 22:20:44 GMT+0700 2020 [INFO] Client said: 34: ["couturier_ctr1_1", "o.r.info", {rid: "ctr1"}]
Thu Jan 9 22:20:44 GMT+0700 2020 [INFO] Server said: 34: ["o.gr", {rid: "couturier_ctr1_1"}]
Thu Jan 9 22:20:43 GMT+0700 2020 [INFO] Server said: 16: ["couturier_ctr1_1", "500"]
Thu Jan 9 22:20:42 GMT+0700 2020 [INFO] Server said: 34: ["o.r.jn", {plr: {uid: "500", ci: {shousd: false, skrt: 0, exp: 85800, spp: 0, bcld: 0, crt: 1258, tts: null, gdc: 0, sbrt: 0, eml: null, actrd: 0, as: null, ysct: 0, trid: null, lvt: 1578583175, fak: null, lgt: 0, crst: 0, sbid: null, lrnt: 0, shcr: true, gtrfrd: 0, vexp: 1965298000, strfrd: 0, lwts: 0, vsexp: 1965298000, vip: true, vsact: true, fexp: 0, vret: 0, ys: 0, vfgc: 0, kyktid: null, hrt: 1872, ceid: 0, skid: null, plcmt: {}, rpt: 0, actrt: 0, compid: 0, cmid: 0, trcd: 0, actrp: 0, rtrtm: 0, pamns: {amn: []}, dr: true}, apprnc: {sc: 1, shc: 12, pt: 0, ss: 0, brc: 3, rc: 1, bt: 0, g: 2, nct: 0, rg: 0, fft: 7, sh: 19, ec: 5, n: "Жабуля)))", hc: 5, brt: 4, fat: 0, mc: 28, ht: 101, mt: 31, bc: 1, fac: 1, pc: 1, et: 34, ssc: 1}, locinfo: {x: -1, s: "127.0.0.1", shlc: true, y: -1, st: 0, at: "", d: 4, l: "couturier_ctr1_1", pl: ""}, usrinf: {rl: 0}, pf: {pf: {vsgst: {tp: "vsgst", l: 20, pgs: 0}, phtghr: {tp: "phtghr", l: 20, pgs: 0}, jntr: {tp: "jntr", l: 20, pgs: 0}, grdnr: {tp: "grdnr", l: 20, pgs: 0}}}, clths: {clths: [{clid: "2", tpid: "girlBtsRbbt"}, {clid: null, tpid: "girlGlssWnt19Wrm"}, {clid: "2", tpid: "girlSktRbbt"}, {clid: "8", tpid: "girlTShrtOutsrc2"}]}, mbm: {ac: null, sk: "blackMobileSkin"}}}]
Thu Jan 9 22:20:38 GMT+0700 2020 [INFO] Server said: 34: ["o.r.u", {uid: "382", x: 7.53, y: 8.78, st: 23, at: "", d: 5}]
Thu Jan 9 22:20:38 GMT+0700 2020 [INFO] Server said: 34: ["o.r.m", {sy: 7.5, dx: 7.53, dy: 8.78, uid: "382", sx: 8.5}]
Thu Jan 9 22:20:36 GMT+0700 2020 [INFO] Server said: 34: ["o.r.ra", {plr: {uid: "803", ci: {shousd: false, skrt: 0, exp: 85800, spp: 0, bcld: 0, crt: 2461, tts: null, gdc: 0, sbrt: 0, eml: null, actrd: 0, as: null, ysct: 0, trid: "freelanceMicrophone", lvt: 1578583032, fak: null, lgt: 0, crst: 0, sbid: null, lrnt: 0, shcr: true, gtrfrd: 0, vexp: 1965298000, strfrd: 0, lwts: 0, vsexp: 1965298000, vip: true, vsact: true, fexp: 0, vret: 0, ys: 0, vfgc: 0, kyktid: null, hrt: 220, ceid: 0, skid: null, plcmt: {}, rpt: 0, actrt: 0, compid: 0, cmid: 0, trcd: 0, actrp: 0, rtrtm: 0, pamns: {amn: []}, dr: true}, apprnc: {sc: 1, shc: 1, pt: 0, ss: 0, brc: 3, rc: 1, bt: 0, g: 2, nct: 0, rg: 0, fft: 0, sh: 0, ec: 4, n: "Рена [лгбт]", hc: 3, brt: 29, fat: 0, mc: 2, ht: 130, mt: 7, bc: 1, fac: 1, pc: 1, et: 8, ssc: 1}, locinfo: {x: 8.5, s: "127.0.0.1", shlc: true, y: 7.5, st: 0, at: "", d: 4, l: "couturier_ctr1_1", pl: ""}, usrinf: {rl: 0}, pf: {pf: {vsgst: {tp: "vsgst", l: 20, pgs: 0}, phtghr: {tp: "phtghr", l: 20, pgs: 0}, jntr: {tp: "jntr", l: 20, pgs: 0}, grdnr: {tp: "grdnr", l: 20, pgs: 0}}}, clths: {clths: [{clid: null, tpid: "girlHlwn12"}, {clid: null, tpid: "girlNY20VKGiftPllvCnd"}, {clid: null, tpid: "grlTalDvl16"}, {clid: null, tpid: "girlFA18Msk1"}, {clid: null, tpid: "girlPntsNY20Gld"}, {clid: null, tpid: "grlPnkRsShs"}]}, mbm: {ac: null, sk: "blackMobileSkin"}}}]
Thu Jan 9 22:20:30 GMT+0700 2020 [INFO] Client said: 34: [null, "o.gr", {lid: "couturier", gid: "ctr1"}]
Thu Jan 9 22:20:30 GMT+0700 2020 [INFO] Loaded  LoadingItem(url: http://62.113.113.58:8080/files/swf/Couturier_4e20b623ef65e53df4c6aebd774be260.swf, status: 2) 
Thu Jan 9 22:20:24 GMT+0700 2020 [INFO] Client said: 17: ["club_cl1_1"]
Thu Jan 9 22:20:13 GMT+0700 2020 [INFO] Client said: 34: [null, "cf.uc", {uid: "44", at: "assoc"}]
Thu Jan 9 22:20:02 GMT+0700 2020 [INFO] Client said: 34: ["club_cl1_1", "o.r.u", {uid: "500", x: 12.41, y: 10.66, st: 23, at: "", d: 4}]
Thu Jan 9 22:20:00 GMT+0700 2020 [INFO] Client said: 34: ["club_cl1_1", "o.r.m", {uid: "500", sy: 8.5, dx: 12.41, dy: 10.66, sx: 14.5}]
Thu Jan 9 22:19:47 GMT+0700 2020 [INFO] Client said: 34: ["club_cl1_1", "o.r.u", {uid: "500", x: 14.5, y: 8.5, d: 4, st: 0}]
Thu Jan 9 22:19:46 GMT+0700 2020 [INFO] Server said: 34: ["lg.lst", {glst: []}]
Thu Jan 9 22:19:46 GMT+0700 2020 [INFO] Client said: 34: ["club_cl1_1", "lg.lst", {}]
Thu Jan 9 22:19:46 GMT+0700 2020 [INFO] Server said: 34: ["o.r.info", {rmmb: [{uid: "44", ci: {shousd: false, skrt: 0, exp: 85800, spp: 0, bcld: 0, crt: 14816, tts: null, gdc: 0, sbrt: 0, eml: null, actrd: 0, as: null, ysct: 0, trid: null, lvt: 1578581618, fak: null, lgt: 0, crst: 0, sbid: null, lrnt: 0, shcr: true, gtrfrd: 0, vexp: 1965298000, strfrd: 0, lwts: 0, vsexp: 1965298000, vip: true, vsact: true, fexp: 0, vret: 0, ys: 0, vfgc: 0, kyktid: null, hrt: 261, ceid: 0, skid: null, plcmt: {}, rpt: 0, actrt: 0, compid: 0, cmid: 0, trcd: 0, actrp: 0, rtrtm: 0, pamns: {amn: []}, dr: true}, apprnc: {sc: 3, shc: 1, pt: 0, ss: 0, brc: 1, rc: 1, bt: 0, g: 2, nct: 0, rg: 0, fft: 0, sh: 0, ec: 5, n: "зелёный чай", hc: 5, brt: 4, fat: 0, mc: 1, ht: 131, mt: 1, bc: 1, fac: 1, pc: 1, et: 36, ssc: 1}, locinfo: {x: -1, s: "127.0.0.1", shlc: true, y: -1, st: 0, at: "", d: 4, l: "club_cl1_1", pl: ""}, usrinf: {rl: 0}, pf: {pf: {vsgst: {tp: "vsgst", l: 20, pgs: 0}, phtghr: {tp: "phtghr", l: 20, pgs: 0}, jntr: {tp: "jntr", l: 20, pgs: 0}, grdnr: {tp: "grdnr", l: 20, pgs: 0}}}, clths: {clths: [{clid: null, tpid: "gSMR14Shs5"}, {clid: null, tpid: "girlNY20VKGiftHtPngv"}, {clid: null, tpid: "girlNY20VKGiftPllvCnd"}, {clid: null, tpid: "girlPntsDmnHnt"}, {clid: null, tpid: "grlDrlBkrGls"}]}, mbm: {ac: null, sk: "blackMobileSkin"}}, {uid: "500", ci: {shousd: false, skrt: 0, exp: 85800, spp: 0, bcld: 0, crt: 1258, tts: null, gdc: 0, sbrt: 0, eml: null, actrd: 0, as: null, ysct: 0, trid: null, lvt: 1578583175, fak: null, lgt: 0, crst: 0, sbid: null, lrnt: 0, shcr: true, gtrfrd: 0, vexp: 1965298000, strfrd: 0, lwts: 0, vsexp: 1965298000, vip: true, vsact: true, fexp: 0, vret: 0, ys: 0, vfgc: 0, kyktid: null, hrt: 1872, ceid: 0, skid: null, plcmt: {}, rpt: 0, actrt: 0, compid: 0, cmid: 0, trcd: 0, actrp: 0, rtrtm: 0, pamns: {amn: []}, dr: true}, apprnc: {sc: 1, shc: 12, pt: 0, ss: 0, brc: 3, rc: 1, bt: 0, g: 2, nct: 0, rg: 0, fft: 7, sh: 19, ec: 5, n: "Жабуля)))", hc: 5, brt: 4, fat: 0, mc: 28, ht: 101, mt: 31, bc: 1, fac: 1, pc: 1, et: 34, ssc: 1}, locinfo: {x: -1, s: "127.0.0.1", shlc: true, y: -1, st: 0, at: "", d: 4, l: "club_cl1_1", pl: ""}, usrinf: {rl: 0}, pf: {pf: {vsgst: {tp: "vsgst", l: 20, pgs: 0}, phtghr: {tp: "phtghr", l: 20, pgs: 0}, jntr: {tp: "jntr", l: 20, pgs: 0}, grdnr: {tp: "grdnr", l: 20, pgs: 0}}}, clths: {clths: [{clid: "2", tpid: "girlBtsRbbt"}, {clid: null, tpid: "girlGlssWnt19Wrm"}, {clid: "2", tpid: "girlSktRbbt"}, {clid: "8", tpid: "girlTShrtOutsrc2"}]}, mbm: {ac: null, sk: "blackMobileSkin"}}], evn: null}]
Thu Jan 9 22:19:43 GMT+0700 2020 [INFO] Client said: 34: ["club_cl1_1", "o.r.info", {rid: "cl1"}]
Thu Jan 9 22:19:43 GMT+0700 2020 [INFO] Server said: 34: ["o.gr", {rid: "club_cl1_1"}]
Thu Jan 9 22:19:43 GMT+0700 2020 [INFO] Server said: 16: ["club_cl1_1", "500"]
Thu Jan 9 22:19:42 GMT+0700 2020 [INFO] Server said: 34: ["o.r.jn", {plr: {uid: "500", ci: {shousd: false, skrt: 0, exp: 85800, spp: 0, bcld: 0, crt: 1258, tts: null, gdc: 0, sbrt: 0, eml: null, actrd: 0, as: null, ysct: 0, trid: null, lvt: 1578583175, fak: null, lgt: 0, crst: 0, sbid: null, lrnt: 0, shcr: true, gtrfrd: 0, vexp: 1965298000, strfrd: 0, lwts: 0, vsexp: 1965298000, vip: true, vsact: true, fexp: 0, vret: 0, ys: 0, vfgc: 0, kyktid: null, hrt: 1872, ceid: 0, skid: null, plcmt: {}, rpt: 0, actrt: 0, compid: 0, cmid: 0, trcd: 0, actrp: 0, rtrtm: 0, pamns: {amn: []}, dr: true}, apprnc: {sc: 1, shc: 12, pt: 0, ss: 0, brc: 3, rc: 1, bt: 0, g: 2, nct: 0, rg: 0, fft: 7, sh: 19, ec: 5, n: "Жабуля)))", hc: 5, brt: 4, fat: 0, mc: 28, ht: 101, mt: 31, bc: 1, fac: 1, pc: 1, et: 34, ssc: 1}, locinfo: {x: -1, s: "127.0.0.1", shlc: true, y: -1, st: 0, at: "", d: 4, l: "club_cl1_1", pl: ""}, usrinf: {rl: 0}, pf: {pf: {vsgst: {tp: "vsgst", l: 20, pgs: 0}, phtghr: {tp: "phtghr", l: 20, pgs: 0}, jntr: {tp: "jntr", l: 20, pgs: 0}, grdnr: {tp: "grdnr", l: 20, pgs: 0}}}, clths: {clths: [{clid: "2", tpid: "girlBtsRbbt"}, {clid: null, tpid: "girlGlssWnt19Wrm"}, {clid: "2", tpid: "girlSktRbbt"}, {clid: "8", tpid: "girlTShrtOutsrc2"}]}, mbm: {ac: null, sk: "blackMobileSkin"}}}]
Thu Jan 9 22:19:38 GMT+0700 2020 [INFO] Client said: 34: [null, "o.gr", {lid: "club", gid: "cl1"}]
Thu Jan 9 22:19:38 GMT+0700 2020 [INFO] Server said: 1: ["500", true, false, false]
Thu Jan 9 22:19:33 GMT+0700 2020 [INFO] Client said: 1: ["street", "500", "GQyomEroIeSsRoCABYHf", {clvrn: "84.0.4", v: 2}]
Thu Jan 9 22:19:31 GMT+0700 2020 [INFO] Client said: 2: []
Thu Jan 9 22:19:31 GMT+0700 2020 [INFO] Loaded  LoadingItem(url: http://62.113.113.58:8080/files/swf/Club_3a95bbd15cc322999b75b6f00b12ba88.swf, status: 2) 
Thu Jan 9 22:19:21 GMT+0700 2020 [INFO] Loaded  LoadingItem(url: http://62.113.113.58:8080/files/swf/Vip_2725a49acb87e880536759211fd3fa3c.swf, status: 2) 
Thu Jan 9 22:19:03 GMT+0700 2020 [INFO] Client said: 17: ["house_500_3"]
Thu Jan 9 22:16:32 GMT+0700 2020 [INFO] Server said: 34: ["ev.gse", {}]
Thu Jan 9 22:16:31 GMT+0700 2020 [INFO] Server said: 34: ["ev.get", {tg: "", c: -1, evlst: [{uid: "333", ft: 1578583846, fo: false, ci: 0, c: 0, unm: "настя", r: 8, ml: 1, ac: false, lg: 30, st: 1578582046, ds: "иди", tp: 1, tt: "вииииип", l: "club_v1e", id: 333}]}]
Thu Jan 9 22:16:30 GMT+0700 2020 [INFO] Client said: 34: [null, "ev.gse", {}]
Thu Jan 9 22:16:30 GMT+0700 2020 [INFO] Client said: 34: [null, "ev.get", {tg: "", c: -1, fof: false}]
Thu Jan 9 22:16:12 GMT+0700 2020 [INFO] Server said: 34: ["h.r.ra", {plr: {uid: "500", ci: {shousd: false, skrt: 0, exp: 85800, spp: 0, bcld: 0, crt: 1258, tts: null, gdc: 0, sbrt: 0, eml: null, actrd: 0, as: null, ysct: 0, trid: null, lvt: 1578582605, fak: null, lgt: 0, crst: 0, sbid: null, lrnt: 0, shcr: true, gtrfrd: 0, vexp: 1965298000, strfrd: 0, lwts: 0, vsexp: 1965298000, vip: true, vsact: true, fexp: 0, vret: 0, ys: 0, vfgc: 0, kyktid: null, hrt: 1872, ceid: 0, skid: null, plcmt: {}, rpt: 0, actrt: 0, compid: 0, cmid: 0, trcd: 0, actrp: 0, rtrtm: 0, pamns: {amn: []}, dr: true}, apprnc: {sc: 1, shc: 12, pt: 0, ss: 0, brc: 3, rc: 1, bt: 0, g: 2, nct: 0, rg: 0, fft: 7, sh: 19, ec: 5, n: "Жабуля)))", hc: 5, brt: 4, fat: 0, mc: 28, ht: 101, mt: 31, bc: 1, fac: 1, pc: 1, et: 34, ssc: 1}, locinfo: {x: 1.75, s: "127.0.0.1", shlc: true, y: 10.06, st: 23, at: "", d: 4, l: "house_500_3", pl: ""}, usrinf: {rl: 0}, pf: {pf: {vsgst: {tp: "vsgst", l: 20, pgs: 0}, phtghr: {tp: "phtghr", l: 20, pgs: 0}, jntr: {tp: "jntr", l: 20, pgs: 0}, grdnr: {tp: "grdnr", l: 20, pgs: 0}}}, clths: {clths: [{clid: "2", tpid: "girlBtsRbbt"}, {clid: null, tpid: "girlGlssWnt19Wrm"}, {clid: "2", tpid: "girlSktRbbt"}, {clid: "8", tpid: "girlTShrtOutsrc2"}]}, mbm: {ac: null, sk: "blackMobileSkin"}}}]
Thu Jan 9 22:16:09 GMT+0700 2020 [INFO] Client said: 34: ["house_500_3", "h.r.ra", {}]
Thu Jan 9 22:16:09 GMT+0700 2020 [INFO] Server said: 34: ["a.clths.buy", {crt: 1258, ccltn: {cn: "", ctp: "casual", cct: ["girlBtsRbbt:2", "girlGlssWnt19Wrm", "girlSktRbbt:2", "girlTShrtOutsrc2:8"]}, clths: {clths: [{clid: "2", tpid: "girlBtsRbbt"}, {clid: null, tpid: "girlGlssWnt19Wrm"}, {clid: "2", tpid: "girlSktRbbt"}, {clid: "8", tpid: "girlTShrtOutsrc2"}]}, res: {emd: 0, enrg: 500, gld: 445, slvr: 1000}, inv: {c: {frn: {id: "frn", it: [{tid: "floor4", c: 2, iid: ""}, {tid: "wall15", c: 2, iid: ""}, {tid: "flrTrBth", c: 1, iid: ""}, {tid: "shWll", c: 1, iid: ""}]}, act: {id: "act", it: []}, gm: {id: "gm", it: [{tid: "blackMobileSkin", c: 1, iid: ""}]}, lt: {id: "lt", it: []}, cls: {id: "cls", it: [{tid: "girlPntsNY20Nght", c: 1, iid: ""}, {tid: "gSMR14Shs5", c: 1, iid: ""}, {tid: "girlUnderdress1", c: 1, iid: ""}, {tid: "girlShirt12", c: 1, iid: ""}, {tid: "girlPants9", c: 1, iid: ""}, {tid: "girlTShrtNY20Nght", c: 1, iid: ""}, {tid: "girlShoes14", c: 1, iid: ""}, {tid: "girlUnderdress2", c: 1, iid: ""}]}}}}]
Thu Jan 9 22:16:05 GMT+0700 2020 [INFO] Client said: 34: [null, "a.clths.buy", {ctp: "casual", tpid: "girlGlssWnt19Wrm", pind: 1}]
Thu Jan 9 22:15:52 GMT+0700 2020 [INFO] Client said: 34: ["house_500_3", "h.r.u", {uid: "500", x: 1.75, y: 10.06, st: 23, at: "", d: 5}]