ClientError: Thu Jan 9 22:05:40 GMT+0700 2020 [CRITICAL] [salon] *Uncaught Error* ErrorId: 1009 ErrorName: TypeError ErrorMessage:Error #1009 ErrorStackTrace:TypeError: Error #1009
	at _-0eV::RoomMemberContainer/addAvatar()
	at _-PQ::BaseRoomScreen/addAvatar()
	at _-PQ::BaseRoomScreen/onRefreshAvatar()
	at flash.events::EventDispatcher/dispatchEvent()
	at _-2CM::BaseRoomNetManager/onRefreshAvatar()
	at flash.events::EventDispatcher/dispatchEvent()
	at ags::_-2t/_-2dI()
	at flash.events::EventDispatcher/dispatchEvent()
	at _-0en::_-0O8/_-1LF()
	at _-0en::_-0O8/execute()
	at ags::AGSClient/_-0i9()
	at ags::AGSClient/_-2ZF()
	at ags::AGSClient/_-2Ea()
Thu Jan 9 22:05:40 GMT+0700 2020 [INFO] Server said: 34: ["o.r.ra", {plr: {uid: "328", ci: {shousd: false, skrt: 0, exp: 85800, spp: 0, bcld: 0, crt: 10, tts: null, gdc: 0, sbrt: 0, eml: null, actrd: 0, as: null, ysct: 0, trid: null, lvt: 1578581990, fak: null, lgt: 0, crst: 0, sbid: null, lrnt: 0, shcr: true, gtrfrd: 0, vexp: 1965298000, strfrd: 0, lwts: 0, vsexp: 1965298000, vip: true, vsact: true, fexp: 0, vret: 0, ys: 0, vfgc: 0, kyktid: null, hrt: 174, ceid: 0, skid: null, plcmt: {}, rpt: 0, actrt: 0, compid: 0, cmid: 0, trcd: 0, actrp: 0, rtrtm: 0, pamns: {amn: []}, dr: true}, apprnc: {sc: 2, shc: 1, pt: 0, ss: 0, brc: 1, rc: 1, bt: 0, g: 2, nct: 0, rg: 0, fft: 0, sh: 0, ec: 1, n: "ДОХЛАЯ", hc: 7, brt: 18, fat: 0, mc: 2, ht: 129, mt: 31, bc: 1, fac: 1, pc: 1, et: 34, ssc: 1}, locinfo: {x: 14.42, s: "127.0.0.1", shlc: true, y: 12.6, st: 1, at: "salonActiveChairItem21", d: 4, l: "salon_sn1_1", pl: ""}, usrinf: {rl: 0}, pf: {pf: {vsgst: {tp: "vsgst", l: 20, pgs: 0}, phtghr: {tp: "phtghr", l: 20, pgs: 0}, jntr: {tp: "jntr", l: 20, pgs: 0}, grdnr: {tp: "grdnr", l: 20, pgs: 0}}}, clths: {clths: [{clid: null, tpid: "girlShirt12"}, {clid: null, tpid: "girlShoes14"}, {clid: null, tpid: "girlPants9"}]}, mbm: {ac: null, sk: "blackMobileSkin"}}}]
Thu Jan 9 22:05:39 GMT+0700 2020 [INFO] Server said: 34: ["o.r.u", {uid: "506", x: 14.42, y: 5.6, d: 1, st: 0}]
Thu Jan 9 22:05:39 GMT+0700 2020 [INFO] Server said: 34: ["o.r.m", {uid: "849", sy: 7.08, dy: 15.3, dx: 11.92, sx: 9.89}]
Thu Jan 9 22:05:37 GMT+0700 2020 [INFO] Client said: 34: ["salon_sn1_1", "o.r.info", {rid: "sn1"}]
Thu Jan 9 22:05:37 GMT+0700 2020 [INFO] Server said: 34: ["o.gr", {rid: "salon_sn1_1"}]
Thu Jan 9 22:05:37 GMT+0700 2020 [INFO] Server said: 34: ["o.r.u", {uid: "506", x: 14.42, y: 5.6, st: 1, at: "salonActiveChairItem22", d: 1}]
Thu Jan 9 22:05:37 GMT+0700 2020 [INFO] Server said: 16: ["salon_sn1_1", "500"]
Thu Jan 9 22:05:37 GMT+0700 2020 [INFO] Server said: 34: ["o.r.jn", {plr: {uid: "500", ci: {shousd: false, skrt: 0, exp: 85800, spp: 0, bcld: 0, crt: 1205, tts: null, gdc: 0, sbrt: 0, eml: null, actrd: 0, as: null, ysct: 0, trid: null, lvt: 1578582309, fak: null, lgt: 0, crst: 0, sbid: null, lrnt: 0, shcr: true, gtrfrd: 0, vexp: 1965298000, strfrd: 0, lwts: 0, vsexp: 1965298000, vip: true, vsact: true, fexp: 0, vret: 0, ys: 0, vfgc: 0, kyktid: null, hrt: 843, ceid: 0, skid: null, plcmt: {}, rpt: 0, actrt: 0, compid: 0, cmid: 0, trcd: 0, actrp: 0, rtrtm: 0, pamns: {amn: []}, dr: true}, apprnc: {sc: 1, shc: 1, pt: 0, ss: 0, brc: 3, rc: 1, bt: 0, g: 2, nct: 0, rg: 0, fft: 0, sh: 0, ec: 5, n: "Жабуля)))", hc: 5, brt: 4, fat: 0, mc: 2, ht: 131, mt: 7, bc: 1, fac: 1, pc: 1, et: 2, ssc: 1}, locinfo: {x: -1, s: "127.0.0.1", shlc: true, y: -1, st: 0, at: "", d: 4, l: "salon_sn1_1", pl: ""}, usrinf: {rl: 0}, pf: {pf: {vsgst: {tp: "vsgst", l: 20, pgs: 0}, phtghr: {tp: "phtghr", l: 20, pgs: 0}, jntr: {tp: "jntr", l: 20, pgs: 0}, grdnr: {tp: "grdnr", l: 20, pgs: 0}}}, clths: {clths: [{clid: "2", tpid: "girlBtsRbbt"}, {clid: "2", tpid: "girlSktRbbt"}, {clid: "8", tpid: "girlTShrtOutsrc2"}]}, mbm: {ac: null, sk: "blackMobileSkin"}}}]
Thu Jan 9 22:05:36 GMT+0700 2020 [INFO] Server said: 34: ["o.r.u", {uid: "506", x: 14.42, y: 5.6, st: 23, at: "", d: 1}]
Thu Jan 9 22:05:35 GMT+0700 2020 [INFO] Server said: 34: ["o.r.m", {uid: "506", dx: 14.42, dy: 5.6, sy: 9.92, sx: 8.86}]
Thu Jan 9 22:05:33 GMT+0700 2020 [INFO] Server said: 34: ["o.r.u", {uid: "506", x: 8.86, y: 9.92, st: 23, at: "", d: 6}]
Thu Jan 9 22:05:31 GMT+0700 2020 [INFO] Server said: 34: ["o.r.m", {uid: "506", dx: 8.86, dy: 9.92, sy: 8.69, sx: 11.19}]
Thu Jan 9 22:05:31 GMT+0700 2020 [INFO] Server said: 34: ["o.r.ra", {plr: {uid: "849", ci: {shousd: false, skrt: 0, exp: 85800, spp: 0, bcld: 0, crt: 294, tts: null, gdc: 0, sbrt: 0, eml: null, actrd: 0, as: null, ysct: 0, trid: null, lvt: 1578581968, fak: null, lgt: 0, crst: 0, sbid: null, lrnt: 0, shcr: true, gtrfrd: 0, vexp: 1965298000, strfrd: 0, lwts: 0, vsexp: 1965298000, vip: true, vsact: true, fexp: 0, vret: 0, ys: 0, vfgc: 0, kyktid: null, hrt: 174, ceid: 0, skid: null, plcmt: {}, rpt: 0, actrt: 0, compid: 0, cmid: 0, trcd: 0, actrp: 0, rtrtm: 0, pamns: {amn: []}, dr: true}, apprnc: {sc: 1, shc: 1, pt: 0, ss: 0, brc: 10, rc: 1, bt: 20, g: 1, nct: 0, rg: 0, fft: 0, sh: 0, ec: 3, n: "χøӎƳǻҹøk", hc: 4, brt: 16, fat: 0, mc: 2, ht: 60, mt: 22, bc: 4, fac: 1, pc: 1, et: 15, ssc: 1}, locinfo: {x: 9.89, s: "127.0.0.1", shlc: true, y: 7.08, st: 23, at: "", d: 4, l: "salon_sn1_1", pl: ""}, usrinf: {rl: 0}, pf: {pf: {vsgst: {tp: "vsgst", l: 20, pgs: 0}, phtghr: {tp: "phtghr", l: 20, pgs: 0}, jntr: {tp: "jntr", l: 20, pgs: 0}, grdnr: {tp: "grdnr", l: 20, pgs: 0}}}, clths: {clths: [{clid: null, tpid: "boyBtsHp"}, {clid: null, tpid: "boyGlssHp"}, {clid: null, tpid: "boyTtHp"}, {clid: null, tpid: "boyErrHp"}, {clid: null, tpid: "boyPntsHp"}, {clid: null, tpid: "boyTShrtHp"}]}, mbm: {ac: null, sk: "blackMobileSkin"}}}]
Thu Jan 9 22:05:29 GMT+0700 2020 [INFO] Server said: 34: ["o.r.u", {uid: "506", x: 11.19, y: 8.69, st: 23, at: "", d: 6}]
Thu Jan 9 22:05:28 GMT+0700 2020 [INFO] Server said: 34: ["o.r.u", {uid: "506", x: 14.42, y: 5.6, d: 1, st: 0}]
Thu Jan 9 22:05:27 GMT+0700 2020 [INFO] Server said: 34: ["o.r.ra", {plr: {uid: "328", ci: {shousd: false, skrt: 0, exp: 85800, spp: 0, bcld: 0, crt: 10, tts: null, gdc: 0, sbrt: 0, eml: null, actrd: 0, as: null, ysct: 0, trid: null, lvt: 1578581990, fak: null, lgt: 0, crst: 0, sbid: null, lrnt: 0, shcr: true, gtrfrd: 0, vexp: 1965298000, strfrd: 0, lwts: 0, vsexp: 1965298000, vip: true, vsact: true, fexp: 0, vret: 0, ys: 0, vfgc: 0, kyktid: null, hrt: 174, ceid: 0, skid: null, plcmt: {}, rpt: 0, actrt: 0, compid: 0, cmid: 0, trcd: 0, actrp: 0, rtrtm: 0, pamns: {amn: []}, dr: true}, apprnc: {sc: 2, shc: 1, pt: 0, ss: 0, brc: 1, rc: 1, bt: 0, g: 2, nct: 0, rg: 0, fft: 0, sh: 0, ec: 1, n: "ДОХЛАЯ", hc: 7, brt: 18, fat: 0, mc: 2, ht: 129, mt: 31, bc: 1, fac: 1, pc: 1, et: 34, ssc: 1}, locinfo: {x: 14.42, s: "127.0.0.1", shlc: true, y: 12.6, st: 1, at: "salonActiveChairItem21", d: 4, l: "salon_sn1_1", pl: ""}, usrinf: {rl: 0}, pf: {pf: {vsgst: {tp: "vsgst", l: 20, pgs: 0}, phtghr: {tp: "phtghr", l: 20, pgs: 0}, jntr: {tp: "jntr", l: 20, pgs: 0}, grdnr: {tp: "grdnr", l: 20, pgs: 0}}}, clths: {clths: [{clid: null, tpid: "girlShirt12"}, {clid: null, tpid: "girlShoes14"}, {clid: null, tpid: "girlPants9"}]}, mbm: {ac: null, sk: "blackMobileSkin"}}}]
Thu Jan 9 22:05:26 GMT+0700 2020 [INFO] Server said: 34: ["o.r.u", {uid: "506", x: 14.42, y: 5.6, st: 1, at: "salonActiveChairItem22", d: 1}]
Thu Jan 9 22:05:26 GMT+0700 2020 [INFO] Server said: 34: ["o.r.ra", {plr: {uid: "765", ci: {shousd: false, skrt: 0, exp: 85800, spp: 0, bcld: 0, crt: 839, tts: null, gdc: 0, sbrt: 0, eml: null, actrd: 0, as: null, ysct: 0, trid: "freelanceMicrophone", lvt: 1578581688, fak: null, lgt: 0, crst: 0, sbid: null, lrnt: 0, shcr: true, gtrfrd: 0, vexp: 1965298000, strfrd: 0, lwts: 0, vsexp: 1965298000, vip: true, vsact: true, fexp: 0, vret: 0, ys: 0, vfgc: 0, kyktid: null, hrt: 261, ceid: 0, skid: null, plcmt: {}, rpt: 0, actrt: 0, compid: 0, cmid: 0, trcd: 0, actrp: 0, rtrtm: 0, pamns: {amn: []}, dr: true}, apprnc: {sc: 1, shc: 24, pt: 3, ss: 0, brc: 10, rc: 1, bt: 0, g: 2, nct: 0, rg: 0, fft: 2, sh: 0, ec: 6, n: "Вселенная ", hc: 5, brt: 22, fat: 6, mc: 16, ht: 111, mt: 14, bc: 1, fac: 10, pc: 1, et: 37, ssc: 2}, locinfo: {x: 10.02, s: "127.0.0.1", shlc: true, y: 13.64, st: 23, at: "", d: 4, l: "salon_sn1_1", pl: ""}, usrinf: {rl: 0}, pf: {pf: {vsgst: {tp: "vsgst", l: 20, pgs: 0}, phtghr: {tp: "phtghr", l: 20, pgs: 0}, jntr: {tp: "jntr", l: 20, pgs: 0}, grdnr: {tp: "grdnr", l: 20, pgs: 0}}}, clths: {clths: [{clid: null, tpid: "grlPnkRsPnts"}, {clid: null, tpid: "girlTShrtSh"}, {clid: null, tpid: "grlPnkRsShs"}]}, mbm: {ac: null, sk: "blackMobileSkin"}}}]
Thu Jan 9 22:05:25 GMT+0700 2020 [INFO] Server said: 34: ["o.r.u", {uid: "506", x: 14.42, y: 5.6, st: 23, at: "", d: 1}]
Thu Jan 9 22:05:24 GMT+0700 2020 [INFO] Server said: 34: ["o.r.m", {uid: "506", dx: 14.42, dy: 5.6, sy: 9.92, sx: 8.86}]
Thu Jan 9 22:05:22 GMT+0700 2020 [INFO] Server said: 34: ["o.r.u", {uid: "506", x: 8.86, y: 9.92, st: 23, at: "", d: 6}]
Thu Jan 9 22:05:21 GMT+0700 2020 [INFO] Server said: 34: ["o.r.m", {uid: "506", dx: 8.86, dy: 9.92, sy: 8.69, sx: 11.19}]
Thu Jan 9 22:05:19 GMT+0700 2020 [INFO] Server said: 34: ["o.r.u", {uid: "506", x: 11.19, y: 8.69, st: 23, at: "", d: 6}]
Thu Jan 9 22:05:14 GMT+0700 2020 [INFO] Server said: 34: ["o.r.u", {uid: "328", x: 14.42, y: 12.6, st: 1, at: "salonActiveChairItem21", d: 0}]
Thu Jan 9 22:05:12 GMT+0700 2020 [INFO] Server said: 34: ["o.r.u", {uid: "328", x: 14.42, y: 12.6, st: 23, at: "", d: 0}]
Thu Jan 9 22:05:11 GMT+0700 2020 [INFO] Server said: 34: ["o.r.m", {sy: 13, dx: 14.42, dy: 12.6, uid: "328", sx: 14}]
Thu Jan 9 22:05:09 GMT+0700 2020 [INFO] Client said: 34: [null, "o.gr", {lid: "salon", gid: "sn1"}]
Thu Jan 9 22:05:09 GMT+0700 2020 [INFO] Server said: 1: ["500", true, false, false]
Thu Jan 9 22:04:53 GMT+0700 2020 [INFO] Client said: 1: ["street", "500", "GQyomEroIeSsRoCABYHf", {clvrn: "84.0.4", v: 2}]
Thu Jan 9 22:04:50 GMT+0700 2020 [INFO] Client said: 2: []
Thu Jan 9 22:04:50 GMT+0700 2020 [INFO] Loaded  LoadingItem(url: http://62.113.113.58:8080/files/swf/Salon_1fe14ef0cdf189794ef74d591993d3f5.swf, status: 2) 
Thu Jan 9 22:04:48 GMT+0700 2020 [INFO] Client said: 17: ["house_500_livingroom"]
Thu Jan 9 22:04:30 GMT+0700 2020 [INFO] Client said: 34: ["house_500_livingroom", "h.r.u", {uid: "500", x: 4.05, y: 0.1, d: 4, st: 0}]
Thu Jan 9 22:04:30 GMT+0700 2020 [INFO] Server said: 34: ["lg.lst", {glst: []}]
Thu Jan 9 22:04:30 GMT+0700 2020 [INFO] Client said: 34: ["house_500_livingroom", "lg.lst", {}]
Thu Jan 9 22:04:30 GMT+0700 2020 [INFO] Server said: 34: ["h.r.info", {evn: null, rmmb: [{uid: "500", ci: {shousd: false, skrt: 0, exp: 85800, spp: 0, bcld: 0, crt: 1205, tts: null, gdc: 0, sbrt: 0, eml: null, actrd: 0, as: null, ysct: 0, trid: null, lvt: 1578581993, fak: null, lgt: 0, crst: 0, sbid: null, lrnt: 0, shcr: true, gtrfrd: 0, vexp: 1965298000, strfrd: 0, lwts: 0, vsexp: 1965298000, vip: true, vsact: true, fexp: 0, vret: 0, ys: 0, vfgc: 0, kyktid: null, hrt: 843, ceid: 0, skid: null, plcmt: {}, rpt: 0, actrt: 0, compid: 0, cmid: 0, trcd: 0, actrp: 0, rtrtm: 0, pamns: {amn: []}, dr: true}, apprnc: {sc: 1, shc: 1, pt: 0, ss: 0, brc: 3, rc: 1, bt: 0, g: 2, nct: 0, rg: 0, fft: 0, sh: 0, ec: 5, n: "Жабуля)))", hc: 5, brt: 4, fat: 0, mc: 2, ht: 131, mt: 7, bc: 1, fac: 1, pc: 1, et: 2, ssc: 1}, locinfo: {x: -1, s: "127.0.0.1", shlc: true, y: -1, st: 0, at: "", d: 4, l: "house_500_livingroom", pl: ""}, usrinf: {rl: 0}, pf: {pf: {vsgst: {tp: "vsgst", l: 20, pgs: 0}, phtghr: {tp: "phtghr", l: 20, pgs: 0}, jntr: {tp: "jntr", l: 20, pgs: 0}, grdnr: {tp: "grdnr", l: 20, pgs: 0}}}, clths: {clths: [{clid: "2", tpid: "girlBtsRbbt"}, {clid: "2", tpid: "girlSktRbbt"}, {clid: "8", tpid: "girlTShrtOutsrc2"}]}, mbm: {ac: null, sk: "blackMobileSkin"}}], rm: {lev: 1, nm: "#livingRoom", f: [{lid: 68852007, x: 0, y: 0, z: 0, d: 3, tpid: "wllSD14"}, {lid: 68852008, x: 13, y: 0, z: 0, d: 5, tpid: "wllSD14"}, {lid: 30515907, x: 3, y: 3, z: 0, d: 5, tpid: "lvprpvnSV15"}, {lid: 72996387, x: 0, y: 0, z: 0, d: 5, tpid: "pdmNY20Flr"}, {lid: 4, x: 3, y: 0, z: 0, rid: "outside", d: 3, tpid: "door4"}], l: 13, id: "livingroom", w: 13}}]
Thu Jan 9 22:04:15 GMT+0700 2020 [INFO] Client said: 34: ["house_500_livingroom", "h.r.info", {uid: "500", rid: "livingroom"}]
Thu Jan 9 22:04:15 GMT+0700 2020 [INFO] Server said: 34: ["h.gr", {rid: "house_500_livingroom"}]