ClientError: Wed Jan 8 17:01:49 GMT+0400 2020 [CRITICAL] [house] *Uncaught Error* ErrorId: 1009 ErrorName: TypeError ErrorMessage:Error #1009 ErrorStackTrace:TypeError: Error #1009
	at _-A7::_-2sK/_-40S()
	at _-A7::ClanRequestManager/_-40S()
	at _-2nU::ClanManager/_-3dD()
	at flash.events::EventDispatcher/dispatchEvent()
	at _-40q::CampaignManager/_-2sJ()
	at flash.events::EventDispatcher/dispatchEvent()
	at ags::_-2t/_-2dI()
	at flash.events::EventDispatcher/dispatchEvent()
	at _-0en::_-0O8/_-1LF()
	at _-0en::_-0O8/execute()
	at ags::AGSClient/_-0i9()
	at ags::AGSClient/_-2ZF()
	at ags::AGSClient/_-2Ea()
Wed Jan 8 17:01:49 GMT+0400 2020 [INFO] Server said: 34: ["cm.new", {campaigns: [{ed: 2442905160000, cil: [{gl: 0, cid: 643, sc: 0, si: 0, tid: "clans", id: 8151}, {gl: 0, cid: 643, sc: 0, si: 0, tid: "clanRating_off", id: 8152}], tp: 9, iu: "", v: 1, st: 1, id: 643}, {ed: 1659222000000, cil: [{gl: 0, cid: 316, sc: 0, si: 0, tid: "mobile", id: 2514}], tp: 9, iu: "", v: 1, st: 1, id: 316}, {ed: 1919631600000, cil: [{gl: 0, cid: 299, sc: 0, si: 0, tid: "fortune2", id: 2434}], tp: 9, iu: "", v: 1, st: 2, id: 299}, {ed: 1440630000000, cil: [{gl: 0, cid: 114, sc: 0, si: 0, tid: "professions", id: 1110}, {gl: 0, cid: 114, sc: 0, si: 0, tid: "grdnr", id: 1111}, {gl: 0, cid: 114, sc: 0, si: 0, tid: "jntr", id: 1112}, {gl: 0, cid: 114, sc: 0, si: 0, tid: "vsgst", id: 1577}, {gl: 0, cid: 114, sc: 0, si: 0, tid: "phtghr", id: 1578}], tp: 9, iu: "", v: 1, st: 1, id: 114}]}]
Wed Jan 8 17:01:49 GMT+0400 2020 [INFO] Client said: 34: [null, "h.gr", {lid: "house", gid: "110", rid: "livingroom"}]
Wed Jan 8 17:01:49 GMT+0400 2020 [INFO] Loaded  LoadingItem(url: http://62.113.113.58:8080/files/swf/furniture/house/WallPoppy.swf, status: 2) 
Wed Jan 8 17:01:49 GMT+0400 2020 [INFO] Loaded  LoadingItem(url: http://62.113.113.58:8080/files/swf/furniture/house/DoorWood.swf, status: 2) 
Wed Jan 8 17:01:49 GMT+0400 2020 [INFO] Loaded  LoadingItem(url: http://62.113.113.58:8080/files/swf/furniture/house/FloorCarpetGrass.swf, status: 2) 
Wed Jan 8 17:01:48 GMT+0400 2020 [INFO] Client said: 34: [null, "srqst.gtrq", {}]
Wed Jan 8 17:01:48 GMT+0400 2020 [INFO] Server said: 34: ["h.minfo", {plr: {uid: "110", mbm: {sk: "blackMobileSkin", ac: null}, onl: true, ci: {eml: null, vfgc: 0, crst: 0, gdc: 0, lrnt: 0, ys: 0, skrt: 0, ceid: 0, actrt: 0, strfrd: 0, vsexp: 1965298000, plcmt: {}, as: null, gtrfrd: 0, rtrtm: 0, compid: 0, ysct: 0, vexp: 1965298000, pamns: {amn: []}, vsact: true, dr: true, cmid: 0, actrp: 0, fexp: 0, fak: null, trid: null, kyktid: null, bcld: 0, shcr: true, lwts: 0, sbrt: 0, exp: 85800, shousd: false, crt: 10, actrd: 0, lgt: 0, tts: null, spp: 0, skid: null, sbid: null, lvt: 1578578404, vip: true, rpt: 0, trcd: 0, hrt: 174, vret: 0}, res: {slvr: 10000, emd: 0, gld: 100, enrg: 500}, locinfo: {x: 0, s: "127.0.0.1", y: 0, shlc: true, at: "", d: 4, st: 0, l: "", pl: ""}, usrinf: {rl: 0}, pf: {pf: {jntr: {tp: "jntr", l: 20, pgs: 0}, phtghr: {tp: "phtghr", l: 20, pgs: 0}, grdnr: {tp: "grdnr", l: 20, pgs: 0}, vsgst: {tp: "vsgst", l: 20, pgs: 0}}}, cs: {ccltns: {casual: {ctp: "casual", cn: "", cct: ["girlShirt12", "girlShoes14", "girlPants9"]}}, cc: "casual"}, inv: {c: {cls: {it: [{iid: "", c: 1, tid: "girlUnderdress1"}, {iid: "", c: 1, tid: "girlUnderdress2"}], id: "cls"}, frn: {it: [], id: "frn"}, act: {it: [], id: "act"}, gm: {it: [{iid: "", c: 1, tid: "blackMobileSkin"}], id: "gm"}, lt: {it: [], id: "lt"}}}, achc: {tr: {freelanceSupport: {trcd: 0, trrt: 0, trid: "freelanceSupport"}, freelanceExchange: {trcd: 0, trrt: 0, trid: "freelanceExchange"}, newYear2018: {trcd: 0, trrt: 0, trid: "newYear2018"}, autumnEvent2019: {trcd: 0, trrt: 0, trid: "autumnEvent2019"}, firstApril2018: {trcd: 0, trrt: 0, trid: "firstApril2018"}, avaBirthdayTrophy2016: {trcd: 0, trrt: 0, trid: "avaBirthdayTrophy2016"}, freelanceModerator: {trcd: 0, trrt: 0, trid: "freelanceModerator"}, halloween2017: {trcd: 0, trrt: 0, trid: "halloween2017"}, freelanceTwitterInstagram: {trcd: 0, trrt: 0, trid: "freelanceTwitterInstagram"}, freelanceCup: {trcd: 0, trrt: 0, trid: "freelanceCup"}, freelanceVideo: {trcd: 0, trrt: 0, trid: "freelanceVideo"}, firstApril16Place4: {trcd: 0, trrt: 0, trid: "firstApril16Place4"}, snowboardPlace1: {trcd: 0, trrt: 0, trid: "snowboardPlace1"}, firstApril16Place1: {trcd: 0, trrt: 0, trid: "firstApril16Place1"}, activityPlace3: {trcd: 0, trrt: 0, trid: "activityPlace3"}, firstApril16Place2: {trcd: 0, trrt: 0, trid: "firstApril16Place2"}, avatarBirthday: {trcd: 0, trrt: 0, trid: "avatarBirthday"}, springDay2018: {trcd: 0, trrt: 0, trid: "springDay2018"}, snowboardPlace2: {trcd: 0, trrt: 0, trid: "snowboardPlace2"}, familyDay2016: {trcd: 0, trrt: 0, trid: "familyDay2016"}, activityPlace1: {trcd: 0, trrt: 0, trid: "activityPlace1"}, firstApril16Place3: {trcd: 0, trrt: 0, trid: "firstApril16Place3"}, halloween2018: {trcd: 0, trrt: 0, trid: "halloween2018"}, halloween2016: {trcd: 0, trrt: 0, trid: "halloween2016"}, weddingDay: {trcd: 0, trrt: 0, trid: "weddingDay"}, newYear2019: {trcd: 0, trrt: 0, trid: "newYear2019"}, mittens2020: {trcd: 0, trrt: 0, trid: "mittens2020"}, dzo2019: {trcd: 0, trrt: 0, trid: "dzo2019"}, newYear2017: {trcd: 0, trrt: 0, trid: "newYear2017"}, newYear2020hero: {trcd: 0, trrt: 0, trid: "newYear2020hero"}, freelanceMicrophone: {trcd: 0, trrt: 0, trid: "freelanceMicrophone"}, activityPlace2: {trcd: 0, trrt: 0, trid: "activityPlace2"}, freelanceJournal: {trcd: 0, trrt: 0, trid: "freelanceJournal"}, firstApril2019: {trcd: 0, trrt: 0, trid: "firstApril2019"}, stVal2018: {trcd: 0, trrt: 0, trid: "stVal2018"}, springDay2017: {trcd: 0, trrt: 0, trid: "springDay2017"}, firstApril16Place5: {trcd: 0, trrt: 0, trid: "firstApril16Place5"}, yearAvatar: {trcd: 0, trrt: 0, trid: "yearAvatar"}, snowboardPlace3: {trcd: 0, trrt: 0, trid: "snowboardPlace3"}}, ac: {workaholic: {aId: "workaholic", p: 0, l: 3, nWct: 0}, meerkatBear: {aId: "meerkatBear", p: 0, l: 3, nWct: 0}, snowboarder: {aId: "snowboarder", p: 0, l: 3, nWct: 0}, magnate: {aId: "magnate", p: 0, l: 3, nWct: 0}, pilowChamp: {aId: "pilowChamp", p: 0, l: 3, nWct: 0}, goodFriend: {aId: "goodFriend", p: 0, l: 3, nWct: 0}, beachRaceChamp: {aId: "beachRaceChamp", p: 0, l: 3, nWct: 0}, carRaceChamp: {aId: "carRaceChamp", p: 0, l: 3, nWct: 0}, activityWinner: {aId: "activityWinner", p: 0, l: 3, nWct: 0}, generous: {aId: "generous", p: 0, l: 3, nWct: 0}, vip: {aId: "vip", p: 0, l: 3, nWct: 0}, crafter: {aId: "crafter", p: 0, l: 3, nWct: 0}, subscription: {aId: "subscription", p: 0, l: 3, nWct: 0}, shopaholic: {aId: "shopaholic", p: 0, l: 3, nWct: 0}}}, clths: {clths: [{clid: null, tpid: "girlShirt12"}, {clid: null, tpid: "girlShoes14"}, {clid: null, tpid: "girlPants9"}]}, hs: {lt: 0, r: [{l: 13, id: "1", f: [{x: 0, y: 0, z: 0, lid: 3, d: 5, tpid: "floor4"}, {rid: "outside", x: 3, y: 0, z: 0, lid: 4, d: 3, tpid: "door4"}, {x: 13, y: 0, z: 0, lid: 2, d: 5, tpid: "wall15"}, {x: 0, y: 0, z: 0, lid: 1, d: 3, tpid: "wall15"}], nm: "Комната 1", w: 13, lev: 2}, {l: 13, id: "5", f: [{x: 0, y: 0, z: 0, lid: 3, d: 5, tpid: "floor4"}, {rid: "outside", x: 3, y: 0, z: 0, lid: 4, d: 3, tpid: "door4"}, {x: 13, y: 0, z: 0, lid: 2, d: 5, tpid: "wall15"}, {x: 0, y: 0, z: 0, lid: 1, d: 3, tpid: "wall15"}], nm: "Комната 5", w: 13, lev: 2}, {l: 13, id: "livingroom", f: [{x: 0, y: 0, z: 0, lid: 3, d: 5, tpid: "floor4"}, {rid: "outside", x: 3, y: 0, z: 0, lid: 4, d: 3, tpid: "door4"}, {x: 13, y: 0, z: 0, lid: 2, d: 5, tpid: "wall15"}, {x: 0, y: 0, z: 0, lid: 1, d: 3, tpid: "wall15"}], nm: "#livingRoom", w: 13, lev: 1}, {l: 13, id: "4", f: [{x: 0, y: 0, z: 0, lid: 3, d: 5, tpid: "floor4"}, {rid: "outside", x: 3, y: 0, z: 0, lid: 4, d: 3, tpid: "door4"}, {x: 13, y: 0, z: 0, lid: 2, d: 5, tpid: "wall15"}, {x: 0, y: 0, z: 0, lid: 1, d: 3, tpid: "wall15"}], nm: "Комната 4", w: 13, lev: 2}, {l: 13, id: "3", f: [{x: 0, y: 0, z: 0, lid: 3, d: 5, tpid: "floor4"}, {rid: "outside", x: 3, y: 0, z: 0, lid: 4, d: 3, tpid: "door4"}, {x: 13, y: 0, z: 0, lid: 2, d: 5, tpid: "wall15"}, {x: 0, y: 0, z: 0, lid: 1, d: 3, tpid: "wall15"}], nm: "Комната 3", w: 13, lev: 2}, {l: 13, id: "2", f: [{x: 0, y: 0, z: 0, lid: 3, d: 5, tpid: "floor4"}, {rid: "outside", x: 3, y: 0, z: 0, lid: 4, d: 3, tpid: "door4"}, {x: 13, y: 0, z: 0, lid: 2, d: 5, tpid: "wall15"}, {x: 0, y: 0, z: 0, lid: 1, d: 3, tpid: "wall15"}], nm: "Комната 2", w: 13, lev: 2}]}, apprnc: {brt: 29, fft: 0, ht: 131, mt: 6, rc: 1, nct: 0, hc: 7, g: 2, fat: 0, fac: 1, et: 7, ssc: 1, mc: 2, pt: 0, shc: 1, n: "РЫБА", bt: 0, ss: 0, sh: 0, rg: 0, sc: 1, bc: 1, ec: 2, brc: 1, pc: 1}}, tm: 1}]
Wed Jan 8 17:01:33 GMT+0400 2020 [INFO] Server said: 34: ["a.apprnc.save", {apprnc: {brt: 29, fft: 0, ht: 131, mt: 6, rc: 1, nct: 0, hc: 7, g: 2, fat: 0, fac: 1, et: 7, ssc: 1, mc: 2, pt: 0, shc: 1, n: "РЫБА", bt: 0, ss: 0, sh: 0, rg: 0, sc: 1, bc: 1, ec: 2, brc: 1, pc: 1}}]
Wed Jan 8 17:01:32 GMT+0400 2020 [INFO] Client said: 34: [null, "h.minfo", {onl: false, tm: 1578488493}]
Wed Jan 8 17:01:32 GMT+0400 2020 [INFO] Server said: 34: ["a.apprnc.save", {apprnc: {brt: 29, fft: 0, ht: 131, mt: 6, rc: 1, nct: 0, hc: 7, g: 2, fat: 0, fac: 1, et: 7, ssc: 1, mc: 2, pt: 0, shc: 1, n: "РЫБА", bt: 0, ss: 0, sh: 0, rg: 0, sc: 1, bc: 1, ec: 2, brc: 1, pc: 1}}]
Wed Jan 8 17:01:32 GMT+0400 2020 [INFO] Client said: 34: [null, "a.apprnc.save", {apprnc: {brt: 29, bc: 1, ht: 131, mt: 6, rc: 1, nct: 0, hc: 7, g: 2, fat: 0, fac: 1, bt: 0, ssc: 1, mc: 2, pt: 0, et: 7, shc: 1, n: "РЫБА", ss: 0, sh: 0, rg: 0, sc: 1, fft: 0, ec: 2, brc: 1, pc: 1}}]
Wed Jan 8 17:01:20 GMT+0400 2020 [INFO] Client said: 34: [null, "a.apprnc.save", {apprnc: {brt: 29, bc: 1, ht: 131, mt: 6, rc: 1, nct: 0, hc: 7, g: 2, fat: 0, fac: 1, bt: 0, ssc: 1, mc: 2, pt: 0, et: 7, shc: 1, n: "РЫБА", ss: 0, sh: 0, rg: 0, sc: 1, fft: 0, ec: 2, brc: 1, pc: 1}}]
Wed Jan 8 16:59:36 GMT+0400 2020 [INFO] Server said: 34: ["h.minfo", {has.avtr: false}]
Wed Jan 8 16:59:36 GMT+0400 2020 [INFO] Server said: 34: ["ctmr.get", {tu: {snowboardRating: []}}]
Wed Jan 8 16:59:36 GMT+0400 2020 [INFO] Server said: 34: ["ur.get", {bt: [{uid: 14, hr: 413116, cr: 14409}, {uid: 70, hr: 251420, cr: 6295}, {uid: 64, hr: 120844, cr: 1685}, {uid: 18, hr: 60174, cr: 1066}, {uid: 22, hr: 25373, cr: 36117}, {uid: 97, hr: 25173, cr: 1304}, {uid: 52, hr: 24539, cr: 16429}, {uid: 32, hr: 12979, cr: 9158}, {uid: 17, hr: 11208, cr: 22915}, {uid: 62, hr: 6005, cr: 433}]}]
Wed Jan 8 16:59:15 GMT+0400 2020 [INFO] Server said: 34: ["mail.gc", {in: [], out: []}]
Wed Jan 8 16:59:09 GMT+0400 2020 [INFO] Server said: 34: ["rl.get", {uid: "110", rlts: {}}]
Wed Jan 8 16:59:09 GMT+0400 2020 [INFO] Client said: 34: [null, "h.minfo", {onl: false, tm: 1578488350}]
Wed Jan 8 16:59:09 GMT+0400 2020 [INFO] Client said: 34: [null, "ctmr.get", {}]
Wed Jan 8 16:59:09 GMT+0400 2020 [INFO] Client said: 34: [null, "ur.get", {}]
Wed Jan 8 16:59:09 GMT+0400 2020 [INFO] Client said: 34: [null, "mail.gc", {}]
Wed Jan 8 16:59:09 GMT+0400 2020 [INFO] Client said: 34: [null, "rl.get", {}]
Wed Jan 8 16:59:09 GMT+0400 2020 [INFO] Server said: 1: ["110", true, false, false]
Wed Jan 8 16:59:08 GMT+0400 2020 [INFO] Client said: 1: ["house", "110", "gereDSevThWaYCokdhZA", {rfid: null, sid: "110", ln: "", rd: 0, lcl: "ru", ctr: 0, cty: 0, gdr: 0, pht: "http://vkontakte.ru/images/question_b.gif", nk: "", rftp: null, v: 2, lng: "ru", clvrn: "84.0.4", bd: "", fn: ""}]