ClientError: Thu Jan 9 17:15:01 GMT+0300 2020 [ERROR] wedding time is null or is not integer
Thu Jan 9 17:14:53 GMT+0300 2020 [INFO] Server said: 34: ["cp.cht.sm", {msg: {mid: null, cid: null, msg: "охуенно", sid: "55", tp: "chatTextMessage", tag: null}, rid: "house_14_livingroom"}]
Thu Jan 9 17:14:53 GMT+0300 2020 [INFO] Client said: 34: [null, "cp.cht.sm", {rid: "house_14_livingroom", msg: {mid: null, cid: null, msg: "охуенно", sid: "55", tp: "chatTextMessage", tag: null}}]
Thu Jan 9 17:14:51 GMT+0300 2020 [INFO] Server said: 34: ["cp.cht.sm", {msg: {mid: null, cid: null, msg: "ахахах", sid: "55", tp: "chatTextMessage", tag: null}, rid: "house_14_livingroom"}]
Thu Jan 9 17:14:50 GMT+0300 2020 [INFO] Client said: 34: [null, "cp.cht.sm", {rid: "house_14_livingroom", msg: {mid: null, cid: null, msg: "ахахах", sid: "55", tp: "chatTextMessage", tag: null}}]
Thu Jan 9 17:14:50 GMT+0300 2020 [INFO] Server said: 34: ["cp.cht.sm", {msg: {sid: "55", tp: "chatTypingMessage", cid: null}, rid: "house_14_livingroom"}]
Thu Jan 9 17:14:50 GMT+0300 2020 [INFO] Client said: 34: [null, "cp.cht.sm", {rid: "house_14_livingroom", msg: {sid: "55", tp: "chatTypingMessage", cid: null}}]
Thu Jan 9 17:14:50 GMT+0300 2020 [INFO] Server said: 34: ["cp.cht.sm", {msg: {mid: null, cid: null, msg: "бля", sid: "55", tp: "chatTextMessage", tag: null}, rid: "house_14_livingroom"}]
Thu Jan 9 17:14:50 GMT+0300 2020 [INFO] Client said: 34: [null, "cp.cht.sm", {rid: "house_14_livingroom", msg: {mid: null, cid: null, msg: "бля", sid: "55", tp: "chatTextMessage", tag: null}}]
Thu Jan 9 17:14:49 GMT+0300 2020 [INFO] Server said: 34: ["cp.cht.sm", {msg: {mid: null, cid: null, msg: "е бой", sid: "55", tp: "chatTextMessage", tag: null}, rid: "house_14_livingroom"}]
Thu Jan 9 17:14:48 GMT+0300 2020 [INFO] Client said: 34: [null, "cp.cht.sm", {rid: "house_14_livingroom", msg: {mid: null, cid: null, msg: "е бой", sid: "55", tp: "chatTextMessage", tag: null}}]
Thu Jan 9 17:14:45 GMT+0300 2020 [INFO] Server said: 34: ["rl.crs", {uid: "14", rlt: {p: 0, s: 70, ut: 1578579282, t: null, st: 1578579282}}]
Thu Jan 9 17:14:44 GMT+0300 2020 [INFO] Server said: 34: ["cp.cht.sm", {rid: "house_14_livingroom", msg: {mid: null, cid: null, msg: "ура ебать", sid: "14", tp: "chatTextMessage", tag: null}}]
Thu Jan 9 17:14:44 GMT+0300 2020 [INFO] Client said: 34: [null, "rl.crs", {uid: "14", cnf: null, s: 70, cs: 60}]
Thu Jan 9 17:14:39 GMT+0300 2020 [INFO] Server said: 34: ["rl.crs", {uid: "14", rlt: {p: 0, s: 60, ut: 1578579276, t: null, st: 1578579276}}]
Thu Jan 9 17:14:38 GMT+0300 2020 [INFO] Client said: 34: [null, "rl.crs", {uid: "14", cnf: "engaged", s: 60, cs: 50, t: {er: "engRing3"}}]
Thu Jan 9 17:14:38 GMT+0300 2020 [INFO] Server said: 34: ["cf.uca", {uid: "14", at: "engaged"}]
Thu Jan 9 17:14:34 GMT+0300 2020 [INFO] Server said: 34: ["rl.urp", {uid: "14", rlt: {p: 100, s: 50, ut: 1578579261, t: null, st: 1578579261}, chprr: "kiss"}]
Thu Jan 9 17:14:32 GMT+0300 2020 [INFO] Server said: 34: ["rl.urp", {uid: "14", rlt: {p: 100, s: 50, ut: 1578579261, t: null, st: 1578579261}, chprr: "kiss"}]
Thu Jan 9 17:14:31 GMT+0300 2020 [INFO] Client said: 34: [null, "cf.uc", {uid: "14", at: "engaged", prms: {er: "engRing3"}}]
Thu Jan 9 17:14:30 GMT+0300 2020 [INFO] Client said: 34: ["house_14_livingroom", "h.r.ks", {uid: "55", sy: 4.16, sx: 4.49, tmid: "14"}]
Thu Jan 9 17:14:30 GMT+0300 2020 [INFO] Client said: 34: ["house_14_livingroom", "h.r.u", {uid: "55", x: 4.49, at: "", st: 23, y: 4.16, d: 4}]
Thu Jan 9 17:14:30 GMT+0300 2020 [INFO] Client said: 34: ["house_14_livingroom", "h.r.m", {uid: "55", sy: 4.16, dx: 4.49, sx: 4.49, dy: 4.16}]
Thu Jan 9 17:14:30 GMT+0300 2020 [INFO] Server said: 34: ["cf.uca", {uid: "14", at: "kiss"}]
Thu Jan 9 17:14:29 GMT+0300 2020 [INFO] Client said: 34: ["house_14_livingroom", "h.r.ks", {uid: "55", sy: 4.16, sx: 4.49, tmid: "14"}]
Thu Jan 9 17:14:29 GMT+0300 2020 [INFO] Client said: 34: ["house_14_livingroom", "h.r.u", {uid: "55", x: 4.49, at: "", st: 23, y: 4.16, d: 4}]
Thu Jan 9 17:14:29 GMT+0300 2020 [INFO] Client said: 34: ["house_14_livingroom", "h.r.m", {uid: "55", sy: 4.16, dx: 4.49, sx: 4.49, dy: 4.16}]
Thu Jan 9 17:14:29 GMT+0300 2020 [INFO] Server said: 34: ["cf.uca", {uid: "14", at: "kiss"}]
Thu Jan 9 17:14:26 GMT+0300 2020 [INFO] Server said: 34: ["rl.urp", {uid: "14", rlt: {p: 100, s: 50, ut: 1578579261, t: null, st: 1578579261}, chprr: "kiss"}]
Thu Jan 9 17:14:25 GMT+0300 2020 [INFO] Client said: 34: ["house_14_livingroom", "h.r.ks", {uid: "55", sy: 4.16, sx: 4.49, tmid: "14"}]
Thu Jan 9 17:14:25 GMT+0300 2020 [INFO] Client said: 34: ["house_14_livingroom", "h.r.u", {uid: "55", x: 4.49, at: "", st: 23, y: 4.16, d: 4}]
Thu Jan 9 17:14:25 GMT+0300 2020 [INFO] Client said: 34: ["house_14_livingroom", "h.r.m", {uid: "55", sy: 4.16, dx: 4.49, sx: 4.49, dy: 4.16}]
Thu Jan 9 17:14:24 GMT+0300 2020 [INFO] Server said: 34: ["cf.uca", {uid: "14", at: "kiss"}]
Thu Jan 9 17:14:23 GMT+0300 2020 [INFO] Server said: 34: ["rl.crs", {uid: "14", rlt: {p: 0, s: 50, ut: 1578579261, t: null, st: 1578579261}}]
Thu Jan 9 17:14:21 GMT+0300 2020 [INFO] Client said: 34: [null, "rl.crs", {uid: "14", cnf: null, s: 50, cs: 43}]
Thu Jan 9 17:14:19 GMT+0300 2020 [INFO] Server said: 34: ["rl.urp", {uid: "14", rlt: {p: 100, s: 43, ut: 1578579139, t: null, st: 1578579139}, chprr: "kiss"}]
Thu Jan 9 17:14:19 GMT+0300 2020 [INFO] Server said: 34: ["cp.cht.sm", {msg: {mid: null, cid: null, msg: "о", sid: "55", tp: "chatTextMessage", tag: null}, rid: "house_14_livingroom"}]
Thu Jan 9 17:14:18 GMT+0300 2020 [INFO] Server said: 34: ["cp.cht.sm", {msg: {mid: null, cid: null, msg: "когда там уже", sid: "55", tp: "chatTextMessage", tag: null}, rid: "house_14_livingroom"}]
Thu Jan 9 17:14:18 GMT+0300 2020 [INFO] Server said: 34: ["cp.cht.sm", {msg: {sid: "55", tp: "chatTypingMessage", cid: null}, rid: "house_14_livingroom"}]