ClientError: Thu Jan 9 16:54:42 GMT+0300 2020 [CRITICAL] [house] *Uncaught Error* ErrorId: 1010 ErrorName: TypeError ErrorMessage:Error #1010 ErrorStackTrace:TypeError: Error #1010
	at _-1u9::URL/parse()
	at _-1u9::URL()
	at _-18R::LoadingItem()
	at _-18R::SWFLoadingItem()
	at _-0bS::MassLoader/add()
	at _-0bS::MassLoader/_-2R5()
	at flash.events::EventDispatcher/dispatchEvent()
	at _-18R::LoadingItem/_-1Iu()
	at _-18R::LoadingItem/onError()
	at _-18R::SWFLoadingItem/onError()
	at flash.events::EventDispatcher/dispatchEvent()
	at flash.net::URLLoader/onComplete()
Thu Jan 9 16:54:32 GMT+0300 2020 [INFO] Client said: 34: ["house_55_livingroom", "h.r.u", {uid: "55", x: 5.25, at: "", st: 23, y: 8.06, d: 6}]
Thu Jan 9 16:54:28 GMT+0300 2020 [INFO] Client said: 34: ["house_55_livingroom", "h.r.m", {uid: "55", sy: 11.27, dx: 5.25, sx: 12, dy: 8.06}]
Thu Jan 9 16:54:27 GMT+0300 2020 [INFO] Client said: 34: ["house_55_livingroom", "h.r.u", {uid: "55", x: 12, y: 11.27, d: 4, st: 0}]
Thu Jan 9 16:54:27 GMT+0300 2020 [INFO] Server said: 34: ["lg.lst", {glst: []}]
Thu Jan 9 16:54:27 GMT+0300 2020 [INFO] Client said: 34: ["house_55_livingroom", "lg.lst", {}]
Thu Jan 9 16:54:27 GMT+0300 2020 [INFO] Server said: 34: ["h.r.info", {evn: null, rmmb: [{uid: "55", usrinf: {rl: 0}, clths: {clths: [{tpid: "girlShoes14", clid: null}, {tpid: "girlDrssSV19", clid: null}]}, ci: {rtrtm: 0, vsact: true, exp: 85800, hrt: 2615, crt: 1215, vret: 0, trid: "activityPlace1", gdc: 0, vfgc: 0, trcd: 0, actrt: 0, ceid: 0, vip: true, sbrt: 0, cmid: 0, plcmt: {}, dr: true, lgt: 0, compid: 0, spp: 0, crst: 0, tts: null, skrt: 0, actrp: 0, sbid: null, bcld: 0, fexp: 0, shousd: false, pamns: {amn: []}, vexp: 1965298000, as: null, eml: null, kyktid: null, lvt: 1578577737, vsexp: 1965298000, lrnt: 0, ysct: 0, actrd: 0, ys: 0, fak: null, lwts: 0, shcr: true, gtrfrd: 0, skid: null, strfrd: 0, rpt: 0}, locinfo: {x: -1, s: "127.0.0.1", at: "", l: "house_55_livingroom", st: 0, shlc: true, y: -1, d: 4, pl: ""}, pf: {pf: {vsgst: {tp: "vsgst", l: 20, pgs: 0}, phtghr: {tp: "phtghr", l: 20, pgs: 0}, grdnr: {tp: "grdnr", l: 20, pgs: 0}, jntr: {tp: "jntr", l: 20, pgs: 0}}}, apprnc: {ht: 33, et: 31, brc: 10, pt: 0, rg: 0, rc: 1, bt: 0, g: 2, sh: 0, ssc: 1, fac: 1, ss: 0, n: "Морин очка", nct: 0, hc: 16, ec: 2, fat: 0, mt: 31, fft: 9, brt: 30, pc: 1, sc: 1, mc: 29, bc: 1, shc: 1}, mbm: {sk: "blackMobileSkin", ac: null}}], rm: {id: "livingroom", lev: 1, nm: "#livingRoom", f: [{x: 0, tpid: "pdmNY20Flr", lid: 68020835, z: 0, y: 0, d: 5}, {x: 7.96875, tpid: "wdwCtr1", lid: 27628129, z: 0, y: 0, d: 3}, {x: 12, tpid: "tblCtr2", lid: 35747481, z: 0, y: 9.34375, d: 5}, {x: 12, tpid: "fireplaceCtr", lid: 6821339, z: 0, y: 1.015625, d: 5}, {x: 12, tpid: "sfCtr", lid: 78224273, z: 0, y: 5, d: 5}, {x: 13, tpid: "drCntr1", lid: 4, z: 0, y: 10.765625, d: 5, rid: "outside"}, {x: 0, tpid: "tblCtr1", lid: 20984532, z: 0, y: 5, d: 3}, {x: 13, tpid: "pdmNY20Wll", lid: 63295954, z: 0, y: 0, d: 5}, {x: 0, tpid: "pdmNY20Wll", lid: 63295953, z: 0, y: 0, d: 3}, {x: 12.9, tpid: "ptCtr", lid: 87589560, z: 2, y: 6.515625, d: 5}, {x: 3, tpid: "csCtr", lid: 98887420, z: 0, y: 0, d: 3}], l: 13, w: 13}}]
Thu Jan 9 16:54:27 GMT+0300 2020 [INFO] Client said: 34: ["house_55_livingroom", "h.r.info", {uid: "55", rid: "livingroom"}]
Thu Jan 9 16:54:27 GMT+0300 2020 [INFO] Server said: 34: ["h.gr", {rid: "house_55_livingroom"}]
Thu Jan 9 16:54:27 GMT+0300 2020 [INFO] Server said: 16: ["house_55_livingroom", "55"]
Thu Jan 9 16:54:26 GMT+0300 2020 [INFO] Server said: 34: ["h.r.jn", {plr: {uid: "55", usrinf: {rl: 0}, clths: {clths: [{tpid: "girlShoes14", clid: null}, {tpid: "girlDrssSV19", clid: null}]}, ci: {rtrtm: 0, vsact: true, exp: 85800, hrt: 2615, crt: 1215, vret: 0, trid: "activityPlace1", gdc: 0, vfgc: 0, trcd: 0, actrt: 0, ceid: 0, vip: true, sbrt: 0, cmid: 0, plcmt: {}, dr: true, lgt: 0, compid: 0, spp: 0, crst: 0, tts: null, skrt: 0, actrp: 0, sbid: null, bcld: 0, fexp: 0, shousd: false, pamns: {amn: []}, vexp: 1965298000, as: null, eml: null, kyktid: null, lvt: 1578577737, vsexp: 1965298000, lrnt: 0, ysct: 0, actrd: 0, ys: 0, fak: null, lwts: 0, shcr: true, gtrfrd: 0, skid: null, strfrd: 0, rpt: 0}, locinfo: {x: -1, s: "127.0.0.1", at: "", l: "house_55_livingroom", st: 0, shlc: true, y: -1, d: 4, pl: ""}, pf: {pf: {vsgst: {tp: "vsgst", l: 20, pgs: 0}, phtghr: {tp: "phtghr", l: 20, pgs: 0}, grdnr: {tp: "grdnr", l: 20, pgs: 0}, jntr: {tp: "jntr", l: 20, pgs: 0}}}, apprnc: {ht: 33, et: 31, brc: 10, pt: 0, rg: 0, rc: 1, bt: 0, g: 2, sh: 0, ssc: 1, fac: 1, ss: 0, n: "Морин очка", nct: 0, hc: 16, ec: 2, fat: 0, mt: 31, fft: 9, brt: 30, pc: 1, sc: 1, mc: 29, bc: 1, shc: 1}, mbm: {sk: "blackMobileSkin", ac: null}}}]
Thu Jan 9 16:54:26 GMT+0300 2020 [INFO] Client said: 34: [null, "h.gr", {gid: "55", lid: "house", rid: "livingroom"}]
Thu Jan 9 16:54:26 GMT+0300 2020 [INFO] Client said: 17: ["house_55_1"]
Thu Jan 9 16:54:23 GMT+0300 2020 [INFO] Server said: 34: ["h.r.rfr", {rm: {nm: "Комната 1", f: [{x: 3, tpid: "door4", lid: 4, z: 0, y: 0, d: 3, rid: "outside"}, {x: 13, tpid: "NY20Wllppr", lid: 74044600, z: 0, y: 0, d: 5}, {x: 0, tpid: "NY20Wllppr", lid: 74044599, z: 0, y: 0, d: 3}, {x: 0, tpid: "NY20Flr", lid: 68782291, z: 0, y: 0, d: 5}], l: 13, w: 13, lev: 2}}]
Thu Jan 9 16:54:23 GMT+0300 2020 [INFO] Client said: 34: ["house_55_1", "h.r.rfr", {}]
Thu Jan 9 16:54:23 GMT+0300 2020 [INFO] Server said: 34: ["frn.save", {ci: {rtrtm: 0, vsact: true, exp: 85800, hrt: 2615, crt: 1215, vret: 0, trid: "activityPlace1", gdc: 0, vfgc: 0, trcd: 0, actrt: 0, ceid: 0, vip: true, sbrt: 0, cmid: 0, plcmt: {}, dr: true, lgt: 0, compid: 0, spp: 0, crst: 0, tts: null, skrt: 0, actrp: 0, sbid: null, bcld: 0, fexp: 0, shousd: false, pamns: {amn: []}, vexp: 1965298000, as: null, eml: null, kyktid: null, lvt: 1578577737, vsexp: 1965298000, lrnt: 0, ysct: 0, actrd: 0, ys: 0, fak: null, lwts: 0, shcr: true, gtrfrd: 0, skid: null, strfrd: 0, rpt: 0}, hs: {id: "1", lev: 2, nm: "house", f: [{x: 3, tpid: "door4", lid: 4, z: 0, y: 0, d: 3, rid: "outside"}, {x: 13, tpid: "NY20Wllppr", lid: 74044600, z: 0, y: 0, d: 5}, {x: 0, tpid: "NY20Wllppr", lid: 74044599, z: 0, y: 0, d: 3}, {x: 0, tpid: "NY20Flr", lid: 68782291, z: 0, y: 0, d: 5}], l: 13, w: 13}, inv: {c: {cls: {it: [{c: 1, iid: "", tid: "girlUnderdress1"}, {c: 1, iid: "", tid: "girlUnderdress2"}, {c: 1, iid: "", tid: "girlShirt12"}, {c: 1, iid: "", tid: "girlNY20VKGiftPllvCnd"}, {c: 1, iid: "", tid: "girlTShrtNY20Nght"}, {c: 1, iid: "", tid: "girlPants9"}, {c: 1, iid: "19", tid: "grlCtrVntgDrs"}], id: "cls"}, gm: {it: [{c: 1, iid: "", tid: "blackMobileSkin"}], id: "gm"}, act: {it: [], id: "act"}, frn: {it: [{c: 2, iid: "", tid: "floor4"}, {c: 1, iid: "", tid: "door4"}, {c: 2, iid: "", tid: "wall15"}, {c: 1, iid: "", tid: "wallCtr1"}, {c: 1, iid: "", tid: "floorCtr1"}], id: "frn"}, lt: {it: [], id: "lt"}}}}]
Thu Jan 9 16:54:23 GMT+0300 2020 [INFO] Client said: 34: ["house_55_1", "frn.save", {f: [{oid: 74044599, tm: 1578578060462, tpid: "NY20Wllppr", t: 0}, {oid: 68782291, tm: 1578578059935, tpid: "NY20Flr", t: 0}]}]
Thu Jan 9 16:54:13 GMT+0300 2020 [INFO] Server said: 34: ["ntf.res", {res: {gld: 9363, emd: 0, slvr: 5500, enrg: 500}}]
Thu Jan 9 16:54:13 GMT+0300 2020 [INFO] Server said: 34: ["ntf.inv", {it: {c: 1, iid: "", tid: "NY20Flr"}}]
Thu Jan 9 16:54:13 GMT+0300 2020 [INFO] Client said: 34: [null, "frn.buy", {pind: 2, cnt: 1, tpid: "NY20Flr"}]
Thu Jan 9 16:54:06 GMT+0300 2020 [INFO] Server said: 34: ["ntf.res", {res: {gld: 9363, emd: 0, slvr: 10000, enrg: 500}}]
Thu Jan 9 16:54:05 GMT+0300 2020 [INFO] Server said: 34: ["ntf.inv", {it: {c: 1, iid: "", tid: "NY20Wllppr"}}]
Thu Jan 9 16:54:05 GMT+0300 2020 [INFO] Client said: 34: [null, "frn.buy", {pind: 1, cnt: 1, tpid: "NY20Wllppr"}]
Thu Jan 9 16:53:50 GMT+0300 2020 [INFO] Client said: 34: ["house_55_1", "h.r.u", {uid: "55", x: 4.05, y: 0.1, d: 4, st: 0}]
Thu Jan 9 16:53:50 GMT+0300 2020 [INFO] Server said: 34: ["lg.lst", {glst: []}]
Thu Jan 9 16:53:50 GMT+0300 2020 [INFO] Client said: 34: ["house_55_1", "lg.lst", {}]
Thu Jan 9 16:53:50 GMT+0300 2020 [INFO] Server said: 34: ["h.r.info", {evn: null, rmmb: [{uid: "55", usrinf: {rl: 0}, clths: {clths: [{tpid: "girlShoes14", clid: null}, {tpid: "girlDrssSV19", clid: null}]}, ci: {rtrtm: 0, vsact: true, exp: 85800, hrt: 2170, crt: 1215, vret: 0, trid: "activityPlace1", gdc: 0, vfgc: 0, trcd: 0, actrt: 0, ceid: 0, vip: true, sbrt: 0, cmid: 0, plcmt: {}, dr: true, lgt: 0, compid: 0, spp: 0, crst: 0, tts: null, skrt: 0, actrp: 0, sbid: null, bcld: 0, fexp: 0, shousd: false, pamns: {amn: []}, vexp: 1965298000, as: null, eml: null, kyktid: null, lvt: 1578577737, vsexp: 1965298000, lrnt: 0, ysct: 0, actrd: 0, ys: 0, fak: null, lwts: 0, shcr: true, gtrfrd: 0, skid: null, strfrd: 0, rpt: 0}, locinfo: {x: -1, s: "127.0.0.1", at: "", l: "house_55_1", st: 0, shlc: true, y: -1, d: 4, pl: ""}, pf: {pf: {vsgst: {tp: "vsgst", l: 20, pgs: 0}, phtghr: {tp: "phtghr", l: 20, pgs: 0}, grdnr: {tp: "grdnr", l: 20, pgs: 0}, jntr: {tp: "jntr", l: 20, pgs: 0}}}, apprnc: {ht: 33, et: 31, brc: 10, pt: 0, rg: 0, rc: 1, bt: 0, g: 2, sh: 0, ssc: 1, fac: 1, ss: 0, n: "Морин очка", nct: 0, hc: 16, ec: 2, fat: 0, mt: 31, fft: 9, brt: 30, pc: 1, sc: 1, mc: 29, bc: 1, shc: 1}, mbm: {sk: "blackMobileSkin", ac: null}}], rm: {id: "1", lev: 2, nm: "Комната 1", f: [{x: 0, tpid: "floor4", lid: 3, z: 0, y: 0, d: 5}, {x: 3, tpid: "door4", lid: 4, z: 0, y: 0, d: 3, rid: "outside"}, {x: 13, tpid: "wall15", lid: 2, z: 0, y: 0, d: 5}, {x: 0, tpid: "wall15", lid: 1, z: 0, y: 0, d: 3}], l: 13, w: 13}}]
Thu Jan 9 16:53:50 GMT+0300 2020 [INFO] Client said: 34: ["house_55_1", "h.r.info", {uid: "55", rid: "1"}]
Thu Jan 9 16:53:50 GMT+0300 2020 [INFO] Server said: 34: ["h.gr", {rid: "house_55_1"}]
Thu Jan 9 16:53:50 GMT+0300 2020 [INFO] Server said: 16: ["house_55_1", "55"]
Thu Jan 9 16:53:50 GMT+0300 2020 [INFO] Server said: 34: ["h.r.jn", {plr: {uid: "55", usrinf: {rl: 0}, clths: {clths: [{tpid: "girlShoes14", clid: null}, {tpid: "girlDrssSV19", clid: null}]}, ci: {rtrtm: 0, vsact: true, exp: 85800, hrt: 2170, crt: 1215, vret: 0, trid: "activityPlace1", gdc: 0, vfgc: 0, trcd: 0, actrt: 0, ceid: 0, vip: true, sbrt: 0, cmid: 0, plcmt: {}, dr: true, lgt: 0, compid: 0, spp: 0, crst: 0, tts: null, skrt: 0, actrp: 0, sbid: null, bcld: 0, fexp: 0, shousd: false, pamns: {amn: []}, vexp: 1965298000, as: null, eml: null, kyktid: null, lvt: 1578577737, vsexp: 1965298000, lrnt: 0, ysct: 0, actrd: 0, ys: 0, fak: null, lwts: 0, shcr: true, gtrfrd: 0, skid: null, strfrd: 0, rpt: 0}, locinfo: {x: -1, s: "127.0.0.1", at: "", l: "house_55_1", st: 0, shlc: true, y: -1, d: 4, pl: ""}, pf: {pf: {vsgst: {tp: "vsgst", l: 20, pgs: 0}, phtghr: {tp: "phtghr", l: 20, pgs: 0}, grdnr: {tp: "grdnr", l: 20, pgs: 0}, jntr: {tp: "jntr", l: 20, pgs: 0}}}, apprnc: {ht: 33, et: 31, brc: 10, pt: 0, rg: 0, rc: 1, bt: 0, g: 2, sh: 0, ssc: 1, fac: 1, ss: 0, n: "Морин очка", nct: 0, hc: 16, ec: 2, fat: 0, mt: 31, fft: 9, brt: 30, pc: 1, sc: 1, mc: 29, bc: 1, shc: 1}, mbm: {sk: "blackMobileSkin", ac: null}}}]
Thu Jan 9 16:53:50 GMT+0300 2020 [INFO] Client said: 34: [null, "h.gr", {gid: "55", lid: "house", rid: "1"}]
Thu Jan 9 16:53:50 GMT+0300 2020 [INFO] Client said: 17: ["house_55_livingroom"]
Thu Jan 9 16:52:53 GMT+0300 2020 [INFO] Server said: 34: ["h.r.rfr", {rm: {nm: "#livingRoom", f: [{x: 0, tpid: "pdmNY20Flr", lid: 68020835, z: 0, y: 0, d: 5}, {x: 7.96875, tpid: "wdwCtr1", lid: 27628129, z: 0, y: 0, d: 3}, {x: 12, tpid: "tblCtr2", lid: 35747481, z: 0, y: 9.34375, d: 5}, {x: 12, tpid: "fireplaceCtr", lid: 6821339, z: 0, y: 1.015625, d: 5}, {x: 12, tpid: "sfCtr", lid: 78224273, z: 0, y: 5, d: 5}, {x: 13, tpid: "drCntr1", lid: 4, z: 0, y: 10.765625, d: 5, rid: "outside"}, {x: 0, tpid: "tblCtr1", lid: 20984532, z: 0, y: 5, d: 3}, {x: 13, tpid: "pdmNY20Wll", lid: 63295954, z: 0, y: 0, d: 5}, {x: 0, tpid: "pdmNY20Wll", lid: 63295953, z: 0, y: 0, d: 3}, {x: 12.9, tpid: "ptCtr", lid: 87589560, z: 2, y: 6.515625, d: 5}, {x: 3, tpid: "csCtr", lid: 98887420, z: 0, y: 0, d: 3}], lev: 1, l: 13, w: 13}}]
Thu Jan 9 16:52:53 GMT+0300 2020 [INFO] Client said: 34: ["house_55_livingroom", "h.r.rfr", {}]
Thu Jan 9 16:52:53 GMT+0300 2020 [INFO] Server said: 34: ["frn.save", {ci: {rtrtm: 0, vsact: true, exp: 85800, hrt: 2170, crt: 1215, vret: 0, trid: "activityPlace1", gdc: 0, vfgc: 0, trcd: 0, actrt: 0, ceid: 0, vip: true, sbrt: 0, cmid: 0, plcmt: {}, dr: true, lgt: 0, compid: 0, spp: 0, crst: 0, tts: null, skrt: 0, actrp: 0, sbid: null, bcld: 0, fexp: 0, shousd: false, pamns: {amn: []}, vexp: 1965298000, as: null, eml: null, kyktid: null, lvt: 1578577737, vsexp: 1965298000, lrnt: 0, ysct: 0, actrd: 0, ys: 0, fak: null, lwts: 0, shcr: true, gtrfrd: 0, skid: null, strfrd: 0, rpt: 0}, hs: {id: "livingroom", lev: 1, nm: "house", f: [{x: 0, tpid: "pdmNY20Flr", lid: 68020835, z: 0, y: 0, d: 5}, {x: 7.96875, tpid: "wdwCtr1", lid: 27628129, z: 0, y: 0, d: 3}, {x: 12, tpid: "tblCtr2", lid: 35747481, z: 0, y: 9.34375, d: 5}, {x: 12, tpid: "fireplaceCtr", lid: 6821339, z: 0, y: 1.015625, d: 5}, {x: 12, tpid: "sfCtr", lid: 78224273, z: 0, y: 5, d: 5}, {x: 13, tpid: "drCntr1", lid: 4, z: 0, y: 10.765625, d: 5, rid: "outside"}, {x: 0, tpid: "tblCtr1", lid: 20984532, z: 0, y: 5, d: 3}, {x: 13, tpid: "pdmNY20Wll", lid: 63295954, z: 0, y: 0, d: 5}, {x: 0, tpid: "pdmNY20Wll", lid: 63295953, z: 0, y: 0, d: 3}, {x: 12.9, tpid: "ptCtr", lid: 87589560, z: 2, y: 6.515625, d: 5}, {x: 3, tpid: "csCtr", lid: 98887420, z: 0, y: 0, d: 3}], l: 13, w: 13}, inv: {c: {cls: {it: [{c: 1, iid: "", tid: "girlUnderdress1"}, {c: 1, iid: "", tid: "girlUnderdress2"}, {c: 1, iid: "", tid: "girlShirt12"}, {c: 1, iid: "", tid: "girlNY20VKGiftPllvCnd"}, {c: 1, iid: "", tid: "girlTShrtNY20Nght"}, {c: 1, iid: "", tid: "girlPants9"}, {c: 1, iid: "19", tid: "grlCtrVntgDrs"}], id: "cls"}, gm: {it: [{c: 1, iid: "", tid: "blackMobileSkin"}], id: "gm"}, act: {it: [], id: "act"}, frn: {it: [{c: 1, iid: "", tid: "floor4"}, {c: 1, iid: "", tid: "door4"}, {c: 1, iid: "", tid: "wall15"}, {c: 1, iid: "", tid: "wallCtr1"}, {c: 1, iid: "", tid: "floorCtr1"}], id: "frn"}, lt: {it: [], id: "lt"}}}}]
Thu Jan 9 16:52:53 GMT+0300 2020 [INFO] Client said: 34: ["house_55_livingroom", "frn.save", {f: [{oid: 63295953, tm: 1578577969389, tpid: "pdmNY20Wll", t: 0}, {oid: 68020835, tm: 1578577969860, tpid: "pdmNY20Flr", t: 0}]}]
Thu Jan 9 16:52:50 GMT+0300 2020 [INFO] Loaded  LoadingItem(url: http://62.113.113.58:8080/files/swf/furniture/house/FloorPodium2020.swf, status: 2) 
Thu Jan 9 16:52:49 GMT+0300 2020 [INFO] Loaded  LoadingItem(url: http://62.113.113.58:8080/files/swf/furniture/house/WallPodium2020.swf, status: 2) 