ClientError: Thu Jan 9 20:20:18 GMT+0500 2020 [CRITICAL] [house] *Uncaught Error* ErrorId: 1009 ErrorName: TypeError ErrorMessage:Error #1009 ErrorStackTrace:TypeError: Error #1009
	at MethodInfo-2()
	at flash.events::EventDispatcher/dispatchEvent()
	at _-jr::FurnitureLoader/_-2qc()
	at flash.events::EventDispatcher/dispatchEvent()
	at _-0bS::MassLoader/_-4Ql()
	at _-0bS::MassLoader/_-WZ()
	at flash.events::EventDispatcher/dispatchEvent()
	at _-18R::LoadingItem/onComplete()
	at _-18R::SWFLoadingItem/onComplete()
	at MethodInfo-7()
Thu Jan 9 20:20:18 GMT+0500 2020 [INFO] Loaded  LoadingItem(url: http://62.113.113.58:8080/files/swf/furniture/furniture/GamerTable.swf, status: 2) 
Thu Jan 9 20:20:17 GMT+0500 2020 [INFO] [YandexMetrics.reachGoal] Call reach goal 'click_buy_product' for counter 31321471
Thu Jan 9 20:20:17 GMT+0500 2020 [INFO] Client said: 34: [null, "b.chkprchs", {qnt: 1, pmnt: {ct2: null, tpid: "flrAq1", ct3: null, ctx: {dialogSource: "furnitureShopDialog"}, ct1: null, srv: 3}, prid: "pack9999"}]
Thu Jan 9 20:20:16 GMT+0500 2020 [INFO] [YandexMetrics.reachGoal] Call reach goal 'show_payment_dialog' for counter 31321471
Thu Jan 9 20:20:07 GMT+0500 2020 [INFO] [YandexMetrics.reachGoal] Call reach goal 'close_payment_dialog' for counter 31321471
Thu Jan 9 20:20:05 GMT+0500 2020 [INFO] [YandexMetrics.reachGoal] Call reach goal 'show_payment_dialog' for counter 31321471
Thu Jan 9 20:19:22 GMT+0500 2020 [INFO] Server said: 34: ["h.r.ra", {plr: {clths: {clths: [{clid: null, tpid: "boyTShrtWnt19Yllw"}, {clid: null, tpid: "boyPntsNY20Gld"}, {clid: null, tpid: "boySMR14Sh3"}]}, usrinf: {rl: 0}, ci: {exp: 85800, lgt: 0, compid: 0, trcd: 0, actrd: 0, sbrt: 0, actrp: 0, eml: null, shousd: false, vexp: 1965298000, vsexp: 1965298000, ys: 0, sbid: null, ysct: 0, as: null, vsact: true, fak: null, lvt: 1578582592, vret: 0, plcmt: {}, vip: true, lrnt: 0, vfgc: 0, pamns: {amn: []}, gtrfrd: 0, fexp: 0, ceid: 0, shcr: true, crst: 0, strfrd: 0, skid: null, cmid: 0, lwts: 0, rtrtm: 0, hrt: 174, dr: true, kyktid: null, bcld: 0, spp: 0, skrt: 0, actrt: 0, trid: null, tts: null, rpt: 0, crt: 691, gdc: 0}, uid: "1104", locinfo: {pl: "", x: 5.14, st: 23, y: 3.89, shlc: true, s: "127.0.0.1", l: "house_1104_livingroom", at: "", d: 4}, apprnc: {mt: 1, pt: 0, fac: 1, ss: 0, pc: 1, g: 1, ht: 83, brc: 4, sc: 4, rg: 0, fft: 0, fat: 0, mc: 1, nct: 0, rc: 1, ssc: 1, ec: 5, brt: 19, sh: 0, n: "ⱴĎԁƳǻßøłⱴ", shc: 1, hc: 1, bc: 1, bt: 0, et: 3}, pf: {pf: {phtghr: {tp: "phtghr", pgs: 0, l: 20}, grdnr: {tp: "grdnr", pgs: 0, l: 20}, jntr: {tp: "jntr", pgs: 0, l: 20}, vsgst: {tp: "vsgst", pgs: 0, l: 20}}}, mbm: {sk: "blackMobileSkin", ac: null}}}]
Thu Jan 9 20:19:18 GMT+0500 2020 [INFO] Client said: 34: ["house_1104_livingroom", "h.r.ra", {}]
Thu Jan 9 20:19:18 GMT+0500 2020 [INFO] Server said: 34: ["a.clths.buy", {inv: {c: {lt: {id: "lt", it: []}, gm: {id: "gm", it: [{c: 1, iid: "", tid: "blackMobileSkin"}]}, frn: {id: "frn", it: []}, act: {id: "act", it: []}, cls: {id: "cls", it: [{c: 1, iid: "", tid: "boyUnderdress1"}, {c: 1, iid: "", tid: "boyShirt14"}, {c: 1, iid: "", tid: "boyPants10"}, {c: 1, iid: "", tid: "boyShoes8"}, {c: 1, iid: "", tid: "boyJmpNY20Gld"}]}}}, clths: {clths: [{clid: null, tpid: "boyTShrtWnt19Yllw"}, {clid: null, tpid: "boyPntsNY20Gld"}, {clid: null, tpid: "boySMR14Sh3"}]}, ccltn: {cn: "", ctp: "casual", cct: ["boyTShrtWnt19Yllw", "boyPntsNY20Gld", "boySMR14Sh3"]}, crt: 691, res: {slvr: 2100, emd: 0, gld: 4442, enrg: 500}}]
Thu Jan 9 20:19:06 GMT+0500 2020 [INFO] Client said: 34: [null, "a.clths.buy", {pind: 1, ctp: "casual", tpid: "boyTShrtWnt19Yllw"}]
Thu Jan 9 20:18:56 GMT+0500 2020 [INFO] Server said: 34: ["h.r.ra", {plr: {clths: {clths: [{clid: null, tpid: "boyJmpNY20Gld"}, {clid: null, tpid: "boyPntsNY20Gld"}, {clid: null, tpid: "boySMR14Sh3"}]}, usrinf: {rl: 0}, ci: {exp: 85800, lgt: 0, compid: 0, trcd: 0, actrd: 0, sbrt: 0, actrp: 0, eml: null, shousd: false, vexp: 1965298000, vsexp: 1965298000, ys: 0, sbid: null, ysct: 0, as: null, vsact: true, fak: null, lvt: 1578582592, vret: 0, plcmt: {}, vip: true, lrnt: 0, vfgc: 0, pamns: {amn: []}, gtrfrd: 0, fexp: 0, ceid: 0, shcr: true, crst: 0, strfrd: 0, skid: null, cmid: 0, lwts: 0, rtrtm: 0, hrt: 174, dr: true, kyktid: null, bcld: 0, spp: 0, skrt: 0, actrt: 0, trid: null, tts: null, rpt: 0, crt: 633, gdc: 0}, uid: "1104", locinfo: {pl: "", x: 5.14, st: 23, y: 3.89, shlc: true, s: "127.0.0.1", l: "house_1104_livingroom", at: "", d: 4}, apprnc: {mt: 1, pt: 0, fac: 1, ss: 0, pc: 1, g: 1, ht: 83, brc: 4, sc: 4, rg: 0, fft: 0, fat: 0, mc: 1, nct: 0, rc: 1, ssc: 1, ec: 5, brt: 19, sh: 0, n: "ⱴĎԁƳǻßøłⱴ", shc: 1, hc: 1, bc: 1, bt: 0, et: 3}, pf: {pf: {phtghr: {tp: "phtghr", pgs: 0, l: 20}, grdnr: {tp: "grdnr", pgs: 0, l: 20}, jntr: {tp: "jntr", pgs: 0, l: 20}, vsgst: {tp: "vsgst", pgs: 0, l: 20}}}, mbm: {sk: "blackMobileSkin", ac: null}}}]
Thu Jan 9 20:18:52 GMT+0500 2020 [INFO] Client said: 34: ["house_1104_livingroom", "h.r.ra", {}]
Thu Jan 9 20:18:52 GMT+0500 2020 [INFO] Server said: 34: ["a.clths.buy", {inv: {c: {lt: {id: "lt", it: []}, gm: {id: "gm", it: [{c: 1, iid: "", tid: "blackMobileSkin"}]}, frn: {id: "frn", it: []}, act: {id: "act", it: []}, cls: {id: "cls", it: [{c: 1, iid: "", tid: "boyUnderdress1"}, {c: 1, iid: "", tid: "boyShirt14"}, {c: 1, iid: "", tid: "boyPants10"}, {c: 1, iid: "", tid: "boyShoes8"}]}}}, clths: {clths: [{clid: null, tpid: "boyJmpNY20Gld"}, {clid: null, tpid: "boyPntsNY20Gld"}, {clid: null, tpid: "boySMR14Sh3"}]}, ccltn: {cn: "", ctp: "casual", cct: ["boyJmpNY20Gld", "boyPntsNY20Gld", "boySMR14Sh3"]}, crt: 633, res: {slvr: 2100, emd: 0, gld: 4465, enrg: 500}}]
Thu Jan 9 20:18:44 GMT+0500 2020 [INFO] Client said: 34: [null, "a.clths.buy", {pind: 1, ctp: "casual", tpid: "boySMR14Sh3"}]
Thu Jan 9 20:18:03 GMT+0500 2020 [INFO] Server said: 34: ["h.r.ra", {plr: {clths: {clths: [{clid: null, tpid: "boyPntsNY20Gld"}, {clid: null, tpid: "boyJmpNY20Gld"}, {clid: null, tpid: "boyShoes8"}]}, usrinf: {rl: 0}, ci: {exp: 85800, lgt: 0, compid: 0, trcd: 0, actrd: 0, sbrt: 0, actrp: 0, eml: null, shousd: false, vexp: 1965298000, vsexp: 1965298000, ys: 0, sbid: null, ysct: 0, as: null, vsact: true, fak: null, lvt: 1578582592, vret: 0, plcmt: {}, vip: true, lrnt: 0, vfgc: 0, pamns: {amn: []}, gtrfrd: 0, fexp: 0, ceid: 0, shcr: true, crst: 0, strfrd: 0, skid: null, cmid: 0, lwts: 0, rtrtm: 0, hrt: 174, dr: true, kyktid: null, bcld: 0, spp: 0, skrt: 0, actrt: 0, trid: null, tts: null, rpt: 0, crt: 468, gdc: 0}, uid: "1104", locinfo: {pl: "", x: 5.14, st: 23, y: 3.89, shlc: true, s: "127.0.0.1", l: "house_1104_livingroom", at: "", d: 4}, apprnc: {mt: 1, pt: 0, fac: 1, ss: 0, pc: 1, g: 1, ht: 83, brc: 4, sc: 4, rg: 0, fft: 0, fat: 0, mc: 1, nct: 0, rc: 1, ssc: 1, ec: 5, brt: 19, sh: 0, n: "ⱴĎԁƳǻßøłⱴ", shc: 1, hc: 1, bc: 1, bt: 0, et: 3}, pf: {pf: {phtghr: {tp: "phtghr", pgs: 0, l: 20}, grdnr: {tp: "grdnr", pgs: 0, l: 20}, jntr: {tp: "jntr", pgs: 0, l: 20}, vsgst: {tp: "vsgst", pgs: 0, l: 20}}}, mbm: {sk: "blackMobileSkin", ac: null}}}]
Thu Jan 9 20:17:58 GMT+0500 2020 [INFO] Client said: 34: ["house_1104_livingroom", "h.r.ra", {}]
Thu Jan 9 20:17:58 GMT+0500 2020 [INFO] Server said: 34: ["a.clths.buy", {inv: {c: {lt: {id: "lt", it: []}, gm: {id: "gm", it: [{c: 1, iid: "", tid: "blackMobileSkin"}]}, frn: {id: "frn", it: []}, act: {id: "act", it: []}, cls: {id: "cls", it: [{c: 1, iid: "", tid: "boyUnderdress1"}, {c: 1, iid: "", tid: "boyShirt14"}, {c: 1, iid: "", tid: "boyPants10"}]}}}, clths: {clths: [{clid: null, tpid: "boyPntsNY20Gld"}, {clid: null, tpid: "boyJmpNY20Gld"}, {clid: null, tpid: "boyShoes8"}]}, ccltn: {cn: "", ctp: "casual", cct: ["boyPntsNY20Gld", "boyJmpNY20Gld", "boyShoes8"]}, crt: 468, res: {slvr: 2100, emd: 0, gld: 4530, enrg: 500}}]
Thu Jan 9 20:17:50 GMT+0500 2020 [INFO] Client said: 34: [null, "a.clths.buy", {pind: 1, ctp: "casual", tpid: "boyPntsNY20Gld"}]
Thu Jan 9 20:17:45 GMT+0500 2020 [INFO] Server said: 34: ["h.r.ra", {plr: {clths: {clths: [{clid: null, tpid: "boyJmpNY20Gld"}, {clid: null, tpid: "boyShoes8"}, {clid: null, tpid: "boyPants10"}]}, usrinf: {rl: 0}, ci: {exp: 85800, lgt: 0, compid: 0, trcd: 0, actrd: 0, sbrt: 0, actrp: 0, eml: null, shousd: false, vexp: 1965298000, vsexp: 1965298000, ys: 0, sbid: null, ysct: 0, as: null, vsact: true, fak: null, lvt: 1578582592, vret: 0, plcmt: {}, vip: true, lrnt: 0, vfgc: 0, pamns: {amn: []}, gtrfrd: 0, fexp: 0, ceid: 0, shcr: true, crst: 0, strfrd: 0, skid: null, cmid: 0, lwts: 0, rtrtm: 0, hrt: 174, dr: true, kyktid: null, bcld: 0, spp: 0, skrt: 0, actrt: 0, trid: null, tts: null, rpt: 0, crt: 258, gdc: 0}, uid: "1104", locinfo: {pl: "", x: 5.14, st: 23, y: 3.89, shlc: true, s: "127.0.0.1", l: "house_1104_livingroom", at: "", d: 4}, apprnc: {mt: 1, pt: 0, fac: 1, ss: 0, pc: 1, g: 1, ht: 83, brc: 4, sc: 4, rg: 0, fft: 0, fat: 0, mc: 1, nct: 0, rc: 1, ssc: 1, ec: 5, brt: 19, sh: 0, n: "ⱴĎԁƳǻßøłⱴ", shc: 1, hc: 1, bc: 1, bt: 0, et: 3}, pf: {pf: {phtghr: {tp: "phtghr", pgs: 0, l: 20}, grdnr: {tp: "grdnr", pgs: 0, l: 20}, jntr: {tp: "jntr", pgs: 0, l: 20}, vsgst: {tp: "vsgst", pgs: 0, l: 20}}}, mbm: {sk: "blackMobileSkin", ac: null}}}]
Thu Jan 9 20:17:41 GMT+0500 2020 [INFO] Client said: 34: ["house_1104_livingroom", "h.r.ra", {}]
Thu Jan 9 20:17:41 GMT+0500 2020 [INFO] Server said: 34: ["a.clths.buy", {inv: {c: {lt: {id: "lt", it: []}, gm: {id: "gm", it: [{c: 1, iid: "", tid: "blackMobileSkin"}]}, frn: {id: "frn", it: []}, act: {id: "act", it: []}, cls: {id: "cls", it: [{c: 1, iid: "", tid: "boyUnderdress1"}, {c: 1, iid: "", tid: "boyShirt14"}]}}}, clths: {clths: [{clid: null, tpid: "boyJmpNY20Gld"}, {clid: null, tpid: "boyShoes8"}, {clid: null, tpid: "boyPants10"}]}, ccltn: {cn: "", ctp: "casual", cct: ["boyJmpNY20Gld", "boyShoes8", "boyPants10"]}, crt: 258, res: {slvr: 2100, emd: 0, gld: 4600, enrg: 500}}]
Thu Jan 9 20:17:33 GMT+0500 2020 [INFO] Client said: 34: [null, "a.clths.buy", {pind: 2, ctp: "casual", tpid: "boyJmpNY20Gld"}]
Thu Jan 9 20:16:44 GMT+0500 2020 [INFO] Server said: 34: ["b.ingld", {ingld: 1500}]
Thu Jan 9 20:16:44 GMT+0500 2020 [INFO] Server said: 34: ["ntf.res", {res: {slvr: 10000, emd: 0, gld: 4600, enrg: 500}}]
Thu Jan 9 20:16:44 GMT+0500 2020 [INFO] [YandexMetrics.reachGoal] Call reach goal 'click_buy_product' for counter 31321471
Thu Jan 9 20:16:44 GMT+0500 2020 [INFO] Client said: 34: [null, "b.chkprchs", {qnt: 1, pmnt: null, prid: "pack1500"}]
Thu Jan 9 20:16:43 GMT+0500 2020 [INFO] [YandexMetrics.reachGoal] Call reach goal 'show_payment_dialog' for counter 31321471
Thu Jan 9 20:16:42 GMT+0500 2020 [INFO] Client said: 34: ["house_1104_livingroom", "h.r.u", {x: 5.14, uid: "1104", st: 23, y: 3.89, at: "", d: 4}]
Thu Jan 9 20:16:41 GMT+0500 2020 [INFO] Client said: 34: ["house_1104_livingroom", "h.r.m", {sx: 5.18, sy: 2.3, dx: 5.14, uid: "1104", dy: 3.89}]
Thu Jan 9 20:16:41 GMT+0500 2020 [INFO] Client said: 34: ["house_1104_livingroom", "h.r.m", {sx: 4.14, sy: 2.2, dx: 5.58, uid: "1104", dy: 3.39}]
Thu Jan 9 20:15:56 GMT+0500 2020 [INFO] Server said: 34: ["b.ingld", {ingld: 1500}]
Thu Jan 9 20:15:56 GMT+0500 2020 [INFO] Server said: 34: ["ntf.res", {res: {slvr: 10000, emd: 0, gld: 3100, enrg: 500}}]
Thu Jan 9 20:15:56 GMT+0500 2020 [INFO] [YandexMetrics.reachGoal] Call reach goal 'click_buy_product' for counter 31321471
Thu Jan 9 20:15:56 GMT+0500 2020 [INFO] Client said: 34: [null, "b.chkprchs", {qnt: 1, pmnt: null, prid: "pack1500"}]
Thu Jan 9 20:15:54 GMT+0500 2020 [INFO] [YandexMetrics.reachGoal] Call reach goal 'show_payment_dialog' for counter 31321471
Thu Jan 9 20:15:52 GMT+0500 2020 [INFO] [YandexMetrics.onCounterInit] Yandex metrics counter 31321471 inited
Thu Jan 9 20:15:52 GMT+0500 2020 [INFO] [YandexMetrics.reachGoal] Call reach goal 'click_buy_product' for counter 31321471
Thu Jan 9 20:15:52 GMT+0500 2020 [INFO] [YandexMetrics.reachGoal] Call reach goal 'show_payment_dialog' for counter 31321471