ClientError: Thu Jan 9 17:00:31 GMT+0200 2020 [CRITICAL] [salon] *Uncaught Error* ErrorId: 1009 ErrorName: TypeError ErrorMessage:Error #1009 ErrorStackTrace:TypeError: Error #1009
	at _-0eV::RoomMemberContainer/addAvatar()
	at _-PQ::BaseRoomScreen/addAvatar()
	at _-PQ::BaseRoomScreen/onRefreshAvatar()
	at flash.events::EventDispatcher/dispatchEvent()
	at _-2CM::BaseRoomNetManager/onRefreshAvatar()
	at flash.events::EventDispatcher/dispatchEvent()
	at ags::_-2t/_-2dI()
	at flash.events::EventDispatcher/dispatchEvent()
	at _-0en::_-0O8/_-1LF()
	at _-0en::_-0O8/execute()
	at ags::AGSClient/_-0i9()
	at ags::AGSClient/_-2ZF()
	at ags::AGSClient/_-2Ea()
Thu Jan 9 17:00:31 GMT+0200 2020 [INFO] Server said: 34: ["o.r.ra", {plr: {usrinf: {rl: 0}, locinfo: {l: "salon_sn1_1", x: 15.5, at: "", pl: "", st: 0, s: "127.0.0.1", shlc: true, d: 4, y: 1.5}, mbm: {sk: "blackMobileSkin", ac: null}, ci: {vsact: true, vexp: 1965298000, hrt: 224, skid: null, vip: true, sbrt: 0, vret: 0, bcld: 0, plcmt: {}, crst: 0, vfgc: 0, ysct: 0, trid: "freelanceModerator", skrt: 0, strfrd: 0, rtrtm: 0, gtrfrd: 0, ceid: 0, fak: null, kyktid: null, gdc: 0, cmid: 0, shcr: true, shousd: false, lgt: 0, lvt: 1578581934, trcd: 0, actrt: 0, rpt: 0, dr: true, compid: 0, spp: 0, lrnt: 0, sbid: null, as: null, crt: 30946, pamns: {amn: []}, lwts: 0, exp: 85800, fexp: 0, tts: null, ys: 0, actrd: 0, vsexp: 1965298000, eml: null, actrp: 0}, apprnc: {mc: 29, brt: 23, brc: 1, sc: 5, g: 2, fac: 1, mt: 31, rc: 1, fat: 0, nct: 0, pc: 1, fft: 10, bt: 0, sh: 23, ht: 131, ec: 5, ssc: 1, rg: 0, n: "бог мой.", hc: 5, et: 34, pt: 0, ss: 0, shc: 1, bc: 1}, pf: {pf: {phtghr: {pgs: 0, tp: "phtghr", l: 20}, jntr: {pgs: 0, tp: "jntr", l: 20}, grdnr: {pgs: 0, tp: "grdnr", l: 20}, vsgst: {pgs: 0, tp: "vsgst", l: 20}}}, clths: {clths: [{tpid: "girlScsJpn1", clid: null}, {tpid: "girlErrJpn3", clid: null}, {tpid: "girlGlssYllw", clid: null}, {tpid: "girlJktJpn4", clid: null}, {tpid: "girlTShrtLc", clid: null}, {tpid: "grlRfwrNckl", clid: null}, {tpid: "girlShrtsLn", clid: null}, {tpid: "grlRfwrBg", clid: null}, {tpid: "grlRsShs", clid: null}]}, uid: "162"}}]
Thu Jan 9 17:00:29 GMT+0200 2020 [INFO] Server said: 34: ["o.r.u", {x: 11.63, at: "", y: 11.75, d: 6, st: 23, uid: "765"}]
Thu Jan 9 17:00:29 GMT+0200 2020 [INFO] Server said: 34: ["o.r.m", {dy: 11.75, sx: 14, dx: 11.63, sy: 13, uid: "765"}]
Thu Jan 9 17:00:28 GMT+0200 2020 [INFO] Client said: 34: ["salon_sn1_1", "o.r.info", {rid: "sn1"}]
Thu Jan 9 17:00:28 GMT+0200 2020 [INFO] Server said: 34: ["o.gr", {rid: "salon_sn1_1"}]
Thu Jan 9 17:00:28 GMT+0200 2020 [INFO] Server said: 16: ["salon_sn1_1", "328"]
Thu Jan 9 17:00:28 GMT+0200 2020 [INFO] Server said: 34: ["o.r.jn", {plr: {usrinf: {rl: 0}, locinfo: {l: "salon_sn1_1", x: -1, at: "", pl: "", st: 0, s: "127.0.0.1", shlc: true, d: 4, y: -1}, mbm: {sk: "blackMobileSkin", ac: null}, ci: {vsact: true, vexp: 1965298000, hrt: 174, skid: null, vip: true, sbrt: 0, vret: 0, bcld: 0, plcmt: {}, crst: 0, vfgc: 0, ysct: 0, trid: null, skrt: 0, strfrd: 0, rtrtm: 0, gtrfrd: 0, ceid: 0, fak: null, kyktid: null, gdc: 0, cmid: 0, shcr: true, shousd: false, lgt: 0, lvt: 1578581990, trcd: 0, actrt: 0, rpt: 0, dr: true, compid: 0, spp: 0, lrnt: 0, sbid: null, as: null, crt: 10, pamns: {amn: []}, lwts: 0, exp: 85800, fexp: 0, tts: null, ys: 0, actrd: 0, vsexp: 1965298000, eml: null, actrp: 0}, apprnc: {mc: 2, brt: 28, brc: 1, sc: 2, g: 2, fac: 1, mt: 7, rc: 1, fat: 0, nct: 0, pc: 1, fft: 0, bt: 0, sh: 0, ht: 129, ec: 1, ssc: 1, rg: 0, n: "ДОХЛАЯ", hc: 7, et: 5, pt: 0, ss: 0, shc: 1, bc: 1}, pf: {pf: {phtghr: {pgs: 0, tp: "phtghr", l: 20}, jntr: {pgs: 0, tp: "jntr", l: 20}, grdnr: {pgs: 0, tp: "grdnr", l: 20}, vsgst: {pgs: 0, tp: "vsgst", l: 20}}}, clths: {clths: [{tpid: "girlShirt12", clid: null}, {tpid: "girlShoes14", clid: null}, {tpid: "girlPants9", clid: null}]}, uid: "328"}}]
Thu Jan 9 17:00:28 GMT+0200 2020 [INFO] Server said: 34: ["cp.cht.sm", {rid: "salon_sn1_1", msg: {cid: null, sid: "417", tp: "chatStickerMessage", stkpkid: "catStickerPack", stkid: 1}}]
Thu Jan 9 17:00:28 GMT+0200 2020 [INFO] Server said: 34: ["o.r.ra", {plr: {usrinf: {rl: 0}, locinfo: {l: "salon_sn1_1", x: 14.42, at: "", pl: "", st: 0, s: "127.0.0.1", shlc: true, d: 4, y: 12.6}, mbm: {sk: "blackMobileSkin", ac: null}, ci: {vsact: true, vexp: 1965298000, hrt: 261, skid: null, vip: true, sbrt: 0, vret: 0, bcld: 0, plcmt: {}, crst: 0, vfgc: 0, ysct: 0, trid: "freelanceMicrophone", skrt: 0, strfrd: 0, rtrtm: 0, gtrfrd: 0, ceid: 0, fak: null, kyktid: null, gdc: 0, cmid: 0, shcr: true, shousd: false, lgt: 0, lvt: 1578581688, trcd: 0, actrt: 0, rpt: 0, dr: true, compid: 0, spp: 0, lrnt: 0, sbid: null, as: null, crt: 839, pamns: {amn: []}, lwts: 0, exp: 85800, fexp: 0, tts: null, ys: 0, actrd: 0, vsexp: 1965298000, eml: null, actrp: 0}, apprnc: {mc: 16, brt: 22, brc: 10, sc: 1, g: 2, fac: 1, mt: 14, rc: 1, fat: 0, nct: 0, pc: 1, fft: 2, bt: 0, sh: 17, ht: 111, ec: 6, ssc: 1, rg: 0, n: "Вселенная ", hc: 5, et: 37, pt: 0, ss: 0, shc: 19, bc: 1}, pf: {pf: {phtghr: {pgs: 0, tp: "phtghr", l: 20}, jntr: {pgs: 0, tp: "jntr", l: 20}, grdnr: {pgs: 0, tp: "grdnr", l: 20}, vsgst: {pgs: 0, tp: "vsgst", l: 20}}}, clths: {clths: [{tpid: "girlPntsLc", clid: null}, {tpid: "wdn15GRdShs", clid: null}, {tpid: "girlTShrtZdcCrfsh", clid: null}]}, uid: "765"}}]
Thu Jan 9 17:00:21 GMT+0200 2020 [INFO] Server said: 34: ["o.r.ra", {plr: {usrinf: {rl: 0}, locinfo: {l: "salon_sn1_1", x: 14.42, at: "", pl: "", st: 0, s: "127.0.0.1", shlc: true, d: 4, y: 12.6}, mbm: {sk: "blackMobileSkin", ac: null}, ci: {vsact: true, vexp: 1965298000, hrt: 261, skid: null, vip: true, sbrt: 0, vret: 0, bcld: 0, plcmt: {}, crst: 0, vfgc: 0, ysct: 0, trid: "freelanceMicrophone", skrt: 0, strfrd: 0, rtrtm: 0, gtrfrd: 0, ceid: 0, fak: null, kyktid: null, gdc: 0, cmid: 0, shcr: true, shousd: false, lgt: 0, lvt: 1578581688, trcd: 0, actrt: 0, rpt: 0, dr: true, compid: 0, spp: 0, lrnt: 0, sbid: null, as: null, crt: 839, pamns: {amn: []}, lwts: 0, exp: 85800, fexp: 0, tts: null, ys: 0, actrd: 0, vsexp: 1965298000, eml: null, actrp: 0}, apprnc: {mc: 16, brt: 22, brc: 10, sc: 1, g: 2, fac: 1, mt: 14, rc: 1, fat: 0, nct: 0, pc: 1, fft: 2, bt: 0, sh: 17, ht: 111, ec: 6, ssc: 1, rg: 0, n: "Вселенная ", hc: 5, et: 37, pt: 0, ss: 0, shc: 19, bc: 1}, pf: {pf: {phtghr: {pgs: 0, tp: "phtghr", l: 20}, jntr: {pgs: 0, tp: "jntr", l: 20}, grdnr: {pgs: 0, tp: "grdnr", l: 20}, vsgst: {pgs: 0, tp: "vsgst", l: 20}}}, clths: {clths: [{tpid: "girlPntsLc", clid: null}, {tpid: "wdn15GRdShs", clid: null}, {tpid: "girlTShrtZdcCrfsh", clid: null}]}, uid: "765"}}]
Thu Jan 9 16:59:50 GMT+0200 2020 [INFO] Client said: 34: [null, "o.gr", {lid: "salon", gid: "sn1"}]
Thu Jan 9 16:59:50 GMT+0200 2020 [INFO] Server said: 1: ["328", true, false, false]
Thu Jan 9 16:59:50 GMT+0200 2020 [INFO] Client said: 1: ["street", "328", "cKHarqzoFnXvSjWNkLJa", {clvrn: "84.0.4", v: 2}]
Thu Jan 9 16:59:48 GMT+0200 2020 [INFO] Client said: 2: []
Thu Jan 9 16:59:48 GMT+0200 2020 [INFO] Loaded  LoadingItem(url: http://62.113.113.58:8080/files/swf/Salon_1fe14ef0cdf189794ef74d591993d3f5.swf, status: 2) 
Thu Jan 9 16:59:47 GMT+0200 2020 [INFO] Client said: 17: ["house_328_livingroom"]
Thu Jan 9 16:57:37 GMT+0200 2020 [INFO] [YandexMetrics.reachGoal] Call reach goal 'close_payment_dialog' for counter 31321471
Thu Jan 9 16:57:36 GMT+0200 2020 [INFO] [YandexMetrics.onCounterInit] Yandex metrics counter 31321471 inited
Thu Jan 9 16:57:36 GMT+0200 2020 [INFO] [YandexMetrics.reachGoal] Call reach goal 'show_payment_dialog' for counter 31321471
Thu Jan 9 16:57:35 GMT+0200 2020 [INFO] Server said: 34: ["spt.init", {a: false}]
Thu Jan 9 16:57:34 GMT+0200 2020 [INFO] [YandexMetrics.initCounter] Try to init Yandex metrics counter 31321471
Thu Jan 9 16:57:34 GMT+0200 2020 [INFO] Client said: 34: [null, "spt.init", {}]
Thu Jan 9 16:56:01 GMT+0200 2020 [INFO] Client said: 34: ["house_328_livingroom", "h.r.u", {x: 3.41, at: "", st: 23, d: 4, y: 1.03, uid: "328"}]
Thu Jan 9 16:56:01 GMT+0200 2020 [INFO] Client said: 34: ["house_328_livingroom", "h.r.m", {dy: 1.03, sx: 3.58, dx: 3.41, sy: 0.5, uid: "328"}]
Thu Jan 9 16:56:00 GMT+0200 2020 [INFO] Client said: 34: ["house_328_livingroom", "h.r.u", {x: 3.58, at: "", st: 23, d: 0, y: 0.5, uid: "328"}]
Thu Jan 9 16:55:58 GMT+0200 2020 [INFO] Client said: 34: ["house_328_livingroom", "h.r.m", {dy: 0.5, sx: 3.59, dx: 3.58, sy: 4.72, uid: "328"}]
Thu Jan 9 16:55:54 GMT+0200 2020 [INFO] Server said: 34: ["h.r.ra", {plr: {usrinf: {rl: 0}, locinfo: {l: "house_328_livingroom", x: 3.59, at: "", pl: "", st: 23, s: "127.0.0.1", shlc: true, d: 4, y: 4.72}, mbm: {sk: "blackMobileSkin", ac: null}, ci: {vsact: true, vexp: 1965298000, hrt: 174, skid: null, vip: true, sbrt: 0, vret: 0, bcld: 0, plcmt: {}, crst: 0, vfgc: 0, ysct: 0, trid: null, skrt: 0, strfrd: 0, rtrtm: 0, gtrfrd: 0, ceid: 0, fak: null, kyktid: null, gdc: 0, cmid: 0, shcr: true, shousd: false, lgt: 0, lvt: 1578581667, trcd: 0, actrt: 0, rpt: 0, dr: true, compid: 0, spp: 0, lrnt: 0, sbid: null, as: null, crt: 10, pamns: {amn: []}, lwts: 0, exp: 85800, fexp: 0, tts: null, ys: 0, actrd: 0, vsexp: 1965298000, eml: null, actrp: 0}, apprnc: {mc: 2, brt: 28, brc: 1, sc: 2, g: 2, fac: 1, mt: 7, rc: 1, fat: 0, nct: 0, pc: 1, fft: 0, bt: 0, sh: 0, ht: 129, ec: 1, ssc: 1, rg: 0, n: "ДОХЛАЯ", hc: 7, et: 5, pt: 0, ss: 0, shc: 1, bc: 1}, pf: {pf: {phtghr: {pgs: 0, tp: "phtghr", l: 20}, jntr: {pgs: 0, tp: "jntr", l: 20}, grdnr: {pgs: 0, tp: "grdnr", l: 20}, vsgst: {pgs: 0, tp: "vsgst", l: 20}}}, clths: {clths: [{tpid: "girlShirt12", clid: null}, {tpid: "girlShoes14", clid: null}, {tpid: "girlPants9", clid: null}]}, uid: "328"}}]
Thu Jan 9 16:55:54 GMT+0200 2020 [INFO] Client said: 34: ["house_328_livingroom", "h.r.ra", {}]
Thu Jan 9 16:55:54 GMT+0200 2020 [INFO] Server said: 34: ["psp.sttrph", {trid: null}]
Thu Jan 9 16:55:54 GMT+0200 2020 [INFO] Client said: 34: [null, "psp.sttrph", {trid: null}]
Thu Jan 9 16:55:52 GMT+0200 2020 [INFO] Client said: 34: ["house_328_livingroom", "h.r.u", {x: 3.59, at: "", st: 23, d: 4, y: 4.72, uid: "328"}]
Thu Jan 9 16:55:49 GMT+0200 2020 [INFO] Client said: 34: ["house_328_livingroom", "h.r.m", {dy: 4.72, sx: 4.05, dx: 3.59, sy: 0.1, uid: "328"}]
Thu Jan 9 16:55:20 GMT+0200 2020 [INFO] Client said: 34: ["house_328_livingroom", "h.r.u", {x: 4.05, st: 0, d: 4, y: 0.1, uid: "328"}]
Thu Jan 9 16:55:20 GMT+0200 2020 [INFO] Server said: 34: ["lg.lst", {glst: []}]
Thu Jan 9 16:55:20 GMT+0200 2020 [INFO] Client said: 34: ["house_328_livingroom", "lg.lst", {}]
Thu Jan 9 16:55:19 GMT+0200 2020 [INFO] Server said: 34: ["h.r.info", {evn: null, rm: {l: 13, f: [{x: 0, y: 0, lid: 1, z: 0, tpid: "wall15", d: 3}, {x: 3, y: 0, lid: 4, rid: "outside", z: 0, tpid: "door4", d: 3}, {x: 13, y: 0, lid: 2, z: 0, tpid: "wall15", d: 5}, {x: 0, y: 0, lid: 3, z: 0, tpid: "floor4", d: 5}], id: "livingroom", w: 13, nm: "#livingRoom", lev: 1}, rmmb: [{usrinf: {rl: 0}, locinfo: {l: "house_328_livingroom", x: -1, at: "", pl: "", st: 0, s: "127.0.0.1", shlc: true, d: 4, y: -1}, mbm: {sk: "blackMobileSkin", ac: null}, ci: {vsact: true, vexp: 1965298000, hrt: 174, skid: null, vip: true, sbrt: 0, vret: 0, bcld: 0, plcmt: {}, crst: 0, vfgc: 0, ysct: 0, trid: "familyDay2016", skrt: 0, strfrd: 0, rtrtm: 0, gtrfrd: 0, ceid: 0, fak: null, kyktid: null, gdc: 0, cmid: 0, shcr: true, shousd: false, lgt: 0, lvt: 1578581667, trcd: 0, actrt: 0, rpt: 0, dr: true, compid: 0, spp: 0, lrnt: 0, sbid: null, as: null, crt: 10, pamns: {amn: []}, lwts: 0, exp: 85800, fexp: 0, tts: null, ys: 0, actrd: 0, vsexp: 1965298000, eml: null, actrp: 0}, apprnc: {mc: 2, brt: 28, brc: 1, sc: 2, g: 2, fac: 1, mt: 7, rc: 1, fat: 0, nct: 0, pc: 1, fft: 0, bt: 0, sh: 0, ht: 129, ec: 1, ssc: 1, rg: 0, n: "ДОХЛАЯ", hc: 7, et: 5, pt: 0, ss: 0, shc: 1, bc: 1}, pf: {pf: {phtghr: {pgs: 0, tp: "phtghr", l: 20}, jntr: {pgs: 0, tp: "jntr", l: 20}, grdnr: {pgs: 0, tp: "grdnr", l: 20}, vsgst: {pgs: 0, tp: "vsgst", l: 20}}}, clths: {clths: [{tpid: "girlShirt12", clid: null}, {tpid: "girlShoes14", clid: null}, {tpid: "girlPants9", clid: null}]}, uid: "328"}]}]
Thu Jan 9 16:55:19 GMT+0200 2020 [INFO] Client said: 34: ["house_328_livingroom", "h.r.info", {rid: "livingroom", uid: "328"}]
Thu Jan 9 16:55:19 GMT+0200 2020 [INFO] Server said: 34: ["h.gr", {rid: "house_328_livingroom"}]