ClientError: Thu Jan 9 17:12:03 GMT+0200 2020 [CRITICAL] [salon] *Uncaught Error* ErrorId: 1009 ErrorName: TypeError ErrorMessage:Error #1009 ErrorStackTrace:TypeError: Error #1009
	at _-0eV::RoomMemberContainer/addAvatar()
	at _-PQ::BaseRoomScreen/addAvatar()
	at _-PQ::BaseRoomScreen/onRefreshAvatar()
	at flash.events::EventDispatcher/dispatchEvent()
	at _-2CM::BaseRoomNetManager/onRefreshAvatar()
	at flash.events::EventDispatcher/dispatchEvent()
	at ags::_-2t/_-2dI()
	at flash.events::EventDispatcher/dispatchEvent()
	at _-0en::_-0O8/_-1LF()
	at _-0en::_-0O8/execute()
	at ags::AGSClient/_-0i9()
	at ags::AGSClient/_-2ZF()
	at ags::AGSClient/_-2Ea()
Thu Jan 9 17:12:03 GMT+0200 2020 [INFO] Server said: 34: ["o.r.ra", {plr: {usrinf: {rl: 0}, locinfo: {l: "salon_sn1_1", x: 9.92, at: "", pl: "", st: 23, s: "127.0.0.1", shlc: true, d: 4, y: 6.98}, mbm: {sk: "blackMobileSkin", ac: null}, ci: {vsact: true, vexp: 1965298000, hrt: 174, skid: null, vip: true, sbrt: 0, vret: 0, bcld: 0, plcmt: {}, crst: 0, vfgc: 0, ysct: 0, trid: null, skrt: 0, strfrd: 0, rtrtm: 0, gtrfrd: 0, ceid: 0, fak: null, kyktid: null, gdc: 0, cmid: 0, shcr: true, shousd: false, lgt: 0, lvt: 1578582634, trcd: 0, actrt: 0, rpt: 0, dr: true, compid: 0, spp: 0, lrnt: 0, sbid: null, as: null, crt: 10, pamns: {amn: []}, lwts: 0, exp: 85800, fexp: 0, tts: null, ys: 0, actrd: 0, vsexp: 1965298000, eml: null, actrp: 0}, apprnc: {mc: 29, brt: 1, brc: 1, sc: 3, g: 2, fac: 1, mt: 29, rc: 11, fat: 0, nct: 0, pc: 1, fft: 7, bt: 0, sh: 0, ht: 132, ec: 1, ssc: 1, rg: 1, n: "Я стульчик", hc: 7, et: 37, pt: 0, ss: 0, shc: 1, bc: 1}, pf: {pf: {phtghr: {pgs: 0, tp: "phtghr", l: 20}, jntr: {pgs: 0, tp: "jntr", l: 20}, grdnr: {pgs: 0, tp: "grdnr", l: 20}, vsgst: {pgs: 0, tp: "vsgst", l: 20}}}, clths: {clths: [{tpid: "girlShirt12", clid: null}, {tpid: "girlShoes14", clid: null}, {tpid: "girlPants9", clid: null}]}, uid: "801"}}]
Thu Jan 9 17:12:01 GMT+0200 2020 [INFO] Server said: 34: ["cp.cht.sm", {rid: "salon_sn1_1", msg: {mid: null, tp: "chatTextMessage", tag: null, cid: null, msg: "Пиздецъъъ", sid: "647"}}]
Thu Jan 9 17:11:58 GMT+0200 2020 [INFO] Server said: 34: ["o.r.u", {x: 12.31, at: "", st: 23, d: 4, y: 7.69, uid: "647"}]
Thu Jan 9 17:11:56 GMT+0200 2020 [INFO] Server said: 34: ["o.r.u", {uid: "111", x: 15.5, d: 4, st: 0, y: 1.5}]
Thu Jan 9 17:11:56 GMT+0200 2020 [INFO] Server said: 34: ["o.r.m", {dy: 7.69, sx: 13.58, dx: 12.31, sy: 5.96, uid: "647"}]
Thu Jan 9 17:11:55 GMT+0200 2020 [INFO] Server said: 34: ["o.r.m", {dy: 7.94, sx: 14.58, dx: 12.75, sy: 2.65, uid: "647"}]
Thu Jan 9 17:11:54 GMT+0200 2020 [INFO] Server said: 34: ["o.r.m", {dy: 7.56, sx: 14.58, dx: 13.38, sy: 2.42, uid: "647"}]
Thu Jan 9 17:11:54 GMT+0200 2020 [INFO] Client said: 34: ["salon_sn1_1", "o.r.info", {rid: "sn1"}]
Thu Jan 9 17:11:54 GMT+0200 2020 [INFO] Server said: 34: ["o.gr", {rid: "salon_sn1_1"}]
Thu Jan 9 17:11:54 GMT+0200 2020 [INFO] Server said: 16: ["salon_sn1_1", "328"]
Thu Jan 9 17:11:54 GMT+0200 2020 [INFO] Server said: 34: ["o.r.jn", {plr: {usrinf: {rl: 0}, locinfo: {l: "salon_sn1_1", x: -1, at: "", pl: "", st: 0, s: "127.0.0.1", shlc: true, d: 4, y: -1}, mbm: {sk: "blackMobileSkin", ac: null}, ci: {vsact: true, vexp: 1965298000, hrt: 174, skid: null, vip: true, sbrt: 0, vret: 0, bcld: 0, plcmt: {}, crst: 0, vfgc: 0, ysct: 0, trid: null, skrt: 0, strfrd: 0, rtrtm: 0, gtrfrd: 0, ceid: 0, fak: null, kyktid: null, gdc: 0, cmid: 0, shcr: true, shousd: false, lgt: 0, lvt: 1578582705, trcd: 0, actrt: 0, rpt: 0, dr: true, compid: 0, spp: 0, lrnt: 0, sbid: null, as: null, crt: 341, pamns: {amn: []}, lwts: 0, exp: 85800, fexp: 0, tts: null, ys: 0, actrd: 0, vsexp: 1965298000, eml: null, actrp: 0}, apprnc: {mc: 2, brt: 18, brc: 1, sc: 2, g: 2, fac: 1, mt: 31, rc: 1, fat: 0, nct: 0, pc: 1, fft: 7, bt: 0, sh: 0, ht: 129, ec: 1, ssc: 1, rg: 0, n: "ДОХЛАЯ", hc: 7, et: 34, pt: 0, ss: 0, shc: 1, bc: 1}, pf: {pf: {phtghr: {pgs: 0, tp: "phtghr", l: 20}, jntr: {pgs: 0, tp: "jntr", l: 20}, grdnr: {pgs: 0, tp: "grdnr", l: 20}, vsgst: {pgs: 0, tp: "vsgst", l: 20}}}, clths: {clths: [{tpid: "girlTShrtPnk23Feb19", clid: null}, {tpid: "girlTghtAlice", clid: null}, {tpid: "girlShoes14", clid: null}, {tpid: "gSMRCrst1", clid: null}]}, uid: "328"}}]
Thu Jan 9 17:11:53 GMT+0200 2020 [INFO] Server said: 34: ["o.r.m", {dy: 7.19, sx: 15.5, dx: 12, sy: 1.5, uid: "647"}]
Thu Jan 9 17:11:52 GMT+0200 2020 [INFO] Server said: 34: ["o.r.ra", {plr: {usrinf: {rl: 0}, locinfo: {l: "salon_sn1_1", x: 9.92, at: "", pl: "", st: 23, s: "127.0.0.1", shlc: true, d: 4, y: 6.98}, mbm: {sk: "blackMobileSkin", ac: null}, ci: {vsact: true, vexp: 1965298000, hrt: 174, skid: null, vip: true, sbrt: 0, vret: 0, bcld: 0, plcmt: {}, crst: 0, vfgc: 0, ysct: 0, trid: null, skrt: 0, strfrd: 0, rtrtm: 0, gtrfrd: 0, ceid: 0, fak: null, kyktid: null, gdc: 0, cmid: 0, shcr: true, shousd: false, lgt: 0, lvt: 1578582634, trcd: 0, actrt: 0, rpt: 0, dr: true, compid: 0, spp: 0, lrnt: 0, sbid: null, as: null, crt: 10, pamns: {amn: []}, lwts: 0, exp: 85800, fexp: 0, tts: null, ys: 0, actrd: 0, vsexp: 1965298000, eml: null, actrp: 0}, apprnc: {mc: 29, brt: 1, brc: 1, sc: 3, g: 2, fac: 1, mt: 29, rc: 11, fat: 0, nct: 0, pc: 1, fft: 7, bt: 0, sh: 0, ht: 132, ec: 1, ssc: 1, rg: 1, n: "Я стульчик", hc: 7, et: 37, pt: 0, ss: 0, shc: 1, bc: 1}, pf: {pf: {phtghr: {pgs: 0, tp: "phtghr", l: 20}, jntr: {pgs: 0, tp: "jntr", l: 20}, grdnr: {pgs: 0, tp: "grdnr", l: 20}, vsgst: {pgs: 0, tp: "vsgst", l: 20}}}, clths: {clths: [{tpid: "girlShirt12", clid: null}, {tpid: "girlShoes14", clid: null}, {tpid: "girlPants9", clid: null}]}, uid: "801"}}]
Thu Jan 9 17:11:50 GMT+0200 2020 [INFO] Server said: 34: ["o.r.u", {x: 15.5, y: 1.5, d: 4, st: 0, uid: "647"}]
Thu Jan 9 17:11:44 GMT+0200 2020 [INFO] Client said: 34: [null, "o.gr", {lid: "salon", gid: "sn1"}]
Thu Jan 9 17:11:44 GMT+0200 2020 [INFO] Server said: 1: ["328", true, false, false]
Thu Jan 9 17:11:41 GMT+0200 2020 [INFO] Client said: 1: ["street", "328", "cKHarqzoFnXvSjWNkLJa", {clvrn: "84.0.4", v: 2}]
Thu Jan 9 17:11:39 GMT+0200 2020 [INFO] Client said: 2: []
Thu Jan 9 17:11:39 GMT+0200 2020 [INFO] Client said: 17: ["house_328_livingroom"]
Thu Jan 9 17:11:08 GMT+0200 2020 [INFO] Server said: 34: ["ntf.res", {res: {enrg: 500, slvr: 10000, emd: 0, gld: 498}}]
Thu Jan 9 17:11:08 GMT+0200 2020 [INFO] Server said: 34: ["ntf.inv", {it: {c: 1, iid: "", tid: "csCtr"}}]
Thu Jan 9 17:11:07 GMT+0200 2020 [INFO] Client said: 34: [null, "frn.buy", {cnt: 1, tpid: "csCtr", pind: 1}]
Thu Jan 9 17:11:00 GMT+0200 2020 [INFO] Loaded  LoadingItem(url: http://62.113.113.58:8080/files/swf/furniture/furniture/CaseCountry.swf?2, status: 2) 
Thu Jan 9 17:10:18 GMT+0200 2020 [INFO] Server said: 34: ["h.r.ra", {plr: {usrinf: {rl: 0}, locinfo: {l: "house_328_livingroom", x: 4.05, at: "", pl: "", st: 0, s: "127.0.0.1", shlc: true, d: 4, y: 0.1}, mbm: {sk: "blackMobileSkin", ac: null}, ci: {vsact: true, vexp: 1965298000, hrt: 174, skid: null, vip: true, sbrt: 0, vret: 0, bcld: 0, plcmt: {}, crst: 0, vfgc: 0, ysct: 0, trid: null, skrt: 0, strfrd: 0, rtrtm: 0, gtrfrd: 0, ceid: 0, fak: null, kyktid: null, gdc: 0, cmid: 0, shcr: true, shousd: false, lgt: 0, lvt: 1578582472, trcd: 0, actrt: 0, rpt: 0, dr: true, compid: 0, spp: 0, lrnt: 0, sbid: null, as: null, crt: 341, pamns: {amn: []}, lwts: 0, exp: 85800, fexp: 0, tts: null, ys: 0, actrd: 0, vsexp: 1965298000, eml: null, actrp: 0}, apprnc: {mc: 2, brt: 18, brc: 1, sc: 2, g: 2, fac: 1, mt: 31, rc: 1, fat: 0, nct: 0, pc: 1, fft: 7, bt: 0, sh: 0, ht: 129, ec: 1, ssc: 1, rg: 0, n: "ДОХЛАЯ", hc: 7, et: 34, pt: 0, ss: 0, shc: 1, bc: 1}, pf: {pf: {phtghr: {pgs: 0, tp: "phtghr", l: 20}, jntr: {pgs: 0, tp: "jntr", l: 20}, grdnr: {pgs: 0, tp: "grdnr", l: 20}, vsgst: {pgs: 0, tp: "vsgst", l: 20}}}, clths: {clths: [{tpid: "girlTShrtPnk23Feb19", clid: null}, {tpid: "girlTghtAlice", clid: null}, {tpid: "girlShoes14", clid: null}, {tpid: "gSMRCrst1", clid: null}]}, uid: "328"}}]
Thu Jan 9 17:10:15 GMT+0200 2020 [INFO] Client said: 34: ["house_328_livingroom", "h.r.ra", {}]
Thu Jan 9 17:10:15 GMT+0200 2020 [INFO] Server said: 34: ["a.clths.buy", {inv: {c: {lt: {id: "lt", it: []}, frn: {id: "frn", it: []}, act: {id: "act", it: []}, gm: {id: "gm", it: [{c: 1, iid: "", tid: "blackMobileSkin"}]}, cls: {id: "cls", it: [{c: 1, iid: "", tid: "girlUnderdress1"}, {c: 1, iid: "", tid: "girlUnderdress2"}, {c: 1, iid: "", tid: "girlPants9"}, {c: 1, iid: "", tid: "girlShirt12"}, {c: 1, iid: "", tid: "grlTShrtHlw17Csl1"}]}}}, ccltn: {ctp: "casual", cn: "", cct: ["girlTShrtPnk23Feb19", "girlTghtAlice", "girlShoes14", "gSMRCrst1"]}, crt: 341, clths: {clths: [{tpid: "girlTShrtPnk23Feb19", clid: null}, {tpid: "girlTghtAlice", clid: null}, {tpid: "girlShoes14", clid: null}, {tpid: "gSMRCrst1", clid: null}]}, res: {enrg: 500, slvr: 10000, emd: 0, gld: 577}}]
Thu Jan 9 17:10:12 GMT+0200 2020 [INFO] Client said: 34: [null, "a.clths.buy", {ctp: "casual", tpid: "girlTShrtPnk23Feb19", pind: 1}]
Thu Jan 9 17:09:55 GMT+0200 2020 [INFO] Server said: 34: ["b.ingld", {ingld: 500}]
Thu Jan 9 17:09:54 GMT+0200 2020 [INFO] Server said: 34: ["ntf.res", {res: {enrg: 500, slvr: 10000, emd: 0, gld: 602}}]
Thu Jan 9 17:09:54 GMT+0200 2020 [INFO] [YandexMetrics.reachGoal] Call reach goal 'click_buy_product' for counter 31321471
Thu Jan 9 17:09:54 GMT+0200 2020 [INFO] Client said: 34: [null, "b.chkprchs", {pmnt: null, prid: "pack500", qnt: 1}]
Thu Jan 9 17:09:53 GMT+0200 2020 [INFO] [YandexMetrics.reachGoal] Call reach goal 'show_payment_dialog' for counter 31321471
Thu Jan 9 17:09:50 GMT+0200 2020 [INFO] Server said: 34: ["b.ingld", {ingld: 100}]
Thu Jan 9 17:09:50 GMT+0200 2020 [INFO] Server said: 34: ["ntf.res", {res: {enrg: 500, slvr: 10000, emd: 0, gld: 102}}]
Thu Jan 9 17:09:49 GMT+0200 2020 [INFO] [YandexMetrics.reachGoal] Call reach goal 'click_buy_product' for counter 31321471
Thu Jan 9 17:09:49 GMT+0200 2020 [INFO] Client said: 34: [null, "b.chkprchs", {pmnt: null, prid: "pack100", qnt: 1}]
Thu Jan 9 17:09:46 GMT+0200 2020 [INFO] [YandexMetrics.reachGoal] Call reach goal 'show_payment_dialog' for counter 31321471
Thu Jan 9 17:09:13 GMT+0200 2020 [INFO] Server said: 34: ["h.r.ra", {plr: {usrinf: {rl: 0}, locinfo: {l: "house_328_livingroom", x: 4.05, at: "", pl: "", st: 0, s: "127.0.0.1", shlc: true, d: 4, y: 0.1}, mbm: {sk: "blackMobileSkin", ac: null}, ci: {vsact: true, vexp: 1965298000, hrt: 174, skid: null, vip: true, sbrt: 0, vret: 0, bcld: 0, plcmt: {}, crst: 0, vfgc: 0, ysct: 0, trid: null, skrt: 0, strfrd: 0, rtrtm: 0, gtrfrd: 0, ceid: 0, fak: null, kyktid: null, gdc: 0, cmid: 0, shcr: true, shousd: false, lgt: 0, lvt: 1578582472, trcd: 0, actrt: 0, rpt: 0, dr: true, compid: 0, spp: 0, lrnt: 0, sbid: null, as: null, crt: 278, pamns: {amn: []}, lwts: 0, exp: 85800, fexp: 0, tts: null, ys: 0, actrd: 0, vsexp: 1965298000, eml: null, actrp: 0}, apprnc: {mc: 2, brt: 18, brc: 1, sc: 2, g: 2, fac: 1, mt: 31, rc: 1, fat: 0, nct: 0, pc: 1, fft: 7, bt: 0, sh: 0, ht: 129, ec: 1, ssc: 1, rg: 0, n: "ДОХЛАЯ", hc: 7, et: 34, pt: 0, ss: 0, shc: 1, bc: 1}, pf: {pf: {phtghr: {pgs: 0, tp: "phtghr", l: 20}, jntr: {pgs: 0, tp: "jntr", l: 20}, grdnr: {pgs: 0, tp: "grdnr", l: 20}, vsgst: {pgs: 0, tp: "vsgst", l: 20}}}, clths: {clths: [{tpid: "grlTShrtHlw17Csl1", clid: null}, {tpid: "girlTghtAlice", clid: null}, {tpid: "girlShoes14", clid: null}, {tpid: "gSMRCrst1", clid: null}]}, uid: "328"}}]