ClientError: Thu Jan 9 16:12:19 GMT+0200 2020 [CRITICAL] [salon] *Uncaught Error* ErrorId: 1009 ErrorName: TypeError ErrorMessage:Error #1009 ErrorStackTrace:TypeError: Error #1009
	at _-0eV::RoomMemberContainer/addAvatar()
	at _-PQ::BaseRoomScreen/addAvatar()
	at _-PQ::BaseRoomScreen/onRefreshAvatar()
	at flash.events::EventDispatcher/dispatchEvent()
	at _-2CM::BaseRoomNetManager/onRefreshAvatar()
	at flash.events::EventDispatcher/dispatchEvent()
	at ags::_-2t/_-2dI()
	at flash.events::EventDispatcher/dispatchEvent()
	at _-0en::_-0O8/_-1LF()
	at _-0en::_-0O8/execute()
	at ags::AGSClient/_-0i9()
	at ags::AGSClient/_-2ZF()
	at ags::AGSClient/_-2Ea()
Thu Jan 9 16:12:19 GMT+0200 2020 [INFO] Server said: 34: ["o.r.ra", {plr: {uid: "123", clths: {clths: [{tpid: "girlShirt12", clid: null}, {tpid: "girlShoes14", clid: null}, {tpid: "girlPants9", clid: null}]}, apprnc: {rc: 1, nct: 0, ec: 16, fft: 2, bt: 0, et: 38, g: 2, mt: 19, mc: 14, shc: 12, brc: 3, fat: 0, brt: 5, pt: 0, n: "Pariska", fac: 1, ssc: 1, sc: 1, ht: 125, pc: 1, hc: 8, rg: 0, ss: 0, bc: 1, sh: 24}, usrinf: {rl: 0}, pf: {pf: {grdnr: {tp: "grdnr", pgs: 0, l: 20}, jntr: {tp: "jntr", pgs: 0, l: 20}, phtghr: {tp: "phtghr", pgs: 0, l: 20}, vsgst: {tp: "vsgst", pgs: 0, l: 20}}}, ci: {crt: 10, actrp: 0, lrnt: 0, actrd: 0, vsact: true, bcld: 0, ys: 0, shousd: false, rpt: 0, ysct: 0, vexp: 1965298000, trcd: 0, sbid: null, spp: 0, vfgc: 0, trid: "freelanceMicrophone", lwts: 0, exp: 85800, rtrtm: 0, plcmt: {}, fexp: 0, sbrt: 0, actrt: 0, hrt: 174, compid: 0, vret: 0, lgt: 0, as: null, strfrd: 0, shcr: true, eml: null, tts: null, crst: 0, ceid: 0, dr: true, skid: null, vsexp: 1965298000, fak: null, skrt: 0, gtrfrd: 0, gdc: 0, kyktid: null, cmid: 0, vip: true, pamns: {amn: []}, lvt: 1578578381}, locinfo: {x: 6.33, s: "127.0.0.1", at: "", y: 12.25, l: "salon_sn1_1", shlc: true, st: 23, d: 4, pl: ""}, mbm: {ac: null, sk: "blackMobileSkin"}}}]
Thu Jan 9 16:12:18 GMT+0200 2020 [INFO] Server said: 34: ["o.r.u", {x: 7.95, st: 23, uid: "25", at: "", y: 9.52, d: 6}]
Thu Jan 9 16:12:17 GMT+0200 2020 [INFO] Server said: 16: ["salon_sn1_1", "17"]
Thu Jan 9 16:12:17 GMT+0200 2020 [INFO] Server said: 34: ["o.r.jn", {plr: {uid: "17", clths: {clths: [{tpid: "boyJcktNYRckr", clid: "16"}, {tpid: "boyTShtPrfGdn", clid: null}, {tpid: "boyPntsSport", clid: "4"}, {tpid: "boyGlssClnGlmr", clid: "17"}, {tpid: "boyMskNY20Emr", clid: null}, {tpid: "boyBtsBnny", clid: "4"}, {tpid: "boyNY20VKGiftScrfSnw", clid: null}, {tpid: "boyErrOutsrc2", clid: "16"}]}, apprnc: {rc: 1, nct: 0, ec: 24, fft: 7, bt: 0, et: 23, g: 1, mt: 25, mc: 1, shc: 1, brc: 3, fat: 0, brt: 3, pt: 0, n: "Куколка", fac: 1, ssc: 1, sc: 1, ht: 75, pc: 1, hc: 1, rg: 0, ss: 0, bc: 1, sh: 0}, usrinf: {rl: 0}, pf: {pf: {grdnr: {tp: "grdnr", pgs: 0, l: 20}, jntr: {tp: "jntr", pgs: 0, l: 20}, phtghr: {tp: "phtghr", pgs: 0, l: 20}, vsgst: {tp: "vsgst", pgs: 0, l: 20}}}, ci: {crt: 23728, actrp: 0, lrnt: 0, actrd: 0, vsact: true, bcld: 0, ys: 0, shousd: false, rpt: 0, ysct: 0, vexp: 1965298000, trcd: 0, sbid: null, spp: 0, vfgc: 0, trid: "freelanceMicrophone", lwts: 0, exp: 85800, rtrtm: 0, plcmt: {}, fexp: 0, sbrt: 0, actrt: 0, hrt: 11208, compid: 0, vret: 0, lgt: 0, as: null, strfrd: 0, shcr: true, eml: null, tts: null, crst: 0, ceid: 0, dr: true, skid: null, vsexp: 1965298000, fak: null, skrt: 0, gtrfrd: 0, gdc: 0, kyktid: null, cmid: 0, vip: true, pamns: {amn: []}, lvt: 1578578932}, locinfo: {x: -1, s: "127.0.0.1", at: "", y: -1, l: "salon_sn1_1", shlc: true, st: 0, d: 4, pl: ""}, mbm: {ac: null, sk: "blackMobileSkin"}}}]
Thu Jan 9 16:12:16 GMT+0200 2020 [INFO] Server said: 34: ["o.r.m", {dy: 9.52, uid: "25", dx: 7.95, sx: 9.69, sy: 9.94}]
Thu Jan 9 16:12:15 GMT+0200 2020 [INFO] Client said: 34: ["salon_sn1_1", "o.r.info", {rid: "sn1"}]
Thu Jan 9 16:12:15 GMT+0200 2020 [INFO] Server said: 34: ["o.gr", {rid: "salon_sn1_1"}]
Thu Jan 9 16:12:15 GMT+0200 2020 [INFO] Server said: 16: ["salon_sn1_1", "207"]
Thu Jan 9 16:12:15 GMT+0200 2020 [INFO] Server said: 34: ["o.r.jn", {plr: {uid: "207", clths: {clths: [{tpid: "girlShirt12", clid: null}, {tpid: "girlShoes14", clid: null}, {tpid: "girlPants9", clid: null}]}, apprnc: {rc: 1, nct: 0, ec: 3, fft: 0, bt: 0, et: 36, g: 2, mt: 1, mc: 3, shc: 1, brc: 1, fat: 0, brt: 6, pt: 0, n: "Цаца", fac: 1, ssc: 1, sc: 5, ht: 128, pc: 1, hc: 7, rg: 0, ss: 0, bc: 1, sh: 0}, usrinf: {rl: 0}, pf: {pf: {grdnr: {tp: "grdnr", pgs: 0, l: 20}, jntr: {tp: "jntr", pgs: 0, l: 20}, phtghr: {tp: "phtghr", pgs: 0, l: 20}, vsgst: {tp: "vsgst", pgs: 0, l: 20}}}, ci: {crt: 10, actrp: 0, lrnt: 0, actrd: 0, vsact: true, bcld: 0, ys: 0, shousd: false, rpt: 0, ysct: 0, vexp: 1965298000, trcd: 0, sbid: null, spp: 0, vfgc: 0, trid: null, lwts: 0, exp: 85800, rtrtm: 0, plcmt: {}, fexp: 0, sbrt: 0, actrt: 0, hrt: 174, compid: 0, vret: 0, lgt: 0, as: null, strfrd: 0, shcr: true, eml: null, tts: null, crst: 0, ceid: 0, dr: true, skid: null, vsexp: 1965298000, fak: null, skrt: 0, gtrfrd: 0, gdc: 0, kyktid: null, cmid: 0, vip: true, pamns: {amn: []}, lvt: 1578578999}, locinfo: {x: -1, s: "127.0.0.1", at: "", y: -1, l: "salon_sn1_1", shlc: true, st: 0, d: 4, pl: ""}, mbm: {ac: null, sk: "blackMobileSkin"}}}]
Thu Jan 9 16:12:13 GMT+0200 2020 [INFO] Server said: 34: ["o.r.u", {x: 9.69, st: 23, uid: "25", at: "", y: 9.94, d: 4}]
Thu Jan 9 16:12:10 GMT+0200 2020 [INFO] Server said: 34: ["o.r.ra", {plr: {uid: "85", clths: {clths: [{tpid: "gShsPsln11", clid: null}, {tpid: "girlNY20VKGiftPllvDr", clid: null}, {tpid: "girlPntsNY20Gld", clid: null}]}, apprnc: {rc: 1, nct: 0, ec: 5, fft: 7, bt: 0, et: 33, g: 2, mt: 19, mc: 17, shc: 24, brc: 2, fat: 0, brt: 29, pt: 0, n: "BlAcK cAt", fac: 1, ssc: 4, sc: 2, ht: 132, pc: 1, hc: 15, rg: 0, ss: 20, bc: 1, sh: 11}, usrinf: {rl: 0}, pf: {pf: {grdnr: {tp: "grdnr", pgs: 0, l: 20}, jntr: {tp: "jntr", pgs: 0, l: 20}, phtghr: {tp: "phtghr", pgs: 0, l: 20}, vsgst: {tp: "vsgst", pgs: 0, l: 20}}}, ci: {crt: 456, actrp: 0, lrnt: 0, actrd: 0, vsact: true, bcld: 0, ys: 0, shousd: false, rpt: 0, ysct: 0, vexp: 1965298000, trcd: 0, sbid: null, spp: 0, vfgc: 0, trid: "freelanceMicrophone", lwts: 0, exp: 85800, rtrtm: 0, plcmt: {}, fexp: 0, sbrt: 0, actrt: 0, hrt: 233, compid: 0, vret: 0, lgt: 0, as: null, strfrd: 0, shcr: true, eml: null, tts: null, crst: 0, ceid: 0, dr: true, skid: null, vsexp: 1965298000, fak: null, skrt: 0, gtrfrd: 0, gdc: 0, kyktid: null, cmid: 0, vip: true, pamns: {amn: []}, lvt: 1578578693}, locinfo: {x: 10.72, s: "127.0.0.1", at: "", y: 16.03, l: "salon_sn1_1", shlc: true, st: 23, d: 4, pl: ""}, mbm: {ac: null, sk: "blackMobileSkin"}}}]
Thu Jan 9 16:12:10 GMT+0200 2020 [INFO] Server said: 34: ["o.r.m", {dy: 9.94, uid: "25", dx: 9.69, sx: 9.55, sy: 8.11}]
Thu Jan 9 16:12:09 GMT+0200 2020 [INFO] Server said: 17: ["salon_sn1_1", "296"]
Thu Jan 9 16:12:09 GMT+0200 2020 [INFO] Server said: 34: ["o.r.lv", {uid: "296"}]
Thu Jan 9 16:12:09 GMT+0200 2020 [INFO] Server said: 34: ["o.r.ra", {plr: {uid: "230", clths: {clths: [{tpid: "girlUnderdress1", clid: null}]}, apprnc: {rc: 1, nct: 0, ec: 31, fft: 7, bt: 0, et: 38, g: 2, mt: 31, mc: 29, shc: 15, brc: 2, fat: 0, brt: 32, pt: 0, n: "Жру Камень", fac: 1, ssc: 1, sc: 2, ht: 125, pc: 1, hc: 6, rg: 0, ss: 0, bc: 1, sh: 25}, usrinf: {rl: 0}, pf: {pf: {grdnr: {tp: "grdnr", pgs: 0, l: 20}, jntr: {tp: "jntr", pgs: 0, l: 20}, phtghr: {tp: "phtghr", pgs: 0, l: 20}, vsgst: {tp: "vsgst", pgs: 0, l: 20}}}, ci: {crt: 950, actrp: 0, lrnt: 0, actrd: 0, vsact: true, bcld: 0, ys: 0, shousd: false, rpt: 0, ysct: 0, vexp: 1965298000, trcd: 0, sbid: null, spp: 0, vfgc: 0, trid: "freelanceModerator", lwts: 0, exp: 85800, rtrtm: 0, plcmt: {}, fexp: 0, sbrt: 0, actrt: 0, hrt: 174, compid: 0, vret: 0, lgt: 0, as: null, strfrd: 0, shcr: true, eml: null, tts: null, crst: 0, ceid: 0, dr: true, skid: null, vsexp: 1965298000, fak: null, skrt: 0, gtrfrd: 0, gdc: 0, kyktid: null, cmid: 0, vip: true, pamns: {amn: []}, lvt: 1578578548}, locinfo: {x: 8.69, s: "127.0.0.1", at: "", y: 9.06, l: "salon_sn1_1", shlc: true, st: 23, d: 4, pl: ""}, mbm: {ac: null, sk: "blackMobileSkin"}}}]
Thu Jan 9 16:12:08 GMT+0200 2020 [INFO] Server said: 34: ["o.r.u", {x: 9.55, st: 23, uid: "25", at: "", y: 8.11, d: 0}]
Thu Jan 9 16:12:08 GMT+0200 2020 [INFO] Server said: 34: ["o.r.ra", {plr: {uid: "123", clths: {clths: [{tpid: "girlShirt12", clid: null}, {tpid: "girlShoes14", clid: null}, {tpid: "girlPants9", clid: null}]}, apprnc: {rc: 1, nct: 0, ec: 16, fft: 2, bt: 0, et: 38, g: 2, mt: 19, mc: 14, shc: 12, brc: 3, fat: 0, brt: 5, pt: 0, n: "Pariska", fac: 1, ssc: 1, sc: 1, ht: 125, pc: 1, hc: 8, rg: 0, ss: 0, bc: 1, sh: 24}, usrinf: {rl: 0}, pf: {pf: {grdnr: {tp: "grdnr", pgs: 0, l: 20}, jntr: {tp: "jntr", pgs: 0, l: 20}, phtghr: {tp: "phtghr", pgs: 0, l: 20}, vsgst: {tp: "vsgst", pgs: 0, l: 20}}}, ci: {crt: 10, actrp: 0, lrnt: 0, actrd: 0, vsact: true, bcld: 0, ys: 0, shousd: false, rpt: 0, ysct: 0, vexp: 1965298000, trcd: 0, sbid: null, spp: 0, vfgc: 0, trid: "freelanceMicrophone", lwts: 0, exp: 85800, rtrtm: 0, plcmt: {}, fexp: 0, sbrt: 0, actrt: 0, hrt: 174, compid: 0, vret: 0, lgt: 0, as: null, strfrd: 0, shcr: true, eml: null, tts: null, crst: 0, ceid: 0, dr: true, skid: null, vsexp: 1965298000, fak: null, skrt: 0, gtrfrd: 0, gdc: 0, kyktid: null, cmid: 0, vip: true, pamns: {amn: []}, lvt: 1578578381}, locinfo: {x: 6.33, s: "127.0.0.1", at: "", y: 12.25, l: "salon_sn1_1", shlc: true, st: 23, d: 4, pl: ""}, mbm: {ac: null, sk: "blackMobileSkin"}}}]
Thu Jan 9 16:12:08 GMT+0200 2020 [INFO] Server said: 16: ["salon_sn1_1", "40"]
Thu Jan 9 16:12:08 GMT+0200 2020 [INFO] Server said: 34: ["o.r.jn", {plr: {uid: "40", clths: {clths: [{tpid: "girlPlvWnt19Wrm", clid: null}, {tpid: "grlPnkRsPnts", clid: null}, {tpid: "girlBtsWnt19Pnk", clid: null}]}, apprnc: {rc: 1, nct: 0, ec: 1, fft: 0, bt: 0, et: 8, g: 2, mt: 4, mc: 3, shc: 1, brc: 4, fat: 0, brt: 7, pt: 0, n: "Кира", fac: 1, ssc: 1, sc: 2, ht: 130, pc: 1, hc: 5, rg: 0, ss: 0, bc: 1, sh: 0}, usrinf: {rl: 0}, pf: {pf: {grdnr: {tp: "grdnr", pgs: 0, l: 20}, jntr: {tp: "jntr", pgs: 0, l: 20}, phtghr: {tp: "phtghr", pgs: 0, l: 20}, vsgst: {tp: "vsgst", pgs: 0, l: 20}}}, ci: {crt: 4070, actrp: 0, lrnt: 0, actrd: 0, vsact: true, bcld: 0, ys: 0, shousd: false, rpt: 0, ysct: 0, vexp: 1965298000, trcd: 0, sbid: null, spp: 0, vfgc: 0, trid: "freelanceTwitterInstagram", lwts: 0, exp: 85800, rtrtm: 0, plcmt: {}, fexp: 0, sbrt: 0, actrt: 0, hrt: 261, compid: 0, vret: 0, lgt: 0, as: null, strfrd: 0, shcr: true, eml: null, tts: null, crst: 0, ceid: 0, dr: true, skid: null, vsexp: 1965298000, fak: null, skrt: 0, gtrfrd: 0, gdc: 0, kyktid: null, cmid: 0, vip: true, pamns: {amn: []}, lvt: 1578578479}, locinfo: {x: -1, s: "127.0.0.1", at: "", y: -1, l: "salon_sn1_1", shlc: true, st: 0, d: 4, pl: ""}, mbm: {ac: null, sk: "blackMobileSkin"}}}]
Thu Jan 9 16:12:07 GMT+0200 2020 [INFO] Server said: 17: ["salon_sn1_1", "213"]
Thu Jan 9 16:12:07 GMT+0200 2020 [INFO] Server said: 34: ["o.r.lv", {uid: "213"}]
Thu Jan 9 16:12:06 GMT+0200 2020 [INFO] Server said: 34: ["o.r.m", {dy: 8.11, uid: "25", dx: 9.55, sx: 8.39, sy: 10.39}]
Thu Jan 9 16:01:17 GMT+0200 2020 [INFO] Client said: 34: [null, "o.gr", {gid: "sn1", lid: "salon"}]
Thu Jan 9 16:01:17 GMT+0200 2020 [INFO] Server said: 1: ["40", true, false, false]
Thu Jan 9 16:01:16 GMT+0200 2020 [INFO] Client said: 1: ["street", "40", "eSjaXfOZShqIaxzQGIKC", {clvrn: "84.0.4", v: 2}]
Thu Jan 9 16:01:15 GMT+0200 2020 [INFO] Client said: 2: []
Thu Jan 9 16:01:15 GMT+0200 2020 [INFO] Loaded  LoadingItem(url: http://62.113.113.58:8080/files/swf/Salon_1fe14ef0cdf189794ef74d591993d3f5.swf, status: 2) 
Thu Jan 9 16:01:14 GMT+0200 2020 [INFO] Client said: 17: ["house_25_livingroom"]
Thu Jan 9 16:01:06 GMT+0200 2020 [INFO] Server said: 34: ["ev.get", {evlst: [{unm: "Трусы", lg: 30, ds: "УРА", tp: 0, r: 8, ft: 1578579314, st: 1578577514, id: 25, ac: false, fo: false, tt: "УБУБУБУБ ВСЕМ КУ", ci: 0, c: 0, ml: 1, uid: "25", l: "livingroom"}, {unm: "мастурбация", lg: 30, ds: "тоже ищу, не важен пол :)", tp: 1, r: 8, ft: 1578585457, st: 1578578257, id: 14, ac: false, fo: false, tt: "Пары :)", ci: 0, c: 0, ml: 1, uid: "14", l: "street_s1e"}], c: -1, tg: ""}]
Thu Jan 9 16:01:05 GMT+0200 2020 [INFO] Client said: 34: [null, "ev.get", {c: -1, fof: false, tg: ""}]
Thu Jan 9 16:01:02 GMT+0200 2020 [INFO] Server said: 34: ["ev.get", {evlst: [{unm: "Трусы", lg: 30, ds: "УРА", tp: 0, r: 8, ft: 1578579314, st: 1578577514, id: 25, ac: false, fo: false, tt: "УБУБУБУБ ВСЕМ КУ", ci: 0, c: 0, ml: 1, uid: "25", l: "livingroom"}, {unm: "мастурбация", lg: 30, ds: "тоже ищу, не важен пол :)", tp: 1, r: 8, ft: 1578585457, st: 1578578257, id: 14, ac: false, fo: false, tt: "Пары :)", ci: 0, c: 0, ml: 1, uid: "14", l: "street_s1e"}], c: -1, tg: ""}]
Thu Jan 9 16:01:02 GMT+0200 2020 [INFO] Server said: 34: ["ev.get", {evlst: [{unm: "Трусы", lg: 30, ds: "УРА", tp: 0, r: 8, ft: 1578579314, st: 1578577514, id: 25, ac: false, fo: false, tt: "УБУБУБУБ ВСЕМ КУ", ci: 0, c: 0, ml: 1, uid: "25", l: "livingroom"}, {unm: "мастурбация", lg: 30, ds: "тоже ищу, не важен пол :)", tp: 1, r: 8, ft: 1578585457, st: 1578578257, id: 14, ac: false, fo: false, tt: "Пары :)", ci: 0, c: 0, ml: 1, uid: "14", l: "street_s1e"}], c: -1, tg: ""}]
Thu Jan 9 16:01:01 GMT+0200 2020 [INFO] Client said: 34: [null, "ev.get", {c: 3, fof: true, tg: ""}]
Thu Jan 9 16:01:01 GMT+0200 2020 [INFO] Server said: 34: ["ev.get", {evlst: [{unm: "Трусы", lg: 30, ds: "УРА", tp: 0, r: 8, ft: 1578579314, st: 1578577514, id: 25, ac: false, fo: false, tt: "УБУБУБУБ ВСЕМ КУ", ci: 0, c: 0, ml: 1, uid: "25", l: "livingroom"}, {unm: "мастурбация", lg: 30, ds: "тоже ищу, не важен пол :)", tp: 1, r: 8, ft: 1578585457, st: 1578578257, id: 14, ac: false, fo: false, tt: "Пары :)", ci: 0, c: 0, ml: 1, uid: "14", l: "street_s1e"}], c: -1, tg: ""}]
Thu Jan 9 16:01:01 GMT+0200 2020 [INFO] Server said: 34: ["ev.get", {evlst: [{unm: "Трусы", lg: 30, ds: "УРА", tp: 0, r: 8, ft: 1578579314, st: 1578577514, id: 25, ac: false, fo: false, tt: "УБУБУБУБ ВСЕМ КУ", ci: 0, c: 0, ml: 1, uid: "25", l: "livingroom"}, {unm: "мастурбация", lg: 30, ds: "тоже ищу, не важен пол :)", tp: 1, r: 8, ft: 1578585457, st: 1578578257, id: 14, ac: false, fo: false, tt: "Пары :)", ci: 0, c: 0, ml: 1, uid: "14", l: "street_s1e"}], c: -1, tg: ""}]
Thu Jan 9 16:01:00 GMT+0200 2020 [INFO] Client said: 34: [null, "ev.get", {c: 3, fof: false, tg: ""}]
Thu Jan 9 16:01:00 GMT+0200 2020 [INFO] Server said: 34: ["ev.get", {evlst: [{unm: "Трусы", lg: 30, ds: "УРА", tp: 0, r: 8, ft: 1578579314, st: 1578577514, id: 25, ac: false, fo: false, tt: "УБУБУБУБ ВСЕМ КУ", ci: 0, c: 0, ml: 1, uid: "25", l: "livingroom"}, {unm: "мастурбация", lg: 30, ds: "тоже ищу, не важен пол :)", tp: 1, r: 8, ft: 1578585457, st: 1578578257, id: 14, ac: false, fo: false, tt: "Пары :)", ci: 0, c: 0, ml: 1, uid: "14", l: "street_s1e"}], c: -1, tg: ""}]
Thu Jan 9 16:01:00 GMT+0200 2020 [INFO] Client said: 34: [null, "ev.get", {c: 2, fof: false, tg: ""}]