ClientError: Thu Jan 9 17:20:33 GMT+0200 2020 [CRITICAL] [salon] *Uncaught Error* ErrorId: 1009 ErrorName: TypeError ErrorMessage:Error #1009 ErrorStackTrace:TypeError: Error #1009
	at _-0eV::RoomMemberContainer/addAvatar()
	at _-PQ::BaseRoomScreen/addAvatar()
	at _-PQ::BaseRoomScreen/onRefreshAvatar()
	at flash.events::EventDispatcher/dispatchEvent()
	at _-2CM::BaseRoomNetManager/onRefreshAvatar()
	at flash.events::EventDispatcher/dispatchEvent()
	at ags::_-2t/_-2dI()
	at flash.events::EventDispatcher/dispatchEvent()
	at _-0en::_-0O8/_-1LF()
	at _-0en::_-0O8/execute()
	at ags::AGSClient/_-0i9()
	at ags::AGSClient/_-2ZF()
	at ags::AGSClient/_-2Ea()
Thu Jan 9 17:20:33 GMT+0200 2020 [INFO] Server said: 34: ["o.r.ra", {plr: {uid: "328", clths: {clths: [{tpid: "girlShirt12", clid: null}, {tpid: "girlShoes14", clid: null}, {tpid: "girlPants9", clid: null}]}, apprnc: {rc: 1, nct: 0, ec: 1, fft: 7, bt: 0, et: 34, g: 2, mt: 31, mc: 2, shc: 1, brc: 1, fat: 0, brt: 18, pt: 0, n: "ДОХЛАЯ", fac: 1, ssc: 1, sc: 2, ht: 129, pc: 1, hc: 7, rg: 0, ss: 0, bc: 1, sh: 0}, usrinf: {rl: 0}, pf: {pf: {grdnr: {tp: "grdnr", pgs: 0, l: 20}, jntr: {tp: "jntr", pgs: 0, l: 20}, phtghr: {tp: "phtghr", pgs: 0, l: 20}, vsgst: {tp: "vsgst", pgs: 0, l: 20}}}, ci: {crt: 1134, actrp: 0, lrnt: 0, actrd: 0, vsact: true, bcld: 0, ys: 0, shousd: false, rpt: 0, ysct: 0, vexp: 1965298000, trcd: 0, sbid: null, spp: 0, vfgc: 0, trid: null, lwts: 0, exp: 85800, rtrtm: 0, plcmt: {}, fexp: 0, sbrt: 0, actrt: 0, hrt: 374, compid: 0, vret: 0, lgt: 0, as: null, strfrd: 0, shcr: true, eml: null, tts: null, crst: 0, ceid: 0, dr: true, skid: null, vsexp: 1965298000, fak: null, skrt: 0, gtrfrd: 0, gdc: 0, kyktid: null, cmid: 0, vip: true, pamns: {amn: []}, lvt: 1578583127}, locinfo: {x: 10.09, s: "127.0.0.1", at: "", y: 3.28, l: "salon_sn1_1", shlc: true, st: 23, d: 4, pl: ""}, mbm: {ac: null, sk: "blackMobileSkin"}}}]
Thu Jan 9 17:20:33 GMT+0200 2020 [INFO] Server said: 34: ["o.r.u", {x: 15.5, st: 0, uid: "700", d: 4, y: 1.5}]
Thu Jan 9 17:20:32 GMT+0200 2020 [INFO] Client said: 34: ["salon_sn1_1", "o.r.info", {rid: "sn1"}]
Thu Jan 9 17:20:32 GMT+0200 2020 [INFO] Server said: 34: ["o.gr", {rid: "salon_sn1_1"}]
Thu Jan 9 17:20:20 GMT+0200 2020 [INFO] Server said: 16: ["salon_sn1_1", "258"]
Thu Jan 9 17:20:20 GMT+0200 2020 [INFO] Server said: 34: ["o.r.jn", {plr: {uid: "258", clths: {clths: [{tpid: "boyHlwn34", clid: null}, {tpid: "boyPntsWnt19Yllw", clid: null}, {tpid: "boyBtsHsk", clid: null}]}, apprnc: {rc: 1, nct: 0, ec: 30, fft: 7, bt: 0, et: 18, g: 1, mt: 23, mc: 3, shc: 1, brc: 5, fat: 0, brt: 6, pt: 0, n: ".ЕНОТ.", fac: 1, ssc: 1, sc: 2, ht: 85, pc: 1, hc: 25, rg: 0, ss: 0, bc: 1, sh: 0}, usrinf: {rl: 0}, pf: {pf: {grdnr: {tp: "grdnr", pgs: 0, l: 20}, jntr: {tp: "jntr", pgs: 0, l: 20}, phtghr: {tp: "phtghr", pgs: 0, l: 20}, vsgst: {tp: "vsgst", pgs: 0, l: 20}}}, ci: {crt: 244, actrp: 0, lrnt: 0, actrd: 0, vsact: true, bcld: 0, ys: 0, shousd: false, rpt: 0, ysct: 0, vexp: 1965298000, trcd: 0, sbid: null, spp: 0, vfgc: 0, trid: null, lwts: 0, exp: 85800, rtrtm: 0, plcmt: {}, fexp: 0, sbrt: 0, actrt: 0, hrt: 174, compid: 0, vret: 0, lgt: 0, as: null, strfrd: 0, shcr: true, eml: null, tts: null, crst: 0, ceid: 0, dr: true, skid: null, vsexp: 1965298000, fak: null, skrt: 0, gtrfrd: 0, gdc: 0, kyktid: null, cmid: 0, vip: true, pamns: {amn: []}, lvt: 1578582136}, locinfo: {x: -1, s: "127.0.0.1", at: "", y: -1, l: "salon_sn1_1", shlc: true, st: 0, d: 4, pl: ""}, mbm: {ac: null, sk: "blackMobileSkin"}}}]
Thu Jan 9 17:20:19 GMT+0200 2020 [INFO] Server said: 34: ["o.r.ra", {plr: {uid: "1068", clths: {clths: [{tpid: "girlShirt12", clid: null}, {tpid: "girlShoes14", clid: null}, {tpid: "girlPants9", clid: null}]}, apprnc: {rc: 11, nct: 0, ec: 5, fft: 11, bt: 0, et: 21, g: 2, mt: 23, mc: 29, shc: 35, brc: 29, fat: 0, brt: 33, pt: 0, n: "Vaibornsizl", fac: 1, ssc: 1, sc: 3, ht: 132, pc: 1, hc: 7, rg: 1, ss: 0, bc: 1, sh: 19}, usrinf: {rl: 0}, pf: {pf: {grdnr: {tp: "grdnr", pgs: 0, l: 20}, jntr: {tp: "jntr", pgs: 0, l: 20}, phtghr: {tp: "phtghr", pgs: 0, l: 20}, vsgst: {tp: "vsgst", pgs: 0, l: 20}}}, ci: {crt: 10, actrp: 0, lrnt: 0, actrd: 0, vsact: true, bcld: 0, ys: 0, shousd: false, rpt: 0, ysct: 0, vexp: 1965298000, trcd: 0, sbid: null, spp: 0, vfgc: 0, trid: null, lwts: 0, exp: 85800, rtrtm: 0, plcmt: {}, fexp: 0, sbrt: 0, actrt: 0, hrt: 174, compid: 0, vret: 0, lgt: 0, as: null, strfrd: 0, shcr: true, eml: null, tts: null, crst: 0, ceid: 0, dr: true, skid: null, vsexp: 1965298000, fak: null, skrt: 0, gtrfrd: 0, gdc: 0, kyktid: null, cmid: 0, vip: true, pamns: {amn: []}, lvt: 1578583037}, locinfo: {x: 12.73, s: "127.0.0.1", at: "sitItem12", y: 2.31, l: "salon_sn1_1", shlc: true, st: 1, d: 4, pl: ""}, mbm: {ac: null, sk: "blackMobileSkin"}}}]
Thu Jan 9 17:20:15 GMT+0200 2020 [INFO] Server said: 16: ["salon_sn1_1", "40"]
Thu Jan 9 17:20:15 GMT+0200 2020 [INFO] Server said: 34: ["o.r.jn", {plr: {uid: "40", clths: {clths: [{tpid: "girlTShrtIris", clid: null}, {tpid: "girlTghtWnt19Wrm", clid: null}, {tpid: "girlSktIris", clid: null}, {tpid: "girlBtsWnt19Pnk", clid: null}]}, apprnc: {rc: 1, nct: 0, ec: 19, fft: 10, bt: 0, et: 40, g: 2, mt: 4, mc: 3, shc: 1, brc: 4, fat: 0, brt: 24, pt: 0, n: "Кира", fac: 1, ssc: 1, sc: 2, ht: 130, pc: 1, hc: 18, rg: 0, ss: 0, bc: 1, sh: 0}, usrinf: {rl: 0}, pf: {pf: {grdnr: {tp: "grdnr", pgs: 0, l: 20}, jntr: {tp: "jntr", pgs: 0, l: 20}, phtghr: {tp: "phtghr", pgs: 0, l: 20}, vsgst: {tp: "vsgst", pgs: 0, l: 20}}}, ci: {crt: 4580, actrp: 0, lrnt: 0, actrd: 0, vsact: true, bcld: 0, ys: 0, shousd: false, rpt: 0, ysct: 0, vexp: 1965298000, trcd: 0, sbid: null, spp: 0, vfgc: 0, trid: "freelanceTwitterInstagram", lwts: 0, exp: 85800, rtrtm: 0, plcmt: {}, fexp: 0, sbrt: 0, actrt: 0, hrt: 944, compid: 0, vret: 0, lgt: 0, as: null, strfrd: 0, shcr: true, eml: null, tts: null, crst: 0, ceid: 0, dr: true, skid: null, vsexp: 1965298000, fak: null, skrt: 0, gtrfrd: 0, gdc: 0, kyktid: null, cmid: 0, vip: true, pamns: {amn: []}, lvt: 1578582126}, locinfo: {x: -1, s: "127.0.0.1", at: "", y: -1, l: "salon_sn1_1", shlc: true, st: 0, d: 4, pl: ""}, mbm: {ac: null, sk: "blackMobileSkin"}}}]
Thu Jan 9 17:20:10 GMT+0200 2020 [INFO] Client said: 34: [null, "o.gr", {gid: "sn1", lid: "salon"}]
Thu Jan 9 17:20:10 GMT+0200 2020 [INFO] Client said: 17: ["park_p1_1"]
Thu Jan 9 17:20:02 GMT+0200 2020 [INFO] Server said: 34: ["cp.cht.sm", {rid: "park_p1_1", msg: {tp: "chatTextMessage", msg: "го", cid: null, sid: "258", mid: null, tag: null}}]
Thu Jan 9 17:20:02 GMT+0200 2020 [INFO] Server said: 34: ["cp.cht.sm", {rid: "park_p1_1", msg: {tp: "chatTypingMessage", sid: "258", cid: null}}]
Thu Jan 9 17:19:46 GMT+0200 2020 [INFO] Server said: 34: ["cp.cht.sm", {rid: "park_p1_1", msg: {tp: "chatTextMessage", msg: "го сомной?", cid: null, sid: "40", mid: null, tag: null}}]
Thu Jan 9 17:19:45 GMT+0200 2020 [INFO] Client said: 34: [null, "cp.cht.sm", {rid: "park_p1_1", msg: {tp: "chatTextMessage", msg: "го сомной?", cid: null, sid: "40", mid: null, tag: null}}]
Thu Jan 9 17:19:44 GMT+0200 2020 [INFO] Server said: 34: ["cp.cht.sm", {rid: "park_p1_1", msg: {tp: "chatTypingMessage", sid: "40", cid: null}}]
Thu Jan 9 17:19:44 GMT+0200 2020 [INFO] Client said: 34: [null, "cp.cht.sm", {rid: "park_p1_1", msg: {tp: "chatTypingMessage", sid: "40", cid: null}}]
Thu Jan 9 17:19:41 GMT+0200 2020 [INFO] Server said: 34: ["cp.cht.sm", {rid: "park_p1_1", msg: {tp: "chatTypingMessage", sid: "40", cid: null}}]
Thu Jan 9 17:19:41 GMT+0200 2020 [INFO] Client said: 34: [null, "cp.cht.sm", {rid: "park_p1_1", msg: {tp: "chatTypingMessage", sid: "40", cid: null}}]
Thu Jan 9 17:19:40 GMT+0200 2020 [INFO] Server said: 34: ["cp.cht.sm", {rid: "park_p1_1", msg: {tp: "chatTextMessage", msg: "сейчас пйду", cid: null, sid: "40", mid: null, tag: null}}]
Thu Jan 9 17:19:39 GMT+0200 2020 [INFO] Client said: 34: [null, "cp.cht.sm", {rid: "park_p1_1", msg: {tp: "chatTextMessage", msg: "сейчас пйду", cid: null, sid: "40", mid: null, tag: null}}]
Thu Jan 9 17:19:38 GMT+0200 2020 [INFO] Server said: 34: ["cp.cht.sm", {rid: "park_p1_1", msg: {tp: "chatTypingMessage", sid: "40", cid: null}}]
Thu Jan 9 17:19:38 GMT+0200 2020 [INFO] Client said: 34: [null, "cp.cht.sm", {rid: "park_p1_1", msg: {tp: "chatTypingMessage", sid: "40", cid: null}}]
Thu Jan 9 17:19:35 GMT+0200 2020 [INFO] Server said: 34: ["cp.cht.sm", {rid: "park_p1_1", msg: {tp: "chatTypingMessage", sid: "40", cid: null}}]
Thu Jan 9 17:19:35 GMT+0200 2020 [INFO] Client said: 34: [null, "cp.cht.sm", {rid: "park_p1_1", msg: {tp: "chatTypingMessage", sid: "40", cid: null}}]
Thu Jan 9 17:19:23 GMT+0200 2020 [INFO] Server said: 34: ["cp.cht.sm", {rid: "park_p1_1", msg: {tp: "chatTextMessage", msg: "как хочешь", cid: null, sid: "258", mid: null, tag: null}}]
Thu Jan 9 17:19:22 GMT+0200 2020 [INFO] Server said: 34: ["cp.cht.sm", {rid: "park_p1_1", msg: {tp: "chatTypingMessage", sid: "258", cid: null}}]
Thu Jan 9 17:19:19 GMT+0200 2020 [INFO] Server said: 34: ["cp.cht.sm", {rid: "park_p1_1", msg: {tp: "chatTextMessage", msg: "хз", cid: null, sid: "258", mid: null, tag: null}}]
Thu Jan 9 17:19:06 GMT+0200 2020 [INFO] Server said: 34: ["cp.cht.sm", {rid: "park_p1_1", msg: {tp: "chatTextMessage", msg: "или ейчас?", cid: null, sid: "40", mid: null, tag: null}}]
Thu Jan 9 17:19:06 GMT+0200 2020 [INFO] Client said: 34: [null, "cp.cht.sm", {rid: "park_p1_1", msg: {tp: "chatTextMessage", msg: "или ейчас?", cid: null, sid: "40", mid: null, tag: null}}]
Thu Jan 9 17:19:05 GMT+0200 2020 [INFO] Server said: 34: ["cp.cht.sm", {rid: "park_p1_1", msg: {tp: "chatTypingMessage", sid: "40", cid: null}}]
Thu Jan 9 17:19:05 GMT+0200 2020 [INFO] Client said: 34: [null, "cp.cht.sm", {rid: "park_p1_1", msg: {tp: "chatTypingMessage", sid: "40", cid: null}}]
Thu Jan 9 17:19:02 GMT+0200 2020 [INFO] Server said: 34: ["cp.cht.sm", {rid: "park_p1_1", msg: {tp: "chatTypingMessage", sid: "40", cid: null}}]
Thu Jan 9 17:19:02 GMT+0200 2020 [INFO] Client said: 34: [null, "cp.cht.sm", {rid: "park_p1_1", msg: {tp: "chatTypingMessage", sid: "40", cid: null}}]
Thu Jan 9 17:19:00 GMT+0200 2020 [INFO] Server said: 34: ["cp.cht.sm", {rid: "park_p1_1", msg: {tp: "chatTextMessage", msg: "скоро", cid: null, sid: "40", mid: null, tag: null}}]
Thu Jan 9 17:18:58 GMT+0200 2020 [INFO] Client said: 34: [null, "cp.cht.sm", {rid: "park_p1_1", msg: {tp: "chatTextMessage", msg: "скоро", cid: null, sid: "40", mid: null, tag: null}}]
Thu Jan 9 17:18:55 GMT+0200 2020 [INFO] Server said: 34: ["cp.cht.sm", {rid: "park_p1_1", msg: {tp: "chatTextMessage", msg: "я поминяю его ", cid: null, sid: "40", mid: null, tag: null}}]
Thu Jan 9 17:18:54 GMT+0200 2020 [INFO] Client said: 34: [null, "cp.cht.sm", {rid: "park_p1_1", msg: {tp: "chatTextMessage", msg: "я поминяю его ", cid: null, sid: "40", mid: null, tag: null}}]