ClientError: Thu Jan 9 16:05:50 GMT+0200 2020 [CRITICAL] [salon] *Uncaught Error* ErrorId: 1009 ErrorName: TypeError ErrorMessage:Error #1009 ErrorStackTrace:TypeError: Error #1009
	at _-0eV::RoomMemberContainer/addAvatar()
	at _-PQ::BaseRoomScreen/addAvatar()
	at _-PQ::BaseRoomScreen/onRefreshAvatar()
	at flash.events::EventDispatcher/dispatchEvent()
	at _-2CM::BaseRoomNetManager/onRefreshAvatar()
	at flash.events::EventDispatcher/dispatchEvent()
	at ags::_-2t/_-2dI()
	at flash.events::EventDispatcher/dispatchEvent()
	at _-0en::_-0O8/_-1LF()
	at _-0en::_-0O8/execute()
	at ags::AGSClient/_-0i9()
	at ags::AGSClient/_-2ZF()
	at ags::AGSClient/_-2Ea()
Thu Jan 9 16:05:50 GMT+0200 2020 [INFO] Server said: 34: ["o.r.ra", {plr: {uid: "85", clths: {clths: [{tpid: "gShsPsln11", clid: null}, {tpid: "girlNY20VKGiftPllvDr", clid: null}, {tpid: "girlPntsNY20Gld", clid: null}]}, locinfo: {x: 10.72, s: "127.0.0.1", st: 23, y: 16.03, l: "salon_sn1_1", at: "", d: 4, shlc: true, pl: ""}, pf: {pf: {jntr: {pgs: 0, tp: "jntr", l: 20}, phtghr: {pgs: 0, tp: "phtghr", l: 20}, grdnr: {pgs: 0, tp: "grdnr", l: 20}, vsgst: {pgs: 0, tp: "vsgst", l: 20}}}, usrinf: {rl: 0}, apprnc: {nct: 0, sc: 2, ht: 132, et: 33, g: 2, fac: 1, fft: 7, sh: 11, fat: 0, pc: 1, bc: 1, mt: 19, n: "BlAcK cAt", hc: 15, shc: 24, pt: 0, brt: 29, rc: 1, mc: 17, bt: 0, ss: 20, ec: 5, ssc: 4, rg: 0, brc: 2}, ci: {rpt: 0, crst: 0, eml: null, sbid: null, crt: 456, bcld: 0, ysct: 0, actrp: 0, vfgc: 0, hrt: 233, ys: 0, trid: "freelanceMicrophone", pamns: {amn: []}, kyktid: null, shousd: false, dr: true, fak: null, gtrfrd: 0, vsact: true, actrd: 0, compid: 0, ceid: 0, gdc: 0, shcr: true, strfrd: 0, lgt: 0, fexp: 0, as: null, cmid: 0, vret: 0, rtrtm: 0, actrt: 0, lwts: 0, lrnt: 0, lvt: 1578578693, plcmt: {}, spp: 0, vip: true, vsexp: 1965298000, tts: null, vexp: 1965298000, trcd: 0, exp: 85800, sbrt: 0, skid: null, skrt: 0}, mbm: {ac: null, sk: "blackMobileSkin"}}}]
Thu Jan 9 16:05:50 GMT+0200 2020 [INFO] Server said: 34: ["o.r.u", {uid: "36", x: 14.3, y: 18.36, at: "danceGirl3", st: 3, d: 3}]
Thu Jan 9 16:05:48 GMT+0200 2020 [INFO] Server said: 34: ["o.r.m", {uid: "25", sx: 7.95, dy: 12.03, sy: 9.52, dx: 10.41}]
Thu Jan 9 16:05:48 GMT+0200 2020 [INFO] Server said: 34: ["o.r.u", {uid: "36", x: 14.3, y: 18.36, at: "danceGirl1", st: 3, d: 3}]
Thu Jan 9 16:05:45 GMT+0200 2020 [INFO] Server said: 34: ["o.r.u", {uid: "123", x: 9.05, st: 23, at: "", y: 12.78, d: 3}]
Thu Jan 9 16:05:45 GMT+0200 2020 [INFO] Server said: 34: ["o.r.u", {uid: "36", x: 14.3, y: 18.36, at: "danceGirl1", st: 3, d: 3}]
Thu Jan 9 16:05:43 GMT+0200 2020 [INFO] Server said: 34: ["o.r.u", {uid: "25", x: 7.95, at: "", st: 23, y: 9.52, d: 6}]
Thu Jan 9 16:05:42 GMT+0200 2020 [INFO] Server said: 34: ["o.r.u", {uid: "36", x: 14.3, y: 18.36, at: "danceGirl4", st: 3, d: 3}]
Thu Jan 9 16:05:42 GMT+0200 2020 [INFO] Server said: 34: ["o.r.m", {uid: "123", sx: 6.33, dy: 12.78, sy: 12.25, dx: 9.05}]
Thu Jan 9 16:05:42 GMT+0200 2020 [INFO] Server said: 34: ["o.r.u", {uid: "258", x: 9.95, y: 13.7, at: "", st: 23, d: 5}]
Thu Jan 9 16:05:41 GMT+0200 2020 [INFO] Client said: 34: ["salon_sn1_1", "o.r.info", {rid: "sn1"}]
Thu Jan 9 16:05:41 GMT+0200 2020 [INFO] Server said: 34: ["o.gr", {rid: "salon_sn1_1"}]
Thu Jan 9 16:05:41 GMT+0200 2020 [INFO] Server said: 34: ["o.r.u", {uid: "36", x: 14.3, y: 18.36, at: "", st: 23, d: 3}]
Thu Jan 9 16:05:40 GMT+0200 2020 [INFO] Server said: 34: ["o.r.m", {uid: "25", sx: 9.69, dy: 9.52, sy: 9.94, dx: 7.95}]
Thu Jan 9 16:05:39 GMT+0200 2020 [INFO] Server said: 34: ["o.r.m", {uid: "258", sx: 11.05, sy: 11.06, dy: 13.7, dx: 9.95}]
Thu Jan 9 16:05:39 GMT+0200 2020 [INFO] Server said: 34: ["o.r.m", {uid: "36", sx: 13.25, sy: 16.72, dx: 14.3, dy: 18.36}]
Thu Jan 9 16:05:38 GMT+0200 2020 [INFO] Server said: 34: ["o.r.ra", {plr: {uid: "123", clths: {clths: [{tpid: "girlShirt12", clid: null}, {tpid: "girlShoes14", clid: null}, {tpid: "girlPants9", clid: null}]}, locinfo: {x: 6.33, s: "127.0.0.1", st: 23, y: 12.25, l: "salon_sn1_1", at: "", d: 4, shlc: true, pl: ""}, pf: {pf: {jntr: {pgs: 0, tp: "jntr", l: 20}, phtghr: {pgs: 0, tp: "phtghr", l: 20}, grdnr: {pgs: 0, tp: "grdnr", l: 20}, vsgst: {pgs: 0, tp: "vsgst", l: 20}}}, usrinf: {rl: 0}, apprnc: {nct: 0, sc: 1, ht: 125, et: 38, g: 2, fac: 1, fft: 2, sh: 24, fat: 0, pc: 1, bc: 1, mt: 19, n: "Pariska", hc: 8, shc: 12, pt: 0, brt: 5, rc: 1, mc: 14, bt: 0, ss: 0, ec: 16, ssc: 1, rg: 0, brc: 3}, ci: {rpt: 0, crst: 0, eml: null, sbid: null, crt: 10, bcld: 0, ysct: 0, actrp: 0, vfgc: 0, hrt: 174, ys: 0, trid: "freelanceMicrophone", pamns: {amn: []}, kyktid: null, shousd: false, dr: true, fak: null, gtrfrd: 0, vsact: true, actrd: 0, compid: 0, ceid: 0, gdc: 0, shcr: true, strfrd: 0, lgt: 0, fexp: 0, as: null, cmid: 0, vret: 0, rtrtm: 0, actrt: 0, lwts: 0, lrnt: 0, lvt: 1578578381, plcmt: {}, spp: 0, vip: true, vsexp: 1965298000, tts: null, vexp: 1965298000, trcd: 0, exp: 85800, sbrt: 0, skid: null, skrt: 0}, mbm: {ac: null, sk: "blackMobileSkin"}}}]
Thu Jan 9 16:05:38 GMT+0200 2020 [INFO] Server said: 34: ["o.r.u", {uid: "25", x: 9.69, at: "", st: 23, y: 9.94, d: 4}]
Thu Jan 9 16:05:36 GMT+0200 2020 [INFO] Server said: 34: ["o.r.m", {uid: "25", sx: 9.55, dy: 9.94, sy: 8.11, dx: 9.69}]
Thu Jan 9 16:05:36 GMT+0200 2020 [INFO] Server said: 34: ["o.r.m", {uid: "36", sx: 13.19, sy: 16.63, dx: 14.3, dy: 18.36}]
Thu Jan 9 16:05:36 GMT+0200 2020 [INFO] Server said: 16: ["salon_sn1_1", "21"]
Thu Jan 9 16:05:36 GMT+0200 2020 [INFO] Server said: 34: ["o.r.jn", {plr: {uid: "21", clths: {clths: [{tpid: "grlRfwrNckl", clid: null}, {tpid: "girlLcsJrnl", clid: null}, {tpid: "girlTShrtLc", clid: null}, {tpid: "girlErrIris", clid: null}, {tpid: "grlBtsPrfClr", clid: null}, {tpid: "girlSktCell", clid: null}]}, locinfo: {x: -1, s: "127.0.0.1", st: 0, y: -1, l: "salon_sn1_1", at: "", d: 4, shlc: true, pl: ""}, pf: {pf: {jntr: {pgs: 0, tp: "jntr", l: 20}, phtghr: {pgs: 0, tp: "phtghr", l: 20}, grdnr: {pgs: 0, tp: "grdnr", l: 20}, vsgst: {pgs: 0, tp: "vsgst", l: 20}}}, usrinf: {rl: 0}, apprnc: {nct: 0, sc: 1, ht: 106, et: 3, g: 2, fac: 1, fft: 0, sh: 0, fat: 0, pc: 1, bc: 1, mt: 6, n: "lipsius", hc: 6, shc: 1, pt: 0, brt: 4, rc: 1, mc: 4, bt: 0, ss: 0, ec: 4, ssc: 1, rg: 0, brc: 2}, ci: {rpt: 0, crst: 0, eml: null, sbid: null, crt: 55914, bcld: 0, ysct: 0, actrp: 0, vfgc: 0, hrt: 374, ys: 0, trid: null, pamns: {amn: []}, kyktid: null, shousd: false, dr: true, fak: null, gtrfrd: 0, vsact: true, actrd: 0, compid: 0, ceid: 0, gdc: 0, shcr: true, strfrd: 0, lgt: 0, fexp: 0, as: null, cmid: 0, vret: 0, rtrtm: 0, actrt: 0, lwts: 0, lrnt: 0, lvt: 1578578743, plcmt: {}, spp: 0, vip: true, vsexp: 1965298000, tts: null, vexp: 1965298000, trcd: 0, exp: 85800, sbrt: 0, skid: null, skrt: 0}, mbm: {ac: null, sk: "blackMobileSkin"}}}]
Thu Jan 9 16:05:36 GMT+0200 2020 [INFO] Server said: 34: ["o.r.m", {uid: "258", sx: 9.05, sy: 7.37, dy: 12.05, dx: 11.61}]
Thu Jan 9 16:05:35 GMT+0200 2020 [INFO] Server said: 34: ["o.r.m", {uid: "230", sx: 8.69, dx: 7.48, dy: 11.17, sy: 9.75}]
Thu Jan 9 16:05:34 GMT+0200 2020 [INFO] Server said: 34: ["o.r.m", {uid: "230", sx: 8.69, dx: 8.03, dy: 11.66, sy: 9.06}]
Thu Jan 9 16:05:33 GMT+0200 2020 [INFO] Server said: 34: ["o.r.u", {uid: "25", x: 9.55, at: "", st: 23, y: 8.11, d: 0}]
Thu Jan 9 16:05:33 GMT+0200 2020 [INFO] Server said: 34: ["o.r.ra", {plr: {uid: "85", clths: {clths: [{tpid: "gShsPsln11", clid: null}, {tpid: "girlNY20VKGiftPllvDr", clid: null}, {tpid: "girlPntsNY20Gld", clid: null}]}, locinfo: {x: 10.72, s: "127.0.0.1", st: 23, y: 16.03, l: "salon_sn1_1", at: "", d: 4, shlc: true, pl: ""}, pf: {pf: {jntr: {pgs: 0, tp: "jntr", l: 20}, phtghr: {pgs: 0, tp: "phtghr", l: 20}, grdnr: {pgs: 0, tp: "grdnr", l: 20}, vsgst: {pgs: 0, tp: "vsgst", l: 20}}}, usrinf: {rl: 0}, apprnc: {nct: 0, sc: 2, ht: 132, et: 33, g: 2, fac: 1, fft: 7, sh: 11, fat: 0, pc: 1, bc: 1, mt: 19, n: "BlAcK cAt", hc: 15, shc: 24, pt: 0, brt: 29, rc: 1, mc: 17, bt: 0, ss: 20, ec: 5, ssc: 4, rg: 0, brc: 2}, ci: {rpt: 0, crst: 0, eml: null, sbid: null, crt: 456, bcld: 0, ysct: 0, actrp: 0, vfgc: 0, hrt: 233, ys: 0, trid: "freelanceMicrophone", pamns: {amn: []}, kyktid: null, shousd: false, dr: true, fak: null, gtrfrd: 0, vsact: true, actrd: 0, compid: 0, ceid: 0, gdc: 0, shcr: true, strfrd: 0, lgt: 0, fexp: 0, as: null, cmid: 0, vret: 0, rtrtm: 0, actrt: 0, lwts: 0, lrnt: 0, lvt: 1578578693, plcmt: {}, spp: 0, vip: true, vsexp: 1965298000, tts: null, vexp: 1965298000, trcd: 0, exp: 85800, sbrt: 0, skid: null, skrt: 0}, mbm: {ac: null, sk: "blackMobileSkin"}}}]
Thu Jan 9 16:05:32 GMT+0200 2020 [INFO] Server said: 34: ["o.r.u", {uid: "36", x: 13.19, y: 16.63, at: "", st: 23, d: 7}]
Thu Jan 9 16:05:30 GMT+0200 2020 [INFO] Server said: 34: ["o.r.m", {uid: "36", sx: 14.14, sy: 18.83, dx: 13.19, dy: 16.63}]
Thu Jan 9 16:05:30 GMT+0200 2020 [INFO] Server said: 34: ["o.r.m", {uid: "25", sx: 8.39, dy: 8.11, sy: 10.39, dx: 9.55}]
Thu Jan 9 16:05:30 GMT+0200 2020 [INFO] Server said: 34: ["o.r.ra", {plr: {uid: "230", clths: {clths: [{tpid: "girlUnderdress1", clid: null}]}, locinfo: {x: 8.69, s: "127.0.0.1", st: 23, y: 9.06, l: "salon_sn1_1", at: "", d: 4, shlc: true, pl: ""}, pf: {pf: {jntr: {pgs: 0, tp: "jntr", l: 20}, phtghr: {pgs: 0, tp: "phtghr", l: 20}, grdnr: {pgs: 0, tp: "grdnr", l: 20}, vsgst: {pgs: 0, tp: "vsgst", l: 20}}}, usrinf: {rl: 0}, apprnc: {nct: 0, sc: 2, ht: 125, et: 38, g: 2, fac: 1, fft: 7, sh: 25, fat: 0, pc: 1, bc: 1, mt: 31, n: "Жру Камень", hc: 6, shc: 15, pt: 0, brt: 32, rc: 1, mc: 29, bt: 0, ss: 0, ec: 31, ssc: 1, rg: 0, brc: 2}, ci: {rpt: 0, crst: 0, eml: null, sbid: null, crt: 950, bcld: 0, ysct: 0, actrp: 0, vfgc: 0, hrt: 174, ys: 0, trid: "freelanceModerator", pamns: {amn: []}, kyktid: null, shousd: false, dr: true, fak: null, gtrfrd: 0, vsact: true, actrd: 0, compid: 0, ceid: 0, gdc: 0, shcr: true, strfrd: 0, lgt: 0, fexp: 0, as: null, cmid: 0, vret: 0, rtrtm: 0, actrt: 0, lwts: 0, lrnt: 0, lvt: 1578578548, plcmt: {}, spp: 0, vip: true, vsexp: 1965298000, tts: null, vexp: 1965298000, trcd: 0, exp: 85800, sbrt: 0, skid: null, skrt: 0}, mbm: {ac: null, sk: "blackMobileSkin"}}}]
Thu Jan 9 16:05:28 GMT+0200 2020 [INFO] Server said: 34: ["o.r.ra", {plr: {uid: "123", clths: {clths: [{tpid: "girlShirt12", clid: null}, {tpid: "girlShoes14", clid: null}, {tpid: "girlPants9", clid: null}]}, locinfo: {x: 6.33, s: "127.0.0.1", st: 23, y: 12.25, l: "salon_sn1_1", at: "", d: 4, shlc: true, pl: ""}, pf: {pf: {jntr: {pgs: 0, tp: "jntr", l: 20}, phtghr: {pgs: 0, tp: "phtghr", l: 20}, grdnr: {pgs: 0, tp: "grdnr", l: 20}, vsgst: {pgs: 0, tp: "vsgst", l: 20}}}, usrinf: {rl: 0}, apprnc: {nct: 0, sc: 1, ht: 125, et: 38, g: 2, fac: 1, fft: 2, sh: 24, fat: 0, pc: 1, bc: 1, mt: 19, n: "Pariska", hc: 8, shc: 12, pt: 0, brt: 5, rc: 1, mc: 14, bt: 0, ss: 0, ec: 16, ssc: 1, rg: 0, brc: 3}, ci: {rpt: 0, crst: 0, eml: null, sbid: null, crt: 10, bcld: 0, ysct: 0, actrp: 0, vfgc: 0, hrt: 174, ys: 0, trid: "freelanceMicrophone", pamns: {amn: []}, kyktid: null, shousd: false, dr: true, fak: null, gtrfrd: 0, vsact: true, actrd: 0, compid: 0, ceid: 0, gdc: 0, shcr: true, strfrd: 0, lgt: 0, fexp: 0, as: null, cmid: 0, vret: 0, rtrtm: 0, actrt: 0, lwts: 0, lrnt: 0, lvt: 1578578381, plcmt: {}, spp: 0, vip: true, vsexp: 1965298000, tts: null, vexp: 1965298000, trcd: 0, exp: 85800, sbrt: 0, skid: null, skrt: 0}, mbm: {ac: null, sk: "blackMobileSkin"}}}]
Thu Jan 9 16:05:27 GMT+0200 2020 [INFO] Server said: 34: ["o.r.ra", {plr: {uid: "258", clths: {clths: [{tpid: "boyShirt14", clid: null}, {tpid: "boyShoes8", clid: null}, {tpid: "boyPants10", clid: null}]}, locinfo: {x: 9.05, s: "127.0.0.1", st: 0, y: 7.37, l: "salon_sn1_1", at: "", d: 4, shlc: true, pl: ""}, pf: {pf: {jntr: {pgs: 0, tp: "jntr", l: 20}, phtghr: {pgs: 0, tp: "phtghr", l: 20}, grdnr: {pgs: 0, tp: "grdnr", l: 20}, vsgst: {pgs: 0, tp: "vsgst", l: 20}}}, usrinf: {rl: 0}, apprnc: {nct: 0, sc: 2, ht: 85, et: 18, g: 1, fac: 1, fft: 0, sh: 0, fat: 0, pc: 1, bc: 1, mt: 23, n: ".ЕНОТ.", hc: 23, shc: 1, pt: 0, brt: 6, rc: 1, mc: 3, bt: 0, ss: 0, ec: 25, ssc: 1, rg: 0, brc: 5}, ci: {rpt: 0, crst: 0, eml: null, sbid: null, crt: 18, bcld: 0, ysct: 0, actrp: 0, vfgc: 0, hrt: 174, ys: 0, trid: null, pamns: {amn: []}, kyktid: null, shousd: false, dr: true, fak: null, gtrfrd: 0, vsact: true, actrd: 0, compid: 0, ceid: 0, gdc: 0, shcr: true, strfrd: 0, lgt: 0, fexp: 0, as: null, cmid: 0, vret: 0, rtrtm: 0, actrt: 0, lwts: 0, lrnt: 0, lvt: 1578578832, plcmt: {}, spp: 0, vip: true, vsexp: 1965298000, tts: null, vexp: 1965298000, trcd: 0, exp: 85800, sbrt: 0, skid: null, skrt: 0}, mbm: {ac: null, sk: "blackMobileSkin"}}}]
Thu Jan 9 15:58:20 GMT+0200 2020 [INFO] Client said: 34: [null, "o.gr", {lid: "salon", gid: "sn1"}]
Thu Jan 9 15:58:20 GMT+0200 2020 [INFO] Server said: 1: ["21", true, false, false]
Thu Jan 9 15:57:49 GMT+0200 2020 [INFO] Client said: 1: ["street", "21", "pcrBJQFjoEGjSclFcWBq", {clvrn: "84.0.4", v: 2}]
Thu Jan 9 15:57:48 GMT+0200 2020 [INFO] Client said: 2: []
Thu Jan 9 15:57:48 GMT+0200 2020 [INFO] Loaded  LoadingItem(url: http://62.113.113.58:8080/files/swf/Salon_1fe14ef0cdf189794ef74d591993d3f5.swf, status: 2) 